<?xml version="1.0" encoding="UTF-8"?>
<testsuite name="com.cedarsoft.zip.ZipTest" tests="4" skipped="0" failures="0" errors="0" timestamp="2021-01-27T03:21:29" hostname="runner-pgnkb89--project-47-concurrent-0" time="0.077">
  <properties/>
  <testcase name="testDirectoryCanonical(File)" classname="com.cedarsoft.zip.ZipTest" time="0.028"/>
  <testcase name="testFile(File)" classname="com.cedarsoft.zip.ZipTest" time="0.009"/>
  <testcase name="testDirectory(File)" classname="com.cedarsoft.zip.ZipTest" time="0.02"/>
  <testcase name="testFileCanonical(File)" classname="com.cedarsoft.zip.ZipTest" time="0.006"/>
  <system-out><![CDATA[]]></system-out>
  <system-err><![CDATA[]]></system-err>
</testsuite>
