<?xml version="1.0" encoding="UTF-8"?>
<testsuite name="com.cedarsoft.zip.PathBasedClassFieldConditionTest" tests="1" skipped="0" failures="0" errors="0" timestamp="2021-12-03T03:09:37" hostname="runner-ioxloixu-project-47-concurrent-0" time="0.098">
  <properties/>
  <testcase name="testIt()" classname="com.cedarsoft.zip.PathBasedClassFieldConditionTest" time="0.098"/>
  <system-out><![CDATA[]]></system-out>
  <system-err><![CDATA[]]></system-err>
</testsuite>
