<?xml version="1.0" encoding="UTF-8"?>
<testsuite name="com.cedarsoft.zip.ZipCreatorTest" tests="2" skipped="0" failures="0" errors="0" timestamp="2021-06-26T02:06:04" hostname="runner-cs1zem-v-project-47-concurrent-0" time="0.778">
  <properties/>
  <testcase name="testIt(TemporaryFolder)" classname="com.cedarsoft.zip.ZipCreatorTest" time="0.732"/>
  <testcase name="testCondition(TemporaryFolder)" classname="com.cedarsoft.zip.ZipCreatorTest" time="0.043"/>
  <system-out><![CDATA[]]></system-out>
  <system-err><![CDATA[]]></system-err>
</testsuite>
