<?xml version="1.0" encoding="UTF-8"?>
<testsuite name="com.cedarsoft.zip.PathBasedClassFieldConditionTest" tests="1" skipped="0" failures="0" errors="0" timestamp="2021-01-22T03:22:47" hostname="runner-kggansxr-project-47-concurrent-0" time="0.15">
  <properties/>
  <testcase name="testIt()" classname="com.cedarsoft.zip.PathBasedClassFieldConditionTest" time="0.15"/>
  <system-out><![CDATA[]]></system-out>
  <system-err><![CDATA[]]></system-err>
</testsuite>
