<?xml version="1.0" encoding="UTF-8"?>
<testsuite name="com.cedarsoft.zip.ZipTest" tests="4" skipped="0" failures="0" errors="0" timestamp="2021-09-23T02:06:01" hostname="runner-cs1zem-v-project-47-concurrent-0" time="0.234">
  <properties/>
  <testcase name="testDirectoryCanonical(File)" classname="com.cedarsoft.zip.ZipTest" time="0.194"/>
  <testcase name="testFile(File)" classname="com.cedarsoft.zip.ZipTest" time="0.01"/>
  <testcase name="testDirectory(File)" classname="com.cedarsoft.zip.ZipTest" time="0.002"/>
  <testcase name="testFileCanonical(File)" classname="com.cedarsoft.zip.ZipTest" time="0.025"/>
  <system-out><![CDATA[]]></system-out>
  <system-err><![CDATA[]]></system-err>
</testsuite>
