<?xml version="1.0" encoding="UTF-8"?>
<testsuite name="com.cedarsoft.zip.ZipTest" tests="4" skipped="0" failures="0" errors="0" timestamp="2021-02-07T03:23:35" hostname="runner-kggansxr-project-47-concurrent-0" time="0.06">
  <properties/>
  <testcase name="testDirectoryCanonical(File)" classname="com.cedarsoft.zip.ZipTest" time="0.027"/>
  <testcase name="testFile(File)" classname="com.cedarsoft.zip.ZipTest" time="0.007"/>
  <testcase name="testDirectory(File)" classname="com.cedarsoft.zip.ZipTest" time="0.009"/>
  <testcase name="testFileCanonical(File)" classname="com.cedarsoft.zip.ZipTest" time="0.009"/>
  <system-out><![CDATA[]]></system-out>
  <system-err><![CDATA[]]></system-err>
</testsuite>
