<?xml version="1.0" encoding="UTF-8"?>
<testsuite name="com.cedarsoft.zip.PathBasedClassFieldConditionTest" tests="1" skipped="0" failures="0" errors="0" timestamp="2021-07-26T02:09:16" hostname="runner-kggansxr-project-47-concurrent-0" time="0.225">
  <properties/>
  <testcase name="testIt()" classname="com.cedarsoft.zip.PathBasedClassFieldConditionTest" time="0.225"/>
  <system-out><![CDATA[]]></system-out>
  <system-err><![CDATA[]]></system-err>
</testsuite>
