<?xml version="1.0" encoding="UTF-8"?>
<testsuite name="com.cedarsoft.zip.ZipCreatorTest" tests="2" skipped="0" failures="0" errors="0" timestamp="2021-08-19T02:09:01" hostname="runner-kggansxr-project-47-concurrent-0" time="0.696">
  <properties/>
  <testcase name="testIt(TemporaryFolder)" classname="com.cedarsoft.zip.ZipCreatorTest" time="0.684"/>
  <testcase name="testCondition(TemporaryFolder)" classname="com.cedarsoft.zip.ZipCreatorTest" time="0.011"/>
  <system-out><![CDATA[]]></system-out>
  <system-err><![CDATA[]]></system-err>
</testsuite>
