<?xml version="1.0" encoding="UTF-8"?>
<testsuite name="com.cedarsoft.concurrent.AwaitTest" tests="1" skipped="0" failures="0" errors="0" timestamp="2021-01-12T21:06:59" hostname="runner-kggansxr-project-47-concurrent-0" time="0.123">
  <properties/>
  <testcase name="checkThreadsLeft()" classname="com.cedarsoft.concurrent.AwaitTest" time="0.123"/>
  <system-out><![CDATA[]]></system-out>
  <system-err><![CDATA[]]></system-err>
</testsuite>
