<?xml version="1.0" encoding="UTF-8"?>
<testsuite name="com.cedarsoft.commons.concurrent.GuardedByLockTest" tests="1" skipped="0" failures="0" errors="0" timestamp="2021-02-12T03:22:05" hostname="runner-pgnkb89--project-47-concurrent-0" time="0.209">
  <properties/>
  <testcase name="testSimple$concurrent()" classname="com.cedarsoft.commons.concurrent.GuardedByLockTest" time="0.209"/>
  <system-out><![CDATA[]]></system-out>
  <system-err><![CDATA[]]></system-err>
</testsuite>
