<?xml version="1.0" encoding="UTF-8"?>
<testsuite name="com.cedarsoft.concurrent.MultiLockTest" tests="1" skipped="0" failures="0" errors="0" timestamp="2021-02-07T03:22:34" hostname="runner-kggansxr-project-47-concurrent-0" time="0.022">
  <properties/>
  <testcase name="testBasic()" classname="com.cedarsoft.concurrent.MultiLockTest" time="0.022"/>
  <system-out><![CDATA[]]></system-out>
  <system-err><![CDATA[]]></system-err>
</testsuite>
