<?xml version="1.0" encoding="UTF-8"?>
<testsuite name="com.cedarsoft.concurrent.AsyncTest" tests="2" skipped="1" failures="0" errors="0" timestamp="2022-01-17T03:09:38" hostname="runner-ioxloixu-project-47-concurrent-0" time="0.201">
  <properties/>
  <testcase name="testException()" classname="com.cedarsoft.concurrent.AsyncTest" time="0.006">
    <skipped/>
  </testcase>
  <testcase name="basic()" classname="com.cedarsoft.concurrent.AsyncTest" time="0.187"/>
  <system-out><![CDATA[]]></system-out>
  <system-err><![CDATA[]]></system-err>
</testsuite>
