<?xml version="1.0" encoding="UTF-8"?>
<testsuite name="com.cedarsoft.concurrent.NamedThreadFactoryTest" tests="1" skipped="0" failures="0" errors="0" timestamp="2021-08-17T02:05:38" hostname="runner-cs1zem-v-project-47-concurrent-0" time="0.055">
  <properties/>
  <testcase name="simple()" classname="com.cedarsoft.concurrent.NamedThreadFactoryTest" time="0.055"/>
  <system-out><![CDATA[]]></system-out>
  <system-err><![CDATA[]]></system-err>
</testsuite>
