<?xml version="1.0" encoding="UTF-8"?>
<testsuite name="com.cedarsoft.concurrent.MultiReadWriteLockTest" tests="2" skipped="0" failures="0" errors="0" timestamp="2021-08-19T02:07:08" hostname="runner-kggansxr-project-47-concurrent-0" time="0.672">
  <properties/>
  <testcase name="testEmpty()" classname="com.cedarsoft.concurrent.MultiReadWriteLockTest" time="0.622"/>
  <testcase name="testWriteLock()" classname="com.cedarsoft.concurrent.MultiReadWriteLockTest" time="0.031"/>
  <system-out><![CDATA[]]></system-out>
  <system-err><![CDATA[]]></system-err>
</testsuite>
