<?xml version="1.0" encoding="UTF-8"?>
<testsuite name="com.cedarsoft.concurrent.NamedThreadFactoryTest" tests="1" skipped="0" failures="0" errors="0" timestamp="2021-02-09T03:21:57" hostname="runner-pgnkb89--project-47-concurrent-0" time="0.043">
  <properties/>
  <testcase name="simple()" classname="com.cedarsoft.concurrent.NamedThreadFactoryTest" time="0.043"/>
  <system-out><![CDATA[]]></system-out>
  <system-err><![CDATA[]]></system-err>
</testsuite>
