<?xml version="1.0" encoding="UTF-8"?>
<testsuite name="com.cedarsoft.concurrent.MultiLockTest" tests="1" skipped="0" failures="0" errors="0" timestamp="2021-02-08T03:21:46" hostname="runner-pgnkb89--project-47-concurrent-0" time="0.039">
  <properties/>
  <testcase name="testBasic()" classname="com.cedarsoft.concurrent.MultiLockTest" time="0.039"/>
  <system-out><![CDATA[]]></system-out>
  <system-err><![CDATA[]]></system-err>
</testsuite>
