<?xml version="1.0" encoding="UTF-8"?>
<testsuite name="com.cedarsoft.concurrent.MultiReadWriteLockTest" tests="2" skipped="0" failures="0" errors="0" timestamp="2021-09-06T02:05:34" hostname="runner-cs1zem-v-project-47-concurrent-0" time="0.46">
  <properties/>
  <testcase name="testEmpty()" classname="com.cedarsoft.concurrent.MultiReadWriteLockTest" time="0.395"/>
  <testcase name="testWriteLock()" classname="com.cedarsoft.concurrent.MultiReadWriteLockTest" time="0.065"/>
  <system-out><![CDATA[]]></system-out>
  <system-err><![CDATA[]]></system-err>
</testsuite>
