<?xml version="1.0" encoding="UTF-8"?>
<testsuite name="com.cedarsoft.concurrent.ThreadDeadlockDetectorTest" tests="1" skipped="0" failures="0" errors="0" timestamp="2022-01-12T03:09:35" hostname="runner-cs1zem-v-project-47-concurrent-0" time="0.223">
  <properties/>
  <testcase name="testBasic()" classname="com.cedarsoft.concurrent.ThreadDeadlockDetectorTest" time="0.223"/>
  <system-out><![CDATA[]]></system-out>
  <system-err><![CDATA[]]></system-err>
</testsuite>
