<?xml version="1.0" encoding="UTF-8"?>
<testsuite name="com.cedarsoft.concurrent.NamedThreadFactoryTest" tests="1" skipped="0" failures="0" errors="0" timestamp="2022-01-17T03:09:39" hostname="runner-ioxloixu-project-47-concurrent-0" time="0.097">
  <properties/>
  <testcase name="simple()" classname="com.cedarsoft.concurrent.NamedThreadFactoryTest" time="0.097"/>
  <system-out><![CDATA[]]></system-out>
  <system-err><![CDATA[]]></system-err>
</testsuite>
