<?xml version="1.0" encoding="UTF-8"?>
<testsuite name="com.cedarsoft.concurrent.DefaultNewestOnlyJobManagerTest" tests="3" skipped="0" failures="0" errors="0" timestamp="2021-02-20T03:21:04" hostname="runner-cs1zem-v-project-47-concurrent-0" time="0.59">
  <properties/>
  <testcase name="onlyYoungestJobIsExecuted()" classname="com.cedarsoft.concurrent.DefaultNewestOnlyJobManagerTest" time="0.497"/>
  <testcase name="smoke()" classname="com.cedarsoft.concurrent.DefaultNewestOnlyJobManagerTest" time="0.037"/>
  <testcase name="reproduceDeadLock()" classname="com.cedarsoft.concurrent.DefaultNewestOnlyJobManagerTest" time="0.054"/>
  <system-out><![CDATA[]]></system-out>
  <system-err><![CDATA[]]></system-err>
</testsuite>
