<?xml version="1.0" encoding="UTF-8"?>
<testsuite name="com.cedarsoft.concurrent.AsyncTest" tests="2" skipped="1" failures="0" errors="0" timestamp="2021-01-12T21:06:57" hostname="runner-kggansxr-project-47-concurrent-0" time="0.439">
  <properties/>
  <testcase name="testException()" classname="com.cedarsoft.concurrent.AsyncTest" time="0.003">
    <skipped/>
  </testcase>
  <testcase name="basic()" classname="com.cedarsoft.concurrent.AsyncTest" time="0.428"/>
  <system-out><![CDATA[]]></system-out>
  <system-err><![CDATA[]]></system-err>
</testsuite>
