<?xml version="1.0" encoding="UTF-8"?>
<testsuite name="com.cedarsoft.concurrent.MultiReadWriteLockTest" tests="2" skipped="0" failures="0" errors="0" timestamp="2021-12-11T03:09:30" hostname="runner-ioxloixu-project-47-concurrent-0" time="0.027">
  <properties/>
  <testcase name="testEmpty()" classname="com.cedarsoft.concurrent.MultiReadWriteLockTest" time="0.001"/>
  <testcase name="testWriteLock()" classname="com.cedarsoft.concurrent.MultiReadWriteLockTest" time="0.025"/>
  <system-out><![CDATA[]]></system-out>
  <system-err><![CDATA[]]></system-err>
</testsuite>
