<?xml version="1.0" encoding="UTF-8"?>
<testsuite name="com.cedarsoft.commons.concurrent.GuardedPropertyTest" tests="1" skipped="0" failures="0" errors="0" timestamp="2021-07-27T02:07:16" hostname="runner-kggansxr-project-47-concurrent-0" time="0.038">
  <properties/>
  <testcase name="testIt$concurrent()" classname="com.cedarsoft.commons.concurrent.GuardedPropertyTest" time="0.038"/>
  <system-out><![CDATA[]]></system-out>
  <system-err><![CDATA[]]></system-err>
</testsuite>
