<?xml version="1.0" encoding="UTF-8"?>
<testsuite name="com.cedarsoft.concurrent.DefaultNewestOnlyJobManagerTest" tests="3" skipped="0" failures="0" errors="0" timestamp="2021-11-13T03:09:40" hostname="runner-ioxloixu-project-47-concurrent-0" time="0.18">
  <properties/>
  <testcase name="onlyYoungestJobIsExecuted()" classname="com.cedarsoft.concurrent.DefaultNewestOnlyJobManagerTest" time="0.08"/>
  <testcase name="smoke()" classname="com.cedarsoft.concurrent.DefaultNewestOnlyJobManagerTest" time="0.045"/>
  <testcase name="reproduceDeadLock()" classname="com.cedarsoft.concurrent.DefaultNewestOnlyJobManagerTest" time="0.053"/>
  <system-out><![CDATA[]]></system-out>
  <system-err><![CDATA[]]></system-err>
</testsuite>
