<?xml version="1.0" encoding="UTF-8"?>
<testsuite name="com.cedarsoft.concurrent.MultiLockTest" tests="1" skipped="0" failures="0" errors="0" timestamp="2021-09-29T02:05:41" hostname="runner-cs1zem-v-project-47-concurrent-0" time="0.02">
  <properties/>
  <testcase name="testBasic()" classname="com.cedarsoft.concurrent.MultiLockTest" time="0.02"/>
  <system-out><![CDATA[]]></system-out>
  <system-err><![CDATA[]]></system-err>
</testsuite>
