<?xml version="1.0" encoding="UTF-8"?>
<testsuite name="com.cedarsoft.concurrent.AwaitTest" tests="1" skipped="0" failures="0" errors="0" timestamp="2022-01-03T03:09:44" hostname="runner-cs1zem-v-project-47-concurrent-0" time="0.142">
  <properties/>
  <testcase name="checkThreadsLeft()" classname="com.cedarsoft.concurrent.AwaitTest" time="0.142"/>
  <system-out><![CDATA[]]></system-out>
  <system-err><![CDATA[]]></system-err>
</testsuite>
