<?xml version="1.0" encoding="UTF-8"?>
<testsuite name="com.cedarsoft.concurrent.ThreadDeadlockDetectorTest" tests="1" skipped="0" failures="0" errors="0" timestamp="2022-02-10T17:15:35" hostname="runner-ioxloixu-project-47-concurrent-1" time="0.197">
  <properties/>
  <testcase name="testBasic()" classname="com.cedarsoft.concurrent.ThreadDeadlockDetectorTest" time="0.197"/>
  <system-out><![CDATA[]]></system-out>
  <system-err><![CDATA[]]></system-err>
</testsuite>
