<?xml version="1.0" encoding="UTF-8"?>
<testsuite name="com.cedarsoft.concurrent.DefaultNewestOnlyJobManagerTest" tests="3" skipped="0" failures="0" errors="0" timestamp="2021-09-22T02:05:58" hostname="runner-cs1zem-v-project-47-concurrent-0" time="0.793">
  <properties/>
  <testcase name="onlyYoungestJobIsExecuted()" classname="com.cedarsoft.concurrent.DefaultNewestOnlyJobManagerTest" time="0.692"/>
  <testcase name="smoke()" classname="com.cedarsoft.concurrent.DefaultNewestOnlyJobManagerTest" time="0.054"/>
  <testcase name="reproduceDeadLock()" classname="com.cedarsoft.concurrent.DefaultNewestOnlyJobManagerTest" time="0.045"/>
  <system-out><![CDATA[]]></system-out>
  <system-err><![CDATA[]]></system-err>
</testsuite>
