<?xml version="1.0" encoding="UTF-8"?>
<testsuite name="com.cedarsoft.concurrent.MultiReadWriteLockTest" tests="2" skipped="0" failures="0" errors="0" timestamp="2021-08-01T02:07:25" hostname="runner-kggansxr-project-47-concurrent-0" time="0.695">
  <properties/>
  <testcase name="testEmpty()" classname="com.cedarsoft.concurrent.MultiReadWriteLockTest" time="0.604"/>
  <testcase name="testWriteLock()" classname="com.cedarsoft.concurrent.MultiReadWriteLockTest" time="0.071"/>
  <system-out><![CDATA[]]></system-out>
  <system-err><![CDATA[]]></system-err>
</testsuite>
