<?xml version="1.0" encoding="UTF-8"?>
<testsuite name="com.cedarsoft.concurrent.DefaultNewestOnlyJobManagerTest" tests="3" skipped="0" failures="0" errors="0" timestamp="2021-08-08T02:06:57" hostname="runner-kggansxr-project-47-concurrent-0" time="0.94">
  <properties/>
  <testcase name="onlyYoungestJobIsExecuted()" classname="com.cedarsoft.concurrent.DefaultNewestOnlyJobManagerTest" time="0.848"/>
  <testcase name="smoke()" classname="com.cedarsoft.concurrent.DefaultNewestOnlyJobManagerTest" time="0.036"/>
  <testcase name="reproduceDeadLock()" classname="com.cedarsoft.concurrent.DefaultNewestOnlyJobManagerTest" time="0.054"/>
  <system-out><![CDATA[]]></system-out>
  <system-err><![CDATA[]]></system-err>
</testsuite>
