<?xml version="1.0" encoding="UTF-8"?>
<testsuite name="com.cedarsoft.concurrent.AsyncTest" tests="2" skipped="1" failures="0" errors="0" timestamp="2021-02-12T03:22:04" hostname="runner-pgnkb89--project-47-concurrent-0" time="0.203">
  <properties/>
  <testcase name="testException()" classname="com.cedarsoft.concurrent.AsyncTest" time="0.008">
    <skipped/>
  </testcase>
  <testcase name="basic()" classname="com.cedarsoft.concurrent.AsyncTest" time="0.194"/>
  <system-out><![CDATA[]]></system-out>
  <system-err><![CDATA[]]></system-err>
</testsuite>
