<?xml version="1.0" encoding="UTF-8"?>
<testsuite name="com.cedarsoft.concurrent.NamedThreadFactoryTest" tests="1" skipped="0" failures="0" errors="0" timestamp="2021-07-21T02:07:09" hostname="runner-kggansxr-project-47-concurrent-0" time="0.056">
  <properties/>
  <testcase name="simple()" classname="com.cedarsoft.concurrent.NamedThreadFactoryTest" time="0.056"/>
  <system-out><![CDATA[]]></system-out>
  <system-err><![CDATA[]]></system-err>
</testsuite>
