<?xml version="1.0" encoding="UTF-8"?>
<testsuite name="com.cedarsoft.concurrent.AsyncTest" tests="2" skipped="1" failures="0" errors="0" timestamp="2021-05-18T02:06:05" hostname="runner-cs1zem-v-project-47-concurrent-0" time="0.177">
  <properties/>
  <testcase name="testException()" classname="com.cedarsoft.concurrent.AsyncTest" time="0.007">
    <skipped/>
  </testcase>
  <testcase name="basic()" classname="com.cedarsoft.concurrent.AsyncTest" time="0.169"/>
  <system-out><![CDATA[]]></system-out>
  <system-err><![CDATA[]]></system-err>
</testsuite>
