<?xml version="1.0" encoding="UTF-8"?>
<testsuite name="com.cedarsoft.concurrent.AwaitTest" tests="1" skipped="0" failures="0" errors="0" timestamp="2022-02-10T17:15:34" hostname="runner-ioxloixu-project-47-concurrent-1" time="0.153">
  <properties/>
  <testcase name="checkThreadsLeft()" classname="com.cedarsoft.concurrent.AwaitTest" time="0.153"/>
  <system-out><![CDATA[]]></system-out>
  <system-err><![CDATA[]]></system-err>
</testsuite>
