<?xml version="1.0" encoding="UTF-8"?>
<testsuite name="com.cedarsoft.commons.concurrent.GuardedByLockTest" tests="1" skipped="0" failures="0" errors="0" timestamp="2021-01-24T03:22:21" hostname="runner-kggansxr-project-47-concurrent-0" time="0.192">
  <properties/>
  <testcase name="testSimple$concurrent()" classname="com.cedarsoft.commons.concurrent.GuardedByLockTest" time="0.192"/>
  <system-out><![CDATA[]]></system-out>
  <system-err><![CDATA[]]></system-err>
</testsuite>
