<?xml version="1.0" encoding="UTF-8"?>
<testsuite name="com.cedarsoft.commons.concurrent.GuardedByLockTest" tests="1" skipped="0" failures="0" errors="0" timestamp="2021-03-15T03:05:29" hostname="runner-cs1zem-v-project-47-concurrent-0" time="0.201">
  <properties/>
  <testcase name="testSimple$concurrent()" classname="com.cedarsoft.commons.concurrent.GuardedByLockTest" time="0.201"/>
  <system-out><![CDATA[]]></system-out>
  <system-err><![CDATA[]]></system-err>
</testsuite>
