<?xml version="1.0" encoding="UTF-8"?>
<testsuite name="com.cedarsoft.serialization.VersionMappingTest" tests="9" skipped="0" failures="0" errors="0" timestamp="2022-02-10T17:16:07" hostname="runner-ioxloixu-project-47-concurrent-1" time="0.009">
  <properties/>
  <testcase name="testWriteVersion2()" classname="com.cedarsoft.serialization.VersionMappingTest" time="0.0"/>
  <testcase name="testBasic()" classname="com.cedarsoft.serialization.VersionMappingTest" time="0.0"/>
  <testcase name="testFluentTypicalFaults2()" classname="com.cedarsoft.serialization.VersionMappingTest" time="0.001"/>
  <testcase name="testWriteVersion()" classname="com.cedarsoft.serialization.VersionMappingTest" time="0.0"/>
  <testcase name="testFluentTypicalFaults()" classname="com.cedarsoft.serialization.VersionMappingTest" time="0.001"/>
  <testcase name="testDelegateWrongVersion()" classname="com.cedarsoft.serialization.VersionMappingTest" time="0.001"/>
  <testcase name="testVerify()" classname="com.cedarsoft.serialization.VersionMappingTest" time="0.001"/>
  <testcase name="testMyWrongVersion()" classname="com.cedarsoft.serialization.VersionMappingTest" time="0.0"/>
  <testcase name="testDuplicate()" classname="com.cedarsoft.serialization.VersionMappingTest" time="0.0"/>
  <system-out><![CDATA[]]></system-out>
  <system-err><![CDATA[]]></system-err>
</testsuite>
