<?xml version="1.0" encoding="UTF-8"?>
<testsuite name="com.cedarsoft.serialization.DelegatesMappingsTest" tests="8" skipped="0" failures="0" errors="0" timestamp="2021-01-22T03:22:58" hostname="runner-kggansxr-project-47-concurrent-0" time="0.72">
  <properties/>
  <testcase name="testVerify22()" classname="com.cedarsoft.serialization.DelegatesMappingsTest" time="0.199"/>
  <testcase name="testIt()" classname="com.cedarsoft.serialization.DelegatesMappingsTest" time="0.012"/>
  <testcase name="testVerify2()" classname="com.cedarsoft.serialization.DelegatesMappingsTest" time="0.004"/>
  <testcase name="testVerify3()" classname="com.cedarsoft.serialization.DelegatesMappingsTest" time="0.011"/>
  <testcase name="testErrorHandling()" classname="com.cedarsoft.serialization.DelegatesMappingsTest" time="0.431"/>
  <testcase name="testPrimitiveTypes()" classname="com.cedarsoft.serialization.DelegatesMappingsTest" time="0.018"/>
  <testcase name="testVerify()" classname="com.cedarsoft.serialization.DelegatesMappingsTest" time="0.014"/>
  <testcase name="testDuplicate()" classname="com.cedarsoft.serialization.DelegatesMappingsTest" time="0.002"/>
  <system-out><![CDATA[]]></system-out>
  <system-err><![CDATA[]]></system-err>
</testsuite>
