<?xml version="1.0" encoding="UTF-8"?>
<testsuite name="com.cedarsoft.serialization.ui.VersionMappingsVisualizerTest" tests="1" skipped="0" failures="0" errors="0" timestamp="2021-03-29T02:06:03" hostname="runner-cs1zem-v-project-47-concurrent-0" time="0.085">
  <properties/>
  <testcase name="testIt()" classname="com.cedarsoft.serialization.ui.VersionMappingsVisualizerTest" time="0.085"/>
  <system-out><![CDATA[]]></system-out>
  <system-err><![CDATA[]]></system-err>
</testsuite>
