<?xml version="1.0" encoding="UTF-8"?>
<testsuite name="com.cedarsoft.serialization.SerializingStrategySupportTest" tests="5" skipped="0" failures="0" errors="0" timestamp="2021-01-24T03:23:29" hostname="runner-kggansxr-project-47-concurrent-0" time="4.312">
  <properties/>
  <testcase name="festFind3()" classname="com.cedarsoft.serialization.SerializingStrategySupportTest" time="4.258"/>
  <testcase name="testIt()" classname="com.cedarsoft.serialization.SerializingStrategySupportTest" time="0.003"/>
  <testcase name="testVersionMappings()" classname="com.cedarsoft.serialization.SerializingStrategySupportTest" time="0.033"/>
  <testcase name="festFind()" classname="com.cedarsoft.serialization.SerializingStrategySupportTest" time="0.003"/>
  <testcase name="testVerify()" classname="com.cedarsoft.serialization.SerializingStrategySupportTest" time="0.002"/>
  <system-out><![CDATA[]]></system-out>
  <system-err><![CDATA[]]></system-err>
</testsuite>
