<?xml version="1.0" encoding="UTF-8"?>
<testsuite name="com.cedarsoft.serialization.VersionMappingsTest" tests="8" skipped="0" failures="0" errors="0" timestamp="2021-02-10T03:22:48" hostname="runner-pgnkb89--project-47-concurrent-0" time="0.192">
  <properties/>
  <testcase name="testDuplicate1()" classname="com.cedarsoft.serialization.VersionMappingsTest" time="0.002"/>
  <testcase name="testDuplicate2()" classname="com.cedarsoft.serialization.VersionMappingsTest" time="0.081"/>
  <testcase name="testDuplicate3()" classname="com.cedarsoft.serialization.VersionMappingsTest" time="0.01"/>
  <testcase name="testDuplicate4()" classname="com.cedarsoft.serialization.VersionMappingsTest" time="0.01"/>
  <testcase name="testValidate()" classname="com.cedarsoft.serialization.VersionMappingsTest" time="0.005"/>
  <testcase name="testValidate2()" classname="com.cedarsoft.serialization.VersionMappingsTest" time="0.003"/>
  <testcase name="testBasicMapping()" classname="com.cedarsoft.serialization.VersionMappingsTest" time="0.027"/>
  <testcase name="testDuplicate()" classname="com.cedarsoft.serialization.VersionMappingsTest" time="0.014"/>
  <system-out><![CDATA[]]></system-out>
  <system-err><![CDATA[]]></system-err>
</testsuite>
