<?xml version="1.0" encoding="UTF-8"?>
<testsuite name="com.cedarsoft.serialization.SerializingStrategySupportTest" tests="5" skipped="0" failures="0" errors="0" timestamp="2021-08-09T02:10:19" hostname="runner-kggansxr-project-47-concurrent-0" time="3.545">
  <properties/>
  <testcase name="festFind3()" classname="com.cedarsoft.serialization.SerializingStrategySupportTest" time="3.473"/>
  <testcase name="testIt()" classname="com.cedarsoft.serialization.SerializingStrategySupportTest" time="0.003"/>
  <testcase name="testVersionMappings()" classname="com.cedarsoft.serialization.SerializingStrategySupportTest" time="0.037"/>
  <testcase name="festFind()" classname="com.cedarsoft.serialization.SerializingStrategySupportTest" time="0.003"/>
  <testcase name="testVerify()" classname="com.cedarsoft.serialization.SerializingStrategySupportTest" time="0.011"/>
  <system-out><![CDATA[]]></system-out>
  <system-err><![CDATA[]]></system-err>
</testsuite>
