<?xml version="1.0" encoding="UTF-8"?>
<testsuite name="com.cedarsoft.serialization.DaAbstractSerializerTest" tests="7" skipped="0" failures="0" errors="0" timestamp="2021-12-30T03:09:47" hostname="runner-cs1zem-v-project-47-concurrent-0" time="0.075">
  <properties/>
  <testcase name="testIt2()" classname="com.cedarsoft.serialization.DaAbstractSerializerTest" time="0.034"/>
  <testcase name="testSeria()" classname="com.cedarsoft.serialization.DaAbstractSerializerTest" time="0.004"/>
  <testcase name="testWritable()" classname="com.cedarsoft.serialization.DaAbstractSerializerTest" time="0.001"/>
  <testcase name="testIt()" classname="com.cedarsoft.serialization.DaAbstractSerializerTest" time="0.0"/>
  <testcase name="testReadable()" classname="com.cedarsoft.serialization.DaAbstractSerializerTest" time="0.001"/>
  <testcase name="testDeserialize()" classname="com.cedarsoft.serialization.DaAbstractSerializerTest" time="0.001"/>
  <testcase name="testVerify()" classname="com.cedarsoft.serialization.DaAbstractSerializerTest" time="0.001"/>
  <system-out><![CDATA[]]></system-out>
  <system-err><![CDATA[]]></system-err>
</testsuite>
