<?xml version="1.0" encoding="UTF-8"?>
<testsuite name="com.cedarsoft.serialization.VersionMappingTest" tests="9" skipped="0" failures="0" errors="0" timestamp="2021-11-24T03:09:49" hostname="runner-ioxloixu-project-47-concurrent-0" time="0.096">
  <properties/>
  <testcase name="testWriteVersion2()" classname="com.cedarsoft.serialization.VersionMappingTest" time="0.007"/>
  <testcase name="testBasic()" classname="com.cedarsoft.serialization.VersionMappingTest" time="0.006"/>
  <testcase name="testFluentTypicalFaults2()" classname="com.cedarsoft.serialization.VersionMappingTest" time="0.019"/>
  <testcase name="testWriteVersion()" classname="com.cedarsoft.serialization.VersionMappingTest" time="0.003"/>
  <testcase name="testFluentTypicalFaults()" classname="com.cedarsoft.serialization.VersionMappingTest" time="0.008"/>
  <testcase name="testDelegateWrongVersion()" classname="com.cedarsoft.serialization.VersionMappingTest" time="0.01"/>
  <testcase name="testVerify()" classname="com.cedarsoft.serialization.VersionMappingTest" time="0.002"/>
  <testcase name="testMyWrongVersion()" classname="com.cedarsoft.serialization.VersionMappingTest" time="0.002"/>
  <testcase name="testDuplicate()" classname="com.cedarsoft.serialization.VersionMappingTest" time="0.001"/>
  <system-out><![CDATA[]]></system-out>
  <system-err><![CDATA[]]></system-err>
</testsuite>
