<?xml version="1.0" encoding="UTF-8"?>
<testsuite name="com.cedarsoft.serialization.VersionMappingTest" tests="9" skipped="0" failures="0" errors="0" timestamp="2021-09-10T02:06:26" hostname="runner-cs1zem-v-project-47-concurrent-0" time="0.73">
  <properties/>
  <testcase name="testWriteVersion2()" classname="com.cedarsoft.serialization.VersionMappingTest" time="0.199"/>
  <testcase name="testBasic()" classname="com.cedarsoft.serialization.VersionMappingTest" time="0.016"/>
  <testcase name="testFluentTypicalFaults2()" classname="com.cedarsoft.serialization.VersionMappingTest" time="0.472"/>
  <testcase name="testWriteVersion()" classname="com.cedarsoft.serialization.VersionMappingTest" time="0.0"/>
  <testcase name="testFluentTypicalFaults()" classname="com.cedarsoft.serialization.VersionMappingTest" time="0.0"/>
  <testcase name="testDelegateWrongVersion()" classname="com.cedarsoft.serialization.VersionMappingTest" time="0.001"/>
  <testcase name="testVerify()" classname="com.cedarsoft.serialization.VersionMappingTest" time="0.033"/>
  <testcase name="testMyWrongVersion()" classname="com.cedarsoft.serialization.VersionMappingTest" time="0.001"/>
  <testcase name="testDuplicate()" classname="com.cedarsoft.serialization.VersionMappingTest" time="0.0"/>
  <system-out><![CDATA[]]></system-out>
  <system-err><![CDATA[]]></system-err>
</testsuite>
