<?xml version="1.0" encoding="UTF-8"?>
<testsuite name="com.cedarsoft.serialization.DelegatesMappingsTest" tests="8" skipped="0" failures="0" errors="0" timestamp="2021-03-31T02:07:47" hostname="runner-kggansxr-project-47-concurrent-0" time="0.591">
  <properties/>
  <testcase name="testVerify22()" classname="com.cedarsoft.serialization.DelegatesMappingsTest" time="0.157"/>
  <testcase name="testIt()" classname="com.cedarsoft.serialization.DelegatesMappingsTest" time="0.006"/>
  <testcase name="testVerify2()" classname="com.cedarsoft.serialization.DelegatesMappingsTest" time="0.017"/>
  <testcase name="testVerify3()" classname="com.cedarsoft.serialization.DelegatesMappingsTest" time="0.003"/>
  <testcase name="testErrorHandling()" classname="com.cedarsoft.serialization.DelegatesMappingsTest" time="0.313"/>
  <testcase name="testPrimitiveTypes()" classname="com.cedarsoft.serialization.DelegatesMappingsTest" time="0.011"/>
  <testcase name="testVerify()" classname="com.cedarsoft.serialization.DelegatesMappingsTest" time="0.018"/>
  <testcase name="testDuplicate()" classname="com.cedarsoft.serialization.DelegatesMappingsTest" time="0.002"/>
  <system-out><![CDATA[]]></system-out>
  <system-err><![CDATA[]]></system-err>
</testsuite>
