<?xml version="1.0" encoding="UTF-8"?>
<testsuite name="com.cedarsoft.serialization.XmlSerializerNameSpaceTest" tests="2" skipped="0" failures="0" errors="0" timestamp="2021-12-01T03:10:24" hostname="runner-cs1zem-v-project-47-concurrent-0" time="0.03">
  <properties/>
  <testcase name="testParseVersion()" classname="com.cedarsoft.serialization.XmlSerializerNameSpaceTest" time="0.003"/>
  <testcase name="testVersion()" classname="com.cedarsoft.serialization.XmlSerializerNameSpaceTest" time="0.026"/>
  <system-out><![CDATA[]]></system-out>
  <system-err><![CDATA[]]></system-err>
</testsuite>
