<?xml version="1.0" encoding="UTF-8"?>
<testsuite name="com.cedarsoft.serialization.XmlSerializerNameSpaceTest" tests="2" skipped="0" failures="0" errors="0" timestamp="2021-10-17T02:06:18" hostname="runner-cs1zem-v-project-47-concurrent-0" time="0.061">
  <properties/>
  <testcase name="testParseVersion()" classname="com.cedarsoft.serialization.XmlSerializerNameSpaceTest" time="0.025"/>
  <testcase name="testVersion()" classname="com.cedarsoft.serialization.XmlSerializerNameSpaceTest" time="0.033"/>
  <system-out><![CDATA[]]></system-out>
  <system-err><![CDATA[]]></system-err>
</testsuite>
