<?xml version="1.0" encoding="UTF-8"?>
<testsuite name="com.cedarsoft.serialization.DaAbstractXmlSerializerTest" tests="2" skipped="0" failures="0" errors="0" timestamp="2021-04-02T02:07:24" hostname="runner-kggansxr-project-47-concurrent-0" time="0.006">
  <properties/>
  <testcase name="testNs()" classname="com.cedarsoft.serialization.DaAbstractXmlSerializerTest" time="0.002"/>
  <testcase name="testVerifyNsException()" classname="com.cedarsoft.serialization.DaAbstractXmlSerializerTest" time="0.003"/>
  <system-out><![CDATA[]]></system-out>
  <system-err><![CDATA[]]></system-err>
</testsuite>
