<?xml version="1.0" encoding="UTF-8"?>
<testsuite name="com.cedarsoft.serialization.VersionMappingsTest" tests="8" skipped="0" failures="0" errors="0" timestamp="2021-03-07T03:06:37" hostname="runner-pgnkb89--project-47-concurrent-0" time="0.238">
  <properties/>
  <testcase name="testDuplicate1()" classname="com.cedarsoft.serialization.VersionMappingsTest" time="0.017"/>
  <testcase name="testDuplicate2()" classname="com.cedarsoft.serialization.VersionMappingsTest" time="0.096"/>
  <testcase name="testDuplicate3()" classname="com.cedarsoft.serialization.VersionMappingsTest" time="0.002"/>
  <testcase name="testDuplicate4()" classname="com.cedarsoft.serialization.VersionMappingsTest" time="0.008"/>
  <testcase name="testValidate()" classname="com.cedarsoft.serialization.VersionMappingsTest" time="0.003"/>
  <testcase name="testValidate2()" classname="com.cedarsoft.serialization.VersionMappingsTest" time="0.007"/>
  <testcase name="testBasicMapping()" classname="com.cedarsoft.serialization.VersionMappingsTest" time="0.036"/>
  <testcase name="testDuplicate()" classname="com.cedarsoft.serialization.VersionMappingsTest" time="0.003"/>
  <system-out><![CDATA[]]></system-out>
  <system-err><![CDATA[]]></system-err>
</testsuite>
