<?xml version="1.0" encoding="UTF-8"?>
<testsuite name="com.cedarsoft.serialization.VersionMappingTest" tests="9" skipped="0" failures="0" errors="0" timestamp="2021-02-22T03:21:15" hostname="runner-cs1zem-v-project-47-concurrent-0" time="0.806">
  <properties/>
  <testcase name="testWriteVersion2()" classname="com.cedarsoft.serialization.VersionMappingTest" time="0.121"/>
  <testcase name="testBasic()" classname="com.cedarsoft.serialization.VersionMappingTest" time="0.002"/>
  <testcase name="testFluentTypicalFaults2()" classname="com.cedarsoft.serialization.VersionMappingTest" time="0.617"/>
  <testcase name="testWriteVersion()" classname="com.cedarsoft.serialization.VersionMappingTest" time="0.002"/>
  <testcase name="testFluentTypicalFaults()" classname="com.cedarsoft.serialization.VersionMappingTest" time="0.018"/>
  <testcase name="testDelegateWrongVersion()" classname="com.cedarsoft.serialization.VersionMappingTest" time="0.002"/>
  <testcase name="testVerify()" classname="com.cedarsoft.serialization.VersionMappingTest" time="0.009"/>
  <testcase name="testMyWrongVersion()" classname="com.cedarsoft.serialization.VersionMappingTest" time="0.002"/>
  <testcase name="testDuplicate()" classname="com.cedarsoft.serialization.VersionMappingTest" time="0.008"/>
  <system-out><![CDATA[]]></system-out>
  <system-err><![CDATA[]]></system-err>
</testsuite>
