<?xml version="1.0" encoding="UTF-8"?>
<testsuite name="com.cedarsoft.serialization.SerializingStrategySupportTest" tests="5" skipped="0" failures="0" errors="0" timestamp="2021-11-25T03:09:47" hostname="runner-ioxloixu-project-47-concurrent-0" time="1.186">
  <properties/>
  <testcase name="festFind3()" classname="com.cedarsoft.serialization.SerializingStrategySupportTest" time="1.161"/>
  <testcase name="testIt()" classname="com.cedarsoft.serialization.SerializingStrategySupportTest" time="0.002"/>
  <testcase name="testVersionMappings()" classname="com.cedarsoft.serialization.SerializingStrategySupportTest" time="0.005"/>
  <testcase name="festFind()" classname="com.cedarsoft.serialization.SerializingStrategySupportTest" time="0.001"/>
  <testcase name="testVerify()" classname="com.cedarsoft.serialization.SerializingStrategySupportTest" time="0.009"/>
  <system-out><![CDATA[]]></system-out>
  <system-err><![CDATA[]]></system-err>
</testsuite>
