<?xml version="1.0" encoding="UTF-8"?>
<testsuite name="com.cedarsoft.serialization.DaAbstractSerializerTest" tests="7" skipped="0" failures="0" errors="0" timestamp="2021-03-09T03:05:50" hostname="runner-cs1zem-v-project-47-concurrent-0" time="0.084">
  <properties/>
  <testcase name="testIt2()" classname="com.cedarsoft.serialization.DaAbstractSerializerTest" time="0.029"/>
  <testcase name="testSeria()" classname="com.cedarsoft.serialization.DaAbstractSerializerTest" time="0.014"/>
  <testcase name="testWritable()" classname="com.cedarsoft.serialization.DaAbstractSerializerTest" time="0.007"/>
  <testcase name="testIt()" classname="com.cedarsoft.serialization.DaAbstractSerializerTest" time="0.002"/>
  <testcase name="testReadable()" classname="com.cedarsoft.serialization.DaAbstractSerializerTest" time="0.001"/>
  <testcase name="testDeserialize()" classname="com.cedarsoft.serialization.DaAbstractSerializerTest" time="0.001"/>
  <testcase name="testVerify()" classname="com.cedarsoft.serialization.DaAbstractSerializerTest" time="0.001"/>
  <system-out><![CDATA[]]></system-out>
  <system-err><![CDATA[]]></system-err>
</testsuite>
