<?xml version="1.0" encoding="UTF-8"?>
<testsuite name="com.cedarsoft.serialization.XmlSerializerNameSpaceTest" tests="2" skipped="0" failures="0" errors="0" timestamp="2021-11-25T03:09:48" hostname="runner-ioxloixu-project-47-concurrent-0" time="0.017">
  <properties/>
  <testcase name="testParseVersion()" classname="com.cedarsoft.serialization.XmlSerializerNameSpaceTest" time="0.002"/>
  <testcase name="testVersion()" classname="com.cedarsoft.serialization.XmlSerializerNameSpaceTest" time="0.006"/>
  <system-out><![CDATA[]]></system-out>
  <system-err><![CDATA[]]></system-err>
</testsuite>
