<?xml version="1.0" encoding="UTF-8"?>
<testsuite name="com.cedarsoft.serialization.ui.DelegatesMappingVisualizerTest" tests="1" skipped="0" failures="0" errors="0" timestamp="2021-12-30T03:09:47" hostname="runner-cs1zem-v-project-47-concurrent-0" time="0.205">
  <properties/>
  <testcase name="testIt()" classname="com.cedarsoft.serialization.ui.DelegatesMappingVisualizerTest" time="0.205"/>
  <system-out><![CDATA[]]></system-out>
  <system-err><![CDATA[]]></system-err>
</testsuite>
