<?xml version="1.0" encoding="UTF-8"?>
<testsuite name="com.cedarsoft.serialization.ui.VersionMappingsVisualizerTest" tests="1" skipped="0" failures="0" errors="0" timestamp="2021-03-05T03:06:45" hostname="runner-pgnkb89--project-47-concurrent-0" time="0.265">
  <properties/>
  <testcase name="testIt()" classname="com.cedarsoft.serialization.ui.VersionMappingsVisualizerTest" time="0.265"/>
  <system-out><![CDATA[]]></system-out>
  <system-err><![CDATA[]]></system-err>
</testsuite>
