<?xml version="1.0" encoding="UTF-8"?>
<testsuite name="com.cedarsoft.serialization.DelegatesMappingsTest" tests="8" skipped="0" failures="0" errors="0" timestamp="2021-12-16T03:11:05" hostname="runner-cs1zem-v-project-47-concurrent-0" time="0.144">
  <properties/>
  <testcase name="testVerify22()" classname="com.cedarsoft.serialization.DelegatesMappingsTest" time="0.045"/>
  <testcase name="testIt()" classname="com.cedarsoft.serialization.DelegatesMappingsTest" time="0.001"/>
  <testcase name="testVerify2()" classname="com.cedarsoft.serialization.DelegatesMappingsTest" time="0.003"/>
  <testcase name="testVerify3()" classname="com.cedarsoft.serialization.DelegatesMappingsTest" time="0.021"/>
  <testcase name="testErrorHandling()" classname="com.cedarsoft.serialization.DelegatesMappingsTest" time="0.003"/>
  <testcase name="testPrimitiveTypes()" classname="com.cedarsoft.serialization.DelegatesMappingsTest" time="0.026"/>
  <testcase name="testVerify()" classname="com.cedarsoft.serialization.DelegatesMappingsTest" time="0.009"/>
  <testcase name="testDuplicate()" classname="com.cedarsoft.serialization.DelegatesMappingsTest" time="0.006"/>
  <system-out><![CDATA[]]></system-out>
  <system-err><![CDATA[]]></system-err>
</testsuite>
