<?xml version="1.0" encoding="UTF-8"?>
<testsuite name="com.cedarsoft.serialization.SerializingStrategySupportTest" tests="5" skipped="0" failures="0" errors="0" timestamp="2021-12-30T03:09:44" hostname="runner-cs1zem-v-project-47-concurrent-0" time="2.484">
  <properties/>
  <testcase name="festFind3()" classname="com.cedarsoft.serialization.SerializingStrategySupportTest" time="2.447"/>
  <testcase name="testIt()" classname="com.cedarsoft.serialization.SerializingStrategySupportTest" time="0.001"/>
  <testcase name="testVersionMappings()" classname="com.cedarsoft.serialization.SerializingStrategySupportTest" time="0.01"/>
  <testcase name="festFind()" classname="com.cedarsoft.serialization.SerializingStrategySupportTest" time="0.001"/>
  <testcase name="testVerify()" classname="com.cedarsoft.serialization.SerializingStrategySupportTest" time="0.018"/>
  <system-out><![CDATA[]]></system-out>
  <system-err><![CDATA[]]></system-err>
</testsuite>
