<?xml version="1.0" encoding="UTF-8"?>
<testsuite name="com.cedarsoft.serialization.DaAbstractSerializerTest" tests="7" skipped="0" failures="0" errors="0" timestamp="2021-08-27T02:06:08" hostname="runner-cs1zem-v-project-47-concurrent-0" time="0.08">
  <properties/>
  <testcase name="testIt2()" classname="com.cedarsoft.serialization.DaAbstractSerializerTest" time="0.03"/>
  <testcase name="testSeria()" classname="com.cedarsoft.serialization.DaAbstractSerializerTest" time="0.02"/>
  <testcase name="testWritable()" classname="com.cedarsoft.serialization.DaAbstractSerializerTest" time="0.001"/>
  <testcase name="testIt()" classname="com.cedarsoft.serialization.DaAbstractSerializerTest" time="0.001"/>
  <testcase name="testReadable()" classname="com.cedarsoft.serialization.DaAbstractSerializerTest" time="0.006"/>
  <testcase name="testDeserialize()" classname="com.cedarsoft.serialization.DaAbstractSerializerTest" time="0.001"/>
  <testcase name="testVerify()" classname="com.cedarsoft.serialization.DaAbstractSerializerTest" time="0.003"/>
  <system-out><![CDATA[]]></system-out>
  <system-err><![CDATA[]]></system-err>
</testsuite>
