<?xml version="1.0" encoding="UTF-8"?>
<testsuite name="com.cedarsoft.serialization.DaAbstractXmlSerializerTest" tests="2" skipped="0" failures="0" errors="0" timestamp="2021-12-04T03:09:42" hostname="runner-ioxloixu-project-47-concurrent-0" time="0.548">
  <properties/>
  <testcase name="testNs()" classname="com.cedarsoft.serialization.DaAbstractXmlSerializerTest" time="0.531"/>
  <testcase name="testVerifyNsException()" classname="com.cedarsoft.serialization.DaAbstractXmlSerializerTest" time="0.015"/>
  <system-out><![CDATA[]]></system-out>
  <system-err><![CDATA[]]></system-err>
</testsuite>
