<?xml version="1.0" encoding="UTF-8"?>
<testsuite name="com.cedarsoft.serialization.ui.DelegatesMappingVisualizerTest" tests="1" skipped="0" failures="0" errors="0" timestamp="2021-11-25T03:09:48" hostname="runner-ioxloixu-project-47-concurrent-0" time="0.209">
  <properties/>
  <testcase name="testIt()" classname="com.cedarsoft.serialization.ui.DelegatesMappingVisualizerTest" time="0.209"/>
  <system-out><![CDATA[]]></system-out>
  <system-err><![CDATA[]]></system-err>
</testsuite>
