<?xml version="1.0" encoding="UTF-8"?>
<testsuite name="com.cedarsoft.serialization.VersionMappingsTest" tests="8" skipped="0" failures="0" errors="0" timestamp="2021-08-05T02:09:17" hostname="runner-kggansxr-project-47-concurrent-0" time="0.113">
  <properties/>
  <testcase name="testDuplicate1()" classname="com.cedarsoft.serialization.VersionMappingsTest" time="0.002"/>
  <testcase name="testDuplicate2()" classname="com.cedarsoft.serialization.VersionMappingsTest" time="0.069"/>
  <testcase name="testDuplicate3()" classname="com.cedarsoft.serialization.VersionMappingsTest" time="0.002"/>
  <testcase name="testDuplicate4()" classname="com.cedarsoft.serialization.VersionMappingsTest" time="0.001"/>
  <testcase name="testValidate()" classname="com.cedarsoft.serialization.VersionMappingsTest" time="0.007"/>
  <testcase name="testValidate2()" classname="com.cedarsoft.serialization.VersionMappingsTest" time="0.002"/>
  <testcase name="testBasicMapping()" classname="com.cedarsoft.serialization.VersionMappingsTest" time="0.011"/>
  <testcase name="testDuplicate()" classname="com.cedarsoft.serialization.VersionMappingsTest" time="0.004"/>
  <system-out><![CDATA[]]></system-out>
  <system-err><![CDATA[]]></system-err>
</testsuite>
