<?xml version="1.0" encoding="UTF-8"?>
<testsuite name="com.cedarsoft.serialization.XmlSerializerNameSpaceTest" tests="2" skipped="0" failures="0" errors="0" timestamp="2021-05-17T02:08:46" hostname="runner-kggansxr-project-47-concurrent-0" time="0.196">
  <properties/>
  <testcase name="testParseVersion()" classname="com.cedarsoft.serialization.XmlSerializerNameSpaceTest" time="0.119"/>
  <testcase name="testVersion()" classname="com.cedarsoft.serialization.XmlSerializerNameSpaceTest" time="0.073"/>
  <system-out><![CDATA[]]></system-out>
  <system-err><![CDATA[]]></system-err>
</testsuite>
