<?xml version="1.0" encoding="UTF-8"?>
<testsuite name="com.cedarsoft.serialization.XmlSerializerNameSpaceTest" tests="2" skipped="0" failures="0" errors="0" timestamp="2021-02-12T03:22:50" hostname="runner-pgnkb89--project-47-concurrent-0" time="0.031">
  <properties/>
  <testcase name="testParseVersion()" classname="com.cedarsoft.serialization.XmlSerializerNameSpaceTest" time="0.011"/>
  <testcase name="testVersion()" classname="com.cedarsoft.serialization.XmlSerializerNameSpaceTest" time="0.017"/>
  <system-out><![CDATA[]]></system-out>
  <system-err><![CDATA[]]></system-err>
</testsuite>
