<?xml version="1.0" encoding="UTF-8"?>
<testsuite name="com.cedarsoft.commons.StringsTest" tests="3" skipped="0" failures="0" errors="0" timestamp="2021-05-27T02:05:09" hostname="runner-cs1zem-v-project-47-concurrent-0" time="0.298">
  <properties/>
  <testcase name="testCut()" classname="com.cedarsoft.commons.StringsTest" time="0.019"/>
  <testcase name="testQuote()" classname="com.cedarsoft.commons.StringsTest" time="0.267"/>
  <testcase name="testMaxLengt()" classname="com.cedarsoft.commons.StringsTest" time="0.008"/>
  <system-out><![CDATA[]]></system-out>
  <system-err><![CDATA[]]></system-err>
</testsuite>
