<?xml version="1.0" encoding="UTF-8"?>
<testsuite name="com.cedarsoft.commons.AssertTest" tests="1" skipped="0" failures="0" errors="0" timestamp="2021-08-05T02:07:07" hostname="runner-kggansxr-project-47-concurrent-0" time="0.224">
  <properties/>
  <testcase name="testIt()" classname="com.cedarsoft.commons.AssertTest" time="0.224"/>
  <system-out><![CDATA[]]></system-out>
  <system-err><![CDATA[]]></system-err>
</testsuite>
