<?xml version="1.0" encoding="UTF-8"?>
<testsuite name="com.cedarsoft.commons.NullLockTest" tests="4" skipped="0" failures="0" errors="0" timestamp="2021-07-21T02:07:00" hostname="runner-kggansxr-project-47-concurrent-0" time="0.137">
  <properties/>
  <testcase name="testTimeout()" classname="com.cedarsoft.commons.NullLockTest" time="0.097"/>
  <testcase name="testLocks()" classname="com.cedarsoft.commons.NullLockTest" time="0.007"/>
  <testcase name="testIt()" classname="com.cedarsoft.commons.NullLockTest" time="0.006"/>
  <testcase name="testCondition()" classname="com.cedarsoft.commons.NullLockTest" time="0.004"/>
  <system-out><![CDATA[]]></system-out>
  <system-err><![CDATA[]]></system-err>
</testsuite>
