<?xml version="1.0" encoding="UTF-8"?>
<testsuite name="com.cedarsoft.commons.AssertTest" tests="1" skipped="0" failures="0" errors="0" timestamp="2021-03-04T03:05:57" hostname="runner-pgnkb89--project-47-concurrent-0" time="0.191">
  <properties/>
  <testcase name="testIt()" classname="com.cedarsoft.commons.AssertTest" time="0.191"/>
  <system-out><![CDATA[]]></system-out>
  <system-err><![CDATA[]]></system-err>
</testsuite>
