<?xml version="1.0" encoding="UTF-8"?>
<testsuite name="com.cedarsoft.commons.NullLockTest" tests="4" skipped="0" failures="0" errors="0" timestamp="2021-10-28T02:06:04" hostname="runner-cs1zem-v-project-47-concurrent-0" time="0.119">
  <properties/>
  <testcase name="testTimeout()" classname="com.cedarsoft.commons.NullLockTest" time="0.083"/>
  <testcase name="testLocks()" classname="com.cedarsoft.commons.NullLockTest" time="0.003"/>
  <testcase name="testIt()" classname="com.cedarsoft.commons.NullLockTest" time="0.015"/>
  <testcase name="testCondition()" classname="com.cedarsoft.commons.NullLockTest" time="0.01"/>
  <system-out><![CDATA[]]></system-out>
  <system-err><![CDATA[]]></system-err>
</testsuite>
