<?xml version="1.0" encoding="UTF-8"?>
<testsuite name="com.cedarsoft.commons.StringsTest" tests="3" skipped="0" failures="0" errors="0" timestamp="2022-01-15T03:09:56" hostname="runner-cs1zem-v-project-47-concurrent-0" time="0.156">
  <properties/>
  <testcase name="testCut()" classname="com.cedarsoft.commons.StringsTest" time="0.003"/>
  <testcase name="testQuote()" classname="com.cedarsoft.commons.StringsTest" time="0.143"/>
  <testcase name="testMaxLengt()" classname="com.cedarsoft.commons.StringsTest" time="0.003"/>
  <system-out><![CDATA[]]></system-out>
  <system-err><![CDATA[]]></system-err>
</testsuite>
