<?xml version="1.0" encoding="UTF-8"?>
<testsuite name="com.cedarsoft.commons.ThreadUtilsTest" tests="4" skipped="0" failures="0" errors="0" timestamp="2021-09-06T02:05:30" hostname="runner-cs1zem-v-project-47-concurrent-0" time="0.252">
  <properties/>
  <testcase name="testEdt()" classname="com.cedarsoft.commons.ThreadUtilsTest" time="0.16"/>
  <testcase name="testOther()" classname="com.cedarsoft.commons.ThreadUtilsTest" time="0.019"/>
  <testcase name="testIt()" classname="com.cedarsoft.commons.ThreadUtilsTest" time="0.055"/>
  <testcase name="testInvoke()" classname="com.cedarsoft.commons.ThreadUtilsTest" time="0.015"/>
  <system-out><![CDATA[]]></system-out>
  <system-err><![CDATA[]]></system-err>
</testsuite>
