<?xml version="1.0" encoding="UTF-8"?>
<testsuite name="com.cedarsoft.commons.ExtendedBooleanTest" tests="5" skipped="0" failures="0" errors="0" timestamp="2021-11-29T03:09:11" hostname="runner-ioxloixu-project-47-concurrent-0" time="0.098">
  <properties/>
  <testcase name="testBasic()" classname="com.cedarsoft.commons.ExtendedBooleanTest" time="0.034"/>
  <testcase name="testTranslation2()" classname="com.cedarsoft.commons.ExtendedBooleanTest" time="0.012"/>
  <testcase name="testValueOf()" classname="com.cedarsoft.commons.ExtendedBooleanTest" time="0.002"/>
  <testcase name="testResourceBundles()" classname="com.cedarsoft.commons.ExtendedBooleanTest" time="0.016"/>
  <testcase name="testTranslation()" classname="com.cedarsoft.commons.ExtendedBooleanTest" time="0.026"/>
  <system-out><![CDATA[]]></system-out>
  <system-err><![CDATA[]]></system-err>
</testsuite>
