<?xml version="1.0" encoding="UTF-8"?>
<testsuite name="com.cedarsoft.commons.StringsTest" tests="3" skipped="0" failures="0" errors="0" timestamp="2021-04-16T02:05:32" hostname="runner-cs1zem-v-project-47-concurrent-0" time="0.188">
  <properties/>
  <testcase name="testCut()" classname="com.cedarsoft.commons.StringsTest" time="0.009"/>
  <testcase name="testQuote()" classname="com.cedarsoft.commons.StringsTest" time="0.176"/>
  <testcase name="testMaxLengt()" classname="com.cedarsoft.commons.StringsTest" time="0.0"/>
  <system-out><![CDATA[]]></system-out>
  <system-err><![CDATA[]]></system-err>
</testsuite>
