<?xml version="1.0" encoding="UTF-8"?>
<testsuite name="com.cedarsoft.commons.KotlinJavaParamNamesTest" tests="2" skipped="0" failures="0" errors="0" timestamp="2021-06-17T02:07:14" hostname="runner-kggansxr-project-47-concurrent-0" time="3.698">
  <properties/>
  <testcase name="testKotlinParamName$commons()" classname="com.cedarsoft.commons.KotlinJavaParamNamesTest" time="3.637"/>
  <testcase name="testJavaParams$commons()" classname="com.cedarsoft.commons.KotlinJavaParamNamesTest" time="0.058"/>
  <system-out><![CDATA[]]></system-out>
  <system-err><![CDATA[]]></system-err>
</testsuite>
