<?xml version="1.0" encoding="UTF-8"?>
<testsuite name="com.cedarsoft.commons.NullLockTest" tests="4" skipped="0" failures="0" errors="0" timestamp="2021-05-01T02:05:27" hostname="runner-cs1zem-v-project-47-concurrent-0" time="0.076">
  <properties/>
  <testcase name="testTimeout()" classname="com.cedarsoft.commons.NullLockTest" time="0.058"/>
  <testcase name="testLocks()" classname="com.cedarsoft.commons.NullLockTest" time="0.002"/>
  <testcase name="testIt()" classname="com.cedarsoft.commons.NullLockTest" time="0.005"/>
  <testcase name="testCondition()" classname="com.cedarsoft.commons.NullLockTest" time="0.006"/>
  <system-out><![CDATA[]]></system-out>
  <system-err><![CDATA[]]></system-err>
</testsuite>
