<?xml version="1.0" encoding="UTF-8"?>
<testsuite name="com.cedarsoft.commons.NullLockTest" tests="4" skipped="0" failures="0" errors="0" timestamp="2021-12-11T03:09:29" hostname="runner-ioxloixu-project-47-concurrent-0" time="0.037">
  <properties/>
  <testcase name="testTimeout()" classname="com.cedarsoft.commons.NullLockTest" time="0.005"/>
  <testcase name="testLocks()" classname="com.cedarsoft.commons.NullLockTest" time="0.003"/>
  <testcase name="testIt()" classname="com.cedarsoft.commons.NullLockTest" time="0.002"/>
  <testcase name="testCondition()" classname="com.cedarsoft.commons.NullLockTest" time="0.009"/>
  <system-out><![CDATA[]]></system-out>
  <system-err><![CDATA[]]></system-err>
</testsuite>
