<?xml version="1.0" encoding="UTF-8"?>
<testsuite name="com.cedarsoft.commons.NullLockTest" tests="4" skipped="0" failures="0" errors="0" timestamp="2022-01-17T03:09:39" hostname="runner-ioxloixu-project-47-concurrent-0" time="0.028">
  <properties/>
  <testcase name="testTimeout()" classname="com.cedarsoft.commons.NullLockTest" time="0.015"/>
  <testcase name="testLocks()" classname="com.cedarsoft.commons.NullLockTest" time="0.003"/>
  <testcase name="testIt()" classname="com.cedarsoft.commons.NullLockTest" time="0.003"/>
  <testcase name="testCondition()" classname="com.cedarsoft.commons.NullLockTest" time="0.001"/>
  <system-out><![CDATA[]]></system-out>
  <system-err><![CDATA[]]></system-err>
</testsuite>
