<?xml version="1.0" encoding="UTF-8"?>
<testsuite name="com.cedarsoft.commons.ThreadUtilsTest" tests="4" skipped="0" failures="0" errors="0" timestamp="2021-10-26T02:05:35" hostname="runner-cs1zem-v-project-47-concurrent-0" time="0.196">
  <properties/>
  <testcase name="testEdt()" classname="com.cedarsoft.commons.ThreadUtilsTest" time="0.121"/>
  <testcase name="testOther()" classname="com.cedarsoft.commons.ThreadUtilsTest" time="0.013"/>
  <testcase name="testIt()" classname="com.cedarsoft.commons.ThreadUtilsTest" time="0.053"/>
  <testcase name="testInvoke()" classname="com.cedarsoft.commons.ThreadUtilsTest" time="0.005"/>
  <system-out><![CDATA[]]></system-out>
  <system-err><![CDATA[]]></system-err>
</testsuite>
