<?xml version="1.0" encoding="UTF-8"?>
<testsuite name="com.cedarsoft.commons.ConditionTest" tests="1" skipped="0" failures="0" errors="0" timestamp="2022-02-03T03:09:46" hostname="runner-ioxloixu-project-47-concurrent-0" time="0.014">
  <properties/>
  <testcase name="testConstants()" classname="com.cedarsoft.commons.ConditionTest" time="0.014"/>
  <system-out><![CDATA[]]></system-out>
  <system-err><![CDATA[]]></system-err>
</testsuite>
