<?xml version="1.0" encoding="UTF-8"?>
<testsuite name="com.cedarsoft.commons.NullLockTest" tests="4" skipped="0" failures="0" errors="0" timestamp="2021-01-13T03:21:00" hostname="runner-cs1zem-v-project-47-concurrent-0" time="0.163">
  <properties/>
  <testcase name="testTimeout()" classname="com.cedarsoft.commons.NullLockTest" time="0.083"/>
  <testcase name="testLocks()" classname="com.cedarsoft.commons.NullLockTest" time="0.012"/>
  <testcase name="testIt()" classname="com.cedarsoft.commons.NullLockTest" time="0.007"/>
  <testcase name="testCondition()" classname="com.cedarsoft.commons.NullLockTest" time="0.0"/>
  <system-out><![CDATA[]]></system-out>
  <system-err><![CDATA[]]></system-err>
</testsuite>
