<?xml version="1.0" encoding="UTF-8"?>
<testsuite name="com.cedarsoft.commons.KotlinJavaParamNamesTest" tests="2" skipped="0" failures="0" errors="0" timestamp="2022-01-15T03:09:56" hostname="runner-cs1zem-v-project-47-concurrent-0" time="2.873">
  <properties/>
  <testcase name="testKotlinParamName$commons()" classname="com.cedarsoft.commons.KotlinJavaParamNamesTest" time="2.777"/>
  <testcase name="testJavaParams$commons()" classname="com.cedarsoft.commons.KotlinJavaParamNamesTest" time="0.079"/>
  <system-out><![CDATA[]]></system-out>
  <system-err><![CDATA[]]></system-err>
</testsuite>
