<?xml version="1.0" encoding="UTF-8"?>
<testsuite name="com.cedarsoft.commons.properties.PropertiesPathTest" tests="2" skipped="0" failures="0" errors="0" timestamp="2021-04-19T02:06:37" hostname="runner-kggansxr-project-47-concurrent-0" time="0.146">
  <properties/>
  <testcase name="testEquals()" classname="com.cedarsoft.commons.properties.PropertiesPathTest" time="0.099"/>
  <testcase name="testPresentation()" classname="com.cedarsoft.commons.properties.PropertiesPathTest" time="0.046"/>
  <system-out><![CDATA[]]></system-out>
  <system-err><![CDATA[]]></system-err>
</testsuite>
