<?xml version="1.0" encoding="UTF-8"?>
<testsuite name="com.cedarsoft.commons.LazyFieldTest" tests="1" skipped="0" failures="0" errors="0" timestamp="2022-02-10T17:15:33" hostname="runner-ioxloixu-project-47-concurrent-1" time="0.36">
  <properties/>
  <testcase name="testSimple()" classname="com.cedarsoft.commons.LazyFieldTest" time="0.36"/>
  <system-out><![CDATA[]]></system-out>
  <system-err><![CDATA[]]></system-err>
</testsuite>
