<?xml version="1.0" encoding="UTF-8"?>
<testsuite name="com.cedarsoft.commons.KotlinJavaParamNamesTest" tests="2" skipped="0" failures="0" errors="0" timestamp="2021-05-08T02:05:55" hostname="runner-cs1zem-v-project-47-concurrent-0" time="2.469">
  <properties/>
  <testcase name="testKotlinParamName$commons()" classname="com.cedarsoft.commons.KotlinJavaParamNamesTest" time="2.423"/>
  <testcase name="testJavaParams$commons()" classname="com.cedarsoft.commons.KotlinJavaParamNamesTest" time="0.043"/>
  <system-out><![CDATA[]]></system-out>
  <system-err><![CDATA[]]></system-err>
</testsuite>
