<?xml version="1.0" encoding="UTF-8"?>
<testsuite name="com.cedarsoft.commons.ThreadUtilsTest" tests="4" skipped="0" failures="0" errors="0" timestamp="2022-01-03T03:09:44" hostname="runner-cs1zem-v-project-47-concurrent-0" time="0.217">
  <properties/>
  <testcase name="testEdt()" classname="com.cedarsoft.commons.ThreadUtilsTest" time="0.14"/>
  <testcase name="testOther()" classname="com.cedarsoft.commons.ThreadUtilsTest" time="0.026"/>
  <testcase name="testIt()" classname="com.cedarsoft.commons.ThreadUtilsTest" time="0.043"/>
  <testcase name="testInvoke()" classname="com.cedarsoft.commons.ThreadUtilsTest" time="0.002"/>
  <system-out><![CDATA[]]></system-out>
  <system-err><![CDATA[]]></system-err>
</testsuite>
