<?xml version="1.0" encoding="UTF-8"?>
<testsuite name="com.cedarsoft.commons.NullLockTest" tests="4" skipped="0" failures="0" errors="0" timestamp="2021-12-23T03:09:27" hostname="runner-ioxloixu-project-47-concurrent-0" time="0.047">
  <properties/>
  <testcase name="testTimeout()" classname="com.cedarsoft.commons.NullLockTest" time="0.025"/>
  <testcase name="testLocks()" classname="com.cedarsoft.commons.NullLockTest" time="0.007"/>
  <testcase name="testIt()" classname="com.cedarsoft.commons.NullLockTest" time="0.006"/>
  <testcase name="testCondition()" classname="com.cedarsoft.commons.NullLockTest" time="0.003"/>
  <system-out><![CDATA[]]></system-out>
  <system-err><![CDATA[]]></system-err>
</testsuite>
