<?xml version="1.0" encoding="UTF-8"?>
<testsuite name="com.cedarsoft.commons.NullLockTest" tests="4" skipped="0" failures="0" errors="0" timestamp="2021-01-27T03:20:58" hostname="runner-pgnkb89--project-47-concurrent-0" time="0.042">
  <properties/>
  <testcase name="testTimeout()" classname="com.cedarsoft.commons.NullLockTest" time="0.008"/>
  <testcase name="testLocks()" classname="com.cedarsoft.commons.NullLockTest" time="0.013"/>
  <testcase name="testIt()" classname="com.cedarsoft.commons.NullLockTest" time="0.004"/>
  <testcase name="testCondition()" classname="com.cedarsoft.commons.NullLockTest" time="0.004"/>
  <system-out><![CDATA[]]></system-out>
  <system-err><![CDATA[]]></system-err>
</testsuite>
