<?xml version="1.0" encoding="UTF-8"?>
<testsuite name="com.cedarsoft.commons.SleepTest" tests="2" skipped="1" failures="0" errors="0" timestamp="2022-01-13T03:08:50" hostname="runner-ioxloixu-project-47-concurrent-0" time="0.003">
  <properties/>
  <testcase name="testIt()" classname="com.cedarsoft.commons.SleepTest" time="0.001">
    <skipped/>
  </testcase>
  <testcase name="testInterr()" classname="com.cedarsoft.commons.SleepTest" time="0.002"/>
  <system-out><![CDATA[]]></system-out>
  <system-err><![CDATA[]]></system-err>
</testsuite>
