<?xml version="1.0" encoding="UTF-8"?>
<testsuite name="com.cedarsoft.commons.NullLockTest" tests="4" skipped="0" failures="0" errors="0" timestamp="2022-01-26T03:09:34" hostname="runner-ioxloixu-project-47-concurrent-0" time="0.048">
  <properties/>
  <testcase name="testTimeout()" classname="com.cedarsoft.commons.NullLockTest" time="0.017"/>
  <testcase name="testLocks()" classname="com.cedarsoft.commons.NullLockTest" time="0.023"/>
  <testcase name="testIt()" classname="com.cedarsoft.commons.NullLockTest" time="0.002"/>
  <testcase name="testCondition()" classname="com.cedarsoft.commons.NullLockTest" time="0.001"/>
  <system-out><![CDATA[]]></system-out>
  <system-err><![CDATA[]]></system-err>
</testsuite>
