<?xml version="1.0" encoding="UTF-8"?>
<testsuite name="com.cedarsoft.commons.NullLockTest" tests="4" skipped="0" failures="0" errors="0" timestamp="2021-04-01T02:05:04" hostname="runner-cs1zem-v-project-47-concurrent-0" time="0.111">
  <properties/>
  <testcase name="testTimeout()" classname="com.cedarsoft.commons.NullLockTest" time="0.076"/>
  <testcase name="testLocks()" classname="com.cedarsoft.commons.NullLockTest" time="0.012"/>
  <testcase name="testIt()" classname="com.cedarsoft.commons.NullLockTest" time="0.007"/>
  <testcase name="testCondition()" classname="com.cedarsoft.commons.NullLockTest" time="0.002"/>
  <system-out><![CDATA[]]></system-out>
  <system-err><![CDATA[]]></system-err>
</testsuite>
