<?xml version="1.0" encoding="UTF-8"?>
<testsuite name="com.cedarsoft.commons.StringsTest" tests="3" skipped="0" failures="0" errors="0" timestamp="2021-02-10T03:22:11" hostname="runner-pgnkb89--project-47-concurrent-0" time="0.173">
  <properties/>
  <testcase name="testCut()" classname="com.cedarsoft.commons.StringsTest" time="0.008"/>
  <testcase name="testQuote()" classname="com.cedarsoft.commons.StringsTest" time="0.156"/>
  <testcase name="testMaxLengt()" classname="com.cedarsoft.commons.StringsTest" time="0.005"/>
  <system-out><![CDATA[]]></system-out>
  <system-err><![CDATA[]]></system-err>
</testsuite>
