<?xml version="1.0" encoding="UTF-8"?>
<testsuite name="com.cedarsoft.commons.LazyFieldTest" tests="1" skipped="0" failures="0" errors="0" timestamp="2021-12-02T03:09:15" hostname="runner-ioxloixu-project-47-concurrent-0" time="0.205">
  <properties/>
  <testcase name="testSimple()" classname="com.cedarsoft.commons.LazyFieldTest" time="0.205"/>
  <system-out><![CDATA[]]></system-out>
  <system-err><![CDATA[]]></system-err>
</testsuite>
