<?xml version="1.0" encoding="UTF-8"?>
<testsuite name="com.cedarsoft.commons.NullLockTest" tests="4" skipped="0" failures="0" errors="0" timestamp="2022-01-12T03:09:31" hostname="runner-cs1zem-v-project-47-concurrent-0" time="0.042">
  <properties/>
  <testcase name="testTimeout()" classname="com.cedarsoft.commons.NullLockTest" time="0.016"/>
  <testcase name="testLocks()" classname="com.cedarsoft.commons.NullLockTest" time="0.009"/>
  <testcase name="testIt()" classname="com.cedarsoft.commons.NullLockTest" time="0.007"/>
  <testcase name="testCondition()" classname="com.cedarsoft.commons.NullLockTest" time="0.002"/>
  <system-out><![CDATA[]]></system-out>
  <system-err><![CDATA[]]></system-err>
</testsuite>
