<?xml version="1.0" encoding="UTF-8"?>
<testsuite name="com.cedarsoft.commons.NullLockTest" tests="4" skipped="0" failures="0" errors="0" timestamp="2021-06-01T02:04:58" hostname="runner-cs1zem-v-project-47-concurrent-0" time="0.116">
  <properties/>
  <testcase name="testTimeout()" classname="com.cedarsoft.commons.NullLockTest" time="0.084"/>
  <testcase name="testLocks()" classname="com.cedarsoft.commons.NullLockTest" time="0.02"/>
  <testcase name="testIt()" classname="com.cedarsoft.commons.NullLockTest" time="0.003"/>
  <testcase name="testCondition()" classname="com.cedarsoft.commons.NullLockTest" time="0.003"/>
  <system-out><![CDATA[]]></system-out>
  <system-err><![CDATA[]]></system-err>
</testsuite>
