<?xml version="1.0" encoding="UTF-8"?>
<testsuite name="com.cedarsoft.commons.KotlinJavaParamNamesTest" tests="2" skipped="0" failures="0" errors="0" timestamp="2021-05-15T02:07:23" hostname="runner-kggansxr-project-47-concurrent-0" time="5.612">
  <properties/>
  <testcase name="testKotlinParamName$commons()" classname="com.cedarsoft.commons.KotlinJavaParamNamesTest" time="5.509"/>
  <testcase name="testJavaParams$commons()" classname="com.cedarsoft.commons.KotlinJavaParamNamesTest" time="0.091"/>
  <system-out><![CDATA[]]></system-out>
  <system-err><![CDATA[]]></system-err>
</testsuite>
