<?xml version="1.0" encoding="UTF-8"?>
<testsuite name="com.cedarsoft.commons.NullLockTest" tests="4" skipped="0" failures="0" errors="0" timestamp="2021-02-16T03:22:30" hostname="runner-kggansxr-project-47-concurrent-0" time="0.078">
  <properties/>
  <testcase name="testTimeout()" classname="com.cedarsoft.commons.NullLockTest" time="0.039"/>
  <testcase name="testLocks()" classname="com.cedarsoft.commons.NullLockTest" time="0.005"/>
  <testcase name="testIt()" classname="com.cedarsoft.commons.NullLockTest" time="0.019"/>
  <testcase name="testCondition()" classname="com.cedarsoft.commons.NullLockTest" time="0.004"/>
  <system-out><![CDATA[]]></system-out>
  <system-err><![CDATA[]]></system-err>
</testsuite>
