<?xml version="1.0" encoding="UTF-8"?>
<testsuite name="com.cedarsoft.commons.properties.PropertiesPathTest" tests="2" skipped="0" failures="0" errors="0" timestamp="2022-01-28T03:09:23" hostname="runner-ioxloixu-project-47-concurrent-0" time="0.073">
  <properties/>
  <testcase name="testEquals()" classname="com.cedarsoft.commons.properties.PropertiesPathTest" time="0.042"/>
  <testcase name="testPresentation()" classname="com.cedarsoft.commons.properties.PropertiesPathTest" time="0.02"/>
  <system-out><![CDATA[]]></system-out>
  <system-err><![CDATA[]]></system-err>
</testsuite>
