<?xml version="1.0" encoding="UTF-8"?>
<testsuite name="com.cedarsoft.commons.LazyFieldTest" tests="1" skipped="0" failures="0" errors="0" timestamp="2021-06-14T02:07:00" hostname="runner-kggansxr-project-47-concurrent-0" time="0.293">
  <properties/>
  <testcase name="testSimple()" classname="com.cedarsoft.commons.LazyFieldTest" time="0.293"/>
  <system-out><![CDATA[]]></system-out>
  <system-err><![CDATA[]]></system-err>
</testsuite>
