<?xml version="1.0" encoding="UTF-8"?>
<testsuite name="com.cedarsoft.commons.NullLockTest" tests="4" skipped="0" failures="0" errors="0" timestamp="2021-05-10T02:06:08" hostname="runner-cs1zem-v-project-47-concurrent-0" time="0.083">
  <properties/>
  <testcase name="testTimeout()" classname="com.cedarsoft.commons.NullLockTest" time="0.073"/>
  <testcase name="testLocks()" classname="com.cedarsoft.commons.NullLockTest" time="0.002"/>
  <testcase name="testIt()" classname="com.cedarsoft.commons.NullLockTest" time="0.005"/>
  <testcase name="testCondition()" classname="com.cedarsoft.commons.NullLockTest" time="0.001"/>
  <system-out><![CDATA[]]></system-out>
  <system-err><![CDATA[]]></system-err>
</testsuite>
