<?xml version="1.0" encoding="UTF-8"?>
<testsuite name="com.cedarsoft.commons.NullLockTest" tests="4" skipped="0" failures="0" errors="0" timestamp="2021-03-31T02:06:31" hostname="runner-kggansxr-project-47-concurrent-0" time="0.16">
  <properties/>
  <testcase name="testTimeout()" classname="com.cedarsoft.commons.NullLockTest" time="0.116"/>
  <testcase name="testLocks()" classname="com.cedarsoft.commons.NullLockTest" time="0.028"/>
  <testcase name="testIt()" classname="com.cedarsoft.commons.NullLockTest" time="0.004"/>
  <testcase name="testCondition()" classname="com.cedarsoft.commons.NullLockTest" time="0.003"/>
  <system-out><![CDATA[]]></system-out>
  <system-err><![CDATA[]]></system-err>
</testsuite>
