<?xml version="1.0" encoding="UTF-8"?>
<testsuite name="com.cedarsoft.commons.CrlfTest" tests="1" skipped="0" failures="0" errors="0" timestamp="2022-02-10T17:15:34" hostname="runner-ioxloixu-project-47-concurrent-1" time="0.021">
  <properties/>
  <testcase name="testCrlfCheckout()" classname="com.cedarsoft.commons.CrlfTest" time="0.021"/>
  <system-out><![CDATA[]]></system-out>
  <system-err><![CDATA[]]></system-err>
</testsuite>
