<?xml version="1.0" encoding="UTF-8"?>
<testsuite name="com.cedarsoft.commons.KotlinJavaParamNamesTest" tests="2" skipped="0" failures="0" errors="0" timestamp="2021-01-27T03:20:59" hostname="runner-pgnkb89--project-47-concurrent-0" time="3.415">
  <properties/>
  <testcase name="testKotlinParamName$commons()" classname="com.cedarsoft.commons.KotlinJavaParamNamesTest" time="3.378"/>
  <testcase name="testJavaParams$commons()" classname="com.cedarsoft.commons.KotlinJavaParamNamesTest" time="0.026"/>
  <system-out><![CDATA[]]></system-out>
  <system-err><![CDATA[]]></system-err>
</testsuite>
