<?xml version="1.0" encoding="UTF-8"?>
<testsuite name="com.cedarsoft.commons.NullLockTest" tests="4" skipped="0" failures="0" errors="0" timestamp="2021-09-30T02:06:10" hostname="runner-cs1zem-v-project-47-concurrent-0" time="0.102">
  <properties/>
  <testcase name="testTimeout()" classname="com.cedarsoft.commons.NullLockTest" time="0.057"/>
  <testcase name="testLocks()" classname="com.cedarsoft.commons.NullLockTest" time="0.013"/>
  <testcase name="testIt()" classname="com.cedarsoft.commons.NullLockTest" time="0.001"/>
  <testcase name="testCondition()" classname="com.cedarsoft.commons.NullLockTest" time="0.009"/>
  <system-out><![CDATA[]]></system-out>
  <system-err><![CDATA[]]></system-err>
</testsuite>
