<?xml version="1.0" encoding="UTF-8"?>
<testsuite name="com.cedarsoft.commons.SleepTest" tests="2" skipped="1" failures="0" errors="0" timestamp="2021-01-24T03:22:11" hostname="runner-kggansxr-project-47-concurrent-0" time="0.041">
  <properties/>
  <testcase name="testIt()" classname="com.cedarsoft.commons.SleepTest" time="0.003">
    <skipped/>
  </testcase>
  <testcase name="testInterr()" classname="com.cedarsoft.commons.SleepTest" time="0.033"/>
  <system-out><![CDATA[]]></system-out>
  <system-err><![CDATA[]]></system-err>
</testsuite>
