<?xml version="1.0" encoding="UTF-8"?>
<testsuite name="com.cedarsoft.commons.properties.PropertiesPathTest" tests="2" skipped="0" failures="0" errors="0" timestamp="2021-09-25T02:05:49" hostname="runner-cs1zem-v-project-47-concurrent-0" time="0.067">
  <properties/>
  <testcase name="testEquals()" classname="com.cedarsoft.commons.properties.PropertiesPathTest" time="0.029"/>
  <testcase name="testPresentation()" classname="com.cedarsoft.commons.properties.PropertiesPathTest" time="0.037"/>
  <system-out><![CDATA[]]></system-out>
  <system-err><![CDATA[]]></system-err>
</testsuite>
