<?xml version="1.0" encoding="UTF-8"?>
<testsuite name="com.cedarsoft.commons.ExtendedBooleanTest" tests="5" skipped="0" failures="0" errors="0" timestamp="2021-02-03T03:21:33" hostname="runner-pgnkb89--project-47-concurrent-0" time="0.141">
  <properties/>
  <testcase name="testBasic()" classname="com.cedarsoft.commons.ExtendedBooleanTest" time="0.018"/>
  <testcase name="testTranslation2()" classname="com.cedarsoft.commons.ExtendedBooleanTest" time="0.055"/>
  <testcase name="testValueOf()" classname="com.cedarsoft.commons.ExtendedBooleanTest" time="0.001"/>
  <testcase name="testResourceBundles()" classname="com.cedarsoft.commons.ExtendedBooleanTest" time="0.026"/>
  <testcase name="testTranslation()" classname="com.cedarsoft.commons.ExtendedBooleanTest" time="0.008"/>
  <system-out><![CDATA[]]></system-out>
  <system-err><![CDATA[]]></system-err>
</testsuite>
