<?xml version="1.0" encoding="UTF-8"?>
<testsuite name="com.cedarsoft.commons.ExtendedBooleanTest" tests="5" skipped="0" failures="0" errors="0" timestamp="2021-12-20T03:09:34" hostname="runner-ioxloixu-project-47-concurrent-0" time="0.161">
  <properties/>
  <testcase name="testBasic()" classname="com.cedarsoft.commons.ExtendedBooleanTest" time="0.024"/>
  <testcase name="testTranslation2()" classname="com.cedarsoft.commons.ExtendedBooleanTest" time="0.035"/>
  <testcase name="testValueOf()" classname="com.cedarsoft.commons.ExtendedBooleanTest" time="0.001"/>
  <testcase name="testResourceBundles()" classname="com.cedarsoft.commons.ExtendedBooleanTest" time="0.029"/>
  <testcase name="testTranslation()" classname="com.cedarsoft.commons.ExtendedBooleanTest" time="0.041"/>
  <system-out><![CDATA[]]></system-out>
  <system-err><![CDATA[]]></system-err>
</testsuite>
