<?xml version="1.0" encoding="UTF-8"?>
<testsuite name="com.cedarsoft.commons.SleepTest" tests="2" skipped="1" failures="0" errors="0" timestamp="2021-12-12T03:10:04" hostname="runner-cs1zem-v-project-47-concurrent-0" time="0.032">
  <properties/>
  <testcase name="testIt()" classname="com.cedarsoft.commons.SleepTest" time="0.004">
    <skipped/>
  </testcase>
  <testcase name="testInterr()" classname="com.cedarsoft.commons.SleepTest" time="0.023"/>
  <system-out><![CDATA[]]></system-out>
  <system-err><![CDATA[]]></system-err>
</testsuite>
