<?xml version="1.0" encoding="UTF-8"?>
<testsuite name="com.cedarsoft.commons.properties.PropertiesPathTest" tests="2" skipped="0" failures="0" errors="0" timestamp="2021-01-16T03:22:31" hostname="runner-kggansxr-project-47-concurrent-0" time="0.184">
  <properties/>
  <testcase name="testEquals()" classname="com.cedarsoft.commons.properties.PropertiesPathTest" time="0.117"/>
  <testcase name="testPresentation()" classname="com.cedarsoft.commons.properties.PropertiesPathTest" time="0.063"/>
  <system-out><![CDATA[]]></system-out>
  <system-err><![CDATA[]]></system-err>
</testsuite>
