<?xml version="1.0" encoding="UTF-8"?>
<testsuite name="com.cedarsoft.commons.ExtendedBooleanTest" tests="5" skipped="0" failures="0" errors="0" timestamp="2022-02-04T03:09:29" hostname="runner-ioxloixu-project-47-concurrent-0" time="0.12">
  <properties/>
  <testcase name="testBasic()" classname="com.cedarsoft.commons.ExtendedBooleanTest" time="0.025"/>
  <testcase name="testTranslation2()" classname="com.cedarsoft.commons.ExtendedBooleanTest" time="0.036"/>
  <testcase name="testValueOf()" classname="com.cedarsoft.commons.ExtendedBooleanTest" time="0.002"/>
  <testcase name="testResourceBundles()" classname="com.cedarsoft.commons.ExtendedBooleanTest" time="0.004"/>
  <testcase name="testTranslation()" classname="com.cedarsoft.commons.ExtendedBooleanTest" time="0.004"/>
  <system-out><![CDATA[]]></system-out>
  <system-err><![CDATA[]]></system-err>
</testsuite>
