<?xml version="1.0" encoding="UTF-8"?>
<testsuite name="com.cedarsoft.commons.LazyFieldTest" tests="1" skipped="0" failures="0" errors="0" timestamp="2021-07-15T02:05:50" hostname="runner-cs1zem-v-project-47-concurrent-0" time="0.409">
  <properties/>
  <testcase name="testSimple()" classname="com.cedarsoft.commons.LazyFieldTest" time="0.409"/>
  <system-out><![CDATA[]]></system-out>
  <system-err><![CDATA[]]></system-err>
</testsuite>
