<?xml version="1.0" encoding="UTF-8"?>
<testsuite name="com.cedarsoft.commons.ExtendedBooleanTest" tests="5" skipped="0" failures="0" errors="0" timestamp="2021-12-01T03:09:59" hostname="runner-cs1zem-v-project-47-concurrent-0" time="0.115">
  <properties/>
  <testcase name="testBasic()" classname="com.cedarsoft.commons.ExtendedBooleanTest" time="0.04"/>
  <testcase name="testTranslation2()" classname="com.cedarsoft.commons.ExtendedBooleanTest" time="0.009"/>
  <testcase name="testValueOf()" classname="com.cedarsoft.commons.ExtendedBooleanTest" time="0.002"/>
  <testcase name="testResourceBundles()" classname="com.cedarsoft.commons.ExtendedBooleanTest" time="0.005"/>
  <testcase name="testTranslation()" classname="com.cedarsoft.commons.ExtendedBooleanTest" time="0.027"/>
  <system-out><![CDATA[]]></system-out>
  <system-err><![CDATA[]]></system-err>
</testsuite>
