<?xml version="1.0" encoding="UTF-8"?>
<testsuite name="com.cedarsoft.exceptions.handling.ApplicationExceptionFxDialogTest" tests="1" skipped="1" failures="0" errors="0" timestamp="2021-01-30T03:21:18" hostname="runner-cs1zem-v-project-47-concurrent-0" time="0.0">
  <properties/>
  <testcase name="testAppFxExceptionDialog$exception_handling()" classname="com.cedarsoft.exceptions.handling.ApplicationExceptionFxDialogTest" time="0.0">
    <skipped/>
  </testcase>
  <system-out><![CDATA[]]></system-out>
  <system-err><![CDATA[]]></system-err>
</testsuite>
