<?xml version="1.0" encoding="UTF-8"?>
<testsuite name="com.cedarsoft.exceptions.handling.ExceptionPurgerTest" tests="1" skipped="0" failures="0" errors="0" timestamp="2021-08-13T02:07:26" hostname="runner-kggansxr-project-47-concurrent-0" time="1.01">
  <properties/>
  <testcase name="purgeTest()" classname="com.cedarsoft.exceptions.handling.ExceptionPurgerTest" time="1.01"/>
  <system-out><![CDATA[]]></system-out>
  <system-err><![CDATA[]]></system-err>
</testsuite>
