<?xml version="1.0" encoding="UTF-8"?>
<testsuite name="com.cedarsoft.exceptions.handling.ExceptionPurgerTest" tests="1" skipped="0" failures="0" errors="0" timestamp="2022-02-10T17:15:36" hostname="runner-ioxloixu-project-47-concurrent-1" time="0.662">
  <properties/>
  <testcase name="purgeTest()" classname="com.cedarsoft.exceptions.handling.ExceptionPurgerTest" time="0.662"/>
  <system-out><![CDATA[]]></system-out>
  <system-err><![CDATA[]]></system-err>
</testsuite>
