<?xml version="1.0" encoding="UTF-8"?>
<testsuite name="com.cedarsoft.test.io.CarSerializerTest" tests="3" skipped="0" failures="0" errors="0" timestamp="2021-04-13T02:08:37" hostname="runner-kggansxr-project-47-concurrent-0" time="0.329">
  <properties/>
  <testcase name="[1] entry=Entry{object=com.cedarsoft.test.Car@61dc0bce}" classname="com.cedarsoft.test.io.CarSerializerTest" time="0.182"/>
  <testcase name="[2] entry=Entry{object=com.cedarsoft.test.Car@1da87a98}" classname="com.cedarsoft.test.io.CarSerializerTest" time="0.103"/>
  <testcase name="testAsciiArt()" classname="com.cedarsoft.test.io.CarSerializerTest" time="0.001"/>
  <system-out><![CDATA[]]></system-out>
  <system-err><![CDATA[]]></system-err>
</testsuite>
