<?xml version="1.0" encoding="UTF-8"?>
<testsuite name="com.cedarsoft.test.io.CarSerializerTest" tests="3" skipped="0" failures="0" errors="0" timestamp="2021-06-05T02:09:01" hostname="runner-kggansxr-project-47-concurrent-0" time="0.234">
  <properties/>
  <testcase name="[1] entry=Entry{object=com.cedarsoft.test.Car@174751ca}" classname="com.cedarsoft.test.io.CarSerializerTest" time="0.101"/>
  <testcase name="[2] entry=Entry{object=com.cedarsoft.test.Car@17ca849f}" classname="com.cedarsoft.test.io.CarSerializerTest" time="0.112"/>
  <testcase name="testAsciiArt()" classname="com.cedarsoft.test.io.CarSerializerTest" time="0.003"/>
  <system-out><![CDATA[]]></system-out>
  <system-err><![CDATA[]]></system-err>
</testsuite>
