<?xml version="1.0" encoding="UTF-8"?>
<testsuite name="com.cedarsoft.test.io.CarSerializerTest" tests="3" skipped="0" failures="0" errors="0" timestamp="2021-03-30T02:08:12" hostname="runner-kggansxr-project-47-concurrent-0" time="0.223">
  <properties/>
  <testcase name="[1] entry=Entry{object=com.cedarsoft.test.Car@458b6d8}" classname="com.cedarsoft.test.io.CarSerializerTest" time="0.1"/>
  <testcase name="[2] entry=Entry{object=com.cedarsoft.test.Car@41b152ce}" classname="com.cedarsoft.test.io.CarSerializerTest" time="0.11"/>
  <testcase name="testAsciiArt()" classname="com.cedarsoft.test.io.CarSerializerTest" time="0.002"/>
  <system-out><![CDATA[]]></system-out>
  <system-err><![CDATA[]]></system-err>
</testsuite>
