<?xml version="1.0" encoding="UTF-8"?>
<testsuite name="com.cedarsoft.test.io.CarSerializerTest" tests="3" skipped="0" failures="0" errors="0" timestamp="2021-09-09T02:06:37" hostname="runner-cs1zem-v-project-47-concurrent-0" time="0.135">
  <properties/>
  <testcase name="[1] entry=Entry{object=com.cedarsoft.test.Car@bddac1c}" classname="com.cedarsoft.test.io.CarSerializerTest" time="0.043"/>
  <testcase name="[2] entry=Entry{object=com.cedarsoft.test.Car@690e7b89}" classname="com.cedarsoft.test.io.CarSerializerTest" time="0.082"/>
  <testcase name="testAsciiArt()" classname="com.cedarsoft.test.io.CarSerializerTest" time="0.007"/>
  <system-out><![CDATA[]]></system-out>
  <system-err><![CDATA[]]></system-err>
</testsuite>
