<?xml version="1.0" encoding="UTF-8"?>
<testsuite name="com.cedarsoft.test.io.CarSerializerTest" tests="3" skipped="0" failures="0" errors="0" timestamp="2021-02-16T03:24:21" hostname="runner-kggansxr-project-47-concurrent-0" time="0.267">
  <properties/>
  <testcase name="[1] entry=Entry{object=com.cedarsoft.test.Car@7dc31620}" classname="com.cedarsoft.test.io.CarSerializerTest" time="0.149"/>
  <testcase name="[2] entry=Entry{object=com.cedarsoft.test.Car@326a1ed0}" classname="com.cedarsoft.test.io.CarSerializerTest" time="0.088"/>
  <testcase name="testAsciiArt()" classname="com.cedarsoft.test.io.CarSerializerTest" time="0.005"/>
  <system-out><![CDATA[]]></system-out>
  <system-err><![CDATA[]]></system-err>
</testsuite>
