<?xml version="1.0" encoding="UTF-8"?>
<testsuite name="com.cedarsoft.test.io2.CarSerializerTest" tests="1" skipped="0" failures="0" errors="0" timestamp="2022-02-10T17:16:55" hostname="runner-ioxloixu-project-47-concurrent-1" time="0.03">
  <properties/>
  <testcase name="[1] entry=Entry{object=com.cedarsoft.test.Car@589a4305}" classname="com.cedarsoft.test.io2.CarSerializerTest" time="0.03"/>
  <system-out><![CDATA[]]></system-out>
  <system-err><![CDATA[]]></system-err>
</testsuite>
