<?xml version="1.0" encoding="UTF-8"?>
<testsuite name="com.cedarsoft.test.io.CarSerializerTest" tests="3" skipped="0" failures="0" errors="0" timestamp="2021-07-27T02:09:58" hostname="runner-kggansxr-project-47-concurrent-0" time="0.157">
  <properties/>
  <testcase name="[1] entry=Entry{object=com.cedarsoft.test.Car@cb13df3}" classname="com.cedarsoft.test.io.CarSerializerTest" time="0.084"/>
  <testcase name="[2] entry=Entry{object=com.cedarsoft.test.Car@398a582c}" classname="com.cedarsoft.test.io.CarSerializerTest" time="0.064"/>
  <testcase name="testAsciiArt()" classname="com.cedarsoft.test.io.CarSerializerTest" time="0.001"/>
  <system-out><![CDATA[]]></system-out>
  <system-err><![CDATA[]]></system-err>
</testsuite>
