<?xml version="1.0" encoding="UTF-8"?>
<testsuite name="com.cedarsoft.test.io2.CarSerializerTest" tests="1" skipped="0" failures="0" errors="0" timestamp="2022-01-13T03:09:29" hostname="runner-ioxloixu-project-47-concurrent-0" time="0.046">
  <properties/>
  <testcase name="[1] entry=Entry{object=com.cedarsoft.test.Car@188b9a1e}" classname="com.cedarsoft.test.io2.CarSerializerTest" time="0.046"/>
  <system-out><![CDATA[]]></system-out>
  <system-err><![CDATA[]]></system-err>
</testsuite>
