<?xml version="1.0" encoding="UTF-8"?>
<testsuite name="com.cedarsoft.test.io.CarSerializerTest" tests="3" skipped="0" failures="0" errors="0" timestamp="2021-03-16T03:05:44" hostname="runner-cs1zem-v-project-47-concurrent-0" time="0.084">
  <properties/>
  <testcase name="[1] entry=Entry{object=com.cedarsoft.test.Car@56e4e35}" classname="com.cedarsoft.test.io.CarSerializerTest" time="0.03"/>
  <testcase name="[2] entry=Entry{object=com.cedarsoft.test.Car@1a09d68e}" classname="com.cedarsoft.test.io.CarSerializerTest" time="0.03"/>
  <testcase name="testAsciiArt()" classname="com.cedarsoft.test.io.CarSerializerTest" time="0.008"/>
  <system-out><![CDATA[]]></system-out>
  <system-err><![CDATA[]]></system-err>
</testsuite>
