<?xml version="1.0" encoding="UTF-8"?>
<testsuite name="com.cedarsoft.test.io2.MoneySerializerTest" tests="1" skipped="0" failures="0" errors="0" timestamp="2021-04-20T02:08:30" hostname="runner-kggansxr-project-47-concurrent-0" time="0.063">
  <properties/>
  <testcase name="[1] entry=Entry{object=com.cedarsoft.test.Money@4af}" classname="com.cedarsoft.test.io2.MoneySerializerTest" time="0.063"/>
  <system-out><![CDATA[]]></system-out>
  <system-err><![CDATA[]]></system-err>
</testsuite>
