<?xml version="1.0" encoding="UTF-8"?>
<testsuite name="com.cedarsoft.test.io2.CarSerializerTest" tests="1" skipped="0" failures="0" errors="0" timestamp="2021-04-20T02:08:28" hostname="runner-kggansxr-project-47-concurrent-0" time="0.286">
  <properties/>
  <testcase name="[1] entry=Entry{object=com.cedarsoft.test.Car@593494aa}" classname="com.cedarsoft.test.io2.CarSerializerTest" time="0.286"/>
  <system-out><![CDATA[]]></system-out>
  <system-err><![CDATA[]]></system-err>
</testsuite>
