<?xml version="1.0" encoding="UTF-8"?>
<testsuite name="com.cedarsoft.test.io.CarSerializerTest" tests="3" skipped="0" failures="0" errors="0" timestamp="2021-02-09T03:22:55" hostname="runner-pgnkb89--project-47-concurrent-0" time="0.562">
  <properties/>
  <testcase name="[1] entry=Entry{object=com.cedarsoft.test.Car@6f36fa07}" classname="com.cedarsoft.test.io.CarSerializerTest" time="0.095"/>
  <testcase name="[2] entry=Entry{object=com.cedarsoft.test.Car@4cde9304}" classname="com.cedarsoft.test.io.CarSerializerTest" time="0.091"/>
  <testcase name="testAsciiArt()" classname="com.cedarsoft.test.io.CarSerializerTest" time="0.372"/>
  <system-out><![CDATA[]]></system-out>
  <system-err><![CDATA[]]></system-err>
</testsuite>
