<?xml version="1.0" encoding="UTF-8"?>
<testsuite name="com.cedarsoft.test.io.ModelSerializerTest" tests="4" skipped="0" failures="0" errors="0" timestamp="2022-02-10T17:16:55" hostname="runner-ioxloixu-project-47-concurrent-1" time="0.145">
  <properties/>
  <testcase name="[1] entry=Entry{object=com.cedarsoft.test.Model@95abf51e}" classname="com.cedarsoft.test.io.ModelSerializerTest" time="0.029"/>
  <testcase name="[2] entry=Entry{object=com.cedarsoft.test.Model@8e6}" classname="com.cedarsoft.test.io.ModelSerializerTest" time="0.034"/>
  <testcase name="[3] entry=Entry{object=com.cedarsoft.test.Model@1489b7cb}" classname="com.cedarsoft.test.io.ModelSerializerTest" time="0.054"/>
  <testcase name="[4] entry=Entry{object=com.cedarsoft.test.Model@a45467b7}" classname="com.cedarsoft.test.io.ModelSerializerTest" time="0.021"/>
  <system-out><![CDATA[]]></system-out>
  <system-err><![CDATA[]]></system-err>
</testsuite>
