<?xml version="1.0" encoding="UTF-8"?>
<testsuite name="com.cedarsoft.test.io.CarSerializerTest" tests="3" skipped="0" failures="0" errors="0" timestamp="2021-12-06T03:10:24" hostname="runner-cs1zem-v-project-47-concurrent-0" time="1.488">
  <properties/>
  <testcase name="[1] entry=Entry{object=com.cedarsoft.test.Car@64920dc2}" classname="com.cedarsoft.test.io.CarSerializerTest" time="1.238"/>
  <testcase name="[2] entry=Entry{object=com.cedarsoft.test.Car@2d593b56}" classname="com.cedarsoft.test.io.CarSerializerTest" time="0.045"/>
  <testcase name="testAsciiArt()" classname="com.cedarsoft.test.io.CarSerializerTest" time="0.194"/>
  <system-out><![CDATA[]]></system-out>
  <system-err><![CDATA[]]></system-err>
</testsuite>
