<?xml version="1.0" encoding="UTF-8"?>
<testsuite name="com.cedarsoft.test.io.MoneySerializerTest" tests="1" skipped="0" failures="0" errors="0" timestamp="2021-02-09T03:22:55" hostname="runner-pgnkb89--project-47-concurrent-0" time="0.094">
  <properties/>
  <testcase name="[1] entry=Entry{object=com.cedarsoft.test.Money@4af}" classname="com.cedarsoft.test.io.MoneySerializerTest" time="0.094"/>
  <system-out><![CDATA[]]></system-out>
  <system-err><![CDATA[]]></system-err>
</testsuite>
