<?xml version="1.0" encoding="UTF-8"?>
<testsuite name="com.cedarsoft.test.io.CarSerializerTest" tests="3" skipped="0" failures="0" errors="0" timestamp="2021-02-04T03:22:13" hostname="runner-pgnkb89--project-47-concurrent-0" time="0.821">
  <properties/>
  <testcase name="[1] entry=Entry{object=com.cedarsoft.test.Car@16fad275}" classname="com.cedarsoft.test.io.CarSerializerTest" time="0.098"/>
  <testcase name="[2] entry=Entry{object=com.cedarsoft.test.Car@171cd07}" classname="com.cedarsoft.test.io.CarSerializerTest" time="0.067"/>
  <testcase name="testAsciiArt()" classname="com.cedarsoft.test.io.CarSerializerTest" time="0.647"/>
  <system-out><![CDATA[]]></system-out>
  <system-err><![CDATA[]]></system-err>
</testsuite>
