<?xml version="1.0" encoding="UTF-8"?>
<testsuite name="com.cedarsoft.test.io2.CarSerializerTest" tests="1" skipped="0" failures="0" errors="0" timestamp="2021-01-16T03:24:11" hostname="runner-kggansxr-project-47-concurrent-0" time="0.414">
  <properties/>
  <testcase name="[1] entry=Entry{object=com.cedarsoft.test.Car@3206e8f5}" classname="com.cedarsoft.test.io2.CarSerializerTest" time="0.414"/>
  <system-out><![CDATA[]]></system-out>
  <system-err><![CDATA[]]></system-err>
</testsuite>
