<?xml version="1.0" encoding="UTF-8"?>
<testsuite name="com.cedarsoft.test.io.CarSerializerTest" tests="3" skipped="0" failures="0" errors="0" timestamp="2021-09-20T02:06:10" hostname="runner-cs1zem-v-project-47-concurrent-0" time="0.129">
  <properties/>
  <testcase name="[1] entry=Entry{object=com.cedarsoft.test.Car@bddac1c}" classname="com.cedarsoft.test.io.CarSerializerTest" time="0.056"/>
  <testcase name="[2] entry=Entry{object=com.cedarsoft.test.Car@690e7b89}" classname="com.cedarsoft.test.io.CarSerializerTest" time="0.069"/>
  <testcase name="testAsciiArt()" classname="com.cedarsoft.test.io.CarSerializerTest" time="0.001"/>
  <system-out><![CDATA[]]></system-out>
  <system-err><![CDATA[]]></system-err>
</testsuite>
