<?xml version="1.0" encoding="UTF-8"?>
<testsuite name="com.cedarsoft.test.io2.CarSerializerVersionTest" tests="3" skipped="0" failures="0" errors="0" timestamp="2021-08-30T02:06:07" hostname="runner-cs1zem-v-project-47-concurrent-0" time="0.215">
  <properties/>
  <testcase name="[1] entry=com.cedarsoft.serialization.test.utils.AbstractXmlVersionTest2$XmlVersionEntry@5fe3b058" classname="com.cedarsoft.test.io2.CarSerializerVersionTest" time="0.01"/>
  <testcase name="[2] entry=com.cedarsoft.serialization.test.utils.AbstractXmlVersionTest2$XmlVersionEntry@1f75fd1d" classname="com.cedarsoft.test.io2.CarSerializerVersionTest" time="0.012"/>
  <testcase name="testAsciiArt()" classname="com.cedarsoft.test.io2.CarSerializerVersionTest" time="0.189"/>
  <system-out><![CDATA[]]></system-out>
  <system-err><![CDATA[]]></system-err>
</testsuite>
