<?xml version="1.0" encoding="UTF-8"?>
<testsuite name="com.cedarsoft.test.io.MoneySerializerTest" tests="1" skipped="0" failures="0" errors="0" timestamp="2021-01-24T03:24:09" hostname="runner-kggansxr-project-47-concurrent-0" time="0.08">
  <properties/>
  <testcase name="[1] entry=Entry{object=com.cedarsoft.test.Money@4af}" classname="com.cedarsoft.test.io.MoneySerializerTest" time="0.08"/>
  <system-out><![CDATA[]]></system-out>
  <system-err><![CDATA[]]></system-err>
</testsuite>
