<?xml version="1.0" encoding="UTF-8"?>
<testsuite name="com.cedarsoft.test.io.CarSerializerTest" tests="3" skipped="0" failures="0" errors="0" timestamp="2022-02-10T17:16:53" hostname="runner-ioxloixu-project-47-concurrent-1" time="1.963">
  <properties/>
  <testcase name="[1] entry=Entry{object=com.cedarsoft.test.Car@138aa3cc}" classname="com.cedarsoft.test.io.CarSerializerTest" time="1.68"/>
  <testcase name="[2] entry=Entry{object=com.cedarsoft.test.Car@73ddb7ef}" classname="com.cedarsoft.test.io.CarSerializerTest" time="0.069"/>
  <testcase name="testAsciiArt()" classname="com.cedarsoft.test.io.CarSerializerTest" time="0.207"/>
  <system-out><![CDATA[]]></system-out>
  <system-err><![CDATA[]]></system-err>
</testsuite>
