<?xml version="1.0" encoding="UTF-8"?>
<testsuite name="com.cedarsoft.test.io.CarSerializerTest" tests="3" skipped="0" failures="0" errors="0" timestamp="2021-07-15T02:06:36" hostname="runner-cs1zem-v-project-47-concurrent-0" time="0.094">
  <properties/>
  <testcase name="[1] entry=Entry{object=com.cedarsoft.test.Car@c393248}" classname="com.cedarsoft.test.io.CarSerializerTest" time="0.044"/>
  <testcase name="[2] entry=Entry{object=com.cedarsoft.test.Car@5d5f8453}" classname="com.cedarsoft.test.io.CarSerializerTest" time="0.036"/>
  <testcase name="testAsciiArt()" classname="com.cedarsoft.test.io.CarSerializerTest" time="0.005"/>
  <system-out><![CDATA[]]></system-out>
  <system-err><![CDATA[]]></system-err>
</testsuite>
