<?xml version="1.0" encoding="UTF-8"?>
<testsuite name="com.cedarsoft.test.io.CarSerializerTest" tests="3" skipped="0" failures="0" errors="0" timestamp="2021-02-17T03:22:46" hostname="runner-pgnkb89--project-47-concurrent-0" time="0.728">
  <properties/>
  <testcase name="[1] entry=Entry{object=com.cedarsoft.test.Car@5facf1e5}" classname="com.cedarsoft.test.io.CarSerializerTest" time="0.089"/>
  <testcase name="[2] entry=Entry{object=com.cedarsoft.test.Car@43de7315}" classname="com.cedarsoft.test.io.CarSerializerTest" time="0.096"/>
  <testcase name="testAsciiArt()" classname="com.cedarsoft.test.io.CarSerializerTest" time="0.532"/>
  <system-out><![CDATA[]]></system-out>
  <system-err><![CDATA[]]></system-err>
</testsuite>
