<?xml version="1.0" encoding="UTF-8"?>
<testsuite name="com.cedarsoft.test.io.CarSerializerTest" tests="3" skipped="0" failures="0" errors="0" timestamp="2021-08-09T02:10:58" hostname="runner-kggansxr-project-47-concurrent-0" time="0.129">
  <properties/>
  <testcase name="[1] entry=Entry{object=com.cedarsoft.test.Car@de767c9}" classname="com.cedarsoft.test.io.CarSerializerTest" time="0.046"/>
  <testcase name="[2] entry=Entry{object=com.cedarsoft.test.Car@6f260c7b}" classname="com.cedarsoft.test.io.CarSerializerTest" time="0.075"/>
  <testcase name="testAsciiArt()" classname="com.cedarsoft.test.io.CarSerializerTest" time="0.003"/>
  <system-out><![CDATA[]]></system-out>
  <system-err><![CDATA[]]></system-err>
</testsuite>
