<?xml version="1.0" encoding="UTF-8"?>
<testsuite name="com.cedarsoft.test.io2.MoneySerializerVersionsTest" tests="2" skipped="0" failures="0" errors="0" timestamp="2021-05-27T02:05:57" hostname="runner-cs1zem-v-project-47-concurrent-0" time="0.02">
  <properties/>
  <testcase name="[1] entry=com.cedarsoft.serialization.test.utils.AbstractXmlVersionTest2$XmlVersionEntry@5e6d6581" classname="com.cedarsoft.test.io2.MoneySerializerVersionsTest" time="0.01"/>
  <testcase name="[2] entry=com.cedarsoft.serialization.test.utils.AbstractXmlVersionTest2$XmlVersionEntry@5f1e6f8a" classname="com.cedarsoft.test.io2.MoneySerializerVersionsTest" time="0.008"/>
  <system-out><![CDATA[]]></system-out>
  <system-err><![CDATA[]]></system-err>
</testsuite>
