<?xml version="1.0" encoding="UTF-8"?>
<testsuite name="com.cedarsoft.test.io.CarSerializerTest" tests="3" skipped="0" failures="0" errors="0" timestamp="2021-02-06T03:22:36" hostname="runner-pgnkb89--project-47-concurrent-0" time="0.376">
  <properties/>
  <testcase name="[1] entry=Entry{object=com.cedarsoft.test.Car@5e3009ad}" classname="com.cedarsoft.test.io.CarSerializerTest" time="0.073"/>
  <testcase name="[2] entry=Entry{object=com.cedarsoft.test.Car@7ab3a0da}" classname="com.cedarsoft.test.io.CarSerializerTest" time="0.048"/>
  <testcase name="testAsciiArt()" classname="com.cedarsoft.test.io.CarSerializerTest" time="0.24"/>
  <system-out><![CDATA[]]></system-out>
  <system-err><![CDATA[]]></system-err>
</testsuite>
