<?xml version="1.0" encoding="UTF-8"?>
<testsuite name="com.cedarsoft.test.io2.CarSerializerTest" tests="1" skipped="0" failures="0" errors="0" timestamp="2021-11-20T03:10:03" hostname="runner-ioxloixu-project-47-concurrent-0" time="0.037">
  <properties/>
  <testcase name="[1] entry=Entry{object=com.cedarsoft.test.Car@6f12b637}" classname="com.cedarsoft.test.io2.CarSerializerTest" time="0.037"/>
  <system-out><![CDATA[]]></system-out>
  <system-err><![CDATA[]]></system-err>
</testsuite>
