<?xml version="1.0" encoding="UTF-8"?>
<testsuite name="com.cedarsoft.test.io.CarSerializerTest" tests="3" skipped="0" failures="0" errors="0" timestamp="2021-07-06T02:06:47" hostname="runner-cs1zem-v-project-47-concurrent-0" time="0.106">
  <properties/>
  <testcase name="[1] entry=Entry{object=com.cedarsoft.test.Car@fabe567}" classname="com.cedarsoft.test.io.CarSerializerTest" time="0.05"/>
  <testcase name="[2] entry=Entry{object=com.cedarsoft.test.Car@2eb56014}" classname="com.cedarsoft.test.io.CarSerializerTest" time="0.05"/>
  <testcase name="testAsciiArt()" classname="com.cedarsoft.test.io.CarSerializerTest" time="0.004"/>
  <system-out><![CDATA[]]></system-out>
  <system-err><![CDATA[]]></system-err>
</testsuite>
