<?xml version="1.0" encoding="UTF-8"?>
<testsuite name="com.cedarsoft.test.io2.MoneySerializerManualVersionTest" tests="3" skipped="0" failures="0" errors="0" timestamp="2021-07-21T02:09:37" hostname="runner-kggansxr-project-47-concurrent-0" time="1.79">
  <properties/>
  <testcase name="testCurrentFormat()" classname="com.cedarsoft.test.io2.MoneySerializerManualVersionTest" time="0.653"/>
  <testcase name="testCurrent()" classname="com.cedarsoft.test.io2.MoneySerializerManualVersionTest" time="1.022"/>
  <testcase name="testOldFormat()" classname="com.cedarsoft.test.io2.MoneySerializerManualVersionTest" time="0.113"/>
  <system-out><![CDATA[]]></system-out>
  <system-err><![CDATA[]]></system-err>
</testsuite>
