<?xml version="1.0" encoding="UTF-8"?>
<testsuite name="com.cedarsoft.test.io2.CarSerializerTest" tests="1" skipped="0" failures="0" errors="0" timestamp="2021-07-20T02:09:52" hostname="runner-kggansxr-project-47-concurrent-0" time="0.557">
  <properties/>
  <testcase name="[1] entry=Entry{object=com.cedarsoft.test.Car@4a706ba1}" classname="com.cedarsoft.test.io2.CarSerializerTest" time="0.557"/>
  <system-out><![CDATA[]]></system-out>
  <system-err><![CDATA[]]></system-err>
</testsuite>
