<?xml version="1.0" encoding="UTF-8"?>
<testsuite name="com.cedarsoft.test.io.CarSerializerTest" tests="3" skipped="0" failures="0" errors="0" timestamp="2021-12-21T03:09:54" hostname="runner-ioxloixu-project-47-concurrent-0" time="1.653">
  <properties/>
  <testcase name="[1] entry=Entry{object=com.cedarsoft.test.Car@64920dc2}" classname="com.cedarsoft.test.io.CarSerializerTest" time="1.339"/>
  <testcase name="[2] entry=Entry{object=com.cedarsoft.test.Car@2d593b56}" classname="com.cedarsoft.test.io.CarSerializerTest" time="0.083"/>
  <testcase name="testAsciiArt()" classname="com.cedarsoft.test.io.CarSerializerTest" time="0.218"/>
  <system-out><![CDATA[]]></system-out>
  <system-err><![CDATA[]]></system-err>
</testsuite>
