<?xml version="1.0" encoding="UTF-8"?>
<testsuite name="com.cedarsoft.test.io2.CarSerializerVersionTest" tests="3" skipped="0" failures="0" errors="0" timestamp="2021-04-09T02:05:46" hostname="runner-cs1zem-v-project-47-concurrent-0" time="0.386">
  <properties/>
  <testcase name="[1] entry=com.cedarsoft.serialization.test.utils.AbstractXmlVersionTest2$XmlVersionEntry@593ed899" classname="com.cedarsoft.test.io2.CarSerializerVersionTest" time="0.012"/>
  <testcase name="[2] entry=com.cedarsoft.serialization.test.utils.AbstractXmlVersionTest2$XmlVersionEntry@5a188dd1" classname="com.cedarsoft.test.io2.CarSerializerVersionTest" time="0.011"/>
  <testcase name="testAsciiArt()" classname="com.cedarsoft.test.io2.CarSerializerVersionTest" time="0.354"/>
  <system-out><![CDATA[]]></system-out>
  <system-err><![CDATA[]]></system-err>
</testsuite>
