<?xml version="1.0" encoding="UTF-8"?>
<testsuite name="com.cedarsoft.test.io.ExtraSerializerTest" tests="2" skipped="0" failures="0" errors="0" timestamp="2022-01-28T03:10:06" hostname="runner-ioxloixu-project-47-concurrent-0" time="0.059">
  <properties/>
  <testcase name="[1] entry=Entry{object=com.cedarsoft.test.Extra@386a39e1}" classname="com.cedarsoft.test.io.ExtraSerializerTest" time="0.038"/>
  <testcase name="[2] entry=Entry{object=com.cedarsoft.test.Extra@3f484e08}" classname="com.cedarsoft.test.io.ExtraSerializerTest" time="0.019"/>
  <system-out><![CDATA[]]></system-out>
  <system-err><![CDATA[]]></system-err>
</testsuite>
