<?xml version="1.0" encoding="UTF-8"?>
<testsuite name="com.cedarsoft.test.io.CarSerializerTest" tests="3" skipped="0" failures="0" errors="0" timestamp="2022-02-11T03:10:54" hostname="runner-cs1zem-v-project-47-concurrent-0" time="1.541">
  <properties/>
  <testcase name="[1] entry=Entry{object=com.cedarsoft.test.Car@138aa3cc}" classname="com.cedarsoft.test.io.CarSerializerTest" time="1.026"/>
  <testcase name="[2] entry=Entry{object=com.cedarsoft.test.Car@73ddb7ef}" classname="com.cedarsoft.test.io.CarSerializerTest" time="0.067"/>
  <testcase name="testAsciiArt()" classname="com.cedarsoft.test.io.CarSerializerTest" time="0.438"/>
  <system-out><![CDATA[]]></system-out>
  <system-err><![CDATA[]]></system-err>
</testsuite>
