<?xml version="1.0" encoding="UTF-8"?>
<testsuite name="com.cedarsoft.test.io.CarSerializerTest" tests="3" skipped="0" failures="0" errors="0" timestamp="2021-08-01T02:10:04" hostname="runner-kggansxr-project-47-concurrent-0" time="0.165">
  <properties/>
  <testcase name="[1] entry=Entry{object=com.cedarsoft.test.Car@5dfd0d17}" classname="com.cedarsoft.test.io.CarSerializerTest" time="0.061"/>
  <testcase name="[2] entry=Entry{object=com.cedarsoft.test.Car@84d77f9}" classname="com.cedarsoft.test.io.CarSerializerTest" time="0.099"/>
  <testcase name="testAsciiArt()" classname="com.cedarsoft.test.io.CarSerializerTest" time="0.002"/>
  <system-out><![CDATA[]]></system-out>
  <system-err><![CDATA[]]></system-err>
</testsuite>
