<?xml version="1.0" encoding="UTF-8"?>
<testsuite name="com.cedarsoft.test.io.CarSerializerTest" tests="3" skipped="0" failures="0" errors="0" timestamp="2021-01-14T03:24:25" hostname="runner-kggansxr-project-47-concurrent-0" time="0.134">
  <properties/>
  <testcase name="[1] entry=Entry{object=com.cedarsoft.test.Car@3097c314}" classname="com.cedarsoft.test.io.CarSerializerTest" time="0.043"/>
  <testcase name="[2] entry=Entry{object=com.cedarsoft.test.Car@1e269a68}" classname="com.cedarsoft.test.io.CarSerializerTest" time="0.082"/>
  <testcase name="testAsciiArt()" classname="com.cedarsoft.test.io.CarSerializerTest" time="0.006"/>
  <system-out><![CDATA[]]></system-out>
  <system-err><![CDATA[]]></system-err>
</testsuite>
