<?xml version="1.0" encoding="UTF-8"?>
<testsuite name="com.cedarsoft.test.io.CarSerializerTest" tests="3" skipped="0" failures="0" errors="0" timestamp="2021-02-02T03:22:27" hostname="runner-pgnkb89--project-47-concurrent-0" time="0.526">
  <properties/>
  <testcase name="[1] entry=Entry{object=com.cedarsoft.test.Car@34e625b}" classname="com.cedarsoft.test.io.CarSerializerTest" time="0.107"/>
  <testcase name="[2] entry=Entry{object=com.cedarsoft.test.Car@7454098a}" classname="com.cedarsoft.test.io.CarSerializerTest" time="0.066"/>
  <testcase name="testAsciiArt()" classname="com.cedarsoft.test.io.CarSerializerTest" time="0.34"/>
  <system-out><![CDATA[]]></system-out>
  <system-err><![CDATA[]]></system-err>
</testsuite>
