<?xml version="1.0" encoding="UTF-8"?>
<testsuite name="com.cedarsoft.test.io.CarSerializerTest" tests="3" skipped="0" failures="0" errors="0" timestamp="2021-06-04T02:06:05" hostname="runner-cs1zem-v-project-47-concurrent-0" time="0.121">
  <properties/>
  <testcase name="[1] entry=Entry{object=com.cedarsoft.test.Car@31fe7b64}" classname="com.cedarsoft.test.io.CarSerializerTest" time="0.06"/>
  <testcase name="[2] entry=Entry{object=com.cedarsoft.test.Car@56fc62c0}" classname="com.cedarsoft.test.io.CarSerializerTest" time="0.04"/>
  <testcase name="testAsciiArt()" classname="com.cedarsoft.test.io.CarSerializerTest" time="0.01"/>
  <system-out><![CDATA[]]></system-out>
  <system-err><![CDATA[]]></system-err>
</testsuite>
