<?xml version="1.0" encoding="UTF-8"?>
<testsuite name="com.cedarsoft.test.io2.CarSerializerTest" tests="1" skipped="0" failures="0" errors="0" timestamp="2021-01-22T03:23:29" hostname="runner-kggansxr-project-47-concurrent-0" time="0.382">
  <properties/>
  <testcase name="[1] entry=Entry{object=com.cedarsoft.test.Car@3cfc8b9b}" classname="com.cedarsoft.test.io2.CarSerializerTest" time="0.382"/>
  <system-out><![CDATA[]]></system-out>
  <system-err><![CDATA[]]></system-err>
</testsuite>
