<?xml version="1.0" encoding="UTF-8"?>
<testsuite name="com.cedarsoft.test.io2.CarSerializerVersionTest" tests="3" skipped="0" failures="0" errors="0" timestamp="2022-02-10T17:16:55" hostname="runner-ioxloixu-project-47-concurrent-1" time="0.035">
  <properties/>
  <testcase name="[1] entry=com.cedarsoft.serialization.test.utils.AbstractXmlVersionTest2$XmlVersionEntry@705dc1a6" classname="com.cedarsoft.test.io2.CarSerializerVersionTest" time="0.01"/>
  <testcase name="[2] entry=com.cedarsoft.serialization.test.utils.AbstractXmlVersionTest2$XmlVersionEntry@4a45ff31" classname="com.cedarsoft.test.io2.CarSerializerVersionTest" time="0.015"/>
  <testcase name="testAsciiArt()" classname="com.cedarsoft.test.io2.CarSerializerVersionTest" time="0.003"/>
  <system-out><![CDATA[]]></system-out>
  <system-err><![CDATA[]]></system-err>
</testsuite>
