<?xml version="1.0" encoding="UTF-8"?>
<testsuite name="com.cedarsoft.test.io2.CarSerializerVersionTest" tests="3" skipped="0" failures="0" errors="0" timestamp="2021-02-25T03:21:21" hostname="runner-cs1zem-v-project-47-concurrent-0" time="0.442">
  <properties/>
  <testcase name="[1] entry=com.cedarsoft.serialization.test.utils.AbstractXmlVersionTest2$XmlVersionEntry@1413b31b" classname="com.cedarsoft.test.io2.CarSerializerVersionTest" time="0.031"/>
  <testcase name="[2] entry=com.cedarsoft.serialization.test.utils.AbstractXmlVersionTest2$XmlVersionEntry@225d8e83" classname="com.cedarsoft.test.io2.CarSerializerVersionTest" time="0.004"/>
  <testcase name="testAsciiArt()" classname="com.cedarsoft.test.io2.CarSerializerVersionTest" time="0.39"/>
  <system-out><![CDATA[]]></system-out>
  <system-err><![CDATA[]]></system-err>
</testsuite>
