<?xml version="1.0" encoding="UTF-8"?>
<testsuite name="com.cedarsoft.test.io.CarSerializerTest" tests="3" skipped="0" failures="0" errors="0" timestamp="2021-08-25T02:06:17" hostname="runner-cs1zem-v-project-47-concurrent-0" time="0.15">
  <properties/>
  <testcase name="[1] entry=Entry{object=com.cedarsoft.test.Car@41c83af0}" classname="com.cedarsoft.test.io.CarSerializerTest" time="0.068"/>
  <testcase name="[2] entry=Entry{object=com.cedarsoft.test.Car@115924ba}" classname="com.cedarsoft.test.io.CarSerializerTest" time="0.073"/>
  <testcase name="testAsciiArt()" classname="com.cedarsoft.test.io.CarSerializerTest" time="0.008"/>
  <system-out><![CDATA[]]></system-out>
  <system-err><![CDATA[]]></system-err>
</testsuite>
