<?xml version="1.0" encoding="UTF-8"?>
<testsuite name="com.cedarsoft.test.io.CarSerializerTest" tests="3" skipped="0" failures="0" errors="0" timestamp="2021-09-22T02:06:30" hostname="runner-cs1zem-v-project-47-concurrent-0" time="0.1">
  <properties/>
  <testcase name="[1] entry=Entry{object=com.cedarsoft.test.Car@712213ed}" classname="com.cedarsoft.test.io.CarSerializerTest" time="0.045"/>
  <testcase name="[2] entry=Entry{object=com.cedarsoft.test.Car@22a8c837}" classname="com.cedarsoft.test.io.CarSerializerTest" time="0.038"/>
  <testcase name="testAsciiArt()" classname="com.cedarsoft.test.io.CarSerializerTest" time="0.014"/>
  <system-out><![CDATA[]]></system-out>
  <system-err><![CDATA[]]></system-err>
</testsuite>
