<?xml version="1.0" encoding="UTF-8"?>
<testsuite name="com.cedarsoft.test.io.CarSerializerTest" tests="3" skipped="0" failures="0" errors="0" timestamp="2021-01-12T21:08:46" hostname="runner-kggansxr-project-47-concurrent-0" time="0.157">
  <properties/>
  <testcase name="[1] entry=Entry{object=com.cedarsoft.test.Car@648d6ac5}" classname="com.cedarsoft.test.io.CarSerializerTest" time="0.071"/>
  <testcase name="[2] entry=Entry{object=com.cedarsoft.test.Car@3878136}" classname="com.cedarsoft.test.io.CarSerializerTest" time="0.076"/>
  <testcase name="testAsciiArt()" classname="com.cedarsoft.test.io.CarSerializerTest" time="0.008"/>
  <system-out><![CDATA[]]></system-out>
  <system-err><![CDATA[]]></system-err>
</testsuite>
