<?xml version="1.0" encoding="UTF-8"?>
<testsuite name="com.cedarsoft.test.io.CarSerializerTest" tests="3" skipped="0" failures="0" errors="0" timestamp="2021-03-03T03:07:01" hostname="runner-pgnkb89--project-47-concurrent-0" time="0.557">
  <properties/>
  <testcase name="[1] entry=Entry{object=com.cedarsoft.test.Car@a4e28c8}" classname="com.cedarsoft.test.io.CarSerializerTest" time="0.067"/>
  <testcase name="[2] entry=Entry{object=com.cedarsoft.test.Car@6c752df7}" classname="com.cedarsoft.test.io.CarSerializerTest" time="0.079"/>
  <testcase name="testAsciiArt()" classname="com.cedarsoft.test.io.CarSerializerTest" time="0.407"/>
  <system-out><![CDATA[]]></system-out>
  <system-err><![CDATA[]]></system-err>
</testsuite>
