<?xml version="1.0" encoding="UTF-8"?>
<testsuite name="com.cedarsoft.test.io.CarSerializerTest" tests="3" skipped="0" failures="0" errors="0" timestamp="2021-07-12T02:06:28" hostname="runner-cs1zem-v-project-47-concurrent-0" time="0.105">
  <properties/>
  <testcase name="[1] entry=Entry{object=com.cedarsoft.test.Car@1993f919}" classname="com.cedarsoft.test.io.CarSerializerTest" time="0.036"/>
  <testcase name="[2] entry=Entry{object=com.cedarsoft.test.Car@27f9a69b}" classname="com.cedarsoft.test.io.CarSerializerTest" time="0.039"/>
  <testcase name="testAsciiArt()" classname="com.cedarsoft.test.io.CarSerializerTest" time="0.003"/>
  <system-out><![CDATA[]]></system-out>
  <system-err><![CDATA[]]></system-err>
</testsuite>
