<?xml version="1.0" encoding="UTF-8"?>
<testsuite name="com.cedarsoft.test.io.ModelSerializerTest" tests="4" skipped="0" failures="0" errors="0" timestamp="2021-04-09T15:43:09" hostname="runner-cs1zem-v-project-47-concurrent-0" time="0.123">
  <properties/>
  <testcase name="[1] entry=Entry{object=com.cedarsoft.test.Model@95abf51e}" classname="com.cedarsoft.test.io.ModelSerializerTest" time="0.012"/>
  <testcase name="[2] entry=Entry{object=com.cedarsoft.test.Model@8e6}" classname="com.cedarsoft.test.io.ModelSerializerTest" time="0.017"/>
  <testcase name="[3] entry=Entry{object=com.cedarsoft.test.Model@1489b7cb}" classname="com.cedarsoft.test.io.ModelSerializerTest" time="0.053"/>
  <testcase name="[4] entry=Entry{object=com.cedarsoft.test.Model@a45467b7}" classname="com.cedarsoft.test.io.ModelSerializerTest" time="0.034"/>
  <system-out><![CDATA[]]></system-out>
  <system-err><![CDATA[]]></system-err>
</testsuite>
