<?xml version="1.0" encoding="UTF-8"?>
<testsuite name="com.cedarsoft.test.io.CarSerializerTest" tests="3" skipped="0" failures="0" errors="0" timestamp="2021-02-24T03:22:08" hostname="runner-cs1zem-v-project-47-concurrent-0" time="0.15">
  <properties/>
  <testcase name="[1] entry=Entry{object=com.cedarsoft.test.Car@46c36611}" classname="com.cedarsoft.test.io.CarSerializerTest" time="0.089"/>
  <testcase name="[2] entry=Entry{object=com.cedarsoft.test.Car@5a75e580}" classname="com.cedarsoft.test.io.CarSerializerTest" time="0.044"/>
  <testcase name="testAsciiArt()" classname="com.cedarsoft.test.io.CarSerializerTest" time="0.004"/>
  <system-out><![CDATA[]]></system-out>
  <system-err><![CDATA[]]></system-err>
</testsuite>
