<?xml version="1.0" encoding="UTF-8"?>
<testsuite name="com.cedarsoft.test.io.CarSerializerTest" tests="3" skipped="0" failures="0" errors="0" timestamp="2021-12-11T03:10:07" hostname="runner-ioxloixu-project-47-concurrent-0" time="1.059">
  <properties/>
  <testcase name="[1] entry=Entry{object=com.cedarsoft.test.Car@64920dc2}" classname="com.cedarsoft.test.io.CarSerializerTest" time="0.879"/>
  <testcase name="[2] entry=Entry{object=com.cedarsoft.test.Car@2d593b56}" classname="com.cedarsoft.test.io.CarSerializerTest" time="0.057"/>
  <testcase name="testAsciiArt()" classname="com.cedarsoft.test.io.CarSerializerTest" time="0.109"/>
  <system-out><![CDATA[]]></system-out>
  <system-err><![CDATA[]]></system-err>
</testsuite>
