<?xml version="1.0" encoding="UTF-8"?>
<testsuite name="com.cedarsoft.test.io.CarSerializerTest" tests="3" skipped="0" failures="0" errors="0" timestamp="2021-03-04T03:06:58" hostname="runner-pgnkb89--project-47-concurrent-0" time="0.358">
  <properties/>
  <testcase name="[1] entry=Entry{object=com.cedarsoft.test.Car@3f1320d1}" classname="com.cedarsoft.test.io.CarSerializerTest" time="0.061"/>
  <testcase name="[2] entry=Entry{object=com.cedarsoft.test.Car@39b671c7}" classname="com.cedarsoft.test.io.CarSerializerTest" time="0.069"/>
  <testcase name="testAsciiArt()" classname="com.cedarsoft.test.io.CarSerializerTest" time="0.225"/>
  <system-out><![CDATA[]]></system-out>
  <system-err><![CDATA[]]></system-err>
</testsuite>
