<?xml version="1.0" encoding="UTF-8"?>
<testsuite name="com.cedarsoft.test.io.CarSerializerTest" tests="3" skipped="0" failures="0" errors="0" timestamp="2021-08-05T02:09:52" hostname="runner-kggansxr-project-47-concurrent-0" time="0.189">
  <properties/>
  <testcase name="[1] entry=Entry{object=com.cedarsoft.test.Car@40a05616}" classname="com.cedarsoft.test.io.CarSerializerTest" time="0.089"/>
  <testcase name="[2] entry=Entry{object=com.cedarsoft.test.Car@7db11f71}" classname="com.cedarsoft.test.io.CarSerializerTest" time="0.089"/>
  <testcase name="testAsciiArt()" classname="com.cedarsoft.test.io.CarSerializerTest" time="0.005"/>
  <system-out><![CDATA[]]></system-out>
  <system-err><![CDATA[]]></system-err>
</testsuite>
