<?xml version="1.0" encoding="UTF-8"?>
<testsuite name="com.cedarsoft.test.io.CarSerializerTest" tests="3" skipped="0" failures="0" errors="0" timestamp="2021-02-21T03:22:38" hostname="runner-pgnkb89--project-47-concurrent-0" time="0.248">
  <properties/>
  <testcase name="[1] entry=Entry{object=com.cedarsoft.test.Car@1ea89f0}" classname="com.cedarsoft.test.io.CarSerializerTest" time="0.037"/>
  <testcase name="[2] entry=Entry{object=com.cedarsoft.test.Car@50210d5b}" classname="com.cedarsoft.test.io.CarSerializerTest" time="0.028"/>
  <testcase name="testAsciiArt()" classname="com.cedarsoft.test.io.CarSerializerTest" time="0.18"/>
  <system-out><![CDATA[]]></system-out>
  <system-err><![CDATA[]]></system-err>
</testsuite>
