<?xml version="1.0" encoding="UTF-8"?>
<testsuite name="com.cedarsoft.test.io.CarSerializerTest" tests="3" skipped="0" failures="0" errors="0" timestamp="2021-11-16T03:09:46" hostname="runner-ioxloixu-project-47-concurrent-0" time="0.133">
  <properties/>
  <testcase name="[1] entry=Entry{object=com.cedarsoft.test.Car@32b8992e}" classname="com.cedarsoft.test.io.CarSerializerTest" time="0.066"/>
  <testcase name="[2] entry=Entry{object=com.cedarsoft.test.Car@e21d73}" classname="com.cedarsoft.test.io.CarSerializerTest" time="0.062"/>
  <testcase name="testAsciiArt()" classname="com.cedarsoft.test.io.CarSerializerTest" time="0.001"/>
  <system-out><![CDATA[]]></system-out>
  <system-err><![CDATA[]]></system-err>
</testsuite>
