<?xml version="1.0" encoding="UTF-8"?>
<testsuite name="com.cedarsoft.test.io.CarSerializerTest" tests="3" skipped="0" failures="0" errors="0" timestamp="2021-04-20T02:08:30" hostname="runner-kggansxr-project-47-concurrent-0" time="0.161">
  <properties/>
  <testcase name="[1] entry=Entry{object=com.cedarsoft.test.Car@684de408}" classname="com.cedarsoft.test.io.CarSerializerTest" time="0.046"/>
  <testcase name="[2] entry=Entry{object=com.cedarsoft.test.Car@7a8e75c0}" classname="com.cedarsoft.test.io.CarSerializerTest" time="0.067"/>
  <testcase name="testAsciiArt()" classname="com.cedarsoft.test.io.CarSerializerTest" time="0.003"/>
  <system-out><![CDATA[]]></system-out>
  <system-err><![CDATA[]]></system-err>
</testsuite>
