<?xml version="1.0" encoding="UTF-8"?>
<testsuite name="com.cedarsoft.test.io.CarSerializerTest" tests="3" skipped="0" failures="0" errors="0" timestamp="2021-05-15T02:09:31" hostname="runner-kggansxr-project-47-concurrent-0" time="0.099">
  <properties/>
  <testcase name="[1] entry=Entry{object=com.cedarsoft.test.Car@3108ed4b}" classname="com.cedarsoft.test.io.CarSerializerTest" time="0.037"/>
  <testcase name="[2] entry=Entry{object=com.cedarsoft.test.Car@4d39606a}" classname="com.cedarsoft.test.io.CarSerializerTest" time="0.048"/>
  <testcase name="testAsciiArt()" classname="com.cedarsoft.test.io.CarSerializerTest" time="0.013"/>
  <system-out><![CDATA[]]></system-out>
  <system-err><![CDATA[]]></system-err>
</testsuite>
