<?xml version="1.0" encoding="UTF-8"?>
<testsuite name="com.cedarsoft.test.io.CarSerializerTest" tests="3" skipped="0" failures="0" errors="0" timestamp="2021-07-05T02:06:09" hostname="runner-cs1zem-v-project-47-concurrent-0" time="0.113">
  <properties/>
  <testcase name="[1] entry=Entry{object=com.cedarsoft.test.Car@1dd4c031}" classname="com.cedarsoft.test.io.CarSerializerTest" time="0.035"/>
  <testcase name="[2] entry=Entry{object=com.cedarsoft.test.Car@791f9183}" classname="com.cedarsoft.test.io.CarSerializerTest" time="0.068"/>
  <testcase name="testAsciiArt()" classname="com.cedarsoft.test.io.CarSerializerTest" time="0.001"/>
  <system-out><![CDATA[]]></system-out>
  <system-err><![CDATA[]]></system-err>
</testsuite>
