<?xml version="1.0" encoding="UTF-8"?>
<testsuite name="com.cedarsoft.test.io2.ExtraSerializerTest" tests="1" skipped="0" failures="0" errors="0" timestamp="2021-02-16T03:24:20" hostname="runner-kggansxr-project-47-concurrent-0" time="0.106">
  <properties/>
  <testcase name="[1] entry=Entry{object=com.cedarsoft.test.Extra@b069c7da}" classname="com.cedarsoft.test.io2.ExtraSerializerTest" time="0.106"/>
  <system-out><![CDATA[]]></system-out>
  <system-err><![CDATA[]]></system-err>
</testsuite>
