<?xml version="1.0" encoding="UTF-8"?>
<testsuite name="com.cedarsoft.test.io.CarSerializerTest" tests="3" skipped="0" failures="0" errors="0" timestamp="2021-04-29T02:06:27" hostname="runner-cs1zem-v-project-47-concurrent-0" time="0.123">
  <properties/>
  <testcase name="[1] entry=Entry{object=com.cedarsoft.test.Car@782d7f3a}" classname="com.cedarsoft.test.io.CarSerializerTest" time="0.055"/>
  <testcase name="[2] entry=Entry{object=com.cedarsoft.test.Car@7dffcf42}" classname="com.cedarsoft.test.io.CarSerializerTest" time="0.054"/>
  <testcase name="testAsciiArt()" classname="com.cedarsoft.test.io.CarSerializerTest" time="0.004"/>
  <system-out><![CDATA[]]></system-out>
  <system-err><![CDATA[]]></system-err>
</testsuite>
