<?xml version="1.0" encoding="UTF-8"?>
<testsuite name="com.cedarsoft.swing.common.ColorToolsTest" tests="3" skipped="0" failures="0" errors="0" timestamp="2021-01-12T17:33:06" hostname="runner-cs1zem-v-project-47-concurrent-0" time="0.034">
  <properties/>
  <testcase name="bounds()" classname="com.cedarsoft.swing.common.ColorToolsTest" time="0.022"/>
  <testcase name="parseRgb()" classname="com.cedarsoft.swing.common.ColorToolsTest" time="0.001"/>
  <testcase name="rgb2string()" classname="com.cedarsoft.swing.common.ColorToolsTest" time="0.008"/>
  <system-out><![CDATA[]]></system-out>
  <system-err><![CDATA[]]></system-err>
</testsuite>
