<?xml version="1.0" encoding="UTF-8"?>
<testsuite name="com.cedarsoft.swing.common.ImageComponentTest" tests="1" skipped="0" failures="0" errors="0" timestamp="2021-02-10T03:22:50" hostname="runner-pgnkb89--project-47-concurrent-0" time="0.254">
  <properties/>
  <testcase name="testDefault()" classname="com.cedarsoft.swing.common.ImageComponentTest" time="0.254"/>
  <system-out><![CDATA[]]></system-out>
  <system-err><![CDATA[]]></system-err>
</testsuite>
