<?xml version="1.0" encoding="UTF-8"?>
<testsuite name="com.cedarsoft.swing.common.dialog.DialogIconUtilsTest" tests="1" skipped="0" failures="0" errors="0" timestamp="2021-02-22T03:21:19" hostname="runner-cs1zem-v-project-47-concurrent-0" time="1.011">
  <properties/>
  <testcase name="basics()" classname="com.cedarsoft.swing.common.dialog.DialogIconUtilsTest" time="1.011"/>
  <system-out><![CDATA[]]></system-out>
  <system-err><![CDATA[]]></system-err>
</testsuite>
