<?xml version="1.0" encoding="UTF-8"?>
<testsuite name="com.cedarsoft.swing.common.ColorToolsTest" tests="3" skipped="0" failures="0" errors="0" timestamp="2021-03-11T03:05:38" hostname="runner-cs1zem-v-project-47-concurrent-0" time="0.06">
  <properties/>
  <testcase name="bounds()" classname="com.cedarsoft.swing.common.ColorToolsTest" time="0.02"/>
  <testcase name="parseRgb()" classname="com.cedarsoft.swing.common.ColorToolsTest" time="0.001"/>
  <testcase name="rgb2string()" classname="com.cedarsoft.swing.common.ColorToolsTest" time="0.021"/>
  <system-out><![CDATA[]]></system-out>
  <system-err><![CDATA[]]></system-err>
</testsuite>
