<?xml version="1.0" encoding="UTF-8"?>
<testsuite name="com.cedarsoft.swing.common.ColorToolsTest" tests="3" skipped="0" failures="0" errors="0" timestamp="2021-11-20T03:09:56" hostname="runner-ioxloixu-project-47-concurrent-0" time="0.044">
  <properties/>
  <testcase name="bounds()" classname="com.cedarsoft.swing.common.ColorToolsTest" time="0.028"/>
  <testcase name="parseRgb()" classname="com.cedarsoft.swing.common.ColorToolsTest" time="0.001"/>
  <testcase name="rgb2string()" classname="com.cedarsoft.swing.common.ColorToolsTest" time="0.013"/>
  <system-out><![CDATA[]]></system-out>
  <system-err><![CDATA[]]></system-err>
</testsuite>
