<?xml version="1.0" encoding="UTF-8"?>
<testsuite name="com.cedarsoft.swing.common.ImageComponentTest" tests="1" skipped="0" failures="0" errors="0" timestamp="2021-12-11T03:10:03" hostname="runner-ioxloixu-project-47-concurrent-0" time="0.11">
  <properties/>
  <testcase name="testDefault()" classname="com.cedarsoft.swing.common.ImageComponentTest" time="0.11"/>
  <system-out><![CDATA[]]></system-out>
  <system-err><![CDATA[]]></system-err>
</testsuite>
