<?xml version="1.0" encoding="UTF-8"?>
<testsuite name="com.cedarsoft.swing.common.dialog.DialogIconUtilsTest" tests="1" skipped="0" failures="0" errors="0" timestamp="2021-12-28T03:10:08" hostname="runner-ioxloixu-project-47-concurrent-0" time="0.047">
  <properties/>
  <testcase name="basics()" classname="com.cedarsoft.swing.common.dialog.DialogIconUtilsTest" time="0.047"/>
  <system-out><![CDATA[]]></system-out>
  <system-err><![CDATA[]]></system-err>
</testsuite>
