<?xml version="1.0" encoding="UTF-8"?>
<testsuite name="com.cedarsoft.swing.common.ImageComponentTest" tests="1" skipped="0" failures="0" errors="0" timestamp="2021-06-27T02:06:17" hostname="runner-cs1zem-v-project-47-concurrent-0" time="0.019">
  <properties/>
  <testcase name="testDefault()" classname="com.cedarsoft.swing.common.ImageComponentTest" time="0.019"/>
  <system-out><![CDATA[]]></system-out>
  <system-err><![CDATA[]]></system-err>
</testsuite>
