<?xml version="1.0" encoding="UTF-8"?>
<testsuite name="com.cedarsoft.swing.common.NotSoVolatileImageTest" tests="1" skipped="0" failures="0" errors="0" timestamp="2021-05-07T02:08:52" hostname="runner-kggansxr-project-47-concurrent-0" time="1.117">
  <properties/>
  <testcase name="basic()" classname="com.cedarsoft.swing.common.NotSoVolatileImageTest" time="1.117"/>
  <system-out><![CDATA[]]></system-out>
  <system-err><![CDATA[]]></system-err>
</testsuite>
