<?xml version="1.0" encoding="UTF-8"?>
<testsuite name="com.cedarsoft.swing.common.ImageComponentTest" tests="1" skipped="0" failures="0" errors="0" timestamp="2022-02-10T17:16:48" hostname="runner-ioxloixu-project-47-concurrent-1" time="0.138">
  <properties/>
  <testcase name="testDefault()" classname="com.cedarsoft.swing.common.ImageComponentTest" time="0.138"/>
  <system-out><![CDATA[]]></system-out>
  <system-err><![CDATA[]]></system-err>
</testsuite>
