<?xml version="1.0" encoding="UTF-8"?>
<testsuite name="com.cedarsoft.swing.common.ColorToolsTest" tests="3" skipped="0" failures="0" errors="0" timestamp="2021-08-24T02:05:57" hostname="runner-cs1zem-v-project-47-concurrent-0" time="0.072">
  <properties/>
  <testcase name="bounds()" classname="com.cedarsoft.swing.common.ColorToolsTest" time="0.031"/>
  <testcase name="parseRgb()" classname="com.cedarsoft.swing.common.ColorToolsTest" time="0.002"/>
  <testcase name="rgb2string()" classname="com.cedarsoft.swing.common.ColorToolsTest" time="0.032"/>
  <system-out><![CDATA[]]></system-out>
  <system-err><![CDATA[]]></system-err>
</testsuite>
