<?xml version="1.0" encoding="UTF-8"?>
<testsuite name="com.cedarsoft.swing.common.NotSoVolatileImageTest" tests="1" skipped="1" failures="0" errors="0" timestamp="2021-01-14T03:24:03" hostname="runner-kggansxr-project-47-concurrent-0" time="0.013">
  <properties/>
  <testcase name="basic()" classname="com.cedarsoft.swing.common.NotSoVolatileImageTest" time="0.013">
    <skipped/>
  </testcase>
  <system-out><![CDATA[]]></system-out>
  <system-err><![CDATA[]]></system-err>
</testsuite>
