<?xml version="1.0" encoding="UTF-8"?>
<testsuite name="com.cedarsoft.swing.common.NotSoVolatileImageTest" tests="1" skipped="0" failures="0" errors="0" timestamp="2021-11-19T03:09:44" hostname="runner-ioxloixu-project-47-concurrent-0" time="0.179">
  <properties/>
  <testcase name="basic()" classname="com.cedarsoft.swing.common.NotSoVolatileImageTest" time="0.179"/>
  <system-out><![CDATA[]]></system-out>
  <system-err><![CDATA[]]></system-err>
</testsuite>
