<?xml version="1.0" encoding="UTF-8"?>
<testsuite name="com.cedarsoft.javafx.test.HeadlessVerificationTest" tests="2" skipped="0" failures="0" errors="0" timestamp="2021-07-20T02:08:15" hostname="runner-kggansxr-project-47-concurrent-0" time="2.344">
  <properties/>
  <testcase name="testCreateJavaFX()" classname="com.cedarsoft.javafx.test.HeadlessVerificationTest" time="2.109"/>
  <testcase name="testIt()" classname="com.cedarsoft.javafx.test.HeadlessVerificationTest" time="0.226"/>
  <system-out><![CDATA[]]></system-out>
  <system-err><![CDATA[]]></system-err>
</testsuite>
