<?xml version="1.0" encoding="UTF-8"?>
<testsuite name="com.cedarsoft.javafx.test.HeadlessVerificationTest" tests="2" skipped="0" failures="0" errors="0" timestamp="2021-04-08T02:05:26" hostname="runner-cs1zem-v-project-47-concurrent-0" time="1.887">
  <properties/>
  <testcase name="testCreateJavaFX()" classname="com.cedarsoft.javafx.test.HeadlessVerificationTest" time="1.642"/>
  <testcase name="testIt()" classname="com.cedarsoft.javafx.test.HeadlessVerificationTest" time="0.243"/>
  <system-out><![CDATA[]]></system-out>
  <system-err><![CDATA[]]></system-err>
</testsuite>
