<?xml version="1.0" encoding="UTF-8"?>
<testsuite name="com.cedarsoft.javafx.test.HeadlessVerificationTest" tests="2" skipped="0" failures="0" errors="0" timestamp="2022-02-10T17:16:24" hostname="runner-ioxloixu-project-47-concurrent-1" time="1.68">
  <properties/>
  <testcase name="testCreateJavaFX()" classname="com.cedarsoft.javafx.test.HeadlessVerificationTest" time="1.441"/>
  <testcase name="testIt()" classname="com.cedarsoft.javafx.test.HeadlessVerificationTest" time="0.234"/>
  <system-out><![CDATA[]]></system-out>
  <system-err><![CDATA[]]></system-err>
</testsuite>
