<?xml version="1.0" encoding="UTF-8"?>
<testsuite name="com.cedarsoft.xml.XmlCommonsTest" tests="5" skipped="0" failures="0" errors="0" timestamp="2021-01-18T03:20:30" hostname="runner-cs1zem-v-project-47-concurrent-0" time="0.848">
  <properties/>
  <testcase name="testParse()" classname="com.cedarsoft.xml.XmlCommonsTest" time="0.142"/>
  <testcase name="testFormat()" classname="com.cedarsoft.xml.XmlCommonsTest" time="0.646"/>
  <testcase name="testOutDom()" classname="com.cedarsoft.xml.XmlCommonsTest" time="0.003"/>
  <testcase name="testOutStream()" classname="com.cedarsoft.xml.XmlCommonsTest" time="0.006"/>
  <testcase name="testOutWriter()" classname="com.cedarsoft.xml.XmlCommonsTest" time="0.03"/>
  <system-out><![CDATA[]]></system-out>
  <system-err><![CDATA[]]></system-err>
</testsuite>
