<?xml version="1.0" encoding="UTF-8"?>
<testsuite name="com.cedarsoft.xml.XmlCommonsTest" tests="5" skipped="0" failures="0" errors="0" timestamp="2021-10-31T03:05:37" hostname="runner-cs1zem-v-project-47-concurrent-0" time="1.085">
  <properties/>
  <testcase name="testParse()" classname="com.cedarsoft.xml.XmlCommonsTest" time="0.136"/>
  <testcase name="testFormat()" classname="com.cedarsoft.xml.XmlCommonsTest" time="0.877"/>
  <testcase name="testOutDom()" classname="com.cedarsoft.xml.XmlCommonsTest" time="0.015"/>
  <testcase name="testOutStream()" classname="com.cedarsoft.xml.XmlCommonsTest" time="0.016"/>
  <testcase name="testOutWriter()" classname="com.cedarsoft.xml.XmlCommonsTest" time="0.009"/>
  <system-out><![CDATA[]]></system-out>
  <system-err><![CDATA[]]></system-err>
</testsuite>
