<?xml version="1.0" encoding="UTF-8"?>
<testsuite name="com.cedarsoft.xml.XmlCommonsTest" tests="5" skipped="0" failures="0" errors="0" timestamp="2021-03-18T03:04:20" hostname="runner-cs1zem-v-project-47-concurrent-0" time="0.548">
  <properties/>
  <testcase name="testParse()" classname="com.cedarsoft.xml.XmlCommonsTest" time="0.12"/>
  <testcase name="testFormat()" classname="com.cedarsoft.xml.XmlCommonsTest" time="0.39"/>
  <testcase name="testOutDom()" classname="com.cedarsoft.xml.XmlCommonsTest" time="0.012"/>
  <testcase name="testOutStream()" classname="com.cedarsoft.xml.XmlCommonsTest" time="0.014"/>
  <testcase name="testOutWriter()" classname="com.cedarsoft.xml.XmlCommonsTest" time="0.007"/>
  <system-out><![CDATA[]]></system-out>
  <system-err><![CDATA[]]></system-err>
</testsuite>
