<?xml version="1.0" encoding="UTF-8"?>
<testsuite name="com.cedarsoft.xml.XmlCommonsTest" tests="5" skipped="0" failures="0" errors="0" timestamp="2021-03-03T03:05:09" hostname="runner-pgnkb89--project-47-concurrent-0" time="0.771">
  <properties/>
  <testcase name="testParse()" classname="com.cedarsoft.xml.XmlCommonsTest" time="0.192"/>
  <testcase name="testFormat()" classname="com.cedarsoft.xml.XmlCommonsTest" time="0.516"/>
  <testcase name="testOutDom()" classname="com.cedarsoft.xml.XmlCommonsTest" time="0.024"/>
  <testcase name="testOutStream()" classname="com.cedarsoft.xml.XmlCommonsTest" time="0.018"/>
  <testcase name="testOutWriter()" classname="com.cedarsoft.xml.XmlCommonsTest" time="0.003"/>
  <system-out><![CDATA[]]></system-out>
  <system-err><![CDATA[]]></system-err>
</testsuite>
