<?xml version="1.0" encoding="UTF-8"?>
<testsuite name="com.cedarsoft.xml.XmlCommonsTest" tests="5" skipped="0" failures="0" errors="0" timestamp="2021-07-26T02:09:13" hostname="runner-kggansxr-project-47-concurrent-0" time="1.165">
  <properties/>
  <testcase name="testParse()" classname="com.cedarsoft.xml.XmlCommonsTest" time="0.257"/>
  <testcase name="testFormat()" classname="com.cedarsoft.xml.XmlCommonsTest" time="0.82"/>
  <testcase name="testOutDom()" classname="com.cedarsoft.xml.XmlCommonsTest" time="0.034"/>
  <testcase name="testOutStream()" classname="com.cedarsoft.xml.XmlCommonsTest" time="0.03"/>
  <testcase name="testOutWriter()" classname="com.cedarsoft.xml.XmlCommonsTest" time="0.004"/>
  <system-out><![CDATA[]]></system-out>
  <system-err><![CDATA[]]></system-err>
</testsuite>
