<?xml version="1.0" encoding="UTF-8"?>
<testsuite name="com.cedarsoft.serialization.jackson.StringSerializerTest" tests="3" skipped="0" failures="0" errors="0" timestamp="2021-12-29T03:09:37" hostname="runner-ioxloixu-project-47-concurrent-0" time="0.014">
  <properties/>
  <testcase name="[1] entry=Entry{object=asdf}" classname="com.cedarsoft.serialization.jackson.StringSerializerTest" time="0.004"/>
  <testcase name="testNotClose()" classname="com.cedarsoft.serialization.jackson.StringSerializerTest" time="0.003"/>
  <testcase name="testIt()" classname="com.cedarsoft.serialization.jackson.StringSerializerTest" time="0.004"/>
  <system-out><![CDATA[]]></system-out>
  <system-err><![CDATA[]]></system-err>
</testsuite>
