<?xml version="1.0" encoding="UTF-8"?>
<testsuite name="com.cedarsoft.serialization.jackson.test.BallsSerializerTest" tests="1" skipped="0" failures="0" errors="0" timestamp="2021-02-07T03:23:50" hostname="runner-kggansxr-project-47-concurrent-0" time="0.026">
  <properties/>
  <testcase name="[1] entry=Entry{object=[com.cedarsoft.serialization.jackson.test.Ball$TennisBall@7, com.cedarsoft.serialization.jackson.test.Ball$BasketBall@2dd434]}" classname="com.cedarsoft.serialization.jackson.test.BallsSerializerTest" time="0.026"/>
  <system-out><![CDATA[]]></system-out>
  <system-err><![CDATA[]]></system-err>
</testsuite>
