<?xml version="1.0" encoding="UTF-8"?>
<testsuite name="com.cedarsoft.serialization.jackson.ListSerializerTest" tests="3" skipped="0" failures="0" errors="0" timestamp="2021-06-28T02:06:04" hostname="runner-cs1zem-v-project-47-concurrent-0" time="0.038">
  <properties/>
  <testcase name="[1] entry=Entry{object=[a, b, c, 54, 234.0, 32.0, false]}" classname="com.cedarsoft.serialization.jackson.ListSerializerTest" time="0.023"/>
  <testcase name="[2] entry=Entry{object=[a, b, c]}" classname="com.cedarsoft.serialization.jackson.ListSerializerTest" time="0.008"/>
  <testcase name="testIt()" classname="com.cedarsoft.serialization.jackson.ListSerializerTest" time="0.002"/>
  <system-out><![CDATA[]]></system-out>
  <system-err><![CDATA[]]></system-err>
</testsuite>
