<?xml version="1.0" encoding="UTF-8"?>
<testsuite name="com.cedarsoft.serialization.jackson.test.WithoutTypeTest" tests="2" skipped="0" failures="0" errors="0" timestamp="2021-07-05T02:05:59" hostname="runner-cs1zem-v-project-47-concurrent-0" time="0.109">
  <properties/>
  <testcase name="testNonObjectType()" classname="com.cedarsoft.serialization.jackson.test.WithoutTypeTest" time="0.022"/>
  <testcase name="testWithoutType()" classname="com.cedarsoft.serialization.jackson.test.WithoutTypeTest" time="0.076"/>
  <system-out><![CDATA[]]></system-out>
  <system-err><![CDATA[]]></system-err>
</testsuite>
