<?xml version="1.0" encoding="UTF-8"?>
<testsuite name="com.cedarsoft.serialization.jackson.test.BallSerializerVersionTest" tests="4" skipped="0" failures="0" errors="0" timestamp="2021-08-22T02:09:00" hostname="runner-kggansxr-project-47-concurrent-0" time="0.081">
  <properties/>
  <testcase name="[1] entry=Entry for &lt;1.1.0&gt;" classname="com.cedarsoft.serialization.jackson.test.BallSerializerVersionTest" time="0.03"/>
  <testcase name="[2] entry=Entry for &lt;1.1.0&gt;" classname="com.cedarsoft.serialization.jackson.test.BallSerializerVersionTest" time="0.006"/>
  <testcase name="[3] entry=Entry for &lt;1.0.0&gt;" classname="com.cedarsoft.serialization.jackson.test.BallSerializerVersionTest" time="0.007"/>
  <testcase name="[4] entry=Entry for &lt;1.0.0&gt;" classname="com.cedarsoft.serialization.jackson.test.BallSerializerVersionTest" time="0.008"/>
  <system-out><![CDATA[]]></system-out>
  <system-err><![CDATA[]]></system-err>
</testsuite>
