<?xml version="1.0" encoding="UTF-8"?>
<testsuite name="com.cedarsoft.serialization.jackson.JacksonTest" tests="6" skipped="0" failures="0" errors="0" timestamp="2021-03-14T03:05:36" hostname="runner-cs1zem-v-project-47-concurrent-0" time="1.627">
  <properties/>
  <testcase name="testOnlyText()" classname="com.cedarsoft.serialization.jackson.JacksonTest" time="1.592"/>
  <testcase name="testArray()" classname="com.cedarsoft.serialization.jackson.JacksonTest" time="0.005"/>
  <testcase name="testBasic()" classname="com.cedarsoft.serialization.jackson.JacksonTest" time="0.003"/>
  <testcase name="testNull()" classname="com.cedarsoft.serialization.jackson.JacksonTest" time="0.008"/>
  <testcase name="testRawArray()" classname="com.cedarsoft.serialization.jackson.JacksonTest" time="0.009"/>
  <testcase name="testBasic2()" classname="com.cedarsoft.serialization.jackson.JacksonTest" time="0.004"/>
  <system-out><![CDATA[]]></system-out>
  <system-err><![CDATA[]]></system-err>
</testsuite>
