<?xml version="1.0" encoding="UTF-8"?>
<testsuite name="com.cedarsoft.serialization.jackson.test.compatible.JacksonParserWrapperTest" tests="3" skipped="0" failures="0" errors="0" timestamp="2021-08-19T02:09:12" hostname="runner-kggansxr-project-47-concurrent-0" time="0.029">
  <properties/>
  <testcase name="testEndObject()" classname="com.cedarsoft.serialization.jackson.test.compatible.JacksonParserWrapperTest" time="0.016"/>
  <testcase name="testStartObject()" classname="com.cedarsoft.serialization.jackson.test.compatible.JacksonParserWrapperTest" time="0.002"/>
  <testcase name="testSimple()" classname="com.cedarsoft.serialization.jackson.test.compatible.JacksonParserWrapperTest" time="0.002"/>
  <system-out><![CDATA[]]></system-out>
  <system-err><![CDATA[]]></system-err>
</testsuite>
