<?xml version="1.0" encoding="UTF-8"?>
<testsuite name="com.cedarsoft.serialization.jackson.test.BallSerializerVersionTest" tests="4" skipped="0" failures="0" errors="0" timestamp="2021-09-15T02:06:08" hostname="runner-cs1zem-v-project-47-concurrent-0" time="0.313">
  <properties/>
  <testcase name="[1] entry=Entry for &lt;1.1.0&gt;" classname="com.cedarsoft.serialization.jackson.test.BallSerializerVersionTest" time="0.267"/>
  <testcase name="[2] entry=Entry for &lt;1.1.0&gt;" classname="com.cedarsoft.serialization.jackson.test.BallSerializerVersionTest" time="0.009"/>
  <testcase name="[3] entry=Entry for &lt;1.0.0&gt;" classname="com.cedarsoft.serialization.jackson.test.BallSerializerVersionTest" time="0.002"/>
  <testcase name="[4] entry=Entry for &lt;1.0.0&gt;" classname="com.cedarsoft.serialization.jackson.test.BallSerializerVersionTest" time="0.021"/>
  <system-out><![CDATA[]]></system-out>
  <system-err><![CDATA[]]></system-err>
</testsuite>
