<?xml version="1.0" encoding="UTF-8"?>
<testsuite name="com.cedarsoft.serialization.jackson.test.FooTest" tests="2" skipped="0" failures="0" errors="0" timestamp="2021-01-16T03:23:44" hostname="runner-kggansxr-project-47-concurrent-0" time="0.046">
  <properties/>
  <testcase name="[1] entry=Entry{object=com.cedarsoft.serialization.jackson.test.Foo@eb64f2a7}" classname="com.cedarsoft.serialization.jackson.test.FooTest" time="0.039"/>
  <testcase name="[2] entry=Entry{object=com.cedarsoft.serialization.jackson.test.Foo@52436acb}" classname="com.cedarsoft.serialization.jackson.test.FooTest" time="0.003"/>
  <system-out><![CDATA[]]></system-out>
  <system-err><![CDATA[]]></system-err>
</testsuite>
