<?xml version="1.0" encoding="UTF-8"?>
<testsuite name="com.cedarsoft.serialization.jackson.test.FooTest" tests="2" skipped="0" failures="0" errors="0" timestamp="2021-01-19T03:21:53" hostname="runner-pgnkb89--project-47-concurrent-0" time="0.044">
  <properties/>
  <testcase name="[1] entry=Entry{object=com.cedarsoft.serialization.jackson.test.Foo@294499fc}" classname="com.cedarsoft.serialization.jackson.test.FooTest" time="0.017"/>
  <testcase name="[2] entry=Entry{object=com.cedarsoft.serialization.jackson.test.Foo@4f4ba2b3}" classname="com.cedarsoft.serialization.jackson.test.FooTest" time="0.018"/>
  <system-out><![CDATA[]]></system-out>
  <system-err><![CDATA[]]></system-err>
</testsuite>
