<?xml version="1.0" encoding="UTF-8"?>
<testsuite name="com.cedarsoft.serialization.jackson.test.SkipTypeInfoSerializerTest" tests="1" skipped="0" failures="0" errors="0" timestamp="2021-04-13T02:08:01" hostname="runner-kggansxr-project-47-concurrent-0" time="0.007">
  <properties/>
  <testcase name="testIt()" classname="com.cedarsoft.serialization.jackson.test.SkipTypeInfoSerializerTest" time="0.007"/>
  <system-out><![CDATA[]]></system-out>
  <system-err><![CDATA[]]></system-err>
</testsuite>
