<?xml version="1.0" encoding="UTF-8"?>
<testsuite name="com.cedarsoft.serialization.jackson.StringSerializerTest" tests="3" skipped="0" failures="0" errors="0" timestamp="2021-10-25T02:06:22" hostname="runner-cs1zem-v-project-47-concurrent-0" time="0.757">
  <properties/>
  <testcase name="[1] entry=Entry{object=asdf}" classname="com.cedarsoft.serialization.jackson.StringSerializerTest" time="0.115"/>
  <testcase name="testNotClose()" classname="com.cedarsoft.serialization.jackson.StringSerializerTest" time="0.614"/>
  <testcase name="testIt()" classname="com.cedarsoft.serialization.jackson.StringSerializerTest" time="0.011"/>
  <system-out><![CDATA[]]></system-out>
  <system-err><![CDATA[]]></system-err>
</testsuite>
