<?xml version="1.0" encoding="UTF-8"?>
<testsuite name="com.cedarsoft.serialization.jackson.JacksonTest" tests="6" skipped="0" failures="0" errors="0" timestamp="2021-05-10T02:06:39" hostname="runner-cs1zem-v-project-47-concurrent-0" time="1.613">
  <properties/>
  <testcase name="testOnlyText()" classname="com.cedarsoft.serialization.jackson.JacksonTest" time="1.503"/>
  <testcase name="testArray()" classname="com.cedarsoft.serialization.jackson.JacksonTest" time="0.024"/>
  <testcase name="testBasic()" classname="com.cedarsoft.serialization.jackson.JacksonTest" time="0.004"/>
  <testcase name="testNull()" classname="com.cedarsoft.serialization.jackson.JacksonTest" time="0.011"/>
  <testcase name="testRawArray()" classname="com.cedarsoft.serialization.jackson.JacksonTest" time="0.028"/>
  <testcase name="testBasic2()" classname="com.cedarsoft.serialization.jackson.JacksonTest" time="0.004"/>
  <system-out><![CDATA[]]></system-out>
  <system-err><![CDATA[]]></system-err>
</testsuite>
