<?xml version="1.0" encoding="UTF-8"?>
<testsuite name="com.cedarsoft.serialization.jackson.IntegerSerializerTest" tests="3" skipped="0" failures="0" errors="0" timestamp="2022-01-30T03:10:05" hostname="runner-cs1zem-v-project-47-concurrent-0" time="1.362">
  <properties/>
  <testcase name="[1] entry=Entry{object=123}" classname="com.cedarsoft.serialization.jackson.IntegerSerializerTest" time="1.323"/>
  <testcase name="testNotClose()" classname="com.cedarsoft.serialization.jackson.IntegerSerializerTest" time="0.008"/>
  <testcase name="testIt()" classname="com.cedarsoft.serialization.jackson.IntegerSerializerTest" time="0.002"/>
  <system-out><![CDATA[]]></system-out>
  <system-err><![CDATA[]]></system-err>
</testsuite>
