<?xml version="1.0" encoding="UTF-8"?>
<testsuite name="com.cedarsoft.serialization.jackson.StringSerializerTest" tests="3" skipped="0" failures="0" errors="0" timestamp="2021-06-16T02:06:03" hostname="runner-cs1zem-v-project-47-concurrent-0" time="0.698">
  <properties/>
  <testcase name="[1] entry=Entry{object=asdf}" classname="com.cedarsoft.serialization.jackson.StringSerializerTest" time="0.118"/>
  <testcase name="testNotClose()" classname="com.cedarsoft.serialization.jackson.StringSerializerTest" time="0.566"/>
  <testcase name="testIt()" classname="com.cedarsoft.serialization.jackson.StringSerializerTest" time="0.003"/>
  <system-out><![CDATA[]]></system-out>
  <system-err><![CDATA[]]></system-err>
</testsuite>
