<?xml version="1.0" encoding="UTF-8"?>
<testsuite name="com.cedarsoft.serialization.jackson.test.FooTest" tests="2" skipped="0" failures="0" errors="0" timestamp="2021-02-15T19:15:35" hostname="runner-kggansxr-project-47-concurrent-0" time="0.023">
  <properties/>
  <testcase name="[1] entry=Entry{object=com.cedarsoft.serialization.jackson.test.Foo@99435d7}" classname="com.cedarsoft.serialization.jackson.test.FooTest" time="0.005"/>
  <testcase name="[2] entry=Entry{object=com.cedarsoft.serialization.jackson.test.Foo@1ea0bb29}" classname="com.cedarsoft.serialization.jackson.test.FooTest" time="0.013"/>
  <system-out><![CDATA[]]></system-out>
  <system-err><![CDATA[]]></system-err>
</testsuite>
