<?xml version="1.0" encoding="UTF-8"?>
<testsuite name="com.cedarsoft.serialization.jackson.test.compatible.JacksonParserWrapperTest" tests="3" skipped="0" failures="0" errors="0" timestamp="2021-06-10T02:06:10" hostname="runner-cs1zem-v-project-47-concurrent-0" time="0.021">
  <properties/>
  <testcase name="testEndObject()" classname="com.cedarsoft.serialization.jackson.test.compatible.JacksonParserWrapperTest" time="0.006"/>
  <testcase name="testStartObject()" classname="com.cedarsoft.serialization.jackson.test.compatible.JacksonParserWrapperTest" time="0.008"/>
  <testcase name="testSimple()" classname="com.cedarsoft.serialization.jackson.test.compatible.JacksonParserWrapperTest" time="0.004"/>
  <system-out><![CDATA[]]></system-out>
  <system-err><![CDATA[]]></system-err>
</testsuite>
