<?xml version="1.0" encoding="UTF-8"?>
<testsuite name="com.cedarsoft.serialization.jackson.test.NullSerializerTest" tests="1" skipped="0" failures="0" errors="0" timestamp="2021-12-13T03:09:49" hostname="runner-cs1zem-v-project-47-concurrent-0" time="1.063">
  <properties/>
  <testcase name="basics()" classname="com.cedarsoft.serialization.jackson.test.NullSerializerTest" time="1.063"/>
  <system-out><![CDATA[]]></system-out>
  <system-err><![CDATA[]]></system-err>
</testsuite>
