<?xml version="1.0" encoding="UTF-8"?>
<testsuite name="com.cedarsoft.serialization.jackson.test.FooTest" tests="2" skipped="0" failures="0" errors="0" timestamp="2021-01-27T03:21:44" hostname="runner-pgnkb89--project-47-concurrent-0" time="0.014">
  <properties/>
  <testcase name="[1] entry=Entry{object=com.cedarsoft.serialization.jackson.test.Foo@b7e75cce}" classname="com.cedarsoft.serialization.jackson.test.FooTest" time="0.007"/>
  <testcase name="[2] entry=Entry{object=com.cedarsoft.serialization.jackson.test.Foo@36d92a8c}" classname="com.cedarsoft.serialization.jackson.test.FooTest" time="0.005"/>
  <system-out><![CDATA[]]></system-out>
  <system-err><![CDATA[]]></system-err>
</testsuite>
