<?xml version="1.0" encoding="UTF-8"?>
<testsuite name="com.cedarsoft.serialization.jackson.test.FooTest" tests="2" skipped="0" failures="0" errors="0" timestamp="2021-02-18T03:22:40" hostname="runner-pgnkb89--project-47-concurrent-0" time="0.035">
  <properties/>
  <testcase name="[1] entry=Entry{object=com.cedarsoft.serialization.jackson.test.Foo@e47bf69e}" classname="com.cedarsoft.serialization.jackson.test.FooTest" time="0.016"/>
  <testcase name="[2] entry=Entry{object=com.cedarsoft.serialization.jackson.test.Foo@7d62b2f}" classname="com.cedarsoft.serialization.jackson.test.FooTest" time="0.016"/>
  <system-out><![CDATA[]]></system-out>
  <system-err><![CDATA[]]></system-err>
</testsuite>
