<?xml version="1.0" encoding="UTF-8"?>
<testsuite name="com.cedarsoft.serialization.jackson.StringSerializerTest" tests="3" skipped="0" failures="0" errors="0" timestamp="2021-07-29T02:06:13" hostname="runner-cs1zem-v-project-47-concurrent-0" time="0.377">
  <properties/>
  <testcase name="[1] entry=Entry{object=asdf}" classname="com.cedarsoft.serialization.jackson.StringSerializerTest" time="0.082"/>
  <testcase name="testNotClose()" classname="com.cedarsoft.serialization.jackson.StringSerializerTest" time="0.286"/>
  <testcase name="testIt()" classname="com.cedarsoft.serialization.jackson.StringSerializerTest" time="0.003"/>
  <system-out><![CDATA[]]></system-out>
  <system-err><![CDATA[]]></system-err>
</testsuite>
