<?xml version="1.0" encoding="UTF-8"?>
<testsuite name="com.cedarsoft.serialization.jackson.test.FooTest" tests="2" skipped="0" failures="0" errors="0" timestamp="2021-02-15T03:23:24" hostname="runner-kggansxr-project-47-concurrent-0" time="0.027">
  <properties/>
  <testcase name="[1] entry=Entry{object=com.cedarsoft.serialization.jackson.test.Foo@2e81788d}" classname="com.cedarsoft.serialization.jackson.test.FooTest" time="0.011"/>
  <testcase name="[2] entry=Entry{object=com.cedarsoft.serialization.jackson.test.Foo@3c2adad7}" classname="com.cedarsoft.serialization.jackson.test.FooTest" time="0.008"/>
  <system-out><![CDATA[]]></system-out>
  <system-err><![CDATA[]]></system-err>
</testsuite>
