<?xml version="1.0" encoding="UTF-8"?>
<testsuite name="com.cedarsoft.serialization.jackson.test.EmailSerializerTest" tests="1" skipped="0" failures="0" errors="0" timestamp="2022-02-08T03:10:25" hostname="runner-cs1zem-v-project-47-concurrent-0" time="0.008">
  <properties/>
  <testcase name="[1] entry=Entry{object=Email{mail='test@test.de'}}" classname="com.cedarsoft.serialization.jackson.test.EmailSerializerTest" time="0.008"/>
  <system-out><![CDATA[]]></system-out>
  <system-err><![CDATA[]]></system-err>
</testsuite>
