<?xml version="1.0" encoding="UTF-8"?>
<testsuite name="com.cedarsoft.serialization.jackson.test.FooTest" tests="2" skipped="0" failures="0" errors="0" timestamp="2021-11-04T03:05:53" hostname="runner-cs1zem-v-project-47-concurrent-0" time="0.017">
  <properties/>
  <testcase name="[1] entry=Entry{object=com.cedarsoft.serialization.jackson.test.Foo@d8bd3ee0}" classname="com.cedarsoft.serialization.jackson.test.FooTest" time="0.003"/>
  <testcase name="[2] entry=Entry{object=com.cedarsoft.serialization.jackson.test.Foo@1d330efd}" classname="com.cedarsoft.serialization.jackson.test.FooTest" time="0.012"/>
  <system-out><![CDATA[]]></system-out>
  <system-err><![CDATA[]]></system-err>
</testsuite>
