<?xml version="1.0" encoding="UTF-8"?>
<testsuite name="com.cedarsoft.serialization.jackson.test.FooTest" tests="2" skipped="0" failures="0" errors="0" timestamp="2021-06-20T02:08:50" hostname="runner-kggansxr-project-47-concurrent-0" time="0.057">
  <properties/>
  <testcase name="[1] entry=Entry{object=com.cedarsoft.serialization.jackson.test.Foo@7604370}" classname="com.cedarsoft.serialization.jackson.test.FooTest" time="0.041"/>
  <testcase name="[2] entry=Entry{object=com.cedarsoft.serialization.jackson.test.Foo@761d8f12}" classname="com.cedarsoft.serialization.jackson.test.FooTest" time="0.002"/>
  <system-out><![CDATA[]]></system-out>
  <system-err><![CDATA[]]></system-err>
</testsuite>
