<?xml version="1.0" encoding="UTF-8"?>
<testsuite name="com.cedarsoft.serialization.jackson.test.FooTest" tests="2" skipped="0" failures="0" errors="0" timestamp="2021-08-13T02:09:30" hostname="runner-kggansxr-project-47-concurrent-0" time="0.018">
  <properties/>
  <testcase name="[1] entry=Entry{object=com.cedarsoft.serialization.jackson.test.Foo@2d959133}" classname="com.cedarsoft.serialization.jackson.test.FooTest" time="0.004"/>
  <testcase name="[2] entry=Entry{object=com.cedarsoft.serialization.jackson.test.Foo@82015dab}" classname="com.cedarsoft.serialization.jackson.test.FooTest" time="0.004"/>
  <system-out><![CDATA[]]></system-out>
  <system-err><![CDATA[]]></system-err>
</testsuite>
