<?xml version="1.0" encoding="UTF-8"?>
<testsuite name="com.cedarsoft.serialization.jackson.test.BallSerializerTest" tests="4" skipped="0" failures="0" errors="0" timestamp="2022-02-03T03:10:07" hostname="runner-ioxloixu-project-47-concurrent-0" time="0.213">
  <properties/>
  <testcase name="[1] entry=Entry{object=com.cedarsoft.serialization.jackson.test.Ball$TennisBall@7}" classname="com.cedarsoft.serialization.jackson.test.BallSerializerTest" time="0.168"/>
  <testcase name="[2] entry=Entry{object=com.cedarsoft.serialization.jackson.test.Ball$BasketBall@2dd434}" classname="com.cedarsoft.serialization.jackson.test.BallSerializerTest" time="0.005"/>
  <testcase name="testVersion()" classname="com.cedarsoft.serialization.jackson.test.BallSerializerTest" time="0.002"/>
  <testcase name="testAsccii()" classname="com.cedarsoft.serialization.jackson.test.BallSerializerTest" time="0.018"/>
  <system-out><![CDATA[]]></system-out>
  <system-err><![CDATA[]]></system-err>
</testsuite>
