<?xml version="1.0" encoding="UTF-8"?>
<testsuite name="com.cedarsoft.serialization.jackson.test.FooTest" tests="2" skipped="0" failures="0" errors="0" timestamp="2021-06-02T02:06:03" hostname="runner-cs1zem-v-project-47-concurrent-0" time="0.025">
  <properties/>
  <testcase name="[1] entry=Entry{object=com.cedarsoft.serialization.jackson.test.Foo@353dfa10}" classname="com.cedarsoft.serialization.jackson.test.FooTest" time="0.007"/>
  <testcase name="[2] entry=Entry{object=com.cedarsoft.serialization.jackson.test.Foo@6812f38f}" classname="com.cedarsoft.serialization.jackson.test.FooTest" time="0.016"/>
  <system-out><![CDATA[]]></system-out>
  <system-err><![CDATA[]]></system-err>
</testsuite>
