<?xml version="1.0" encoding="UTF-8"?>
<testsuite name="com.cedarsoft.serialization.jackson.test.FooTest" tests="2" skipped="0" failures="0" errors="0" timestamp="2022-02-10T17:16:02" hostname="runner-ioxloixu-project-47-concurrent-1" time="0.009">
  <properties/>
  <testcase name="[1] entry=Entry{object=com.cedarsoft.serialization.jackson.test.Foo@e45386a1}" classname="com.cedarsoft.serialization.jackson.test.FooTest" time="0.003"/>
  <testcase name="[2] entry=Entry{object=com.cedarsoft.serialization.jackson.test.Foo@71618497}" classname="com.cedarsoft.serialization.jackson.test.FooTest" time="0.004"/>
  <system-out><![CDATA[]]></system-out>
  <system-err><![CDATA[]]></system-err>
</testsuite>
