<?xml version="1.0" encoding="UTF-8"?>
<testsuite name="com.cedarsoft.serialization.jackson.test.FooTest" tests="2" skipped="0" failures="0" errors="0" timestamp="2021-05-06T02:06:41" hostname="runner-cs1zem-v-project-47-concurrent-0" time="0.015">
  <properties/>
  <testcase name="[1] entry=Entry{object=com.cedarsoft.serialization.jackson.test.Foo@12ed1519}" classname="com.cedarsoft.serialization.jackson.test.FooTest" time="0.009"/>
  <testcase name="[2] entry=Entry{object=com.cedarsoft.serialization.jackson.test.Foo@d6f2ec0}" classname="com.cedarsoft.serialization.jackson.test.FooTest" time="0.005"/>
  <system-out><![CDATA[]]></system-out>
  <system-err><![CDATA[]]></system-err>
</testsuite>
