<?xml version="1.0" encoding="UTF-8"?>
<testsuite name="com.cedarsoft.serialization.jackson.ListSerializerTest" tests="3" skipped="0" failures="0" errors="0" timestamp="2021-03-26T03:06:22" hostname="runner-pgnkb89--project-47-concurrent-0" time="3.698">
  <properties/>
  <testcase name="[1] entry=Entry{object=[a, b, c, 54, 234.0, 32.0, false]}" classname="com.cedarsoft.serialization.jackson.ListSerializerTest" time="3.658"/>
  <testcase name="[2] entry=Entry{object=[a, b, c]}" classname="com.cedarsoft.serialization.jackson.ListSerializerTest" time="0.004"/>
  <testcase name="testIt()" classname="com.cedarsoft.serialization.jackson.ListSerializerTest" time="0.005"/>
  <system-out><![CDATA[]]></system-out>
  <system-err><![CDATA[]]></system-err>
</testsuite>
