<?xml version="1.0" encoding="UTF-8"?>
<testsuite name="com.cedarsoft.serialization.jackson.IntegerSerializerTest" tests="3" skipped="0" failures="0" errors="0" timestamp="2022-01-29T03:10:18" hostname="runner-cs1zem-v-project-47-concurrent-0" time="1.151">
  <properties/>
  <testcase name="[1] entry=Entry{object=123}" classname="com.cedarsoft.serialization.jackson.IntegerSerializerTest" time="1.134"/>
  <testcase name="testNotClose()" classname="com.cedarsoft.serialization.jackson.IntegerSerializerTest" time="0.009"/>
  <testcase name="testIt()" classname="com.cedarsoft.serialization.jackson.IntegerSerializerTest" time="0.003"/>
  <system-out><![CDATA[]]></system-out>
  <system-err><![CDATA[]]></system-err>
</testsuite>
