<?xml version="1.0" encoding="UTF-8"?>
<testsuite name="com.cedarsoft.serialization.jackson.test.FooTest" tests="2" skipped="0" failures="0" errors="0" timestamp="2021-07-20T02:09:26" hostname="runner-kggansxr-project-47-concurrent-0" time="0.054">
  <properties/>
  <testcase name="[1] entry=Entry{object=com.cedarsoft.serialization.jackson.test.Foo@33aeaccd}" classname="com.cedarsoft.serialization.jackson.test.FooTest" time="0.028"/>
  <testcase name="[2] entry=Entry{object=com.cedarsoft.serialization.jackson.test.Foo@43bff0db}" classname="com.cedarsoft.serialization.jackson.test.FooTest" time="0.021"/>
  <system-out><![CDATA[]]></system-out>
  <system-err><![CDATA[]]></system-err>
</testsuite>
