<?xml version="1.0" encoding="UTF-8"?>
<testsuite name="com.cedarsoft.serialization.jackson.JacksonTest" tests="6" skipped="0" failures="0" errors="0" timestamp="2021-04-09T15:42:58" hostname="runner-cs1zem-v-project-47-concurrent-0" time="1.371">
  <properties/>
  <testcase name="testOnlyText()" classname="com.cedarsoft.serialization.jackson.JacksonTest" time="1.276"/>
  <testcase name="testArray()" classname="com.cedarsoft.serialization.jackson.JacksonTest" time="0.01"/>
  <testcase name="testBasic()" classname="com.cedarsoft.serialization.jackson.JacksonTest" time="0.009"/>
  <testcase name="testNull()" classname="com.cedarsoft.serialization.jackson.JacksonTest" time="0.053"/>
  <testcase name="testRawArray()" classname="com.cedarsoft.serialization.jackson.JacksonTest" time="0.007"/>
  <testcase name="testBasic2()" classname="com.cedarsoft.serialization.jackson.JacksonTest" time="0.003"/>
  <system-out><![CDATA[]]></system-out>
  <system-err><![CDATA[]]></system-err>
</testsuite>
