<?xml version="1.0" encoding="UTF-8"?>
<testsuite name="com.cedarsoft.serialization.jackson.test.FooTest" tests="2" skipped="0" failures="0" errors="0" timestamp="2021-03-04T03:06:43" hostname="runner-pgnkb89--project-47-concurrent-0" time="0.024">
  <properties/>
  <testcase name="[1] entry=Entry{object=com.cedarsoft.serialization.jackson.test.Foo@fa964b62}" classname="com.cedarsoft.serialization.jackson.test.FooTest" time="0.005"/>
  <testcase name="[2] entry=Entry{object=com.cedarsoft.serialization.jackson.test.Foo@782625b8}" classname="com.cedarsoft.serialization.jackson.test.FooTest" time="0.016"/>
  <system-out><![CDATA[]]></system-out>
  <system-err><![CDATA[]]></system-err>
</testsuite>
