<?xml version="1.0" encoding="UTF-8"?>
<testsuite name="com.cedarsoft.serialization.jackson.test.BallSerializerTest" tests="4" skipped="0" failures="0" errors="0" timestamp="2021-04-13T02:08:01" hostname="runner-kggansxr-project-47-concurrent-0" time="0.088">
  <properties/>
  <testcase name="[1] entry=Entry{object=com.cedarsoft.serialization.jackson.test.Ball$TennisBall@7}" classname="com.cedarsoft.serialization.jackson.test.BallSerializerTest" time="0.01"/>
  <testcase name="[2] entry=Entry{object=com.cedarsoft.serialization.jackson.test.Ball$BasketBall@2dd434}" classname="com.cedarsoft.serialization.jackson.test.BallSerializerTest" time="0.021"/>
  <testcase name="testVersion()" classname="com.cedarsoft.serialization.jackson.test.BallSerializerTest" time="0.004"/>
  <testcase name="testAsccii()" classname="com.cedarsoft.serialization.jackson.test.BallSerializerTest" time="0.045"/>
  <system-out><![CDATA[]]></system-out>
  <system-err><![CDATA[]]></system-err>
</testsuite>
