<?xml version="1.0" encoding="UTF-8"?>
<testsuite name="com.cedarsoft.serialization.jackson.NullSerializerTest" tests="2" skipped="0" failures="0" errors="0" timestamp="2022-01-12T03:09:49" hostname="runner-cs1zem-v-project-47-concurrent-0" time="0.006">
  <properties/>
  <testcase name="testStep()" classname="com.cedarsoft.serialization.jackson.NullSerializerTest" time="0.002"/>
  <testcase name="testIt()" classname="com.cedarsoft.serialization.jackson.NullSerializerTest" time="0.003"/>
  <system-out><![CDATA[]]></system-out>
  <system-err><![CDATA[]]></system-err>
</testsuite>
