<?xml version="1.0" encoding="UTF-8"?>
<testsuite name="com.cedarsoft.serialization.jackson.IntegerSerializerTest" tests="3" skipped="0" failures="0" errors="0" timestamp="2022-02-10T17:15:59" hostname="runner-ioxloixu-project-47-concurrent-1" time="0.849">
  <properties/>
  <testcase name="[1] entry=Entry{object=123}" classname="com.cedarsoft.serialization.jackson.IntegerSerializerTest" time="0.832"/>
  <testcase name="testNotClose()" classname="com.cedarsoft.serialization.jackson.IntegerSerializerTest" time="0.006"/>
  <testcase name="testIt()" classname="com.cedarsoft.serialization.jackson.IntegerSerializerTest" time="0.008"/>
  <system-out><![CDATA[]]></system-out>
  <system-err><![CDATA[]]></system-err>
</testsuite>
