<?xml version="1.0" encoding="UTF-8"?>
<testsuite name="com.cedarsoft.serialization.jackson.test.PrimitivesTest" tests="1" skipped="0" failures="0" errors="0" timestamp="2021-06-13T02:08:34" hostname="runner-kggansxr-project-47-concurrent-0" time="0.026">
  <properties/>
  <testcase name="[1] entry=Entry{object=com.cedarsoft.serialization.jackson.test.Primitives@279e63db}" classname="com.cedarsoft.serialization.jackson.test.PrimitivesTest" time="0.026"/>
  <system-out><![CDATA[]]></system-out>
  <system-err><![CDATA[]]></system-err>
</testsuite>
