<?xml version="1.0" encoding="UTF-8"?>
<testsuite name="com.cedarsoft.serialization.jackson.test.SkipTypeInfoSerializerTest" tests="1" skipped="0" failures="0" errors="0" timestamp="2021-11-14T03:09:38" hostname="runner-ioxloixu-project-47-concurrent-0" time="0.034">
  <properties/>
  <testcase name="testIt()" classname="com.cedarsoft.serialization.jackson.test.SkipTypeInfoSerializerTest" time="0.034"/>
  <system-out><![CDATA[]]></system-out>
  <system-err><![CDATA[]]></system-err>
</testsuite>
