<?xml version="1.0" encoding="UTF-8"?>
<testsuite name="com.cedarsoft.serialization.jackson.NullSerializerTest" tests="2" skipped="0" failures="0" errors="0" timestamp="2021-01-22T03:23:07" hostname="runner-kggansxr-project-47-concurrent-0" time="0.014">
  <properties/>
  <testcase name="testStep()" classname="com.cedarsoft.serialization.jackson.NullSerializerTest" time="0.003"/>
  <testcase name="testIt()" classname="com.cedarsoft.serialization.jackson.NullSerializerTest" time="0.008"/>
  <system-out><![CDATA[]]></system-out>
  <system-err><![CDATA[]]></system-err>
</testsuite>
