<?xml version="1.0" encoding="UTF-8"?>
<testsuite name="com.cedarsoft.serialization.jackson.test.WithoutTypeTest" tests="2" skipped="0" failures="0" errors="0" timestamp="2021-07-29T02:06:15" hostname="runner-cs1zem-v-project-47-concurrent-0" time="0.02">
  <properties/>
  <testcase name="testNonObjectType()" classname="com.cedarsoft.serialization.jackson.test.WithoutTypeTest" time="0.011"/>
  <testcase name="testWithoutType()" classname="com.cedarsoft.serialization.jackson.test.WithoutTypeTest" time="0.008"/>
  <system-out><![CDATA[]]></system-out>
  <system-err><![CDATA[]]></system-err>
</testsuite>
