<?xml version="1.0" encoding="UTF-8"?>
<testsuite name="com.cedarsoft.serialization.jackson.test.FooTest" tests="2" skipped="0" failures="0" errors="0" timestamp="2021-06-10T02:06:10" hostname="runner-cs1zem-v-project-47-concurrent-0" time="0.03">
  <properties/>
  <testcase name="[1] entry=Entry{object=com.cedarsoft.serialization.jackson.test.Foo@edfaa7c9}" classname="com.cedarsoft.serialization.jackson.test.FooTest" time="0.008"/>
  <testcase name="[2] entry=Entry{object=com.cedarsoft.serialization.jackson.test.Foo@65afc6f6}" classname="com.cedarsoft.serialization.jackson.test.FooTest" time="0.003"/>
  <system-out><![CDATA[]]></system-out>
  <system-err><![CDATA[]]></system-err>
</testsuite>
