<?xml version="1.0" encoding="UTF-8"?>
<testsuite name="com.cedarsoft.serialization.jackson.test.FooTest" tests="2" skipped="0" failures="0" errors="0" timestamp="2021-03-27T03:05:25" hostname="runner-cs1zem-v-project-47-concurrent-0" time="0.082">
  <properties/>
  <testcase name="[1] entry=Entry{object=com.cedarsoft.serialization.jackson.test.Foo@ffe6b6d}" classname="com.cedarsoft.serialization.jackson.test.FooTest" time="0.012"/>
  <testcase name="[2] entry=Entry{object=com.cedarsoft.serialization.jackson.test.Foo@82e44a03}" classname="com.cedarsoft.serialization.jackson.test.FooTest" time="0.014"/>
  <system-out><![CDATA[]]></system-out>
  <system-err><![CDATA[]]></system-err>
</testsuite>
