<?xml version="1.0" encoding="UTF-8"?>
<testsuite name="com.cedarsoft.serialization.jackson.test.FooTest" tests="2" skipped="0" failures="0" errors="0" timestamp="2021-03-26T03:06:29" hostname="runner-pgnkb89--project-47-concurrent-0" time="0.054">
  <properties/>
  <testcase name="[1] entry=Entry{object=com.cedarsoft.serialization.jackson.test.Foo@f348a28a}" classname="com.cedarsoft.serialization.jackson.test.FooTest" time="0.029"/>
  <testcase name="[2] entry=Entry{object=com.cedarsoft.serialization.jackson.test.Foo@81df8f8c}" classname="com.cedarsoft.serialization.jackson.test.FooTest" time="0.022"/>
  <system-out><![CDATA[]]></system-out>
  <system-err><![CDATA[]]></system-err>
</testsuite>
