<?xml version="1.0" encoding="UTF-8"?>
<testsuite name="com.cedarsoft.serialization.jackson.test.PrimitivesTest" tests="1" skipped="0" failures="0" errors="0" timestamp="2021-11-24T03:09:53" hostname="runner-ioxloixu-project-47-concurrent-0" time="0.02">
  <properties/>
  <testcase name="[1] entry=Entry{object=com.cedarsoft.serialization.jackson.test.Primitives@279e63db}" classname="com.cedarsoft.serialization.jackson.test.PrimitivesTest" time="0.02"/>
  <system-out><![CDATA[]]></system-out>
  <system-err><![CDATA[]]></system-err>
</testsuite>
