<?xml version="1.0" encoding="UTF-8"?>
<testsuite name="com.cedarsoft.serialization.jackson.test.WithoutTypeTest" tests="2" skipped="0" failures="0" errors="0" timestamp="2021-01-27T03:21:44" hostname="runner-pgnkb89--project-47-concurrent-0" time="0.032">
  <properties/>
  <testcase name="testNonObjectType()" classname="com.cedarsoft.serialization.jackson.test.WithoutTypeTest" time="0.009"/>
  <testcase name="testWithoutType()" classname="com.cedarsoft.serialization.jackson.test.WithoutTypeTest" time="0.021"/>
  <system-out><![CDATA[]]></system-out>
  <system-err><![CDATA[]]></system-err>
</testsuite>
