<?xml version="1.0" encoding="UTF-8"?>
<testsuite name="com.cedarsoft.serialization.jackson.test.BallSerializerTest" tests="4" skipped="0" failures="0" errors="0" timestamp="2022-01-28T03:09:45" hostname="runner-ioxloixu-project-47-concurrent-0" time="0.304">
  <properties/>
  <testcase name="[1] entry=Entry{object=com.cedarsoft.serialization.jackson.test.Ball$TennisBall@7}" classname="com.cedarsoft.serialization.jackson.test.BallSerializerTest" time="0.257"/>
  <testcase name="[2] entry=Entry{object=com.cedarsoft.serialization.jackson.test.Ball$BasketBall@2dd434}" classname="com.cedarsoft.serialization.jackson.test.BallSerializerTest" time="0.016"/>
  <testcase name="testVersion()" classname="com.cedarsoft.serialization.jackson.test.BallSerializerTest" time="0.0"/>
  <testcase name="testAsccii()" classname="com.cedarsoft.serialization.jackson.test.BallSerializerTest" time="0.028"/>
  <system-out><![CDATA[]]></system-out>
  <system-err><![CDATA[]]></system-err>
</testsuite>
