<?xml version="1.0" encoding="UTF-8"?>
<testsuite name="com.cedarsoft.serialization.jackson.test.compatible.JacksonParserWrapperTest" tests="3" skipped="0" failures="0" errors="0" timestamp="2021-05-17T02:08:53" hostname="runner-kggansxr-project-47-concurrent-0" time="0.046">
  <properties/>
  <testcase name="testEndObject()" classname="com.cedarsoft.serialization.jackson.test.compatible.JacksonParserWrapperTest" time="0.014"/>
  <testcase name="testStartObject()" classname="com.cedarsoft.serialization.jackson.test.compatible.JacksonParserWrapperTest" time="0.001"/>
  <testcase name="testSimple()" classname="com.cedarsoft.serialization.jackson.test.compatible.JacksonParserWrapperTest" time="0.008"/>
  <system-out><![CDATA[]]></system-out>
  <system-err><![CDATA[]]></system-err>
</testsuite>
