<?xml version="1.0" encoding="UTF-8"?>
<testsuite name="com.cedarsoft.serialization.jackson.test.FooTest" tests="2" skipped="0" failures="0" errors="0" timestamp="2021-04-02T02:07:22" hostname="runner-kggansxr-project-47-concurrent-0" time="0.037">
  <properties/>
  <testcase name="[1] entry=Entry{object=com.cedarsoft.serialization.jackson.test.Foo@f32b2a44}" classname="com.cedarsoft.serialization.jackson.test.FooTest" time="0.006"/>
  <testcase name="[2] entry=Entry{object=com.cedarsoft.serialization.jackson.test.Foo@3ab7cf27}" classname="com.cedarsoft.serialization.jackson.test.FooTest" time="0.011"/>
  <system-out><![CDATA[]]></system-out>
  <system-err><![CDATA[]]></system-err>
</testsuite>
