<?xml version="1.0" encoding="UTF-8"?>
<testsuite name="com.cedarsoft.serialization.jackson.filter.FilteringJsonParserTest" tests="2" skipped="0" failures="0" errors="0" timestamp="2021-11-24T03:09:53" hostname="runner-ioxloixu-project-47-concurrent-0" time="1.175">
  <properties/>
  <testcase name="testIt()" classname="com.cedarsoft.serialization.jackson.filter.FilteringJsonParserTest" time="0.006"/>
  <testcase name="testListener()" classname="com.cedarsoft.serialization.jackson.filter.FilteringJsonParserTest" time="1.168"/>
  <system-out><![CDATA[]]></system-out>
  <system-err><![CDATA[]]></system-err>
</testsuite>
