<?xml version="1.0" encoding="UTF-8"?>
<testsuite name="com.cedarsoft.serialization.jackson.ListSerializerTest" tests="3" skipped="0" failures="0" errors="0" timestamp="2021-12-16T03:11:05" hostname="runner-cs1zem-v-project-47-concurrent-0" time="0.075">
  <properties/>
  <testcase name="[1] entry=Entry{object=[a, b, c, 54, 234.0, 32.0, false]}" classname="com.cedarsoft.serialization.jackson.ListSerializerTest" time="0.069"/>
  <testcase name="[2] entry=Entry{object=[a, b, c]}" classname="com.cedarsoft.serialization.jackson.ListSerializerTest" time="0.002"/>
  <testcase name="testIt()" classname="com.cedarsoft.serialization.jackson.ListSerializerTest" time="0.001"/>
  <system-out><![CDATA[]]></system-out>
  <system-err><![CDATA[]]></system-err>
</testsuite>
