<?xml version="1.0" encoding="UTF-8"?>
<testsuite name="com.cedarsoft.serialization.jackson.test.SkipTypeInfoSerializerTest" tests="1" skipped="0" failures="0" errors="0" timestamp="2021-02-10T03:22:42" hostname="runner-pgnkb89--project-47-concurrent-0" time="0.014">
  <properties/>
  <testcase name="testIt()" classname="com.cedarsoft.serialization.jackson.test.SkipTypeInfoSerializerTest" time="0.014"/>
  <system-out><![CDATA[]]></system-out>
  <system-err><![CDATA[]]></system-err>
</testsuite>
