<?xml version="1.0" encoding="UTF-8"?>
<testsuite name="com.cedarsoft.serialization.jackson.test.FooTest" tests="2" skipped="0" failures="0" errors="0" timestamp="2021-05-07T02:08:30" hostname="runner-kggansxr-project-47-concurrent-0" time="0.024">
  <properties/>
  <testcase name="[1] entry=Entry{object=com.cedarsoft.serialization.jackson.test.Foo@c322c46e}" classname="com.cedarsoft.serialization.jackson.test.FooTest" time="0.01"/>
  <testcase name="[2] entry=Entry{object=com.cedarsoft.serialization.jackson.test.Foo@717f67a3}" classname="com.cedarsoft.serialization.jackson.test.FooTest" time="0.009"/>
  <system-out><![CDATA[]]></system-out>
  <system-err><![CDATA[]]></system-err>
</testsuite>
