<?xml version="1.0" encoding="UTF-8"?>
<testsuite name="com.cedarsoft.serialization.jackson.test.FooTest" tests="2" skipped="0" failures="0" errors="0" timestamp="2021-05-15T02:09:00" hostname="runner-kggansxr-project-47-concurrent-0" time="0.062">
  <properties/>
  <testcase name="[1] entry=Entry{object=com.cedarsoft.serialization.jackson.test.Foo@becef009}" classname="com.cedarsoft.serialization.jackson.test.FooTest" time="0.026"/>
  <testcase name="[2] entry=Entry{object=com.cedarsoft.serialization.jackson.test.Foo@5b9d8a46}" classname="com.cedarsoft.serialization.jackson.test.FooTest" time="0.027"/>
  <system-out><![CDATA[]]></system-out>
  <system-err><![CDATA[]]></system-err>
</testsuite>
