<?xml version="1.0" encoding="UTF-8"?>
<testsuite name="com.cedarsoft.serialization.jackson.test.FooTest" tests="2" skipped="0" failures="0" errors="0" timestamp="2021-08-05T02:09:17" hostname="runner-kggansxr-project-47-concurrent-0" time="0.053">
  <properties/>
  <testcase name="[1] entry=Entry{object=com.cedarsoft.serialization.jackson.test.Foo@fac54d81}" classname="com.cedarsoft.serialization.jackson.test.FooTest" time="0.034"/>
  <testcase name="[2] entry=Entry{object=com.cedarsoft.serialization.jackson.test.Foo@28019c7f}" classname="com.cedarsoft.serialization.jackson.test.FooTest" time="0.003"/>
  <system-out><![CDATA[]]></system-out>
  <system-err><![CDATA[]]></system-err>
</testsuite>
