<?xml version="1.0" encoding="UTF-8"?>
<testsuite name="com.cedarsoft.serialization.jackson.test.NullSerializerTest" tests="1" skipped="0" failures="0" errors="0" timestamp="2021-03-14T03:05:40" hostname="runner-cs1zem-v-project-47-concurrent-0" time="0.689">
  <properties/>
  <testcase name="basics()" classname="com.cedarsoft.serialization.jackson.test.NullSerializerTest" time="0.689"/>
  <system-out><![CDATA[]]></system-out>
  <system-err><![CDATA[]]></system-err>
</testsuite>
