<?xml version="1.0" encoding="UTF-8"?>
<testsuite name="com.cedarsoft.serialization.jackson.filter.FilteringJsonParserTest" tests="2" skipped="0" failures="0" errors="0" timestamp="2021-08-21T02:09:20" hostname="runner-kggansxr-project-47-concurrent-0" time="2.243">
  <properties/>
  <testcase name="testIt()" classname="com.cedarsoft.serialization.jackson.filter.FilteringJsonParserTest" time="0.003"/>
  <testcase name="testListener()" classname="com.cedarsoft.serialization.jackson.filter.FilteringJsonParserTest" time="2.239"/>
  <system-out><![CDATA[]]></system-out>
  <system-err><![CDATA[]]></system-err>
</testsuite>
