<?xml version="1.0" encoding="UTF-8"?>
<testsuite name="com.cedarsoft.serialization.jackson.filter.FilteringJsonParserTest" tests="2" skipped="0" failures="0" errors="0" timestamp="2021-05-17T02:08:55" hostname="runner-kggansxr-project-47-concurrent-0" time="3.851">
  <properties/>
  <testcase name="testIt()" classname="com.cedarsoft.serialization.jackson.filter.FilteringJsonParserTest" time="0.004"/>
  <testcase name="testListener()" classname="com.cedarsoft.serialization.jackson.filter.FilteringJsonParserTest" time="3.835"/>
  <system-out><![CDATA[]]></system-out>
  <system-err><![CDATA[]]></system-err>
</testsuite>
