<?xml version="1.0" encoding="UTF-8"?>
<testsuite name="com.cedarsoft.serialization.jackson.test.FooTest" tests="2" skipped="0" failures="0" errors="0" timestamp="2021-02-21T03:22:27" hostname="runner-pgnkb89--project-47-concurrent-0" time="0.026">
  <properties/>
  <testcase name="[1] entry=Entry{object=com.cedarsoft.serialization.jackson.test.Foo@f1c636b4}" classname="com.cedarsoft.serialization.jackson.test.FooTest" time="0.012"/>
  <testcase name="[2] entry=Entry{object=com.cedarsoft.serialization.jackson.test.Foo@18ae09ee}" classname="com.cedarsoft.serialization.jackson.test.FooTest" time="0.01"/>
  <system-out><![CDATA[]]></system-out>
  <system-err><![CDATA[]]></system-err>
</testsuite>
