<?xml version="1.0" encoding="UTF-8"?>
<testsuite name="com.cedarsoft.serialization.jackson.test.FooTest" tests="2" skipped="0" failures="0" errors="0" timestamp="2021-01-12T21:08:09" hostname="runner-kggansxr-project-47-concurrent-0" time="0.033">
  <properties/>
  <testcase name="[1] entry=Entry{object=com.cedarsoft.serialization.jackson.test.Foo@ec3edeaa}" classname="com.cedarsoft.serialization.jackson.test.FooTest" time="0.015"/>
  <testcase name="[2] entry=Entry{object=com.cedarsoft.serialization.jackson.test.Foo@42fbaf06}" classname="com.cedarsoft.serialization.jackson.test.FooTest" time="0.008"/>
  <system-out><![CDATA[]]></system-out>
  <system-err><![CDATA[]]></system-err>
</testsuite>
