<?xml version="1.0" encoding="UTF-8"?>
<testsuite name="com.cedarsoft.serialization.jackson.IntegerSerializerTest" tests="3" skipped="0" failures="0" errors="0" timestamp="2021-12-17T03:09:52" hostname="runner-cs1zem-v-project-47-concurrent-0" time="1.675">
  <properties/>
  <testcase name="[1] entry=Entry{object=123}" classname="com.cedarsoft.serialization.jackson.IntegerSerializerTest" time="1.589"/>
  <testcase name="testNotClose()" classname="com.cedarsoft.serialization.jackson.IntegerSerializerTest" time="0.02"/>
  <testcase name="testIt()" classname="com.cedarsoft.serialization.jackson.IntegerSerializerTest" time="0.007"/>
  <system-out><![CDATA[]]></system-out>
  <system-err><![CDATA[]]></system-err>
</testsuite>
