<?xml version="1.0" encoding="UTF-8"?>
<testsuite name="com.cedarsoft.serialization.jackson.test.NullSerializerTest" tests="1" skipped="0" failures="0" errors="0" timestamp="2022-01-27T03:11:00" hostname="runner-ioxloixu-project-47-concurrent-0" time="0.88">
  <properties/>
  <testcase name="basics()" classname="com.cedarsoft.serialization.jackson.test.NullSerializerTest" time="0.88"/>
  <system-out><![CDATA[]]></system-out>
  <system-err><![CDATA[]]></system-err>
</testsuite>
