<?xml version="1.0" encoding="UTF-8"?>
<testsuite name="com.cedarsoft.serialization.jackson.IgnoringSerializerTest" tests="7" skipped="0" failures="0" errors="0" timestamp="2022-01-03T03:09:56" hostname="runner-cs1zem-v-project-47-concurrent-0" time="1.439">
  <properties/>
  <testcase name="[1] json={}" classname="com.cedarsoft.serialization.jackson.IgnoringSerializerTest" time="1.36"/>
  <testcase name="[2] json=[]" classname="com.cedarsoft.serialization.jackson.IgnoringSerializerTest" time="0.013"/>
  <testcase name="[3] json=[1,2,3,4]" classname="com.cedarsoft.serialization.jackson.IgnoringSerializerTest" time="0.016"/>
  <testcase name="[4] json={&quot;id&quot;:123}" classname="com.cedarsoft.serialization.jackson.IgnoringSerializerTest" time="0.006"/>
  <testcase name="[5] json={&quot;id&quot;:[123]}" classname="com.cedarsoft.serialization.jackson.IgnoringSerializerTest" time="0.001"/>
  <testcase name="[6] json={&quot;id&quot;:{&quot;value&quot;:123}}" classname="com.cedarsoft.serialization.jackson.IgnoringSerializerTest" time="0.007"/>
  <testcase name="[7] json=&quot;&quot;" classname="com.cedarsoft.serialization.jackson.IgnoringSerializerTest" time="0.001"/>
  <system-out><![CDATA[]]></system-out>
  <system-err><![CDATA[]]></system-err>
</testsuite>
