<?xml version="1.0" encoding="UTF-8"?>
<testsuite name="com.cedarsoft.serialization.jackson.test.FooTest" tests="2" skipped="0" failures="0" errors="0" timestamp="2021-01-26T03:21:34" hostname="runner-cs1zem-v-project-47-concurrent-0" time="0.033">
  <properties/>
  <testcase name="[1] entry=Entry{object=com.cedarsoft.serialization.jackson.test.Foo@f561810}" classname="com.cedarsoft.serialization.jackson.test.FooTest" time="0.004"/>
  <testcase name="[2] entry=Entry{object=com.cedarsoft.serialization.jackson.test.Foo@22c7b8f5}" classname="com.cedarsoft.serialization.jackson.test.FooTest" time="0.023"/>
  <system-out><![CDATA[]]></system-out>
  <system-err><![CDATA[]]></system-err>
</testsuite>
