<?xml version="1.0" encoding="UTF-8"?>
<testsuite name="com.cedarsoft.serialization.jackson.StringSerializerTest" tests="3" skipped="0" failures="0" errors="0" timestamp="2021-11-29T03:09:36" hostname="runner-ioxloixu-project-47-concurrent-0" time="0.011">
  <properties/>
  <testcase name="[1] entry=Entry{object=asdf}" classname="com.cedarsoft.serialization.jackson.StringSerializerTest" time="0.002"/>
  <testcase name="testNotClose()" classname="com.cedarsoft.serialization.jackson.StringSerializerTest" time="0.006"/>
  <testcase name="testIt()" classname="com.cedarsoft.serialization.jackson.StringSerializerTest" time="0.002"/>
  <system-out><![CDATA[]]></system-out>
  <system-err><![CDATA[]]></system-err>
</testsuite>
