<?xml version="1.0" encoding="UTF-8"?>
<testsuite name="com.cedarsoft.serialization.jackson.test.FooTest" tests="2" skipped="0" failures="0" errors="0" timestamp="2021-02-28T03:22:53" hostname="runner-pgnkb89--project-47-concurrent-0" time="0.008">
  <properties/>
  <testcase name="[1] entry=Entry{object=com.cedarsoft.serialization.jackson.test.Foo@3515cc34}" classname="com.cedarsoft.serialization.jackson.test.FooTest" time="0.003"/>
  <testcase name="[2] entry=Entry{object=com.cedarsoft.serialization.jackson.test.Foo@64b1bd14}" classname="com.cedarsoft.serialization.jackson.test.FooTest" time="0.003"/>
  <system-out><![CDATA[]]></system-out>
  <system-err><![CDATA[]]></system-err>
</testsuite>
