<?xml version="1.0" encoding="UTF-8"?>
<testsuite name="com.cedarsoft.serialization.jackson.test.SkipTypeInfoSerializerTest" tests="1" skipped="0" failures="0" errors="0" timestamp="2021-10-13T02:05:48" hostname="runner-cs1zem-v-project-47-concurrent-0" time="0.012">
  <properties/>
  <testcase name="testIt()" classname="com.cedarsoft.serialization.jackson.test.SkipTypeInfoSerializerTest" time="0.012"/>
  <system-out><![CDATA[]]></system-out>
  <system-err><![CDATA[]]></system-err>
</testsuite>
