<?xml version="1.0" encoding="UTF-8"?>
<testsuite name="com.cedarsoft.serialization.jackson.test.FooTest" tests="2" skipped="0" failures="0" errors="0" timestamp="2021-01-12T17:33:03" hostname="runner-cs1zem-v-project-47-concurrent-0" time="0.035">
  <properties/>
  <testcase name="[1] entry=Entry{object=com.cedarsoft.serialization.jackson.test.Foo@f7d4cb3f}" classname="com.cedarsoft.serialization.jackson.test.FooTest" time="0.007"/>
  <testcase name="[2] entry=Entry{object=com.cedarsoft.serialization.jackson.test.Foo@5caf88cc}" classname="com.cedarsoft.serialization.jackson.test.FooTest" time="0.005"/>
  <system-out><![CDATA[]]></system-out>
  <system-err><![CDATA[]]></system-err>
</testsuite>
