<?xml version="1.0" encoding="UTF-8"?>
<testsuite name="com.cedarsoft.serialization.jackson.test.NullSerializerTest" tests="1" skipped="0" failures="0" errors="0" timestamp="2021-01-21T03:22:09" hostname="runner-pgnkb89--project-47-concurrent-0" time="1.607">
  <properties/>
  <testcase name="basics()" classname="com.cedarsoft.serialization.jackson.test.NullSerializerTest" time="1.607"/>
  <system-out><![CDATA[]]></system-out>
  <system-err><![CDATA[]]></system-err>
</testsuite>
