<?xml version="1.0" encoding="UTF-8"?>
<testsuite name="com.cedarsoft.serialization.jackson.test.RoleSerializerTest" tests="1" skipped="0" failures="0" errors="0" timestamp="2021-02-07T03:23:49" hostname="runner-kggansxr-project-47-concurrent-0" time="0.294">
  <properties/>
  <testcase name="[1] entry=Entry{object=Role{id=7, description='nobody'}}" classname="com.cedarsoft.serialization.jackson.test.RoleSerializerTest" time="0.294"/>
  <system-out><![CDATA[]]></system-out>
  <system-err><![CDATA[]]></system-err>
</testsuite>
