<?xml version="1.0" encoding="UTF-8"?>
<testsuite name="com.cedarsoft.serialization.jackson.test.FooTest" tests="2" skipped="0" failures="0" errors="0" timestamp="2021-02-06T03:22:34" hostname="runner-pgnkb89--project-47-concurrent-0" time="0.024">
  <properties/>
  <testcase name="[1] entry=Entry{object=com.cedarsoft.serialization.jackson.test.Foo@cf4a5c77}" classname="com.cedarsoft.serialization.jackson.test.FooTest" time="0.005"/>
  <testcase name="[2] entry=Entry{object=com.cedarsoft.serialization.jackson.test.Foo@6572ef53}" classname="com.cedarsoft.serialization.jackson.test.FooTest" time="0.016"/>
  <system-out><![CDATA[]]></system-out>
  <system-err><![CDATA[]]></system-err>
</testsuite>
