<?xml version="1.0" encoding="UTF-8"?>
<testsuite name="com.cedarsoft.serialization.jackson.test.compatible.JacksonCompatibleTest" tests="2" skipped="0" failures="0" errors="0" timestamp="2021-07-04T02:06:18" hostname="runner-cs1zem-v-project-47-concurrent-0" time="0.031">
  <properties/>
  <testcase name="testReadCompatible()" classname="com.cedarsoft.serialization.jackson.test.compatible.JacksonCompatibleTest" time="0.003"/>
  <testcase name="testIt()" classname="com.cedarsoft.serialization.jackson.test.compatible.JacksonCompatibleTest" time="0.027"/>
  <system-out><![CDATA[]]></system-out>
  <system-err><![CDATA[]]></system-err>
</testsuite>
