<?xml version="1.0" encoding="UTF-8"?>
<testsuite name="com.cedarsoft.serialization.jackson.filter.FilteringJsonParserTest" tests="2" skipped="0" failures="0" errors="0" timestamp="2021-10-12T02:06:14" hostname="runner-cs1zem-v-project-47-concurrent-0" time="2.75">
  <properties/>
  <testcase name="testIt()" classname="com.cedarsoft.serialization.jackson.filter.FilteringJsonParserTest" time="0.011"/>
  <testcase name="testListener()" classname="com.cedarsoft.serialization.jackson.filter.FilteringJsonParserTest" time="2.724"/>
  <system-out><![CDATA[]]></system-out>
  <system-err><![CDATA[]]></system-err>
</testsuite>
