<?xml version="1.0" encoding="UTF-8"?>
<testsuite name="com.cedarsoft.serialization.jackson.test.compatible.JacksonParserWrapperTest" tests="3" skipped="0" failures="0" errors="0" timestamp="2021-01-24T03:23:33" hostname="runner-kggansxr-project-47-concurrent-0" time="0.04">
  <properties/>
  <testcase name="testEndObject()" classname="com.cedarsoft.serialization.jackson.test.compatible.JacksonParserWrapperTest" time="0.006"/>
  <testcase name="testStartObject()" classname="com.cedarsoft.serialization.jackson.test.compatible.JacksonParserWrapperTest" time="0.012"/>
  <testcase name="testSimple()" classname="com.cedarsoft.serialization.jackson.test.compatible.JacksonParserWrapperTest" time="0.002"/>
  <system-out><![CDATA[]]></system-out>
  <system-err><![CDATA[]]></system-err>
</testsuite>
