<?xml version="1.0" encoding="UTF-8"?>
<testsuite name="com.cedarsoft.serialization.jackson.IgnoringSerializerTest" tests="7" skipped="0" failures="0" errors="0" timestamp="2021-02-16T03:23:55" hostname="runner-kggansxr-project-47-concurrent-0" time="0.102">
  <properties/>
  <testcase name="[1] json={}" classname="com.cedarsoft.serialization.jackson.IgnoringSerializerTest" time="0.004"/>
  <testcase name="[2] json=[]" classname="com.cedarsoft.serialization.jackson.IgnoringSerializerTest" time="0.017"/>
  <testcase name="[3] json=[1,2,3,4]" classname="com.cedarsoft.serialization.jackson.IgnoringSerializerTest" time="0.012"/>
  <testcase name="[4] json={&quot;id&quot;:123}" classname="com.cedarsoft.serialization.jackson.IgnoringSerializerTest" time="0.007"/>
  <testcase name="[5] json={&quot;id&quot;:[123]}" classname="com.cedarsoft.serialization.jackson.IgnoringSerializerTest" time="0.008"/>
  <testcase name="[6] json={&quot;id&quot;:{&quot;value&quot;:123}}" classname="com.cedarsoft.serialization.jackson.IgnoringSerializerTest" time="0.002"/>
  <testcase name="[7] json=&quot;&quot;" classname="com.cedarsoft.serialization.jackson.IgnoringSerializerTest" time="0.002"/>
  <system-out><![CDATA[]]></system-out>
  <system-err><![CDATA[]]></system-err>
</testsuite>
