<?xml version="1.0" encoding="UTF-8"?>
<testsuite name="com.cedarsoft.io.RelativePathFinderTest" tests="7" skipped="0" failures="0" errors="0" timestamp="2021-03-04T03:06:15" hostname="runner-pgnkb89--project-47-concurrent-0" time="0.101">
  <properties/>
  <testcase name="testBug()" classname="com.cedarsoft.io.RelativePathFinderTest" time="0.058"/>
  <testcase name="testFile()" classname="com.cedarsoft.io.RelativePathFinderTest" time="0.001"/>
  <testcase name="testGetRelativePath2()" classname="com.cedarsoft.io.RelativePathFinderTest" time="0.001"/>
  <testcase name="testGetRelativePath3()" classname="com.cedarsoft.io.RelativePathFinderTest" time="0.001"/>
  <testcase name="testDirectParent()" classname="com.cedarsoft.io.RelativePathFinderTest" time="0.001"/>
  <testcase name="testGetRelativePath()" classname="com.cedarsoft.io.RelativePathFinderTest" time="0.033"/>
  <testcase name="testGetRelativePathWin()" classname="com.cedarsoft.io.RelativePathFinderTest" time="0.001"/>
  <system-out><![CDATA[]]></system-out>
  <system-err><![CDATA[]]></system-err>
</testsuite>
