<?xml version="1.0" encoding="UTF-8"?>
<testsuite name="com.cedarsoft.io.FileUtilsTest" tests="1" skipped="0" failures="0" errors="0" timestamp="2021-04-24T02:05:52" hostname="runner-cs1zem-v-project-47-concurrent-0" time="0.01">
  <properties/>
  <testcase name="testInlineFunction$io(File)" classname="com.cedarsoft.io.FileUtilsTest" time="0.01"/>
  <system-out><![CDATA[]]></system-out>
  <system-err><![CDATA[]]></system-err>
</testsuite>
