<?xml version="1.0" encoding="UTF-8"?>
<testsuite name="com.cedarsoft.io.LinkUtilsTest" tests="2" skipped="0" failures="0" errors="0" timestamp="2022-02-10T17:15:45" hostname="runner-ioxloixu-project-47-concurrent-1" time="0.063">
  <properties/>
  <testcase name="testCreation(TemporaryFolder)" classname="com.cedarsoft.io.LinkUtilsTest" time="0.053"/>
  <testcase name="testLinkTypes()" classname="com.cedarsoft.io.LinkUtilsTest" time="0.009"/>
  <system-out><![CDATA[]]></system-out>
  <system-err><![CDATA[]]></system-err>
</testsuite>
