<?xml version="1.0" encoding="UTF-8"?>
<testsuite name="com.cedarsoft.io.FileOutputStreamWithMoveTest" tests="2" skipped="0" failures="0" errors="0" timestamp="2021-12-04T03:09:32" hostname="runner-ioxloixu-project-47-concurrent-0" time="0.423">
  <properties/>
  <testcase name="basics(TemporaryFolder)" classname="com.cedarsoft.io.FileOutputStreamWithMoveTest" time="0.307"/>
  <testcase name="exception(TemporaryFolder)" classname="com.cedarsoft.io.FileOutputStreamWithMoveTest" time="0.104"/>
  <system-out><![CDATA[]]></system-out>
  <system-err><![CDATA[]]></system-err>
</testsuite>
