<?xml version="1.0" encoding="UTF-8"?>
<testsuite name="com.cedarsoft.io.FileOutputStreamWithMoveTest" tests="2" skipped="0" failures="0" errors="0" timestamp="2021-08-21T02:08:05" hostname="runner-kggansxr-project-47-concurrent-0" time="0.777">
  <properties/>
  <testcase name="basics(TemporaryFolder)" classname="com.cedarsoft.io.FileOutputStreamWithMoveTest" time="0.541"/>
  <testcase name="exception(TemporaryFolder)" classname="com.cedarsoft.io.FileOutputStreamWithMoveTest" time="0.214"/>
  <system-out><![CDATA[]]></system-out>
  <system-err><![CDATA[]]></system-err>
</testsuite>
