<?xml version="1.0" encoding="UTF-8"?>
<testsuite name="com.cedarsoft.io.FileUtilsTest" tests="1" skipped="0" failures="0" errors="0" timestamp="2021-08-22T02:07:47" hostname="runner-kggansxr-project-47-concurrent-0" time="0.032">
  <properties/>
  <testcase name="testInlineFunction$io(File)" classname="com.cedarsoft.io.FileUtilsTest" time="0.032"/>
  <system-out><![CDATA[]]></system-out>
  <system-err><![CDATA[]]></system-err>
</testsuite>
