<?xml version="1.0" encoding="UTF-8"?>
<testsuite name="com.cedarsoft.io.HelloKotlinKtTest" tests="1" skipped="0" failures="0" errors="0" timestamp="2021-11-16T03:09:23" hostname="runner-ioxloixu-project-47-concurrent-0" time="0.018">
  <properties/>
  <testcase name="name" classname="com.cedarsoft.io.HelloKotlinKtTest" time="0.018"/>
  <system-out><![CDATA[]]></system-out>
  <system-err><![CDATA[]]></system-err>
</testsuite>
