<?xml version="1.0" encoding="UTF-8"?>
<testsuite name="com.cedarsoft.io.LinkUtilsTest" tests="2" skipped="0" failures="0" errors="0" timestamp="2022-01-31T03:10:48" hostname="runner-cs1zem-v-project-47-concurrent-0" time="0.188">
  <properties/>
  <testcase name="testCreation(TemporaryFolder)" classname="com.cedarsoft.io.LinkUtilsTest" time="0.186"/>
  <testcase name="testLinkTypes()" classname="com.cedarsoft.io.LinkUtilsTest" time="0.001"/>
  <system-out><![CDATA[]]></system-out>
  <system-err><![CDATA[]]></system-err>
</testsuite>
