<?xml version="1.0" encoding="UTF-8"?>
<testsuite name="com.cedarsoft.io.LinkUtilsTest" tests="2" skipped="0" failures="0" errors="0" timestamp="2021-06-28T02:05:43" hostname="runner-cs1zem-v-project-47-concurrent-0" time="0.042">
  <properties/>
  <testcase name="testCreation(TemporaryFolder)" classname="com.cedarsoft.io.LinkUtilsTest" time="0.039"/>
  <testcase name="testLinkTypes()" classname="com.cedarsoft.io.LinkUtilsTest" time="0.003"/>
  <system-out><![CDATA[]]></system-out>
  <system-err><![CDATA[]]></system-err>
</testsuite>
