<?xml version="1.0" encoding="UTF-8"?>
<testsuite name="com.cedarsoft.io.LinkUtilsTest" tests="2" skipped="0" failures="0" errors="0" timestamp="2021-02-28T03:22:27" hostname="runner-pgnkb89--project-47-concurrent-0" time="0.344">
  <properties/>
  <testcase name="testCreation(TemporaryFolder)" classname="com.cedarsoft.io.LinkUtilsTest" time="0.318"/>
  <testcase name="testLinkTypes()" classname="com.cedarsoft.io.LinkUtilsTest" time="0.013"/>
  <system-out><![CDATA[]]></system-out>
  <system-err><![CDATA[]]></system-err>
</testsuite>
