<?xml version="1.0" encoding="UTF-8"?>
<testsuite name="com.cedarsoft.io.FileUtilsTest" tests="1" skipped="0" failures="0" errors="0" timestamp="2021-01-14T03:23:04" hostname="runner-kggansxr-project-47-concurrent-0" time="0.028">
  <properties/>
  <testcase name="testInlineFunction$io(File)" classname="com.cedarsoft.io.FileUtilsTest" time="0.028"/>
  <system-out><![CDATA[]]></system-out>
  <system-err><![CDATA[]]></system-err>
</testsuite>
