<?xml version="1.0" encoding="UTF-8"?>
<testsuite name="com.cedarsoft.io.HelloKotlinKtTest" tests="1" skipped="0" failures="0" errors="0" timestamp="2021-07-20T02:08:04" hostname="runner-kggansxr-project-47-concurrent-0" time="0.025">
  <properties/>
  <testcase name="name" classname="com.cedarsoft.io.HelloKotlinKtTest" time="0.025"/>
  <system-out><![CDATA[]]></system-out>
  <system-err><![CDATA[]]></system-err>
</testsuite>
