<?xml version="1.0" encoding="UTF-8"?>
<testsuite name="com.cedarsoft.io.HelloKotlinKtTest" tests="1" skipped="0" failures="0" errors="0" timestamp="2021-10-05T02:05:52" hostname="runner-cs1zem-v-project-47-concurrent-0" time="0.015">
  <properties/>
  <testcase name="name" classname="com.cedarsoft.io.HelloKotlinKtTest" time="0.015"/>
  <system-out><![CDATA[]]></system-out>
  <system-err><![CDATA[]]></system-err>
</testsuite>
