<?xml version="1.0" encoding="UTF-8"?>
<testsuite name="com.cedarsoft.io.RelativePathFinderTest" tests="7" skipped="0" failures="0" errors="0" timestamp="2021-08-13T02:08:12" hostname="runner-kggansxr-project-47-concurrent-0" time="0.126">
  <properties/>
  <testcase name="testBug()" classname="com.cedarsoft.io.RelativePathFinderTest" time="0.073"/>
  <testcase name="testFile()" classname="com.cedarsoft.io.RelativePathFinderTest" time="0.01"/>
  <testcase name="testGetRelativePath2()" classname="com.cedarsoft.io.RelativePathFinderTest" time="0.006"/>
  <testcase name="testGetRelativePath3()" classname="com.cedarsoft.io.RelativePathFinderTest" time="0.005"/>
  <testcase name="testDirectParent()" classname="com.cedarsoft.io.RelativePathFinderTest" time="0.008"/>
  <testcase name="testGetRelativePath()" classname="com.cedarsoft.io.RelativePathFinderTest" time="0.002"/>
  <testcase name="testGetRelativePathWin()" classname="com.cedarsoft.io.RelativePathFinderTest" time="0.005"/>
  <system-out><![CDATA[]]></system-out>
  <system-err><![CDATA[]]></system-err>
</testsuite>
