<?xml version="1.0" encoding="UTF-8"?>
<testsuite name="com.cedarsoft.io.LinkUtilsTest" tests="2" skipped="0" failures="0" errors="0" timestamp="2021-02-13T03:21:34" hostname="runner-pgnkb89--project-47-concurrent-0" time="0.199">
  <properties/>
  <testcase name="testCreation(TemporaryFolder)" classname="com.cedarsoft.io.LinkUtilsTest" time="0.174"/>
  <testcase name="testLinkTypes()" classname="com.cedarsoft.io.LinkUtilsTest" time="0.012"/>
  <system-out><![CDATA[]]></system-out>
  <system-err><![CDATA[]]></system-err>
</testsuite>
