<?xml version="1.0" encoding="UTF-8"?>
<testsuite name="com.cedarsoft.io.FileOutputStreamWithMoveTest" tests="2" skipped="0" failures="0" errors="0" timestamp="2021-11-22T03:09:23" hostname="runner-cs1zem-v-project-47-concurrent-0" time="0.895">
  <properties/>
  <testcase name="basics(TemporaryFolder)" classname="com.cedarsoft.io.FileOutputStreamWithMoveTest" time="0.753"/>
  <testcase name="exception(TemporaryFolder)" classname="com.cedarsoft.io.FileOutputStreamWithMoveTest" time="0.131"/>
  <system-out><![CDATA[]]></system-out>
  <system-err><![CDATA[]]></system-err>
</testsuite>
