<?xml version="1.0" encoding="UTF-8"?>
<testsuite name="com.cedarsoft.io.RelativePathFinderTest" tests="7" skipped="0" failures="0" errors="0" timestamp="2021-08-26T02:05:54" hostname="runner-cs1zem-v-project-47-concurrent-0" time="0.047">
  <properties/>
  <testcase name="testBug()" classname="com.cedarsoft.io.RelativePathFinderTest" time="0.006"/>
  <testcase name="testFile()" classname="com.cedarsoft.io.RelativePathFinderTest" time="0.013"/>
  <testcase name="testGetRelativePath2()" classname="com.cedarsoft.io.RelativePathFinderTest" time="0.006"/>
  <testcase name="testGetRelativePath3()" classname="com.cedarsoft.io.RelativePathFinderTest" time="0.001"/>
  <testcase name="testDirectParent()" classname="com.cedarsoft.io.RelativePathFinderTest" time="0.001"/>
  <testcase name="testGetRelativePath()" classname="com.cedarsoft.io.RelativePathFinderTest" time="0.001"/>
  <testcase name="testGetRelativePathWin()" classname="com.cedarsoft.io.RelativePathFinderTest" time="0.001"/>
  <system-out><![CDATA[]]></system-out>
  <system-err><![CDATA[]]></system-err>
</testsuite>
