<?xml version="1.0" encoding="UTF-8"?>
<testsuite name="com.cedarsoft.io.FileUtilsTest" tests="1" skipped="0" failures="0" errors="0" timestamp="2021-11-18T03:10:06" hostname="runner-cs1zem-v-project-47-concurrent-0" time="0.006">
  <properties/>
  <testcase name="testInlineFunction$io(File)" classname="com.cedarsoft.io.FileUtilsTest" time="0.006"/>
  <system-out><![CDATA[]]></system-out>
  <system-err><![CDATA[]]></system-err>
</testsuite>
