<?xml version="1.0" encoding="UTF-8"?>
<testsuite name="com.cedarsoft.serialization.serializers.jackson.ExtensionSerializerTest" tests="1" skipped="0" failures="0" errors="0" timestamp="2021-01-21T03:22:32" hostname="runner-pgnkb89--project-47-concurrent-0" time="0.006">
  <properties/>
  <testcase name="[1] entry=Entry{object=daDelimiterdaExtension}" classname="com.cedarsoft.serialization.serializers.jackson.ExtensionSerializerTest" time="0.006"/>
  <system-out><![CDATA[]]></system-out>
  <system-err><![CDATA[]]></system-err>
</testsuite>
