<?xml version="1.0" encoding="UTF-8"?>
<testsuite name="com.cedarsoft.serialization.serializers.jackson.ZonedDateTimeSerializerTest" tests="1" skipped="0" failures="0" errors="0" timestamp="2021-09-14T02:06:26" hostname="runner-cs1zem-v-project-47-concurrent-0" time="0.011">
  <properties/>
  <testcase name="[1] entry=Entry{object=2017-01-13T10:12:11.000001533+01:00[Europe/Berlin]}" classname="com.cedarsoft.serialization.serializers.jackson.ZonedDateTimeSerializerTest" time="0.011"/>
  <system-out><![CDATA[]]></system-out>
  <system-err><![CDATA[WARNING. Could not add type information due to com.fasterxml.jackson.databind.node.TextNode cannot be cast to com.fasterxml.jackson.databind.node.ContainerNode
]]></system-err>
</testsuite>
