<?xml version="1.0" encoding="UTF-8"?>
<testsuite name="com.cedarsoft.serialization.serializers.jackson.VersionSerializerVersionTest" tests="1" skipped="0" failures="0" errors="0" timestamp="2021-12-03T03:10:30" hostname="runner-ioxloixu-project-47-concurrent-0" time="0.002">
  <properties/>
  <testcase name="[1] entry=Entry for &lt;1.0.0&gt;" classname="com.cedarsoft.serialization.serializers.jackson.VersionSerializerVersionTest" time="0.002"/>
  <system-out><![CDATA[]]></system-out>
  <system-err><![CDATA[]]></system-err>
</testsuite>
