<?xml version="1.0" encoding="UTF-8"?>
<testsuite name="com.cedarsoft.serialization.serializers.jackson.FileTypeSerializerTest" tests="1" skipped="0" failures="0" errors="0" timestamp="2021-11-14T03:10:12" hostname="runner-ioxloixu-project-47-concurrent-0" time="0.014">
  <properties/>
  <testcase name="[1] entry=Entry{object=FileType(id=id, contentType=contentType, isDependentType=true, extensions=[.jpg, .ccx])}" classname="com.cedarsoft.serialization.serializers.jackson.FileTypeSerializerTest" time="0.014"/>
  <system-out><![CDATA[]]></system-out>
  <system-err><![CDATA[]]></system-err>
</testsuite>
