<?xml version="1.0" encoding="UTF-8"?>
<testsuite name="com.cedarsoft.serialization.serializers.jackson.ApplicationInformationSerializerTest" tests="1" skipped="0" failures="0" errors="0" timestamp="2022-01-17T03:10:28" hostname="runner-ioxloixu-project-47-concurrent-0" time="1.104">
  <properties/>
  <testcase name="[1] entry=Entry{object=name (1.2.3)}" classname="com.cedarsoft.serialization.serializers.jackson.ApplicationInformationSerializerTest" time="1.104"/>
  <system-out><![CDATA[]]></system-out>
  <system-err><![CDATA[]]></system-err>
</testsuite>
