<?xml version="1.0" encoding="UTF-8"?>
<testsuite name="com.cedarsoft.serialization.serializers.jackson.FileTypeSerializerVersionTest" tests="1" skipped="0" failures="0" errors="0" timestamp="2021-07-08T02:06:39" hostname="runner-cs1zem-v-project-47-concurrent-0" time="0.086">
  <properties/>
  <testcase name="[1] entry=Entry for &lt;1.0.0&gt;" classname="com.cedarsoft.serialization.serializers.jackson.FileTypeSerializerVersionTest" time="0.086"/>
  <system-out><![CDATA[]]></system-out>
  <system-err><![CDATA[]]></system-err>
</testsuite>
