<?xml version="1.0" encoding="UTF-8"?>
<testsuite name="com.cedarsoft.serialization.serializers.jackson.LicenseSerializerTest" tests="3" skipped="0" failures="0" errors="0" timestamp="2021-06-20T02:09:31" hostname="runner-kggansxr-project-47-concurrent-0" time="0.048">
  <properties/>
  <testcase name="[1] entry=Entry{object=GNU General Public License 3.0 (GPLv3)}" classname="com.cedarsoft.serialization.serializers.jackson.LicenseSerializerTest" time="0.007"/>
  <testcase name="[2] entry=Entry{object=daName (daId)}" classname="com.cedarsoft.serialization.serializers.jackson.LicenseSerializerTest" time="0.01"/>
  <testcase name="[3] entry=Entry{object=CC Attribution Non-Commercial Share Alike (CC-BY-NC-SA)}" classname="com.cedarsoft.serialization.serializers.jackson.LicenseSerializerTest" time="0.003"/>
  <system-out><![CDATA[]]></system-out>
  <system-err><![CDATA[]]></system-err>
</testsuite>
