<?xml version="1.0" encoding="UTF-8"?>
<testsuite name="com.cedarsoft.serialization.serializers.jackson.PeriodSerializerTest" tests="1" skipped="0" failures="0" errors="0" timestamp="2022-01-18T03:09:50" hostname="runner-ioxloixu-project-47-concurrent-0" time="0.002">
  <properties/>
  <testcase name="[1] entry=Entry{object=P1Y2M3D}" classname="com.cedarsoft.serialization.serializers.jackson.PeriodSerializerTest" time="0.002"/>
  <system-out><![CDATA[]]></system-out>
  <system-err><![CDATA[WARNING. Could not add type information due to com.fasterxml.jackson.databind.node.TextNode cannot be cast to com.fasterxml.jackson.databind.node.ContainerNode
]]></system-err>
</testsuite>
