<?xml version="1.0" encoding="UTF-8"?>
<testsuite name="com.cedarsoft.serialization.serializers.jackson.ExtensionSerializerTest" tests="1" skipped="0" failures="0" errors="0" timestamp="2021-01-29T03:21:17" hostname="runner-cs1zem-v-project-47-concurrent-0" time="0.004">
  <properties/>
  <testcase name="[1] entry=Entry{object=daDelimiterdaExtension}" classname="com.cedarsoft.serialization.serializers.jackson.ExtensionSerializerTest" time="0.004"/>
  <system-out><![CDATA[]]></system-out>
  <system-err><![CDATA[]]></system-err>
</testsuite>
