<?xml version="1.0" encoding="UTF-8"?>
<testsuite name="com.cedarsoft.serialization.serializers.jackson.DateTimeZoneSerializerVersionTest" tests="1" skipped="0" failures="0" errors="0" timestamp="2021-02-21T03:22:44" hostname="runner-pgnkb89--project-47-concurrent-0" time="0.338">
  <properties/>
  <testcase name="[1] entry=Entry for &lt;1.0.0&gt;" classname="com.cedarsoft.serialization.serializers.jackson.DateTimeZoneSerializerVersionTest" time="0.338"/>
  <system-out><![CDATA[]]></system-out>
  <system-err><![CDATA[]]></system-err>
</testsuite>
