<?xml version="1.0" encoding="UTF-8"?>
<testsuite name="com.cedarsoft.serialization.serializers.jackson.LocalTimeSerializerTest" tests="1" skipped="0" failures="0" errors="0" timestamp="2021-08-08T02:09:48" hostname="runner-kggansxr-project-47-concurrent-0" time="0.009">
  <properties/>
  <testcase name="[1] entry=Entry{object=20:01:13}" classname="com.cedarsoft.serialization.serializers.jackson.LocalTimeSerializerTest" time="0.009"/>
  <system-out><![CDATA[]]></system-out>
  <system-err><![CDATA[WARNING. Could not add type information due to com.fasterxml.jackson.databind.node.TextNode cannot be cast to com.fasterxml.jackson.databind.node.ContainerNode
]]></system-err>
</testsuite>
