<?xml version="1.0" encoding="UTF-8"?>
<testsuite name="com.cedarsoft.serialization.serializers.jackson.HashSerializerTest" tests="1" skipped="0" failures="0" errors="0" timestamp="2021-05-17T02:09:43" hostname="runner-kggansxr-project-47-concurrent-0" time="2.333">
  <properties/>
  <testcase name="[1] entry=Entry{object=[MD5: 48415348]}" classname="com.cedarsoft.serialization.serializers.jackson.HashSerializerTest" time="2.333"/>
  <system-out><![CDATA[]]></system-out>
  <system-err><![CDATA[]]></system-err>
</testsuite>
