<?xml version="1.0" encoding="UTF-8"?>
<testsuite name="com.cedarsoft.serialization.serializers.jackson.DateTimeSerializerTest" tests="1" skipped="0" failures="0" errors="0" timestamp="2021-05-17T02:09:47" hostname="runner-kggansxr-project-47-concurrent-0" time="0.018">
  <properties/>
  <testcase name="[1] entry=Entry{object=2009-05-01T02:02:05.004-04:00}" classname="com.cedarsoft.serialization.serializers.jackson.DateTimeSerializerTest" time="0.018"/>
  <system-out><![CDATA[]]></system-out>
  <system-err><![CDATA[]]></system-err>
</testsuite>
