<?xml version="1.0" encoding="UTF-8"?>
<testsuite name="com.cedarsoft.serialization.serializers.jackson.LicenseSerializerVersionTest" tests="1" skipped="0" failures="0" errors="0" timestamp="2021-06-05T02:09:08" hostname="runner-kggansxr-project-47-concurrent-0" time="0.03">
  <properties/>
  <testcase name="[1] entry=Entry for &lt;1.0.0&gt;" classname="com.cedarsoft.serialization.serializers.jackson.LicenseSerializerVersionTest" time="0.03"/>
  <system-out><![CDATA[]]></system-out>
  <system-err><![CDATA[]]></system-err>
</testsuite>
