<?xml version="1.0" encoding="UTF-8"?>
<testsuite name="com.cedarsoft.serialization.serializers.jackson.FileNameSerializerTest" tests="1" skipped="0" failures="0" errors="0" timestamp="2021-01-12T21:08:57" hostname="runner-kggansxr-project-47-concurrent-0" time="0.032">
  <properties/>
  <testcase name="[1] entry=Entry{object=baseName.extension}" classname="com.cedarsoft.serialization.serializers.jackson.FileNameSerializerTest" time="0.032"/>
  <system-out><![CDATA[]]></system-out>
  <system-err><![CDATA[]]></system-err>
</testsuite>
