<?xml version="1.0" encoding="UTF-8"?>
<testsuite name="com.cedarsoft.serialization.serializers.jackson.ColorSerializerTest" tests="1" skipped="0" failures="0" errors="0" timestamp="2021-02-21T03:22:45" hostname="runner-pgnkb89--project-47-concurrent-0" time="0.01">
  <properties/>
  <testcase name="[1] entry=Entry{object=java.awt.Color[r=100,g=42,b=130]}" classname="com.cedarsoft.serialization.serializers.jackson.ColorSerializerTest" time="0.01"/>
  <system-out><![CDATA[]]></system-out>
  <system-err><![CDATA[]]></system-err>
</testsuite>
