<?xml version="1.0" encoding="UTF-8"?>
<testsuite name="com.cedarsoft.serialization.serializers.jackson.DateTimeSerializerTest" tests="1" skipped="0" failures="0" errors="0" timestamp="2021-10-18T02:06:43" hostname="runner-cs1zem-v-project-47-concurrent-0" time="0.014">
  <properties/>
  <testcase name="[1] entry=Entry{object=2009-05-01T02:02:05.004-04:00}" classname="com.cedarsoft.serialization.serializers.jackson.DateTimeSerializerTest" time="0.014"/>
  <system-out><![CDATA[]]></system-out>
  <system-err><![CDATA[]]></system-err>
</testsuite>
