<?xml version="1.0" encoding="UTF-8"?>
<testsuite name="com.cedarsoft.serialization.serializers.jackson.UUIDSerializerVersionTest" tests="1" skipped="0" failures="0" errors="0" timestamp="2021-11-19T03:10:19" hostname="runner-ioxloixu-project-47-concurrent-0" time="0.472">
  <properties/>
  <testcase name="[1] entry=Entry for &lt;1.0.0&gt;" classname="com.cedarsoft.serialization.serializers.jackson.UUIDSerializerVersionTest" time="0.472"/>
  <system-out><![CDATA[]]></system-out>
  <system-err><![CDATA[]]></system-err>
</testsuite>
