<?xml version="1.0" encoding="UTF-8"?>
<testsuite name="com.cedarsoft.serialization.serializers.jackson.VersionSerializerTest" tests="1" skipped="0" failures="0" errors="0" timestamp="2021-02-08T03:22:51" hostname="runner-pgnkb89--project-47-concurrent-0" time="0.007">
  <properties/>
  <testcase name="[1] entry=Entry{object=42.42.42-suffix}" classname="com.cedarsoft.serialization.serializers.jackson.VersionSerializerTest" time="0.007"/>
  <system-out><![CDATA[]]></system-out>
  <system-err><![CDATA[]]></system-err>
</testsuite>
