<?xml version="1.0" encoding="UTF-8"?>
<testsuite name="com.cedarsoft.serialization.serializers.jackson.ApplicationInformationSerializerTest" tests="1" skipped="0" failures="0" errors="0" timestamp="2021-02-20T03:21:36" hostname="runner-cs1zem-v-project-47-concurrent-0" time="0.01">
  <properties/>
  <testcase name="[1] entry=Entry{object=name (1.2.3)}" classname="com.cedarsoft.serialization.serializers.jackson.ApplicationInformationSerializerTest" time="0.01"/>
  <system-out><![CDATA[]]></system-out>
  <system-err><![CDATA[]]></system-err>
</testsuite>
