<?xml version="1.0" encoding="UTF-8"?>
<testsuite name="com.cedarsoft.serialization.serializers.jackson.FileNameSerializerTest" tests="1" skipped="0" failures="0" errors="0" timestamp="2021-02-02T03:22:33" hostname="runner-pgnkb89--project-47-concurrent-0" time="0.005">
  <properties/>
  <testcase name="[1] entry=Entry{object=baseName.extension}" classname="com.cedarsoft.serialization.serializers.jackson.FileNameSerializerTest" time="0.005"/>
  <system-out><![CDATA[]]></system-out>
  <system-err><![CDATA[]]></system-err>
</testsuite>
