<?xml version="1.0" encoding="UTF-8"?>
<testsuite name="com.cedarsoft.serialization.serializers.jackson.FileNameSerializerVersionTest" tests="1" skipped="0" failures="0" errors="0" timestamp="2021-10-18T02:06:42" hostname="runner-cs1zem-v-project-47-concurrent-0" time="0.004">
  <properties/>
  <testcase name="[1] entry=Entry for &lt;1.0.0&gt;" classname="com.cedarsoft.serialization.serializers.jackson.FileNameSerializerVersionTest" time="0.004"/>
  <system-out><![CDATA[]]></system-out>
  <system-err><![CDATA[]]></system-err>
</testsuite>
