<?xml version="1.0" encoding="UTF-8"?>
<testsuite name="com.cedarsoft.serialization.serializers.jackson.HashSerializerVersionTest" tests="1" skipped="0" failures="0" errors="0" timestamp="2021-05-08T02:06:32" hostname="runner-cs1zem-v-project-47-concurrent-0" time="0.019">
  <properties/>
  <testcase name="[1] entry=Entry for &lt;1.0.0&gt;" classname="com.cedarsoft.serialization.serializers.jackson.HashSerializerVersionTest" time="0.019"/>
  <system-out><![CDATA[]]></system-out>
  <system-err><![CDATA[]]></system-err>
</testsuite>
