<?xml version="1.0" encoding="UTF-8"?>
<testsuite name="com.cedarsoft.serialization.serializers.jackson.VersionSerializerTest" tests="1" skipped="0" failures="0" errors="0" timestamp="2021-08-05T02:10:01" hostname="runner-kggansxr-project-47-concurrent-0" time="0.017">
  <properties/>
  <testcase name="[1] entry=Entry{object=42.42.42-suffix}" classname="com.cedarsoft.serialization.serializers.jackson.VersionSerializerTest" time="0.017"/>
  <system-out><![CDATA[]]></system-out>
  <system-err><![CDATA[]]></system-err>
</testsuite>
