<?xml version="1.0" encoding="UTF-8"?>
<testsuite name="com.cedarsoft.serialization.serializers.jackson.ApplicationInformationSerializerTest" tests="1" skipped="0" failures="0" errors="0" timestamp="2022-02-08T03:10:34" hostname="runner-cs1zem-v-project-47-concurrent-0" time="1.651">
  <properties/>
  <testcase name="[1] entry=Entry{object=name (1.2.3)}" classname="com.cedarsoft.serialization.serializers.jackson.ApplicationInformationSerializerTest" time="1.651"/>
  <system-out><![CDATA[]]></system-out>
  <system-err><![CDATA[]]></system-err>
</testsuite>
