<?xml version="1.0" encoding="UTF-8"?>
<testsuite name="com.cedarsoft.commons.concurrent.CoAsyncTest" tests="3" skipped="1" failures="0" errors="0" timestamp="2021-02-23T03:21:10" hostname="runner-cs1zem-v-project-47-concurrent-0" time="1.024">
  <properties/>
  <testcase name="testDelay()" classname="com.cedarsoft.commons.concurrent.CoAsyncTest" time="0.782"/>
  <testcase name="testIt()" classname="com.cedarsoft.commons.concurrent.CoAsyncTest" time="0.237"/>
  <testcase name="testArrayBroadcastChannel()" classname="com.cedarsoft.commons.concurrent.CoAsyncTest" time="0.001">
    <skipped/>
  </testcase>
  <system-out><![CDATA[]]></system-out>
  <system-err><![CDATA[]]></system-err>
</testsuite>
