<?xml version="1.0" encoding="UTF-8"?>
<testsuite name="com.cedarsoft.commons.concurrent.CoAsyncTest" tests="3" skipped="1" failures="0" errors="0" timestamp="2021-03-10T03:05:02" hostname="runner-cs1zem-v-project-47-concurrent-0" time="1.469">
  <properties/>
  <testcase name="testDelay()" classname="com.cedarsoft.commons.concurrent.CoAsyncTest" time="1.121"/>
  <testcase name="testIt()" classname="com.cedarsoft.commons.concurrent.CoAsyncTest" time="0.33"/>
  <testcase name="testArrayBroadcastChannel()" classname="com.cedarsoft.commons.concurrent.CoAsyncTest" time="0.001">
    <skipped/>
  </testcase>
  <system-out><![CDATA[]]></system-out>
  <system-err><![CDATA[]]></system-err>
</testsuite>
