<?xml version="1.0" encoding="UTF-8"?>
<testsuite name="com.cedarsoft.commons.concurrent.CoroutinesTest" tests="1" skipped="0" failures="0" errors="0" timestamp="2021-03-30T02:06:17" hostname="runner-kggansxr-project-47-concurrent-0" time="0.804">
  <properties/>
  <testcase name="testIt()" classname="com.cedarsoft.commons.concurrent.CoroutinesTest" time="0.804"/>
  <system-out><![CDATA[done
]]></system-out>
  <system-err><![CDATA[]]></system-err>
</testsuite>
