<?xml version="1.0" encoding="UTF-8"?>
<testsuite name="com.cedarsoft.commons.concurrent.DeferredTest" tests="1" skipped="0" failures="0" errors="0" timestamp="2021-04-19T02:06:50" hostname="runner-kggansxr-project-47-concurrent-0" time="0.446">
  <properties/>
  <testcase name="name()" classname="com.cedarsoft.commons.concurrent.DeferredTest" time="0.446"/>
  <system-out><![CDATA[]]></system-out>
  <system-err><![CDATA[]]></system-err>
</testsuite>
