<?xml version="1.0" encoding="UTF-8"?>
<testsuite name="com.cedarsoft.commons.concurrent.CoAsyncTest" tests="3" skipped="1" failures="0" errors="0" timestamp="2021-03-30T02:06:19" hostname="runner-kggansxr-project-47-concurrent-0" time="0.788">
  <properties/>
  <testcase name="testDelay()" classname="com.cedarsoft.commons.concurrent.CoAsyncTest" time="0.427"/>
  <testcase name="testIt()" classname="com.cedarsoft.commons.concurrent.CoAsyncTest" time="0.35"/>
  <testcase name="testArrayBroadcastChannel()" classname="com.cedarsoft.commons.concurrent.CoAsyncTest" time="0.006">
    <skipped/>
  </testcase>
  <system-out><![CDATA[]]></system-out>
  <system-err><![CDATA[]]></system-err>
</testsuite>
