<?xml version="1.0" encoding="UTF-8"?>
<testsuite name="com.cedarsoft.commons.concurrent.CoroutinesTest" tests="1" skipped="0" failures="0" errors="0" timestamp="2021-05-17T02:07:25" hostname="runner-kggansxr-project-47-concurrent-0" time="1.235">
  <properties/>
  <testcase name="testIt()" classname="com.cedarsoft.commons.concurrent.CoroutinesTest" time="1.235"/>
  <system-out><![CDATA[]]></system-out>
  <system-err><![CDATA[]]></system-err>
</testsuite>
