<?xml version="1.0" encoding="UTF-8"?>
<testsuite name="com.cedarsoft.commons.concurrent.CoAsyncTest" tests="3" skipped="1" failures="0" errors="0" timestamp="2021-02-09T03:22:00" hostname="runner-pgnkb89--project-47-concurrent-0" time="1.145">
  <properties/>
  <testcase name="testDelay()" classname="com.cedarsoft.commons.concurrent.CoAsyncTest" time="0.829"/>
  <testcase name="testIt()" classname="com.cedarsoft.commons.concurrent.CoAsyncTest" time="0.289"/>
  <testcase name="testArrayBroadcastChannel()" classname="com.cedarsoft.commons.concurrent.CoAsyncTest" time="0.004">
    <skipped/>
  </testcase>
  <system-out><![CDATA[]]></system-out>
  <system-err><![CDATA[]]></system-err>
</testsuite>
