<?xml version="1.0" encoding="UTF-8"?>
<testsuite name="com.cedarsoft.commons.concurrent.DeferredTest" tests="1" skipped="0" failures="0" errors="0" timestamp="2021-05-26T02:06:27" hostname="runner-cs1zem-v-project-47-concurrent-0" time="0.158">
  <properties/>
  <testcase name="name()" classname="com.cedarsoft.commons.concurrent.DeferredTest" time="0.158"/>
  <system-out><![CDATA[]]></system-out>
  <system-err><![CDATA[]]></system-err>
</testsuite>
