<?xml version="1.0" encoding="UTF-8"?>
<testsuite name="com.cedarsoft.serialization.neo4j.test.utils.SchemaTest" tests="1" skipped="0" failures="0" errors="0" timestamp="2021-01-20T03:21:14" hostname="runner-cs1zem-v-project-47-concurrent-0" time="3.849">
  <properties/>
  <testcase name="testSchemaTest()" classname="com.cedarsoft.serialization.neo4j.test.utils.SchemaTest" time="3.849"/>
  <system-out><![CDATA[Users created
The username of user 45 is user45@neo4j.org
]]></system-out>
  <system-err><![CDATA[]]></system-err>
</testsuite>
