<?xml version="1.0" encoding="UTF-8"?>
<testsuite name="com.cedarsoft.serialization.neo4j.test.utils.CypherTest" tests="1" skipped="0" failures="0" errors="0" timestamp="2021-04-15T02:06:14" hostname="runner-cs1zem-v-project-47-concurrent-0" time="3.887">
  <properties/>
  <testcase name="testCypher1()" classname="com.cedarsoft.serialization.neo4j.test.utils.CypherTest" time="3.887"/>
  <system-out><![CDATA[]]></system-out>
  <system-err><![CDATA[]]></system-err>
</testsuite>
