<?xml version="1.0" encoding="UTF-8"?>
<testsuite name="com.cedarsoft.serialization.neo4j.test.utils.SampleNeo4jSerializerTest" tests="3" skipped="1" failures="0" errors="0" timestamp="2021-11-19T03:10:32" hostname="runner-ioxloixu-project-47-concurrent-0" time="0.358">
  <properties/>
  <testcase name="testIt()" classname="com.cedarsoft.serialization.neo4j.test.utils.SampleNeo4jSerializerTest" time="0.216"/>
  <testcase name="testPerformanceSerialization()" classname="com.cedarsoft.serialization.neo4j.test.utils.SampleNeo4jSerializerTest" time="0.0">
    <skipped/>
  </testcase>
  <testcase name="testWrongLabel()" classname="com.cedarsoft.serialization.neo4j.test.utils.SampleNeo4jSerializerTest" time="0.141"/>
  <system-out><![CDATA[]]></system-out>
  <system-err><![CDATA[]]></system-err>
</testsuite>
