<?xml version="1.0" encoding="UTF-8"?>
<testsuite name="com.cedarsoft.serialization.neo4j.test.utils.SchemaTest" tests="1" skipped="0" failures="0" errors="0" timestamp="2021-06-12T02:06:17" hostname="runner-cs1zem-v-project-47-concurrent-0" time="4.221">
  <properties/>
  <testcase name="testSchemaTest()" classname="com.cedarsoft.serialization.neo4j.test.utils.SchemaTest" time="4.221"/>
  <system-out><![CDATA[Users created
The username of user 45 is user45@neo4j.org
]]></system-out>
  <system-err><![CDATA[]]></system-err>
</testsuite>
