<?xml version="1.0" encoding="UTF-8"?>
<testsuite name="com.cedarsoft.serialization.neo4j.test.utils.BallSerializerTest" tests="4" skipped="0" failures="0" errors="0" timestamp="2021-10-24T02:06:31" hostname="runner-cs1zem-v-project-47-concurrent-0" time="1.331">
  <properties/>
  <testcase name="[1] entry=Entry{object=com.cedarsoft.serialization.neo4j.test.utils.Ball$TennisBall@7}" classname="com.cedarsoft.serialization.neo4j.test.utils.BallSerializerTest" time="0.378"/>
  <testcase name="[2] entry=Entry{object=com.cedarsoft.serialization.neo4j.test.utils.Ball$BasketBall@2dd434}" classname="com.cedarsoft.serialization.neo4j.test.utils.BallSerializerTest" time="0.354"/>
  <testcase name="testAscii()" classname="com.cedarsoft.serialization.neo4j.test.utils.BallSerializerTest" time="0.316"/>
  <testcase name="testVersion()" classname="com.cedarsoft.serialization.neo4j.test.utils.BallSerializerTest" time="0.28"/>
  <system-out><![CDATA[]]></system-out>
  <system-err><![CDATA[]]></system-err>
</testsuite>
