<?xml version="1.0" encoding="UTF-8"?>
<testsuite name="com.cedarsoft.serialization.neo4j.test.utils.BallSerializerTest" tests="4" skipped="0" failures="0" errors="0" timestamp="2021-08-23T02:06:17" hostname="runner-cs1zem-v-project-47-concurrent-0" time="1.607">
  <properties/>
  <testcase name="[1] entry=Entry{object=com.cedarsoft.serialization.neo4j.test.utils.Ball$TennisBall@7}" classname="com.cedarsoft.serialization.neo4j.test.utils.BallSerializerTest" time="0.445"/>
  <testcase name="[2] entry=Entry{object=com.cedarsoft.serialization.neo4j.test.utils.Ball$BasketBall@2dd434}" classname="com.cedarsoft.serialization.neo4j.test.utils.BallSerializerTest" time="0.479"/>
  <testcase name="testAscii()" classname="com.cedarsoft.serialization.neo4j.test.utils.BallSerializerTest" time="0.287"/>
  <testcase name="testVersion()" classname="com.cedarsoft.serialization.neo4j.test.utils.BallSerializerTest" time="0.391"/>
  <system-out><![CDATA[]]></system-out>
  <system-err><![CDATA[]]></system-err>
</testsuite>
