<?xml version="1.0" encoding="UTF-8"?>
<testsuite name="com.cedarsoft.serialization.neo4j.test.utils.BallSerializerTest" tests="4" skipped="0" failures="0" errors="0" timestamp="2021-06-21T02:06:09" hostname="runner-cs1zem-v-project-47-concurrent-0" time="0.697">
  <properties/>
  <testcase name="[1] entry=Entry{object=com.cedarsoft.serialization.neo4j.test.utils.Ball$TennisBall@7}" classname="com.cedarsoft.serialization.neo4j.test.utils.BallSerializerTest" time="0.229"/>
  <testcase name="[2] entry=Entry{object=com.cedarsoft.serialization.neo4j.test.utils.Ball$BasketBall@2dd434}" classname="com.cedarsoft.serialization.neo4j.test.utils.BallSerializerTest" time="0.179"/>
  <testcase name="testAscii()" classname="com.cedarsoft.serialization.neo4j.test.utils.BallSerializerTest" time="0.149"/>
  <testcase name="testVersion()" classname="com.cedarsoft.serialization.neo4j.test.utils.BallSerializerTest" time="0.138"/>
  <system-out><![CDATA[]]></system-out>
  <system-err><![CDATA[]]></system-err>
</testsuite>
