<?xml version="1.0" encoding="UTF-8"?>
<testsuite name="com.cedarsoft.serialization.neo4j.test.utils.SampleNeo4jSerializerTest" tests="3" skipped="1" failures="0" errors="0" timestamp="2021-05-17T02:09:51" hostname="runner-kggansxr-project-47-concurrent-0" time="0.592">
  <properties/>
  <testcase name="testIt()" classname="com.cedarsoft.serialization.neo4j.test.utils.SampleNeo4jSerializerTest" time="0.375"/>
  <testcase name="testPerformanceSerialization()" classname="com.cedarsoft.serialization.neo4j.test.utils.SampleNeo4jSerializerTest" time="0.001">
    <skipped/>
  </testcase>
  <testcase name="testWrongLabel()" classname="com.cedarsoft.serialization.neo4j.test.utils.SampleNeo4jSerializerTest" time="0.214"/>
  <system-out><![CDATA[]]></system-out>
  <system-err><![CDATA[]]></system-err>
</testsuite>
