<?xml version="1.0" encoding="UTF-8"?>
<testsuite name="com.cedarsoft.serialization.neo4j.test.utils.CypherTest" tests="1" skipped="0" failures="0" errors="0" timestamp="2022-02-10T17:17:08" hostname="runner-ioxloixu-project-47-concurrent-1" time="1.589">
  <properties/>
  <testcase name="testCypher1()" classname="com.cedarsoft.serialization.neo4j.test.utils.CypherTest" time="1.589"/>
  <system-out><![CDATA[]]></system-out>
  <system-err><![CDATA[]]></system-err>
</testsuite>
