<?xml version="1.0" encoding="UTF-8"?>
<testsuite name="com.cedarsoft.serialization.neo4j.test.utils.BasicNeo4JTest" tests="6" skipped="1" failures="0" errors="0" timestamp="2021-08-07T02:06:36" hostname="runner-cs1zem-v-project-47-concurrent-0" time="2.762">
  <properties/>
  <testcase name="testJmx()" classname="com.cedarsoft.serialization.neo4j.test.utils.BasicNeo4JTest" time="0.001">
    <skipped/>
  </testcase>
  <testcase name="testById()" classname="com.cedarsoft.serialization.neo4j.test.utils.BasicNeo4JTest" time="0.51"/>
  <testcase name="testIt()" classname="com.cedarsoft.serialization.neo4j.test.utils.BasicNeo4JTest" time="0.386"/>
  <testcase name="testIndexDuplicates()" classname="com.cedarsoft.serialization.neo4j.test.utils.BasicNeo4JTest" time="1.084"/>
  <testcase name="testLegacyIndex()" classname="com.cedarsoft.serialization.neo4j.test.utils.BasicNeo4JTest" time="0.447"/>
  <testcase name="testSelfRef()" classname="com.cedarsoft.serialization.neo4j.test.utils.BasicNeo4JTest" time="0.332"/>
  <system-out><![CDATA[com.cedarsoft.serialization.neo4j.test.utils.BasicNeo4JTest.beforeCommit
org.neo4j.kernel.impl.coreapi.TxStateTransactionDataSnapshot@70bc9f66
Created Nodes: [Node[0]]
Created Relationships: [(0)-[MARRIED,0]->(0)]
com.cedarsoft.serialization.neo4j.test.utils.BasicNeo4JTest.afterCommit
org.neo4j.kernel.impl.coreapi.TxStateTransactionDataSnapshot@70bc9f66
]]></system-out>
  <system-err><![CDATA[]]></system-err>
</testsuite>
