<?xml version="1.0" encoding="UTF-8"?>
<testsuite name="com.cedarsoft.serialization.neo4j.test.utils.BallSerializerTest" tests="4" skipped="0" failures="0" errors="0" timestamp="2021-01-24T03:24:23" hostname="runner-kggansxr-project-47-concurrent-0" time="5.767">
  <properties/>
  <testcase name="[1] entry=Entry{object=com.cedarsoft.serialization.neo4j.test.utils.Ball$TennisBall@7}" classname="com.cedarsoft.serialization.neo4j.test.utils.BallSerializerTest" time="4.96"/>
  <testcase name="[2] entry=Entry{object=com.cedarsoft.serialization.neo4j.test.utils.Ball$BasketBall@2dd434}" classname="com.cedarsoft.serialization.neo4j.test.utils.BallSerializerTest" time="0.382"/>
  <testcase name="testAscii()" classname="com.cedarsoft.serialization.neo4j.test.utils.BallSerializerTest" time="0.202"/>
  <testcase name="testVersion()" classname="com.cedarsoft.serialization.neo4j.test.utils.BallSerializerTest" time="0.218"/>
  <system-out><![CDATA[]]></system-out>
  <system-err><![CDATA[]]></system-err>
</testsuite>
