<?xml version="1.0" encoding="UTF-8"?>
<testsuite name="com.cedarsoft.serialization.neo4j.test.utils.Neo4jExtensionTest" tests="1" skipped="0" failures="0" errors="0" timestamp="2021-01-16T03:24:30" hostname="runner-kggansxr-project-47-concurrent-0" time="0.45">
  <properties/>
  <testcase name="testDb(GraphDatabaseService)" classname="com.cedarsoft.serialization.neo4j.test.utils.Neo4jExtensionTest" time="0.45"/>
  <system-out><![CDATA[]]></system-out>
  <system-err><![CDATA[]]></system-err>
</testsuite>
