<?xml version="1.0" encoding="UTF-8"?>
<testsuite name="com.cedarsoft.serialization.neo4j.test.utils.BasicNeo4JTest" tests="6" skipped="1" failures="0" errors="0" timestamp="2022-01-13T03:09:47" hostname="runner-ioxloixu-project-47-concurrent-0" time="3.197">
  <properties/>
  <testcase name="testJmx()" classname="com.cedarsoft.serialization.neo4j.test.utils.BasicNeo4JTest" time="0.0">
    <skipped/>
  </testcase>
  <testcase name="testById()" classname="com.cedarsoft.serialization.neo4j.test.utils.BasicNeo4JTest" time="0.5"/>
  <testcase name="testIt()" classname="com.cedarsoft.serialization.neo4j.test.utils.BasicNeo4JTest" time="0.341"/>
  <testcase name="testIndexDuplicates()" classname="com.cedarsoft.serialization.neo4j.test.utils.BasicNeo4JTest" time="1.364"/>
  <testcase name="testLegacyIndex()" classname="com.cedarsoft.serialization.neo4j.test.utils.BasicNeo4JTest" time="0.538"/>
  <testcase name="testSelfRef()" classname="com.cedarsoft.serialization.neo4j.test.utils.BasicNeo4JTest" time="0.451"/>
  <system-out><![CDATA[com.cedarsoft.serialization.neo4j.test.utils.BasicNeo4JTest.beforeCommit
org.neo4j.kernel.impl.coreapi.TxStateTransactionDataSnapshot@e926fce
Created Nodes: [Node[0]]
Created Relationships: [(0)-[MARRIED,0]->(0)]
com.cedarsoft.serialization.neo4j.test.utils.BasicNeo4JTest.afterCommit
org.neo4j.kernel.impl.coreapi.TxStateTransactionDataSnapshot@e926fce
]]></system-out>
  <system-err><![CDATA[]]></system-err>
</testsuite>
