<?xml version="1.0" encoding="UTF-8"?>
<testsuite name="com.cedarsoft.serialization.neo4j.test.utils.SampleNeo4jSerializerTest" tests="3" skipped="1" failures="0" errors="0" timestamp="2021-11-17T03:10:50" hostname="runner-cs1zem-v-project-47-concurrent-0" time="1.08">
  <properties/>
  <testcase name="testIt()" classname="com.cedarsoft.serialization.neo4j.test.utils.SampleNeo4jSerializerTest" time="0.669"/>
  <testcase name="testPerformanceSerialization()" classname="com.cedarsoft.serialization.neo4j.test.utils.SampleNeo4jSerializerTest" time="0.002">
    <skipped/>
  </testcase>
  <testcase name="testWrongLabel()" classname="com.cedarsoft.serialization.neo4j.test.utils.SampleNeo4jSerializerTest" time="0.406"/>
  <system-out><![CDATA[]]></system-out>
  <system-err><![CDATA[]]></system-err>
</testsuite>
