<?xml version="1.0" encoding="UTF-8"?>
<testsuite name="com.cedarsoft.serialization.neo4j.test.utils.SchemaTest" tests="1" skipped="0" failures="0" errors="0" timestamp="2021-03-01T03:23:11" hostname="runner-pgnkb89--project-47-concurrent-0" time="7.787">
  <properties/>
  <testcase name="testSchemaTest()" classname="com.cedarsoft.serialization.neo4j.test.utils.SchemaTest" time="7.787"/>
  <system-out><![CDATA[Users created
The username of user 45 is user45@neo4j.org
]]></system-out>
  <system-err><![CDATA[]]></system-err>
</testsuite>
