<?xml version="1.0" encoding="UTF-8"?>
<testsuite name="com.cedarsoft.serialization.neo4j.test.utils.BasicNeo4JTest" tests="6" skipped="1" failures="0" errors="0" timestamp="2021-07-26T02:10:20" hostname="runner-kggansxr-project-47-concurrent-0" time="3.543">
  <properties/>
  <testcase name="testJmx()" classname="com.cedarsoft.serialization.neo4j.test.utils.BasicNeo4JTest" time="0.002">
    <skipped/>
  </testcase>
  <testcase name="testById()" classname="com.cedarsoft.serialization.neo4j.test.utils.BasicNeo4JTest" time="0.548"/>
  <testcase name="testIt()" classname="com.cedarsoft.serialization.neo4j.test.utils.BasicNeo4JTest" time="0.362"/>
  <testcase name="testIndexDuplicates()" classname="com.cedarsoft.serialization.neo4j.test.utils.BasicNeo4JTest" time="1.826"/>
  <testcase name="testLegacyIndex()" classname="com.cedarsoft.serialization.neo4j.test.utils.BasicNeo4JTest" time="0.525"/>
  <testcase name="testSelfRef()" classname="com.cedarsoft.serialization.neo4j.test.utils.BasicNeo4JTest" time="0.274"/>
  <system-out><![CDATA[com.cedarsoft.serialization.neo4j.test.utils.BasicNeo4JTest.beforeCommit
org.neo4j.kernel.impl.coreapi.TxStateTransactionDataSnapshot@27287cdb
Created Nodes: [Node[0]]
Created Relationships: [(0)-[MARRIED,0]->(0)]
com.cedarsoft.serialization.neo4j.test.utils.BasicNeo4JTest.afterCommit
org.neo4j.kernel.impl.coreapi.TxStateTransactionDataSnapshot@27287cdb
]]></system-out>
  <system-err><![CDATA[]]></system-err>
</testsuite>
