<?xml version="1.0" encoding="UTF-8"?>
<testsuite name="com.cedarsoft.serialization.neo4j.test.utils.BasicNeo4JTest" tests="6" skipped="1" failures="0" errors="0" timestamp="2021-09-29T02:06:30" hostname="runner-cs1zem-v-project-47-concurrent-0" time="2.724">
  <properties/>
  <testcase name="testJmx()" classname="com.cedarsoft.serialization.neo4j.test.utils.BasicNeo4JTest" time="0.0">
    <skipped/>
  </testcase>
  <testcase name="testById()" classname="com.cedarsoft.serialization.neo4j.test.utils.BasicNeo4JTest" time="0.35"/>
  <testcase name="testIt()" classname="com.cedarsoft.serialization.neo4j.test.utils.BasicNeo4JTest" time="0.335"/>
  <testcase name="testIndexDuplicates()" classname="com.cedarsoft.serialization.neo4j.test.utils.BasicNeo4JTest" time="1.287"/>
  <testcase name="testLegacyIndex()" classname="com.cedarsoft.serialization.neo4j.test.utils.BasicNeo4JTest" time="0.41"/>
  <testcase name="testSelfRef()" classname="com.cedarsoft.serialization.neo4j.test.utils.BasicNeo4JTest" time="0.332"/>
  <system-out><![CDATA[com.cedarsoft.serialization.neo4j.test.utils.BasicNeo4JTest.beforeCommit
org.neo4j.kernel.impl.coreapi.TxStateTransactionDataSnapshot@351cf35f
Created Nodes: [Node[0]]
Created Relationships: [(0)-[MARRIED,0]->(0)]
com.cedarsoft.serialization.neo4j.test.utils.BasicNeo4JTest.afterCommit
org.neo4j.kernel.impl.coreapi.TxStateTransactionDataSnapshot@351cf35f
]]></system-out>
  <system-err><![CDATA[]]></system-err>
</testsuite>
