<?xml version="1.0" encoding="UTF-8"?>
<testsuite name="com.cedarsoft.serialization.neo4j.test.utils.Neo4jExtensionTest" tests="1" skipped="0" failures="0" errors="0" timestamp="2021-02-11T03:21:48" hostname="runner-cs1zem-v-project-47-concurrent-0" time="0.181">
  <properties/>
  <testcase name="testDb(GraphDatabaseService)" classname="com.cedarsoft.serialization.neo4j.test.utils.Neo4jExtensionTest" time="0.181"/>
  <system-out><![CDATA[]]></system-out>
  <system-err><![CDATA[]]></system-err>
</testsuite>
