<?xml version="1.0" encoding="UTF-8"?>
<testsuite name="com.cedarsoft.app.EnvironmentInformationTest" tests="1" skipped="0" failures="0" errors="0" timestamp="2021-01-16T03:21:29" hostname="runner-kggansxr-project-47-concurrent-0" time="0.014">
  <properties/>
  <testcase name="testIt()" classname="com.cedarsoft.app.EnvironmentInformationTest" time="0.014"/>
  <system-out><![CDATA[]]></system-out>
  <system-err><![CDATA[]]></system-err>
</testsuite>
