<?xml version="1.0" encoding="UTF-8"?>
<testsuite name="com.cedarsoft.app.OfficeLauncherTest" tests="1" skipped="0" failures="0" errors="0" timestamp="2021-06-26T02:05:42" hostname="runner-cs1zem-v-project-47-concurrent-0" time="0.003">
  <properties/>
  <testcase name="testIt()" classname="com.cedarsoft.app.OfficeLauncherTest" time="0.003"/>
  <system-out><![CDATA[]]></system-out>
  <system-err><![CDATA[]]></system-err>
</testsuite>
