<?xml version="1.0" encoding="UTF-8"?>
<testsuite name="com.cedarsoft.app.ApplicationHomeAccessFactoryTest" tests="1" skipped="0" failures="0" errors="0" timestamp="2021-01-12T21:05:58" hostname="runner-kggansxr-project-47-concurrent-0" time="1.187">
  <properties/>
  <testcase name="testName(TemporaryFolder)" classname="com.cedarsoft.app.ApplicationHomeAccessFactoryTest" time="1.187"/>
  <system-out><![CDATA[]]></system-out>
  <system-err><![CDATA[]]></system-err>
</testsuite>
