<?xml version="1.0" encoding="UTF-8"?>
<testsuite name="com.cedarsoft.app.PdfViewerLauncherTest" tests="1" skipped="0" failures="0" errors="0" timestamp="2021-02-07T03:21:30" hostname="runner-kggansxr-project-47-concurrent-0" time="0.008">
  <properties/>
  <testcase name="testIt()" classname="com.cedarsoft.app.PdfViewerLauncherTest" time="0.008"/>
  <system-out><![CDATA[]]></system-out>
  <system-err><![CDATA[]]></system-err>
</testsuite>
