<?xml version="1.0" encoding="UTF-8"?>
<testsuite name="com.cedarsoft.app.ApplicationInformationTest" tests="3" skipped="0" failures="0" errors="0" timestamp="2022-02-04T03:09:28" hostname="runner-ioxloixu-project-47-concurrent-0" time="0.041">
  <properties/>
  <testcase name="testEquals2()" classname="com.cedarsoft.app.ApplicationInformationTest" time="0.019"/>
  <testcase name="testIt()" classname="com.cedarsoft.app.ApplicationInformationTest" time="0.01"/>
  <testcase name="testEquals()" classname="com.cedarsoft.app.ApplicationInformationTest" time="0.003"/>
  <system-out><![CDATA[]]></system-out>
  <system-err><![CDATA[]]></system-err>
</testsuite>
