<?xml version="1.0" encoding="UTF-8"?>
<testsuite name="com.cedarsoft.app.ApplicationInformationTest" tests="3" skipped="0" failures="0" errors="0" timestamp="2021-06-20T02:07:12" hostname="runner-kggansxr-project-47-concurrent-0" time="0.163">
  <properties/>
  <testcase name="testEquals2()" classname="com.cedarsoft.app.ApplicationInformationTest" time="0.115"/>
  <testcase name="testIt()" classname="com.cedarsoft.app.ApplicationInformationTest" time="0.009"/>
  <testcase name="testEquals()" classname="com.cedarsoft.app.ApplicationInformationTest" time="0.011"/>
  <system-out><![CDATA[]]></system-out>
  <system-err><![CDATA[]]></system-err>
</testsuite>
