<?xml version="1.0" encoding="UTF-8"?>
<testsuite name="com.cedarsoft.app.ApplicationInformationTest" tests="3" skipped="0" failures="0" errors="0" timestamp="2021-04-02T02:06:04" hostname="runner-kggansxr-project-47-concurrent-0" time="0.224">
  <properties/>
  <testcase name="testEquals2()" classname="com.cedarsoft.app.ApplicationInformationTest" time="0.18"/>
  <testcase name="testIt()" classname="com.cedarsoft.app.ApplicationInformationTest" time="0.005"/>
  <testcase name="testEquals()" classname="com.cedarsoft.app.ApplicationInformationTest" time="0.022"/>
  <system-out><![CDATA[]]></system-out>
  <system-err><![CDATA[]]></system-err>
</testsuite>
