<?xml version="1.0" encoding="UTF-8"?>
<testsuite name="com.cedarsoft.app.PasswordUtilsTest" tests="5" skipped="0" failures="0" errors="0" timestamp="2022-02-10T17:15:30" hostname="runner-ioxloixu-project-47-concurrent-1" time="0.029">
  <properties/>
  <testcase name="testEx2()" classname="com.cedarsoft.app.PasswordUtilsTest" time="0.001"/>
  <testcase name="testEx3()" classname="com.cedarsoft.app.PasswordUtilsTest" time="0.0"/>
  <testcase name="testEx4()" classname="com.cedarsoft.app.PasswordUtilsTest" time="0.0"/>
  <testcase name="testEx()" classname="com.cedarsoft.app.PasswordUtilsTest" time="0.001"/>
  <testcase name="testIt()" classname="com.cedarsoft.app.PasswordUtilsTest" time="0.025"/>
  <system-out><![CDATA[]]></system-out>
  <system-err><![CDATA[]]></system-err>
</testsuite>
