<?xml version="1.0" encoding="UTF-8"?>
<testsuite name="com.cedarsoft.app.ApplicationInformationTest" tests="3" skipped="0" failures="0" errors="0" timestamp="2021-11-28T03:10:00" hostname="runner-cs1zem-v-project-47-concurrent-0" time="0.039">
  <properties/>
  <testcase name="testEquals2()" classname="com.cedarsoft.app.ApplicationInformationTest" time="0.016"/>
  <testcase name="testIt()" classname="com.cedarsoft.app.ApplicationInformationTest" time="0.017"/>
  <testcase name="testEquals()" classname="com.cedarsoft.app.ApplicationInformationTest" time="0.001"/>
  <system-out><![CDATA[]]></system-out>
  <system-err><![CDATA[]]></system-err>
</testsuite>
