<?xml version="1.0" encoding="UTF-8"?>
<testsuite name="com.cedarsoft.app.ApplicationHomeAccessFactoryTest" tests="1" skipped="0" failures="0" errors="0" timestamp="2022-01-20T03:09:30" hostname="runner-ioxloixu-project-47-concurrent-0" time="0.362">
  <properties/>
  <testcase name="testName(TemporaryFolder)" classname="com.cedarsoft.app.ApplicationHomeAccessFactoryTest" time="0.362"/>
  <system-out><![CDATA[]]></system-out>
  <system-err><![CDATA[]]></system-err>
</testsuite>
