<?xml version="1.0" encoding="UTF-8"?>
<testsuite name="com.cedarsoft.app.ScreenSizeUtilsTest" tests="1" skipped="0" failures="0" errors="0" timestamp="2021-07-26T02:07:24" hostname="runner-kggansxr-project-47-concurrent-0" time="0.143">
  <properties/>
  <testcase name="testIt()" classname="com.cedarsoft.app.ScreenSizeUtilsTest" time="0.143"/>
  <system-out><![CDATA[]]></system-out>
  <system-err><![CDATA[]]></system-err>
</testsuite>
