<?xml version="1.0" encoding="UTF-8"?>
<testsuite name="com.cedarsoft.app.PasswordUtilsTest" tests="5" skipped="0" failures="0" errors="0" timestamp="2021-01-28T03:20:31" hostname="runner-cs1zem-v-project-47-concurrent-0" time="0.06">
  <properties/>
  <testcase name="testEx2()" classname="com.cedarsoft.app.PasswordUtilsTest" time="0.02"/>
  <testcase name="testEx3()" classname="com.cedarsoft.app.PasswordUtilsTest" time="0.002"/>
  <testcase name="testEx4()" classname="com.cedarsoft.app.PasswordUtilsTest" time="0.005"/>
  <testcase name="testEx()" classname="com.cedarsoft.app.PasswordUtilsTest" time="0.002"/>
  <testcase name="testIt()" classname="com.cedarsoft.app.PasswordUtilsTest" time="0.013"/>
  <system-out><![CDATA[]]></system-out>
  <system-err><![CDATA[]]></system-err>
</testsuite>
