<?xml version="1.0" encoding="UTF-8"?>
<testsuite name="com.cedarsoft.app.OfficeLauncherTest" tests="1" skipped="0" failures="0" errors="0" timestamp="2021-03-03T03:05:58" hostname="runner-pgnkb89--project-47-concurrent-0" time="0.079">
  <properties/>
  <testcase name="testIt()" classname="com.cedarsoft.app.OfficeLauncherTest" time="0.079"/>
  <system-out><![CDATA[]]></system-out>
  <system-err><![CDATA[]]></system-err>
</testsuite>
