<?xml version="1.0" encoding="UTF-8"?>
<testsuite name="com.cedarsoft.app.PdfViewerLauncherTest" tests="1" skipped="0" failures="0" errors="0" timestamp="2021-02-09T03:21:27" hostname="runner-pgnkb89--project-47-concurrent-0" time="0.024">
  <properties/>
  <testcase name="testIt()" classname="com.cedarsoft.app.PdfViewerLauncherTest" time="0.024"/>
  <system-out><![CDATA[]]></system-out>
  <system-err><![CDATA[]]></system-err>
</testsuite>
