<?xml version="1.0" encoding="UTF-8"?>
<testsuite name="com.cedarsoft.app.PdfViewerLauncherTest" tests="1" skipped="0" failures="0" errors="0" timestamp="2022-02-04T03:09:28" hostname="runner-ioxloixu-project-47-concurrent-0" time="0.002">
  <properties/>
  <testcase name="testIt()" classname="com.cedarsoft.app.PdfViewerLauncherTest" time="0.002"/>
  <system-out><![CDATA[]]></system-out>
  <system-err><![CDATA[]]></system-err>
</testsuite>
