<?xml version="1.0" encoding="UTF-8"?>
<testsuite name="com.cedarsoft.app.ScreenSizeUtilsTest" tests="1" skipped="0" failures="0" errors="0" timestamp="2021-11-03T03:05:52" hostname="runner-cs1zem-v-project-47-concurrent-0" time="0.073">
  <properties/>
  <testcase name="testIt()" classname="com.cedarsoft.app.ScreenSizeUtilsTest" time="0.073"/>
  <system-out><![CDATA[]]></system-out>
  <system-err><![CDATA[]]></system-err>
</testsuite>
