<?xml version="1.0" encoding="UTF-8"?>
<testsuite name="com.cedarsoft.crypt.CertTest" tests="4" skipped="0" failures="0" errors="0" timestamp="2022-02-03T03:09:23" hostname="runner-ioxloixu-project-47-concurrent-0" time="0.765">
  <properties/>
  <testcase name="testKey()" classname="com.cedarsoft.crypt.CertTest" time="0.668"/>
  <testcase name="testCert()" classname="com.cedarsoft.crypt.CertTest" time="0.006"/>
  <testcase name="testSign()" classname="com.cedarsoft.crypt.CertTest" time="0.071"/>
  <testcase name="testSupport()" classname="com.cedarsoft.crypt.CertTest" time="0.007"/>
  <system-out><![CDATA[]]></system-out>
  <system-err><![CDATA[]]></system-err>
</testsuite>
