<?xml version="1.0" encoding="UTF-8"?>
<testsuite name="com.cedarsoft.crypt.CertTest" tests="4" skipped="0" failures="0" errors="0" timestamp="2021-02-15T03:21:08" hostname="runner-kggansxr-project-47-concurrent-0" time="1.311">
  <properties/>
  <testcase name="testKey()" classname="com.cedarsoft.crypt.CertTest" time="1.135"/>
  <testcase name="testCert()" classname="com.cedarsoft.crypt.CertTest" time="0.02"/>
  <testcase name="testSign()" classname="com.cedarsoft.crypt.CertTest" time="0.133"/>
  <testcase name="testSupport()" classname="com.cedarsoft.crypt.CertTest" time="0.006"/>
  <system-out><![CDATA[]]></system-out>
  <system-err><![CDATA[]]></system-err>
</testsuite>
