<?xml version="1.0" encoding="UTF-8"?>
<testsuite name="com.cedarsoft.crypt.ExpiredCertTest" tests="1" skipped="0" failures="0" errors="0" timestamp="2021-01-12T21:05:56" hostname="runner-kggansxr-project-47-concurrent-0" time="1.084">
  <properties/>
  <testcase name="testDate()" classname="com.cedarsoft.crypt.ExpiredCertTest" time="1.084"/>
  <system-out><![CDATA[]]></system-out>
  <system-err><![CDATA[]]></system-err>
</testsuite>
