<?xml version="1.0" encoding="UTF-8"?>
<testsuite name="com.cedarsoft.crypt.HashTest" tests="7" skipped="0" failures="0" errors="0" timestamp="2021-03-04T03:05:11" hostname="runner-pgnkb89--project-47-concurrent-0" time="0.348">
  <properties/>
  <testcase name="testDigestTest()" classname="com.cedarsoft.crypt.HashTest" time="0.081"/>
  <testcase name="testSerialization()" classname="com.cedarsoft.crypt.HashTest" time="0.021"/>
  <testcase name="testAlgos()" classname="com.cedarsoft.crypt.HashTest" time="0.076"/>
  <testcase name="testRound()" classname="com.cedarsoft.crypt.HashTest" time="0.099"/>
  <testcase name="testToString()" classname="com.cedarsoft.crypt.HashTest" time="0.002"/>
  <testcase name="testIt()" classname="com.cedarsoft.crypt.HashTest" time="0.011"/>
  <testcase name="testString()" classname="com.cedarsoft.crypt.HashTest" time="0.004"/>
  <system-out><![CDATA[]]></system-out>
  <system-err><![CDATA[]]></system-err>
</testsuite>
