<?xml version="1.0" encoding="UTF-8"?>
<testsuite name="com.cedarsoft.crypt.CertTest" tests="4" skipped="0" failures="0" errors="0" timestamp="2021-03-31T02:05:10" hostname="runner-kggansxr-project-47-concurrent-0" time="1.942">
  <properties/>
  <testcase name="testKey()" classname="com.cedarsoft.crypt.CertTest" time="1.718"/>
  <testcase name="testCert()" classname="com.cedarsoft.crypt.CertTest" time="0.016"/>
  <testcase name="testSign()" classname="com.cedarsoft.crypt.CertTest" time="0.132"/>
  <testcase name="testSupport()" classname="com.cedarsoft.crypt.CertTest" time="0.038"/>
  <system-out><![CDATA[]]></system-out>
  <system-err><![CDATA[]]></system-err>
</testsuite>
