<?xml version="1.0" encoding="UTF-8"?>
<testsuite name="com.cedarsoft.crypt.HashTest" tests="7" skipped="0" failures="0" errors="0" timestamp="2021-01-12T21:05:58" hostname="runner-kggansxr-project-47-concurrent-0" time="0.812">
  <properties/>
  <testcase name="testDigestTest()" classname="com.cedarsoft.crypt.HashTest" time="0.27"/>
  <testcase name="testSerialization()" classname="com.cedarsoft.crypt.HashTest" time="0.051"/>
  <testcase name="testAlgos()" classname="com.cedarsoft.crypt.HashTest" time="0.112"/>
  <testcase name="testRound()" classname="com.cedarsoft.crypt.HashTest" time="0.265"/>
  <testcase name="testToString()" classname="com.cedarsoft.crypt.HashTest" time="0.002"/>
  <testcase name="testIt()" classname="com.cedarsoft.crypt.HashTest" time="0.042"/>
  <testcase name="testString()" classname="com.cedarsoft.crypt.HashTest" time="0.011"/>
  <system-out><![CDATA[]]></system-out>
  <system-err><![CDATA[]]></system-err>
</testsuite>
