<?xml version="1.0" encoding="UTF-8"?>
<testsuite name="com.cedarsoft.crypt.CertTest" tests="4" skipped="0" failures="0" errors="0" timestamp="2021-05-15T02:07:33" hostname="runner-kggansxr-project-47-concurrent-0" time="1.802">
  <properties/>
  <testcase name="testKey()" classname="com.cedarsoft.crypt.CertTest" time="1.483"/>
  <testcase name="testCert()" classname="com.cedarsoft.crypt.CertTest" time="0.032"/>
  <testcase name="testSign()" classname="com.cedarsoft.crypt.CertTest" time="0.199"/>
  <testcase name="testSupport()" classname="com.cedarsoft.crypt.CertTest" time="0.045"/>
  <system-out><![CDATA[]]></system-out>
  <system-err><![CDATA[]]></system-err>
</testsuite>
