<?xml version="1.0" encoding="UTF-8"?>
<testsuite name="com.cedarsoft.crypt.HashTest" tests="7" skipped="0" failures="0" errors="0" timestamp="2021-07-08T02:05:23" hostname="runner-cs1zem-v-project-47-concurrent-0" time="0.269">
  <properties/>
  <testcase name="testDigestTest()" classname="com.cedarsoft.crypt.HashTest" time="0.081"/>
  <testcase name="testSerialization()" classname="com.cedarsoft.crypt.HashTest" time="0.007"/>
  <testcase name="testAlgos()" classname="com.cedarsoft.crypt.HashTest" time="0.025"/>
  <testcase name="testRound()" classname="com.cedarsoft.crypt.HashTest" time="0.104"/>
  <testcase name="testToString()" classname="com.cedarsoft.crypt.HashTest" time="0.006"/>
  <testcase name="testIt()" classname="com.cedarsoft.crypt.HashTest" time="0.008"/>
  <testcase name="testString()" classname="com.cedarsoft.crypt.HashTest" time="0.002"/>
  <system-out><![CDATA[]]></system-out>
  <system-err><![CDATA[]]></system-err>
</testsuite>
