<?xml version="1.0" encoding="UTF-8"?>
<testsuite name="com.cedarsoft.crypt.CertTest" tests="4" skipped="0" failures="0" errors="0" timestamp="2021-11-27T03:09:16" hostname="runner-cs1zem-v-project-47-concurrent-0" time="0.996">
  <properties/>
  <testcase name="testKey()" classname="com.cedarsoft.crypt.CertTest" time="0.782"/>
  <testcase name="testCert()" classname="com.cedarsoft.crypt.CertTest" time="0.007"/>
  <testcase name="testSign()" classname="com.cedarsoft.crypt.CertTest" time="0.174"/>
  <testcase name="testSupport()" classname="com.cedarsoft.crypt.CertTest" time="0.016"/>
  <system-out><![CDATA[]]></system-out>
  <system-err><![CDATA[]]></system-err>
</testsuite>
