<?xml version="1.0" encoding="UTF-8"?>
<testsuite name="com.cedarsoft.crypt.HashTest" tests="7" skipped="0" failures="0" errors="0" timestamp="2021-12-03T03:08:58" hostname="runner-ioxloixu-project-47-concurrent-0" time="0.302">
  <properties/>
  <testcase name="testDigestTest()" classname="com.cedarsoft.crypt.HashTest" time="0.068"/>
  <testcase name="testSerialization()" classname="com.cedarsoft.crypt.HashTest" time="0.034"/>
  <testcase name="testAlgos()" classname="com.cedarsoft.crypt.HashTest" time="0.06"/>
  <testcase name="testRound()" classname="com.cedarsoft.crypt.HashTest" time="0.075"/>
  <testcase name="testToString()" classname="com.cedarsoft.crypt.HashTest" time="0.001"/>
  <testcase name="testIt()" classname="com.cedarsoft.crypt.HashTest" time="0.042"/>
  <testcase name="testString()" classname="com.cedarsoft.crypt.HashTest" time="0.001"/>
  <system-out><![CDATA[]]></system-out>
  <system-err><![CDATA[]]></system-err>
</testsuite>
