<?xml version="1.0" encoding="UTF-8"?>
<testsuite name="com.cedarsoft.crypt.HashTest" tests="7" skipped="0" failures="0" errors="0" timestamp="2021-01-21T03:20:53" hostname="runner-pgnkb89--project-47-concurrent-0" time="0.722">
  <properties/>
  <testcase name="testDigestTest()" classname="com.cedarsoft.crypt.HashTest" time="0.185"/>
  <testcase name="testSerialization()" classname="com.cedarsoft.crypt.HashTest" time="0.047"/>
  <testcase name="testAlgos()" classname="com.cedarsoft.crypt.HashTest" time="0.106"/>
  <testcase name="testRound()" classname="com.cedarsoft.crypt.HashTest" time="0.264"/>
  <testcase name="testToString()" classname="com.cedarsoft.crypt.HashTest" time="0.009"/>
  <testcase name="testIt()" classname="com.cedarsoft.crypt.HashTest" time="0.043"/>
  <testcase name="testString()" classname="com.cedarsoft.crypt.HashTest" time="0.005"/>
  <system-out><![CDATA[]]></system-out>
  <system-err><![CDATA[]]></system-err>
</testsuite>
