<?xml version="1.0" encoding="UTF-8"?>
<testsuite name="com.cedarsoft.crypt.CertTest" tests="4" skipped="0" failures="0" errors="0" timestamp="2021-10-04T02:05:02" hostname="runner-cs1zem-v-project-47-concurrent-0" time="1.057">
  <properties/>
  <testcase name="testKey()" classname="com.cedarsoft.crypt.CertTest" time="0.948"/>
  <testcase name="testCert()" classname="com.cedarsoft.crypt.CertTest" time="0.012"/>
  <testcase name="testSign()" classname="com.cedarsoft.crypt.CertTest" time="0.046"/>
  <testcase name="testSupport()" classname="com.cedarsoft.crypt.CertTest" time="0.017"/>
  <system-out><![CDATA[]]></system-out>
  <system-err><![CDATA[]]></system-err>
</testsuite>
