<?xml version="1.0" encoding="UTF-8"?>
<testsuite name="com.cedarsoft.crypt.HashTest" tests="7" skipped="0" failures="0" errors="0" timestamp="2021-08-27T02:05:08" hostname="runner-cs1zem-v-project-47-concurrent-0" time="0.591">
  <properties/>
  <testcase name="testDigestTest()" classname="com.cedarsoft.crypt.HashTest" time="0.082"/>
  <testcase name="testSerialization()" classname="com.cedarsoft.crypt.HashTest" time="0.016"/>
  <testcase name="testAlgos()" classname="com.cedarsoft.crypt.HashTest" time="0.107"/>
  <testcase name="testRound()" classname="com.cedarsoft.crypt.HashTest" time="0.311"/>
  <testcase name="testToString()" classname="com.cedarsoft.crypt.HashTest" time="0.011"/>
  <testcase name="testIt()" classname="com.cedarsoft.crypt.HashTest" time="0.035"/>
  <testcase name="testString()" classname="com.cedarsoft.crypt.HashTest" time="0.01"/>
  <system-out><![CDATA[]]></system-out>
  <system-err><![CDATA[]]></system-err>
</testsuite>
