<?xml version="1.0" encoding="UTF-8"?>
<testsuite name="com.cedarsoft.crypt.HashTest" tests="7" skipped="0" failures="0" errors="0" timestamp="2021-09-16T02:05:26" hostname="runner-cs1zem-v-project-47-concurrent-0" time="0.481">
  <properties/>
  <testcase name="testDigestTest()" classname="com.cedarsoft.crypt.HashTest" time="0.172"/>
  <testcase name="testSerialization()" classname="com.cedarsoft.crypt.HashTest" time="0.015"/>
  <testcase name="testAlgos()" classname="com.cedarsoft.crypt.HashTest" time="0.095"/>
  <testcase name="testRound()" classname="com.cedarsoft.crypt.HashTest" time="0.139"/>
  <testcase name="testToString()" classname="com.cedarsoft.crypt.HashTest" time="0.002"/>
  <testcase name="testIt()" classname="com.cedarsoft.crypt.HashTest" time="0.012"/>
  <testcase name="testString()" classname="com.cedarsoft.crypt.HashTest" time="0.004"/>
  <system-out><![CDATA[]]></system-out>
  <system-err><![CDATA[]]></system-err>
</testsuite>
