<?xml version="1.0" encoding="UTF-8"?>
<testsuite name="com.cedarsoft.crypt.CertTest" tests="4" skipped="0" failures="0" errors="0" timestamp="2021-01-15T03:21:30" hostname="runner-kggansxr-project-47-concurrent-0" time="1.36">
  <properties/>
  <testcase name="testKey()" classname="com.cedarsoft.crypt.CertTest" time="1.163"/>
  <testcase name="testCert()" classname="com.cedarsoft.crypt.CertTest" time="0.003"/>
  <testcase name="testSign()" classname="com.cedarsoft.crypt.CertTest" time="0.135"/>
  <testcase name="testSupport()" classname="com.cedarsoft.crypt.CertTest" time="0.034"/>
  <system-out><![CDATA[]]></system-out>
  <system-err><![CDATA[]]></system-err>
</testsuite>
