<?xml version="1.0" encoding="UTF-8"?>
<testsuite name="com.cedarsoft.crypt.CertTest" tests="4" skipped="0" failures="0" errors="0" timestamp="2021-02-02T03:20:49" hostname="runner-pgnkb89--project-47-concurrent-0" time="1.206">
  <properties/>
  <testcase name="testKey()" classname="com.cedarsoft.crypt.CertTest" time="0.972"/>
  <testcase name="testCert()" classname="com.cedarsoft.crypt.CertTest" time="0.031"/>
  <testcase name="testSign()" classname="com.cedarsoft.crypt.CertTest" time="0.166"/>
  <testcase name="testSupport()" classname="com.cedarsoft.crypt.CertTest" time="0.026"/>
  <system-out><![CDATA[]]></system-out>
  <system-err><![CDATA[]]></system-err>
</testsuite>
