<?xml version="1.0" encoding="UTF-8"?>
<testsuite name="com.cedarsoft.crypt.HashTest" tests="7" skipped="0" failures="0" errors="0" timestamp="2021-03-14T03:04:42" hostname="runner-cs1zem-v-project-47-concurrent-0" time="0.176">
  <properties/>
  <testcase name="testDigestTest()" classname="com.cedarsoft.crypt.HashTest" time="0.044"/>
  <testcase name="testSerialization()" classname="com.cedarsoft.crypt.HashTest" time="0.005"/>
  <testcase name="testAlgos()" classname="com.cedarsoft.crypt.HashTest" time="0.024"/>
  <testcase name="testRound()" classname="com.cedarsoft.crypt.HashTest" time="0.063"/>
  <testcase name="testToString()" classname="com.cedarsoft.crypt.HashTest" time="0.001"/>
  <testcase name="testIt()" classname="com.cedarsoft.crypt.HashTest" time="0.023"/>
  <testcase name="testString()" classname="com.cedarsoft.crypt.HashTest" time="0.001"/>
  <system-out><![CDATA[]]></system-out>
  <system-err><![CDATA[]]></system-err>
</testsuite>
