<?xml version="1.0" encoding="UTF-8"?>
<testsuite name="com.cedarsoft.crypt.HashTest" tests="7" skipped="0" failures="0" errors="0" timestamp="2021-02-08T03:21:16" hostname="runner-pgnkb89--project-47-concurrent-0" time="0.622">
  <properties/>
  <testcase name="testDigestTest()" classname="com.cedarsoft.crypt.HashTest" time="0.093"/>
  <testcase name="testSerialization()" classname="com.cedarsoft.crypt.HashTest" time="0.042"/>
  <testcase name="testAlgos()" classname="com.cedarsoft.crypt.HashTest" time="0.15"/>
  <testcase name="testRound()" classname="com.cedarsoft.crypt.HashTest" time="0.246"/>
  <testcase name="testToString()" classname="com.cedarsoft.crypt.HashTest" time="0.012"/>
  <testcase name="testIt()" classname="com.cedarsoft.crypt.HashTest" time="0.031"/>
  <testcase name="testString()" classname="com.cedarsoft.crypt.HashTest" time="0.016"/>
  <system-out><![CDATA[]]></system-out>
  <system-err><![CDATA[]]></system-err>
</testsuite>
