<?xml version="1.0" encoding="UTF-8"?>
<testsuite name="com.cedarsoft.crypt.CertTest" tests="4" skipped="0" failures="0" errors="0" timestamp="2022-01-04T03:09:20" hostname="runner-cs1zem-v-project-47-concurrent-0" time="0.792">
  <properties/>
  <testcase name="testKey()" classname="com.cedarsoft.crypt.CertTest" time="0.633"/>
  <testcase name="testCert()" classname="com.cedarsoft.crypt.CertTest" time="0.011"/>
  <testcase name="testSign()" classname="com.cedarsoft.crypt.CertTest" time="0.122"/>
  <testcase name="testSupport()" classname="com.cedarsoft.crypt.CertTest" time="0.016"/>
  <system-out><![CDATA[]]></system-out>
  <system-err><![CDATA[]]></system-err>
</testsuite>
