<?xml version="1.0" encoding="UTF-8"?>
<testsuite name="com.cedarsoft.crypt.CertTest" tests="4" skipped="0" failures="0" errors="0" timestamp="2021-01-24T03:21:19" hostname="runner-kggansxr-project-47-concurrent-0" time="1.517">
  <properties/>
  <testcase name="testKey()" classname="com.cedarsoft.crypt.CertTest" time="1.331"/>
  <testcase name="testCert()" classname="com.cedarsoft.crypt.CertTest" time="0.022"/>
  <testcase name="testSign()" classname="com.cedarsoft.crypt.CertTest" time="0.106"/>
  <testcase name="testSupport()" classname="com.cedarsoft.crypt.CertTest" time="0.032"/>
  <system-out><![CDATA[]]></system-out>
  <system-err><![CDATA[]]></system-err>
</testsuite>
