<?xml version="1.0" encoding="UTF-8"?>
<testsuite name="com.cedarsoft.crypt.CertTest" tests="4" skipped="0" failures="0" errors="0" timestamp="2021-03-03T03:05:06" hostname="runner-pgnkb89--project-47-concurrent-0" time="1.075">
  <properties/>
  <testcase name="testKey()" classname="com.cedarsoft.crypt.CertTest" time="0.967"/>
  <testcase name="testCert()" classname="com.cedarsoft.crypt.CertTest" time="0.004"/>
  <testcase name="testSign()" classname="com.cedarsoft.crypt.CertTest" time="0.082"/>
  <testcase name="testSupport()" classname="com.cedarsoft.crypt.CertTest" time="0.007"/>
  <system-out><![CDATA[]]></system-out>
  <system-err><![CDATA[]]></system-err>
</testsuite>
