<?xml version="1.0" encoding="UTF-8"?>
<testsuite name="com.cedarsoft.crypt.CertTest" tests="4" skipped="0" failures="0" errors="0" timestamp="2021-03-04T03:05:09" hostname="runner-pgnkb89--project-47-concurrent-0" time="1.11">
  <properties/>
  <testcase name="testKey()" classname="com.cedarsoft.crypt.CertTest" time="0.937"/>
  <testcase name="testCert()" classname="com.cedarsoft.crypt.CertTest" time="0.012"/>
  <testcase name="testSign()" classname="com.cedarsoft.crypt.CertTest" time="0.134"/>
  <testcase name="testSupport()" classname="com.cedarsoft.crypt.CertTest" time="0.016"/>
  <system-out><![CDATA[]]></system-out>
  <system-err><![CDATA[]]></system-err>
</testsuite>
