<?xml version="1.0" encoding="UTF-8"?>
<testsuite name="com.cedarsoft.crypt.ExpiredCertTest" tests="1" skipped="0" failures="0" errors="0" timestamp="2021-04-13T02:05:17" hostname="runner-kggansxr-project-47-concurrent-0" time="0.924">
  <properties/>
  <testcase name="testDate()" classname="com.cedarsoft.crypt.ExpiredCertTest" time="0.924"/>
  <system-out><![CDATA[]]></system-out>
  <system-err><![CDATA[]]></system-err>
</testsuite>
