<?xml version="1.0" encoding="UTF-8"?>
<testsuite name="com.cedarsoft.crypt.CertTest" tests="4" skipped="0" failures="0" errors="0" timestamp="2021-05-17T02:07:23" hostname="runner-kggansxr-project-47-concurrent-0" time="1.532">
  <properties/>
  <testcase name="testKey()" classname="com.cedarsoft.crypt.CertTest" time="1.366"/>
  <testcase name="testCert()" classname="com.cedarsoft.crypt.CertTest" time="0.027"/>
  <testcase name="testSign()" classname="com.cedarsoft.crypt.CertTest" time="0.115"/>
  <testcase name="testSupport()" classname="com.cedarsoft.crypt.CertTest" time="0.006"/>
  <system-out><![CDATA[]]></system-out>
  <system-err><![CDATA[]]></system-err>
</testsuite>
