<?xml version="1.0" encoding="UTF-8"?>
<testsuite name="com.cedarsoft.crypt.HashTest" tests="7" skipped="0" failures="0" errors="0" timestamp="2021-09-10T02:05:36" hostname="runner-cs1zem-v-project-47-concurrent-0" time="0.416">
  <properties/>
  <testcase name="testDigestTest()" classname="com.cedarsoft.crypt.HashTest" time="0.114"/>
  <testcase name="testSerialization()" classname="com.cedarsoft.crypt.HashTest" time="0.01"/>
  <testcase name="testAlgos()" classname="com.cedarsoft.crypt.HashTest" time="0.038"/>
  <testcase name="testRound()" classname="com.cedarsoft.crypt.HashTest" time="0.19"/>
  <testcase name="testToString()" classname="com.cedarsoft.crypt.HashTest" time="0.002"/>
  <testcase name="testIt()" classname="com.cedarsoft.crypt.HashTest" time="0.036"/>
  <testcase name="testString()" classname="com.cedarsoft.crypt.HashTest" time="0.002"/>
  <system-out><![CDATA[]]></system-out>
  <system-err><![CDATA[]]></system-err>
</testsuite>
