<?xml version="1.0" encoding="UTF-8"?>
<testsuite name="com.cedarsoft.crypt.CertTest" tests="4" skipped="0" failures="0" errors="0" timestamp="2021-07-21T02:07:20" hostname="runner-kggansxr-project-47-concurrent-0" time="1.174">
  <properties/>
  <testcase name="testKey()" classname="com.cedarsoft.crypt.CertTest" time="1.081"/>
  <testcase name="testCert()" classname="com.cedarsoft.crypt.CertTest" time="0.004"/>
  <testcase name="testSign()" classname="com.cedarsoft.crypt.CertTest" time="0.071"/>
  <testcase name="testSupport()" classname="com.cedarsoft.crypt.CertTest" time="0.012"/>
  <system-out><![CDATA[]]></system-out>
  <system-err><![CDATA[]]></system-err>
</testsuite>
