<?xml version="1.0" encoding="UTF-8"?>
<testsuite name="com.cedarsoft.crypt.HashTest" tests="7" skipped="0" failures="0" errors="0" timestamp="2021-11-19T03:08:55" hostname="runner-ioxloixu-project-47-concurrent-0" time="0.23">
  <properties/>
  <testcase name="testDigestTest()" classname="com.cedarsoft.crypt.HashTest" time="0.066"/>
  <testcase name="testSerialization()" classname="com.cedarsoft.crypt.HashTest" time="0.018"/>
  <testcase name="testAlgos()" classname="com.cedarsoft.crypt.HashTest" time="0.037"/>
  <testcase name="testRound()" classname="com.cedarsoft.crypt.HashTest" time="0.081"/>
  <testcase name="testToString()" classname="com.cedarsoft.crypt.HashTest" time="0.001"/>
  <testcase name="testIt()" classname="com.cedarsoft.crypt.HashTest" time="0.012"/>
  <testcase name="testString()" classname="com.cedarsoft.crypt.HashTest" time="0.001"/>
  <system-out><![CDATA[]]></system-out>
  <system-err><![CDATA[]]></system-err>
</testsuite>
