<?xml version="1.0" encoding="UTF-8"?>
<testsuite name="com.cedarsoft.crypt.HashTest" tests="7" skipped="0" failures="0" errors="0" timestamp="2021-05-17T02:07:26" hostname="runner-kggansxr-project-47-concurrent-0" time="0.615">
  <properties/>
  <testcase name="testDigestTest()" classname="com.cedarsoft.crypt.HashTest" time="0.199"/>
  <testcase name="testSerialization()" classname="com.cedarsoft.crypt.HashTest" time="0.037"/>
  <testcase name="testAlgos()" classname="com.cedarsoft.crypt.HashTest" time="0.109"/>
  <testcase name="testRound()" classname="com.cedarsoft.crypt.HashTest" time="0.175"/>
  <testcase name="testToString()" classname="com.cedarsoft.crypt.HashTest" time="0.026"/>
  <testcase name="testIt()" classname="com.cedarsoft.crypt.HashTest" time="0.011"/>
  <testcase name="testString()" classname="com.cedarsoft.crypt.HashTest" time="0.027"/>
  <system-out><![CDATA[]]></system-out>
  <system-err><![CDATA[]]></system-err>
</testsuite>
