<?xml version="1.0" encoding="UTF-8"?>
<testsuite name="com.cedarsoft.crypt.HashTest" tests="7" skipped="0" failures="0" errors="0" timestamp="2022-02-10T17:15:10" hostname="runner-ioxloixu-project-47-concurrent-1" time="0.264">
  <properties/>
  <testcase name="testDigestTest()" classname="com.cedarsoft.crypt.HashTest" time="0.092"/>
  <testcase name="testSerialization()" classname="com.cedarsoft.crypt.HashTest" time="0.019"/>
  <testcase name="testAlgos()" classname="com.cedarsoft.crypt.HashTest" time="0.039"/>
  <testcase name="testRound()" classname="com.cedarsoft.crypt.HashTest" time="0.085"/>
  <testcase name="testToString()" classname="com.cedarsoft.crypt.HashTest" time="0.002"/>
  <testcase name="testIt()" classname="com.cedarsoft.crypt.HashTest" time="0.007"/>
  <testcase name="testString()" classname="com.cedarsoft.crypt.HashTest" time="0.001"/>
  <system-out><![CDATA[]]></system-out>
  <system-err><![CDATA[]]></system-err>
</testsuite>
