<?xml version="1.0" encoding="UTF-8"?>
<testsuite name="com.cedarsoft.crypt.HashTest" tests="7" skipped="0" failures="0" errors="0" timestamp="2021-02-21T03:21:01" hostname="runner-pgnkb89--project-47-concurrent-0" time="0.936">
  <properties/>
  <testcase name="testDigestTest()" classname="com.cedarsoft.crypt.HashTest" time="0.259"/>
  <testcase name="testSerialization()" classname="com.cedarsoft.crypt.HashTest" time="0.085"/>
  <testcase name="testAlgos()" classname="com.cedarsoft.crypt.HashTest" time="0.127"/>
  <testcase name="testRound()" classname="com.cedarsoft.crypt.HashTest" time="0.366"/>
  <testcase name="testToString()" classname="com.cedarsoft.crypt.HashTest" time="0.002"/>
  <testcase name="testIt()" classname="com.cedarsoft.crypt.HashTest" time="0.017"/>
  <testcase name="testString()" classname="com.cedarsoft.crypt.HashTest" time="0.009"/>
  <system-out><![CDATA[]]></system-out>
  <system-err><![CDATA[]]></system-err>
</testsuite>
