<?xml version="1.0" encoding="UTF-8"?>
<testsuite name="com.cedarsoft.crypt.ExpiredCertTest" tests="1" skipped="0" failures="0" errors="0" timestamp="2021-12-26T03:09:45" hostname="runner-ioxloixu-project-47-concurrent-0" time="0.195">
  <properties/>
  <testcase name="testDate()" classname="com.cedarsoft.crypt.ExpiredCertTest" time="0.195"/>
  <system-out><![CDATA[]]></system-out>
  <system-err><![CDATA[]]></system-err>
</testsuite>
