<?xml version="1.0" encoding="UTF-8"?>
<testsuite name="com.cedarsoft.crypt.HashTest" tests="7" skipped="0" failures="0" errors="0" timestamp="2021-12-26T03:09:45" hostname="runner-ioxloixu-project-47-concurrent-0" time="0.242">
  <properties/>
  <testcase name="testDigestTest()" classname="com.cedarsoft.crypt.HashTest" time="0.055"/>
  <testcase name="testSerialization()" classname="com.cedarsoft.crypt.HashTest" time="0.007"/>
  <testcase name="testAlgos()" classname="com.cedarsoft.crypt.HashTest" time="0.052"/>
  <testcase name="testRound()" classname="com.cedarsoft.crypt.HashTest" time="0.077"/>
  <testcase name="testToString()" classname="com.cedarsoft.crypt.HashTest" time="0.003"/>
  <testcase name="testIt()" classname="com.cedarsoft.crypt.HashTest" time="0.009"/>
  <testcase name="testString()" classname="com.cedarsoft.crypt.HashTest" time="0.0"/>
  <system-out><![CDATA[]]></system-out>
  <system-err><![CDATA[]]></system-err>
</testsuite>
