<?xml version="1.0" encoding="UTF-8"?>
<testsuite name="com.cedarsoft.crypt.HashTest" tests="7" skipped="0" failures="0" errors="0" timestamp="2021-11-15T03:09:24" hostname="runner-ioxloixu-project-47-concurrent-0" time="0.266">
  <properties/>
  <testcase name="testDigestTest()" classname="com.cedarsoft.crypt.HashTest" time="0.08"/>
  <testcase name="testSerialization()" classname="com.cedarsoft.crypt.HashTest" time="0.004"/>
  <testcase name="testAlgos()" classname="com.cedarsoft.crypt.HashTest" time="0.07"/>
  <testcase name="testRound()" classname="com.cedarsoft.crypt.HashTest" time="0.077"/>
  <testcase name="testToString()" classname="com.cedarsoft.crypt.HashTest" time="0.006"/>
  <testcase name="testIt()" classname="com.cedarsoft.crypt.HashTest" time="0.005"/>
  <testcase name="testString()" classname="com.cedarsoft.crypt.HashTest" time="0.014"/>
  <system-out><![CDATA[]]></system-out>
  <system-err><![CDATA[]]></system-err>
</testsuite>
