<?xml version="1.0" encoding="UTF-8"?>
<testsuite name="com.cedarsoft.crypt.CertTest" tests="4" skipped="0" failures="0" errors="0" timestamp="2021-01-22T03:20:51" hostname="runner-kggansxr-project-47-concurrent-0" time="1.768">
  <properties/>
  <testcase name="testKey()" classname="com.cedarsoft.crypt.CertTest" time="1.418"/>
  <testcase name="testCert()" classname="com.cedarsoft.crypt.CertTest" time="0.035"/>
  <testcase name="testSign()" classname="com.cedarsoft.crypt.CertTest" time="0.205"/>
  <testcase name="testSupport()" classname="com.cedarsoft.crypt.CertTest" time="0.047"/>
  <system-out><![CDATA[]]></system-out>
  <system-err><![CDATA[]]></system-err>
</testsuite>
