<?xml version="1.0" encoding="UTF-8"?>
<testsuite name="com.cedarsoft.crypt.CertTest" tests="4" skipped="0" failures="0" errors="0" timestamp="2021-01-12T21:05:55" hostname="runner-kggansxr-project-47-concurrent-0" time="1.347">
  <properties/>
  <testcase name="testKey()" classname="com.cedarsoft.crypt.CertTest" time="1.041"/>
  <testcase name="testCert()" classname="com.cedarsoft.crypt.CertTest" time="0.036"/>
  <testcase name="testSign()" classname="com.cedarsoft.crypt.CertTest" time="0.166"/>
  <testcase name="testSupport()" classname="com.cedarsoft.crypt.CertTest" time="0.058"/>
  <system-out><![CDATA[]]></system-out>
  <system-err><![CDATA[]]></system-err>
</testsuite>
