<?xml version="1.0" encoding="UTF-8"?>
<testsuite name="com.cedarsoft.crypt.HashTest" tests="7" skipped="0" failures="0" errors="0" timestamp="2021-06-21T02:04:44" hostname="runner-cs1zem-v-project-47-concurrent-0" time="0.238">
  <properties/>
  <testcase name="testDigestTest()" classname="com.cedarsoft.crypt.HashTest" time="0.084"/>
  <testcase name="testSerialization()" classname="com.cedarsoft.crypt.HashTest" time="0.014"/>
  <testcase name="testAlgos()" classname="com.cedarsoft.crypt.HashTest" time="0.052"/>
  <testcase name="testRound()" classname="com.cedarsoft.crypt.HashTest" time="0.063"/>
  <testcase name="testToString()" classname="com.cedarsoft.crypt.HashTest" time="0.007"/>
  <testcase name="testIt()" classname="com.cedarsoft.crypt.HashTest" time="0.003"/>
  <testcase name="testString()" classname="com.cedarsoft.crypt.HashTest" time="0.007"/>
  <system-out><![CDATA[]]></system-out>
  <system-err><![CDATA[]]></system-err>
</testsuite>
