<?xml version="1.0" encoding="UTF-8"?>
<testsuite name="com.cedarsoft.crypt.HashTest" tests="7" skipped="0" failures="0" errors="0" timestamp="2021-12-02T03:08:55" hostname="runner-ioxloixu-project-47-concurrent-0" time="0.417">
  <properties/>
  <testcase name="testDigestTest()" classname="com.cedarsoft.crypt.HashTest" time="0.112"/>
  <testcase name="testSerialization()" classname="com.cedarsoft.crypt.HashTest" time="0.02"/>
  <testcase name="testAlgos()" classname="com.cedarsoft.crypt.HashTest" time="0.065"/>
  <testcase name="testRound()" classname="com.cedarsoft.crypt.HashTest" time="0.125"/>
  <testcase name="testToString()" classname="com.cedarsoft.crypt.HashTest" time="0.001"/>
  <testcase name="testIt()" classname="com.cedarsoft.crypt.HashTest" time="0.021"/>
  <testcase name="testString()" classname="com.cedarsoft.crypt.HashTest" time="0.008"/>
  <system-out><![CDATA[]]></system-out>
  <system-err><![CDATA[]]></system-err>
</testsuite>
