<?xml version="1.0" encoding="UTF-8"?>
<testsuite name="com.cedarsoft.crypt.SignatureTest" tests="1" skipped="0" failures="0" errors="0" timestamp="2021-02-14T03:20:49" hostname="runner-pgnkb89--project-47-concurrent-0" time="0.009">
  <properties/>
  <testcase name="testIt()" classname="com.cedarsoft.crypt.SignatureTest" time="0.009"/>
  <system-out><![CDATA[]]></system-out>
  <system-err><![CDATA[]]></system-err>
</testsuite>
