<?xml version="1.0" encoding="UTF-8"?>
<testsuite name="com.cedarsoft.crypt.HashTest" tests="7" skipped="0" failures="0" errors="0" timestamp="2021-02-28T03:21:18" hostname="runner-pgnkb89--project-47-concurrent-0" time="0.469">
  <properties/>
  <testcase name="testDigestTest()" classname="com.cedarsoft.crypt.HashTest" time="0.167"/>
  <testcase name="testSerialization()" classname="com.cedarsoft.crypt.HashTest" time="0.01"/>
  <testcase name="testAlgos()" classname="com.cedarsoft.crypt.HashTest" time="0.102"/>
  <testcase name="testRound()" classname="com.cedarsoft.crypt.HashTest" time="0.138"/>
  <testcase name="testToString()" classname="com.cedarsoft.crypt.HashTest" time="0.002"/>
  <testcase name="testIt()" classname="com.cedarsoft.crypt.HashTest" time="0.018"/>
  <testcase name="testString()" classname="com.cedarsoft.crypt.HashTest" time="0.007"/>
  <system-out><![CDATA[]]></system-out>
  <system-err><![CDATA[]]></system-err>
</testsuite>
