<?xml version="1.0" encoding="UTF-8"?>
<testsuite name="com.cedarsoft.crypt.ExpiredCertTest" tests="1" skipped="0" failures="0" errors="0" timestamp="2021-03-01T03:21:17" hostname="runner-pgnkb89--project-47-concurrent-0" time="0.503">
  <properties/>
  <testcase name="testDate()" classname="com.cedarsoft.crypt.ExpiredCertTest" time="0.503"/>
  <system-out><![CDATA[]]></system-out>
  <system-err><![CDATA[]]></system-err>
</testsuite>
