<?xml version="1.0" encoding="UTF-8"?>
<testsuite name="com.cedarsoft.crypt.HashTest" tests="7" skipped="0" failures="0" errors="0" timestamp="2021-06-17T02:07:28" hostname="runner-kggansxr-project-47-concurrent-0" time="0.525">
  <properties/>
  <testcase name="testDigestTest()" classname="com.cedarsoft.crypt.HashTest" time="0.165"/>
  <testcase name="testSerialization()" classname="com.cedarsoft.crypt.HashTest" time="0.019"/>
  <testcase name="testAlgos()" classname="com.cedarsoft.crypt.HashTest" time="0.126"/>
  <testcase name="testRound()" classname="com.cedarsoft.crypt.HashTest" time="0.135"/>
  <testcase name="testToString()" classname="com.cedarsoft.crypt.HashTest" time="0.011"/>
  <testcase name="testIt()" classname="com.cedarsoft.crypt.HashTest" time="0.009"/>
  <testcase name="testString()" classname="com.cedarsoft.crypt.HashTest" time="0.005"/>
  <system-out><![CDATA[]]></system-out>
  <system-err><![CDATA[]]></system-err>
</testsuite>
