<?xml version="1.0" encoding="UTF-8"?>
<testsuite name="com.cedarsoft.crypt.HashTest" tests="7" skipped="0" failures="0" errors="0" timestamp="2022-01-17T03:09:16" hostname="runner-ioxloixu-project-47-concurrent-0" time="0.354">
  <properties/>
  <testcase name="testDigestTest()" classname="com.cedarsoft.crypt.HashTest" time="0.109"/>
  <testcase name="testSerialization()" classname="com.cedarsoft.crypt.HashTest" time="0.015"/>
  <testcase name="testAlgos()" classname="com.cedarsoft.crypt.HashTest" time="0.06"/>
  <testcase name="testRound()" classname="com.cedarsoft.crypt.HashTest" time="0.121"/>
  <testcase name="testToString()" classname="com.cedarsoft.crypt.HashTest" time="0.003"/>
  <testcase name="testIt()" classname="com.cedarsoft.crypt.HashTest" time="0.008"/>
  <testcase name="testString()" classname="com.cedarsoft.crypt.HashTest" time="0.001"/>
  <system-out><![CDATA[]]></system-out>
  <system-err><![CDATA[]]></system-err>
</testsuite>
