<?xml version="1.0" encoding="UTF-8"?>
<testsuite name="com.cedarsoft.crypt.CertTest" tests="4" skipped="0" failures="0" errors="0" timestamp="2021-11-21T03:08:52" hostname="runner-ioxloixu-project-47-concurrent-0" time="0.885">
  <properties/>
  <testcase name="testKey()" classname="com.cedarsoft.crypt.CertTest" time="0.733"/>
  <testcase name="testCert()" classname="com.cedarsoft.crypt.CertTest" time="0.008"/>
  <testcase name="testSign()" classname="com.cedarsoft.crypt.CertTest" time="0.106"/>
  <testcase name="testSupport()" classname="com.cedarsoft.crypt.CertTest" time="0.025"/>
  <system-out><![CDATA[]]></system-out>
  <system-err><![CDATA[]]></system-err>
</testsuite>
