<?xml version="1.0" encoding="UTF-8"?>
<testsuite name="com.cedarsoft.crypt.SignatureTest" tests="1" skipped="0" failures="0" errors="0" timestamp="2021-04-24T02:05:04" hostname="runner-cs1zem-v-project-47-concurrent-0" time="0.075">
  <properties/>
  <testcase name="testIt()" classname="com.cedarsoft.crypt.SignatureTest" time="0.075"/>
  <system-out><![CDATA[]]></system-out>
  <system-err><![CDATA[]]></system-err>
</testsuite>
