<?xml version="1.0" encoding="UTF-8"?>
<testsuite name="com.cedarsoft.crypt.HashTest" tests="7" skipped="0" failures="0" errors="0" timestamp="2021-08-21T02:07:17" hostname="runner-kggansxr-project-47-concurrent-0" time="0.225">
  <properties/>
  <testcase name="testDigestTest()" classname="com.cedarsoft.crypt.HashTest" time="0.07"/>
  <testcase name="testSerialization()" classname="com.cedarsoft.crypt.HashTest" time="0.008"/>
  <testcase name="testAlgos()" classname="com.cedarsoft.crypt.HashTest" time="0.04"/>
  <testcase name="testRound()" classname="com.cedarsoft.crypt.HashTest" time="0.082"/>
  <testcase name="testToString()" classname="com.cedarsoft.crypt.HashTest" time="0.002"/>
  <testcase name="testIt()" classname="com.cedarsoft.crypt.HashTest" time="0.009"/>
  <testcase name="testString()" classname="com.cedarsoft.crypt.HashTest" time="0.003"/>
  <system-out><![CDATA[]]></system-out>
  <system-err><![CDATA[]]></system-err>
</testsuite>
