<?xml version="1.0" encoding="UTF-8"?>
<testsuite name="com.cedarsoft.crypt.HashTest" tests="7" skipped="0" failures="0" errors="0" timestamp="2021-11-03T03:05:25" hostname="runner-cs1zem-v-project-47-concurrent-0" time="0.415">
  <properties/>
  <testcase name="testDigestTest()" classname="com.cedarsoft.crypt.HashTest" time="0.11"/>
  <testcase name="testSerialization()" classname="com.cedarsoft.crypt.HashTest" time="0.017"/>
  <testcase name="testAlgos()" classname="com.cedarsoft.crypt.HashTest" time="0.083"/>
  <testcase name="testRound()" classname="com.cedarsoft.crypt.HashTest" time="0.144"/>
  <testcase name="testToString()" classname="com.cedarsoft.crypt.HashTest" time="0.001"/>
  <testcase name="testIt()" classname="com.cedarsoft.crypt.HashTest" time="0.002"/>
  <testcase name="testString()" classname="com.cedarsoft.crypt.HashTest" time="0.002"/>
  <system-out><![CDATA[]]></system-out>
  <system-err><![CDATA[]]></system-err>
</testsuite>
