<?xml version="1.0" encoding="UTF-8"?>
<testsuite name="com.cedarsoft.crypt.HashTest" tests="7" skipped="0" failures="0" errors="0" timestamp="2021-06-20T02:07:34" hostname="runner-kggansxr-project-47-concurrent-0" time="0.438">
  <properties/>
  <testcase name="testDigestTest()" classname="com.cedarsoft.crypt.HashTest" time="0.135"/>
  <testcase name="testSerialization()" classname="com.cedarsoft.crypt.HashTest" time="0.033"/>
  <testcase name="testAlgos()" classname="com.cedarsoft.crypt.HashTest" time="0.076"/>
  <testcase name="testRound()" classname="com.cedarsoft.crypt.HashTest" time="0.147"/>
  <testcase name="testToString()" classname="com.cedarsoft.crypt.HashTest" time="0.003"/>
  <testcase name="testIt()" classname="com.cedarsoft.crypt.HashTest" time="0.008"/>
  <testcase name="testString()" classname="com.cedarsoft.crypt.HashTest" time="0.002"/>
  <system-out><![CDATA[]]></system-out>
  <system-err><![CDATA[]]></system-err>
</testsuite>
