<?xml version="1.0" encoding="UTF-8"?>
<testsuite name="com.cedarsoft.crypt.CertTest" tests="4" skipped="0" failures="0" errors="0" timestamp="2021-12-03T03:08:57" hostname="runner-ioxloixu-project-47-concurrent-0" time="0.817">
  <properties/>
  <testcase name="testKey()" classname="com.cedarsoft.crypt.CertTest" time="0.692"/>
  <testcase name="testCert()" classname="com.cedarsoft.crypt.CertTest" time="0.021"/>
  <testcase name="testSign()" classname="com.cedarsoft.crypt.CertTest" time="0.074"/>
  <testcase name="testSupport()" classname="com.cedarsoft.crypt.CertTest" time="0.009"/>
  <system-out><![CDATA[]]></system-out>
  <system-err><![CDATA[]]></system-err>
</testsuite>
