<?xml version="1.0" encoding="UTF-8"?>
<testsuite name="com.cedarsoft.crypt.HashTest" tests="7" skipped="0" failures="0" errors="0" timestamp="2022-02-04T03:09:11" hostname="runner-ioxloixu-project-47-concurrent-0" time="0.254">
  <properties/>
  <testcase name="testDigestTest()" classname="com.cedarsoft.crypt.HashTest" time="0.08"/>
  <testcase name="testSerialization()" classname="com.cedarsoft.crypt.HashTest" time="0.01"/>
  <testcase name="testAlgos()" classname="com.cedarsoft.crypt.HashTest" time="0.052"/>
  <testcase name="testRound()" classname="com.cedarsoft.crypt.HashTest" time="0.082"/>
  <testcase name="testToString()" classname="com.cedarsoft.crypt.HashTest" time="0.001"/>
  <testcase name="testIt()" classname="com.cedarsoft.crypt.HashTest" time="0.006"/>
  <testcase name="testString()" classname="com.cedarsoft.crypt.HashTest" time="0.001"/>
  <system-out><![CDATA[]]></system-out>
  <system-err><![CDATA[]]></system-err>
</testsuite>
