<?xml version="1.0" encoding="UTF-8"?>
<testsuite name="com.cedarsoft.crypt.HashTest" tests="7" skipped="0" failures="0" errors="0" timestamp="2021-08-09T02:08:32" hostname="runner-kggansxr-project-47-concurrent-0" time="0.407">
  <properties/>
  <testcase name="testDigestTest()" classname="com.cedarsoft.crypt.HashTest" time="0.134"/>
  <testcase name="testSerialization()" classname="com.cedarsoft.crypt.HashTest" time="0.013"/>
  <testcase name="testAlgos()" classname="com.cedarsoft.crypt.HashTest" time="0.063"/>
  <testcase name="testRound()" classname="com.cedarsoft.crypt.HashTest" time="0.136"/>
  <testcase name="testToString()" classname="com.cedarsoft.crypt.HashTest" time="0.009"/>
  <testcase name="testIt()" classname="com.cedarsoft.crypt.HashTest" time="0.017"/>
  <testcase name="testString()" classname="com.cedarsoft.crypt.HashTest" time="0.005"/>
  <system-out><![CDATA[]]></system-out>
  <system-err><![CDATA[]]></system-err>
</testsuite>
