<?xml version="1.0" encoding="UTF-8"?>
<testsuite name="com.cedarsoft.serialization.stax.mate.StaxMateSerializerTest" tests="4" skipped="0" failures="0" errors="0" timestamp="2021-08-09T02:10:39" hostname="runner-kggansxr-project-47-concurrent-0" time="0.047">
  <properties/>
  <testcase name="[1] entry=Entry{object=asdf}" classname="com.cedarsoft.serialization.stax.mate.StaxMateSerializerTest" time="0.03"/>
  <testcase name="testWrongVersion()" classname="com.cedarsoft.serialization.stax.mate.StaxMateSerializerTest" time="0.004"/>
  <testcase name="testWrongNamespaceVersion()" classname="com.cedarsoft.serialization.stax.mate.StaxMateSerializerTest" time="0.005"/>
  <testcase name="testNoVersion()" classname="com.cedarsoft.serialization.stax.mate.StaxMateSerializerTest" time="0.002"/>
  <system-out><![CDATA[]]></system-out>
  <system-err><![CDATA[]]></system-err>
</testsuite>
