<?xml version="1.0" encoding="UTF-8"?>
<testsuite name="com.cedarsoft.serialization.stax.mate.test.WindowSerializerNamespaceSkipTest" tests="1" skipped="0" failures="0" errors="0" timestamp="2021-07-12T02:06:22" hostname="runner-cs1zem-v-project-47-concurrent-0" time="0.003">
  <properties/>
  <testcase name="testIt()" classname="com.cedarsoft.serialization.stax.mate.test.WindowSerializerNamespaceSkipTest" time="0.003"/>
  <system-out><![CDATA[]]></system-out>
  <system-err><![CDATA[]]></system-err>
</testsuite>
