<?xml version="1.0" encoding="UTF-8"?>
<testsuite name="com.cedarsoft.serialization.stax.mate.StaxMateSerializerTest" tests="4" skipped="0" failures="0" errors="0" timestamp="2021-05-09T02:06:37" hostname="runner-cs1zem-v-project-47-concurrent-0" time="0.064">
  <properties/>
  <testcase name="[1] entry=Entry{object=asdf}" classname="com.cedarsoft.serialization.stax.mate.StaxMateSerializerTest" time="0.045"/>
  <testcase name="testWrongVersion()" classname="com.cedarsoft.serialization.stax.mate.StaxMateSerializerTest" time="0.004"/>
  <testcase name="testWrongNamespaceVersion()" classname="com.cedarsoft.serialization.stax.mate.StaxMateSerializerTest" time="0.009"/>
  <testcase name="testNoVersion()" classname="com.cedarsoft.serialization.stax.mate.StaxMateSerializerTest" time="0.003"/>
  <system-out><![CDATA[]]></system-out>
  <system-err><![CDATA[]]></system-err>
</testsuite>
