<?xml version="1.0" encoding="UTF-8"?>
<testsuite name="com.cedarsoft.serialization.stax.mate.StaxMateSerializerTest" tests="4" skipped="0" failures="0" errors="0" timestamp="2021-01-19T03:22:11" hostname="runner-pgnkb89--project-47-concurrent-0" time="0.083">
  <properties/>
  <testcase name="[1] entry=Entry{object=asdf}" classname="com.cedarsoft.serialization.stax.mate.StaxMateSerializerTest" time="0.06"/>
  <testcase name="testWrongVersion()" classname="com.cedarsoft.serialization.stax.mate.StaxMateSerializerTest" time="0.003"/>
  <testcase name="testWrongNamespaceVersion()" classname="com.cedarsoft.serialization.stax.mate.StaxMateSerializerTest" time="0.013"/>
  <testcase name="testNoVersion()" classname="com.cedarsoft.serialization.stax.mate.StaxMateSerializerTest" time="0.001"/>
  <system-out><![CDATA[]]></system-out>
  <system-err><![CDATA[]]></system-err>
</testsuite>
