<?xml version="1.0" encoding="UTF-8"?>
<testsuite name="com.cedarsoft.serialization.stax.mate.StaxMateTest" tests="4" skipped="0" failures="0" errors="0" timestamp="2021-11-29T03:09:42" hostname="runner-ioxloixu-project-47-concurrent-0" time="0.136">
  <properties/>
  <testcase name="testProcssingInstructions()" classname="com.cedarsoft.serialization.stax.mate.StaxMateTest" time="0.05"/>
  <testcase name="testStaxMateJson()" classname="com.cedarsoft.serialization.stax.mate.StaxMateTest" time="0.046"/>
  <testcase name="testStaxMateRead()" classname="com.cedarsoft.serialization.stax.mate.StaxMateTest" time="0.001"/>
  <testcase name="testStaxMate()" classname="com.cedarsoft.serialization.stax.mate.StaxMateTest" time="0.037"/>
  <system-out><![CDATA[]]></system-out>
  <system-err><![CDATA[]]></system-err>
</testsuite>
