<?xml version="1.0" encoding="UTF-8"?>
<testsuite name="com.cedarsoft.serialization.stax.mate.primitives.DoubleSerializerTest" tests="6" skipped="0" failures="0" errors="0" timestamp="2022-01-04T03:10:13" hostname="runner-cs1zem-v-project-47-concurrent-0" time="0.231">
  <properties/>
  <testcase name="[1] entry=Entry{object=123.0}" classname="com.cedarsoft.serialization.stax.mate.primitives.DoubleSerializerTest" time="0.053"/>
  <testcase name="[2] entry=Entry{object=123.5}" classname="com.cedarsoft.serialization.stax.mate.primitives.DoubleSerializerTest" time="0.046"/>
  <testcase name="[3] entry=Entry{object=-123.5}" classname="com.cedarsoft.serialization.stax.mate.primitives.DoubleSerializerTest" time="0.041"/>
  <testcase name="[4] entry=Entry{object=1.7976931348623157E308}" classname="com.cedarsoft.serialization.stax.mate.primitives.DoubleSerializerTest" time="0.049"/>
  <testcase name="[5] entry=Entry{object=-1.7976931348623157E308}" classname="com.cedarsoft.serialization.stax.mate.primitives.DoubleSerializerTest" time="0.033"/>
  <testcase name="testNotClose()" classname="com.cedarsoft.serialization.stax.mate.primitives.DoubleSerializerTest" time="0.002"/>
  <system-out><![CDATA[]]></system-out>
  <system-err><![CDATA[]]></system-err>
</testsuite>
