<?xml version="1.0" encoding="UTF-8"?>
<testsuite name="com.cedarsoft.serialization.stax.mate.test.BallSerializerVersionTest" tests="4" skipped="0" failures="0" errors="0" timestamp="2021-08-09T02:10:31" hostname="runner-kggansxr-project-47-concurrent-0" time="0.683">
  <properties/>
  <testcase name="[1] entry=com.cedarsoft.serialization.test.utils.AbstractXmlVersionTest2$XmlVersionEntry@7b2dfe7d" classname="com.cedarsoft.serialization.stax.mate.test.BallSerializerVersionTest" time="0.63"/>
  <testcase name="[2] entry=com.cedarsoft.serialization.test.utils.AbstractXmlVersionTest2$XmlVersionEntry@2746196f" classname="com.cedarsoft.serialization.stax.mate.test.BallSerializerVersionTest" time="0.005"/>
  <testcase name="[3] entry=com.cedarsoft.serialization.test.utils.AbstractXmlVersionTest2$XmlVersionEntry@2bdf3ff1" classname="com.cedarsoft.serialization.stax.mate.test.BallSerializerVersionTest" time="0.004"/>
  <testcase name="[4] entry=com.cedarsoft.serialization.test.utils.AbstractXmlVersionTest2$XmlVersionEntry@7eb3b9e0" classname="com.cedarsoft.serialization.stax.mate.test.BallSerializerVersionTest" time="0.005"/>
  <system-out><![CDATA[]]></system-out>
  <system-err><![CDATA[]]></system-err>
</testsuite>
