<?xml version="1.0" encoding="UTF-8"?>
<testsuite name="com.cedarsoft.serialization.stax.mate.test.RoomSerializerTest" tests="1" skipped="0" failures="0" errors="0" timestamp="2021-12-29T03:09:46" hostname="runner-ioxloixu-project-47-concurrent-0" time="0.045">
  <properties/>
  <testcase name="[1] entry=Entry{object=com.cedarsoft.serialization.stax.mate.test.Room@b9b4a72d}" classname="com.cedarsoft.serialization.stax.mate.test.RoomSerializerTest" time="0.045"/>
  <system-out><![CDATA[]]></system-out>
  <system-err><![CDATA[]]></system-err>
</testsuite>
