<?xml version="1.0" encoding="UTF-8"?>
<testsuite name="com.cedarsoft.serialization.stax.mate.test.StaxMateCommentsBugTest" tests="1" skipped="0" failures="0" errors="0" timestamp="2022-02-10T17:16:43" hostname="runner-ioxloixu-project-47-concurrent-1" time="0.013">
  <properties/>
  <testcase name="testManualWithComment()" classname="com.cedarsoft.serialization.stax.mate.test.StaxMateCommentsBugTest" time="0.013"/>
  <system-out><![CDATA[]]></system-out>
  <system-err><![CDATA[]]></system-err>
</testsuite>
