<?xml version="1.0" encoding="UTF-8"?>
<testsuite name="com.cedarsoft.serialization.stax.mate.test.FooTest" tests="2" skipped="0" failures="0" errors="0" timestamp="2021-11-20T03:09:55" hostname="runner-ioxloixu-project-47-concurrent-0" time="0.084">
  <properties/>
  <testcase name="[1] entry=Entry{object=com.cedarsoft.serialization.stax.mate.test.Foo@10e67967}" classname="com.cedarsoft.serialization.stax.mate.test.FooTest" time="0.048"/>
  <testcase name="[2] entry=Entry{object=com.cedarsoft.serialization.stax.mate.test.Foo@29c278fa}" classname="com.cedarsoft.serialization.stax.mate.test.FooTest" time="0.034"/>
  <system-out><![CDATA[]]></system-out>
  <system-err><![CDATA[]]></system-err>
</testsuite>
