<?xml version="1.0" encoding="UTF-8"?>
<testsuite name="com.cedarsoft.serialization.stax.mate.test.FooTest" tests="2" skipped="0" failures="0" errors="0" timestamp="2021-02-21T03:22:32" hostname="runner-pgnkb89--project-47-concurrent-0" time="0.114">
  <properties/>
  <testcase name="[1] entry=Entry{object=com.cedarsoft.serialization.stax.mate.test.Foo@2fffff3b}" classname="com.cedarsoft.serialization.stax.mate.test.FooTest" time="0.04"/>
  <testcase name="[2] entry=Entry{object=com.cedarsoft.serialization.stax.mate.test.Foo@6fa6858c}" classname="com.cedarsoft.serialization.stax.mate.test.FooTest" time="0.062"/>
  <system-out><![CDATA[]]></system-out>
  <system-err><![CDATA[]]></system-err>
</testsuite>
