<?xml version="1.0" encoding="UTF-8"?>
<testsuite name="com.cedarsoft.serialization.stax.mate.test.DelegatesTest" tests="2" skipped="0" failures="0" errors="0" timestamp="2021-03-07T03:06:39" hostname="runner-pgnkb89--project-47-concurrent-0" time="0.681">
  <properties/>
  <testcase name="testVisualize()" classname="com.cedarsoft.serialization.stax.mate.test.DelegatesTest" time="0.576"/>
  <testcase name="testSimple()" classname="com.cedarsoft.serialization.stax.mate.test.DelegatesTest" time="0.104"/>
  <system-out><![CDATA[]]></system-out>
  <system-err><![CDATA[]]></system-err>
</testsuite>
