<?xml version="1.0" encoding="UTF-8"?>
<testsuite name="com.cedarsoft.serialization.stax.mate.test.FooTest" tests="2" skipped="0" failures="0" errors="0" timestamp="2021-07-21T02:09:13" hostname="runner-kggansxr-project-47-concurrent-0" time="0.794">
  <properties/>
  <testcase name="[1] entry=Entry{object=com.cedarsoft.serialization.stax.mate.test.Foo@113e4ecd}" classname="com.cedarsoft.serialization.stax.mate.test.FooTest" time="0.662"/>
  <testcase name="[2] entry=Entry{object=com.cedarsoft.serialization.stax.mate.test.Foo@84649e5f}" classname="com.cedarsoft.serialization.stax.mate.test.FooTest" time="0.13"/>
  <system-out><![CDATA[]]></system-out>
  <system-err><![CDATA[]]></system-err>
</testsuite>
