<?xml version="1.0" encoding="UTF-8"?>
<testsuite name="com.cedarsoft.serialization.stax.mate.primitives.IntegerSerializerTest" tests="5" skipped="0" failures="0" errors="0" timestamp="2021-12-06T03:10:24" hostname="runner-cs1zem-v-project-47-concurrent-0" time="0.167">
  <properties/>
  <testcase name="[1] entry=Entry{object=123}" classname="com.cedarsoft.serialization.stax.mate.primitives.IntegerSerializerTest" time="0.035"/>
  <testcase name="[2] entry=Entry{object=-123}" classname="com.cedarsoft.serialization.stax.mate.primitives.IntegerSerializerTest" time="0.032"/>
  <testcase name="[3] entry=Entry{object=2147483647}" classname="com.cedarsoft.serialization.stax.mate.primitives.IntegerSerializerTest" time="0.042"/>
  <testcase name="[4] entry=Entry{object=-2147483648}" classname="com.cedarsoft.serialization.stax.mate.primitives.IntegerSerializerTest" time="0.034"/>
  <testcase name="testNotClose()" classname="com.cedarsoft.serialization.stax.mate.primitives.IntegerSerializerTest" time="0.003"/>
  <system-out><![CDATA[]]></system-out>
  <system-err><![CDATA[]]></system-err>
</testsuite>
