<?xml version="1.0" encoding="UTF-8"?>
<testsuite name="com.cedarsoft.serialization.stax.mate.StaxMateTest" tests="4" skipped="0" failures="0" errors="0" timestamp="2021-11-03T03:06:24" hostname="runner-cs1zem-v-project-47-concurrent-0" time="0.106">
  <properties/>
  <testcase name="testProcssingInstructions()" classname="com.cedarsoft.serialization.stax.mate.StaxMateTest" time="0.038"/>
  <testcase name="testStaxMateJson()" classname="com.cedarsoft.serialization.stax.mate.StaxMateTest" time="0.022"/>
  <testcase name="testStaxMateRead()" classname="com.cedarsoft.serialization.stax.mate.StaxMateTest" time="0.004"/>
  <testcase name="testStaxMate()" classname="com.cedarsoft.serialization.stax.mate.StaxMateTest" time="0.019"/>
  <system-out><![CDATA[]]></system-out>
  <system-err><![CDATA[]]></system-err>
</testsuite>
