<?xml version="1.0" encoding="UTF-8"?>
<testsuite name="com.cedarsoft.serialization.stax.mate.StaxMateCollectionSerializerTest" tests="1" skipped="0" failures="0" errors="0" timestamp="2021-03-21T03:07:33" hostname="runner-kggansxr-project-47-concurrent-0" time="0.093">
  <properties/>
  <testcase name="[1] entry=Entry{object=[1, 2, 3]}" classname="com.cedarsoft.serialization.stax.mate.StaxMateCollectionSerializerTest" time="0.093"/>
  <system-out><![CDATA[]]></system-out>
  <system-err><![CDATA[]]></system-err>
</testsuite>
