<?xml version="1.0" encoding="UTF-8"?>
<testsuite name="com.cedarsoft.serialization.stax.mate.StaxMateNameSpaceTest" tests="1" skipped="0" failures="0" errors="0" timestamp="2021-04-02T02:07:42" hostname="runner-kggansxr-project-47-concurrent-0" time="0.08">
  <properties/>
  <testcase name="testBasic()" classname="com.cedarsoft.serialization.stax.mate.StaxMateNameSpaceTest" time="0.08"/>
  <system-out><![CDATA[]]></system-out>
  <system-err><![CDATA[]]></system-err>
</testsuite>
