<?xml version="1.0" encoding="UTF-8"?>
<testsuite name="com.cedarsoft.serialization.stax.mate.test.StaxMateCommentsBugTest" tests="1" skipped="0" failures="0" errors="0" timestamp="2021-05-26T02:07:07" hostname="runner-cs1zem-v-project-47-concurrent-0" time="0.016">
  <properties/>
  <testcase name="testManualWithComment()" classname="com.cedarsoft.serialization.stax.mate.test.StaxMateCommentsBugTest" time="0.016"/>
  <system-out><![CDATA[]]></system-out>
  <system-err><![CDATA[]]></system-err>
</testsuite>
