<?xml version="1.0" encoding="UTF-8"?>
<testsuite name="com.cedarsoft.serialization.stax.mate.test.FooTest" tests="2" skipped="0" failures="0" errors="0" timestamp="2021-02-15T19:15:41" hostname="runner-kggansxr-project-47-concurrent-0" time="1.001">
  <properties/>
  <testcase name="[1] entry=Entry{object=com.cedarsoft.serialization.stax.mate.test.Foo@d7fc4f90}" classname="com.cedarsoft.serialization.stax.mate.test.FooTest" time="0.887"/>
  <testcase name="[2] entry=Entry{object=com.cedarsoft.serialization.stax.mate.test.Foo@6584f5a}" classname="com.cedarsoft.serialization.stax.mate.test.FooTest" time="0.076"/>
  <system-out><![CDATA[]]></system-out>
  <system-err><![CDATA[]]></system-err>
</testsuite>
