<?xml version="1.0" encoding="UTF-8"?>
<testsuite name="com.cedarsoft.serialization.stax.mate.test.BallSerializerTest" tests="4" skipped="0" failures="0" errors="0" timestamp="2021-05-17T02:09:07" hostname="runner-kggansxr-project-47-concurrent-0" time="0.224">
  <properties/>
  <testcase name="[1] entry=Entry{object=com.cedarsoft.serialization.stax.mate.test.Ball$TennisBall@7}" classname="com.cedarsoft.serialization.stax.mate.test.BallSerializerTest" time="0.057"/>
  <testcase name="[2] entry=Entry{object=com.cedarsoft.serialization.stax.mate.test.Ball$BasketBall@2dd434}" classname="com.cedarsoft.serialization.stax.mate.test.BallSerializerTest" time="0.043"/>
  <testcase name="testVersion()" classname="com.cedarsoft.serialization.stax.mate.test.BallSerializerTest" time="0.002"/>
  <testcase name="testAsccii()" classname="com.cedarsoft.serialization.stax.mate.test.BallSerializerTest" time="0.104"/>
  <system-out><![CDATA[]]></system-out>
  <system-err><![CDATA[]]></system-err>
</testsuite>
