<?xml version="1.0" encoding="UTF-8"?>
<testsuite name="com.cedarsoft.serialization.stax.mate.test.BallSerializerVersionTest" tests="4" skipped="0" failures="0" errors="0" timestamp="2021-06-05T02:08:37" hostname="runner-kggansxr-project-47-concurrent-0" time="1.132">
  <properties/>
  <testcase name="[1] entry=com.cedarsoft.serialization.test.utils.AbstractXmlVersionTest2$XmlVersionEntry@4738a12b" classname="com.cedarsoft.serialization.stax.mate.test.BallSerializerVersionTest" time="1.027"/>
  <testcase name="[2] entry=com.cedarsoft.serialization.test.utils.AbstractXmlVersionTest2$XmlVersionEntry@54da9632" classname="com.cedarsoft.serialization.stax.mate.test.BallSerializerVersionTest" time="0.034"/>
  <testcase name="[3] entry=com.cedarsoft.serialization.test.utils.AbstractXmlVersionTest2$XmlVersionEntry@426fbcbd" classname="com.cedarsoft.serialization.stax.mate.test.BallSerializerVersionTest" time="0.006"/>
  <testcase name="[4] entry=com.cedarsoft.serialization.test.utils.AbstractXmlVersionTest2$XmlVersionEntry@284b7c58" classname="com.cedarsoft.serialization.stax.mate.test.BallSerializerVersionTest" time="0.02"/>
  <system-out><![CDATA[]]></system-out>
  <system-err><![CDATA[]]></system-err>
</testsuite>
