<?xml version="1.0" encoding="UTF-8"?>
<testsuite name="com.cedarsoft.serialization.stax.mate.test.BallSerializerVersionTest" tests="4" skipped="0" failures="0" errors="0" timestamp="2021-06-17T02:08:51" hostname="runner-kggansxr-project-47-concurrent-0" time="0.726">
  <properties/>
  <testcase name="[1] entry=com.cedarsoft.serialization.test.utils.AbstractXmlVersionTest2$XmlVersionEntry@79751016" classname="com.cedarsoft.serialization.stax.mate.test.BallSerializerVersionTest" time="0.66"/>
  <testcase name="[2] entry=com.cedarsoft.serialization.test.utils.AbstractXmlVersionTest2$XmlVersionEntry@16272871" classname="com.cedarsoft.serialization.stax.mate.test.BallSerializerVersionTest" time="0.019"/>
  <testcase name="[3] entry=com.cedarsoft.serialization.test.utils.AbstractXmlVersionTest2$XmlVersionEntry@73f8e02f" classname="com.cedarsoft.serialization.stax.mate.test.BallSerializerVersionTest" time="0.006"/>
  <testcase name="[4] entry=com.cedarsoft.serialization.test.utils.AbstractXmlVersionTest2$XmlVersionEntry@26f91ce4" classname="com.cedarsoft.serialization.stax.mate.test.BallSerializerVersionTest" time="0.027"/>
  <system-out><![CDATA[]]></system-out>
  <system-err><![CDATA[]]></system-err>
</testsuite>
