<?xml version="1.0" encoding="UTF-8"?>
<testsuite name="com.cedarsoft.serialization.stax.mate.primitives.ByteSerializerTest" tests="5" skipped="0" failures="0" errors="0" timestamp="2022-02-10T17:16:41" hostname="runner-ioxloixu-project-47-concurrent-1" time="0.212">
  <properties/>
  <testcase name="[1] entry=Entry{object=123}" classname="com.cedarsoft.serialization.stax.mate.primitives.ByteSerializerTest" time="0.057"/>
  <testcase name="[2] entry=Entry{object=-123}" classname="com.cedarsoft.serialization.stax.mate.primitives.ByteSerializerTest" time="0.047"/>
  <testcase name="[3] entry=Entry{object=127}" classname="com.cedarsoft.serialization.stax.mate.primitives.ByteSerializerTest" time="0.044"/>
  <testcase name="[4] entry=Entry{object=-128}" classname="com.cedarsoft.serialization.stax.mate.primitives.ByteSerializerTest" time="0.04"/>
  <testcase name="testNotClose()" classname="com.cedarsoft.serialization.stax.mate.primitives.ByteSerializerTest" time="0.007"/>
  <system-out><![CDATA[]]></system-out>
  <system-err><![CDATA[]]></system-err>
</testsuite>
