<?xml version="1.0" encoding="UTF-8"?>
<testsuite name="com.cedarsoft.serialization.stax.mate.test.BallSerializerVersionTest" tests="4" skipped="0" failures="0" errors="0" timestamp="2021-03-01T03:23:03" hostname="runner-pgnkb89--project-47-concurrent-0" time="0.115">
  <properties/>
  <testcase name="[1] entry=com.cedarsoft.serialization.test.utils.AbstractXmlVersionTest2$XmlVersionEntry@2e90ea39" classname="com.cedarsoft.serialization.stax.mate.test.BallSerializerVersionTest" time="0.025"/>
  <testcase name="[2] entry=com.cedarsoft.serialization.test.utils.AbstractXmlVersionTest2$XmlVersionEntry@113c6dd6" classname="com.cedarsoft.serialization.stax.mate.test.BallSerializerVersionTest" time="0.042"/>
  <testcase name="[3] entry=com.cedarsoft.serialization.test.utils.AbstractXmlVersionTest2$XmlVersionEntry@6f678042" classname="com.cedarsoft.serialization.stax.mate.test.BallSerializerVersionTest" time="0.02"/>
  <testcase name="[4] entry=com.cedarsoft.serialization.test.utils.AbstractXmlVersionTest2$XmlVersionEntry@7c4e634e" classname="com.cedarsoft.serialization.stax.mate.test.BallSerializerVersionTest" time="0.005"/>
  <system-out><![CDATA[]]></system-out>
  <system-err><![CDATA[]]></system-err>
</testsuite>
