<?xml version="1.0" encoding="UTF-8"?>
<testsuite name="com.cedarsoft.serialization.stax.mate.StaxMateVersionTest" tests="3" skipped="0" failures="0" errors="0" timestamp="2021-07-15T02:06:34" hostname="runner-cs1zem-v-project-47-concurrent-0" time="0.055">
  <properties/>
  <testcase name="testNew()" classname="com.cedarsoft.serialization.stax.mate.StaxMateVersionTest" time="0.02"/>
  <testcase name="testOld()" classname="com.cedarsoft.serialization.stax.mate.StaxMateVersionTest" time="0.019"/>
  <testcase name="testVersionsFail()" classname="com.cedarsoft.serialization.stax.mate.StaxMateVersionTest" time="0.005"/>
  <system-out><![CDATA[]]></system-out>
  <system-err><![CDATA[]]></system-err>
</testsuite>
