<?xml version="1.0" encoding="UTF-8"?>
<testsuite name="com.cedarsoft.serialization.stax.mate.StaxMateCollectionSerializerTest" tests="1" skipped="0" failures="0" errors="0" timestamp="2021-02-03T03:22:28" hostname="runner-pgnkb89--project-47-concurrent-0" time="0.069">
  <properties/>
  <testcase name="[1] entry=Entry{object=[1, 2, 3]}" classname="com.cedarsoft.serialization.stax.mate.StaxMateCollectionSerializerTest" time="0.069"/>
  <system-out><![CDATA[]]></system-out>
  <system-err><![CDATA[]]></system-err>
</testsuite>
