<?xml version="1.0" encoding="UTF-8"?>
<testsuite name="com.cedarsoft.serialization.stax.mate.StaxMateTest" tests="4" skipped="0" failures="0" errors="0" timestamp="2021-09-18T02:06:33" hostname="runner-cs1zem-v-project-47-concurrent-0" time="0.102">
  <properties/>
  <testcase name="testProcssingInstructions()" classname="com.cedarsoft.serialization.stax.mate.StaxMateTest" time="0.028"/>
  <testcase name="testStaxMateJson()" classname="com.cedarsoft.serialization.stax.mate.StaxMateTest" time="0.042"/>
  <testcase name="testStaxMateRead()" classname="com.cedarsoft.serialization.stax.mate.StaxMateTest" time="0.004"/>
  <testcase name="testStaxMate()" classname="com.cedarsoft.serialization.stax.mate.StaxMateTest" time="0.026"/>
  <system-out><![CDATA[]]></system-out>
  <system-err><![CDATA[]]></system-err>
</testsuite>
