<?xml version="1.0" encoding="UTF-8"?>
<testsuite name="com.cedarsoft.serialization.stax.mate.StaxMateNameSpaceTest" tests="1" skipped="0" failures="0" errors="0" timestamp="2021-11-10T11:20:28" hostname="runner-ioxloixu-project-47-concurrent-0" time="0.03">
  <properties/>
  <testcase name="testBasic()" classname="com.cedarsoft.serialization.stax.mate.StaxMateNameSpaceTest" time="0.03"/>
  <system-out><![CDATA[]]></system-out>
  <system-err><![CDATA[]]></system-err>
</testsuite>
