<?xml version="1.0" encoding="UTF-8"?>
<testsuite name="com.cedarsoft.serialization.stax.mate.test.BallSerializerVersionTest" tests="4" skipped="0" failures="0" errors="0" timestamp="2021-05-03T02:06:28" hostname="runner-cs1zem-v-project-47-concurrent-0" time="0.069">
  <properties/>
  <testcase name="[1] entry=com.cedarsoft.serialization.test.utils.AbstractXmlVersionTest2$XmlVersionEntry@7b75d9b6" classname="com.cedarsoft.serialization.stax.mate.test.BallSerializerVersionTest" time="0.018"/>
  <testcase name="[2] entry=com.cedarsoft.serialization.test.utils.AbstractXmlVersionTest2$XmlVersionEntry@2121cad9" classname="com.cedarsoft.serialization.stax.mate.test.BallSerializerVersionTest" time="0.004"/>
  <testcase name="[3] entry=com.cedarsoft.serialization.test.utils.AbstractXmlVersionTest2$XmlVersionEntry@35449497" classname="com.cedarsoft.serialization.stax.mate.test.BallSerializerVersionTest" time="0.007"/>
  <testcase name="[4] entry=com.cedarsoft.serialization.test.utils.AbstractXmlVersionTest2$XmlVersionEntry@3f8353e" classname="com.cedarsoft.serialization.stax.mate.test.BallSerializerVersionTest" time="0.03"/>
  <system-out><![CDATA[]]></system-out>
  <system-err><![CDATA[]]></system-err>
</testsuite>
