<?xml version="1.0" encoding="UTF-8"?>
<testsuite name="com.cedarsoft.serialization.stax.mate.primitives.LongSerializerTest" tests="4" skipped="0" failures="0" errors="0" timestamp="2021-12-24T03:10:00" hostname="runner-ioxloixu-project-47-concurrent-0" time="0.112">
  <properties/>
  <testcase name="[1] entry=Entry{object=123}" classname="com.cedarsoft.serialization.stax.mate.primitives.LongSerializerTest" time="0.024"/>
  <testcase name="[2] entry=Entry{object=9223372036854775807}" classname="com.cedarsoft.serialization.stax.mate.primitives.LongSerializerTest" time="0.016"/>
  <testcase name="[3] entry=Entry{object=-9223372036854775808}" classname="com.cedarsoft.serialization.stax.mate.primitives.LongSerializerTest" time="0.069"/>
  <testcase name="testNotClose()" classname="com.cedarsoft.serialization.stax.mate.primitives.LongSerializerTest" time="0.001"/>
  <system-out><![CDATA[]]></system-out>
  <system-err><![CDATA[]]></system-err>
</testsuite>
