<?xml version="1.0" encoding="UTF-8"?>
<testsuite name="com.cedarsoft.serialization.stax.mate.DelegatingStaxMateSerializerTest" tests="3" skipped="0" failures="0" errors="0" timestamp="2022-02-01T03:10:02" hostname="runner-ioxloixu-project-47-concurrent-0" time="1.003">
  <properties/>
  <testcase name="[1] entry=Entry{object=1}" classname="com.cedarsoft.serialization.stax.mate.DelegatingStaxMateSerializerTest" time="0.926"/>
  <testcase name="testVis()" classname="com.cedarsoft.serialization.stax.mate.DelegatingStaxMateSerializerTest" time="0.011"/>
  <testcase name="testIt()" classname="com.cedarsoft.serialization.stax.mate.DelegatingStaxMateSerializerTest" time="0.056"/>
  <system-out><![CDATA[]]></system-out>
  <system-err><![CDATA[]]></system-err>
</testsuite>
