<?xml version="1.0" encoding="UTF-8"?>
<testsuite name="com.cedarsoft.serialization.stax.mate.test.FooTest" tests="2" skipped="0" failures="0" errors="0" timestamp="2021-03-04T03:06:51" hostname="runner-pgnkb89--project-47-concurrent-0" time="0.155">
  <properties/>
  <testcase name="[1] entry=Entry{object=com.cedarsoft.serialization.stax.mate.test.Foo@77302b2}" classname="com.cedarsoft.serialization.stax.mate.test.FooTest" time="0.098"/>
  <testcase name="[2] entry=Entry{object=com.cedarsoft.serialization.stax.mate.test.Foo@229fe345}" classname="com.cedarsoft.serialization.stax.mate.test.FooTest" time="0.041"/>
  <system-out><![CDATA[]]></system-out>
  <system-err><![CDATA[]]></system-err>
</testsuite>
