<?xml version="1.0" encoding="UTF-8"?>
<testsuite name="com.cedarsoft.serialization.stax.mate.ComplexStaxMateSerializerTest" tests="1" skipped="0" failures="0" errors="0" timestamp="2021-02-10T03:23:02" hostname="runner-pgnkb89--project-47-concurrent-0" time="0.039">
  <properties/>
  <testcase name="[1] entry=Entry{object=asdf}" classname="com.cedarsoft.serialization.stax.mate.ComplexStaxMateSerializerTest" time="0.039"/>
  <system-out><![CDATA[]]></system-out>
  <system-err><![CDATA[]]></system-err>
</testsuite>
