<?xml version="1.0" encoding="UTF-8"?>
<testsuite name="com.cedarsoft.serialization.stax.mate.test.FooTest" tests="2" skipped="0" failures="0" errors="0" timestamp="2021-07-26T02:09:42" hostname="runner-kggansxr-project-47-concurrent-0" time="1.179">
  <properties/>
  <testcase name="[1] entry=Entry{object=com.cedarsoft.serialization.stax.mate.test.Foo@2c93e7f6}" classname="com.cedarsoft.serialization.stax.mate.test.FooTest" time="1.03"/>
  <testcase name="[2] entry=Entry{object=com.cedarsoft.serialization.stax.mate.test.Foo@441200ac}" classname="com.cedarsoft.serialization.stax.mate.test.FooTest" time="0.138"/>
  <system-out><![CDATA[]]></system-out>
  <system-err><![CDATA[]]></system-err>
</testsuite>
