<?xml version="1.0" encoding="UTF-8"?>
<testsuite name="com.cedarsoft.serialization.stax.mate.StaxMateMultiNamespaceTest" tests="2" skipped="0" failures="0" errors="0" timestamp="2021-05-04T02:06:25" hostname="runner-cs1zem-v-project-47-concurrent-0" time="0.491">
  <properties/>
  <testcase name="testNs2()" classname="com.cedarsoft.serialization.stax.mate.StaxMateMultiNamespaceTest" time="0.489"/>
  <testcase name="testNs()" classname="com.cedarsoft.serialization.stax.mate.StaxMateMultiNamespaceTest" time="0.001"/>
  <system-out><![CDATA[]]></system-out>
  <system-err><![CDATA[]]></system-err>
</testsuite>
