<?xml version="1.0" encoding="UTF-8"?>
<testsuite name="com.cedarsoft.serialization.stax.mate.DelegatingStaxMateSerializerTest" tests="3" skipped="0" failures="0" errors="0" timestamp="2021-07-26T02:09:45" hostname="runner-kggansxr-project-47-concurrent-0" time="0.201">
  <properties/>
  <testcase name="[1] entry=Entry{object=1}" classname="com.cedarsoft.serialization.stax.mate.DelegatingStaxMateSerializerTest" time="0.091"/>
  <testcase name="testVis()" classname="com.cedarsoft.serialization.stax.mate.DelegatingStaxMateSerializerTest" time="0.027"/>
  <testcase name="testIt()" classname="com.cedarsoft.serialization.stax.mate.DelegatingStaxMateSerializerTest" time="0.062"/>
  <system-out><![CDATA[]]></system-out>
  <system-err><![CDATA[]]></system-err>
</testsuite>
