<?xml version="1.0" encoding="UTF-8"?>
<testsuite name="com.cedarsoft.serialization.stax.mate.test.FooTest" tests="2" skipped="0" failures="0" errors="0" timestamp="2021-02-07T03:24:03" hostname="runner-kggansxr-project-47-concurrent-0" time="1.045">
  <properties/>
  <testcase name="[1] entry=Entry{object=com.cedarsoft.serialization.stax.mate.test.Foo@c15080a9}" classname="com.cedarsoft.serialization.stax.mate.test.FooTest" time="0.922"/>
  <testcase name="[2] entry=Entry{object=com.cedarsoft.serialization.stax.mate.test.Foo@68b1e942}" classname="com.cedarsoft.serialization.stax.mate.test.FooTest" time="0.117"/>
  <system-out><![CDATA[]]></system-out>
  <system-err><![CDATA[]]></system-err>
</testsuite>
