<?xml version="1.0" encoding="UTF-8"?>
<testsuite name="com.cedarsoft.serialization.stax.mate.test.FooTest" tests="2" skipped="0" failures="0" errors="0" timestamp="2021-06-20T02:08:55" hostname="runner-kggansxr-project-47-concurrent-0" time="1.079">
  <properties/>
  <testcase name="[1] entry=Entry{object=com.cedarsoft.serialization.stax.mate.test.Foo@b9d83c69}" classname="com.cedarsoft.serialization.stax.mate.test.FooTest" time="0.92"/>
  <testcase name="[2] entry=Entry{object=com.cedarsoft.serialization.stax.mate.test.Foo@2d207424}" classname="com.cedarsoft.serialization.stax.mate.test.FooTest" time="0.157"/>
  <system-out><![CDATA[]]></system-out>
  <system-err><![CDATA[]]></system-err>
</testsuite>
