<?xml version="1.0" encoding="UTF-8"?>
<testsuite name="com.cedarsoft.serialization.stax.mate.test.FooTest" tests="2" skipped="0" failures="0" errors="0" timestamp="2021-08-24T02:06:04" hostname="runner-cs1zem-v-project-47-concurrent-0" time="0.073">
  <properties/>
  <testcase name="[1] entry=Entry{object=com.cedarsoft.serialization.stax.mate.test.Foo@275e343a}" classname="com.cedarsoft.serialization.stax.mate.test.FooTest" time="0.046"/>
  <testcase name="[2] entry=Entry{object=com.cedarsoft.serialization.stax.mate.test.Foo@684dd7eb}" classname="com.cedarsoft.serialization.stax.mate.test.FooTest" time="0.026"/>
  <system-out><![CDATA[]]></system-out>
  <system-err><![CDATA[]]></system-err>
</testsuite>
