<?xml version="1.0" encoding="UTF-8"?>
<testsuite name="com.cedarsoft.serialization.stax.mate.test.BallSerializerVersionTest" tests="4" skipped="0" failures="0" errors="0" timestamp="2022-01-17T03:10:04" hostname="runner-ioxloixu-project-47-concurrent-0" time="0.012">
  <properties/>
  <testcase name="[1] entry=com.cedarsoft.serialization.test.utils.AbstractXmlVersionTest2$XmlVersionEntry@501b296a" classname="com.cedarsoft.serialization.stax.mate.test.BallSerializerVersionTest" time="0.004"/>
  <testcase name="[2] entry=com.cedarsoft.serialization.test.utils.AbstractXmlVersionTest2$XmlVersionEntry@34588991" classname="com.cedarsoft.serialization.stax.mate.test.BallSerializerVersionTest" time="0.002"/>
  <testcase name="[3] entry=com.cedarsoft.serialization.test.utils.AbstractXmlVersionTest2$XmlVersionEntry@5e25085" classname="com.cedarsoft.serialization.stax.mate.test.BallSerializerVersionTest" time="0.001"/>
  <testcase name="[4] entry=com.cedarsoft.serialization.test.utils.AbstractXmlVersionTest2$XmlVersionEntry@45b2d17b" classname="com.cedarsoft.serialization.stax.mate.test.BallSerializerVersionTest" time="0.002"/>
  <system-out><![CDATA[]]></system-out>
  <system-err><![CDATA[]]></system-err>
</testsuite>
