<?xml version="1.0" encoding="UTF-8"?>
<testsuite name="com.cedarsoft.serialization.stax.mate.primitives.NumberSerializerTest" tests="6" skipped="0" failures="0" errors="0" timestamp="2021-11-21T03:09:29" hostname="runner-ioxloixu-project-47-concurrent-0" time="0.252">
  <properties/>
  <testcase name="[1] entry=Entry{object=123}" classname="com.cedarsoft.serialization.stax.mate.primitives.NumberSerializerTest" time="0.073"/>
  <testcase name="[2] entry=Entry{object=123.5}" classname="com.cedarsoft.serialization.stax.mate.primitives.NumberSerializerTest" time="0.039"/>
  <testcase name="[3] entry=Entry{object=-123.5}" classname="com.cedarsoft.serialization.stax.mate.primitives.NumberSerializerTest" time="0.047"/>
  <testcase name="[4] entry=Entry{object=1.7976931348623157E308}" classname="com.cedarsoft.serialization.stax.mate.primitives.NumberSerializerTest" time="0.043"/>
  <testcase name="[5] entry=Entry{object=-1.7976931348623157E308}" classname="com.cedarsoft.serialization.stax.mate.primitives.NumberSerializerTest" time="0.028"/>
  <testcase name="testNotClose()" classname="com.cedarsoft.serialization.stax.mate.primitives.NumberSerializerTest" time="0.002"/>
  <system-out><![CDATA[]]></system-out>
  <system-err><![CDATA[]]></system-err>
</testsuite>
