<?xml version="1.0" encoding="UTF-8"?>
<testsuite name="com.cedarsoft.serialization.stax.mate.test.FooTest" tests="2" skipped="0" failures="0" errors="0" timestamp="2021-06-23T02:06:14" hostname="runner-cs1zem-v-project-47-concurrent-0" time="0.136">
  <properties/>
  <testcase name="[1] entry=Entry{object=com.cedarsoft.serialization.stax.mate.test.Foo@28b3cc3c}" classname="com.cedarsoft.serialization.stax.mate.test.FooTest" time="0.048"/>
  <testcase name="[2] entry=Entry{object=com.cedarsoft.serialization.stax.mate.test.Foo@7424aa68}" classname="com.cedarsoft.serialization.stax.mate.test.FooTest" time="0.081"/>
  <system-out><![CDATA[]]></system-out>
  <system-err><![CDATA[]]></system-err>
</testsuite>
