<?xml version="1.0" encoding="UTF-8"?>
<testsuite name="com.cedarsoft.serialization.stax.mate.test.DelegatesTest" tests="2" skipped="0" failures="0" errors="0" timestamp="2021-04-02T02:07:40" hostname="runner-kggansxr-project-47-concurrent-0" time="0.509">
  <properties/>
  <testcase name="testVisualize()" classname="com.cedarsoft.serialization.stax.mate.test.DelegatesTest" time="0.416"/>
  <testcase name="testSimple()" classname="com.cedarsoft.serialization.stax.mate.test.DelegatesTest" time="0.091"/>
  <system-out><![CDATA[]]></system-out>
  <system-err><![CDATA[]]></system-err>
</testsuite>
