<?xml version="1.0" encoding="UTF-8"?>
<testsuite name="com.cedarsoft.serialization.stax.mate.primitives.LongSerializerTest" tests="4" skipped="0" failures="0" errors="0" timestamp="2021-08-09T02:10:37" hostname="runner-kggansxr-project-47-concurrent-0" time="0.221">
  <properties/>
  <testcase name="[1] entry=Entry{object=123}" classname="com.cedarsoft.serialization.stax.mate.primitives.LongSerializerTest" time="0.074"/>
  <testcase name="[2] entry=Entry{object=9223372036854775807}" classname="com.cedarsoft.serialization.stax.mate.primitives.LongSerializerTest" time="0.075"/>
  <testcase name="[3] entry=Entry{object=-9223372036854775808}" classname="com.cedarsoft.serialization.stax.mate.primitives.LongSerializerTest" time="0.04"/>
  <testcase name="testNotClose()" classname="com.cedarsoft.serialization.stax.mate.primitives.LongSerializerTest" time="0.003"/>
  <system-out><![CDATA[]]></system-out>
  <system-err><![CDATA[]]></system-err>
</testsuite>
