<?xml version="1.0" encoding="UTF-8"?>
<testsuite name="com.cedarsoft.serialization.stax.mate.primitives.DoubleSerializerTest" tests="6" skipped="0" failures="0" errors="0" timestamp="2021-09-23T02:06:14" hostname="runner-cs1zem-v-project-47-concurrent-0" time="0.302">
  <properties/>
  <testcase name="[1] entry=Entry{object=123.0}" classname="com.cedarsoft.serialization.stax.mate.primitives.DoubleSerializerTest" time="0.072"/>
  <testcase name="[2] entry=Entry{object=123.5}" classname="com.cedarsoft.serialization.stax.mate.primitives.DoubleSerializerTest" time="0.06"/>
  <testcase name="[3] entry=Entry{object=-123.5}" classname="com.cedarsoft.serialization.stax.mate.primitives.DoubleSerializerTest" time="0.052"/>
  <testcase name="[4] entry=Entry{object=1.7976931348623157E308}" classname="com.cedarsoft.serialization.stax.mate.primitives.DoubleSerializerTest" time="0.017"/>
  <testcase name="[5] entry=Entry{object=-1.7976931348623157E308}" classname="com.cedarsoft.serialization.stax.mate.primitives.DoubleSerializerTest" time="0.065"/>
  <testcase name="testNotClose()" classname="com.cedarsoft.serialization.stax.mate.primitives.DoubleSerializerTest" time="0.002"/>
  <system-out><![CDATA[]]></system-out>
  <system-err><![CDATA[]]></system-err>
</testsuite>
