<?xml version="1.0" encoding="UTF-8"?>
<testsuite name="com.cedarsoft.serialization.stax.mate.test.FooTest" tests="2" skipped="0" failures="0" errors="0" timestamp="2021-02-05T03:21:10" hostname="runner-cs1zem-v-project-47-concurrent-0" time="0.097">
  <properties/>
  <testcase name="[1] entry=Entry{object=com.cedarsoft.serialization.stax.mate.test.Foo@beaa8839}" classname="com.cedarsoft.serialization.stax.mate.test.FooTest" time="0.082"/>
  <testcase name="[2] entry=Entry{object=com.cedarsoft.serialization.stax.mate.test.Foo@7d4ac549}" classname="com.cedarsoft.serialization.stax.mate.test.FooTest" time="0.014"/>
  <system-out><![CDATA[]]></system-out>
  <system-err><![CDATA[]]></system-err>
</testsuite>
