<?xml version="1.0" encoding="UTF-8"?>
<testsuite name="com.cedarsoft.serialization.stax.mate.test.FooTest" tests="2" skipped="0" failures="0" errors="0" timestamp="2021-02-09T03:22:57" hostname="runner-pgnkb89--project-47-concurrent-0" time="0.109">
  <properties/>
  <testcase name="[1] entry=Entry{object=com.cedarsoft.serialization.stax.mate.test.Foo@ef7a40c5}" classname="com.cedarsoft.serialization.stax.mate.test.FooTest" time="0.07"/>
  <testcase name="[2] entry=Entry{object=com.cedarsoft.serialization.stax.mate.test.Foo@6ac29664}" classname="com.cedarsoft.serialization.stax.mate.test.FooTest" time="0.037"/>
  <system-out><![CDATA[]]></system-out>
  <system-err><![CDATA[]]></system-err>
</testsuite>
