<?xml version="1.0" encoding="UTF-8"?>
<testsuite name="com.cedarsoft.serialization.stax.mate.StaxMateTest" tests="4" skipped="0" failures="0" errors="0" timestamp="2021-12-25T03:10:17" hostname="runner-ioxloixu-project-47-concurrent-0" time="0.147">
  <properties/>
  <testcase name="testProcssingInstructions()" classname="com.cedarsoft.serialization.stax.mate.StaxMateTest" time="0.068"/>
  <testcase name="testStaxMateJson()" classname="com.cedarsoft.serialization.stax.mate.StaxMateTest" time="0.018"/>
  <testcase name="testStaxMateRead()" classname="com.cedarsoft.serialization.stax.mate.StaxMateTest" time="0.002"/>
  <testcase name="testStaxMate()" classname="com.cedarsoft.serialization.stax.mate.StaxMateTest" time="0.04"/>
  <system-out><![CDATA[]]></system-out>
  <system-err><![CDATA[]]></system-err>
</testsuite>
