<?xml version="1.0" encoding="UTF-8"?>
<testsuite name="com.cedarsoft.serialization.stax.mate.test.WindowSerializerTest" tests="1" skipped="0" failures="0" errors="0" timestamp="2021-12-03T03:09:51" hostname="runner-ioxloixu-project-47-concurrent-0" time="0.025">
  <properties/>
  <testcase name="[1] entry=Entry{object=com.cedarsoft.serialization.stax.mate.test.Window@43ca927f}" classname="com.cedarsoft.serialization.stax.mate.test.WindowSerializerTest" time="0.025"/>
  <system-out><![CDATA[]]></system-out>
  <system-err><![CDATA[]]></system-err>
</testsuite>
