<?xml version="1.0" encoding="UTF-8"?>
<testsuite name="com.cedarsoft.serialization.stax.mate.StaxMateVersionTest" tests="3" skipped="0" failures="0" errors="0" timestamp="2021-11-24T03:10:04" hostname="runner-ioxloixu-project-47-concurrent-0" time="0.031">
  <properties/>
  <testcase name="testNew()" classname="com.cedarsoft.serialization.stax.mate.StaxMateVersionTest" time="0.011"/>
  <testcase name="testOld()" classname="com.cedarsoft.serialization.stax.mate.StaxMateVersionTest" time="0.019"/>
  <testcase name="testVersionsFail()" classname="com.cedarsoft.serialization.stax.mate.StaxMateVersionTest" time="0.001"/>
  <system-out><![CDATA[]]></system-out>
  <system-err><![CDATA[]]></system-err>
</testsuite>
