<?xml version="1.0" encoding="UTF-8"?>
<testsuite name="com.cedarsoft.serialization.stax.mate.test.DelegatesTest" tests="2" skipped="0" failures="0" errors="0" timestamp="2021-06-23T02:06:14" hostname="runner-cs1zem-v-project-47-concurrent-0" time="0.466">
  <properties/>
  <testcase name="testVisualize()" classname="com.cedarsoft.serialization.stax.mate.test.DelegatesTest" time="0.418"/>
  <testcase name="testSimple()" classname="com.cedarsoft.serialization.stax.mate.test.DelegatesTest" time="0.046"/>
  <system-out><![CDATA[]]></system-out>
  <system-err><![CDATA[]]></system-err>
</testsuite>
