<?xml version="1.0" encoding="UTF-8"?>
<testsuite name="com.cedarsoft.serialization.stax.mate.test.WindowSerializerNamespaceSkipTest" tests="1" skipped="0" failures="0" errors="0" timestamp="2021-02-04T03:22:11" hostname="runner-pgnkb89--project-47-concurrent-0" time="0.006">
  <properties/>
  <testcase name="testIt()" classname="com.cedarsoft.serialization.stax.mate.test.WindowSerializerNamespaceSkipTest" time="0.006"/>
  <system-out><![CDATA[]]></system-out>
  <system-err><![CDATA[]]></system-err>
</testsuite>
