<?xml version="1.0" encoding="UTF-8"?>
<testsuite name="com.cedarsoft.serialization.stax.mate.test.FooTest" tests="2" skipped="0" failures="0" errors="0" timestamp="2021-02-02T03:22:22" hostname="runner-pgnkb89--project-47-concurrent-0" time="0.197">
  <properties/>
  <testcase name="[1] entry=Entry{object=com.cedarsoft.serialization.stax.mate.test.Foo@1158cfb4}" classname="com.cedarsoft.serialization.stax.mate.test.FooTest" time="0.099"/>
  <testcase name="[2] entry=Entry{object=com.cedarsoft.serialization.stax.mate.test.Foo@ca90c67}" classname="com.cedarsoft.serialization.stax.mate.test.FooTest" time="0.058"/>
  <system-out><![CDATA[]]></system-out>
  <system-err><![CDATA[]]></system-err>
</testsuite>
