<?xml version="1.0" encoding="UTF-8"?>
<testsuite name="com.cedarsoft.serialization.stax.mate.primitives.BooleanSerializerTest" tests="3" skipped="0" failures="0" errors="0" timestamp="2021-02-26T03:21:58" hostname="runner-cs1zem-v-project-47-concurrent-0" time="0.212">
  <properties/>
  <testcase name="[1] entry=Entry{object=true}" classname="com.cedarsoft.serialization.stax.mate.primitives.BooleanSerializerTest" time="0.136"/>
  <testcase name="[2] entry=Entry{object=false}" classname="com.cedarsoft.serialization.stax.mate.primitives.BooleanSerializerTest" time="0.064"/>
  <testcase name="testNotClose()" classname="com.cedarsoft.serialization.stax.mate.primitives.BooleanSerializerTest" time="0.001"/>
  <system-out><![CDATA[]]></system-out>
  <system-err><![CDATA[]]></system-err>
</testsuite>
