<?xml version="1.0" encoding="UTF-8"?>
<testsuite name="com.cedarsoft.serialization.stax.mate.primitives.IntegerSerializerTest" tests="5" skipped="0" failures="0" errors="0" timestamp="2021-10-10T02:06:09" hostname="runner-cs1zem-v-project-47-concurrent-0" time="0.253">
  <properties/>
  <testcase name="[1] entry=Entry{object=123}" classname="com.cedarsoft.serialization.stax.mate.primitives.IntegerSerializerTest" time="0.076"/>
  <testcase name="[2] entry=Entry{object=-123}" classname="com.cedarsoft.serialization.stax.mate.primitives.IntegerSerializerTest" time="0.058"/>
  <testcase name="[3] entry=Entry{object=2147483647}" classname="com.cedarsoft.serialization.stax.mate.primitives.IntegerSerializerTest" time="0.037"/>
  <testcase name="[4] entry=Entry{object=-2147483648}" classname="com.cedarsoft.serialization.stax.mate.primitives.IntegerSerializerTest" time="0.017"/>
  <testcase name="testNotClose()" classname="com.cedarsoft.serialization.stax.mate.primitives.IntegerSerializerTest" time="0.002"/>
  <system-out><![CDATA[]]></system-out>
  <system-err><![CDATA[]]></system-err>
</testsuite>
