<?xml version="1.0" encoding="UTF-8"?>
<testsuite name="com.cedarsoft.serialization.stax.mate.test.FooTest" tests="2" skipped="0" failures="0" errors="0" timestamp="2021-03-01T03:23:03" hostname="runner-pgnkb89--project-47-concurrent-0" time="0.235">
  <properties/>
  <testcase name="[1] entry=Entry{object=com.cedarsoft.serialization.stax.mate.test.Foo@e733133e}" classname="com.cedarsoft.serialization.stax.mate.test.FooTest" time="0.099"/>
  <testcase name="[2] entry=Entry{object=com.cedarsoft.serialization.stax.mate.test.Foo@59916513}" classname="com.cedarsoft.serialization.stax.mate.test.FooTest" time="0.122"/>
  <system-out><![CDATA[]]></system-out>
  <system-err><![CDATA[]]></system-err>
</testsuite>
