<?xml version="1.0" encoding="UTF-8"?>
<testsuite name="com.cedarsoft.serialization.stax.mate.StaxMateVersionTest" tests="3" skipped="0" failures="0" errors="0" timestamp="2021-12-16T03:11:13" hostname="runner-cs1zem-v-project-47-concurrent-0" time="0.029">
  <properties/>
  <testcase name="testNew()" classname="com.cedarsoft.serialization.stax.mate.StaxMateVersionTest" time="0.011"/>
  <testcase name="testOld()" classname="com.cedarsoft.serialization.stax.mate.StaxMateVersionTest" time="0.013"/>
  <testcase name="testVersionsFail()" classname="com.cedarsoft.serialization.stax.mate.StaxMateVersionTest" time="0.003"/>
  <system-out><![CDATA[]]></system-out>
  <system-err><![CDATA[]]></system-err>
</testsuite>
