<?xml version="1.0" encoding="UTF-8"?>
<testsuite name="com.cedarsoft.serialization.stax.mate.test.BallSerializerVersionTest" tests="4" skipped="0" failures="0" errors="0" timestamp="2021-07-19T02:06:28" hostname="runner-cs1zem-v-project-47-concurrent-0" time="0.128">
  <properties/>
  <testcase name="[1] entry=com.cedarsoft.serialization.test.utils.AbstractXmlVersionTest2$XmlVersionEntry@412f225c" classname="com.cedarsoft.serialization.stax.mate.test.BallSerializerVersionTest" time="0.005"/>
  <testcase name="[2] entry=com.cedarsoft.serialization.test.utils.AbstractXmlVersionTest2$XmlVersionEntry@3d75830b" classname="com.cedarsoft.serialization.stax.mate.test.BallSerializerVersionTest" time="0.018"/>
  <testcase name="[3] entry=com.cedarsoft.serialization.test.utils.AbstractXmlVersionTest2$XmlVersionEntry@3d28ece1" classname="com.cedarsoft.serialization.stax.mate.test.BallSerializerVersionTest" time="0.048"/>
  <testcase name="[4] entry=com.cedarsoft.serialization.test.utils.AbstractXmlVersionTest2$XmlVersionEntry@73dd2f11" classname="com.cedarsoft.serialization.stax.mate.test.BallSerializerVersionTest" time="0.004"/>
  <system-out><![CDATA[]]></system-out>
  <system-err><![CDATA[]]></system-err>
</testsuite>
