<?xml version="1.0" encoding="UTF-8"?>
<testsuite name="com.cedarsoft.serialization.stax.mate.StaxMateCollectionSerializerTest" tests="1" skipped="0" failures="0" errors="0" timestamp="2021-08-17T02:06:08" hostname="runner-cs1zem-v-project-47-concurrent-0" time="0.026">
  <properties/>
  <testcase name="[1] entry=Entry{object=[1, 2, 3]}" classname="com.cedarsoft.serialization.stax.mate.StaxMateCollectionSerializerTest" time="0.026"/>
  <system-out><![CDATA[]]></system-out>
  <system-err><![CDATA[]]></system-err>
</testsuite>
