<?xml version="1.0" encoding="UTF-8"?>
<testsuite name="com.cedarsoft.serialization.stax.mate.test.FooTest" tests="2" skipped="0" failures="0" errors="0" timestamp="2021-05-17T02:09:01" hostname="runner-kggansxr-project-47-concurrent-0" time="0.84">
  <properties/>
  <testcase name="[1] entry=Entry{object=com.cedarsoft.serialization.stax.mate.test.Foo@ef69fcaa}" classname="com.cedarsoft.serialization.stax.mate.test.FooTest" time="0.753"/>
  <testcase name="[2] entry=Entry{object=com.cedarsoft.serialization.stax.mate.test.Foo@5b206ea2}" classname="com.cedarsoft.serialization.stax.mate.test.FooTest" time="0.072"/>
  <system-out><![CDATA[]]></system-out>
  <system-err><![CDATA[]]></system-err>
</testsuite>
