<?xml version="1.0" encoding="UTF-8"?>
<testsuite name="com.cedarsoft.serialization.stax.mate.primitives.BooleanSerializerTest" tests="3" skipped="0" failures="0" errors="0" timestamp="2022-02-01T03:10:03" hostname="runner-ioxloixu-project-47-concurrent-0" time="0.118">
  <properties/>
  <testcase name="[1] entry=Entry{object=true}" classname="com.cedarsoft.serialization.stax.mate.primitives.BooleanSerializerTest" time="0.057"/>
  <testcase name="[2] entry=Entry{object=false}" classname="com.cedarsoft.serialization.stax.mate.primitives.BooleanSerializerTest" time="0.046"/>
  <testcase name="testNotClose()" classname="com.cedarsoft.serialization.stax.mate.primitives.BooleanSerializerTest" time="0.002"/>
  <system-out><![CDATA[]]></system-out>
  <system-err><![CDATA[]]></system-err>
</testsuite>
