<?xml version="1.0" encoding="UTF-8"?>
<testsuite name="com.cedarsoft.serialization.stax.mate.test.FooTest" tests="2" skipped="0" failures="0" errors="0" timestamp="2021-05-21T02:06:29" hostname="runner-cs1zem-v-project-47-concurrent-0" time="0.108">
  <properties/>
  <testcase name="[1] entry=Entry{object=com.cedarsoft.serialization.stax.mate.test.Foo@3659b0b1}" classname="com.cedarsoft.serialization.stax.mate.test.FooTest" time="0.039"/>
  <testcase name="[2] entry=Entry{object=com.cedarsoft.serialization.stax.mate.test.Foo@792508e6}" classname="com.cedarsoft.serialization.stax.mate.test.FooTest" time="0.062"/>
  <system-out><![CDATA[]]></system-out>
  <system-err><![CDATA[]]></system-err>
</testsuite>
