<?xml version="1.0" encoding="UTF-8"?>
<testsuite name="com.cedarsoft.serialization.stax.mate.test.DoorSerializerTest" tests="1" skipped="0" failures="0" errors="0" timestamp="2021-04-14T02:05:54" hostname="runner-cs1zem-v-project-47-concurrent-0" time="0.051">
  <properties/>
  <testcase name="[1] entry=Entry{object=com.cedarsoft.serialization.stax.mate.test.Door@5b0d401}" classname="com.cedarsoft.serialization.stax.mate.test.DoorSerializerTest" time="0.051"/>
  <system-out><![CDATA[]]></system-out>
  <system-err><![CDATA[]]></system-err>
</testsuite>
