<?xml version="1.0" encoding="UTF-8"?>
<testsuite name="com.cedarsoft.serialization.stax.mate.StaxMateMultiNamespaceTest" tests="2" skipped="0" failures="0" errors="0" timestamp="2021-04-19T02:08:23" hostname="runner-kggansxr-project-47-concurrent-0" time="0.649">
  <properties/>
  <testcase name="testNs2()" classname="com.cedarsoft.serialization.stax.mate.StaxMateMultiNamespaceTest" time="0.645"/>
  <testcase name="testNs()" classname="com.cedarsoft.serialization.stax.mate.StaxMateMultiNamespaceTest" time="0.003"/>
  <system-out><![CDATA[]]></system-out>
  <system-err><![CDATA[]]></system-err>
</testsuite>
