<?xml version="1.0" encoding="UTF-8"?>
<testsuite name="com.cedarsoft.serialization.stax.mate.primitives.ShortSerializerTest" tests="5" skipped="0" failures="0" errors="0" timestamp="2021-01-24T03:23:43" hostname="runner-kggansxr-project-47-concurrent-0" time="0.309">
  <properties/>
  <testcase name="[1] entry=Entry{object=123}" classname="com.cedarsoft.serialization.stax.mate.primitives.ShortSerializerTest" time="0.071"/>
  <testcase name="[2] entry=Entry{object=-123}" classname="com.cedarsoft.serialization.stax.mate.primitives.ShortSerializerTest" time="0.073"/>
  <testcase name="[3] entry=Entry{object=32767}" classname="com.cedarsoft.serialization.stax.mate.primitives.ShortSerializerTest" time="0.073"/>
  <testcase name="[4] entry=Entry{object=-32768}" classname="com.cedarsoft.serialization.stax.mate.primitives.ShortSerializerTest" time="0.069"/>
  <testcase name="testNotClose()" classname="com.cedarsoft.serialization.stax.mate.primitives.ShortSerializerTest" time="0.004"/>
  <system-out><![CDATA[]]></system-out>
  <system-err><![CDATA[]]></system-err>
</testsuite>
