<?xml version="1.0" encoding="UTF-8"?>
<testsuite name="com.cedarsoft.serialization.stax.mate.primitives.BooleanSerializerTest" tests="3" skipped="0" failures="0" errors="0" timestamp="2022-01-14T03:10:07" hostname="runner-ioxloixu-project-47-concurrent-0" time="0.129">
  <properties/>
  <testcase name="[1] entry=Entry{object=true}" classname="com.cedarsoft.serialization.stax.mate.primitives.BooleanSerializerTest" time="0.068"/>
  <testcase name="[2] entry=Entry{object=false}" classname="com.cedarsoft.serialization.stax.mate.primitives.BooleanSerializerTest" time="0.022"/>
  <testcase name="testNotClose()" classname="com.cedarsoft.serialization.stax.mate.primitives.BooleanSerializerTest" time="0.001"/>
  <system-out><![CDATA[]]></system-out>
  <system-err><![CDATA[]]></system-err>
</testsuite>
