<?xml version="1.0" encoding="UTF-8"?>
<testsuite name="com.cedarsoft.serialization.stax.mate.test.RoomSerializerTest" tests="1" skipped="0" failures="0" errors="0" timestamp="2021-01-14T03:24:02" hostname="runner-kggansxr-project-47-concurrent-0" time="0.086">
  <properties/>
  <testcase name="[1] entry=Entry{object=com.cedarsoft.serialization.stax.mate.test.Room@b9b4a72d}" classname="com.cedarsoft.serialization.stax.mate.test.RoomSerializerTest" time="0.086"/>
  <system-out><![CDATA[]]></system-out>
  <system-err><![CDATA[]]></system-err>
</testsuite>
