<?xml version="1.0" encoding="UTF-8"?>
<testsuite name="com.cedarsoft.serialization.stax.mate.test.FooTest" tests="2" skipped="0" failures="0" errors="0" timestamp="2021-05-15T02:09:13" hostname="runner-kggansxr-project-47-concurrent-0" time="1.163">
  <properties/>
  <testcase name="[1] entry=Entry{object=com.cedarsoft.serialization.stax.mate.test.Foo@d2a50e8c}" classname="com.cedarsoft.serialization.stax.mate.test.FooTest" time="0.995"/>
  <testcase name="[2] entry=Entry{object=com.cedarsoft.serialization.stax.mate.test.Foo@6c73dcce}" classname="com.cedarsoft.serialization.stax.mate.test.FooTest" time="0.139"/>
  <system-out><![CDATA[]]></system-out>
  <system-err><![CDATA[]]></system-err>
</testsuite>
