<?xml version="1.0" encoding="UTF-8"?>
<testsuite name="com.cedarsoft.serialization.stax.mate.test.FooTest" tests="2" skipped="0" failures="0" errors="0" timestamp="2021-07-18T02:06:43" hostname="runner-cs1zem-v-project-47-concurrent-0" time="0.15">
  <properties/>
  <testcase name="[1] entry=Entry{object=com.cedarsoft.serialization.stax.mate.test.Foo@be82b574}" classname="com.cedarsoft.serialization.stax.mate.test.FooTest" time="0.089"/>
  <testcase name="[2] entry=Entry{object=com.cedarsoft.serialization.stax.mate.test.Foo@7aeac939}" classname="com.cedarsoft.serialization.stax.mate.test.FooTest" time="0.059"/>
  <system-out><![CDATA[]]></system-out>
  <system-err><![CDATA[]]></system-err>
</testsuite>
