<?xml version="1.0" encoding="UTF-8"?>
<testsuite name="com.cedarsoft.serialization.stax.mate.primitives.DoubleSerializerTest" tests="6" skipped="0" failures="0" errors="0" timestamp="2021-05-29T02:06:06" hostname="runner-cs1zem-v-project-47-concurrent-0" time="0.25">
  <properties/>
  <testcase name="[1] entry=Entry{object=123.0}" classname="com.cedarsoft.serialization.stax.mate.primitives.DoubleSerializerTest" time="0.05"/>
  <testcase name="[2] entry=Entry{object=123.5}" classname="com.cedarsoft.serialization.stax.mate.primitives.DoubleSerializerTest" time="0.03"/>
  <testcase name="[3] entry=Entry{object=-123.5}" classname="com.cedarsoft.serialization.stax.mate.primitives.DoubleSerializerTest" time="0.036"/>
  <testcase name="[4] entry=Entry{object=1.7976931348623157E308}" classname="com.cedarsoft.serialization.stax.mate.primitives.DoubleSerializerTest" time="0.028"/>
  <testcase name="[5] entry=Entry{object=-1.7976931348623157E308}" classname="com.cedarsoft.serialization.stax.mate.primitives.DoubleSerializerTest" time="0.033"/>
  <testcase name="testNotClose()" classname="com.cedarsoft.serialization.stax.mate.primitives.DoubleSerializerTest" time="0.003"/>
  <system-out><![CDATA[]]></system-out>
  <system-err><![CDATA[]]></system-err>
</testsuite>
