<?xml version="1.0" encoding="UTF-8"?>
<testsuite name="com.cedarsoft.serialization.stax.mate.test.FooTest" tests="2" skipped="0" failures="0" errors="0" timestamp="2021-01-15T03:23:53" hostname="runner-kggansxr-project-47-concurrent-0" time="0.869">
  <properties/>
  <testcase name="[1] entry=Entry{object=com.cedarsoft.serialization.stax.mate.test.Foo@c1cf2854}" classname="com.cedarsoft.serialization.stax.mate.test.FooTest" time="0.734"/>
  <testcase name="[2] entry=Entry{object=com.cedarsoft.serialization.stax.mate.test.Foo@4fe8c091}" classname="com.cedarsoft.serialization.stax.mate.test.FooTest" time="0.114"/>
  <system-out><![CDATA[]]></system-out>
  <system-err><![CDATA[]]></system-err>
</testsuite>
