<?xml version="1.0" encoding="UTF-8"?>
<testsuite name="com.cedarsoft.serialization.stax.mate.test.FooTest" tests="2" skipped="0" failures="0" errors="0" timestamp="2021-01-24T03:23:40" hostname="runner-kggansxr-project-47-concurrent-0" time="0.766">
  <properties/>
  <testcase name="[1] entry=Entry{object=com.cedarsoft.serialization.stax.mate.test.Foo@30a088ac}" classname="com.cedarsoft.serialization.stax.mate.test.FooTest" time="0.661"/>
  <testcase name="[2] entry=Entry{object=com.cedarsoft.serialization.stax.mate.test.Foo@7427a6b5}" classname="com.cedarsoft.serialization.stax.mate.test.FooTest" time="0.098"/>
  <system-out><![CDATA[]]></system-out>
  <system-err><![CDATA[]]></system-err>
</testsuite>
