<?xml version="1.0" encoding="UTF-8"?>
<testsuite name="com.cedarsoft.serialization.stax.mate.test.FooTest" tests="2" skipped="0" failures="0" errors="0" timestamp="2021-02-03T03:22:28" hostname="runner-pgnkb89--project-47-concurrent-0" time="0.113">
  <properties/>
  <testcase name="[1] entry=Entry{object=com.cedarsoft.serialization.stax.mate.test.Foo@f4e9649b}" classname="com.cedarsoft.serialization.stax.mate.test.FooTest" time="0.04"/>
  <testcase name="[2] entry=Entry{object=com.cedarsoft.serialization.stax.mate.test.Foo@44ef262a}" classname="com.cedarsoft.serialization.stax.mate.test.FooTest" time="0.071"/>
  <system-out><![CDATA[]]></system-out>
  <system-err><![CDATA[]]></system-err>
</testsuite>
