<?xml version="1.0" encoding="UTF-8"?>
<testsuite name="com.cedarsoft.serialization.stax.mate.StaxMateTest" tests="4" skipped="0" failures="0" errors="0" timestamp="2021-12-16T03:11:11" hostname="runner-cs1zem-v-project-47-concurrent-0" time="0.104">
  <properties/>
  <testcase name="testProcssingInstructions()" classname="com.cedarsoft.serialization.stax.mate.StaxMateTest" time="0.045"/>
  <testcase name="testStaxMateJson()" classname="com.cedarsoft.serialization.stax.mate.StaxMateTest" time="0.013"/>
  <testcase name="testStaxMateRead()" classname="com.cedarsoft.serialization.stax.mate.StaxMateTest" time="0.001"/>
  <testcase name="testStaxMate()" classname="com.cedarsoft.serialization.stax.mate.StaxMateTest" time="0.043"/>
  <system-out><![CDATA[]]></system-out>
  <system-err><![CDATA[]]></system-err>
</testsuite>
