<?xml version="1.0" encoding="UTF-8"?>
<testsuite name="com.cedarsoft.serialization.stax.mate.test.BallSerializerVersionTest" tests="4" skipped="0" failures="0" errors="0" timestamp="2021-05-15T02:09:12" hostname="runner-kggansxr-project-47-concurrent-0" time="1.158">
  <properties/>
  <testcase name="[1] entry=com.cedarsoft.serialization.test.utils.AbstractXmlVersionTest2$XmlVersionEntry@2e4a3481" classname="com.cedarsoft.serialization.stax.mate.test.BallSerializerVersionTest" time="1.044"/>
  <testcase name="[2] entry=com.cedarsoft.serialization.test.utils.AbstractXmlVersionTest2$XmlVersionEntry@30eb3dc4" classname="com.cedarsoft.serialization.stax.mate.test.BallSerializerVersionTest" time="0.012"/>
  <testcase name="[3] entry=com.cedarsoft.serialization.test.utils.AbstractXmlVersionTest2$XmlVersionEntry@351db769" classname="com.cedarsoft.serialization.stax.mate.test.BallSerializerVersionTest" time="0.005"/>
  <testcase name="[4] entry=com.cedarsoft.serialization.test.utils.AbstractXmlVersionTest2$XmlVersionEntry@4674abba" classname="com.cedarsoft.serialization.stax.mate.test.BallSerializerVersionTest" time="0.03"/>
  <system-out><![CDATA[]]></system-out>
  <system-err><![CDATA[]]></system-err>
</testsuite>
