<?xml version="1.0" encoding="UTF-8"?>
<testsuite name="com.cedarsoft.serialization.stax.mate.primitives.CharSerializerTest" tests="3" skipped="0" failures="0" errors="0" timestamp="2021-03-16T03:05:41" hostname="runner-cs1zem-v-project-47-concurrent-0" time="0.094">
  <properties/>
  <testcase name="[1] entry=Entry{object={}" classname="com.cedarsoft.serialization.stax.mate.primitives.CharSerializerTest" time="0.041"/>
  <testcase name="[2] entry=Entry{object=ï¾…}" classname="com.cedarsoft.serialization.stax.mate.primitives.CharSerializerTest" time="0.045"/>
  <testcase name="testNotClose()" classname="com.cedarsoft.serialization.stax.mate.primitives.CharSerializerTest" time="0.002"/>
  <system-out><![CDATA[]]></system-out>
  <system-err><![CDATA[]]></system-err>
</testsuite>
