<?xml version="1.0" encoding="UTF-8"?>
<testsuite name="com.cedarsoft.serialization.stax.mate.test.FooTest" tests="2" skipped="0" failures="0" errors="0" timestamp="2021-05-29T02:06:05" hostname="runner-cs1zem-v-project-47-concurrent-0" time="0.149">
  <properties/>
  <testcase name="[1] entry=Entry{object=com.cedarsoft.serialization.stax.mate.test.Foo@2e6f3ab4}" classname="com.cedarsoft.serialization.stax.mate.test.FooTest" time="0.057"/>
  <testcase name="[2] entry=Entry{object=com.cedarsoft.serialization.stax.mate.test.Foo@7fa9a728}" classname="com.cedarsoft.serialization.stax.mate.test.FooTest" time="0.081"/>
  <system-out><![CDATA[]]></system-out>
  <system-err><![CDATA[]]></system-err>
</testsuite>
