<?xml version="1.0" encoding="UTF-8"?>
<testsuite name="com.cedarsoft.serialization.stax.mate.test.FooTest" tests="2" skipped="0" failures="0" errors="0" timestamp="2021-05-04T02:06:28" hostname="runner-cs1zem-v-project-47-concurrent-0" time="0.112">
  <properties/>
  <testcase name="[1] entry=Entry{object=com.cedarsoft.serialization.stax.mate.test.Foo@203f9d3b}" classname="com.cedarsoft.serialization.stax.mate.test.FooTest" time="0.055"/>
  <testcase name="[2] entry=Entry{object=com.cedarsoft.serialization.stax.mate.test.Foo@4eee00ff}" classname="com.cedarsoft.serialization.stax.mate.test.FooTest" time="0.054"/>
  <system-out><![CDATA[]]></system-out>
  <system-err><![CDATA[]]></system-err>
</testsuite>
