<?xml version="1.0" encoding="UTF-8"?>
<testsuite name="com.cedarsoft.serialization.stax.mate.test.BallSerializerVersionTest" tests="4" skipped="0" failures="0" errors="0" timestamp="2021-02-12T03:23:05" hostname="runner-pgnkb89--project-47-concurrent-0" time="0.039">
  <properties/>
  <testcase name="[1] entry=com.cedarsoft.serialization.test.utils.AbstractXmlVersionTest2$XmlVersionEntry@4cb47926" classname="com.cedarsoft.serialization.stax.mate.test.BallSerializerVersionTest" time="0.003"/>
  <testcase name="[2] entry=com.cedarsoft.serialization.test.utils.AbstractXmlVersionTest2$XmlVersionEntry@b57497" classname="com.cedarsoft.serialization.stax.mate.test.BallSerializerVersionTest" time="0.016"/>
  <testcase name="[3] entry=com.cedarsoft.serialization.test.utils.AbstractXmlVersionTest2$XmlVersionEntry@52649908" classname="com.cedarsoft.serialization.stax.mate.test.BallSerializerVersionTest" time="0.004"/>
  <testcase name="[4] entry=com.cedarsoft.serialization.test.utils.AbstractXmlVersionTest2$XmlVersionEntry@7afb9b10" classname="com.cedarsoft.serialization.stax.mate.test.BallSerializerVersionTest" time="0.012"/>
  <system-out><![CDATA[]]></system-out>
  <system-err><![CDATA[]]></system-err>
</testsuite>
