<?xml version="1.0" encoding="UTF-8"?>
<testsuite name="com.cedarsoft.serialization.stax.mate.test.FooTest" tests="2" skipped="0" failures="0" errors="0" timestamp="2021-03-17T03:05:52" hostname="runner-cs1zem-v-project-47-concurrent-0" time="0.187">
  <properties/>
  <testcase name="[1] entry=Entry{object=com.cedarsoft.serialization.stax.mate.test.Foo@249ada3f}" classname="com.cedarsoft.serialization.stax.mate.test.FooTest" time="0.104"/>
  <testcase name="[2] entry=Entry{object=com.cedarsoft.serialization.stax.mate.test.Foo@57402d71}" classname="com.cedarsoft.serialization.stax.mate.test.FooTest" time="0.079"/>
  <system-out><![CDATA[]]></system-out>
  <system-err><![CDATA[]]></system-err>
</testsuite>
