<?xml version="1.0" encoding="UTF-8"?>
<testsuite name="com.cedarsoft.serialization.stax.mate.primitives.FloatSerializerTest" tests="6" skipped="0" failures="0" errors="0" timestamp="2021-02-26T03:21:58" hostname="runner-cs1zem-v-project-47-concurrent-0" time="0.19">
  <properties/>
  <testcase name="[1] entry=Entry{object=123.0}" classname="com.cedarsoft.serialization.stax.mate.primitives.FloatSerializerTest" time="0.026"/>
  <testcase name="[2] entry=Entry{object=123.5}" classname="com.cedarsoft.serialization.stax.mate.primitives.FloatSerializerTest" time="0.016"/>
  <testcase name="[3] entry=Entry{object=-123.5}" classname="com.cedarsoft.serialization.stax.mate.primitives.FloatSerializerTest" time="0.012"/>
  <testcase name="[4] entry=Entry{object=3.4028235E38}" classname="com.cedarsoft.serialization.stax.mate.primitives.FloatSerializerTest" time="0.058"/>
  <testcase name="[5] entry=Entry{object=-3.4028235E38}" classname="com.cedarsoft.serialization.stax.mate.primitives.FloatSerializerTest" time="0.038"/>
  <testcase name="testNotClose()" classname="com.cedarsoft.serialization.stax.mate.primitives.FloatSerializerTest" time="0.008"/>
  <system-out><![CDATA[]]></system-out>
  <system-err><![CDATA[]]></system-err>
</testsuite>
