<?xml version="1.0" encoding="UTF-8"?>
<testsuite name="com.cedarsoft.serialization.stax.mate.test.BallSerializerVersionTest" tests="4" skipped="0" failures="0" errors="0" timestamp="2021-02-21T03:22:32" hostname="runner-pgnkb89--project-47-concurrent-0" time="0.073">
  <properties/>
  <testcase name="[1] entry=com.cedarsoft.serialization.test.utils.AbstractXmlVersionTest2$XmlVersionEntry@65fd52b6" classname="com.cedarsoft.serialization.stax.mate.test.BallSerializerVersionTest" time="0.02"/>
  <testcase name="[2] entry=com.cedarsoft.serialization.test.utils.AbstractXmlVersionTest2$XmlVersionEntry@2f318abc" classname="com.cedarsoft.serialization.stax.mate.test.BallSerializerVersionTest" time="0.011"/>
  <testcase name="[3] entry=com.cedarsoft.serialization.test.utils.AbstractXmlVersionTest2$XmlVersionEntry@2066b4bf" classname="com.cedarsoft.serialization.stax.mate.test.BallSerializerVersionTest" time="0.01"/>
  <testcase name="[4] entry=com.cedarsoft.serialization.test.utils.AbstractXmlVersionTest2$XmlVersionEntry@73ec031b" classname="com.cedarsoft.serialization.stax.mate.test.BallSerializerVersionTest" time="0.019"/>
  <system-out><![CDATA[]]></system-out>
  <system-err><![CDATA[]]></system-err>
</testsuite>
