<?xml version="1.0" encoding="UTF-8"?>
<testsuite name="com.cedarsoft.serialization.stax.mate.test.FooTest" tests="2" skipped="0" failures="0" errors="0" timestamp="2021-02-24T03:22:06" hostname="runner-cs1zem-v-project-47-concurrent-0" time="0.141">
  <properties/>
  <testcase name="[1] entry=Entry{object=com.cedarsoft.serialization.stax.mate.test.Foo@d096b63f}" classname="com.cedarsoft.serialization.stax.mate.test.FooTest" time="0.084"/>
  <testcase name="[2] entry=Entry{object=com.cedarsoft.serialization.stax.mate.test.Foo@2a46cf24}" classname="com.cedarsoft.serialization.stax.mate.test.FooTest" time="0.054"/>
  <system-out><![CDATA[]]></system-out>
  <system-err><![CDATA[]]></system-err>
</testsuite>
