<?xml version="1.0" encoding="UTF-8"?>
<testsuite name="com.cedarsoft.serialization.stax.mate.StaxMateSupportTest" tests="6" skipped="0" failures="0" errors="0" timestamp="2022-01-31T03:11:02" hostname="runner-cs1zem-v-project-47-concurrent-0" time="0.093">
  <properties/>
  <testcase name="testFactories()" classname="com.cedarsoft.serialization.stax.mate.StaxMateSupportTest" time="0.012"/>
  <testcase name="testEventNames()" classname="com.cedarsoft.serialization.stax.mate.StaxMateSupportTest" time="0.006"/>
  <testcase name="testStaxMateChangeAfter()" classname="com.cedarsoft.serialization.stax.mate.StaxMateSupportTest" time="0.008"/>
  <testcase name="testFactories2()" classname="com.cedarsoft.serialization.stax.mate.StaxMateSupportTest" time="0.001"/>
  <testcase name="testStaxMateChangeBefore()" classname="com.cedarsoft.serialization.stax.mate.StaxMateSupportTest" time="0.001"/>
  <testcase name="testStaxMate()" classname="com.cedarsoft.serialization.stax.mate.StaxMateSupportTest" time="0.004"/>
  <system-out><![CDATA[]]></system-out>
  <system-err><![CDATA[]]></system-err>
</testsuite>
