<?xml version="1.0" encoding="UTF-8"?>
<testsuite name="com.cedarsoft.serialization.stax.mate.DelegatingStaxMateSerializerTest" tests="3" skipped="0" failures="0" errors="0" timestamp="2021-08-29T02:06:20" hostname="runner-cs1zem-v-project-47-concurrent-0" time="0.983">
  <properties/>
  <testcase name="[1] entry=Entry{object=1}" classname="com.cedarsoft.serialization.stax.mate.DelegatingStaxMateSerializerTest" time="0.847"/>
  <testcase name="testVis()" classname="com.cedarsoft.serialization.stax.mate.DelegatingStaxMateSerializerTest" time="0.007"/>
  <testcase name="testIt()" classname="com.cedarsoft.serialization.stax.mate.DelegatingStaxMateSerializerTest" time="0.121"/>
  <system-out><![CDATA[]]></system-out>
  <system-err><![CDATA[]]></system-err>
</testsuite>
