<?xml version="1.0" encoding="UTF-8"?>
<testsuite name="com.cedarsoft.serialization.stax.mate.primitives.StringSerializerTest" tests="4" skipped="0" failures="0" errors="0" timestamp="2021-12-29T03:09:45" hostname="runner-ioxloixu-project-47-concurrent-0" time="0.08">
  <properties/>
  <testcase name="[1] entry=Entry{object=}" classname="com.cedarsoft.serialization.stax.mate.primitives.StringSerializerTest" time="0.023"/>
  <testcase name="[2] entry=Entry{object=aaaaaaaaaaaaaaaaa}" classname="com.cedarsoft.serialization.stax.mate.primitives.StringSerializerTest" time="0.012"/>
  <testcase name="[3] entry=Entry{object=&#9;aa }" classname="com.cedarsoft.serialization.stax.mate.primitives.StringSerializerTest" time="0.034"/>
  <testcase name="testNotClose()" classname="com.cedarsoft.serialization.stax.mate.primitives.StringSerializerTest" time="0.004"/>
  <system-out><![CDATA[]]></system-out>
  <system-err><![CDATA[]]></system-err>
</testsuite>
