<?xml version="1.0" encoding="UTF-8"?>
<testsuite name="com.cedarsoft.serialization.stax.mate.primitives.IntegerSerializerTest" tests="5" skipped="0" failures="0" errors="0" timestamp="2021-08-08T02:09:17" hostname="runner-kggansxr-project-47-concurrent-0" time="0.245">
  <properties/>
  <testcase name="[1] entry=Entry{object=123}" classname="com.cedarsoft.serialization.stax.mate.primitives.IntegerSerializerTest" time="0.092"/>
  <testcase name="[2] entry=Entry{object=-123}" classname="com.cedarsoft.serialization.stax.mate.primitives.IntegerSerializerTest" time="0.047"/>
  <testcase name="[3] entry=Entry{object=2147483647}" classname="com.cedarsoft.serialization.stax.mate.primitives.IntegerSerializerTest" time="0.029"/>
  <testcase name="[4] entry=Entry{object=-2147483648}" classname="com.cedarsoft.serialization.stax.mate.primitives.IntegerSerializerTest" time="0.057"/>
  <testcase name="testNotClose()" classname="com.cedarsoft.serialization.stax.mate.primitives.IntegerSerializerTest" time="0.002"/>
  <system-out><![CDATA[]]></system-out>
  <system-err><![CDATA[]]></system-err>
</testsuite>
