<?xml version="1.0" encoding="UTF-8"?>
<testsuite name="com.cedarsoft.serialization.stax.mate.test.FooTest" tests="2" skipped="0" failures="0" errors="0" timestamp="2021-07-31T02:06:10" hostname="runner-cs1zem-v-project-47-concurrent-0" time="0.115">
  <properties/>
  <testcase name="[1] entry=Entry{object=com.cedarsoft.serialization.stax.mate.test.Foo@fbb939ba}" classname="com.cedarsoft.serialization.stax.mate.test.FooTest" time="0.048"/>
  <testcase name="[2] entry=Entry{object=com.cedarsoft.serialization.stax.mate.test.Foo@654abf2e}" classname="com.cedarsoft.serialization.stax.mate.test.FooTest" time="0.065"/>
  <system-out><![CDATA[]]></system-out>
  <system-err><![CDATA[]]></system-err>
</testsuite>
