<?xml version="1.0" encoding="UTF-8"?>
<testsuite name="com.cedarsoft.serialization.stax.mate.test.FooTest" tests="2" skipped="0" failures="0" errors="0" timestamp="2021-06-17T02:08:51" hostname="runner-kggansxr-project-47-concurrent-0" time="0.814">
  <properties/>
  <testcase name="[1] entry=Entry{object=com.cedarsoft.serialization.stax.mate.test.Foo@e8365004}" classname="com.cedarsoft.serialization.stax.mate.test.FooTest" time="0.727"/>
  <testcase name="[2] entry=Entry{object=com.cedarsoft.serialization.stax.mate.test.Foo@6f4ab004}" classname="com.cedarsoft.serialization.stax.mate.test.FooTest" time="0.082"/>
  <system-out><![CDATA[]]></system-out>
  <system-err><![CDATA[]]></system-err>
</testsuite>
