<?xml version="1.0" encoding="UTF-8"?>
<testsuite name="com.cedarsoft.serialization.stax.mate.StaxMateMultiNamespaceTest" tests="2" skipped="0" failures="0" errors="0" timestamp="2022-01-27T03:11:05" hostname="runner-ioxloixu-project-47-concurrent-0" time="0.017">
  <properties/>
  <testcase name="testNs2()" classname="com.cedarsoft.serialization.stax.mate.StaxMateMultiNamespaceTest" time="0.011"/>
  <testcase name="testNs()" classname="com.cedarsoft.serialization.stax.mate.StaxMateMultiNamespaceTest" time="0.003"/>
  <system-out><![CDATA[]]></system-out>
  <system-err><![CDATA[]]></system-err>
</testsuite>
