<?xml version="1.0" encoding="UTF-8"?>
<testsuite name="com.cedarsoft.serialization.stax.mate.StaxMateSupportTest" tests="6" skipped="0" failures="0" errors="0" timestamp="2021-01-12T21:08:27" hostname="runner-kggansxr-project-47-concurrent-0" time="0.078">
  <properties/>
  <testcase name="testFactories()" classname="com.cedarsoft.serialization.stax.mate.StaxMateSupportTest" time="0.026"/>
  <testcase name="testEventNames()" classname="com.cedarsoft.serialization.stax.mate.StaxMateSupportTest" time="0.003"/>
  <testcase name="testStaxMateChangeAfter()" classname="com.cedarsoft.serialization.stax.mate.StaxMateSupportTest" time="0.024"/>
  <testcase name="testFactories2()" classname="com.cedarsoft.serialization.stax.mate.StaxMateSupportTest" time="0.013"/>
  <testcase name="testStaxMateChangeBefore()" classname="com.cedarsoft.serialization.stax.mate.StaxMateSupportTest" time="0.001"/>
  <testcase name="testStaxMate()" classname="com.cedarsoft.serialization.stax.mate.StaxMateSupportTest" time="0.006"/>
  <system-out><![CDATA[]]></system-out>
  <system-err><![CDATA[]]></system-err>
</testsuite>
