<?xml version="1.0" encoding="UTF-8"?>
<testsuite name="com.cedarsoft.serialization.stax.mate.test.FooTest" tests="2" skipped="0" failures="0" errors="0" timestamp="2022-01-14T03:10:09" hostname="runner-ioxloixu-project-47-concurrent-0" time="0.073">
  <properties/>
  <testcase name="[1] entry=Entry{object=com.cedarsoft.serialization.stax.mate.test.Foo@424c39b}" classname="com.cedarsoft.serialization.stax.mate.test.FooTest" time="0.049"/>
  <testcase name="[2] entry=Entry{object=com.cedarsoft.serialization.stax.mate.test.Foo@29ad9bae}" classname="com.cedarsoft.serialization.stax.mate.test.FooTest" time="0.022"/>
  <system-out><![CDATA[]]></system-out>
  <system-err><![CDATA[]]></system-err>
</testsuite>
