<?xml version="1.0" encoding="UTF-8"?>
<testsuite name="com.cedarsoft.serialization.stax.mate.primitives.DoubleSerializerTest" tests="6" skipped="0" failures="0" errors="0" timestamp="2021-01-12T21:08:26" hostname="runner-kggansxr-project-47-concurrent-0" time="0.287">
  <properties/>
  <testcase name="[1] entry=Entry{object=123.0}" classname="com.cedarsoft.serialization.stax.mate.primitives.DoubleSerializerTest" time="0.071"/>
  <testcase name="[2] entry=Entry{object=123.5}" classname="com.cedarsoft.serialization.stax.mate.primitives.DoubleSerializerTest" time="0.046"/>
  <testcase name="[3] entry=Entry{object=-123.5}" classname="com.cedarsoft.serialization.stax.mate.primitives.DoubleSerializerTest" time="0.027"/>
  <testcase name="[4] entry=Entry{object=1.7976931348623157E308}" classname="com.cedarsoft.serialization.stax.mate.primitives.DoubleSerializerTest" time="0.066"/>
  <testcase name="[5] entry=Entry{object=-1.7976931348623157E308}" classname="com.cedarsoft.serialization.stax.mate.primitives.DoubleSerializerTest" time="0.036"/>
  <testcase name="testNotClose()" classname="com.cedarsoft.serialization.stax.mate.primitives.DoubleSerializerTest" time="0.004"/>
  <system-out><![CDATA[]]></system-out>
  <system-err><![CDATA[]]></system-err>
</testsuite>
