<?xml version="1.0" encoding="UTF-8"?>
<testsuite name="com.cedarsoft.serialization.stax.mate.test.StaxMateCommentsBugTest" tests="1" skipped="0" failures="0" errors="0" timestamp="2021-04-13T02:08:29" hostname="runner-kggansxr-project-47-concurrent-0" time="0.008">
  <properties/>
  <testcase name="testManualWithComment()" classname="com.cedarsoft.serialization.stax.mate.test.StaxMateCommentsBugTest" time="0.008"/>
  <system-out><![CDATA[]]></system-out>
  <system-err><![CDATA[]]></system-err>
</testsuite>
