<?xml version="1.0" encoding="UTF-8"?>
<testsuite name="com.cedarsoft.serialization.stax.mate.test.BallSerializerVersionTest" tests="4" skipped="0" failures="0" errors="0" timestamp="2021-05-08T02:06:29" hostname="runner-cs1zem-v-project-47-concurrent-0" time="0.063">
  <properties/>
  <testcase name="[1] entry=com.cedarsoft.serialization.test.utils.AbstractXmlVersionTest2$XmlVersionEntry@331f2f6" classname="com.cedarsoft.serialization.stax.mate.test.BallSerializerVersionTest" time="0.01"/>
  <testcase name="[2] entry=com.cedarsoft.serialization.test.utils.AbstractXmlVersionTest2$XmlVersionEntry@77d9fcff" classname="com.cedarsoft.serialization.stax.mate.test.BallSerializerVersionTest" time="0.01"/>
  <testcase name="[3] entry=com.cedarsoft.serialization.test.utils.AbstractXmlVersionTest2$XmlVersionEntry@717e147b" classname="com.cedarsoft.serialization.stax.mate.test.BallSerializerVersionTest" time="0.008"/>
  <testcase name="[4] entry=com.cedarsoft.serialization.test.utils.AbstractXmlVersionTest2$XmlVersionEntry@17bcd17c" classname="com.cedarsoft.serialization.stax.mate.test.BallSerializerVersionTest" time="0.01"/>
  <system-out><![CDATA[]]></system-out>
  <system-err><![CDATA[]]></system-err>
</testsuite>
