<?xml version="1.0" encoding="UTF-8"?>
<testsuite name="com.cedarsoft.serialization.stax.mate.test.DoorSerializerTest" tests="1" skipped="0" failures="0" errors="0" timestamp="2021-12-10T03:10:23" hostname="runner-ioxloixu-project-47-concurrent-0" time="0.028">
  <properties/>
  <testcase name="[1] entry=Entry{object=com.cedarsoft.serialization.stax.mate.test.Door@5b0d401}" classname="com.cedarsoft.serialization.stax.mate.test.DoorSerializerTest" time="0.028"/>
  <system-out><![CDATA[]]></system-out>
  <system-err><![CDATA[]]></system-err>
</testsuite>
