<?xml version="1.0" encoding="UTF-8"?>
<testsuite name="com.cedarsoft.serialization.stax.mate.primitives.CharSerializerTest" tests="3" skipped="0" failures="0" errors="0" timestamp="2021-12-31T03:09:41" hostname="runner-ioxloixu-project-47-concurrent-0" time="0.035">
  <properties/>
  <testcase name="[1] entry=Entry{object={}" classname="com.cedarsoft.serialization.stax.mate.primitives.CharSerializerTest" time="0.015"/>
  <testcase name="[2] entry=Entry{object=ï¾…}" classname="com.cedarsoft.serialization.stax.mate.primitives.CharSerializerTest" time="0.018"/>
  <testcase name="testNotClose()" classname="com.cedarsoft.serialization.stax.mate.primitives.CharSerializerTest" time="0.0"/>
  <system-out><![CDATA[]]></system-out>
  <system-err><![CDATA[]]></system-err>
</testsuite>
