<?xml version="1.0" encoding="UTF-8"?>
<testsuite name="com.cedarsoft.serialization.stax.mate.primitives.BooleanSerializerTest" tests="3" skipped="0" failures="0" errors="0" timestamp="2021-03-21T03:07:35" hostname="runner-kggansxr-project-47-concurrent-0" time="0.09">
  <properties/>
  <testcase name="[1] entry=Entry{object=true}" classname="com.cedarsoft.serialization.stax.mate.primitives.BooleanSerializerTest" time="0.04"/>
  <testcase name="[2] entry=Entry{object=false}" classname="com.cedarsoft.serialization.stax.mate.primitives.BooleanSerializerTest" time="0.047"/>
  <testcase name="testNotClose()" classname="com.cedarsoft.serialization.stax.mate.primitives.BooleanSerializerTest" time="0.001"/>
  <system-out><![CDATA[]]></system-out>
  <system-err><![CDATA[]]></system-err>
</testsuite>
