<?xml version="1.0" encoding="UTF-8"?>
<testsuite name="com.cedarsoft.serialization.stax.mate.primitives.ShortSerializerTest" tests="5" skipped="0" failures="0" errors="0" timestamp="2021-06-17T02:08:55" hostname="runner-kggansxr-project-47-concurrent-0" time="0.227">
  <properties/>
  <testcase name="[1] entry=Entry{object=123}" classname="com.cedarsoft.serialization.stax.mate.primitives.ShortSerializerTest" time="0.047"/>
  <testcase name="[2] entry=Entry{object=-123}" classname="com.cedarsoft.serialization.stax.mate.primitives.ShortSerializerTest" time="0.049"/>
  <testcase name="[3] entry=Entry{object=32767}" classname="com.cedarsoft.serialization.stax.mate.primitives.ShortSerializerTest" time="0.047"/>
  <testcase name="[4] entry=Entry{object=-32768}" classname="com.cedarsoft.serialization.stax.mate.primitives.ShortSerializerTest" time="0.055"/>
  <testcase name="testNotClose()" classname="com.cedarsoft.serialization.stax.mate.primitives.ShortSerializerTest" time="0.007"/>
  <system-out><![CDATA[]]></system-out>
  <system-err><![CDATA[]]></system-err>
</testsuite>
