<?xml version="1.0" encoding="UTF-8"?>
<testsuite name="com.cedarsoft.serialization.stax.mate.StaxMateSupportTest" tests="6" skipped="0" failures="0" errors="0" timestamp="2021-02-10T03:23:00" hostname="runner-pgnkb89--project-47-concurrent-0" time="0.089">
  <properties/>
  <testcase name="testFactories()" classname="com.cedarsoft.serialization.stax.mate.StaxMateSupportTest" time="0.05"/>
  <testcase name="testEventNames()" classname="com.cedarsoft.serialization.stax.mate.StaxMateSupportTest" time="0.005"/>
  <testcase name="testStaxMateChangeAfter()" classname="com.cedarsoft.serialization.stax.mate.StaxMateSupportTest" time="0.005"/>
  <testcase name="testFactories2()" classname="com.cedarsoft.serialization.stax.mate.StaxMateSupportTest" time="0.007"/>
  <testcase name="testStaxMateChangeBefore()" classname="com.cedarsoft.serialization.stax.mate.StaxMateSupportTest" time="0.004"/>
  <testcase name="testStaxMate()" classname="com.cedarsoft.serialization.stax.mate.StaxMateSupportTest" time="0.008"/>
  <system-out><![CDATA[]]></system-out>
  <system-err><![CDATA[]]></system-err>
</testsuite>
