<?xml version="1.0" encoding="UTF-8"?>
<testsuite name="com.cedarsoft.serialization.stax.mate.ComplexStaxMateSerializerTest" tests="1" skipped="0" failures="0" errors="0" timestamp="2021-12-04T03:09:56" hostname="runner-ioxloixu-project-47-concurrent-0" time="0.045">
  <properties/>
  <testcase name="[1] entry=Entry{object=asdf}" classname="com.cedarsoft.serialization.stax.mate.ComplexStaxMateSerializerTest" time="0.045"/>
  <system-out><![CDATA[]]></system-out>
  <system-err><![CDATA[]]></system-err>
</testsuite>
