<?xml version="1.0" encoding="UTF-8"?>
<testsuite name="com.cedarsoft.serialization.stax.mate.test.FooTest" tests="2" skipped="0" failures="0" errors="0" timestamp="2021-08-09T02:10:32" hostname="runner-kggansxr-project-47-concurrent-0" time="0.808">
  <properties/>
  <testcase name="[1] entry=Entry{object=com.cedarsoft.serialization.stax.mate.test.Foo@c31ae471}" classname="com.cedarsoft.serialization.stax.mate.test.FooTest" time="0.713"/>
  <testcase name="[2] entry=Entry{object=com.cedarsoft.serialization.stax.mate.test.Foo@2398e3ea}" classname="com.cedarsoft.serialization.stax.mate.test.FooTest" time="0.093"/>
  <system-out><![CDATA[]]></system-out>
  <system-err><![CDATA[]]></system-err>
</testsuite>
