<?xml version="1.0" encoding="UTF-8"?>
<testsuite name="com.cedarsoft.serialization.stax.mate.test.BallSerializerVersionTest" tests="4" skipped="0" failures="0" errors="0" timestamp="2021-03-21T03:07:29" hostname="runner-kggansxr-project-47-concurrent-0" time="1.076">
  <properties/>
  <testcase name="[1] entry=com.cedarsoft.serialization.test.utils.AbstractXmlVersionTest2$XmlVersionEntry@16a3915" classname="com.cedarsoft.serialization.stax.mate.test.BallSerializerVersionTest" time="0.987"/>
  <testcase name="[2] entry=com.cedarsoft.serialization.test.utils.AbstractXmlVersionTest2$XmlVersionEntry@d79f4cc" classname="com.cedarsoft.serialization.stax.mate.test.BallSerializerVersionTest" time="0.02"/>
  <testcase name="[3] entry=com.cedarsoft.serialization.test.utils.AbstractXmlVersionTest2$XmlVersionEntry@7d9ed77b" classname="com.cedarsoft.serialization.stax.mate.test.BallSerializerVersionTest" time="0.009"/>
  <testcase name="[4] entry=com.cedarsoft.serialization.test.utils.AbstractXmlVersionTest2$XmlVersionEntry@30c8132" classname="com.cedarsoft.serialization.stax.mate.test.BallSerializerVersionTest" time="0.02"/>
  <system-out><![CDATA[]]></system-out>
  <system-err><![CDATA[]]></system-err>
</testsuite>
