<?xml version="1.0" encoding="UTF-8"?>
<testsuite name="com.cedarsoft.serialization.stax.mate.test.BallSerializerTest" tests="4" skipped="0" failures="0" errors="0" timestamp="2021-06-23T02:06:18" hostname="runner-cs1zem-v-project-47-concurrent-0" time="0.079">
  <properties/>
  <testcase name="[1] entry=Entry{object=com.cedarsoft.serialization.stax.mate.test.Ball$TennisBall@7}" classname="com.cedarsoft.serialization.stax.mate.test.BallSerializerTest" time="0.027"/>
  <testcase name="[2] entry=Entry{object=com.cedarsoft.serialization.stax.mate.test.Ball$BasketBall@2dd434}" classname="com.cedarsoft.serialization.stax.mate.test.BallSerializerTest" time="0.038"/>
  <testcase name="testVersion()" classname="com.cedarsoft.serialization.stax.mate.test.BallSerializerTest" time="0.002"/>
  <testcase name="testAsccii()" classname="com.cedarsoft.serialization.stax.mate.test.BallSerializerTest" time="0.002"/>
  <system-out><![CDATA[]]></system-out>
  <system-err><![CDATA[]]></system-err>
</testsuite>
