<?xml version="1.0" encoding="UTF-8"?>
<testsuite name="com.cedarsoft.serialization.stax.mate.test.BallSerializerTest" tests="4" skipped="0" failures="0" errors="0" timestamp="2021-03-26T03:06:37" hostname="runner-pgnkb89--project-47-concurrent-0" time="0.123">
  <properties/>
  <testcase name="[1] entry=Entry{object=com.cedarsoft.serialization.stax.mate.test.Ball$TennisBall@7}" classname="com.cedarsoft.serialization.stax.mate.test.BallSerializerTest" time="0.026"/>
  <testcase name="[2] entry=Entry{object=com.cedarsoft.serialization.stax.mate.test.Ball$BasketBall@2dd434}" classname="com.cedarsoft.serialization.stax.mate.test.BallSerializerTest" time="0.034"/>
  <testcase name="testVersion()" classname="com.cedarsoft.serialization.stax.mate.test.BallSerializerTest" time="0.003"/>
  <testcase name="testAsccii()" classname="com.cedarsoft.serialization.stax.mate.test.BallSerializerTest" time="0.056"/>
  <system-out><![CDATA[]]></system-out>
  <system-err><![CDATA[]]></system-err>
</testsuite>
