<?xml version="1.0" encoding="UTF-8"?>
<testsuite name="com.cedarsoft.serialization.stax.mate.test.BallSerializerVersionTest" tests="4" skipped="0" failures="0" errors="0" timestamp="2021-02-19T03:22:31" hostname="runner-pgnkb89--project-47-concurrent-0" time="0.085">
  <properties/>
  <testcase name="[1] entry=com.cedarsoft.serialization.test.utils.AbstractXmlVersionTest2$XmlVersionEntry@5e03c93" classname="com.cedarsoft.serialization.stax.mate.test.BallSerializerVersionTest" time="0.02"/>
  <testcase name="[2] entry=com.cedarsoft.serialization.test.utils.AbstractXmlVersionTest2$XmlVersionEntry@59ae1bcd" classname="com.cedarsoft.serialization.stax.mate.test.BallSerializerVersionTest" time="0.019"/>
  <testcase name="[3] entry=com.cedarsoft.serialization.test.utils.AbstractXmlVersionTest2$XmlVersionEntry@1c319431" classname="com.cedarsoft.serialization.stax.mate.test.BallSerializerVersionTest" time="0.017"/>
  <testcase name="[4] entry=com.cedarsoft.serialization.test.utils.AbstractXmlVersionTest2$XmlVersionEntry@199385f6" classname="com.cedarsoft.serialization.stax.mate.test.BallSerializerVersionTest" time="0.012"/>
  <system-out><![CDATA[]]></system-out>
  <system-err><![CDATA[]]></system-err>
</testsuite>
