<?xml version="1.0" encoding="UTF-8"?>
<testsuite name="com.cedarsoft.serialization.stax.mate.test.FooTest" tests="2" skipped="0" failures="0" errors="0" timestamp="2021-06-05T02:08:38" hostname="runner-kggansxr-project-47-concurrent-0" time="1.112">
  <properties/>
  <testcase name="[1] entry=Entry{object=com.cedarsoft.serialization.stax.mate.test.Foo@daf3d081}" classname="com.cedarsoft.serialization.stax.mate.test.FooTest" time="0.996"/>
  <testcase name="[2] entry=Entry{object=com.cedarsoft.serialization.stax.mate.test.Foo@78b3e975}" classname="com.cedarsoft.serialization.stax.mate.test.FooTest" time="0.11"/>
  <system-out><![CDATA[]]></system-out>
  <system-err><![CDATA[]]></system-err>
</testsuite>
