<?xml version="1.0" encoding="UTF-8"?>
<testsuite name="com.cedarsoft.serialization.stax.mate.test.FooTest" tests="2" skipped="0" failures="0" errors="0" timestamp="2021-08-05T02:09:27" hostname="runner-kggansxr-project-47-concurrent-0" time="1.019">
  <properties/>
  <testcase name="[1] entry=Entry{object=com.cedarsoft.serialization.stax.mate.test.Foo@c31ae471}" classname="com.cedarsoft.serialization.stax.mate.test.FooTest" time="0.859"/>
  <testcase name="[2] entry=Entry{object=com.cedarsoft.serialization.stax.mate.test.Foo@2398e3ea}" classname="com.cedarsoft.serialization.stax.mate.test.FooTest" time="0.143"/>
  <system-out><![CDATA[]]></system-out>
  <system-err><![CDATA[]]></system-err>
</testsuite>
