<?xml version="1.0" encoding="UTF-8"?>
<testsuite name="com.cedarsoft.serialization.stax.mate.primitives.ByteSerializerTest" tests="5" skipped="0" failures="0" errors="0" timestamp="2021-06-17T02:08:56" hostname="runner-kggansxr-project-47-concurrent-0" time="0.295">
  <properties/>
  <testcase name="[1] entry=Entry{object=123}" classname="com.cedarsoft.serialization.stax.mate.primitives.ByteSerializerTest" time="0.072"/>
  <testcase name="[2] entry=Entry{object=-123}" classname="com.cedarsoft.serialization.stax.mate.primitives.ByteSerializerTest" time="0.097"/>
  <testcase name="[3] entry=Entry{object=127}" classname="com.cedarsoft.serialization.stax.mate.primitives.ByteSerializerTest" time="0.057"/>
  <testcase name="[4] entry=Entry{object=-128}" classname="com.cedarsoft.serialization.stax.mate.primitives.ByteSerializerTest" time="0.034"/>
  <testcase name="testNotClose()" classname="com.cedarsoft.serialization.stax.mate.primitives.ByteSerializerTest" time="0.006"/>
  <system-out><![CDATA[]]></system-out>
  <system-err><![CDATA[]]></system-err>
</testsuite>
