<?xml version="1.0" encoding="UTF-8"?>
<testsuite name="com.cedarsoft.serialization.stax.mate.test.BallSerializerVersionTest" tests="4" skipped="0" failures="0" errors="0" timestamp="2021-08-22T02:09:11" hostname="runner-kggansxr-project-47-concurrent-0" time="0.838">
  <properties/>
  <testcase name="[1] entry=com.cedarsoft.serialization.test.utils.AbstractXmlVersionTest2$XmlVersionEntry@bb3ecfe" classname="com.cedarsoft.serialization.stax.mate.test.BallSerializerVersionTest" time="0.768"/>
  <testcase name="[2] entry=com.cedarsoft.serialization.test.utils.AbstractXmlVersionTest2$XmlVersionEntry@2e3cd732" classname="com.cedarsoft.serialization.stax.mate.test.BallSerializerVersionTest" time="0.017"/>
  <testcase name="[3] entry=com.cedarsoft.serialization.test.utils.AbstractXmlVersionTest2$XmlVersionEntry@21b744ec" classname="com.cedarsoft.serialization.stax.mate.test.BallSerializerVersionTest" time="0.006"/>
  <testcase name="[4] entry=com.cedarsoft.serialization.test.utils.AbstractXmlVersionTest2$XmlVersionEntry@16b76858" classname="com.cedarsoft.serialization.stax.mate.test.BallSerializerVersionTest" time="0.016"/>
  <system-out><![CDATA[]]></system-out>
  <system-err><![CDATA[]]></system-err>
</testsuite>
