<?xml version="1.0" encoding="UTF-8"?>
<testsuite name="com.cedarsoft.serialization.stax.mate.test.FooTest" tests="2" skipped="0" failures="0" errors="0" timestamp="2021-06-14T02:08:36" hostname="runner-kggansxr-project-47-concurrent-0" time="0.741">
  <properties/>
  <testcase name="[1] entry=Entry{object=com.cedarsoft.serialization.stax.mate.test.Foo@e8365004}" classname="com.cedarsoft.serialization.stax.mate.test.FooTest" time="0.692"/>
  <testcase name="[2] entry=Entry{object=com.cedarsoft.serialization.stax.mate.test.Foo@6f4ab004}" classname="com.cedarsoft.serialization.stax.mate.test.FooTest" time="0.047"/>
  <system-out><![CDATA[]]></system-out>
  <system-err><![CDATA[]]></system-err>
</testsuite>
