<?xml version="1.0" encoding="UTF-8"?>
<testsuite name="com.cedarsoft.serialization.stax.mate.test.FooTest" tests="2" skipped="0" failures="0" errors="0" timestamp="2021-09-24T02:06:16" hostname="runner-cs1zem-v-project-47-concurrent-0" time="0.182">
  <properties/>
  <testcase name="[1] entry=Entry{object=com.cedarsoft.serialization.stax.mate.test.Foo@b89f9eeb}" classname="com.cedarsoft.serialization.stax.mate.test.FooTest" time="0.09"/>
  <testcase name="[2] entry=Entry{object=com.cedarsoft.serialization.stax.mate.test.Foo@4cda9d98}" classname="com.cedarsoft.serialization.stax.mate.test.FooTest" time="0.087"/>
  <system-out><![CDATA[]]></system-out>
  <system-err><![CDATA[]]></system-err>
</testsuite>
