<?xml version="1.0" encoding="UTF-8"?>
<testsuite name="com.cedarsoft.serialization.stax.mate.primitives.NumberSerializerTest" tests="6" skipped="0" failures="0" errors="0" timestamp="2021-01-15T03:23:56" hostname="runner-kggansxr-project-47-concurrent-0" time="0.391">
  <properties/>
  <testcase name="[1] entry=Entry{object=123}" classname="com.cedarsoft.serialization.stax.mate.primitives.NumberSerializerTest" time="0.127"/>
  <testcase name="[2] entry=Entry{object=123.5}" classname="com.cedarsoft.serialization.stax.mate.primitives.NumberSerializerTest" time="0.066"/>
  <testcase name="[3] entry=Entry{object=-123.5}" classname="com.cedarsoft.serialization.stax.mate.primitives.NumberSerializerTest" time="0.059"/>
  <testcase name="[4] entry=Entry{object=1.7976931348623157E308}" classname="com.cedarsoft.serialization.stax.mate.primitives.NumberSerializerTest" time="0.052"/>
  <testcase name="[5] entry=Entry{object=-1.7976931348623157E308}" classname="com.cedarsoft.serialization.stax.mate.primitives.NumberSerializerTest" time="0.038"/>
  <testcase name="testNotClose()" classname="com.cedarsoft.serialization.stax.mate.primitives.NumberSerializerTest" time="0.003"/>
  <system-out><![CDATA[]]></system-out>
  <system-err><![CDATA[]]></system-err>
</testsuite>
