<?xml version="1.0" encoding="UTF-8"?>
<testsuite name="com.cedarsoft.serialization.stax.mate.test.DelegatesTest" tests="2" skipped="0" failures="0" errors="0" timestamp="2021-02-27T03:21:37" hostname="runner-cs1zem-v-project-47-concurrent-0" time="0.614">
  <properties/>
  <testcase name="testVisualize()" classname="com.cedarsoft.serialization.stax.mate.test.DelegatesTest" time="0.485"/>
  <testcase name="testSimple()" classname="com.cedarsoft.serialization.stax.mate.test.DelegatesTest" time="0.128"/>
  <system-out><![CDATA[]]></system-out>
  <system-err><![CDATA[]]></system-err>
</testsuite>
