<?xml version="1.0" encoding="UTF-8"?>
<testsuite name="com.cedarsoft.serialization.stax.mate.test.FooTest" tests="2" skipped="0" failures="0" errors="0" timestamp="2021-04-20T02:08:10" hostname="runner-kggansxr-project-47-concurrent-0" time="0.948">
  <properties/>
  <testcase name="[1] entry=Entry{object=com.cedarsoft.serialization.stax.mate.test.Foo@e271ab18}" classname="com.cedarsoft.serialization.stax.mate.test.FooTest" time="0.835"/>
  <testcase name="[2] entry=Entry{object=com.cedarsoft.serialization.stax.mate.test.Foo@2fb4f94f}" classname="com.cedarsoft.serialization.stax.mate.test.FooTest" time="0.111"/>
  <system-out><![CDATA[]]></system-out>
  <system-err><![CDATA[]]></system-err>
</testsuite>
