<?xml version="1.0" encoding="UTF-8"?>
<testsuite name="com.cedarsoft.serialization.stax.mate.test.DelegatesTest" tests="2" skipped="0" failures="0" errors="0" timestamp="2021-09-13T02:06:03" hostname="runner-cs1zem-v-project-47-concurrent-0" time="0.391">
  <properties/>
  <testcase name="testVisualize()" classname="com.cedarsoft.serialization.stax.mate.test.DelegatesTest" time="0.274"/>
  <testcase name="testSimple()" classname="com.cedarsoft.serialization.stax.mate.test.DelegatesTest" time="0.093"/>
  <system-out><![CDATA[]]></system-out>
  <system-err><![CDATA[]]></system-err>
</testsuite>
