<?xml version="1.0" encoding="UTF-8"?>
<testsuite name="com.cedarsoft.serialization.stax.mate.primitives.NumberSerializerTest" tests="6" skipped="0" failures="0" errors="0" timestamp="2021-12-17T03:10:01" hostname="runner-cs1zem-v-project-47-concurrent-0" time="0.263">
  <properties/>
  <testcase name="[1] entry=Entry{object=123}" classname="com.cedarsoft.serialization.stax.mate.primitives.NumberSerializerTest" time="0.154"/>
  <testcase name="[2] entry=Entry{object=123.5}" classname="com.cedarsoft.serialization.stax.mate.primitives.NumberSerializerTest" time="0.018"/>
  <testcase name="[3] entry=Entry{object=-123.5}" classname="com.cedarsoft.serialization.stax.mate.primitives.NumberSerializerTest" time="0.016"/>
  <testcase name="[4] entry=Entry{object=1.7976931348623157E308}" classname="com.cedarsoft.serialization.stax.mate.primitives.NumberSerializerTest" time="0.031"/>
  <testcase name="[5] entry=Entry{object=-1.7976931348623157E308}" classname="com.cedarsoft.serialization.stax.mate.primitives.NumberSerializerTest" time="0.026"/>
  <testcase name="testNotClose()" classname="com.cedarsoft.serialization.stax.mate.primitives.NumberSerializerTest" time="0.014"/>
  <system-out><![CDATA[]]></system-out>
  <system-err><![CDATA[]]></system-err>
</testsuite>
