<?xml version="1.0" encoding="UTF-8"?>
<testsuite name="com.cedarsoft.serialization.stax.mate.test.BallSerializerVersionTest" tests="4" skipped="0" failures="0" errors="0" timestamp="2021-04-25T02:06:04" hostname="runner-cs1zem-v-project-47-concurrent-0" time="0.101">
  <properties/>
  <testcase name="[1] entry=com.cedarsoft.serialization.test.utils.AbstractXmlVersionTest2$XmlVersionEntry@236d57d1" classname="com.cedarsoft.serialization.stax.mate.test.BallSerializerVersionTest" time="0.036"/>
  <testcase name="[2] entry=com.cedarsoft.serialization.test.utils.AbstractXmlVersionTest2$XmlVersionEntry@2ea23393" classname="com.cedarsoft.serialization.stax.mate.test.BallSerializerVersionTest" time="0.011"/>
  <testcase name="[3] entry=com.cedarsoft.serialization.test.utils.AbstractXmlVersionTest2$XmlVersionEntry@2ae3a74c" classname="com.cedarsoft.serialization.stax.mate.test.BallSerializerVersionTest" time="0.027"/>
  <testcase name="[4] entry=com.cedarsoft.serialization.test.utils.AbstractXmlVersionTest2$XmlVersionEntry@31dea0ac" classname="com.cedarsoft.serialization.stax.mate.test.BallSerializerVersionTest" time="0.008"/>
  <system-out><![CDATA[]]></system-out>
  <system-err><![CDATA[]]></system-err>
</testsuite>
