<?xml version="1.0" encoding="UTF-8"?>
<testsuite name="com.cedarsoft.serialization.stax.mate.test.FooTest" tests="2" skipped="0" failures="0" errors="0" timestamp="2021-08-31T02:06:25" hostname="runner-cs1zem-v-project-47-concurrent-0" time="0.154">
  <properties/>
  <testcase name="[1] entry=Entry{object=com.cedarsoft.serialization.stax.mate.test.Foo@f6455787}" classname="com.cedarsoft.serialization.stax.mate.test.FooTest" time="0.057"/>
  <testcase name="[2] entry=Entry{object=com.cedarsoft.serialization.stax.mate.test.Foo@bdad6ca}" classname="com.cedarsoft.serialization.stax.mate.test.FooTest" time="0.073"/>
  <system-out><![CDATA[]]></system-out>
  <system-err><![CDATA[]]></system-err>
</testsuite>
