<?xml version="1.0" encoding="UTF-8"?>
<testsuite name="com.cedarsoft.serialization.stax.mate.test.FooTest" tests="2" skipped="0" failures="0" errors="0" timestamp="2021-07-01T02:06:09" hostname="runner-cs1zem-v-project-47-concurrent-0" time="0.077">
  <properties/>
  <testcase name="[1] entry=Entry{object=com.cedarsoft.serialization.stax.mate.test.Foo@15065818}" classname="com.cedarsoft.serialization.stax.mate.test.FooTest" time="0.037"/>
  <testcase name="[2] entry=Entry{object=com.cedarsoft.serialization.stax.mate.test.Foo@10cd6ff9}" classname="com.cedarsoft.serialization.stax.mate.test.FooTest" time="0.029"/>
  <system-out><![CDATA[]]></system-out>
  <system-err><![CDATA[]]></system-err>
</testsuite>
