<?xml version="1.0" encoding="UTF-8"?>
<testsuite name="com.cedarsoft.test.io2.MoneyApiTest" tests="2" skipped="0" failures="0" errors="0" timestamp="2021-11-24T03:10:01" hostname="runner-ioxloixu-project-47-concurrent-0" time="0.927">
  <properties/>
  <testcase name="[1] entry=Entry{object=com.cedarsoft.test.io2.MoneyApiTest$MyObject@31aeb}" classname="com.cedarsoft.test.io2.MoneyApiTest" time="0.891"/>
  <testcase name="testWrongMapping()" classname="com.cedarsoft.test.io2.MoneyApiTest" time="0.008"/>
  <system-out><![CDATA[]]></system-out>
  <system-err><![CDATA[]]></system-err>
</testsuite>
