<?xml version="1.0" encoding="UTF-8"?>
<testsuite name="com.cedarsoft.test.io.CarSerializerTest" tests="3" skipped="0" failures="0" errors="0" timestamp="2021-07-12T02:06:28" hostname="runner-cs1zem-v-project-47-concurrent-0" time="0.081">
  <properties/>
  <testcase name="[1] entry=Entry{object=com.cedarsoft.test.Car@51c4523d}" classname="com.cedarsoft.test.io.CarSerializerTest" time="0.047"/>
  <testcase name="[2] entry=Entry{object=com.cedarsoft.test.Car@4a5cda2d}" classname="com.cedarsoft.test.io.CarSerializerTest" time="0.032"/>
  <testcase name="testAsciiArt()" classname="com.cedarsoft.test.io.CarSerializerTest" time="0.0"/>
  <system-out><![CDATA[]]></system-out>
  <system-err><![CDATA[]]></system-err>
</testsuite>
