<?xml version="1.0" encoding="UTF-8"?>
<testsuite name="com.cedarsoft.test.io.CarSerializerTest" tests="3" skipped="0" failures="0" errors="0" timestamp="2021-09-22T02:06:26" hostname="runner-cs1zem-v-project-47-concurrent-0" time="0.146">
  <properties/>
  <testcase name="[1] entry=Entry{object=com.cedarsoft.test.Car@65fa56f7}" classname="com.cedarsoft.test.io.CarSerializerTest" time="0.068"/>
  <testcase name="[2] entry=Entry{object=com.cedarsoft.test.Car@1e6e29d6}" classname="com.cedarsoft.test.io.CarSerializerTest" time="0.071"/>
  <testcase name="testAsciiArt()" classname="com.cedarsoft.test.io.CarSerializerTest" time="0.002"/>
  <system-out><![CDATA[]]></system-out>
  <system-err><![CDATA[]]></system-err>
</testsuite>
