<?xml version="1.0" encoding="UTF-8"?>
<testsuite name="com.cedarsoft.test.io2.ExtraSerializerVersionTest" tests="3" skipped="0" failures="0" errors="0" timestamp="2021-04-19T02:08:43" hostname="runner-kggansxr-project-47-concurrent-0" time="0.564">
  <properties/>
  <testcase name="[1] entry=com.cedarsoft.serialization.test.utils.AbstractXmlVersionTest2$XmlVersionEntry@51d3b211" classname="com.cedarsoft.test.io2.ExtraSerializerVersionTest" time="0.045"/>
  <testcase name="[2] entry=com.cedarsoft.serialization.test.utils.AbstractXmlVersionTest2$XmlVersionEntry@2853a2e6" classname="com.cedarsoft.test.io2.ExtraSerializerVersionTest" time="0.034"/>
  <testcase name="testAsciiArt()" classname="com.cedarsoft.test.io2.ExtraSerializerVersionTest" time="0.478"/>
  <system-out><![CDATA[]]></system-out>
  <system-err><![CDATA[]]></system-err>
</testsuite>
