<?xml version="1.0" encoding="UTF-8"?>
<testsuite name="com.cedarsoft.test.io.CarSerializerTest" tests="3" skipped="0" failures="0" errors="0" timestamp="2021-04-13T02:08:37" hostname="runner-kggansxr-project-47-concurrent-0" time="0.214">
  <properties/>
  <testcase name="[1] entry=Entry{object=com.cedarsoft.test.Car@5427a2a6}" classname="com.cedarsoft.test.io.CarSerializerTest" time="0.082"/>
  <testcase name="[2] entry=Entry{object=com.cedarsoft.test.Car@6501de97}" classname="com.cedarsoft.test.io.CarSerializerTest" time="0.111"/>
  <testcase name="testAsciiArt()" classname="com.cedarsoft.test.io.CarSerializerTest" time="0.008"/>
  <system-out><![CDATA[]]></system-out>
  <system-err><![CDATA[]]></system-err>
</testsuite>
