<?xml version="1.0" encoding="UTF-8"?>
<testsuite name="com.cedarsoft.test.io.CarSerializerTest" tests="3" skipped="0" failures="0" errors="0" timestamp="2021-04-02T02:08:05" hostname="runner-kggansxr-project-47-concurrent-0" time="0.241">
  <properties/>
  <testcase name="[1] entry=Entry{object=com.cedarsoft.test.Car@312140f3}" classname="com.cedarsoft.test.io.CarSerializerTest" time="0.098"/>
  <testcase name="[2] entry=Entry{object=com.cedarsoft.test.Car@7cd24642}" classname="com.cedarsoft.test.io.CarSerializerTest" time="0.134"/>
  <testcase name="testAsciiArt()" classname="com.cedarsoft.test.io.CarSerializerTest" time="0.005"/>
  <system-out><![CDATA[]]></system-out>
  <system-err><![CDATA[]]></system-err>
</testsuite>
