<?xml version="1.0" encoding="UTF-8"?>
<testsuite name="com.cedarsoft.test.io2.CarSerializerTest" tests="1" skipped="0" failures="0" errors="0" timestamp="2021-04-02T02:08:03" hostname="runner-kggansxr-project-47-concurrent-0" time="0.464">
  <properties/>
  <testcase name="[1] entry=Entry{object=com.cedarsoft.test.Car@15391a79}" classname="com.cedarsoft.test.io2.CarSerializerTest" time="0.464"/>
  <system-out><![CDATA[]]></system-out>
  <system-err><![CDATA[]]></system-err>
</testsuite>
