<?xml version="1.0" encoding="UTF-8"?>
<testsuite name="com.cedarsoft.test.io.MoneySerializerTest" tests="1" skipped="0" failures="0" errors="0" timestamp="2021-02-28T03:23:09" hostname="runner-pgnkb89--project-47-concurrent-0" time="0.053">
  <properties/>
  <testcase name="[1] entry=Entry{object=com.cedarsoft.test.Money@4af}" classname="com.cedarsoft.test.io.MoneySerializerTest" time="0.053"/>
  <system-out><![CDATA[]]></system-out>
  <system-err><![CDATA[]]></system-err>
</testsuite>
