<?xml version="1.0" encoding="UTF-8"?>
<testsuite name="com.cedarsoft.test.io.CarSerializerTest" tests="3" skipped="0" failures="0" errors="0" timestamp="2021-07-26T02:10:00" hostname="runner-kggansxr-project-47-concurrent-0" time="0.287">
  <properties/>
  <testcase name="[1] entry=Entry{object=com.cedarsoft.test.Car@609285ea}" classname="com.cedarsoft.test.io.CarSerializerTest" time="0.181"/>
  <testcase name="[2] entry=Entry{object=com.cedarsoft.test.Car@5cc045ec}" classname="com.cedarsoft.test.io.CarSerializerTest" time="0.081"/>
  <testcase name="testAsciiArt()" classname="com.cedarsoft.test.io.CarSerializerTest" time="0.001"/>
  <system-out><![CDATA[]]></system-out>
  <system-err><![CDATA[]]></system-err>
</testsuite>
