<?xml version="1.0" encoding="UTF-8"?>
<testsuite name="com.cedarsoft.test.io.CarSerializerTest" tests="3" skipped="0" failures="0" errors="0" timestamp="2021-06-20T02:09:20" hostname="runner-kggansxr-project-47-concurrent-0" time="0.297">
  <properties/>
  <testcase name="[1] entry=Entry{object=com.cedarsoft.test.Car@72f179d9}" classname="com.cedarsoft.test.io.CarSerializerTest" time="0.146"/>
  <testcase name="[2] entry=Entry{object=com.cedarsoft.test.Car@6f8b73c9}" classname="com.cedarsoft.test.io.CarSerializerTest" time="0.104"/>
  <testcase name="testAsciiArt()" classname="com.cedarsoft.test.io.CarSerializerTest" time="0.004"/>
  <system-out><![CDATA[]]></system-out>
  <system-err><![CDATA[]]></system-err>
</testsuite>
