<?xml version="1.0" encoding="UTF-8"?>
<testsuite name="com.cedarsoft.test.io.CarSerializerTest" tests="3" skipped="0" failures="0" errors="0" timestamp="2021-07-21T02:09:33" hostname="runner-kggansxr-project-47-concurrent-0" time="0.272">
  <properties/>
  <testcase name="[1] entry=Entry{object=com.cedarsoft.test.Car@978558f}" classname="com.cedarsoft.test.io.CarSerializerTest" time="0.134"/>
  <testcase name="[2] entry=Entry{object=com.cedarsoft.test.Car@63d334d4}" classname="com.cedarsoft.test.io.CarSerializerTest" time="0.123"/>
  <testcase name="testAsciiArt()" classname="com.cedarsoft.test.io.CarSerializerTest" time="0.011"/>
  <system-out><![CDATA[]]></system-out>
  <system-err><![CDATA[]]></system-err>
</testsuite>
