<?xml version="1.0" encoding="UTF-8"?>
<testsuite name="com.cedarsoft.test.io2.MoneyApiTest" tests="2" skipped="0" failures="0" errors="0" timestamp="2021-07-20T02:09:55" hostname="runner-kggansxr-project-47-concurrent-0" time="0.101">
  <properties/>
  <testcase name="[1] entry=Entry{object=com.cedarsoft.test.io2.MoneyApiTest$MyObject@31aeb}" classname="com.cedarsoft.test.io2.MoneyApiTest" time="0.09"/>
  <testcase name="testWrongMapping()" classname="com.cedarsoft.test.io2.MoneyApiTest" time="0.004"/>
  <system-out><![CDATA[]]></system-out>
  <system-err><![CDATA[]]></system-err>
</testsuite>
