<?xml version="1.0" encoding="UTF-8"?>
<testsuite name="com.cedarsoft.test.io2.ExtraSerializerVersionTest" tests="3" skipped="0" failures="0" errors="0" timestamp="2021-11-22T03:09:45" hostname="runner-cs1zem-v-project-47-concurrent-0" time="0.019">
  <properties/>
  <testcase name="[1] entry=com.cedarsoft.serialization.test.utils.AbstractXmlVersionTest2$XmlVersionEntry@811d8d6" classname="com.cedarsoft.test.io2.ExtraSerializerVersionTest" time="0.007"/>
  <testcase name="[2] entry=com.cedarsoft.serialization.test.utils.AbstractXmlVersionTest2$XmlVersionEntry@7f57a7a4" classname="com.cedarsoft.test.io2.ExtraSerializerVersionTest" time="0.009"/>
  <testcase name="testAsciiArt()" classname="com.cedarsoft.test.io2.ExtraSerializerVersionTest" time="0.001"/>
  <system-out><![CDATA[]]></system-out>
  <system-err><![CDATA[]]></system-err>
</testsuite>
