<?xml version="1.0" encoding="UTF-8"?>
<testsuite name="com.cedarsoft.test.io2.ExtraSerializerVersionTest" tests="3" skipped="0" failures="0" errors="0" timestamp="2021-04-20T02:08:28" hostname="runner-kggansxr-project-47-concurrent-0" time="0.449">
  <properties/>
  <testcase name="[1] entry=com.cedarsoft.serialization.test.utils.AbstractXmlVersionTest2$XmlVersionEntry@5433d858" classname="com.cedarsoft.test.io2.ExtraSerializerVersionTest" time="0.04"/>
  <testcase name="[2] entry=com.cedarsoft.serialization.test.utils.AbstractXmlVersionTest2$XmlVersionEntry@282c7901" classname="com.cedarsoft.test.io2.ExtraSerializerVersionTest" time="0.004"/>
  <testcase name="testAsciiArt()" classname="com.cedarsoft.test.io2.ExtraSerializerVersionTest" time="0.377"/>
  <system-out><![CDATA[]]></system-out>
  <system-err><![CDATA[]]></system-err>
</testsuite>
