<?xml version="1.0" encoding="UTF-8"?>
<testsuite name="com.cedarsoft.test.io.CarSerializerTest" tests="3" skipped="0" failures="0" errors="0" timestamp="2021-08-19T02:09:47" hostname="runner-kggansxr-project-47-concurrent-0" time="0.202">
  <properties/>
  <testcase name="[1] entry=Entry{object=com.cedarsoft.test.Car@147c4523}" classname="com.cedarsoft.test.io.CarSerializerTest" time="0.083"/>
  <testcase name="[2] entry=Entry{object=com.cedarsoft.test.Car@49bc1f6c}" classname="com.cedarsoft.test.io.CarSerializerTest" time="0.109"/>
  <testcase name="testAsciiArt()" classname="com.cedarsoft.test.io.CarSerializerTest" time="0.008"/>
  <system-out><![CDATA[]]></system-out>
  <system-err><![CDATA[]]></system-err>
</testsuite>
