<?xml version="1.0" encoding="UTF-8"?>
<testsuite name="com.cedarsoft.test.io.CarSerializerTest" tests="3" skipped="0" failures="0" errors="0" timestamp="2021-02-23T03:21:40" hostname="runner-cs1zem-v-project-47-concurrent-0" time="0.119">
  <properties/>
  <testcase name="[1] entry=Entry{object=com.cedarsoft.test.Car@40cdc1d8}" classname="com.cedarsoft.test.io.CarSerializerTest" time="0.041"/>
  <testcase name="[2] entry=Entry{object=com.cedarsoft.test.Car@6173d0d9}" classname="com.cedarsoft.test.io.CarSerializerTest" time="0.063"/>
  <testcase name="testAsciiArt()" classname="com.cedarsoft.test.io.CarSerializerTest" time="0.011"/>
  <system-out><![CDATA[]]></system-out>
  <system-err><![CDATA[]]></system-err>
</testsuite>
