<?xml version="1.0" encoding="UTF-8"?>
<testsuite name="com.cedarsoft.test.io2.MoneyApiTest" tests="2" skipped="0" failures="0" errors="0" timestamp="2022-01-29T03:10:31" hostname="runner-cs1zem-v-project-47-concurrent-0" time="0.123">
  <properties/>
  <testcase name="[1] entry=Entry{object=com.cedarsoft.test.io2.MoneyApiTest$MyObject@31aeb}" classname="com.cedarsoft.test.io2.MoneyApiTest" time="0.114"/>
  <testcase name="testWrongMapping()" classname="com.cedarsoft.test.io2.MoneyApiTest" time="0.008"/>
  <system-out><![CDATA[]]></system-out>
  <system-err><![CDATA[]]></system-err>
</testsuite>
