<?xml version="1.0" encoding="UTF-8"?>
<testsuite name="com.cedarsoft.test.io.CarSerializerTest" tests="3" skipped="0" failures="0" errors="0" timestamp="2021-07-09T02:06:50" hostname="runner-cs1zem-v-project-47-concurrent-0" time="0.081">
  <properties/>
  <testcase name="[1] entry=Entry{object=com.cedarsoft.test.Car@51346368}" classname="com.cedarsoft.test.io.CarSerializerTest" time="0.041"/>
  <testcase name="[2] entry=Entry{object=com.cedarsoft.test.Car@2fbb14d8}" classname="com.cedarsoft.test.io.CarSerializerTest" time="0.037"/>
  <testcase name="testAsciiArt()" classname="com.cedarsoft.test.io.CarSerializerTest" time="0.001"/>
  <system-out><![CDATA[]]></system-out>
  <system-err><![CDATA[]]></system-err>
</testsuite>
