<?xml version="1.0" encoding="UTF-8"?>
<testsuite name="com.cedarsoft.test.io2.ExtraSerializerTest" tests="1" skipped="0" failures="0" errors="0" timestamp="2021-10-22T02:06:23" hostname="runner-cs1zem-v-project-47-concurrent-0" time="0.129">
  <properties/>
  <testcase name="[1] entry=Entry{object=com.cedarsoft.test.Extra@b069c7da}" classname="com.cedarsoft.test.io2.ExtraSerializerTest" time="0.129"/>
  <system-out><![CDATA[]]></system-out>
  <system-err><![CDATA[]]></system-err>
</testsuite>
