<?xml version="1.0" encoding="UTF-8"?>
<testsuite name="com.cedarsoft.test.io2.MoneySerializerVersionsTest" tests="2" skipped="0" failures="0" errors="0" timestamp="2021-02-10T03:22:58" hostname="runner-pgnkb89--project-47-concurrent-0" time="0.02">
  <properties/>
  <testcase name="[1] entry=com.cedarsoft.serialization.test.utils.AbstractXmlVersionTest2$XmlVersionEntry@51530c33" classname="com.cedarsoft.test.io2.MoneySerializerVersionsTest" time="0.005"/>
  <testcase name="[2] entry=com.cedarsoft.serialization.test.utils.AbstractXmlVersionTest2$XmlVersionEntry@260cb68d" classname="com.cedarsoft.test.io2.MoneySerializerVersionsTest" time="0.013"/>
  <system-out><![CDATA[]]></system-out>
  <system-err><![CDATA[]]></system-err>
</testsuite>
