<?xml version="1.0" encoding="UTF-8"?>
<testsuite name="com.cedarsoft.test.io2.MoneySerializerManualVersionTest" tests="3" skipped="0" failures="0" errors="0" timestamp="2022-02-10T17:16:55" hostname="runner-ioxloixu-project-47-concurrent-1" time="0.042">
  <properties/>
  <testcase name="testCurrentFormat()" classname="com.cedarsoft.test.io2.MoneySerializerManualVersionTest" time="0.002"/>
  <testcase name="testCurrent()" classname="com.cedarsoft.test.io2.MoneySerializerManualVersionTest" time="0.036"/>
  <testcase name="testOldFormat()" classname="com.cedarsoft.test.io2.MoneySerializerManualVersionTest" time="0.001"/>
  <system-out><![CDATA[]]></system-out>
  <system-err><![CDATA[]]></system-err>
</testsuite>
