<?xml version="1.0" encoding="UTF-8"?>
<testsuite name="com.cedarsoft.test.io.CarSerializerTest" tests="3" skipped="0" failures="0" errors="0" timestamp="2021-03-03T03:06:59" hostname="runner-pgnkb89--project-47-concurrent-0" time="0.697">
  <properties/>
  <testcase name="[1] entry=Entry{object=com.cedarsoft.test.Car@ea30d21}" classname="com.cedarsoft.test.io.CarSerializerTest" time="0.123"/>
  <testcase name="[2] entry=Entry{object=com.cedarsoft.test.Car@5a6d572e}" classname="com.cedarsoft.test.io.CarSerializerTest" time="0.085"/>
  <testcase name="testAsciiArt()" classname="com.cedarsoft.test.io.CarSerializerTest" time="0.484"/>
  <system-out><![CDATA[]]></system-out>
  <system-err><![CDATA[]]></system-err>
</testsuite>
