<?xml version="1.0" encoding="UTF-8"?>
<testsuite name="com.cedarsoft.test.io.CarSerializerTest" tests="3" skipped="0" failures="0" errors="0" timestamp="2021-02-19T03:22:35" hostname="runner-pgnkb89--project-47-concurrent-0" time="0.893">
  <properties/>
  <testcase name="[1] entry=Entry{object=com.cedarsoft.test.Car@265dd371}" classname="com.cedarsoft.test.io.CarSerializerTest" time="0.074"/>
  <testcase name="[2] entry=Entry{object=com.cedarsoft.test.Car@12267f68}" classname="com.cedarsoft.test.io.CarSerializerTest" time="0.11"/>
  <testcase name="testAsciiArt()" classname="com.cedarsoft.test.io.CarSerializerTest" time="0.701"/>
  <system-out><![CDATA[]]></system-out>
  <system-err><![CDATA[]]></system-err>
</testsuite>
