<?xml version="1.0" encoding="UTF-8"?>
<testsuite name="com.cedarsoft.test.io.CarSerializerTest" tests="3" skipped="0" failures="0" errors="0" timestamp="2021-07-20T02:09:55" hostname="runner-kggansxr-project-47-concurrent-0" time="0.156">
  <properties/>
  <testcase name="[1] entry=Entry{object=com.cedarsoft.test.Car@609285ea}" classname="com.cedarsoft.test.io.CarSerializerTest" time="0.052"/>
  <testcase name="[2] entry=Entry{object=com.cedarsoft.test.Car@5cc045ec}" classname="com.cedarsoft.test.io.CarSerializerTest" time="0.091"/>
  <testcase name="testAsciiArt()" classname="com.cedarsoft.test.io.CarSerializerTest" time="0.003"/>
  <system-out><![CDATA[]]></system-out>
  <system-err><![CDATA[]]></system-err>
</testsuite>
