<?xml version="1.0" encoding="UTF-8"?>
<testsuite name="com.cedarsoft.test.io2.MoneySerializerVersionsTest" tests="2" skipped="0" failures="0" errors="0" timestamp="2021-08-09T02:10:50" hostname="runner-kggansxr-project-47-concurrent-0" time="0.037">
  <properties/>
  <testcase name="[1] entry=com.cedarsoft.serialization.test.utils.AbstractXmlVersionTest2$XmlVersionEntry@6f08d4a9" classname="com.cedarsoft.test.io2.MoneySerializerVersionsTest" time="0.004"/>
  <testcase name="[2] entry=com.cedarsoft.serialization.test.utils.AbstractXmlVersionTest2$XmlVersionEntry@78f2118f" classname="com.cedarsoft.test.io2.MoneySerializerVersionsTest" time="0.026"/>
  <system-out><![CDATA[]]></system-out>
  <system-err><![CDATA[]]></system-err>
</testsuite>
