<?xml version="1.0" encoding="UTF-8"?>
<testsuite name="com.cedarsoft.test.io.CarSerializerTest" tests="3" skipped="0" failures="0" errors="0" timestamp="2021-11-24T03:10:03" hostname="runner-ioxloixu-project-47-concurrent-0" time="0.106">
  <properties/>
  <testcase name="[1] entry=Entry{object=com.cedarsoft.test.Car@59700156}" classname="com.cedarsoft.test.io.CarSerializerTest" time="0.058"/>
  <testcase name="[2] entry=Entry{object=com.cedarsoft.test.Car@5c30decf}" classname="com.cedarsoft.test.io.CarSerializerTest" time="0.038"/>
  <testcase name="testAsciiArt()" classname="com.cedarsoft.test.io.CarSerializerTest" time="0.001"/>
  <system-out><![CDATA[]]></system-out>
  <system-err><![CDATA[]]></system-err>
</testsuite>
