<?xml version="1.0" encoding="UTF-8"?>
<testsuite name="com.cedarsoft.test.io.CarSerializerTest" tests="3" skipped="0" failures="0" errors="0" timestamp="2021-01-17T03:21:47" hostname="runner-cs1zem-v-project-47-concurrent-0" time="0.147">
  <properties/>
  <testcase name="[1] entry=Entry{object=com.cedarsoft.test.Car@74f20e3d}" classname="com.cedarsoft.test.io.CarSerializerTest" time="0.048"/>
  <testcase name="[2] entry=Entry{object=com.cedarsoft.test.Car@53c98cfe}" classname="com.cedarsoft.test.io.CarSerializerTest" time="0.085"/>
  <testcase name="testAsciiArt()" classname="com.cedarsoft.test.io.CarSerializerTest" time="0.005"/>
  <system-out><![CDATA[]]></system-out>
  <system-err><![CDATA[]]></system-err>
</testsuite>
