<?xml version="1.0" encoding="UTF-8"?>
<testsuite name="com.cedarsoft.test.io.CarSerializerTest" tests="3" skipped="0" failures="0" errors="0" timestamp="2021-01-26T03:21:38" hostname="runner-cs1zem-v-project-47-concurrent-0" time="0.127">
  <properties/>
  <testcase name="[1] entry=Entry{object=com.cedarsoft.test.Car@372c5cbe}" classname="com.cedarsoft.test.io.CarSerializerTest" time="0.056"/>
  <testcase name="[2] entry=Entry{object=com.cedarsoft.test.Car@26377572}" classname="com.cedarsoft.test.io.CarSerializerTest" time="0.058"/>
  <testcase name="testAsciiArt()" classname="com.cedarsoft.test.io.CarSerializerTest" time="0.004"/>
  <system-out><![CDATA[]]></system-out>
  <system-err><![CDATA[]]></system-err>
</testsuite>
