<?xml version="1.0" encoding="UTF-8"?>
<testsuite name="com.cedarsoft.test.io2.CarSerializerTest" tests="1" skipped="0" failures="0" errors="0" timestamp="2021-12-06T03:10:26" hostname="runner-cs1zem-v-project-47-concurrent-0" time="0.048">
  <properties/>
  <testcase name="[1] entry=Entry{object=com.cedarsoft.test.Car@296949c8}" classname="com.cedarsoft.test.io2.CarSerializerTest" time="0.048"/>
  <system-out><![CDATA[]]></system-out>
  <system-err><![CDATA[]]></system-err>
</testsuite>
