<?xml version="1.0" encoding="UTF-8"?>
<testsuite name="com.cedarsoft.test.io.CarSerializerTest" tests="3" skipped="0" failures="0" errors="0" timestamp="2021-01-19T03:22:04" hostname="runner-pgnkb89--project-47-concurrent-0" time="0.514">
  <properties/>
  <testcase name="[1] entry=Entry{object=com.cedarsoft.test.Car@3701017a}" classname="com.cedarsoft.test.io.CarSerializerTest" time="0.146"/>
  <testcase name="[2] entry=Entry{object=com.cedarsoft.test.Car@1ca6ef06}" classname="com.cedarsoft.test.io.CarSerializerTest" time="0.084"/>
  <testcase name="testAsciiArt()" classname="com.cedarsoft.test.io.CarSerializerTest" time="0.274"/>
  <system-out><![CDATA[]]></system-out>
  <system-err><![CDATA[]]></system-err>
</testsuite>
