<?xml version="1.0" encoding="UTF-8"?>
<testsuite name="com.cedarsoft.test.io.ModelSerializerTest" tests="4" skipped="0" failures="0" errors="0" timestamp="2021-02-03T03:22:28" hostname="runner-pgnkb89--project-47-concurrent-0" time="0.308">
  <properties/>
  <testcase name="[1] entry=Entry{object=Model{name='Toyota'}}" classname="com.cedarsoft.test.io.ModelSerializerTest" time="0.07"/>
  <testcase name="[2] entry=Entry{object=Model{name='GM'}}" classname="com.cedarsoft.test.io.ModelSerializerTest" time="0.064"/>
  <testcase name="[3] entry=Entry{object=Model{name='Volkswagen'}}" classname="com.cedarsoft.test.io.ModelSerializerTest" time="0.085"/>
  <testcase name="[4] entry=Entry{object=Model{name='Renault'}}" classname="com.cedarsoft.test.io.ModelSerializerTest" time="0.033"/>
  <system-out><![CDATA[]]></system-out>
  <system-err><![CDATA[]]></system-err>
</testsuite>
