<?xml version="1.0" encoding="UTF-8"?>
<testsuite name="com.cedarsoft.test.io2.ExtraSerializerVersionTest" tests="3" skipped="0" failures="0" errors="0" timestamp="2021-11-10T11:20:33" hostname="runner-ioxloixu-project-47-concurrent-0" time="0.201">
  <properties/>
  <testcase name="[1] entry=com.cedarsoft.serialization.test.utils.AbstractXmlVersionTest2$XmlVersionEntry@11cc9e1e" classname="com.cedarsoft.test.io2.ExtraSerializerVersionTest" time="0.005"/>
  <testcase name="[2] entry=com.cedarsoft.serialization.test.utils.AbstractXmlVersionTest2$XmlVersionEntry@4fedf908" classname="com.cedarsoft.test.io2.ExtraSerializerVersionTest" time="0.01"/>
  <testcase name="testAsciiArt()" classname="com.cedarsoft.test.io2.ExtraSerializerVersionTest" time="0.179"/>
  <system-out><![CDATA[]]></system-out>
  <system-err><![CDATA[]]></system-err>
</testsuite>
