<?xml version="1.0" encoding="UTF-8"?>
<testsuite name="com.cedarsoft.test.io.CarSerializerTest" tests="3" skipped="0" failures="0" errors="0" timestamp="2022-02-04T03:10:03" hostname="runner-ioxloixu-project-47-concurrent-0" time="1.674">
  <properties/>
  <testcase name="[1] entry=Entry{object=com.cedarsoft.test.Car@3003827c}" classname="com.cedarsoft.test.io.CarSerializerTest" time="1.357"/>
  <testcase name="[2] entry=Entry{object=com.cedarsoft.test.Car@4db46344}" classname="com.cedarsoft.test.io.CarSerializerTest" time="0.079"/>
  <testcase name="testAsciiArt()" classname="com.cedarsoft.test.io.CarSerializerTest" time="0.214"/>
  <system-out><![CDATA[]]></system-out>
  <system-err><![CDATA[]]></system-err>
</testsuite>
