<?xml version="1.0" encoding="UTF-8"?>
<testsuite name="com.cedarsoft.test.io2.MoneySerializerVersionsTest" tests="2" skipped="0" failures="0" errors="0" timestamp="2021-01-17T03:21:47" hostname="runner-cs1zem-v-project-47-concurrent-0" time="0.015">
  <properties/>
  <testcase name="[1] entry=com.cedarsoft.serialization.test.utils.AbstractXmlVersionTest2$XmlVersionEntry@432f8eaf" classname="com.cedarsoft.test.io2.MoneySerializerVersionsTest" time="0.011"/>
  <testcase name="[2] entry=com.cedarsoft.serialization.test.utils.AbstractXmlVersionTest2$XmlVersionEntry@355c9edb" classname="com.cedarsoft.test.io2.MoneySerializerVersionsTest" time="0.003"/>
  <system-out><![CDATA[]]></system-out>
  <system-err><![CDATA[]]></system-err>
</testsuite>
