<?xml version="1.0" encoding="UTF-8"?>
<testsuite name="com.cedarsoft.test.io.CarSerializerTest" tests="3" skipped="0" failures="0" errors="0" timestamp="2021-02-13T03:22:53" hostname="runner-pgnkb89--project-47-concurrent-0" time="0.631">
  <properties/>
  <testcase name="[1] entry=Entry{object=com.cedarsoft.test.Car@3ca0bad4}" classname="com.cedarsoft.test.io.CarSerializerTest" time="0.095"/>
  <testcase name="[2] entry=Entry{object=com.cedarsoft.test.Car@1711b30f}" classname="com.cedarsoft.test.io.CarSerializerTest" time="0.068"/>
  <testcase name="testAsciiArt()" classname="com.cedarsoft.test.io.CarSerializerTest" time="0.462"/>
  <system-out><![CDATA[]]></system-out>
  <system-err><![CDATA[]]></system-err>
</testsuite>
