<?xml version="1.0" encoding="UTF-8"?>
<testsuite name="com.cedarsoft.test.io.CarSerializerTest" tests="3" skipped="0" failures="0" errors="0" timestamp="2021-08-29T02:06:26" hostname="runner-cs1zem-v-project-47-concurrent-0" time="0.089">
  <properties/>
  <testcase name="[1] entry=Entry{object=com.cedarsoft.test.Car@d1973e8}" classname="com.cedarsoft.test.io.CarSerializerTest" time="0.031"/>
  <testcase name="[2] entry=Entry{object=com.cedarsoft.test.Car@e581302}" classname="com.cedarsoft.test.io.CarSerializerTest" time="0.056"/>
  <testcase name="testAsciiArt()" classname="com.cedarsoft.test.io.CarSerializerTest" time="0.001"/>
  <system-out><![CDATA[]]></system-out>
  <system-err><![CDATA[]]></system-err>
</testsuite>
