<?xml version="1.0" encoding="UTF-8"?>
<testsuite name="com.cedarsoft.test.io.ModelSerializerTest" tests="4" skipped="0" failures="0" errors="0" timestamp="2021-04-16T02:06:15" hostname="runner-cs1zem-v-project-47-concurrent-0" time="0.224">
  <properties/>
  <testcase name="[1] entry=Entry{object=Model{name='Toyota'}}" classname="com.cedarsoft.test.io.ModelSerializerTest" time="0.067"/>
  <testcase name="[2] entry=Entry{object=Model{name='GM'}}" classname="com.cedarsoft.test.io.ModelSerializerTest" time="0.055"/>
  <testcase name="[3] entry=Entry{object=Model{name='Volkswagen'}}" classname="com.cedarsoft.test.io.ModelSerializerTest" time="0.054"/>
  <testcase name="[4] entry=Entry{object=Model{name='Renault'}}" classname="com.cedarsoft.test.io.ModelSerializerTest" time="0.044"/>
  <system-out><![CDATA[]]></system-out>
  <system-err><![CDATA[]]></system-err>
</testsuite>
