<?xml version="1.0" encoding="UTF-8"?>
<testsuite name="com.cedarsoft.test.io2.MoneySerializerManualVersionTest" tests="3" skipped="0" failures="0" errors="0" timestamp="2021-10-03T02:06:41" hostname="runner-cs1zem-v-project-47-concurrent-0" time="0.111">
  <properties/>
  <testcase name="testCurrentFormat()" classname="com.cedarsoft.test.io2.MoneySerializerManualVersionTest" time="0.014"/>
  <testcase name="testCurrent()" classname="com.cedarsoft.test.io2.MoneySerializerManualVersionTest" time="0.085"/>
  <testcase name="testOldFormat()" classname="com.cedarsoft.test.io2.MoneySerializerManualVersionTest" time="0.005"/>
  <system-out><![CDATA[]]></system-out>
  <system-err><![CDATA[]]></system-err>
</testsuite>
