<?xml version="1.0" encoding="UTF-8"?>
<testsuite name="com.cedarsoft.test.io.CarSerializerTest" tests="3" skipped="0" failures="0" errors="0" timestamp="2021-06-05T02:08:56" hostname="runner-kggansxr-project-47-concurrent-0" time="0.399">
  <properties/>
  <testcase name="[1] entry=Entry{object=com.cedarsoft.test.Car@685c603d}" classname="com.cedarsoft.test.io.CarSerializerTest" time="0.193"/>
  <testcase name="[2] entry=Entry{object=com.cedarsoft.test.Car@5402168d}" classname="com.cedarsoft.test.io.CarSerializerTest" time="0.171"/>
  <testcase name="testAsciiArt()" classname="com.cedarsoft.test.io.CarSerializerTest" time="0.005"/>
  <system-out><![CDATA[]]></system-out>
  <system-err><![CDATA[]]></system-err>
</testsuite>
