<?xml version="1.0" encoding="UTF-8"?>
<testsuite name="com.cedarsoft.test.io.CarSerializerTest" tests="3" skipped="0" failures="0" errors="0" timestamp="2021-07-18T02:06:50" hostname="runner-cs1zem-v-project-47-concurrent-0" time="0.171">
  <properties/>
  <testcase name="[1] entry=Entry{object=com.cedarsoft.test.Car@5801c8b3}" classname="com.cedarsoft.test.io.CarSerializerTest" time="0.078"/>
  <testcase name="[2] entry=Entry{object=com.cedarsoft.test.Car@388a3def}" classname="com.cedarsoft.test.io.CarSerializerTest" time="0.077"/>
  <testcase name="testAsciiArt()" classname="com.cedarsoft.test.io.CarSerializerTest" time="0.002"/>
  <system-out><![CDATA[]]></system-out>
  <system-err><![CDATA[]]></system-err>
</testsuite>
