<?xml version="1.0" encoding="UTF-8"?>
<testsuite name="com.cedarsoft.test.io.CarSerializerTest" tests="3" skipped="0" failures="0" errors="0" timestamp="2021-03-21T03:07:58" hostname="runner-kggansxr-project-47-concurrent-0" time="0.383">
  <properties/>
  <testcase name="[1] entry=Entry{object=com.cedarsoft.test.Car@3eff09ad}" classname="com.cedarsoft.test.io.CarSerializerTest" time="0.156"/>
  <testcase name="[2] entry=Entry{object=com.cedarsoft.test.Car@28c1e146}" classname="com.cedarsoft.test.io.CarSerializerTest" time="0.194"/>
  <testcase name="testAsciiArt()" classname="com.cedarsoft.test.io.CarSerializerTest" time="0.01"/>
  <system-out><![CDATA[]]></system-out>
  <system-err><![CDATA[]]></system-err>
</testsuite>
