<?xml version="1.0" encoding="UTF-8"?>
<testsuite name="com.cedarsoft.test.io.CarSerializerTest" tests="3" skipped="0" failures="0" errors="0" timestamp="2021-02-07T03:24:21" hostname="runner-kggansxr-project-47-concurrent-0" time="0.169">
  <properties/>
  <testcase name="[1] entry=Entry{object=com.cedarsoft.test.Car@781ef16d}" classname="com.cedarsoft.test.io.CarSerializerTest" time="0.075"/>
  <testcase name="[2] entry=Entry{object=com.cedarsoft.test.Car@1aa83c90}" classname="com.cedarsoft.test.io.CarSerializerTest" time="0.073"/>
  <testcase name="testAsciiArt()" classname="com.cedarsoft.test.io.CarSerializerTest" time="0.003"/>
  <system-out><![CDATA[]]></system-out>
  <system-err><![CDATA[]]></system-err>
</testsuite>
