<?xml version="1.0" encoding="UTF-8"?>
<testsuite name="com.cedarsoft.test.io.CarSerializerTest" tests="3" skipped="0" failures="0" errors="0" timestamp="2021-11-10T11:20:34" hostname="runner-ioxloixu-project-47-concurrent-0" time="0.061">
  <properties/>
  <testcase name="[1] entry=Entry{object=com.cedarsoft.test.Car@59700156}" classname="com.cedarsoft.test.io.CarSerializerTest" time="0.034"/>
  <testcase name="[2] entry=Entry{object=com.cedarsoft.test.Car@5c30decf}" classname="com.cedarsoft.test.io.CarSerializerTest" time="0.017"/>
  <testcase name="testAsciiArt()" classname="com.cedarsoft.test.io.CarSerializerTest" time="0.002"/>
  <system-out><![CDATA[]]></system-out>
  <system-err><![CDATA[]]></system-err>
</testsuite>
