<?xml version="1.0" encoding="UTF-8"?>
<testsuite name="com.cedarsoft.test.io2.CarSerializerTest" tests="1" skipped="0" failures="0" errors="0" timestamp="2021-09-13T02:06:05" hostname="runner-cs1zem-v-project-47-concurrent-0" time="0.096">
  <properties/>
  <testcase name="[1] entry=Entry{object=com.cedarsoft.test.Car@33a71d23}" classname="com.cedarsoft.test.io2.CarSerializerTest" time="0.096"/>
  <system-out><![CDATA[]]></system-out>
  <system-err><![CDATA[]]></system-err>
</testsuite>
