<?xml version="1.0" encoding="UTF-8"?>
<testsuite name="com.cedarsoft.test.io.CarSerializerTest" tests="3" skipped="0" failures="0" errors="0" timestamp="2021-05-07T02:09:13" hostname="runner-kggansxr-project-47-concurrent-0" time="0.345">
  <properties/>
  <testcase name="[1] entry=Entry{object=com.cedarsoft.test.Car@5ff7ca5f}" classname="com.cedarsoft.test.io.CarSerializerTest" time="0.214"/>
  <testcase name="[2] entry=Entry{object=com.cedarsoft.test.Car@1cfb4698}" classname="com.cedarsoft.test.io.CarSerializerTest" time="0.128"/>
  <testcase name="testAsciiArt()" classname="com.cedarsoft.test.io.CarSerializerTest" time="0.001"/>
  <system-out><![CDATA[]]></system-out>
  <system-err><![CDATA[]]></system-err>
</testsuite>
