<?xml version="1.0" encoding="UTF-8"?>
<testsuite name="com.cedarsoft.test.io2.CarSerializerTest" tests="1" skipped="0" failures="0" errors="0" timestamp="2021-05-17T02:09:18" hostname="runner-kggansxr-project-47-concurrent-0" time="0.724">
  <properties/>
  <testcase name="[1] entry=Entry{object=com.cedarsoft.test.Car@10c75a6}" classname="com.cedarsoft.test.io2.CarSerializerTest" time="0.724"/>
  <system-out><![CDATA[]]></system-out>
  <system-err><![CDATA[]]></system-err>
</testsuite>
