<?xml version="1.0" encoding="UTF-8"?>
<testsuite name="com.cedarsoft.test.io.ModelSerializerTest" tests="4" skipped="0" failures="0" errors="0" timestamp="2021-04-02T02:08:05" hostname="runner-kggansxr-project-47-concurrent-0" time="0.392">
  <properties/>
  <testcase name="[1] entry=Entry{object=Model{name='Toyota'}}" classname="com.cedarsoft.test.io.ModelSerializerTest" time="0.082"/>
  <testcase name="[2] entry=Entry{object=Model{name='GM'}}" classname="com.cedarsoft.test.io.ModelSerializerTest" time="0.059"/>
  <testcase name="[3] entry=Entry{object=Model{name='Volkswagen'}}" classname="com.cedarsoft.test.io.ModelSerializerTest" time="0.123"/>
  <testcase name="[4] entry=Entry{object=Model{name='Renault'}}" classname="com.cedarsoft.test.io.ModelSerializerTest" time="0.105"/>
  <system-out><![CDATA[]]></system-out>
  <system-err><![CDATA[]]></system-err>
</testsuite>
