<?xml version="1.0" encoding="UTF-8"?>
<testsuite name="com.cedarsoft.test.io.CarSerializerTest" tests="3" skipped="0" failures="0" errors="0" timestamp="2021-07-19T02:06:33" hostname="runner-cs1zem-v-project-47-concurrent-0" time="0.121">
  <properties/>
  <testcase name="[1] entry=Entry{object=com.cedarsoft.test.Car@440742f7}" classname="com.cedarsoft.test.io.CarSerializerTest" time="0.052"/>
  <testcase name="[2] entry=Entry{object=com.cedarsoft.test.Car@4669bc07}" classname="com.cedarsoft.test.io.CarSerializerTest" time="0.054"/>
  <testcase name="testAsciiArt()" classname="com.cedarsoft.test.io.CarSerializerTest" time="0.003"/>
  <system-out><![CDATA[]]></system-out>
  <system-err><![CDATA[]]></system-err>
</testsuite>
