<?xml version="1.0" encoding="UTF-8"?>
<testsuite name="com.cedarsoft.test.io.CarSerializerTest" tests="3" skipped="0" failures="0" errors="0" timestamp="2021-12-06T03:10:24" hostname="runner-cs1zem-v-project-47-concurrent-0" time="1.436">
  <properties/>
  <testcase name="[1] entry=Entry{object=com.cedarsoft.test.Car@3003827c}" classname="com.cedarsoft.test.io.CarSerializerTest" time="1.14"/>
  <testcase name="[2] entry=Entry{object=com.cedarsoft.test.Car@4db46344}" classname="com.cedarsoft.test.io.CarSerializerTest" time="0.069"/>
  <testcase name="testAsciiArt()" classname="com.cedarsoft.test.io.CarSerializerTest" time="0.221"/>
  <system-out><![CDATA[]]></system-out>
  <system-err><![CDATA[]]></system-err>
</testsuite>
