<?xml version="1.0" encoding="UTF-8"?>
<testsuite name="com.cedarsoft.test.io2.MoneySerializerManualVersionTest" tests="3" skipped="0" failures="0" errors="0" timestamp="2021-03-04T03:06:56" hostname="runner-pgnkb89--project-47-concurrent-0" time="0.096">
  <properties/>
  <testcase name="testCurrentFormat()" classname="com.cedarsoft.test.io2.MoneySerializerManualVersionTest" time="0.004"/>
  <testcase name="testCurrent()" classname="com.cedarsoft.test.io2.MoneySerializerManualVersionTest" time="0.073"/>
  <testcase name="testOldFormat()" classname="com.cedarsoft.test.io2.MoneySerializerManualVersionTest" time="0.014"/>
  <system-out><![CDATA[]]></system-out>
  <system-err><![CDATA[]]></system-err>
</testsuite>
