<?xml version="1.0" encoding="UTF-8"?>
<testsuite name="com.cedarsoft.test.io.CarSerializerTest" tests="3" skipped="0" failures="0" errors="0" timestamp="2021-01-23T03:23:41" hostname="runner-kggansxr-project-47-concurrent-0" time="0.136">
  <properties/>
  <testcase name="[1] entry=Entry{object=com.cedarsoft.test.Car@7b2c6c1}" classname="com.cedarsoft.test.io.CarSerializerTest" time="0.067"/>
  <testcase name="[2] entry=Entry{object=com.cedarsoft.test.Car@1cc2d9b5}" classname="com.cedarsoft.test.io.CarSerializerTest" time="0.064"/>
  <testcase name="testAsciiArt()" classname="com.cedarsoft.test.io.CarSerializerTest" time="0.002"/>
  <system-out><![CDATA[]]></system-out>
  <system-err><![CDATA[]]></system-err>
</testsuite>
