<?xml version="1.0" encoding="UTF-8"?>
<testsuite name="com.cedarsoft.test.io.CarSerializerTest" tests="3" skipped="0" failures="0" errors="0" timestamp="2021-02-24T03:22:06" hostname="runner-cs1zem-v-project-47-concurrent-0" time="0.064">
  <properties/>
  <testcase name="[1] entry=Entry{object=com.cedarsoft.test.Car@57ee5c23}" classname="com.cedarsoft.test.io.CarSerializerTest" time="0.021"/>
  <testcase name="[2] entry=Entry{object=com.cedarsoft.test.Car@1947c205}" classname="com.cedarsoft.test.io.CarSerializerTest" time="0.032"/>
  <testcase name="testAsciiArt()" classname="com.cedarsoft.test.io.CarSerializerTest" time="0.002"/>
  <system-out><![CDATA[]]></system-out>
  <system-err><![CDATA[]]></system-err>
</testsuite>
