<?xml version="1.0" encoding="UTF-8"?>
<testsuite name="com.cedarsoft.test.io.CarSerializerTest" tests="3" skipped="0" failures="0" errors="0" timestamp="2021-07-14T02:06:27" hostname="runner-cs1zem-v-project-47-concurrent-0" time="0.134">
  <properties/>
  <testcase name="[1] entry=Entry{object=com.cedarsoft.test.Car@5fcd5f}" classname="com.cedarsoft.test.io.CarSerializerTest" time="0.051"/>
  <testcase name="[2] entry=Entry{object=com.cedarsoft.test.Car@75da0a8d}" classname="com.cedarsoft.test.io.CarSerializerTest" time="0.074"/>
  <testcase name="testAsciiArt()" classname="com.cedarsoft.test.io.CarSerializerTest" time="0.002"/>
  <system-out><![CDATA[]]></system-out>
  <system-err><![CDATA[]]></system-err>
</testsuite>
