<?xml version="1.0" encoding="UTF-8"?>
<testsuite name="com.cedarsoft.test.io.ExtraSerializerTest" tests="2" skipped="0" failures="0" errors="0" timestamp="2021-12-16T03:11:13" hostname="runner-cs1zem-v-project-47-concurrent-0" time="0.126">
  <properties/>
  <testcase name="[1] entry=Entry{object=com.cedarsoft.test.Extra@386a39e1}" classname="com.cedarsoft.test.io.ExtraSerializerTest" time="0.062"/>
  <testcase name="[2] entry=Entry{object=com.cedarsoft.test.Extra@3f484e08}" classname="com.cedarsoft.test.io.ExtraSerializerTest" time="0.058"/>
  <system-out><![CDATA[]]></system-out>
  <system-err><![CDATA[]]></system-err>
</testsuite>
