<?xml version="1.0" encoding="UTF-8"?>
<testsuite name="com.cedarsoft.test.io.CarSerializerTest" tests="3" skipped="0" failures="0" errors="0" timestamp="2021-05-15T02:09:26" hostname="runner-kggansxr-project-47-concurrent-0" time="0.356">
  <properties/>
  <testcase name="[1] entry=Entry{object=com.cedarsoft.test.Car@2601564}" classname="com.cedarsoft.test.io.CarSerializerTest" time="0.156"/>
  <testcase name="[2] entry=Entry{object=com.cedarsoft.test.Car@29dbb00f}" classname="com.cedarsoft.test.io.CarSerializerTest" time="0.177"/>
  <testcase name="testAsciiArt()" classname="com.cedarsoft.test.io.CarSerializerTest" time="0.006"/>
  <system-out><![CDATA[]]></system-out>
  <system-err><![CDATA[]]></system-err>
</testsuite>
