<?xml version="1.0" encoding="UTF-8"?>
<testsuite name="com.cedarsoft.test.io2.CarSerializerTest" tests="1" skipped="0" failures="0" errors="0" timestamp="2021-08-09T02:10:49" hostname="runner-kggansxr-project-47-concurrent-0" time="0.523">
  <properties/>
  <testcase name="[1] entry=Entry{object=com.cedarsoft.test.Car@1077a986}" classname="com.cedarsoft.test.io2.CarSerializerTest" time="0.523"/>
  <system-out><![CDATA[]]></system-out>
  <system-err><![CDATA[]]></system-err>
</testsuite>
