<?xml version="1.0" encoding="UTF-8"?>
<testsuite name="com.cedarsoft.test.io.MoneySerializerTest" tests="1" skipped="0" failures="0" errors="0" timestamp="2021-12-04T03:09:55" hostname="runner-ioxloixu-project-47-concurrent-0" time="0.039">
  <properties/>
  <testcase name="[1] entry=Entry{object=com.cedarsoft.test.Money@4af}" classname="com.cedarsoft.test.io.MoneySerializerTest" time="0.039"/>
  <system-out><![CDATA[]]></system-out>
  <system-err><![CDATA[]]></system-err>
</testsuite>
