<?xml version="1.0" encoding="UTF-8"?>
<testsuite name="com.cedarsoft.test.io2.ExtraSerializerVersionTest" tests="3" skipped="0" failures="0" errors="0" timestamp="2021-09-03T02:06:06" hostname="runner-cs1zem-v-project-47-concurrent-0" time="0.016">
  <properties/>
  <testcase name="[1] entry=com.cedarsoft.serialization.test.utils.AbstractXmlVersionTest2$XmlVersionEntry@572db5ee" classname="com.cedarsoft.test.io2.ExtraSerializerVersionTest" time="0.005"/>
  <testcase name="[2] entry=com.cedarsoft.serialization.test.utils.AbstractXmlVersionTest2$XmlVersionEntry@36f80ceb" classname="com.cedarsoft.test.io2.ExtraSerializerVersionTest" time="0.006"/>
  <testcase name="testAsciiArt()" classname="com.cedarsoft.test.io2.ExtraSerializerVersionTest" time="0.002"/>
  <system-out><![CDATA[]]></system-out>
  <system-err><![CDATA[]]></system-err>
</testsuite>
