<?xml version="1.0" encoding="UTF-8"?>
<testsuite name="com.cedarsoft.test.io2.CarSerializerTest" tests="1" skipped="0" failures="0" errors="0" timestamp="2021-06-07T02:06:17" hostname="runner-cs1zem-v-project-47-concurrent-0" time="0.059">
  <properties/>
  <testcase name="[1] entry=Entry{object=com.cedarsoft.test.Car@3cd7f337}" classname="com.cedarsoft.test.io2.CarSerializerTest" time="0.059"/>
  <system-out><![CDATA[]]></system-out>
  <system-err><![CDATA[]]></system-err>
</testsuite>
