<?xml version="1.0" encoding="UTF-8"?>
<testsuite name="com.cedarsoft.test.io2.CarSerializerTest" tests="1" skipped="0" failures="0" errors="0" timestamp="2021-01-24T03:23:59" hostname="runner-kggansxr-project-47-concurrent-0" time="0.493">
  <properties/>
  <testcase name="[1] entry=Entry{object=com.cedarsoft.test.Car@5089ae9c}" classname="com.cedarsoft.test.io2.CarSerializerTest" time="0.493"/>
  <system-out><![CDATA[]]></system-out>
  <system-err><![CDATA[]]></system-err>
</testsuite>
