<?xml version="1.0" encoding="UTF-8"?>
<testsuite name="com.cedarsoft.test.io.CarSerializerTest" tests="3" skipped="0" failures="0" errors="0" timestamp="2021-09-05T02:06:00" hostname="runner-cs1zem-v-project-47-concurrent-0" time="0.119">
  <properties/>
  <testcase name="[1] entry=Entry{object=com.cedarsoft.test.Car@5ca10d0e}" classname="com.cedarsoft.test.io.CarSerializerTest" time="0.055"/>
  <testcase name="[2] entry=Entry{object=com.cedarsoft.test.Car@2b5ca574}" classname="com.cedarsoft.test.io.CarSerializerTest" time="0.053"/>
  <testcase name="testAsciiArt()" classname="com.cedarsoft.test.io.CarSerializerTest" time="0.004"/>
  <system-out><![CDATA[]]></system-out>
  <system-err><![CDATA[]]></system-err>
</testsuite>
