<?xml version="1.0" encoding="UTF-8"?>
<testsuite name="com.cedarsoft.business.JodaTest" tests="10" skipped="0" failures="0" errors="0" timestamp="2021-03-10T03:04:51" hostname="runner-cs1zem-v-project-47-concurrent-0" time="0.226">
  <properties/>
  <testcase name="testLeapYear()" classname="com.cedarsoft.business.JodaTest" time="0.101"/>
  <testcase name="testPeriodeLikePangV()" classname="com.cedarsoft.business.JodaTest" time="0.017"/>
  <testcase name="testDaysOnly()" classname="com.cedarsoft.business.JodaTest" time="0.015"/>
  <testcase name="testBasic()" classname="com.cedarsoft.business.JodaTest" time="0.015"/>
  <testcase name="testNames()" classname="com.cedarsoft.business.JodaTest" time="0.021"/>
  <testcase name="testRound()" classname="com.cedarsoft.business.JodaTest" time="0.003"/>
  <testcase name="testPeriode()" classname="com.cedarsoft.business.JodaTest" time="0.002"/>
  <testcase name="testIt()" classname="com.cedarsoft.business.JodaTest" time="0.011"/>
  <testcase name="testPeriode2()" classname="com.cedarsoft.business.JodaTest" time="0.024"/>
  <testcase name="testNoLeap()" classname="com.cedarsoft.business.JodaTest" time="0.001"/>
  <system-out><![CDATA[]]></system-out>
  <system-err><![CDATA[]]></system-err>
</testsuite>
