<?xml version="1.0" encoding="UTF-8"?>
<testsuite name="com.cedarsoft.business.JodaTest" tests="10" skipped="0" failures="0" errors="0" timestamp="2021-08-21T02:07:01" hostname="runner-kggansxr-project-47-concurrent-0" time="0.514">
  <properties/>
  <testcase name="testLeapYear()" classname="com.cedarsoft.business.JodaTest" time="0.189"/>
  <testcase name="testPeriodeLikePangV()" classname="com.cedarsoft.business.JodaTest" time="0.107"/>
  <testcase name="testDaysOnly()" classname="com.cedarsoft.business.JodaTest" time="0.012"/>
  <testcase name="testBasic()" classname="com.cedarsoft.business.JodaTest" time="0.004"/>
  <testcase name="testNames()" classname="com.cedarsoft.business.JodaTest" time="0.011"/>
  <testcase name="testRound()" classname="com.cedarsoft.business.JodaTest" time="0.002"/>
  <testcase name="testPeriode()" classname="com.cedarsoft.business.JodaTest" time="0.006"/>
  <testcase name="testIt()" classname="com.cedarsoft.business.JodaTest" time="0.002"/>
  <testcase name="testPeriode2()" classname="com.cedarsoft.business.JodaTest" time="0.079"/>
  <testcase name="testNoLeap()" classname="com.cedarsoft.business.JodaTest" time="0.014"/>
  <system-out><![CDATA[]]></system-out>
  <system-err><![CDATA[]]></system-err>
</testsuite>
