<?xml version="1.0" encoding="UTF-8"?>
<testsuite name="com.cedarsoft.business.calc.InterestCalculatorTest" tests="9" skipped="0" failures="0" errors="0" timestamp="2021-02-17T03:21:43" hostname="runner-pgnkb89--project-47-concurrent-0" time="0.127">
  <properties/>
  <testcase name="testEinfach()" classname="com.cedarsoft.business.calc.InterestCalculatorTest" time="0.04"/>
  <testcase name="testOtherPayments()" classname="com.cedarsoft.business.calc.InterestCalculatorTest" time="0.014"/>
  <testcase name="testSum()" classname="com.cedarsoft.business.calc.InterestCalculatorTest" time="0.013"/>
  <testcase name="testOther()" classname="com.cedarsoft.business.calc.InterestCalculatorTest" time="0.006"/>
  <testcase name="testIt()" classname="com.cedarsoft.business.calc.InterestCalculatorTest" time="0.003"/>
  <testcase name="testTwoMonths()" classname="com.cedarsoft.business.calc.InterestCalculatorTest" time="0.007"/>
  <testcase name="testZinsesZins()" classname="com.cedarsoft.business.calc.InterestCalculatorTest" time="0.008"/>
  <testcase name="testMultiply()" classname="com.cedarsoft.business.calc.InterestCalculatorTest" time="0.003"/>
  <testcase name="testSumCal()" classname="com.cedarsoft.business.calc.InterestCalculatorTest" time="0.007"/>
  <system-out><![CDATA[]]></system-out>
  <system-err><![CDATA[]]></system-err>
</testsuite>
