<?xml version="1.0" encoding="UTF-8"?>
<testsuite name="com.cedarsoft.business.calc.InterestCalculatorTest" tests="9" skipped="0" failures="0" errors="0" timestamp="2021-01-26T03:21:04" hostname="runner-cs1zem-v-project-47-concurrent-0" time="0.051">
  <properties/>
  <testcase name="testEinfach()" classname="com.cedarsoft.business.calc.InterestCalculatorTest" time="0.005"/>
  <testcase name="testOtherPayments()" classname="com.cedarsoft.business.calc.InterestCalculatorTest" time="0.002"/>
  <testcase name="testSum()" classname="com.cedarsoft.business.calc.InterestCalculatorTest" time="0.004"/>
  <testcase name="testOther()" classname="com.cedarsoft.business.calc.InterestCalculatorTest" time="0.001"/>
  <testcase name="testIt()" classname="com.cedarsoft.business.calc.InterestCalculatorTest" time="0.002"/>
  <testcase name="testTwoMonths()" classname="com.cedarsoft.business.calc.InterestCalculatorTest" time="0.001"/>
  <testcase name="testZinsesZins()" classname="com.cedarsoft.business.calc.InterestCalculatorTest" time="0.001"/>
  <testcase name="testMultiply()" classname="com.cedarsoft.business.calc.InterestCalculatorTest" time="0.0"/>
  <testcase name="testSumCal()" classname="com.cedarsoft.business.calc.InterestCalculatorTest" time="0.001"/>
  <system-out><![CDATA[]]></system-out>
  <system-err><![CDATA[]]></system-err>
</testsuite>
