<?xml version="1.0" encoding="UTF-8"?>
<testsuite name="com.cedarsoft.business.JodaTest" tests="10" skipped="0" failures="0" errors="0" timestamp="2021-09-01T02:05:48" hostname="runner-cs1zem-v-project-47-concurrent-0" time="0.343">
  <properties/>
  <testcase name="testLeapYear()" classname="com.cedarsoft.business.JodaTest" time="0.115"/>
  <testcase name="testPeriodeLikePangV()" classname="com.cedarsoft.business.JodaTest" time="0.018"/>
  <testcase name="testDaysOnly()" classname="com.cedarsoft.business.JodaTest" time="0.009"/>
  <testcase name="testBasic()" classname="com.cedarsoft.business.JodaTest" time="0.002"/>
  <testcase name="testNames()" classname="com.cedarsoft.business.JodaTest" time="0.019"/>
  <testcase name="testRound()" classname="com.cedarsoft.business.JodaTest" time="0.018"/>
  <testcase name="testPeriode()" classname="com.cedarsoft.business.JodaTest" time="0.001"/>
  <testcase name="testIt()" classname="com.cedarsoft.business.JodaTest" time="0.004"/>
  <testcase name="testPeriode2()" classname="com.cedarsoft.business.JodaTest" time="0.07"/>
  <testcase name="testNoLeap()" classname="com.cedarsoft.business.JodaTest" time="0.017"/>
  <system-out><![CDATA[]]></system-out>
  <system-err><![CDATA[]]></system-err>
</testsuite>
