<?xml version="1.0" encoding="UTF-8"?>
<testsuite name="com.cedarsoft.business.calc.roi.PangvBugTest" tests="2" skipped="0" failures="0" errors="0" timestamp="2021-04-27T02:05:13" hostname="runner-cs1zem-v-project-47-concurrent-0" time="0.004">
  <properties/>
  <testcase name="testSum()" classname="com.cedarsoft.business.calc.roi.PangvBugTest" time="0.0"/>
  <testcase name="testIt()" classname="com.cedarsoft.business.calc.roi.PangvBugTest" time="0.003"/>
  <system-out><![CDATA[]]></system-out>
  <system-err><![CDATA[]]></system-err>
</testsuite>
