<?xml version="1.0" encoding="UTF-8"?>
<testsuite name="com.cedarsoft.business.calc.roi.PangRealLiveTest" tests="3" skipped="0" failures="0" errors="0" timestamp="2021-05-17T02:07:11" hostname="runner-kggansxr-project-47-concurrent-0" time="0.057">
  <properties/>
  <testcase name="testDocumentation()" classname="com.cedarsoft.business.calc.roi.PangRealLiveTest" time="0.027"/>
  <testcase name="testMeinHovelChristine()" classname="com.cedarsoft.business.calc.roi.PangRealLiveTest" time="0.012"/>
  <testcase name="testNeaefelt()" classname="com.cedarsoft.business.calc.roi.PangRealLiveTest" time="0.01"/>
  <system-out><![CDATA[Result: 9.9586%
Result: 5.4985%
]]></system-out>
  <system-err><![CDATA[]]></system-err>
</testsuite>
