<?xml version="1.0" encoding="UTF-8"?>
<testsuite name="com.cedarsoft.business.JodaTest" tests="10" skipped="0" failures="0" errors="0" timestamp="2021-10-02T02:06:02" hostname="runner-cs1zem-v-project-47-concurrent-0" time="0.167">
  <properties/>
  <testcase name="testLeapYear()" classname="com.cedarsoft.business.JodaTest" time="0.061"/>
  <testcase name="testPeriodeLikePangV()" classname="com.cedarsoft.business.JodaTest" time="0.003"/>
  <testcase name="testDaysOnly()" classname="com.cedarsoft.business.JodaTest" time="0.006"/>
  <testcase name="testBasic()" classname="com.cedarsoft.business.JodaTest" time="0.021"/>
  <testcase name="testNames()" classname="com.cedarsoft.business.JodaTest" time="0.017"/>
  <testcase name="testRound()" classname="com.cedarsoft.business.JodaTest" time="0.0"/>
  <testcase name="testPeriode()" classname="com.cedarsoft.business.JodaTest" time="0.0"/>
  <testcase name="testIt()" classname="com.cedarsoft.business.JodaTest" time="0.0"/>
  <testcase name="testPeriode2()" classname="com.cedarsoft.business.JodaTest" time="0.04"/>
  <testcase name="testNoLeap()" classname="com.cedarsoft.business.JodaTest" time="0.003"/>
  <system-out><![CDATA[]]></system-out>
  <system-err><![CDATA[]]></system-err>
</testsuite>
