<?xml version="1.0" encoding="UTF-8"?>
<testsuite name="com.cedarsoft.business.calc.roi.PangVBug2Test" tests="1" skipped="0" failures="0" errors="0" timestamp="2022-02-10T17:15:27" hostname="runner-ioxloixu-project-47-concurrent-1" time="0.001">
  <properties/>
  <testcase name="testIt()" classname="com.cedarsoft.business.calc.roi.PangVBug2Test" time="0.001"/>
  <system-out><![CDATA[]]></system-out>
  <system-err><![CDATA[]]></system-err>
</testsuite>
