<?xml version="1.0" encoding="UTF-8"?>
<testsuite name="com.cedarsoft.business.calc.VaraibleInterestCalcSysTest" tests="13" skipped="0" failures="0" errors="0" timestamp="2021-11-24T03:09:17" hostname="runner-ioxloixu-project-47-concurrent-0" time="0.671">
  <properties/>
  <testcase name="testOneYearBig()" classname="com.cedarsoft.business.calc.VaraibleInterestCalcSysTest" time="0.339"/>
  <testcase name="testInterestRates2()" classname="com.cedarsoft.business.calc.VaraibleInterestCalcSysTest" time="0.003"/>
  <testcase name="testOneYear()" classname="com.cedarsoft.business.calc.VaraibleInterestCalcSysTest" time="0.013"/>
  <testcase name="testOneMonth()" classname="com.cedarsoft.business.calc.VaraibleInterestCalcSysTest" time="0.003"/>
  <testcase name="testBug()" classname="com.cedarsoft.business.calc.VaraibleInterestCalcSysTest" time="0.01"/>
  <testcase name="testMonth()" classname="com.cedarsoft.business.calc.VaraibleInterestCalcSysTest" time="0.004"/>
  <testcase name="testSetup()" classname="com.cedarsoft.business.calc.VaraibleInterestCalcSysTest" time="0.004"/>
  <testcase name="testTime()" classname="com.cedarsoft.business.calc.VaraibleInterestCalcSysTest" time="0.002"/>
  <testcase name="testAddition()" classname="com.cedarsoft.business.calc.VaraibleInterestCalcSysTest" time="0.24"/>
  <testcase name="testOneYearCompount()" classname="com.cedarsoft.business.calc.VaraibleInterestCalcSysTest" time="0.002"/>
  <testcase name="testInterestRates()" classname="com.cedarsoft.business.calc.VaraibleInterestCalcSysTest" time="0.011"/>
  <testcase name="testConstant()" classname="com.cedarsoft.business.calc.VaraibleInterestCalcSysTest" time="0.012"/>
  <testcase name="testChangingMonths()" classname="com.cedarsoft.business.calc.VaraibleInterestCalcSysTest" time="0.002"/>
  <system-out><![CDATA[]]></system-out>
  <system-err><![CDATA[]]></system-err>
</testsuite>
