<?xml version="1.0" encoding="UTF-8"?>
<testsuite name="com.cedarsoft.business.calc.InterestRateProviderTest" tests="2" skipped="0" failures="0" errors="0" timestamp="2021-09-19T02:05:59" hostname="runner-cs1zem-v-project-47-concurrent-0" time="0.448">
  <properties/>
  <testcase name="testDefaultRate()" classname="com.cedarsoft.business.calc.InterestRateProviderTest" time="0.391"/>
  <testcase name="testPeriode()" classname="com.cedarsoft.business.calc.InterestRateProviderTest" time="0.033"/>
  <system-out><![CDATA[]]></system-out>
  <system-err><![CDATA[]]></system-err>
</testsuite>
