<?xml version="1.0" encoding="UTF-8"?>
<testsuite name="com.cedarsoft.business.payment.PaymentTest" tests="2" skipped="0" failures="0" errors="0" timestamp="2022-01-19T03:10:21" hostname="runner-cs1zem-v-project-47-concurrent-0" time="0.01">
  <properties/>
  <testcase name="testComparable()" classname="com.cedarsoft.business.payment.PaymentTest" time="0.001"/>
  <testcase name="testIt()" classname="com.cedarsoft.business.payment.PaymentTest" time="0.008"/>
  <system-out><![CDATA[]]></system-out>
  <system-err><![CDATA[]]></system-err>
</testsuite>
