<?xml version="1.0" encoding="UTF-8"?>
<testsuite name="com.cedarsoft.business.calc.InterestRateProviderTest" tests="2" skipped="0" failures="0" errors="0" timestamp="2021-03-19T03:04:47" hostname="runner-cs1zem-v-project-47-concurrent-0" time="0.326">
  <properties/>
  <testcase name="testDefaultRate()" classname="com.cedarsoft.business.calc.InterestRateProviderTest" time="0.309"/>
  <testcase name="testPeriode()" classname="com.cedarsoft.business.calc.InterestRateProviderTest" time="0.016"/>
  <system-out><![CDATA[]]></system-out>
  <system-err><![CDATA[]]></system-err>
</testsuite>
