<?xml version="1.0" encoding="UTF-8"?>
<testsuite name="com.cedarsoft.business.calc.InterestCalculatorTest" tests="9" skipped="0" failures="0" errors="0" timestamp="2021-02-07T03:22:12" hostname="runner-kggansxr-project-47-concurrent-0" time="0.155">
  <properties/>
  <testcase name="testEinfach()" classname="com.cedarsoft.business.calc.InterestCalculatorTest" time="0.054"/>
  <testcase name="testOtherPayments()" classname="com.cedarsoft.business.calc.InterestCalculatorTest" time="0.014"/>
  <testcase name="testSum()" classname="com.cedarsoft.business.calc.InterestCalculatorTest" time="0.023"/>
  <testcase name="testOther()" classname="com.cedarsoft.business.calc.InterestCalculatorTest" time="0.002"/>
  <testcase name="testIt()" classname="com.cedarsoft.business.calc.InterestCalculatorTest" time="0.004"/>
  <testcase name="testTwoMonths()" classname="com.cedarsoft.business.calc.InterestCalculatorTest" time="0.001"/>
  <testcase name="testZinsesZins()" classname="com.cedarsoft.business.calc.InterestCalculatorTest" time="0.001"/>
  <testcase name="testMultiply()" classname="com.cedarsoft.business.calc.InterestCalculatorTest" time="0.001"/>
  <testcase name="testSumCal()" classname="com.cedarsoft.business.calc.InterestCalculatorTest" time="0.005"/>
  <system-out><![CDATA[]]></system-out>
  <system-err><![CDATA[]]></system-err>
</testsuite>
