<?xml version="1.0" encoding="UTF-8"?>
<testsuite name="com.cedarsoft.business.calc.roi.PangVTest" tests="2" skipped="0" failures="0" errors="0" timestamp="2021-01-20T03:20:38" hostname="runner-cs1zem-v-project-47-concurrent-0" time="0.01">
  <properties/>
  <testcase name="testValid()" classname="com.cedarsoft.business.calc.roi.PangVTest" time="0.008"/>
  <testcase name="testIt()" classname="com.cedarsoft.business.calc.roi.PangVTest" time="0.001"/>
  <system-out><![CDATA[]]></system-out>
  <system-err><![CDATA[]]></system-err>
</testsuite>
