<?xml version="1.0" encoding="UTF-8"?>
<testsuite name="com.cedarsoft.business.calc.InterestRateProviderTest" tests="2" skipped="0" failures="0" errors="0" timestamp="2021-06-19T02:05:15" hostname="runner-cs1zem-v-project-47-concurrent-0" time="0.433">
  <properties/>
  <testcase name="testDefaultRate()" classname="com.cedarsoft.business.calc.InterestRateProviderTest" time="0.403"/>
  <testcase name="testPeriode()" classname="com.cedarsoft.business.calc.InterestRateProviderTest" time="0.013"/>
  <system-out><![CDATA[]]></system-out>
  <system-err><![CDATA[]]></system-err>
</testsuite>
