<?xml version="1.0" encoding="UTF-8"?>
<testsuite name="com.cedarsoft.business.JodaTest" tests="10" skipped="0" failures="0" errors="0" timestamp="2022-01-13T03:08:43" hostname="runner-ioxloixu-project-47-concurrent-0" time="0.439">
  <properties/>
  <testcase name="testLeapYear()" classname="com.cedarsoft.business.JodaTest" time="0.291"/>
  <testcase name="testPeriodeLikePangV()" classname="com.cedarsoft.business.JodaTest" time="0.04"/>
  <testcase name="testDaysOnly()" classname="com.cedarsoft.business.JodaTest" time="0.005"/>
  <testcase name="testBasic()" classname="com.cedarsoft.business.JodaTest" time="0.003"/>
  <testcase name="testNames()" classname="com.cedarsoft.business.JodaTest" time="0.017"/>
  <testcase name="testRound()" classname="com.cedarsoft.business.JodaTest" time="0.002"/>
  <testcase name="testPeriode()" classname="com.cedarsoft.business.JodaTest" time="0.001"/>
  <testcase name="testIt()" classname="com.cedarsoft.business.JodaTest" time="0.001"/>
  <testcase name="testPeriode2()" classname="com.cedarsoft.business.JodaTest" time="0.036"/>
  <testcase name="testNoLeap()" classname="com.cedarsoft.business.JodaTest" time="0.013"/>
  <system-out><![CDATA[]]></system-out>
  <system-err><![CDATA[]]></system-err>
</testsuite>
