<?xml version="1.0" encoding="UTF-8"?>
<testsuite name="com.cedarsoft.business.JodaTest" tests="10" skipped="0" failures="0" errors="0" timestamp="2021-07-26T02:07:15" hostname="runner-kggansxr-project-47-concurrent-0" time="0.24">
  <properties/>
  <testcase name="testLeapYear()" classname="com.cedarsoft.business.JodaTest" time="0.098"/>
  <testcase name="testPeriodeLikePangV()" classname="com.cedarsoft.business.JodaTest" time="0.037"/>
  <testcase name="testDaysOnly()" classname="com.cedarsoft.business.JodaTest" time="0.009"/>
  <testcase name="testBasic()" classname="com.cedarsoft.business.JodaTest" time="0.004"/>
  <testcase name="testNames()" classname="com.cedarsoft.business.JodaTest" time="0.015"/>
  <testcase name="testRound()" classname="com.cedarsoft.business.JodaTest" time="0.003"/>
  <testcase name="testPeriode()" classname="com.cedarsoft.business.JodaTest" time="0.007"/>
  <testcase name="testIt()" classname="com.cedarsoft.business.JodaTest" time="0.003"/>
  <testcase name="testPeriode2()" classname="com.cedarsoft.business.JodaTest" time="0.028"/>
  <testcase name="testNoLeap()" classname="com.cedarsoft.business.JodaTest" time="0.003"/>
  <system-out><![CDATA[]]></system-out>
  <system-err><![CDATA[]]></system-err>
</testsuite>
