<?xml version="1.0" encoding="UTF-8"?>
<testsuite name="com.cedarsoft.business.calc.InterestCalculationsSystemsTest" tests="2" skipped="0" failures="0" errors="0" timestamp="2022-02-10T17:15:27" hostname="runner-ioxloixu-project-47-concurrent-1" time="0.014">
  <properties/>
  <testcase name="testZinsesZins()" classname="com.cedarsoft.business.calc.InterestCalculationsSystemsTest" time="0.013"/>
  <testcase name="testSimple()" classname="com.cedarsoft.business.calc.InterestCalculationsSystemsTest" time="0.0"/>
  <system-out><![CDATA[]]></system-out>
  <system-err><![CDATA[]]></system-err>
</testsuite>
