<?xml version="1.0" encoding="UTF-8"?>
<testsuite name="com.cedarsoft.business.calc.roi.PangVTest" tests="2" skipped="0" failures="0" errors="0" timestamp="2021-02-21T03:21:27" hostname="runner-pgnkb89--project-47-concurrent-0" time="0.006">
  <properties/>
  <testcase name="testValid()" classname="com.cedarsoft.business.calc.roi.PangVTest" time="0.001"/>
  <testcase name="testIt()" classname="com.cedarsoft.business.calc.roi.PangVTest" time="0.003"/>
  <system-out><![CDATA[]]></system-out>
  <system-err><![CDATA[]]></system-err>
</testsuite>
