<?xml version="1.0" encoding="UTF-8"?>
<testsuite name="com.cedarsoft.business.payment.PaymentTest" tests="2" skipped="0" failures="0" errors="0" timestamp="2021-01-24T03:21:58" hostname="runner-kggansxr-project-47-concurrent-0" time="0.218">
  <properties/>
  <testcase name="testComparable()" classname="com.cedarsoft.business.payment.PaymentTest" time="0.213"/>
  <testcase name="testIt()" classname="com.cedarsoft.business.payment.PaymentTest" time="0.004"/>
  <system-out><![CDATA[]]></system-out>
  <system-err><![CDATA[]]></system-err>
</testsuite>
