<?xml version="1.0" encoding="UTF-8"?>
<testsuite name="com.cedarsoft.business.calc.InterestCalculationsSystemsTest" tests="2" skipped="0" failures="0" errors="0" timestamp="2021-12-08T03:09:10" hostname="runner-ioxloixu-project-47-concurrent-0" time="0.012">
  <properties/>
  <testcase name="testZinsesZins()" classname="com.cedarsoft.business.calc.InterestCalculationsSystemsTest" time="0.01"/>
  <testcase name="testSimple()" classname="com.cedarsoft.business.calc.InterestCalculationsSystemsTest" time="0.001"/>
  <system-out><![CDATA[]]></system-out>
  <system-err><![CDATA[]]></system-err>
</testsuite>
