<?xml version="1.0" encoding="UTF-8"?>
<testsuite name="com.cedarsoft.business.calc.roi.PangRealLiveTest" tests="3" skipped="0" failures="0" errors="0" timestamp="2021-09-05T02:05:27" hostname="runner-cs1zem-v-project-47-concurrent-0" time="0.071">
  <properties/>
  <testcase name="testDocumentation()" classname="com.cedarsoft.business.calc.roi.PangRealLiveTest" time="0.02"/>
  <testcase name="testMeinHovelChristine()" classname="com.cedarsoft.business.calc.roi.PangRealLiveTest" time="0.016"/>
  <testcase name="testNeaefelt()" classname="com.cedarsoft.business.calc.roi.PangRealLiveTest" time="0.026"/>
  <system-out><![CDATA[Result: 9.9586%
Result: 5.4985%
]]></system-out>
  <system-err><![CDATA[]]></system-err>
</testsuite>
