<?xml version="1.0" encoding="UTF-8"?>
<testsuite name="com.cedarsoft.business.calc.roi.PangVCalculatorTest" tests="5" skipped="0" failures="0" errors="0" timestamp="2021-02-09T03:21:47" hostname="runner-pgnkb89--project-47-concurrent-0" time="0.059">
  <properties/>
  <testcase name="testSimpleTest()" classname="com.cedarsoft.business.calc.roi.PangVCalculatorTest" time="0.015"/>
  <testcase name="testValue()" classname="com.cedarsoft.business.calc.roi.PangVCalculatorTest" time="0.004"/>
  <testcase name="testCashValue()" classname="com.cedarsoft.business.calc.roi.PangVCalculatorTest" time="0.007"/>
  <testcase name="testImpossible()" classname="com.cedarsoft.business.calc.roi.PangVCalculatorTest" time="0.011"/>
  <testcase name="testNegative()" classname="com.cedarsoft.business.calc.roi.PangVCalculatorTest" time="0.012"/>
  <system-out><![CDATA[]]></system-out>
  <system-err><![CDATA[]]></system-err>
</testsuite>
