<?xml version="1.0" encoding="UTF-8"?>
<testsuite name="com.cedarsoft.business.calc.InterestCalculatorTest" tests="9" skipped="0" failures="0" errors="0" timestamp="2021-01-14T03:22:18" hostname="runner-kggansxr-project-47-concurrent-0" time="0.152">
  <properties/>
  <testcase name="testEinfach()" classname="com.cedarsoft.business.calc.InterestCalculatorTest" time="0.039"/>
  <testcase name="testOtherPayments()" classname="com.cedarsoft.business.calc.InterestCalculatorTest" time="0.003"/>
  <testcase name="testSum()" classname="com.cedarsoft.business.calc.InterestCalculatorTest" time="0.007"/>
  <testcase name="testOther()" classname="com.cedarsoft.business.calc.InterestCalculatorTest" time="0.002"/>
  <testcase name="testIt()" classname="com.cedarsoft.business.calc.InterestCalculatorTest" time="0.003"/>
  <testcase name="testTwoMonths()" classname="com.cedarsoft.business.calc.InterestCalculatorTest" time="0.003"/>
  <testcase name="testZinsesZins()" classname="com.cedarsoft.business.calc.InterestCalculatorTest" time="0.013"/>
  <testcase name="testMultiply()" classname="com.cedarsoft.business.calc.InterestCalculatorTest" time="0.002"/>
  <testcase name="testSumCal()" classname="com.cedarsoft.business.calc.InterestCalculatorTest" time="0.006"/>
  <system-out><![CDATA[]]></system-out>
  <system-err><![CDATA[]]></system-err>
</testsuite>
