<?xml version="1.0" encoding="UTF-8"?>
<testsuite name="com.cedarsoft.business.calc.roi.PangVCalculatorTest" tests="5" skipped="0" failures="0" errors="0" timestamp="2021-03-30T02:06:01" hostname="runner-kggansxr-project-47-concurrent-0" time="0.072">
  <properties/>
  <testcase name="testSimpleTest()" classname="com.cedarsoft.business.calc.roi.PangVCalculatorTest" time="0.011"/>
  <testcase name="testValue()" classname="com.cedarsoft.business.calc.roi.PangVCalculatorTest" time="0.008"/>
  <testcase name="testCashValue()" classname="com.cedarsoft.business.calc.roi.PangVCalculatorTest" time="0.019"/>
  <testcase name="testImpossible()" classname="com.cedarsoft.business.calc.roi.PangVCalculatorTest" time="0.011"/>
  <testcase name="testNegative()" classname="com.cedarsoft.business.calc.roi.PangVCalculatorTest" time="0.012"/>
  <system-out><![CDATA[]]></system-out>
  <system-err><![CDATA[]]></system-err>
</testsuite>
