<?xml version="1.0" encoding="UTF-8"?>
<testsuite name="com.cedarsoft.business.payment.PaymentTest" tests="2" skipped="0" failures="0" errors="0" timestamp="2022-02-03T03:09:41" hostname="runner-ioxloixu-project-47-concurrent-0" time="0.011">
  <properties/>
  <testcase name="testComparable()" classname="com.cedarsoft.business.payment.PaymentTest" time="0.003"/>
  <testcase name="testIt()" classname="com.cedarsoft.business.payment.PaymentTest" time="0.008"/>
  <system-out><![CDATA[]]></system-out>
  <system-err><![CDATA[]]></system-err>
</testsuite>
