<?xml version="1.0" encoding="UTF-8"?>
<testsuite name="com.cedarsoft.business.JodaTest" tests="10" skipped="0" failures="0" errors="0" timestamp="2021-02-17T03:21:44" hostname="runner-pgnkb89--project-47-concurrent-0" time="0.339">
  <properties/>
  <testcase name="testLeapYear()" classname="com.cedarsoft.business.JodaTest" time="0.099"/>
  <testcase name="testPeriodeLikePangV()" classname="com.cedarsoft.business.JodaTest" time="0.012"/>
  <testcase name="testDaysOnly()" classname="com.cedarsoft.business.JodaTest" time="0.011"/>
  <testcase name="testBasic()" classname="com.cedarsoft.business.JodaTest" time="0.02"/>
  <testcase name="testNames()" classname="com.cedarsoft.business.JodaTest" time="0.032"/>
  <testcase name="testRound()" classname="com.cedarsoft.business.JodaTest" time="0.023"/>
  <testcase name="testPeriode()" classname="com.cedarsoft.business.JodaTest" time="0.001"/>
  <testcase name="testIt()" classname="com.cedarsoft.business.JodaTest" time="0.005"/>
  <testcase name="testPeriode2()" classname="com.cedarsoft.business.JodaTest" time="0.085"/>
  <testcase name="testNoLeap()" classname="com.cedarsoft.business.JodaTest" time="0.003"/>
  <system-out><![CDATA[]]></system-out>
  <system-err><![CDATA[]]></system-err>
</testsuite>
