<?xml version="1.0" encoding="UTF-8"?>
<testsuite name="com.cedarsoft.business.JodaTest" tests="10" skipped="0" failures="0" errors="0" timestamp="2021-06-17T02:06:56" hostname="runner-kggansxr-project-47-concurrent-0" time="0.488">
  <properties/>
  <testcase name="testLeapYear()" classname="com.cedarsoft.business.JodaTest" time="0.226"/>
  <testcase name="testPeriodeLikePangV()" classname="com.cedarsoft.business.JodaTest" time="0.052"/>
  <testcase name="testDaysOnly()" classname="com.cedarsoft.business.JodaTest" time="0.008"/>
  <testcase name="testBasic()" classname="com.cedarsoft.business.JodaTest" time="0.012"/>
  <testcase name="testNames()" classname="com.cedarsoft.business.JodaTest" time="0.023"/>
  <testcase name="testRound()" classname="com.cedarsoft.business.JodaTest" time="0.013"/>
  <testcase name="testPeriode()" classname="com.cedarsoft.business.JodaTest" time="0.006"/>
  <testcase name="testIt()" classname="com.cedarsoft.business.JodaTest" time="0.003"/>
  <testcase name="testPeriode2()" classname="com.cedarsoft.business.JodaTest" time="0.042"/>
  <testcase name="testNoLeap()" classname="com.cedarsoft.business.JodaTest" time="0.003"/>
  <system-out><![CDATA[]]></system-out>
  <system-err><![CDATA[]]></system-err>
</testsuite>
