<?xml version="1.0" encoding="UTF-8"?>
<testsuite name="com.cedarsoft.business.JodaTest" tests="10" skipped="0" failures="0" errors="0" timestamp="2022-02-10T17:15:25" hostname="runner-ioxloixu-project-47-concurrent-1" time="0.287">
  <properties/>
  <testcase name="testLeapYear()" classname="com.cedarsoft.business.JodaTest" time="0.126"/>
  <testcase name="testPeriodeLikePangV()" classname="com.cedarsoft.business.JodaTest" time="0.06"/>
  <testcase name="testDaysOnly()" classname="com.cedarsoft.business.JodaTest" time="0.005"/>
  <testcase name="testBasic()" classname="com.cedarsoft.business.JodaTest" time="0.001"/>
  <testcase name="testNames()" classname="com.cedarsoft.business.JodaTest" time="0.021"/>
  <testcase name="testRound()" classname="com.cedarsoft.business.JodaTest" time="0.007"/>
  <testcase name="testPeriode()" classname="com.cedarsoft.business.JodaTest" time="0.002"/>
  <testcase name="testIt()" classname="com.cedarsoft.business.JodaTest" time="0.003"/>
  <testcase name="testPeriode2()" classname="com.cedarsoft.business.JodaTest" time="0.035"/>
  <testcase name="testNoLeap()" classname="com.cedarsoft.business.JodaTest" time="0.002"/>
  <system-out><![CDATA[]]></system-out>
  <system-err><![CDATA[]]></system-err>
</testsuite>
