<?xml version="1.0" encoding="UTF-8"?>
<testsuite name="com.cedarsoft.business.JodaTest" tests="10" skipped="0" failures="0" errors="0" timestamp="2022-01-20T03:09:27" hostname="runner-ioxloixu-project-47-concurrent-0" time="0.347">
  <properties/>
  <testcase name="testLeapYear()" classname="com.cedarsoft.business.JodaTest" time="0.209"/>
  <testcase name="testPeriodeLikePangV()" classname="com.cedarsoft.business.JodaTest" time="0.063"/>
  <testcase name="testDaysOnly()" classname="com.cedarsoft.business.JodaTest" time="0.003"/>
  <testcase name="testBasic()" classname="com.cedarsoft.business.JodaTest" time="0.005"/>
  <testcase name="testNames()" classname="com.cedarsoft.business.JodaTest" time="0.011"/>
  <testcase name="testRound()" classname="com.cedarsoft.business.JodaTest" time="0.009"/>
  <testcase name="testPeriode()" classname="com.cedarsoft.business.JodaTest" time="0.001"/>
  <testcase name="testIt()" classname="com.cedarsoft.business.JodaTest" time="0.001"/>
  <testcase name="testPeriode2()" classname="com.cedarsoft.business.JodaTest" time="0.02"/>
  <testcase name="testNoLeap()" classname="com.cedarsoft.business.JodaTest" time="0.001"/>
  <system-out><![CDATA[]]></system-out>
  <system-err><![CDATA[]]></system-err>
</testsuite>
