<?xml version="1.0" encoding="UTF-8"?>
<testsuite name="com.cedarsoft.business.calc.roi.PangVOtherButTest" tests="2" skipped="0" failures="0" errors="0" timestamp="2021-05-17T02:07:11" hostname="runner-kggansxr-project-47-concurrent-0" time="0.013">
  <properties/>
  <testcase name="testSum()" classname="com.cedarsoft.business.calc.roi.PangVOtherButTest" time="0.004"/>
  <testcase name="testIt()" classname="com.cedarsoft.business.calc.roi.PangVOtherButTest" time="0.007"/>
  <system-out><![CDATA[]]></system-out>
  <system-err><![CDATA[]]></system-err>
</testsuite>
