<?xml version="1.0" encoding="UTF-8"?>
<testsuite name="com.cedarsoft.business.calc.InterestCalculatorTest" tests="9" skipped="0" failures="0" errors="0" timestamp="2022-01-26T03:09:29" hostname="runner-ioxloixu-project-47-concurrent-0" time="0.05">
  <properties/>
  <testcase name="testEinfach()" classname="com.cedarsoft.business.calc.InterestCalculatorTest" time="0.009"/>
  <testcase name="testOtherPayments()" classname="com.cedarsoft.business.calc.InterestCalculatorTest" time="0.003"/>
  <testcase name="testSum()" classname="com.cedarsoft.business.calc.InterestCalculatorTest" time="0.009"/>
  <testcase name="testOther()" classname="com.cedarsoft.business.calc.InterestCalculatorTest" time="0.002"/>
  <testcase name="testIt()" classname="com.cedarsoft.business.calc.InterestCalculatorTest" time="0.002"/>
  <testcase name="testTwoMonths()" classname="com.cedarsoft.business.calc.InterestCalculatorTest" time="0.001"/>
  <testcase name="testZinsesZins()" classname="com.cedarsoft.business.calc.InterestCalculatorTest" time="0.0"/>
  <testcase name="testMultiply()" classname="com.cedarsoft.business.calc.InterestCalculatorTest" time="0.0"/>
  <testcase name="testSumCal()" classname="com.cedarsoft.business.calc.InterestCalculatorTest" time="0.017"/>
  <system-out><![CDATA[]]></system-out>
  <system-err><![CDATA[]]></system-err>
</testsuite>
