<?xml version="1.0" encoding="UTF-8"?>
<testsuite name="com.cedarsoft.business.calc.roi.PangVTest" tests="2" skipped="0" failures="0" errors="0" timestamp="2021-04-19T02:06:26" hostname="runner-kggansxr-project-47-concurrent-0" time="0.004">
  <properties/>
  <testcase name="testValid()" classname="com.cedarsoft.business.calc.roi.PangVTest" time="0.001"/>
  <testcase name="testIt()" classname="com.cedarsoft.business.calc.roi.PangVTest" time="0.001"/>
  <system-out><![CDATA[]]></system-out>
  <system-err><![CDATA[]]></system-err>
</testsuite>
