<?xml version="1.0" encoding="UTF-8"?>
<testsuite name="com.cedarsoft.business.calc.VaraibleInterestCalcSysTest" tests="13" skipped="0" failures="0" errors="0" timestamp="2022-01-29T03:10:04" hostname="runner-cs1zem-v-project-47-concurrent-0" time="0.292">
  <properties/>
  <testcase name="testOneYearBig()" classname="com.cedarsoft.business.calc.VaraibleInterestCalcSysTest" time="0.021"/>
  <testcase name="testInterestRates2()" classname="com.cedarsoft.business.calc.VaraibleInterestCalcSysTest" time="0.003"/>
  <testcase name="testOneYear()" classname="com.cedarsoft.business.calc.VaraibleInterestCalcSysTest" time="0.004"/>
  <testcase name="testOneMonth()" classname="com.cedarsoft.business.calc.VaraibleInterestCalcSysTest" time="0.003"/>
  <testcase name="testBug()" classname="com.cedarsoft.business.calc.VaraibleInterestCalcSysTest" time="0.005"/>
  <testcase name="testMonth()" classname="com.cedarsoft.business.calc.VaraibleInterestCalcSysTest" time="0.004"/>
  <testcase name="testSetup()" classname="com.cedarsoft.business.calc.VaraibleInterestCalcSysTest" time="0.003"/>
  <testcase name="testTime()" classname="com.cedarsoft.business.calc.VaraibleInterestCalcSysTest" time="0.001"/>
  <testcase name="testAddition()" classname="com.cedarsoft.business.calc.VaraibleInterestCalcSysTest" time="0.175"/>
  <testcase name="testOneYearCompount()" classname="com.cedarsoft.business.calc.VaraibleInterestCalcSysTest" time="0.008"/>
  <testcase name="testInterestRates()" classname="com.cedarsoft.business.calc.VaraibleInterestCalcSysTest" time="0.002"/>
  <testcase name="testConstant()" classname="com.cedarsoft.business.calc.VaraibleInterestCalcSysTest" time="0.031"/>
  <testcase name="testChangingMonths()" classname="com.cedarsoft.business.calc.VaraibleInterestCalcSysTest" time="0.0"/>
  <system-out><![CDATA[]]></system-out>
  <system-err><![CDATA[]]></system-err>
</testsuite>
