<?xml version="1.0" encoding="UTF-8"?>
<testsuite name="com.cedarsoft.business.calc.roi.PangVCalculatorTest" tests="5" skipped="0" failures="0" errors="0" timestamp="2021-01-20T03:20:38" hostname="runner-cs1zem-v-project-47-concurrent-0" time="0.061">
  <properties/>
  <testcase name="testSimpleTest()" classname="com.cedarsoft.business.calc.roi.PangVCalculatorTest" time="0.016"/>
  <testcase name="testValue()" classname="com.cedarsoft.business.calc.roi.PangVCalculatorTest" time="0.002"/>
  <testcase name="testCashValue()" classname="com.cedarsoft.business.calc.roi.PangVCalculatorTest" time="0.029"/>
  <testcase name="testImpossible()" classname="com.cedarsoft.business.calc.roi.PangVCalculatorTest" time="0.001"/>
  <testcase name="testNegative()" classname="com.cedarsoft.business.calc.roi.PangVCalculatorTest" time="0.001"/>
  <system-out><![CDATA[]]></system-out>
  <system-err><![CDATA[]]></system-err>
</testsuite>
