<?xml version="1.0" encoding="UTF-8"?>
<testsuite name="com.cedarsoft.business.MoneyTest" tests="11" skipped="0" failures="0" errors="0" timestamp="2021-01-24T03:22:00" hostname="runner-kggansxr-project-47-concurrent-0" time="1.406">
  <properties/>
  <testcase name="testGetUnits()" classname="com.cedarsoft.business.MoneyTest" time="0.008"/>
  <testcase name="testAdd()" classname="com.cedarsoft.business.MoneyTest" time="1.339"/>
  <testcase name="testDiv()" classname="com.cedarsoft.business.MoneyTest" time="0.012"/>
  <testcase name="testMax()" classname="com.cedarsoft.business.MoneyTest" time="0.001"/>
  <testcase name="testCalc2()" classname="com.cedarsoft.business.MoneyTest" time="0.001"/>
  <testcase name="testCalc()" classname="com.cedarsoft.business.MoneyTest" time="0.003"/>
  <testcase name="testGetUnit()" classname="com.cedarsoft.business.MoneyTest" time="0.001"/>
  <testcase name="testDoubleConstructor()" classname="com.cedarsoft.business.MoneyTest" time="0.004"/>
  <testcase name="testDecimal()" classname="com.cedarsoft.business.MoneyTest" time="0.005"/>
  <testcase name="testEquals()" classname="com.cedarsoft.business.MoneyTest" time="0.003"/>
  <testcase name="testEstimatedValue()" classname="com.cedarsoft.business.MoneyTest" time="0.002"/>
  <system-out><![CDATA[]]></system-out>
  <system-err><![CDATA[]]></system-err>
</testsuite>
