<?xml version="1.0" encoding="UTF-8"?>
<testsuite name="com.cedarsoft.business.calc.roi.PangVOtherButTest" tests="2" skipped="0" failures="0" errors="0" timestamp="2021-06-05T02:06:42" hostname="runner-kggansxr-project-47-concurrent-0" time="0.026">
  <properties/>
  <testcase name="testSum()" classname="com.cedarsoft.business.calc.roi.PangVOtherButTest" time="0.005"/>
  <testcase name="testIt()" classname="com.cedarsoft.business.calc.roi.PangVOtherButTest" time="0.019"/>
  <system-out><![CDATA[]]></system-out>
  <system-err><![CDATA[]]></system-err>
</testsuite>
