<?xml version="1.0" encoding="UTF-8"?>
<testsuite name="com.cedarsoft.business.payment.PaymentTest" tests="2" skipped="0" failures="0" errors="0" timestamp="2021-02-15T19:14:13" hostname="runner-kggansxr-project-47-concurrent-0" time="0.255">
  <properties/>
  <testcase name="testComparable()" classname="com.cedarsoft.business.payment.PaymentTest" time="0.235"/>
  <testcase name="testIt()" classname="com.cedarsoft.business.payment.PaymentTest" time="0.01"/>
  <system-out><![CDATA[]]></system-out>
  <system-err><![CDATA[]]></system-err>
</testsuite>
