<?xml version="1.0" encoding="UTF-8"?>
<testsuite name="com.cedarsoft.business.MoneyTest" tests="11" skipped="0" failures="0" errors="0" timestamp="2021-01-16T03:22:23" hostname="runner-kggansxr-project-47-concurrent-0" time="1.635">
  <properties/>
  <testcase name="testGetUnits()" classname="com.cedarsoft.business.MoneyTest" time="0.001"/>
  <testcase name="testAdd()" classname="com.cedarsoft.business.MoneyTest" time="1.547"/>
  <testcase name="testDiv()" classname="com.cedarsoft.business.MoneyTest" time="0.001"/>
  <testcase name="testMax()" classname="com.cedarsoft.business.MoneyTest" time="0.001"/>
  <testcase name="testCalc2()" classname="com.cedarsoft.business.MoneyTest" time="0.001"/>
  <testcase name="testCalc()" classname="com.cedarsoft.business.MoneyTest" time="0.014"/>
  <testcase name="testGetUnit()" classname="com.cedarsoft.business.MoneyTest" time="0.001"/>
  <testcase name="testDoubleConstructor()" classname="com.cedarsoft.business.MoneyTest" time="0.001"/>
  <testcase name="testDecimal()" classname="com.cedarsoft.business.MoneyTest" time="0.004"/>
  <testcase name="testEquals()" classname="com.cedarsoft.business.MoneyTest" time="0.011"/>
  <testcase name="testEstimatedValue()" classname="com.cedarsoft.business.MoneyTest" time="0.003"/>
  <system-out><![CDATA[]]></system-out>
  <system-err><![CDATA[]]></system-err>
</testsuite>
