<?xml version="1.0" encoding="UTF-8"?>
<testsuite name="com.cedarsoft.business.calc.roi.PangVCalculatorTest" tests="5" skipped="0" failures="0" errors="0" timestamp="2021-01-27T03:20:54" hostname="runner-pgnkb89--project-47-concurrent-0" time="0.079">
  <properties/>
  <testcase name="testSimpleTest()" classname="com.cedarsoft.business.calc.roi.PangVCalculatorTest" time="0.02"/>
  <testcase name="testValue()" classname="com.cedarsoft.business.calc.roi.PangVCalculatorTest" time="0.015"/>
  <testcase name="testCashValue()" classname="com.cedarsoft.business.calc.roi.PangVCalculatorTest" time="0.01"/>
  <testcase name="testImpossible()" classname="com.cedarsoft.business.calc.roi.PangVCalculatorTest" time="0.016"/>
  <testcase name="testNegative()" classname="com.cedarsoft.business.calc.roi.PangVCalculatorTest" time="0.003"/>
  <system-out><![CDATA[]]></system-out>
  <system-err><![CDATA[]]></system-err>
</testsuite>
