<?xml version="1.0" encoding="UTF-8"?>
<testsuite name="com.cedarsoft.business.calc.roi.PangRealLiveTest" tests="3" skipped="0" failures="0" errors="0" timestamp="2021-12-24T03:09:21" hostname="runner-ioxloixu-project-47-concurrent-0" time="0.014">
  <properties/>
  <testcase name="testDocumentation()" classname="com.cedarsoft.business.calc.roi.PangRealLiveTest" time="0.008"/>
  <testcase name="testMeinHovelChristine()" classname="com.cedarsoft.business.calc.roi.PangRealLiveTest" time="0.002"/>
  <testcase name="testNeaefelt()" classname="com.cedarsoft.business.calc.roi.PangRealLiveTest" time="0.002"/>
  <system-out><![CDATA[Result: 9.9586%
Result: 5.4985%
]]></system-out>
  <system-err><![CDATA[]]></system-err>
</testsuite>
