<?xml version="1.0" encoding="UTF-8"?>
<testsuite name="com.cedarsoft.business.calc.VaraibleInterestCalcSysTest" tests="13" skipped="0" failures="0" errors="0" timestamp="2021-07-30T02:05:34" hostname="runner-cs1zem-v-project-47-concurrent-0" time="0.605">
  <properties/>
  <testcase name="testOneYearBig()" classname="com.cedarsoft.business.calc.VaraibleInterestCalcSysTest" time="0.114"/>
  <testcase name="testInterestRates2()" classname="com.cedarsoft.business.calc.VaraibleInterestCalcSysTest" time="0.02"/>
  <testcase name="testOneYear()" classname="com.cedarsoft.business.calc.VaraibleInterestCalcSysTest" time="0.006"/>
  <testcase name="testOneMonth()" classname="com.cedarsoft.business.calc.VaraibleInterestCalcSysTest" time="0.012"/>
  <testcase name="testBug()" classname="com.cedarsoft.business.calc.VaraibleInterestCalcSysTest" time="0.013"/>
  <testcase name="testMonth()" classname="com.cedarsoft.business.calc.VaraibleInterestCalcSysTest" time="0.002"/>
  <testcase name="testSetup()" classname="com.cedarsoft.business.calc.VaraibleInterestCalcSysTest" time="0.001"/>
  <testcase name="testTime()" classname="com.cedarsoft.business.calc.VaraibleInterestCalcSysTest" time="0.008"/>
  <testcase name="testAddition()" classname="com.cedarsoft.business.calc.VaraibleInterestCalcSysTest" time="0.334"/>
  <testcase name="testOneYearCompount()" classname="com.cedarsoft.business.calc.VaraibleInterestCalcSysTest" time="0.018"/>
  <testcase name="testInterestRates()" classname="com.cedarsoft.business.calc.VaraibleInterestCalcSysTest" time="0.003"/>
  <testcase name="testConstant()" classname="com.cedarsoft.business.calc.VaraibleInterestCalcSysTest" time="0.014"/>
  <testcase name="testChangingMonths()" classname="com.cedarsoft.business.calc.VaraibleInterestCalcSysTest" time="0.006"/>
  <system-out><![CDATA[]]></system-out>
  <system-err><![CDATA[]]></system-err>
</testsuite>
