<?xml version="1.0" encoding="UTF-8"?>
<testsuite name="com.cedarsoft.business.calc.roi.PangVTest" tests="2" skipped="0" failures="0" errors="0" timestamp="2021-08-25T02:05:39" hostname="runner-cs1zem-v-project-47-concurrent-0" time="0.019">
  <properties/>
  <testcase name="testValid()" classname="com.cedarsoft.business.calc.roi.PangVTest" time="0.002"/>
  <testcase name="testIt()" classname="com.cedarsoft.business.calc.roi.PangVTest" time="0.015"/>
  <system-out><![CDATA[]]></system-out>
  <system-err><![CDATA[]]></system-err>
</testsuite>
