<?xml version="1.0" encoding="UTF-8"?>
<testsuite name="com.cedarsoft.business.calc.roi.PangvBugTest" tests="2" skipped="0" failures="0" errors="0" timestamp="2021-01-12T21:06:36" hostname="runner-kggansxr-project-47-concurrent-0" time="0.025">
  <properties/>
  <testcase name="testSum()" classname="com.cedarsoft.business.calc.roi.PangvBugTest" time="0.002"/>
  <testcase name="testIt()" classname="com.cedarsoft.business.calc.roi.PangvBugTest" time="0.009"/>
  <system-out><![CDATA[]]></system-out>
  <system-err><![CDATA[]]></system-err>
</testsuite>
