<?xml version="1.0" encoding="UTF-8"?>
<testsuite name="com.cedarsoft.business.CurrencyTest" tests="1" skipped="0" failures="0" errors="0" timestamp="2021-01-12T21:06:35" hostname="runner-kggansxr-project-47-concurrent-0" time="0.119">
  <properties/>
  <testcase name="testCurrency()" classname="com.cedarsoft.business.CurrencyTest" time="0.119"/>
  <system-out><![CDATA[]]></system-out>
  <system-err><![CDATA[]]></system-err>
</testsuite>
