<?xml version="1.0" encoding="UTF-8"?>
<testsuite name="com.cedarsoft.business.payment.PaymentTest" tests="2" skipped="0" failures="0" errors="0" timestamp="2022-02-04T03:09:28" hostname="runner-ioxloixu-project-47-concurrent-0" time="0.013">
  <properties/>
  <testcase name="testComparable()" classname="com.cedarsoft.business.payment.PaymentTest" time="0.011"/>
  <testcase name="testIt()" classname="com.cedarsoft.business.payment.PaymentTest" time="0.001"/>
  <system-out><![CDATA[]]></system-out>
  <system-err><![CDATA[]]></system-err>
</testsuite>
