<?xml version="1.0" encoding="UTF-8"?>
<testsuite name="com.cedarsoft.business.CurrencyTest" tests="1" skipped="0" failures="0" errors="0" timestamp="2022-02-10T17:15:25" hostname="runner-ioxloixu-project-47-concurrent-1" time="0.1">
  <properties/>
  <testcase name="testCurrency()" classname="com.cedarsoft.business.CurrencyTest" time="0.1"/>
  <system-out><![CDATA[]]></system-out>
  <system-err><![CDATA[]]></system-err>
</testsuite>
