<?xml version="1.0" encoding="UTF-8"?>
<testsuite name="com.cedarsoft.business.JodaTest" tests="10" skipped="0" failures="0" errors="0" timestamp="2021-02-18T03:21:42" hostname="runner-pgnkb89--project-47-concurrent-0" time="0.297">
  <properties/>
  <testcase name="testLeapYear()" classname="com.cedarsoft.business.JodaTest" time="0.123"/>
  <testcase name="testPeriodeLikePangV()" classname="com.cedarsoft.business.JodaTest" time="0.025"/>
  <testcase name="testDaysOnly()" classname="com.cedarsoft.business.JodaTest" time="0.006"/>
  <testcase name="testBasic()" classname="com.cedarsoft.business.JodaTest" time="0.002"/>
  <testcase name="testNames()" classname="com.cedarsoft.business.JodaTest" time="0.028"/>
  <testcase name="testRound()" classname="com.cedarsoft.business.JodaTest" time="0.008"/>
  <testcase name="testPeriode()" classname="com.cedarsoft.business.JodaTest" time="0.011"/>
  <testcase name="testIt()" classname="com.cedarsoft.business.JodaTest" time="0.009"/>
  <testcase name="testPeriode2()" classname="com.cedarsoft.business.JodaTest" time="0.049"/>
  <testcase name="testNoLeap()" classname="com.cedarsoft.business.JodaTest" time="0.002"/>
  <system-out><![CDATA[]]></system-out>
  <system-err><![CDATA[]]></system-err>
</testsuite>
