<?xml version="1.0" encoding="UTF-8"?>
<testsuite name="com.cedarsoft.business.calc.VaraibleInterestCalcSysTest" tests="13" skipped="0" failures="0" errors="0" timestamp="2021-05-21T02:05:46" hostname="runner-cs1zem-v-project-47-concurrent-0" time="0.453">
  <properties/>
  <testcase name="testOneYearBig()" classname="com.cedarsoft.business.calc.VaraibleInterestCalcSysTest" time="0.119"/>
  <testcase name="testInterestRates2()" classname="com.cedarsoft.business.calc.VaraibleInterestCalcSysTest" time="0.001"/>
  <testcase name="testOneYear()" classname="com.cedarsoft.business.calc.VaraibleInterestCalcSysTest" time="0.001"/>
  <testcase name="testOneMonth()" classname="com.cedarsoft.business.calc.VaraibleInterestCalcSysTest" time="0.001"/>
  <testcase name="testBug()" classname="com.cedarsoft.business.calc.VaraibleInterestCalcSysTest" time="0.019"/>
  <testcase name="testMonth()" classname="com.cedarsoft.business.calc.VaraibleInterestCalcSysTest" time="0.001"/>
  <testcase name="testSetup()" classname="com.cedarsoft.business.calc.VaraibleInterestCalcSysTest" time="0.001"/>
  <testcase name="testTime()" classname="com.cedarsoft.business.calc.VaraibleInterestCalcSysTest" time="0.001"/>
  <testcase name="testAddition()" classname="com.cedarsoft.business.calc.VaraibleInterestCalcSysTest" time="0.246"/>
  <testcase name="testOneYearCompount()" classname="com.cedarsoft.business.calc.VaraibleInterestCalcSysTest" time="0.004"/>
  <testcase name="testInterestRates()" classname="com.cedarsoft.business.calc.VaraibleInterestCalcSysTest" time="0.008"/>
  <testcase name="testConstant()" classname="com.cedarsoft.business.calc.VaraibleInterestCalcSysTest" time="0.004"/>
  <testcase name="testChangingMonths()" classname="com.cedarsoft.business.calc.VaraibleInterestCalcSysTest" time="0.016"/>
  <system-out><![CDATA[]]></system-out>
  <system-err><![CDATA[]]></system-err>
</testsuite>
