<?xml version="1.0" encoding="UTF-8"?>
<testsuite name="com.cedarsoft.business.calc.InterestCalculationsSystemsTest" tests="2" skipped="0" failures="0" errors="0" timestamp="2021-01-27T03:20:54" hostname="runner-pgnkb89--project-47-concurrent-0" time="0.015">
  <properties/>
  <testcase name="testZinsesZins()" classname="com.cedarsoft.business.calc.InterestCalculationsSystemsTest" time="0.008"/>
  <testcase name="testSimple()" classname="com.cedarsoft.business.calc.InterestCalculationsSystemsTest" time="0.002"/>
  <system-out><![CDATA[]]></system-out>
  <system-err><![CDATA[]]></system-err>
</testsuite>
