<?xml version="1.0" encoding="UTF-8"?>
<testsuite name="com.cedarsoft.business.calc.InterestRateProviderTest" tests="2" skipped="0" failures="0" errors="0" timestamp="2021-02-17T03:21:43" hostname="runner-pgnkb89--project-47-concurrent-0" time="0.127">
  <properties/>
  <testcase name="testDefaultRate()" classname="com.cedarsoft.business.calc.InterestRateProviderTest" time="0.116"/>
  <testcase name="testPeriode()" classname="com.cedarsoft.business.calc.InterestRateProviderTest" time="0.01"/>
  <system-out><![CDATA[]]></system-out>
  <system-err><![CDATA[]]></system-err>
</testsuite>
