<?xml version="1.0" encoding="UTF-8"?>
<testsuite name="com.cedarsoft.unit.utils.MeterTest" tests="1" skipped="1" failures="0" errors="0" timestamp="2022-01-18T03:09:19" hostname="runner-ioxloixu-project-47-concurrent-0" time="0.006">
  <properties/>
  <testcase name="testToString()" classname="com.cedarsoft.unit.utils.MeterTest" time="0.006">
    <skipped/>
  </testcase>
  <system-out><![CDATA[]]></system-out>
  <system-err><![CDATA[]]></system-err>
</testsuite>
