<?xml version="1.0" encoding="UTF-8"?>
<testsuite name="com.cedarsoft.unit.utils.JavaLetterTest" tests="1" skipped="0" failures="0" errors="0" timestamp="2021-03-18T03:05:14" hostname="runner-cs1zem-v-project-47-concurrent-0" time="0.117">
  <properties/>
  <testcase name="testName()" classname="com.cedarsoft.unit.utils.JavaLetterTest" time="0.117"/>
  <system-out><![CDATA[]]></system-out>
  <system-err><![CDATA[]]></system-err>
</testsuite>
