<?xml version="1.0" encoding="UTF-8"?>
<testsuite name="com.cedarsoft.unit.utils.JavaLetterTest" tests="1" skipped="0" failures="0" errors="0" timestamp="2021-07-21T02:09:10" hostname="runner-kggansxr-project-47-concurrent-0" time="0.16">
  <properties/>
  <testcase name="testName()" classname="com.cedarsoft.unit.utils.JavaLetterTest" time="0.16"/>
  <system-out><![CDATA[]]></system-out>
  <system-err><![CDATA[]]></system-err>
</testsuite>
