<?xml version="1.0" encoding="UTF-8"?>
<testsuite name="com.cedarsoft.unit.utils.JavaLetterTest" tests="1" skipped="0" failures="0" errors="0" timestamp="2022-02-08T03:10:24" hostname="runner-cs1zem-v-project-47-concurrent-0" time="0.095">
  <properties/>
  <testcase name="testName()" classname="com.cedarsoft.unit.utils.JavaLetterTest" time="0.095"/>
  <system-out><![CDATA[]]></system-out>
  <system-err><![CDATA[]]></system-err>
</testsuite>
