<?xml version="1.0" encoding="UTF-8"?>
<testsuite name="com.cedarsoft.unit.utils.JavaLetterTest" tests="1" skipped="0" failures="0" errors="0" timestamp="2021-12-16T03:11:04" hostname="runner-cs1zem-v-project-47-concurrent-0" time="0.096">
  <properties/>
  <testcase name="testName()" classname="com.cedarsoft.unit.utils.JavaLetterTest" time="0.096"/>
  <system-out><![CDATA[]]></system-out>
  <system-err><![CDATA[]]></system-err>
</testsuite>
