<?xml version="1.0" encoding="UTF-8"?>
<testsuite name="com.cedarsoft.unit.utils.UnitsTest" tests="7" skipped="7" failures="0" errors="0" timestamp="2021-12-10T03:10:16" hostname="runner-ioxloixu-project-47-concurrent-0" time="0.011">
  <properties/>
  <testcase name="testDefinition()" classname="com.cedarsoft.unit.utils.UnitsTest" time="0.0">
    <skipped/>
  </testcase>
  <testcase name="testName()" classname="com.cedarsoft.unit.utils.UnitsTest" time="0.007">
    <skipped/>
  </testcase>
  <testcase name="testDerivedFrom()" classname="com.cedarsoft.unit.utils.UnitsTest" time="0.0">
    <skipped/>
  </testcase>
  <testcase name="testDerived()" classname="com.cedarsoft.unit.utils.UnitsTest" time="0.0">
    <skipped/>
  </testcase>
  <testcase name="testIsUnit()" classname="com.cedarsoft.unit.utils.UnitsTest" time="0.0">
    <skipped/>
  </testcase>
  <testcase name="testSiBase()" classname="com.cedarsoft.unit.utils.UnitsTest" time="0.001">
    <skipped/>
  </testcase>
  <testcase name="testSymbol()" classname="com.cedarsoft.unit.utils.UnitsTest" time="0.0">
    <skipped/>
  </testcase>
  <system-out><![CDATA[]]></system-out>
  <system-err><![CDATA[]]></system-err>
</testsuite>
