<?xml version="1.0" encoding="UTF-8"?>
<testsuite name="com.cedarsoft.unit.utils.prefix.PrefixedTest" tests="4" skipped="4" failures="0" errors="0" timestamp="2021-02-15T03:23:23" hostname="runner-kggansxr-project-47-concurrent-0" time="0.005">
  <properties/>
  <testcase name="testFactor2()" classname="com.cedarsoft.unit.utils.prefix.PrefixedTest" time="0.0">
    <skipped/>
  </testcase>
  <testcase name="testIt()" classname="com.cedarsoft.unit.utils.prefix.PrefixedTest" time="0.001">
    <skipped/>
  </testcase>
  <testcase name="testIsPrefixed()" classname="com.cedarsoft.unit.utils.prefix.PrefixedTest" time="0.001">
    <skipped/>
  </testcase>
  <testcase name="testPrefix()" classname="com.cedarsoft.unit.utils.prefix.PrefixedTest" time="0.001">
    <skipped/>
  </testcase>
  <system-out><![CDATA[]]></system-out>
  <system-err><![CDATA[]]></system-err>
</testsuite>
