<?xml version="1.0" encoding="UTF-8"?>
<testsuite name="com.cedarsoft.common.time.DurationExtKtTest" tests="1" skipped="0" failures="0" errors="0" timestamp="2021-08-02T02:06:36" hostname="runner-cs1zem-v-project-47-concurrent-0" time="0.198">
  <properties/>
  <testcase name="testFormat()" classname="com.cedarsoft.common.time.DurationExtKtTest" time="0.198"/>
  <system-out><![CDATA[]]></system-out>
  <system-err><![CDATA[]]></system-err>
</testsuite>
