<?xml version="1.0" encoding="UTF-8"?>
<testsuite name="com.cedarsoft.common.time.DurationExtKtTest" tests="1" skipped="0" failures="0" errors="0" timestamp="2022-02-10T17:16:21" hostname="runner-ioxloixu-project-47-concurrent-1" time="0.254">
  <properties/>
  <testcase name="testFormat()" classname="com.cedarsoft.common.time.DurationExtKtTest" time="0.254"/>
  <system-out><![CDATA[]]></system-out>
  <system-err><![CDATA[]]></system-err>
</testsuite>
