<?xml version="1.0" encoding="UTF-8"?>
<testsuite name="com.cedarsoft.exceptions.handling.ApplicationExceptionFxDialogTest" tests="1" skipped="1" failures="0" errors="0" timestamp="2022-01-16T03:11:02" hostname="runner-cs1zem-v-project-47-concurrent-0" time="0.001">
  <properties/>
  <testcase name="testAppFxExceptionDialog$exception_handling_ui()" classname="com.cedarsoft.exceptions.handling.ApplicationExceptionFxDialogTest" time="0.001">
    <skipped/>
  </testcase>
  <system-out><![CDATA[]]></system-out>
  <system-err><![CDATA[]]></system-err>
</testsuite>
