<?xml version="1.0" encoding="UTF-8"?>
<testsuite name="com.cedarsoft.common.time.DurationExtKtTest" tests="1" skipped="0" failures="0" errors="0" timestamp="2022-01-15T03:10:48" hostname="runner-cs1zem-v-project-47-concurrent-0" time="0.169">
  <properties/>
  <testcase name="testFormat()" classname="com.cedarsoft.common.time.DurationExtKtTest" time="0.169"/>
  <system-out><![CDATA[]]></system-out>
  <system-err><![CDATA[]]></system-err>
</testsuite>
