<?xml version="1.0" encoding="UTF-8"?>
<testsuite name="com.cedarsoft.common.time.DurationExtKtTest" tests="1" skipped="0" failures="0" errors="0" timestamp="2021-06-14T02:07:40" hostname="runner-kggansxr-project-47-concurrent-0" time="0.231">
  <properties/>
  <testcase name="testFormat()" classname="com.cedarsoft.common.time.DurationExtKtTest" time="0.231"/>
  <system-out><![CDATA[]]></system-out>
  <system-err><![CDATA[]]></system-err>
</testsuite>
