<?xml version="1.0" encoding="UTF-8"?>
<testsuite name="com.cedarsoft.swing.binding.ComboBoxObservableListModelTest" tests="1" skipped="0" failures="0" errors="0" timestamp="2022-01-17T03:09:54" hostname="runner-ioxloixu-project-47-concurrent-0" time="0.672">
  <properties/>
  <testcase name="testInstantiationFromJava()" classname="com.cedarsoft.swing.binding.ComboBoxObservableListModelTest" time="0.672"/>
  <system-out><![CDATA[]]></system-out>
  <system-err><![CDATA[]]></system-err>
</testsuite>
