<?xml version="1.0" encoding="UTF-8"?>
<testsuite name="com.cedarsoft.swing.binding.JavaBindingTest" tests="2" skipped="0" failures="0" errors="0" timestamp="2021-03-26T03:06:11" hostname="runner-pgnkb89--project-47-concurrent-0" time="1.706">
  <properties/>
  <testcase name="testTextBinding()" classname="com.cedarsoft.swing.binding.JavaBindingTest" time="1.352"/>
  <testcase name="testCombo()" classname="com.cedarsoft.swing.binding.JavaBindingTest" time="0.32"/>
  <system-out><![CDATA[]]></system-out>
  <system-err><![CDATA[]]></system-err>
</testsuite>
