<?xml version="1.0" encoding="UTF-8"?>
<testsuite name="com.cedarsoft.swing.binding.BindingTest" tests="4" skipped="0" failures="0" errors="0" timestamp="2021-01-19T03:20:58" hostname="runner-pgnkb89--project-47-concurrent-0" time="0.172">
  <properties/>
  <testcase name="testTextField$swing_bindings()" classname="com.cedarsoft.swing.binding.BindingTest" time="0.01"/>
  <testcase name="testTextFieldText$swing_bindings()" classname="com.cedarsoft.swing.binding.BindingTest" time="0.11"/>
  <testcase name="testCombo$swing_bindings()" classname="com.cedarsoft.swing.binding.BindingTest" time="0.038"/>
  <testcase name="testVisible$swing_bindings()" classname="com.cedarsoft.swing.binding.BindingTest" time="0.011"/>
  <system-out><![CDATA[]]></system-out>
  <system-err><![CDATA[]]></system-err>
</testsuite>
