<?xml version="1.0" encoding="UTF-8"?>
<testsuite name="com.cedarsoft.swing.binding.BindingTest" tests="4" skipped="0" failures="0" errors="0" timestamp="2021-11-19T03:09:32" hostname="runner-ioxloixu-project-47-concurrent-0" time="0.213">
  <properties/>
  <testcase name="testTextField$swing_bindings()" classname="com.cedarsoft.swing.binding.BindingTest" time="0.021"/>
  <testcase name="testTextFieldText$swing_bindings()" classname="com.cedarsoft.swing.binding.BindingTest" time="0.121"/>
  <testcase name="testCombo$swing_bindings()" classname="com.cedarsoft.swing.binding.BindingTest" time="0.06"/>
  <testcase name="testVisible$swing_bindings()" classname="com.cedarsoft.swing.binding.BindingTest" time="0.009"/>
  <system-out><![CDATA[]]></system-out>
  <system-err><![CDATA[]]></system-err>
</testsuite>
