<?xml version="1.0" encoding="UTF-8"?>
<testsuite name="com.cedarsoft.swing.binding.JavaBindingTest" tests="2" skipped="0" failures="0" errors="0" timestamp="2021-10-12T02:06:08" hostname="runner-cs1zem-v-project-47-concurrent-0" time="1.36">
  <properties/>
  <testcase name="testTextBinding()" classname="com.cedarsoft.swing.binding.JavaBindingTest" time="0.989"/>
  <testcase name="testCombo()" classname="com.cedarsoft.swing.binding.JavaBindingTest" time="0.369"/>
  <system-out><![CDATA[]]></system-out>
  <system-err><![CDATA[]]></system-err>
</testsuite>
