<?xml version="1.0" encoding="UTF-8"?>
<testsuite name="com.cedarsoft.swing.binding.JavaBindingTest" tests="2" skipped="0" failures="0" errors="0" timestamp="2021-05-19T02:06:37" hostname="runner-cs1zem-v-project-47-concurrent-0" time="1.652">
  <properties/>
  <testcase name="testTextBinding()" classname="com.cedarsoft.swing.binding.JavaBindingTest" time="1.241"/>
  <testcase name="testCombo()" classname="com.cedarsoft.swing.binding.JavaBindingTest" time="0.383"/>
  <system-out><![CDATA[]]></system-out>
  <system-err><![CDATA[]]></system-err>
</testsuite>
