<?xml version="1.0" encoding="UTF-8"?>
<testsuite name="com.cedarsoft.swing.binding.BindingTest" tests="4" skipped="0" failures="0" errors="0" timestamp="2022-01-17T03:09:55" hostname="runner-ioxloixu-project-47-concurrent-0" time="0.135">
  <properties/>
  <testcase name="testTextField$swing_bindings()" classname="com.cedarsoft.swing.binding.BindingTest" time="0.01"/>
  <testcase name="testTextFieldText$swing_bindings()" classname="com.cedarsoft.swing.binding.BindingTest" time="0.095"/>
  <testcase name="testCombo$swing_bindings()" classname="com.cedarsoft.swing.binding.BindingTest" time="0.022"/>
  <testcase name="testVisible$swing_bindings()" classname="com.cedarsoft.swing.binding.BindingTest" time="0.005"/>
  <system-out><![CDATA[]]></system-out>
  <system-err><![CDATA[]]></system-err>
</testsuite>
