<?xml version="1.0" encoding="UTF-8"?>
<testsuite name="com.cedarsoft.swing.binding.ComboBoxObservableListModelTest" tests="1" skipped="0" failures="0" errors="0" timestamp="2021-05-07T02:08:11" hostname="runner-kggansxr-project-47-concurrent-0" time="0.894">
  <properties/>
  <testcase name="testInstantiationFromJava()" classname="com.cedarsoft.swing.binding.ComboBoxObservableListModelTest" time="0.894"/>
  <system-out><![CDATA[]]></system-out>
  <system-err><![CDATA[]]></system-err>
</testsuite>
