<?xml version="1.0" encoding="UTF-8"?>
<testsuite name="com.cedarsoft.swing.binding.ComboBoxObservableListModelTest" tests="1" skipped="0" failures="0" errors="0" timestamp="2021-01-12T17:32:32" hostname="runner-cs1zem-v-project-47-concurrent-0" time="0.612">
  <properties/>
  <testcase name="testInstantiationFromJava()" classname="com.cedarsoft.swing.binding.ComboBoxObservableListModelTest" time="0.612"/>
  <system-out><![CDATA[]]></system-out>
  <system-err><![CDATA[]]></system-err>
</testsuite>
