<?xml version="1.0" encoding="UTF-8"?>
<testsuite name="com.cedarsoft.swing.binding.BindingTest" tests="4" skipped="0" failures="0" errors="0" timestamp="2021-02-07T03:23:34" hostname="runner-kggansxr-project-47-concurrent-0" time="0.28">
  <properties/>
  <testcase name="testTextField$swing_bindings()" classname="com.cedarsoft.swing.binding.BindingTest" time="0.025"/>
  <testcase name="testTextFieldText$swing_bindings()" classname="com.cedarsoft.swing.binding.BindingTest" time="0.175"/>
  <testcase name="testCombo$swing_bindings()" classname="com.cedarsoft.swing.binding.BindingTest" time="0.062"/>
  <testcase name="testVisible$swing_bindings()" classname="com.cedarsoft.swing.binding.BindingTest" time="0.015"/>
  <system-out><![CDATA[]]></system-out>
  <system-err><![CDATA[]]></system-err>
</testsuite>
