<?xml version="1.0" encoding="UTF-8"?>
<testsuite name="com.cedarsoft.license.LicenseTest" tests="4" skipped="0" failures="0" errors="0" timestamp="2021-01-19T03:20:47" hostname="runner-pgnkb89--project-47-concurrent-0" time="1.17">
  <properties/>
  <testcase name="testUrl()" classname="com.cedarsoft.license.LicenseTest" time="0.229"/>
  <testcase name="testToString()" classname="com.cedarsoft.license.LicenseTest" time="0.869"/>
  <testcase name="testResolve()" classname="com.cedarsoft.license.LicenseTest" time="0.056"/>
  <testcase name="testEquals()" classname="com.cedarsoft.license.LicenseTest" time="0.003"/>
  <system-out><![CDATA[]]></system-out>
  <system-err><![CDATA[]]></system-err>
</testsuite>
