<?xml version="1.0" encoding="UTF-8"?>
<testsuite name="com.cedarsoft.license.CreativeCommonsLicenseTest" tests="10" skipped="0" failures="0" errors="0" timestamp="2022-02-10T17:15:47" hostname="runner-ioxloixu-project-47-concurrent-1" time="0.118">
  <properties/>
  <testcase name="testAll()" classname="com.cedarsoft.license.CreativeCommonsLicenseTest" time="0.081"/>
  <testcase name="testCCBy()" classname="com.cedarsoft.license.CreativeCommonsLicenseTest" time="0.005"/>
  <testcase name="testCCNC()" classname="com.cedarsoft.license.CreativeCommonsLicenseTest" time="0.001"/>
  <testcase name="testCCND()" classname="com.cedarsoft.license.CreativeCommonsLicenseTest" time="0.007"/>
  <testcase name="testCCSA()" classname="com.cedarsoft.license.CreativeCommonsLicenseTest" time="0.001"/>
  <testcase name="testUrls()" classname="com.cedarsoft.license.CreativeCommonsLicenseTest" time="0.001"/>
  <testcase name="testResolve()" classname="com.cedarsoft.license.CreativeCommonsLicenseTest" time="0.001"/>
  <testcase name="testCCNCND()" classname="com.cedarsoft.license.CreativeCommonsLicenseTest" time="0.001"/>
  <testcase name="testCCNCSA()" classname="com.cedarsoft.license.CreativeCommonsLicenseTest" time="0.001"/>
  <testcase name="testLicenseUrlTranslated()" classname="com.cedarsoft.license.CreativeCommonsLicenseTest" time="0.001"/>
  <system-out><![CDATA[]]></system-out>
  <system-err><![CDATA[]]></system-err>
</testsuite>
