<?xml version="1.0" encoding="UTF-8"?>
<testsuite name="com.cedarsoft.license.LicenseTest" tests="4" skipped="0" failures="0" errors="0" timestamp="2021-06-30T02:07:43" hostname="runner-kggansxr-project-47-concurrent-0" time="0.852">
  <properties/>
  <testcase name="testUrl()" classname="com.cedarsoft.license.LicenseTest" time="0.284"/>
  <testcase name="testToString()" classname="com.cedarsoft.license.LicenseTest" time="0.548"/>
  <testcase name="testResolve()" classname="com.cedarsoft.license.LicenseTest" time="0.005"/>
  <testcase name="testEquals()" classname="com.cedarsoft.license.LicenseTest" time="0.006"/>
  <system-out><![CDATA[]]></system-out>
  <system-err><![CDATA[]]></system-err>
</testsuite>
