<?xml version="1.0" encoding="UTF-8"?>
<testsuite name="com.cedarsoft.license.LicenseTest" tests="4" skipped="0" failures="0" errors="0" timestamp="2021-09-05T02:05:42" hostname="runner-cs1zem-v-project-47-concurrent-0" time="0.939">
  <properties/>
  <testcase name="testUrl()" classname="com.cedarsoft.license.LicenseTest" time="0.243"/>
  <testcase name="testToString()" classname="com.cedarsoft.license.LicenseTest" time="0.663"/>
  <testcase name="testResolve()" classname="com.cedarsoft.license.LicenseTest" time="0.002"/>
  <testcase name="testEquals()" classname="com.cedarsoft.license.LicenseTest" time="0.008"/>
  <system-out><![CDATA[]]></system-out>
  <system-err><![CDATA[]]></system-err>
</testsuite>
