<?xml version="1.0" encoding="UTF-8"?>
<testsuite name="com.cedarsoft.license.LicenseTest" tests="4" skipped="0" failures="0" errors="0" timestamp="2021-08-30T02:05:43" hostname="runner-cs1zem-v-project-47-concurrent-0" time="0.578">
  <properties/>
  <testcase name="testUrl()" classname="com.cedarsoft.license.LicenseTest" time="0.12"/>
  <testcase name="testToString()" classname="com.cedarsoft.license.LicenseTest" time="0.42"/>
  <testcase name="testResolve()" classname="com.cedarsoft.license.LicenseTest" time="0.001"/>
  <testcase name="testEquals()" classname="com.cedarsoft.license.LicenseTest" time="0.013"/>
  <system-out><![CDATA[]]></system-out>
  <system-err><![CDATA[]]></system-err>
</testsuite>
