<?xml version="1.0" encoding="UTF-8"?>
<testsuite name="com.cedarsoft.license.LicenseTest" tests="4" skipped="0" failures="0" errors="0" timestamp="2022-01-12T03:09:39" hostname="runner-cs1zem-v-project-47-concurrent-0" time="0.537">
  <properties/>
  <testcase name="testUrl()" classname="com.cedarsoft.license.LicenseTest" time="0.007"/>
  <testcase name="testToString()" classname="com.cedarsoft.license.LicenseTest" time="0.514"/>
  <testcase name="testResolve()" classname="com.cedarsoft.license.LicenseTest" time="0.0"/>
  <testcase name="testEquals()" classname="com.cedarsoft.license.LicenseTest" time="0.012"/>
  <system-out><![CDATA[]]></system-out>
  <system-err><![CDATA[]]></system-err>
</testsuite>
