<?xml version="1.0" encoding="UTF-8"?>
<testsuite name="com.cedarsoft.license.LicenseTest" tests="4" skipped="0" failures="0" errors="0" timestamp="2021-12-04T03:09:32" hostname="runner-ioxloixu-project-47-concurrent-0" time="0.507">
  <properties/>
  <testcase name="testUrl()" classname="com.cedarsoft.license.LicenseTest" time="0.007"/>
  <testcase name="testToString()" classname="com.cedarsoft.license.LicenseTest" time="0.484"/>
  <testcase name="testResolve()" classname="com.cedarsoft.license.LicenseTest" time="0.012"/>
  <testcase name="testEquals()" classname="com.cedarsoft.license.LicenseTest" time="0.0"/>
  <system-out><![CDATA[]]></system-out>
  <system-err><![CDATA[]]></system-err>
</testsuite>
