<?xml version="1.0" encoding="UTF-8"?>
<testsuite name="com.cedarsoft.license.LicenseTest" tests="4" skipped="0" failures="0" errors="0" timestamp="2021-02-03T03:21:06" hostname="runner-pgnkb89--project-47-concurrent-0" time="0.962">
  <properties/>
  <testcase name="testUrl()" classname="com.cedarsoft.license.LicenseTest" time="0.175"/>
  <testcase name="testToString()" classname="com.cedarsoft.license.LicenseTest" time="0.745"/>
  <testcase name="testResolve()" classname="com.cedarsoft.license.LicenseTest" time="0.001"/>
  <testcase name="testEquals()" classname="com.cedarsoft.license.LicenseTest" time="0.005"/>
  <system-out><![CDATA[]]></system-out>
  <system-err><![CDATA[]]></system-err>
</testsuite>
