<?xml version="1.0" encoding="UTF-8"?>
<testsuite name="com.cedarsoft.license.LicenseTest" tests="4" skipped="0" failures="0" errors="0" timestamp="2021-11-02T03:06:08" hostname="runner-cs1zem-v-project-47-concurrent-0" time="0.782">
  <properties/>
  <testcase name="testUrl()" classname="com.cedarsoft.license.LicenseTest" time="0.152"/>
  <testcase name="testToString()" classname="com.cedarsoft.license.LicenseTest" time="0.613"/>
  <testcase name="testResolve()" classname="com.cedarsoft.license.LicenseTest" time="0.011"/>
  <testcase name="testEquals()" classname="com.cedarsoft.license.LicenseTest" time="0.001"/>
  <system-out><![CDATA[]]></system-out>
  <system-err><![CDATA[]]></system-err>
</testsuite>
