<?xml version="1.0" encoding="UTF-8"?>
<testsuite name="com.cedarsoft.license.LicenseTest" tests="4" skipped="0" failures="0" errors="0" timestamp="2021-12-06T03:10:04" hostname="runner-cs1zem-v-project-47-concurrent-0" time="0.666">
  <properties/>
  <testcase name="testUrl()" classname="com.cedarsoft.license.LicenseTest" time="0.003"/>
  <testcase name="testToString()" classname="com.cedarsoft.license.LicenseTest" time="0.632"/>
  <testcase name="testResolve()" classname="com.cedarsoft.license.LicenseTest" time="0.002"/>
  <testcase name="testEquals()" classname="com.cedarsoft.license.LicenseTest" time="0.023"/>
  <system-out><![CDATA[]]></system-out>
  <system-err><![CDATA[]]></system-err>
</testsuite>
