<?xml version="1.0" encoding="UTF-8"?>
<testsuite name="com.cedarsoft.license.LicenseTest" tests="4" skipped="0" failures="0" errors="0" timestamp="2021-02-12T03:21:38" hostname="runner-pgnkb89--project-47-concurrent-0" time="1.029">
  <properties/>
  <testcase name="testUrl()" classname="com.cedarsoft.license.LicenseTest" time="0.201"/>
  <testcase name="testToString()" classname="com.cedarsoft.license.LicenseTest" time="0.792"/>
  <testcase name="testResolve()" classname="com.cedarsoft.license.LicenseTest" time="0.005"/>
  <testcase name="testEquals()" classname="com.cedarsoft.license.LicenseTest" time="0.006"/>
  <system-out><![CDATA[]]></system-out>
  <system-err><![CDATA[]]></system-err>
</testsuite>
