<?xml version="1.0" encoding="UTF-8"?>
<testsuite name="com.cedarsoft.license.LicenseTest" tests="4" skipped="0" failures="0" errors="0" timestamp="2021-02-13T03:21:28" hostname="runner-pgnkb89--project-47-concurrent-0" time="0.634">
  <properties/>
  <testcase name="testUrl()" classname="com.cedarsoft.license.LicenseTest" time="0.061"/>
  <testcase name="testToString()" classname="com.cedarsoft.license.LicenseTest" time="0.541"/>
  <testcase name="testResolve()" classname="com.cedarsoft.license.LicenseTest" time="0.016"/>
  <testcase name="testEquals()" classname="com.cedarsoft.license.LicenseTest" time="0.004"/>
  <system-out><![CDATA[]]></system-out>
  <system-err><![CDATA[]]></system-err>
</testsuite>
