<?xml version="1.0" encoding="UTF-8"?>
<testsuite name="com.cedarsoft.license.CreativeCommonsLicenseTest" tests="10" skipped="0" failures="0" errors="0" timestamp="2021-08-18T02:05:43" hostname="runner-cs1zem-v-project-47-concurrent-0" time="0.055">
  <properties/>
  <testcase name="testAll()" classname="com.cedarsoft.license.CreativeCommonsLicenseTest" time="0.011"/>
  <testcase name="testCCBy()" classname="com.cedarsoft.license.CreativeCommonsLicenseTest" time="0.002"/>
  <testcase name="testCCNC()" classname="com.cedarsoft.license.CreativeCommonsLicenseTest" time="0.002"/>
  <testcase name="testCCND()" classname="com.cedarsoft.license.CreativeCommonsLicenseTest" time="0.003"/>
  <testcase name="testCCSA()" classname="com.cedarsoft.license.CreativeCommonsLicenseTest" time="0.001"/>
  <testcase name="testUrls()" classname="com.cedarsoft.license.CreativeCommonsLicenseTest" time="0.001"/>
  <testcase name="testResolve()" classname="com.cedarsoft.license.CreativeCommonsLicenseTest" time="0.001"/>
  <testcase name="testCCNCND()" classname="com.cedarsoft.license.CreativeCommonsLicenseTest" time="0.003"/>
  <testcase name="testCCNCSA()" classname="com.cedarsoft.license.CreativeCommonsLicenseTest" time="0.001"/>
  <testcase name="testLicenseUrlTranslated()" classname="com.cedarsoft.license.CreativeCommonsLicenseTest" time="0.002"/>
  <system-out><![CDATA[]]></system-out>
  <system-err><![CDATA[]]></system-err>
</testsuite>
