<?xml version="1.0" encoding="UTF-8"?>
<testsuite name="com.cedarsoft.license.LicenseTest" tests="4" skipped="0" failures="0" errors="0" timestamp="2021-02-20T03:20:48" hostname="runner-cs1zem-v-project-47-concurrent-0" time="0.793">
  <properties/>
  <testcase name="testUrl()" classname="com.cedarsoft.license.LicenseTest" time="0.115"/>
  <testcase name="testToString()" classname="com.cedarsoft.license.LicenseTest" time="0.648"/>
  <testcase name="testResolve()" classname="com.cedarsoft.license.LicenseTest" time="0.006"/>
  <testcase name="testEquals()" classname="com.cedarsoft.license.LicenseTest" time="0.006"/>
  <system-out><![CDATA[]]></system-out>
  <system-err><![CDATA[]]></system-err>
</testsuite>
