<?xml version="1.0" encoding="UTF-8"?>
<testsuite name="com.cedarsoft.license.LicenseTest" tests="4" skipped="0" failures="0" errors="0" timestamp="2021-09-19T02:06:15" hostname="runner-cs1zem-v-project-47-concurrent-0" time="0.91">
  <properties/>
  <testcase name="testUrl()" classname="com.cedarsoft.license.LicenseTest" time="0.24"/>
  <testcase name="testToString()" classname="com.cedarsoft.license.LicenseTest" time="0.649"/>
  <testcase name="testResolve()" classname="com.cedarsoft.license.LicenseTest" time="0.008"/>
  <testcase name="testEquals()" classname="com.cedarsoft.license.LicenseTest" time="0.001"/>
  <system-out><![CDATA[]]></system-out>
  <system-err><![CDATA[]]></system-err>
</testsuite>
