<?xml version="1.0" encoding="UTF-8"?>
<testsuite name="com.cedarsoft.license.LicenseTest" tests="4" skipped="0" failures="0" errors="0" timestamp="2021-12-10T03:10:05" hostname="runner-ioxloixu-project-47-concurrent-0" time="0.49">
  <properties/>
  <testcase name="testUrl()" classname="com.cedarsoft.license.LicenseTest" time="0.003"/>
  <testcase name="testToString()" classname="com.cedarsoft.license.LicenseTest" time="0.468"/>
  <testcase name="testResolve()" classname="com.cedarsoft.license.LicenseTest" time="0.001"/>
  <testcase name="testEquals()" classname="com.cedarsoft.license.LicenseTest" time="0.004"/>
  <system-out><![CDATA[]]></system-out>
  <system-err><![CDATA[]]></system-err>
</testsuite>
