<?xml version="1.0" encoding="UTF-8"?>
<testsuite name="com.cedarsoft.license.LicenseTest" tests="4" skipped="0" failures="0" errors="0" timestamp="2021-01-16T03:23:03" hostname="runner-kggansxr-project-47-concurrent-0" time="0.803">
  <properties/>
  <testcase name="testUrl()" classname="com.cedarsoft.license.LicenseTest" time="0.143"/>
  <testcase name="testToString()" classname="com.cedarsoft.license.LicenseTest" time="0.631"/>
  <testcase name="testResolve()" classname="com.cedarsoft.license.LicenseTest" time="0.006"/>
  <testcase name="testEquals()" classname="com.cedarsoft.license.LicenseTest" time="0.012"/>
  <system-out><![CDATA[]]></system-out>
  <system-err><![CDATA[]]></system-err>
</testsuite>
