<?xml version="1.0" encoding="UTF-8"?>
<testsuite name="com.cedarsoft.license.CreativeCommonsLicenseTest" tests="10" skipped="0" failures="0" errors="0" timestamp="2021-01-31T03:20:26" hostname="runner-cs1zem-v-project-47-concurrent-0" time="0.099">
  <properties/>
  <testcase name="testAll()" classname="com.cedarsoft.license.CreativeCommonsLicenseTest" time="0.003"/>
  <testcase name="testCCBy()" classname="com.cedarsoft.license.CreativeCommonsLicenseTest" time="0.004"/>
  <testcase name="testCCNC()" classname="com.cedarsoft.license.CreativeCommonsLicenseTest" time="0.047"/>
  <testcase name="testCCND()" classname="com.cedarsoft.license.CreativeCommonsLicenseTest" time="0.002"/>
  <testcase name="testCCSA()" classname="com.cedarsoft.license.CreativeCommonsLicenseTest" time="0.001"/>
  <testcase name="testUrls()" classname="com.cedarsoft.license.CreativeCommonsLicenseTest" time="0.001"/>
  <testcase name="testResolve()" classname="com.cedarsoft.license.CreativeCommonsLicenseTest" time="0.001"/>
  <testcase name="testCCNCND()" classname="com.cedarsoft.license.CreativeCommonsLicenseTest" time="0.006"/>
  <testcase name="testCCNCSA()" classname="com.cedarsoft.license.CreativeCommonsLicenseTest" time="0.005"/>
  <testcase name="testLicenseUrlTranslated()" classname="com.cedarsoft.license.CreativeCommonsLicenseTest" time="0.004"/>
  <system-out><![CDATA[]]></system-out>
  <system-err><![CDATA[]]></system-err>
</testsuite>
