<?xml version="1.0" encoding="UTF-8"?>
<testsuite name="com.cedarsoft.license.LicenseTest" tests="4" skipped="0" failures="0" errors="0" timestamp="2021-03-26T03:06:04" hostname="runner-pgnkb89--project-47-concurrent-0" time="0.938">
  <properties/>
  <testcase name="testUrl()" classname="com.cedarsoft.license.LicenseTest" time="0.2"/>
  <testcase name="testToString()" classname="com.cedarsoft.license.LicenseTest" time="0.702"/>
  <testcase name="testResolve()" classname="com.cedarsoft.license.LicenseTest" time="0.011"/>
  <testcase name="testEquals()" classname="com.cedarsoft.license.LicenseTest" time="0.012"/>
  <system-out><![CDATA[]]></system-out>
  <system-err><![CDATA[]]></system-err>
</testsuite>
