<?xml version="1.0" encoding="UTF-8"?>
<testsuite name="com.cedarsoft.license.LicenseTest" tests="4" skipped="0" failures="0" errors="0" timestamp="2021-04-08T02:05:28" hostname="runner-cs1zem-v-project-47-concurrent-0" time="0.724">
  <properties/>
  <testcase name="testUrl()" classname="com.cedarsoft.license.LicenseTest" time="0.114"/>
  <testcase name="testToString()" classname="com.cedarsoft.license.LicenseTest" time="0.574"/>
  <testcase name="testResolve()" classname="com.cedarsoft.license.LicenseTest" time="0.015"/>
  <testcase name="testEquals()" classname="com.cedarsoft.license.LicenseTest" time="0.01"/>
  <system-out><![CDATA[]]></system-out>
  <system-err><![CDATA[]]></system-err>
</testsuite>
