<?xml version="1.0" encoding="UTF-8"?>
<testsuite name="com.cedarsoft.license.LicenseTest" tests="4" skipped="0" failures="0" errors="0" timestamp="2021-02-26T03:21:37" hostname="runner-cs1zem-v-project-47-concurrent-0" time="0.99">
  <properties/>
  <testcase name="testUrl()" classname="com.cedarsoft.license.LicenseTest" time="0.314"/>
  <testcase name="testToString()" classname="com.cedarsoft.license.LicenseTest" time="0.637"/>
  <testcase name="testResolve()" classname="com.cedarsoft.license.LicenseTest" time="0.003"/>
  <testcase name="testEquals()" classname="com.cedarsoft.license.LicenseTest" time="0.001"/>
  <system-out><![CDATA[]]></system-out>
  <system-err><![CDATA[]]></system-err>
</testsuite>
