<?xml version="1.0" encoding="UTF-8"?>
<testsuite name="com.cedarsoft.serialization.serializers.stax.mate.BaseNameSerializerTest" tests="2" skipped="0" failures="0" errors="0" timestamp="2021-08-08T02:09:46" hostname="runner-kggansxr-project-47-concurrent-0" time="0.188">
  <properties/>
  <testcase name="[1] entry=Entry{object=asdf}" classname="com.cedarsoft.serialization.serializers.stax.mate.BaseNameSerializerTest" time="0.093"/>
  <testcase name="[2] entry=Entry{object=asdf2}" classname="com.cedarsoft.serialization.serializers.stax.mate.BaseNameSerializerTest" time="0.074"/>
  <system-out><![CDATA[]]></system-out>
  <system-err><![CDATA[]]></system-err>
</testsuite>
