<?xml version="1.0" encoding="UTF-8"?>
<testsuite name="com.cedarsoft.serialization.serializers.stax.mate.VersionSerializerTest" tests="2" skipped="0" failures="0" errors="0" timestamp="2021-12-11T03:10:29" hostname="runner-ioxloixu-project-47-concurrent-0" time="0.096">
  <properties/>
  <testcase name="[1] entry=Entry{object=1.2.3-build65}" classname="com.cedarsoft.serialization.serializers.stax.mate.VersionSerializerTest" time="0.032"/>
  <testcase name="[2] entry=Entry{object=1.2.4}" classname="com.cedarsoft.serialization.serializers.stax.mate.VersionSerializerTest" time="0.061"/>
  <system-out><![CDATA[]]></system-out>
  <system-err><![CDATA[]]></system-err>
</testsuite>
