<?xml version="1.0" encoding="UTF-8"?>
<testsuite name="com.cedarsoft.serialization.serializers.stax.mate.FileTypeSerializerVersionTest" tests="2" skipped="0" failures="0" errors="0" timestamp="2021-02-11T03:21:44" hostname="runner-cs1zem-v-project-47-concurrent-0" time="0.487">
  <properties/>
  <testcase name="[1] entry=com.cedarsoft.serialization.test.utils.AbstractXmlVersionTest2$XmlVersionEntry@d2ed489" classname="com.cedarsoft.serialization.serializers.stax.mate.FileTypeSerializerVersionTest" time="0.47"/>
  <testcase name="[2] entry=com.cedarsoft.serialization.test.utils.AbstractXmlVersionTest2$XmlVersionEntry@3596518a" classname="com.cedarsoft.serialization.serializers.stax.mate.FileTypeSerializerVersionTest" time="0.005"/>
  <system-out><![CDATA[]]></system-out>
  <system-err><![CDATA[]]></system-err>
</testsuite>
