<?xml version="1.0" encoding="UTF-8"?>
<testsuite name="com.cedarsoft.serialization.serializers.stax.mate.ColorSerializerVersionTest" tests="1" skipped="0" failures="0" errors="0" timestamp="2021-07-06T02:06:47" hostname="runner-cs1zem-v-project-47-concurrent-0" time="0.029">
  <properties/>
  <testcase name="[1] entry=com.cedarsoft.serialization.test.utils.AbstractXmlVersionTest2$XmlVersionEntry@389e64b0" classname="com.cedarsoft.serialization.serializers.stax.mate.ColorSerializerVersionTest" time="0.029"/>
  <system-out><![CDATA[]]></system-out>
  <system-err><![CDATA[]]></system-err>
</testsuite>
