<?xml version="1.0" encoding="UTF-8"?>
<testsuite name="com.cedarsoft.serialization.serializers.stax.mate.ApplicationInformationSerializerTest" tests="1" skipped="0" failures="0" errors="0" timestamp="2022-01-02T03:10:09" hostname="runner-cs1zem-v-project-47-concurrent-0" time="1.007">
  <properties/>
  <testcase name="[1] entry=Entry{object=gimp (1.2.3)}" classname="com.cedarsoft.serialization.serializers.stax.mate.ApplicationInformationSerializerTest" time="1.007"/>
  <system-out><![CDATA[]]></system-out>
  <system-err><![CDATA[]]></system-err>
</testsuite>
