<?xml version="1.0" encoding="UTF-8"?>
<testsuite name="com.cedarsoft.serialization.serializers.stax.mate.FileTypeSerializerVersionTest" tests="2" skipped="0" failures="0" errors="0" timestamp="2021-06-14T02:09:11" hostname="runner-kggansxr-project-47-concurrent-0" time="0.061">
  <properties/>
  <testcase name="[1] entry=com.cedarsoft.serialization.test.utils.AbstractXmlVersionTest2$XmlVersionEntry@8ab8da2" classname="com.cedarsoft.serialization.serializers.stax.mate.FileTypeSerializerVersionTest" time="0.024"/>
  <testcase name="[2] entry=com.cedarsoft.serialization.test.utils.AbstractXmlVersionTest2$XmlVersionEntry@5035088a" classname="com.cedarsoft.serialization.serializers.stax.mate.FileTypeSerializerVersionTest" time="0.036"/>
  <system-out><![CDATA[]]></system-out>
  <system-err><![CDATA[]]></system-err>
</testsuite>
