<?xml version="1.0" encoding="UTF-8"?>
<testsuite name="com.cedarsoft.serialization.serializers.stax.mate.ExtensionSerializerTest" tests="6" skipped="0" failures="0" errors="0" timestamp="2021-07-11T02:10:03" hostname="runner-kggansxr-project-47-concurrent-0" time="0.309">
  <properties/>
  <testcase name="[1] entry=Entry{object=,jpg}" classname="com.cedarsoft.serialization.serializers.stax.mate.ExtensionSerializerTest" time="0.06"/>
  <testcase name="[2] entry=Entry{object=.jpg}" classname="com.cedarsoft.serialization.serializers.stax.mate.ExtensionSerializerTest" time="0.074"/>
  <testcase name="[3] entry=Entry{object=-jpg}" classname="com.cedarsoft.serialization.serializers.stax.mate.ExtensionSerializerTest" time="0.085"/>
  <testcase name="[4] entry=Entry{object=,cr2}" classname="com.cedarsoft.serialization.serializers.stax.mate.ExtensionSerializerTest" time="0.051"/>
  <testcase name="testMissingDelimiter()" classname="com.cedarsoft.serialization.serializers.stax.mate.ExtensionSerializerTest" time="0.003"/>
  <testcase name="testDelimiter()" classname="com.cedarsoft.serialization.serializers.stax.mate.ExtensionSerializerTest" time="0.013"/>
  <system-out><![CDATA[]]></system-out>
  <system-err><![CDATA[]]></system-err>
</testsuite>
