<?xml version="1.0" encoding="UTF-8"?>
<testsuite name="com.cedarsoft.serialization.serializers.stax.mate.FileTypeSerializerVersionTest" tests="2" skipped="0" failures="0" errors="0" timestamp="2021-08-15T02:06:28" hostname="runner-cs1zem-v-project-47-concurrent-0" time="0.853">
  <properties/>
  <testcase name="[1] entry=com.cedarsoft.serialization.test.utils.AbstractXmlVersionTest2$XmlVersionEntry@4ddfc1b" classname="com.cedarsoft.serialization.serializers.stax.mate.FileTypeSerializerVersionTest" time="0.835"/>
  <testcase name="[2] entry=com.cedarsoft.serialization.test.utils.AbstractXmlVersionTest2$XmlVersionEntry@6bcbb3c5" classname="com.cedarsoft.serialization.serializers.stax.mate.FileTypeSerializerVersionTest" time="0.011"/>
  <system-out><![CDATA[]]></system-out>
  <system-err><![CDATA[]]></system-err>
</testsuite>
