<?xml version="1.0" encoding="UTF-8"?>
<testsuite name="com.cedarsoft.serialization.serializers.stax.mate.FileTypeSerializerVersionTest" tests="2" skipped="0" failures="0" errors="0" timestamp="2021-09-17T02:06:22" hostname="runner-cs1zem-v-project-47-concurrent-0" time="0.508">
  <properties/>
  <testcase name="[1] entry=com.cedarsoft.serialization.test.utils.AbstractXmlVersionTest2$XmlVersionEntry@432f521f" classname="com.cedarsoft.serialization.serializers.stax.mate.FileTypeSerializerVersionTest" time="0.487"/>
  <testcase name="[2] entry=com.cedarsoft.serialization.test.utils.AbstractXmlVersionTest2$XmlVersionEntry@4522d793" classname="com.cedarsoft.serialization.serializers.stax.mate.FileTypeSerializerVersionTest" time="0.016"/>
  <system-out><![CDATA[]]></system-out>
  <system-err><![CDATA[]]></system-err>
</testsuite>
