<?xml version="1.0" encoding="UTF-8"?>
<testsuite name="com.cedarsoft.serialization.serializers.stax.mate.ColorSerializerTest" tests="1" skipped="0" failures="0" errors="0" timestamp="2021-12-02T03:10:23" hostname="runner-ioxloixu-project-47-concurrent-0" time="0.033">
  <properties/>
  <testcase name="[1] entry=Entry{object=java.awt.Color[r=100,g=42,b=130]}" classname="com.cedarsoft.serialization.serializers.stax.mate.ColorSerializerTest" time="0.033"/>
  <system-out><![CDATA[]]></system-out>
  <system-err><![CDATA[]]></system-err>
</testsuite>
