<?xml version="1.0" encoding="UTF-8"?>
<testsuite name="com.cedarsoft.serialization.serializers.stax.mate.VersionSerializerTest" tests="2" skipped="0" failures="0" errors="0" timestamp="2021-01-24T03:24:20" hostname="runner-kggansxr-project-47-concurrent-0" time="0.117">
  <properties/>
  <testcase name="[1] entry=Entry{object=1.2.3-build65}" classname="com.cedarsoft.serialization.serializers.stax.mate.VersionSerializerTest" time="0.077"/>
  <testcase name="[2] entry=Entry{object=1.2.4}" classname="com.cedarsoft.serialization.serializers.stax.mate.VersionSerializerTest" time="0.037"/>
  <system-out><![CDATA[]]></system-out>
  <system-err><![CDATA[]]></system-err>
</testsuite>
