<?xml version="1.0" encoding="UTF-8"?>
<testsuite name="com.cedarsoft.serialization.serializers.stax.mate.HashSerializerTest" tests="2" skipped="0" failures="0" errors="0" timestamp="2021-01-27T03:21:56" hostname="runner-pgnkb89--project-47-concurrent-0" time="1.658">
  <properties/>
  <testcase name="[1] entry=Entry{object=[SHA256: 11223344]}" classname="com.cedarsoft.serialization.serializers.stax.mate.HashSerializerTest" time="1.548"/>
  <testcase name="testIt()" classname="com.cedarsoft.serialization.serializers.stax.mate.HashSerializerTest" time="0.085"/>
  <system-out><![CDATA[]]></system-out>
  <system-err><![CDATA[]]></system-err>
</testsuite>
