<?xml version="1.0" encoding="UTF-8"?>
<testsuite name="com.cedarsoft.serialization.serializers.stax.mate.ApplicationInformationSerializerTest" tests="1" skipped="0" failures="0" errors="0" timestamp="2021-12-11T03:10:27" hostname="runner-ioxloixu-project-47-concurrent-0" time="0.989">
  <properties/>
  <testcase name="[1] entry=Entry{object=gimp (1.2.3)}" classname="com.cedarsoft.serialization.serializers.stax.mate.ApplicationInformationSerializerTest" time="0.989"/>
  <system-out><![CDATA[]]></system-out>
  <system-err><![CDATA[]]></system-err>
</testsuite>
