<?xml version="1.0" encoding="UTF-8"?>
<testsuite name="com.cedarsoft.serialization.serializers.stax.mate.BaseNameSerializerVersionsTest" tests="1" skipped="0" failures="0" errors="0" timestamp="2021-01-14T03:24:42" hostname="runner-kggansxr-project-47-concurrent-0" time="0.024">
  <properties/>
  <testcase name="[1] entry=com.cedarsoft.serialization.test.utils.AbstractXmlVersionTest2$XmlVersionEntry@73170f6a" classname="com.cedarsoft.serialization.serializers.stax.mate.BaseNameSerializerVersionsTest" time="0.024"/>
  <system-out><![CDATA[]]></system-out>
  <system-err><![CDATA[]]></system-err>
</testsuite>
