<?xml version="1.0" encoding="UTF-8"?>
<testsuite name="com.cedarsoft.serialization.serializers.stax.mate.FileNameSerializerTest" tests="3" skipped="0" failures="0" errors="0" timestamp="2021-11-29T03:10:20" hostname="runner-ioxloixu-project-47-concurrent-0" time="0.052">
  <properties/>
  <testcase name="[1] entry=Entry{object=a,pdf}" classname="com.cedarsoft.serialization.serializers.stax.mate.FileNameSerializerTest" time="0.05"/>
  <testcase name="testMissingDelimiter()" classname="com.cedarsoft.serialization.serializers.stax.mate.FileNameSerializerTest" time="0.0"/>
  <testcase name="testDelimiter()" classname="com.cedarsoft.serialization.serializers.stax.mate.FileNameSerializerTest" time="0.0"/>
  <system-out><![CDATA[]]></system-out>
  <system-err><![CDATA[]]></system-err>
</testsuite>
