<?xml version="1.0" encoding="UTF-8"?>
<testsuite name="com.cedarsoft.serialization.serializers.stax.mate.BaseNameSerializerTest" tests="2" skipped="0" failures="0" errors="0" timestamp="2021-01-16T03:24:20" hostname="runner-kggansxr-project-47-concurrent-0" time="0.185">
  <properties/>
  <testcase name="[1] entry=Entry{object=asdf}" classname="com.cedarsoft.serialization.serializers.stax.mate.BaseNameSerializerTest" time="0.142"/>
  <testcase name="[2] entry=Entry{object=asdf2}" classname="com.cedarsoft.serialization.serializers.stax.mate.BaseNameSerializerTest" time="0.039"/>
  <system-out><![CDATA[]]></system-out>
  <system-err><![CDATA[]]></system-err>
</testsuite>
