<?xml version="1.0" encoding="UTF-8"?>
<testsuite name="com.cedarsoft.serialization.serializers.stax.mate.ApplicationInformationSerializerTest" tests="1" skipped="0" failures="0" errors="0" timestamp="2021-08-21T02:10:02" hostname="runner-kggansxr-project-47-concurrent-0" time="0.027">
  <properties/>
  <testcase name="[1] entry=Entry{object=gimp (1.2.3)}" classname="com.cedarsoft.serialization.serializers.stax.mate.ApplicationInformationSerializerTest" time="0.027"/>
  <system-out><![CDATA[]]></system-out>
  <system-err><![CDATA[]]></system-err>
</testsuite>
