<?xml version="1.0" encoding="UTF-8"?>
<testsuite name="com.cedarsoft.serialization.serializers.stax.mate.LicenseSerializerTest" tests="3" skipped="0" failures="0" errors="0" timestamp="2021-03-12T03:05:37" hostname="runner-cs1zem-v-project-47-concurrent-0" time="0.929">
  <properties/>
  <testcase name="[1] entry=Entry{object=Public Domain (PUBLIC_DOMAIN)}" classname="com.cedarsoft.serialization.serializers.stax.mate.LicenseSerializerTest" time="0.648"/>
  <testcase name="[2] entry=Entry{object=All rights reserved (ALL_RIGHTS_RESERVED)}" classname="com.cedarsoft.serialization.serializers.stax.mate.LicenseSerializerTest" time="0.143"/>
  <testcase name="[3] entry=Entry{object=Unknown (UNKNOWN)}" classname="com.cedarsoft.serialization.serializers.stax.mate.LicenseSerializerTest" time="0.11"/>
  <system-out><![CDATA[]]></system-out>
  <system-err><![CDATA[]]></system-err>
</testsuite>
