<?xml version="1.0" encoding="UTF-8"?>
<testsuite name="com.cedarsoft.serialization.serializers.stax.mate.HashSerializerTest" tests="2" skipped="0" failures="0" errors="0" timestamp="2021-11-21T03:10:08" hostname="runner-ioxloixu-project-47-concurrent-0" time="0.185">
  <properties/>
  <testcase name="[1] entry=Entry{object=[SHA256: 11223344]}" classname="com.cedarsoft.serialization.serializers.stax.mate.HashSerializerTest" time="0.025"/>
  <testcase name="testIt()" classname="com.cedarsoft.serialization.serializers.stax.mate.HashSerializerTest" time="0.159"/>
  <system-out><![CDATA[]]></system-out>
  <system-err><![CDATA[]]></system-err>
</testsuite>
