<?xml version="1.0" encoding="UTF-8"?>
<testsuite name="com.cedarsoft.serialization.serializers.stax.mate.FileNameSerializerTest" tests="3" skipped="0" failures="0" errors="0" timestamp="2021-07-20T02:10:12" hostname="runner-kggansxr-project-47-concurrent-0" time="0.145">
  <properties/>
  <testcase name="[1] entry=Entry{object=a,pdf}" classname="com.cedarsoft.serialization.serializers.stax.mate.FileNameSerializerTest" time="0.12"/>
  <testcase name="testMissingDelimiter()" classname="com.cedarsoft.serialization.serializers.stax.mate.FileNameSerializerTest" time="0.001"/>
  <testcase name="testDelimiter()" classname="com.cedarsoft.serialization.serializers.stax.mate.FileNameSerializerTest" time="0.022"/>
  <system-out><![CDATA[]]></system-out>
  <system-err><![CDATA[]]></system-err>
</testsuite>
