<?xml version="1.0" encoding="UTF-8"?>
<testsuite name="com.cedarsoft.serialization.serializers.stax.mate.LicenseSerializerTest" tests="3" skipped="0" failures="0" errors="0" timestamp="2021-02-19T03:22:40" hostname="runner-pgnkb89--project-47-concurrent-0" time="0.215">
  <properties/>
  <testcase name="[1] entry=Entry{object=Public Domain (PUBLIC_DOMAIN)}" classname="com.cedarsoft.serialization.serializers.stax.mate.LicenseSerializerTest" time="0.083"/>
  <testcase name="[2] entry=Entry{object=All rights reserved (ALL_RIGHTS_RESERVED)}" classname="com.cedarsoft.serialization.serializers.stax.mate.LicenseSerializerTest" time="0.059"/>
  <testcase name="[3] entry=Entry{object=Unknown (UNKNOWN)}" classname="com.cedarsoft.serialization.serializers.stax.mate.LicenseSerializerTest" time="0.063"/>
  <system-out><![CDATA[]]></system-out>
  <system-err><![CDATA[]]></system-err>
</testsuite>
