<?xml version="1.0" encoding="UTF-8"?>
<testsuite name="com.cedarsoft.serialization.serializers.stax.mate.FileTypeSerializerVersionTest" tests="2" skipped="0" failures="0" errors="0" timestamp="2021-03-21T03:08:13" hostname="runner-kggansxr-project-47-concurrent-0" time="0.031">
  <properties/>
  <testcase name="[1] entry=com.cedarsoft.serialization.test.utils.AbstractXmlVersionTest2$XmlVersionEntry@5a5a3907" classname="com.cedarsoft.serialization.serializers.stax.mate.FileTypeSerializerVersionTest" time="0.017"/>
  <testcase name="[2] entry=com.cedarsoft.serialization.test.utils.AbstractXmlVersionTest2$XmlVersionEntry@288be10b" classname="com.cedarsoft.serialization.serializers.stax.mate.FileTypeSerializerVersionTest" time="0.011"/>
  <system-out><![CDATA[]]></system-out>
  <system-err><![CDATA[]]></system-err>
</testsuite>
