<?xml version="1.0" encoding="UTF-8"?>
<testsuite name="com.cedarsoft.serialization.serializers.stax.mate.BaseNameSerializerTest" tests="2" skipped="0" failures="0" errors="0" timestamp="2021-12-04T03:10:16" hostname="runner-ioxloixu-project-47-concurrent-0" time="0.08">
  <properties/>
  <testcase name="[1] entry=Entry{object=asdf}" classname="com.cedarsoft.serialization.serializers.stax.mate.BaseNameSerializerTest" time="0.051"/>
  <testcase name="[2] entry=Entry{object=asdf2}" classname="com.cedarsoft.serialization.serializers.stax.mate.BaseNameSerializerTest" time="0.028"/>
  <system-out><![CDATA[]]></system-out>
  <system-err><![CDATA[]]></system-err>
</testsuite>
