<?xml version="1.0" encoding="UTF-8"?>
<testsuite name="com.cedarsoft.serialization.serializers.stax.mate.HashSerializerTest" tests="2" skipped="0" failures="0" errors="0" timestamp="2021-12-14T03:10:00" hostname="runner-cs1zem-v-project-47-concurrent-0" time="0.063">
  <properties/>
  <testcase name="[1] entry=Entry{object=[SHA256: 11223344]}" classname="com.cedarsoft.serialization.serializers.stax.mate.HashSerializerTest" time="0.029"/>
  <testcase name="testIt()" classname="com.cedarsoft.serialization.serializers.stax.mate.HashSerializerTest" time="0.03"/>
  <system-out><![CDATA[]]></system-out>
  <system-err><![CDATA[]]></system-err>
</testsuite>
