<?xml version="1.0" encoding="UTF-8"?>
<testsuite name="com.cedarsoft.serialization.serializers.stax.mate.BaseNameSerializerVersionsTest" tests="1" skipped="0" failures="0" errors="0" timestamp="2022-02-03T03:10:37" hostname="runner-ioxloixu-project-47-concurrent-0" time="0.019">
  <properties/>
  <testcase name="[1] entry=com.cedarsoft.serialization.test.utils.AbstractXmlVersionTest2$XmlVersionEntry@70439c3" classname="com.cedarsoft.serialization.serializers.stax.mate.BaseNameSerializerVersionsTest" time="0.019"/>
  <system-out><![CDATA[]]></system-out>
  <system-err><![CDATA[]]></system-err>
</testsuite>
