<?xml version="1.0" encoding="UTF-8"?>
<testsuite name="com.cedarsoft.serialization.serializers.stax.mate.BaseNameSerializerVersionsTest" tests="1" skipped="0" failures="0" errors="0" timestamp="2021-08-02T02:06:16" hostname="runner-cs1zem-v-project-47-concurrent-0" time="0.007">
  <properties/>
  <testcase name="[1] entry=com.cedarsoft.serialization.test.utils.AbstractXmlVersionTest2$XmlVersionEntry@435a5537" classname="com.cedarsoft.serialization.serializers.stax.mate.BaseNameSerializerVersionsTest" time="0.007"/>
  <system-out><![CDATA[]]></system-out>
  <system-err><![CDATA[]]></system-err>
</testsuite>
