<?xml version="1.0" encoding="UTF-8"?>
<testsuite name="com.cedarsoft.serialization.serializers.stax.mate.LicenseSerializerTest" tests="3" skipped="0" failures="0" errors="0" timestamp="2022-01-17T03:10:30" hostname="runner-ioxloixu-project-47-concurrent-0" time="0.191">
  <properties/>
  <testcase name="[1] entry=Entry{object=Public Domain (PUBLIC_DOMAIN)}" classname="com.cedarsoft.serialization.serializers.stax.mate.LicenseSerializerTest" time="0.052"/>
  <testcase name="[2] entry=Entry{object=All rights reserved (ALL_RIGHTS_RESERVED)}" classname="com.cedarsoft.serialization.serializers.stax.mate.LicenseSerializerTest" time="0.043"/>
  <testcase name="[3] entry=Entry{object=Unknown (UNKNOWN)}" classname="com.cedarsoft.serialization.serializers.stax.mate.LicenseSerializerTest" time="0.067"/>
  <system-out><![CDATA[]]></system-out>
  <system-err><![CDATA[]]></system-err>
</testsuite>
