<?xml version="1.0" encoding="UTF-8"?>
<testsuite name="com.cedarsoft.serialization.serializers.stax.mate.DimensionSerializerTest" tests="1" skipped="0" failures="0" errors="0" timestamp="2021-08-08T02:09:47" hostname="runner-kggansxr-project-47-concurrent-0" time="0.03">
  <properties/>
  <testcase name="[1] entry=Entry{object=java.awt.Dimension[width=1600,height=600]}" classname="com.cedarsoft.serialization.serializers.stax.mate.DimensionSerializerTest" time="0.03"/>
  <system-out><![CDATA[]]></system-out>
  <system-err><![CDATA[]]></system-err>
</testsuite>
