<?xml version="1.0" encoding="UTF-8"?>
<testsuite name="com.cedarsoft.serialization.serializers.stax.mate.BaseNameSerializerVersionsTest" tests="1" skipped="0" failures="0" errors="0" timestamp="2021-08-22T02:09:45" hostname="runner-kggansxr-project-47-concurrent-0" time="0.01">
  <properties/>
  <testcase name="[1] entry=com.cedarsoft.serialization.test.utils.AbstractXmlVersionTest2$XmlVersionEntry@5a57cf90" classname="com.cedarsoft.serialization.serializers.stax.mate.BaseNameSerializerVersionsTest" time="0.01"/>
  <system-out><![CDATA[]]></system-out>
  <system-err><![CDATA[]]></system-err>
</testsuite>
