<?xml version="1.0" encoding="UTF-8"?>
<testsuite name="com.cedarsoft.serialization.serializers.stax.mate.ExtensionSerializerTest" tests="6" skipped="0" failures="0" errors="0" timestamp="2021-08-18T02:06:06" hostname="runner-cs1zem-v-project-47-concurrent-0" time="0.283">
  <properties/>
  <testcase name="[1] entry=Entry{object=,jpg}" classname="com.cedarsoft.serialization.serializers.stax.mate.ExtensionSerializerTest" time="0.061"/>
  <testcase name="[2] entry=Entry{object=.jpg}" classname="com.cedarsoft.serialization.serializers.stax.mate.ExtensionSerializerTest" time="0.05"/>
  <testcase name="[3] entry=Entry{object=-jpg}" classname="com.cedarsoft.serialization.serializers.stax.mate.ExtensionSerializerTest" time="0.085"/>
  <testcase name="[4] entry=Entry{object=,cr2}" classname="com.cedarsoft.serialization.serializers.stax.mate.ExtensionSerializerTest" time="0.042"/>
  <testcase name="testMissingDelimiter()" classname="com.cedarsoft.serialization.serializers.stax.mate.ExtensionSerializerTest" time="0.034"/>
  <testcase name="testDelimiter()" classname="com.cedarsoft.serialization.serializers.stax.mate.ExtensionSerializerTest" time="0.001"/>
  <system-out><![CDATA[]]></system-out>
  <system-err><![CDATA[]]></system-err>
</testsuite>
