<?xml version="1.0" encoding="UTF-8"?>
<testsuite name="com.cedarsoft.serialization.serializers.stax.mate.BaseNameSerializerVersionsTest" tests="1" skipped="0" failures="0" errors="0" timestamp="2021-03-21T03:08:14" hostname="runner-kggansxr-project-47-concurrent-0" time="0.013">
  <properties/>
  <testcase name="[1] entry=com.cedarsoft.serialization.test.utils.AbstractXmlVersionTest2$XmlVersionEntry@3d9d1f9e" classname="com.cedarsoft.serialization.serializers.stax.mate.BaseNameSerializerVersionsTest" time="0.013"/>
  <system-out><![CDATA[]]></system-out>
  <system-err><![CDATA[]]></system-err>
</testsuite>
