<?xml version="1.0" encoding="UTF-8"?>
<testsuite name="com.cedarsoft.serialization.serializers.stax.mate.ExtensionSerializerTest" tests="6" skipped="0" failures="0" errors="0" timestamp="2021-01-19T03:22:11" hostname="runner-pgnkb89--project-47-concurrent-0" time="0.289">
  <properties/>
  <testcase name="[1] entry=Entry{object=,jpg}" classname="com.cedarsoft.serialization.serializers.stax.mate.ExtensionSerializerTest" time="0.064"/>
  <testcase name="[2] entry=Entry{object=.jpg}" classname="com.cedarsoft.serialization.serializers.stax.mate.ExtensionSerializerTest" time="0.078"/>
  <testcase name="[3] entry=Entry{object=-jpg}" classname="com.cedarsoft.serialization.serializers.stax.mate.ExtensionSerializerTest" time="0.047"/>
  <testcase name="[4] entry=Entry{object=,cr2}" classname="com.cedarsoft.serialization.serializers.stax.mate.ExtensionSerializerTest" time="0.054"/>
  <testcase name="testMissingDelimiter()" classname="com.cedarsoft.serialization.serializers.stax.mate.ExtensionSerializerTest" time="0.004"/>
  <testcase name="testDelimiter()" classname="com.cedarsoft.serialization.serializers.stax.mate.ExtensionSerializerTest" time="0.002"/>
  <system-out><![CDATA[]]></system-out>
  <system-err><![CDATA[]]></system-err>
</testsuite>
