<?xml version="1.0" encoding="UTF-8"?>
<testsuite name="com.cedarsoft.serialization.serializers.stax.mate.DimensionSerializerTest" tests="1" skipped="0" failures="0" errors="0" timestamp="2021-02-15T19:16:22" hostname="runner-kggansxr-project-47-concurrent-0" time="0.045">
  <properties/>
  <testcase name="[1] entry=Entry{object=java.awt.Dimension[width=1600,height=600]}" classname="com.cedarsoft.serialization.serializers.stax.mate.DimensionSerializerTest" time="0.045"/>
  <system-out><![CDATA[]]></system-out>
  <system-err><![CDATA[]]></system-err>
</testsuite>
