<?xml version="1.0" encoding="UTF-8"?>
<testsuite name="com.cedarsoft.serialization.serializers.stax.mate.ApplicationInformationSerializerTest" tests="1" skipped="0" failures="0" errors="0" timestamp="2021-02-28T03:23:14" hostname="runner-pgnkb89--project-47-concurrent-0" time="0.07">
  <properties/>
  <testcase name="[1] entry=Entry{object=gimp (1.2.3)}" classname="com.cedarsoft.serialization.serializers.stax.mate.ApplicationInformationSerializerTest" time="0.07"/>
  <system-out><![CDATA[]]></system-out>
  <system-err><![CDATA[]]></system-err>
</testsuite>
