<?xml version="1.0" encoding="UTF-8"?>
<testsuite name="com.cedarsoft.file.FileNameTest" tests="3" skipped="0" failures="0" errors="0" timestamp="2022-02-10T17:15:43" hostname="runner-ioxloixu-project-47-concurrent-1" time="0.021">
  <properties/>
  <testcase name="testFileNameUtils()" classname="com.cedarsoft.file.FileNameTest" time="0.013"/>
  <testcase name="testDel()" classname="com.cedarsoft.file.FileNameTest" time="0.001"/>
  <testcase name="testCase()" classname="com.cedarsoft.file.FileNameTest" time="0.004"/>
  <system-out><![CDATA[]]></system-out>
  <system-err><![CDATA[]]></system-err>
</testsuite>
