<?xml version="1.0" encoding="UTF-8"?>
<testsuite name="com.cedarsoft.file.FileNameTest" tests="3" skipped="0" failures="0" errors="0" timestamp="2021-07-27T02:07:34" hostname="runner-kggansxr-project-47-concurrent-0" time="0.053">
  <properties/>
  <testcase name="testFileNameUtils()" classname="com.cedarsoft.file.FileNameTest" time="0.013"/>
  <testcase name="testDel()" classname="com.cedarsoft.file.FileNameTest" time="0.026"/>
  <testcase name="testCase()" classname="com.cedarsoft.file.FileNameTest" time="0.007"/>
  <system-out><![CDATA[]]></system-out>
  <system-err><![CDATA[]]></system-err>
</testsuite>
