<?xml version="1.0" encoding="UTF-8"?>
<testsuite name="com.cedarsoft.file.FileNameTest" tests="3" skipped="0" failures="0" errors="0" timestamp="2021-09-14T02:05:56" hostname="runner-cs1zem-v-project-47-concurrent-0" time="0.02">
  <properties/>
  <testcase name="testFileNameUtils()" classname="com.cedarsoft.file.FileNameTest" time="0.006"/>
  <testcase name="testDel()" classname="com.cedarsoft.file.FileNameTest" time="0.007"/>
  <testcase name="testCase()" classname="com.cedarsoft.file.FileNameTest" time="0.003"/>
  <system-out><![CDATA[]]></system-out>
  <system-err><![CDATA[]]></system-err>
</testsuite>
