<?xml version="1.0" encoding="UTF-8"?>
<testsuite name="com.cedarsoft.file.FileTypeTest" tests="9" skipped="0" failures="0" errors="0" timestamp="2021-02-02T03:21:27" hostname="runner-pgnkb89--project-47-concurrent-0" time="0.553">
  <properties/>
  <testcase name="testDependentFiles()" classname="com.cedarsoft.file.FileTypeTest" time="0.122"/>
  <testcase name="testInva()" classname="com.cedarsoft.file.FileTypeTest" time="0.002"/>
  <testcase name="testContentType()" classname="com.cedarsoft.file.FileTypeTest" time="0.004"/>
  <testcase name="testGetBase()" classname="com.cedarsoft.file.FileTypeTest" time="0.339"/>
  <testcase name="testFileName()" classname="com.cedarsoft.file.FileTypeTest" time="0.011"/>
  <testcase name="testDefaultExtension()" classname="com.cedarsoft.file.FileTypeTest" time="0.006"/>
  <testcase name="testGetExtension()" classname="com.cedarsoft.file.FileTypeTest" time="0.003"/>
  <testcase name="testGetFileName()" classname="com.cedarsoft.file.FileTypeTest" time="0.009"/>
  <testcase name="testGetDelimiter()" classname="com.cedarsoft.file.FileTypeTest" time="0.01"/>
  <system-out><![CDATA[]]></system-out>
  <system-err><![CDATA[]]></system-err>
</testsuite>
