<?xml version="1.0" encoding="UTF-8"?>
<testsuite name="com.cedarsoft.file.ExtensionTest" tests="2" skipped="0" failures="0" errors="0" timestamp="2021-05-02T02:05:49" hostname="runner-cs1zem-v-project-47-concurrent-0" time="0.038">
  <properties/>
  <testcase name="testEmpty" classname="com.cedarsoft.file.ExtensionTest" time="0.02"/>
  <testcase name="testDefault" classname="com.cedarsoft.file.ExtensionTest" time="0.001"/>
  <system-out><![CDATA[]]></system-out>
  <system-err><![CDATA[]]></system-err>
</testsuite>
