<?xml version="1.0" encoding="UTF-8"?>
<testsuite name="com.cedarsoft.file.BaseNameAwareFileNamesTest" tests="2" skipped="0" failures="0" errors="0" timestamp="2022-01-14T03:09:40" hostname="runner-ioxloixu-project-47-concurrent-0" time="0.117">
  <properties/>
  <testcase name="testIt()" classname="com.cedarsoft.file.BaseNameAwareFileNamesTest" time="0.107"/>
  <testcase name="testDuplicate()" classname="com.cedarsoft.file.BaseNameAwareFileNamesTest" time="0.008"/>
  <system-out><![CDATA[]]></system-out>
  <system-err><![CDATA[]]></system-err>
</testsuite>
