<?xml version="1.0" encoding="UTF-8"?>
<testsuite name="com.cedarsoft.file.FileNameTest" tests="3" skipped="0" failures="0" errors="0" timestamp="2021-05-17T02:07:36" hostname="runner-kggansxr-project-47-concurrent-0" time="0.068">
  <properties/>
  <testcase name="testFileNameUtils()" classname="com.cedarsoft.file.FileNameTest" time="0.046"/>
  <testcase name="testDel()" classname="com.cedarsoft.file.FileNameTest" time="0.002"/>
  <testcase name="testCase()" classname="com.cedarsoft.file.FileNameTest" time="0.002"/>
  <system-out><![CDATA[]]></system-out>
  <system-err><![CDATA[]]></system-err>
</testsuite>
