<?xml version="1.0" encoding="UTF-8"?>
<testsuite name="com.cedarsoft.file.FileNameTest" tests="3" skipped="0" failures="0" errors="0" timestamp="2022-01-28T03:09:28" hostname="runner-ioxloixu-project-47-concurrent-0" time="0.016">
  <properties/>
  <testcase name="testFileNameUtils()" classname="com.cedarsoft.file.FileNameTest" time="0.01"/>
  <testcase name="testDel()" classname="com.cedarsoft.file.FileNameTest" time="0.002"/>
  <testcase name="testCase()" classname="com.cedarsoft.file.FileNameTest" time="0.001"/>
  <system-out><![CDATA[]]></system-out>
  <system-err><![CDATA[]]></system-err>
</testsuite>
