<?xml version="1.0" encoding="UTF-8"?>
<testsuite name="com.cedarsoft.file.ExtensionTest" tests="2" skipped="0" failures="0" errors="0" timestamp="2021-09-04T02:06:03" hostname="runner-cs1zem-v-project-47-concurrent-0" time="0.026">
  <properties/>
  <testcase name="testEmpty" classname="com.cedarsoft.file.ExtensionTest" time="0.017"/>
  <testcase name="testDefault" classname="com.cedarsoft.file.ExtensionTest" time="0.004"/>
  <system-out><![CDATA[]]></system-out>
  <system-err><![CDATA[]]></system-err>
</testsuite>
