<?xml version="1.0" encoding="UTF-8"?>
<testsuite name="com.cedarsoft.file.FileNameTest" tests="3" skipped="0" failures="0" errors="0" timestamp="2021-02-15T19:14:33" hostname="runner-kggansxr-project-47-concurrent-0" time="0.051">
  <properties/>
  <testcase name="testFileNameUtils()" classname="com.cedarsoft.file.FileNameTest" time="0.03"/>
  <testcase name="testDel()" classname="com.cedarsoft.file.FileNameTest" time="0.004"/>
  <testcase name="testCase()" classname="com.cedarsoft.file.FileNameTest" time="0.005"/>
  <system-out><![CDATA[]]></system-out>
  <system-err><![CDATA[]]></system-err>
</testsuite>
