<?xml version="1.0" encoding="UTF-8"?>
<testsuite name="com.cedarsoft.file.FileNameTest" tests="3" skipped="0" failures="0" errors="0" timestamp="2021-05-02T02:05:49" hostname="runner-cs1zem-v-project-47-concurrent-0" time="0.16">
  <properties/>
  <testcase name="testFileNameUtils()" classname="com.cedarsoft.file.FileNameTest" time="0.114"/>
  <testcase name="testDel()" classname="com.cedarsoft.file.FileNameTest" time="0.002"/>
  <testcase name="testCase()" classname="com.cedarsoft.file.FileNameTest" time="0.036"/>
  <system-out><![CDATA[]]></system-out>
  <system-err><![CDATA[]]></system-err>
</testsuite>
