<?xml version="1.0" encoding="UTF-8"?>
<testsuite name="com.cedarsoft.file.FileNamesTest" tests="2" skipped="0" failures="0" errors="0" timestamp="2021-03-14T03:05:16" hostname="runner-cs1zem-v-project-47-concurrent-0" time="0.005">
  <properties/>
  <testcase name="testIt2()" classname="com.cedarsoft.file.FileNamesTest" time="0.001"/>
  <testcase name="testIt()" classname="com.cedarsoft.file.FileNamesTest" time="0.003"/>
  <system-out><![CDATA[]]></system-out>
  <system-err><![CDATA[]]></system-err>
</testsuite>
