<?xml version="1.0" encoding="UTF-8"?>
<testsuite name="com.cedarsoft.file.FileNameTest" tests="3" skipped="0" failures="0" errors="0" timestamp="2021-01-16T03:22:46" hostname="runner-kggansxr-project-47-concurrent-0" time="0.059">
  <properties/>
  <testcase name="testFileNameUtils()" classname="com.cedarsoft.file.FileNameTest" time="0.02"/>
  <testcase name="testDel()" classname="com.cedarsoft.file.FileNameTest" time="0.024"/>
  <testcase name="testCase()" classname="com.cedarsoft.file.FileNameTest" time="0.001"/>
  <system-out><![CDATA[]]></system-out>
  <system-err><![CDATA[]]></system-err>
</testsuite>
