<?xml version="1.0" encoding="UTF-8"?>
<testsuite name="com.cedarsoft.file.BaseNameAwareFileNamesTest" tests="2" skipped="0" failures="0" errors="0" timestamp="2021-12-04T03:09:26" hostname="runner-ioxloixu-project-47-concurrent-0" time="0.121">
  <properties/>
  <testcase name="testIt()" classname="com.cedarsoft.file.BaseNameAwareFileNamesTest" time="0.118"/>
  <testcase name="testDuplicate()" classname="com.cedarsoft.file.BaseNameAwareFileNamesTest" time="0.001"/>
  <system-out><![CDATA[]]></system-out>
  <system-err><![CDATA[]]></system-err>
</testsuite>
