<?xml version="1.0" encoding="UTF-8"?>
<testsuite name="com.cedarsoft.file.FileCopyTest" tests="1" skipped="0" failures="0" errors="0" timestamp="2021-02-10T03:22:19" hostname="runner-pgnkb89--project-47-concurrent-0" time="0.056">
  <properties/>
  <testcase name="testCopySimple()" classname="com.cedarsoft.file.FileCopyTest" time="0.056"/>
  <system-out><![CDATA[]]></system-out>
  <system-err><![CDATA[]]></system-err>
</testsuite>
