<?xml version="1.0" encoding="UTF-8"?>
<testsuite name="com.cedarsoft.file.FileNamesTest" tests="2" skipped="0" failures="0" errors="0" timestamp="2021-07-26T02:08:00" hostname="runner-kggansxr-project-47-concurrent-0" time="0.003">
  <properties/>
  <testcase name="testIt2()" classname="com.cedarsoft.file.FileNamesTest" time="0.001"/>
  <testcase name="testIt()" classname="com.cedarsoft.file.FileNamesTest" time="0.001"/>
  <system-out><![CDATA[]]></system-out>
  <system-err><![CDATA[]]></system-err>
</testsuite>
