<?xml version="1.0" encoding="UTF-8"?>
<testsuite name="com.cedarsoft.file.FileNameTest" tests="3" skipped="0" failures="0" errors="0" timestamp="2021-02-09T03:22:00" hostname="runner-pgnkb89--project-47-concurrent-0" time="0.177">
  <properties/>
  <testcase name="testFileNameUtils()" classname="com.cedarsoft.file.FileNameTest" time="0.134"/>
  <testcase name="testDel()" classname="com.cedarsoft.file.FileNameTest" time="0.023"/>
  <testcase name="testCase()" classname="com.cedarsoft.file.FileNameTest" time="0.002"/>
  <system-out><![CDATA[]]></system-out>
  <system-err><![CDATA[]]></system-err>
</testsuite>
