<?xml version="1.0" encoding="UTF-8"?>
<testsuite name="com.cedarsoft.file.FileNameTest" tests="3" skipped="0" failures="0" errors="0" timestamp="2021-02-12T03:22:06" hostname="runner-pgnkb89--project-47-concurrent-0" time="0.11">
  <properties/>
  <testcase name="testFileNameUtils()" classname="com.cedarsoft.file.FileNameTest" time="0.066"/>
  <testcase name="testDel()" classname="com.cedarsoft.file.FileNameTest" time="0.025"/>
  <testcase name="testCase()" classname="com.cedarsoft.file.FileNameTest" time="0.004"/>
  <system-out><![CDATA[]]></system-out>
  <system-err><![CDATA[]]></system-err>
</testsuite>
