<?xml version="1.0" encoding="UTF-8"?>
<testsuite name="com.cedarsoft.file.FileCopyTest" tests="1" skipped="0" failures="0" errors="0" timestamp="2021-12-29T03:09:22" hostname="runner-ioxloixu-project-47-concurrent-0" time="0.009">
  <properties/>
  <testcase name="testCopySimple()" classname="com.cedarsoft.file.FileCopyTest" time="0.009"/>
  <system-out><![CDATA[]]></system-out>
  <system-err><![CDATA[]]></system-err>
</testsuite>
