<?xml version="1.0" encoding="UTF-8"?>
<testsuite name="com.cedarsoft.file.FileCopyTest" tests="1" skipped="0" failures="0" errors="0" timestamp="2021-04-02T02:06:31" hostname="runner-kggansxr-project-47-concurrent-0" time="0.071">
  <properties/>
  <testcase name="testCopySimple()" classname="com.cedarsoft.file.FileCopyTest" time="0.071"/>
  <system-out><![CDATA[]]></system-out>
  <system-err><![CDATA[]]></system-err>
</testsuite>
