<?xml version="1.0" encoding="UTF-8"?>
<testsuite name="com.cedarsoft.file.FileTypeTest" tests="9" skipped="0" failures="0" errors="0" timestamp="2021-06-28T02:05:36" hostname="runner-cs1zem-v-project-47-concurrent-0" time="0.341">
  <properties/>
  <testcase name="testDependentFiles()" classname="com.cedarsoft.file.FileTypeTest" time="0.089"/>
  <testcase name="testInva()" classname="com.cedarsoft.file.FileTypeTest" time="0.004"/>
  <testcase name="testContentType()" classname="com.cedarsoft.file.FileTypeTest" time="0.009"/>
  <testcase name="testGetBase()" classname="com.cedarsoft.file.FileTypeTest" time="0.181"/>
  <testcase name="testFileName()" classname="com.cedarsoft.file.FileTypeTest" time="0.015"/>
  <testcase name="testDefaultExtension()" classname="com.cedarsoft.file.FileTypeTest" time="0.002"/>
  <testcase name="testGetExtension()" classname="com.cedarsoft.file.FileTypeTest" time="0.002"/>
  <testcase name="testGetFileName()" classname="com.cedarsoft.file.FileTypeTest" time="0.004"/>
  <testcase name="testGetDelimiter()" classname="com.cedarsoft.file.FileTypeTest" time="0.01"/>
  <system-out><![CDATA[]]></system-out>
  <system-err><![CDATA[]]></system-err>
</testsuite>
