<?xml version="1.0" encoding="UTF-8"?>
<testsuite name="com.cedarsoft.file.FileTypeTest" tests="9" skipped="0" failures="0" errors="0" timestamp="2021-02-21T03:21:37" hostname="runner-pgnkb89--project-47-concurrent-0" time="0.589">
  <properties/>
  <testcase name="testDependentFiles()" classname="com.cedarsoft.file.FileTypeTest" time="0.125"/>
  <testcase name="testInva()" classname="com.cedarsoft.file.FileTypeTest" time="0.004"/>
  <testcase name="testContentType()" classname="com.cedarsoft.file.FileTypeTest" time="0.004"/>
  <testcase name="testGetBase()" classname="com.cedarsoft.file.FileTypeTest" time="0.318"/>
  <testcase name="testFileName()" classname="com.cedarsoft.file.FileTypeTest" time="0.008"/>
  <testcase name="testDefaultExtension()" classname="com.cedarsoft.file.FileTypeTest" time="0.003"/>
  <testcase name="testGetExtension()" classname="com.cedarsoft.file.FileTypeTest" time="0.02"/>
  <testcase name="testGetFileName()" classname="com.cedarsoft.file.FileTypeTest" time="0.009"/>
  <testcase name="testGetDelimiter()" classname="com.cedarsoft.file.FileTypeTest" time="0.023"/>
  <system-out><![CDATA[]]></system-out>
  <system-err><![CDATA[]]></system-err>
</testsuite>
