<?xml version="1.0" encoding="UTF-8"?>
<testsuite name="com.cedarsoft.file.ExtensionTest" tests="2" skipped="0" failures="0" errors="0" timestamp="2021-03-17T03:05:27" hostname="runner-cs1zem-v-project-47-concurrent-0" time="0.042">
  <properties/>
  <testcase name="testEmpty" classname="com.cedarsoft.file.ExtensionTest" time="0.016"/>
  <testcase name="testDefault" classname="com.cedarsoft.file.ExtensionTest" time="0.025"/>
  <system-out><![CDATA[]]></system-out>
  <system-err><![CDATA[]]></system-err>
</testsuite>
