<?xml version="1.0" encoding="UTF-8"?>
<testsuite name="com.cedarsoft.file.FileTypeTest" tests="9" skipped="0" failures="0" errors="0" timestamp="2021-07-30T02:05:43" hostname="runner-cs1zem-v-project-47-concurrent-0" time="0.347">
  <properties/>
  <testcase name="testDependentFiles()" classname="com.cedarsoft.file.FileTypeTest" time="0.101"/>
  <testcase name="testInva()" classname="com.cedarsoft.file.FileTypeTest" time="0.002"/>
  <testcase name="testContentType()" classname="com.cedarsoft.file.FileTypeTest" time="0.017"/>
  <testcase name="testGetBase()" classname="com.cedarsoft.file.FileTypeTest" time="0.183"/>
  <testcase name="testFileName()" classname="com.cedarsoft.file.FileTypeTest" time="0.001"/>
  <testcase name="testDefaultExtension()" classname="com.cedarsoft.file.FileTypeTest" time="0.0"/>
  <testcase name="testGetExtension()" classname="com.cedarsoft.file.FileTypeTest" time="0.006"/>
  <testcase name="testGetFileName()" classname="com.cedarsoft.file.FileTypeTest" time="0.005"/>
  <testcase name="testGetDelimiter()" classname="com.cedarsoft.file.FileTypeTest" time="0.0"/>
  <system-out><![CDATA[]]></system-out>
  <system-err><![CDATA[]]></system-err>
</testsuite>
