<?xml version="1.0" encoding="UTF-8"?>
<testsuite name="com.cedarsoft.file.FileNamesTest" tests="2" skipped="0" failures="0" errors="0" timestamp="2021-12-11T03:09:37" hostname="runner-ioxloixu-project-47-concurrent-0" time="0.006">
  <properties/>
  <testcase name="testIt2()" classname="com.cedarsoft.file.FileNamesTest" time="0.001"/>
  <testcase name="testIt()" classname="com.cedarsoft.file.FileNamesTest" time="0.002"/>
  <system-out><![CDATA[]]></system-out>
  <system-err><![CDATA[]]></system-err>
</testsuite>
