<?xml version="1.0" encoding="UTF-8"?>
<testsuite name="com.cedarsoft.file.FileNameTest" tests="3" skipped="0" failures="0" errors="0" timestamp="2021-02-14T03:21:30" hostname="runner-pgnkb89--project-47-concurrent-0" time="0.275">
  <properties/>
  <testcase name="testFileNameUtils()" classname="com.cedarsoft.file.FileNameTest" time="0.205"/>
  <testcase name="testDel()" classname="com.cedarsoft.file.FileNameTest" time="0.031"/>
  <testcase name="testCase()" classname="com.cedarsoft.file.FileNameTest" time="0.005"/>
  <system-out><![CDATA[]]></system-out>
  <system-err><![CDATA[]]></system-err>
</testsuite>
