<?xml version="1.0" encoding="UTF-8"?>
<testsuite name="com.cedarsoft.file.FileTypeTest" tests="9" skipped="0" failures="0" errors="0" timestamp="2021-08-08T02:07:23" hostname="runner-kggansxr-project-47-concurrent-0" time="0.277">
  <properties/>
  <testcase name="testDependentFiles()" classname="com.cedarsoft.file.FileTypeTest" time="0.061"/>
  <testcase name="testInva()" classname="com.cedarsoft.file.FileTypeTest" time="0.004"/>
  <testcase name="testContentType()" classname="com.cedarsoft.file.FileTypeTest" time="0.01"/>
  <testcase name="testGetBase()" classname="com.cedarsoft.file.FileTypeTest" time="0.139"/>
  <testcase name="testFileName()" classname="com.cedarsoft.file.FileTypeTest" time="0.007"/>
  <testcase name="testDefaultExtension()" classname="com.cedarsoft.file.FileTypeTest" time="0.008"/>
  <testcase name="testGetExtension()" classname="com.cedarsoft.file.FileTypeTest" time="0.003"/>
  <testcase name="testGetFileName()" classname="com.cedarsoft.file.FileTypeTest" time="0.003"/>
  <testcase name="testGetDelimiter()" classname="com.cedarsoft.file.FileTypeTest" time="0.002"/>
  <system-out><![CDATA[]]></system-out>
  <system-err><![CDATA[]]></system-err>
</testsuite>
