<?xml version="1.0" encoding="UTF-8"?>
<testsuite name="com.cedarsoft.file.FileTypeTest" tests="9" skipped="0" failures="0" errors="0" timestamp="2022-01-26T03:09:41" hostname="runner-ioxloixu-project-47-concurrent-0" time="0.15">
  <properties/>
  <testcase name="testDependentFiles()" classname="com.cedarsoft.file.FileTypeTest" time="0.019"/>
  <testcase name="testInva()" classname="com.cedarsoft.file.FileTypeTest" time="0.001"/>
  <testcase name="testContentType()" classname="com.cedarsoft.file.FileTypeTest" time="0.001"/>
  <testcase name="testGetBase()" classname="com.cedarsoft.file.FileTypeTest" time="0.102"/>
  <testcase name="testFileName()" classname="com.cedarsoft.file.FileTypeTest" time="0.005"/>
  <testcase name="testDefaultExtension()" classname="com.cedarsoft.file.FileTypeTest" time="0.001"/>
  <testcase name="testGetExtension()" classname="com.cedarsoft.file.FileTypeTest" time="0.002"/>
  <testcase name="testGetFileName()" classname="com.cedarsoft.file.FileTypeTest" time="0.003"/>
  <testcase name="testGetDelimiter()" classname="com.cedarsoft.file.FileTypeTest" time="0.001"/>
  <system-out><![CDATA[]]></system-out>
  <system-err><![CDATA[]]></system-err>
</testsuite>
