<?xml version="1.0" encoding="UTF-8"?>
<testsuite name="com.cedarsoft.file.FileNameTest" tests="3" skipped="0" failures="0" errors="0" timestamp="2022-02-04T03:09:37" hostname="runner-ioxloixu-project-47-concurrent-0" time="0.045">
  <properties/>
  <testcase name="testFileNameUtils()" classname="com.cedarsoft.file.FileNameTest" time="0.012"/>
  <testcase name="testDel()" classname="com.cedarsoft.file.FileNameTest" time="0.009"/>
  <testcase name="testCase()" classname="com.cedarsoft.file.FileNameTest" time="0.008"/>
  <system-out><![CDATA[]]></system-out>
  <system-err><![CDATA[]]></system-err>
</testsuite>
