<?xml version="1.0" encoding="UTF-8"?>
<testsuite name="com.cedarsoft.file.BaseNameAwareFileNamesTest" tests="2" skipped="0" failures="0" errors="0" timestamp="2021-06-14T02:07:21" hostname="runner-kggansxr-project-47-concurrent-0" time="0.191">
  <properties/>
  <testcase name="testIt()" classname="com.cedarsoft.file.BaseNameAwareFileNamesTest" time="0.185"/>
  <testcase name="testDuplicate()" classname="com.cedarsoft.file.BaseNameAwareFileNamesTest" time="0.004"/>
  <system-out><![CDATA[]]></system-out>
  <system-err><![CDATA[]]></system-err>
</testsuite>
