<?xml version="1.0" encoding="UTF-8"?>
<testsuite name="com.cedarsoft.file.BaseNameAwareFileNamesTest" tests="2" skipped="0" failures="0" errors="0" timestamp="2021-03-20T03:05:05" hostname="runner-cs1zem-v-project-47-concurrent-0" time="0.114">
  <properties/>
  <testcase name="testIt()" classname="com.cedarsoft.file.BaseNameAwareFileNamesTest" time="0.092"/>
  <testcase name="testDuplicate()" classname="com.cedarsoft.file.BaseNameAwareFileNamesTest" time="0.017"/>
  <system-out><![CDATA[]]></system-out>
  <system-err><![CDATA[]]></system-err>
</testsuite>
