<?xml version="1.0" encoding="UTF-8"?>
<testsuite name="com.cedarsoft.file.FileNameTest" tests="3" skipped="0" failures="0" errors="0" timestamp="2021-01-14T03:22:51" hostname="runner-kggansxr-project-47-concurrent-0" time="0.062">
  <properties/>
  <testcase name="testFileNameUtils()" classname="com.cedarsoft.file.FileNameTest" time="0.034"/>
  <testcase name="testDel()" classname="com.cedarsoft.file.FileNameTest" time="0.003"/>
  <testcase name="testCase()" classname="com.cedarsoft.file.FileNameTest" time="0.016"/>
  <system-out><![CDATA[]]></system-out>
  <system-err><![CDATA[]]></system-err>
</testsuite>
