<?xml version="1.0" encoding="UTF-8"?>
<testsuite name="com.cedarsoft.file.FileTypeTest" tests="9" skipped="0" failures="0" errors="0" timestamp="2021-02-22T03:20:59" hostname="runner-cs1zem-v-project-47-concurrent-0" time="0.426">
  <properties/>
  <testcase name="testDependentFiles()" classname="com.cedarsoft.file.FileTypeTest" time="0.057"/>
  <testcase name="testInva()" classname="com.cedarsoft.file.FileTypeTest" time="0.003"/>
  <testcase name="testContentType()" classname="com.cedarsoft.file.FileTypeTest" time="0.004"/>
  <testcase name="testGetBase()" classname="com.cedarsoft.file.FileTypeTest" time="0.337"/>
  <testcase name="testFileName()" classname="com.cedarsoft.file.FileTypeTest" time="0.002"/>
  <testcase name="testDefaultExtension()" classname="com.cedarsoft.file.FileTypeTest" time="0.003"/>
  <testcase name="testGetExtension()" classname="com.cedarsoft.file.FileTypeTest" time="0.002"/>
  <testcase name="testGetFileName()" classname="com.cedarsoft.file.FileTypeTest" time="0.002"/>
  <testcase name="testGetDelimiter()" classname="com.cedarsoft.file.FileTypeTest" time="0.002"/>
  <system-out><![CDATA[]]></system-out>
  <system-err><![CDATA[]]></system-err>
</testsuite>
