<?xml version="1.0" encoding="UTF-8"?>
<testsuite name="com.cedarsoft.file.FileNameTest" tests="3" skipped="0" failures="0" errors="0" timestamp="2021-10-23T02:05:48" hostname="runner-cs1zem-v-project-47-concurrent-0" time="0.072">
  <properties/>
  <testcase name="testFileNameUtils()" classname="com.cedarsoft.file.FileNameTest" time="0.035"/>
  <testcase name="testDel()" classname="com.cedarsoft.file.FileNameTest" time="0.002"/>
  <testcase name="testCase()" classname="com.cedarsoft.file.FileNameTest" time="0.028"/>
  <system-out><![CDATA[]]></system-out>
  <system-err><![CDATA[]]></system-err>
</testsuite>
