<?xml version="1.0" encoding="UTF-8"?>
<testsuite name="com.cedarsoft.file.ExtensionTest" tests="2" skipped="0" failures="0" errors="0" timestamp="2021-07-26T02:08:00" hostname="runner-kggansxr-project-47-concurrent-0" time="0.031">
  <properties/>
  <testcase name="testEmpty" classname="com.cedarsoft.file.ExtensionTest" time="0.011"/>
  <testcase name="testDefault" classname="com.cedarsoft.file.ExtensionTest" time="0.002"/>
  <system-out><![CDATA[]]></system-out>
  <system-err><![CDATA[]]></system-err>
</testsuite>
