<?xml version="1.0" encoding="UTF-8"?>
<testsuite name="com.cedarsoft.file.FileNamesTest" tests="2" skipped="0" failures="0" errors="0" timestamp="2021-01-21T03:21:36" hostname="runner-pgnkb89--project-47-concurrent-0" time="0.017">
  <properties/>
  <testcase name="testIt2()" classname="com.cedarsoft.file.FileNamesTest" time="0.009"/>
  <testcase name="testIt()" classname="com.cedarsoft.file.FileNamesTest" time="0.004"/>
  <system-out><![CDATA[]]></system-out>
  <system-err><![CDATA[]]></system-err>
</testsuite>
