<?xml version="1.0" encoding="UTF-8"?>
<testsuite name="com.cedarsoft.id.NameSpaceSupportTest" tests="2" skipped="0" failures="0" errors="0" timestamp="2021-09-23T02:05:50" hostname="runner-cs1zem-v-project-47-concurrent-0" time="0.166">
  <properties/>
  <testcase name="testCamel()" classname="com.cedarsoft.id.NameSpaceSupportTest" time="0.16"/>
  <testcase name="testToUri()" classname="com.cedarsoft.id.NameSpaceSupportTest" time="0.004"/>
  <system-out><![CDATA[]]></system-out>
  <system-err><![CDATA[]]></system-err>
</testsuite>
