<?xml version="1.0" encoding="UTF-8"?>
<testsuite name="com.cedarsoft.id.NameSpaceSupportTest" tests="2" skipped="0" failures="0" errors="0" timestamp="2021-01-21T03:20:56" hostname="runner-pgnkb89--project-47-concurrent-0" time="0.218">
  <properties/>
  <testcase name="testCamel()" classname="com.cedarsoft.id.NameSpaceSupportTest" time="0.196"/>
  <testcase name="testToUri()" classname="com.cedarsoft.id.NameSpaceSupportTest" time="0.013"/>
  <system-out><![CDATA[]]></system-out>
  <system-err><![CDATA[]]></system-err>
</testsuite>
