<?xml version="1.0" encoding="UTF-8"?>
<testsuite name="com.cedarsoft.id.NameSpaceSupportTest" tests="2" skipped="0" failures="0" errors="0" timestamp="2021-06-05T02:07:23" hostname="runner-kggansxr-project-47-concurrent-0" time="0.167">
  <properties/>
  <testcase name="testCamel()" classname="com.cedarsoft.id.NameSpaceSupportTest" time="0.155"/>
  <testcase name="testToUri()" classname="com.cedarsoft.id.NameSpaceSupportTest" time="0.01"/>
  <system-out><![CDATA[]]></system-out>
  <system-err><![CDATA[]]></system-err>
</testsuite>
