<?xml version="1.0" encoding="UTF-8"?>
<testsuite name="com.cedarsoft.guava.GuavaExtensionTest" tests="1" skipped="0" failures="0" errors="0" timestamp="2021-08-13T02:07:40" hostname="runner-kggansxr-project-47-concurrent-0" time="0.425">
  <properties/>
  <testcase name="testAddCopy$guava()" classname="com.cedarsoft.guava.GuavaExtensionTest" time="0.425"/>
  <system-out><![CDATA[]]></system-out>
  <system-err><![CDATA[]]></system-err>
</testsuite>
