<?xml version="1.0" encoding="UTF-8"?>
<testsuite name="com.cedarsoft.guava.GuavaExtensionTest" tests="1" skipped="0" failures="0" errors="0" timestamp="2021-02-10T03:22:18" hostname="runner-pgnkb89--project-47-concurrent-0" time="1.107">
  <properties/>
  <testcase name="testAddCopy$guava()" classname="com.cedarsoft.guava.GuavaExtensionTest" time="1.107"/>
  <system-out><![CDATA[]]></system-out>
  <system-err><![CDATA[]]></system-err>
</testsuite>
