<?xml version="1.0" encoding="UTF-8"?>
<testsuite name="com.cedarsoft.guava.GuavaExtensionTest" tests="1" skipped="0" failures="0" errors="0" timestamp="2022-02-01T03:09:43" hostname="runner-ioxloixu-project-47-concurrent-0" time="0.589">
  <properties/>
  <testcase name="testAddCopy$guava()" classname="com.cedarsoft.guava.GuavaExtensionTest" time="0.589"/>
  <system-out><![CDATA[]]></system-out>
  <system-err><![CDATA[]]></system-err>
</testsuite>
