<?xml version="1.0" encoding="UTF-8"?>
<testsuite name="com.cedarsoft.annotations.verification.VerifyBlockingTest" tests="2" skipped="0" failures="0" errors="0" timestamp="2021-08-17T02:05:28" hostname="runner-cs1zem-v-project-47-concurrent-0" time="1.205">
  <properties/>
  <testcase name="testItShouldFail()" classname="com.cedarsoft.annotations.verification.VerifyBlockingTest" time="1.173"/>
  <testcase name="testItShouldWork()" classname="com.cedarsoft.annotations.verification.VerifyBlockingTest" time="0.021"/>
  <system-out><![CDATA[]]></system-out>
  <system-err><![CDATA[]]></system-err>
</testsuite>
