<?xml version="1.0" encoding="UTF-8"?>
<testsuite name="com.cedarsoft.annotations.verification.VerifyBlockingTest" tests="2" skipped="0" failures="0" errors="0" timestamp="2022-01-01T03:09:42" hostname="runner-cs1zem-v-project-47-concurrent-0" time="1.119">
  <properties/>
  <testcase name="testItShouldFail()" classname="com.cedarsoft.annotations.verification.VerifyBlockingTest" time="1.1"/>
  <testcase name="testItShouldWork()" classname="com.cedarsoft.annotations.verification.VerifyBlockingTest" time="0.012"/>
  <system-out><![CDATA[]]></system-out>
  <system-err><![CDATA[]]></system-err>
</testsuite>
