<?xml version="1.0" encoding="UTF-8"?>
<testsuite name="com.cedarsoft.annotations.verification.VerifyBlockingTest" tests="2" skipped="0" failures="0" errors="0" timestamp="2022-01-20T03:09:25" hostname="runner-ioxloixu-project-47-concurrent-0" time="1.143">
  <properties/>
  <testcase name="testItShouldFail()" classname="com.cedarsoft.annotations.verification.VerifyBlockingTest" time="1.133"/>
  <testcase name="testItShouldWork()" classname="com.cedarsoft.annotations.verification.VerifyBlockingTest" time="0.009"/>
  <system-out><![CDATA[]]></system-out>
  <system-err><![CDATA[]]></system-err>
</testsuite>
