<?xml version="1.0" encoding="UTF-8"?>
<testsuite name="com.cedarsoft.commons.ktor.JsonConverterTest" tests="3" skipped="0" failures="0" errors="0" timestamp="2021-01-24T03:22:55" hostname="runner-kggansxr-project-47-concurrent-0" time="5.477">
  <properties/>
  <testcase name="testMessageGeneric" classname="com.cedarsoft.commons.ktor.JsonConverterTest" time="5.078"/>
  <testcase name="testMultiMessage" classname="com.cedarsoft.commons.ktor.JsonConverterTest" time="0.221"/>
  <testcase name="testEntity" classname="com.cedarsoft.commons.ktor.JsonConverterTest" time="0.177"/>
  <system-out><![CDATA[03:22:57.364 [Test worker] DEBUG ktor.test - Java Home: /opt/java/jdk1.8.0_271
03:22:57.526 [Test worker] DEBUG ktor.test - Class Loader: sun.misc.Launcher$AppClassLoader@73d16e93: [/builds/cedarsoft/com.cedarsoft.monorepo/.gradle/caches/6.8/workerMain/gradle-worker.jar, /builds/cedarsoft/com.cedarsoft.monorepo/internal/open/commons/ktor-server/build/tmp/expandedArchives/org.jacoco.agent-0.8.6.jar_a26f6511a7813217be4cd6439d66563b/jacocoagent.jar, /builds/cedarsoft/com.cedarsoft.monorepo/internal/open/commons/ktor-server/build/classes/java/test, /builds/cedarsoft/com.cedarsoft.monorepo/internal/open/commons/ktor-server/build/classes/kotlin/test/, /builds/cedarsoft/com.cedarsoft.monorepo/internal/open/commons/ktor-server/build/resources/test, /builds/cedarsoft/com.cedarsoft.monorepo/internal/open/commons/ktor-server/build/classes/java/main, /builds/cedarsoft/com.cedarsoft.monorepo/internal/open/commons/ktor-server/build/classes/kotlin/main/, /builds/cedarsoft/com.cedarsoft.monorepo/internal/open/commons/ktor-server/build/resources/main, /builds/cedarsoft/com.cedarsoft.monorepo/internal/dependencies-sets/ktor/build/libs/ktor-8.9.5-SNAPSHOT.jar, /builds/cedarsoft/com.cedarsoft.monorepo/internal/open/commons/kotlinx-serializers/build/libs/kotlinx-serializers-8.9.5-SNAPSHOT.jar, /builds/cedarsoft/com.cedarsoft.monorepo/internal/open/commons/concurrent/build/libs/concurrent-8.9.5-SNAPSHOT.jar, /builds/cedarsoft/com.cedarsoft.monorepo/internal/open/commons/guava/build/libs/guava-8.9.5-SNAPSHOT.jar, /builds/cedarsoft/com.cedarsoft.monorepo/internal/open/commons/test-utils/build/libs/test-utils-8.9.5-SNAPSHOT.jar, /builds/cedarsoft/com.cedarsoft.monorepo/internal/open/commons/commons/build/libs/commons-8.9.5-SNAPSHOT.jar, /builds/cedarsoft/com.cedarsoft.monorepo/internal/dependencies-sets/kotlin-test/build/libs/kotlin-test-8.9.5-SNAPSHOT.jar, /builds/cedarsoft/com.cedarsoft.monorepo/internal/dependencies-sets/test-basics/build/libs/test-basics-8.9.5-SNAPSHOT.jar, /builds/cedarsoft/com.cedarsoft.monorepo/internal/open/commons/crypt/build/libs/crypt-8.9.5-SNAPSHOT.jar, /builds/cedarsoft/com.cedarsoft.monorepo/internal/open/commons/xml-commons/build/libs/xml-commons-8.9.5-SNAPSHOT.jar, /builds/cedarsoft/com.cedarsoft.monorepo/.gradle/caches/modules-2/files-2.1/com.google.guava/guava/30.1-jre/d0c3ce2311c9e36e73228da25a6e99b2ab826f/guava-30.1-jre.jar, /builds/cedarsoft/com.cedarsoft.monorepo/.gradle/caches/modules-2/files-2.1/io.ktor/ktor-server-test-host/1.5.0/5fc7cca3c1f6ac1976e676ccea0097b61f7040d1/ktor-server-test-host-jvm-1.5.0.jar, /builds/cedarsoft/com.cedarsoft.monorepo/.gradle/caches/modules-2/files-2.1/io.ktor/ktor-websockets/1.5.0/f4ac5f1133a9737203e8b4c6127a82c0dfa092ee/ktor-websockets-jvm-1.5.0.jar, /builds/cedarsoft/com.cedarsoft.monorepo/.gradle/caches/modules-2/files-2.1/io.ktor/ktor-jackson/1.5.0/d48617dce200511bf84ab339d94957402485b59/ktor-jackson-jvm-1.5.0.jar, /builds/cedarsoft/com.cedarsoft.monorepo/.gradle/caches/modules-2/files-2.1/io.ktor/ktor-locations/1.5.0/fa3182c8ee4d9be4dd94ade73c2ceb322c54a985/ktor-locations-jvm-1.5.0.jar, /builds/cedarsoft/com.cedarsoft.monorepo/.gradle/caches/modules-2/files-2.1/io.ktor/ktor-metrics/1.5.0/9394a0e05f107e5770b86f44b5ac6c49b6fd925e/ktor-metrics-jvm-1.5.0.jar, /builds/cedarsoft/com.cedarsoft.monorepo/.gradle/caches/modules-2/files-2.1/io.ktor/ktor-auth/1.5.0/f577e274bf713974e3a0e2e542b6a3ce5c0742d2/ktor-auth-jvm-1.5.0.jar, /builds/cedarsoft/com.cedarsoft.monorepo/.gradle/caches/modules-2/files-2.1/io.ktor/ktor-html-builder/1.5.0/97a667229bf87f2f004110d74bedf7a413c00519/ktor-html-builder-jvm-1.5.0.jar, /builds/cedarsoft/com.cedarsoft.monorepo/.gradle/caches/modules-2/files-2.1/io.ktor/ktor-server-netty/1.5.0/ba99a88d25b194f426e288f7e88f4f8fbab81e5f/ktor-server-netty-jvm-1.5.0.jar, /builds/cedarsoft/com.cedarsoft.monorepo/.gradle/caches/modules-2/files-2.1/io.ktor/ktor-server-host-common/1.5.0/338062ff51d1e4416eca1320adfc78bf67734e6a/ktor-server-host-common-jvm-1.5.0.jar, /builds/cedarsoft/com.cedarsoft.monorepo/.gradle/caches/modules-2/files-2.1/io.ktor/ktor-server-core/1.5.0/6b6df94414d17da4630b6abf61ccdb22e0d0dbf2/ktor-server-core-jvm-1.5.0.jar, /builds/cedarsoft/com.cedarsoft.monorepo/.gradle/caches/modules-2/files-2.1/io.ktor/ktor-network-tls-certificates/1.5.0/117fd806c4aa069a52a8bfa9545d3a3abeee23d1/ktor-network-tls-certificates-jvm-1.5.0.jar, /builds/cedarsoft/com.cedarsoft.monorepo/.gradle/caches/modules-2/files-2.1/org.jetbrains.kotlinx/kotlinx-coroutines-jdk8/1.4.2/5fade60e503a55fc9d3af41b7190de1a84b14e3f/kotlinx-coroutines-jdk8-1.4.2.jar, /builds/cedarsoft/com.cedarsoft.monorepo/internal/open/unit/unit/build/libs/unit-jvm-8.9.5-SNAPSHOT.jar, /builds/cedarsoft/com.cedarsoft.monorepo/internal/open/commons/exceptions/build/libs/exceptions-8.9.5-SNAPSHOT.jar, /builds/cedarsoft/com.cedarsoft.monorepo/.gradle/caches/modules-2/files-2.1/io.strikt/strikt-core/0.28.1/68f8a4badc3613c05ebbd52393529b6caafae06c/strikt-core-0.28.1.jar, /builds/cedarsoft/com.cedarsoft.monorepo/.gradle/caches/modules-2/files-2.1/com.willowtreeapps.assertk/assertk-jvm/0.23/e0709e8a9d8a7b46b20a5f575199789e6cf2e5a1/assertk-jvm-0.23.jar, /builds/cedarsoft/com.cedarsoft.monorepo/.gradle/caches/modules-2/files-2.1/org.jetbrains.kotlinx/kotlinx-html-jvm/0.7.2/c7a77c9027384b982941d48ee61f80cce12a03eb/kotlinx-html-jvm-0.7.2.jar, /builds/cedarsoft/com.cedarsoft.monorepo/.gradle/caches/modules-2/files-2.1/com.christophsturm/filepeek/0.1.2/347482ee8f7b82e5dbc95ee0d61930e4fe4a5695/filepeek-0.1.2.jar, /builds/cedarsoft/com.cedarsoft.monorepo/.gradle/caches/modules-2/files-2.1/org.jetbrains.kotlin/kotlin-stdlib-jdk8/1.4.20/756521338269950c2a276f1abe6fef8e1a5e5528/kotlin-stdlib-jdk8-1.4.20.jar, /builds/cedarsoft/com.cedarsoft.monorepo/.gradle/caches/modules-2/files-2.1/org.awaitility/awaitility/4.0.3/144a5f4c85c5113e1f63139b5bdee6336511ee88/awaitility-4.0.3.jar, /builds/cedarsoft/com.cedarsoft.monorepo/.gradle/caches/modules-2/files-2.1/ch.qos.logback/logback-classic/1.2.3/7c4f3c474fb2c041d8028740440937705ebb473a/logback-classic-1.2.3.jar, /builds/cedarsoft/com.cedarsoft.monorepo/internal/dependencies-sets/kotlin/build/libs/kotlin-8.9.5-SNAPSHOT.jar, /builds/cedarsoft/com.cedarsoft.monorepo/.gradle/caches/modules-2/files-2.1/com.google.guava/failureaccess/1.0.1/1dcf1de382a0bf95a3d8b0849546c88bac1292c9/failureaccess-1.0.1.jar, /builds/cedarsoft/com.cedarsoft.monorepo/.gradle/caches/modules-2/files-2.1/com.google.guava/listenablefuture/9999.0-empty-to-avoid-conflict-with-guava/b421526c5f297295adef1c886e5246c39d4ac629/listenablefuture-9999.0-empty-to-avoid-conflict-with-guava.jar, /builds/cedarsoft/com.cedarsoft.monorepo/.gradle/caches/modules-2/files-2.1/com.google.code.findbugs/jsr305/3.0.2/25ea2e8b0c338a877313bd4672d3fe056ea78f0d/jsr305-3.0.2.jar, /builds/cedarsoft/com.cedarsoft.monorepo/.gradle/caches/modules-2/files-2.1/org.checkerframework/checker-qual/3.5.0/2f50520c8abea66fbd8d26e481d3aef5c673b510/checker-qual-3.5.0.jar, /builds/cedarsoft/com.cedarsoft.monorepo/.gradle/caches/modules-2/files-2.1/com.google.errorprone/error_prone_annotations/2.3.4/dac170e4594de319655ffb62f41cbd6dbb5e601e/error_prone_annotations-2.3.4.jar, /builds/cedarsoft/com.cedarsoft.monorepo/.gradle/caches/modules-2/files-2.1/com.google.j2objc/j2objc-annotations/1.3/ba035118bc8bac37d7eff77700720999acd9986d/j2objc-annotations-1.3.jar, /builds/cedarsoft/com.cedarsoft.monorepo/.gradle/caches/modules-2/files-2.1/org.jetbrains.kotlinx/kotlinx-coroutines-debug/1.4.2-native-mt/1c1c5fc8a47500f3d684449be96a4cd9d17e1788/kotlinx-coroutines-debug-1.4.2-native-mt.jar, /builds/cedarsoft/com.cedarsoft.monorepo/.gradle/caches/modules-2/files-2.1/io.ktor/ktor-client-cio-jvm/1.5.0/19588a5195cc68340eb6bbb9af18395d66027001/ktor-client-cio-jvm-1.5.0.jar, /builds/cedarsoft/com.cedarsoft.monorepo/.gradle/caches/modules-2/files-2.1/io.ktor/ktor-network-tls-jvm/1.5.0/b3e80c30debd3fd12386588638101a6784075caf/ktor-network-tls-jvm-1.5.0.jar, /builds/cedarsoft/com.cedarsoft.monorepo/.gradle/caches/modules-2/files-2.1/io.ktor/ktor-client-jetty/1.5.0/ff79725babd3544c6630a00da6718b87f22b9617/ktor-client-jetty-jvm-1.5.0.jar, /builds/cedarsoft/com.cedarsoft.monorepo/.gradle/caches/modules-2/files-2.1/io.ktor/ktor-client-core-jvm/1.5.0/99f27c1d879d918317e71857303c6d8461e01a39/ktor-client-core-jvm-1.5.0.jar, /builds/cedarsoft/com.cedarsoft.monorepo/.gradle/caches/modules-2/files-2.1/io.ktor/ktor-http-cio-jvm/1.5.0/87f6d19fb61386208c7b3cb7733424183f36550/ktor-http-cio-jvm-1.5.0.jar, /builds/cedarsoft/com.cedarsoft.monorepo/.gradle/caches/modules-2/files-2.1/io.ktor/ktor-http-jvm/1.5.0/b051db0a54457a1391213c45874bef8a70b247d6/ktor-http-jvm-1.5.0.jar, /builds/cedarsoft/com.cedarsoft.monorepo/.gradle/caches/modules-2/files-2.1/io.ktor/ktor-network-jvm/1.5.0/dedb3e2aa788b266e0b6f91eb6942aeeacc476a1/ktor-network-jvm-1.5.0.jar, /builds/cedarsoft/com.cedarsoft.monorepo/.gradle/caches/modules-2/files-2.1/io.ktor/ktor-utils-jvm/1.5.0/b699f71c6979b108606cfce5ee394217cd1f2ba2/ktor-utils-jvm-1.5.0.jar, /builds/cedarsoft/com.cedarsoft.monorepo/.gradle/caches/modules-2/files-2.1/io.ktor/ktor-io-jvm/1.5.0/f14fc6c6a83032eb792a4ac75faee87063af874/ktor-io-jvm-1.5.0.jar, /builds/cedarsoft/com.cedarsoft.monorepo/.gradle/caches/modules-2/files-2.1/org.jetbrains.kotlinx/kotlinx-serialization-json-jvm/1.0.1/900f8d34f091c8a957eca49e0cf6bf7d7006482d/kotlinx-serialization-json-jvm-1.0.1.jar, /builds/cedarsoft/com.cedarsoft.monorepo/.gradle/caches/modules-2/files-2.1/org.jetbrains.kotlin/kotlin-stdlib-jdk7/1.4.20/9de2c79e95d4b4699a455e88ba285a95352e0bea/kotlin-stdlib-jdk7-1.4.20.jar, /builds/cedarsoft/com.cedarsoft.monorepo/.gradle/caches/modules-2/files-2.1/com.fasterxml.jackson.core/jackson-databind/2.12.1/8a97e00e429c42f74757b0a8cd1d39dddd41524f/jackson-databind-2.12.1.jar, /builds/cedarsoft/com.cedarsoft.monorepo/.gradle/caches/modules-2/files-2.1/com.fasterxml.jackson.core/jackson-annotations/2.12.1/aa079f822ddce5548018286d19ccb15c2fc202d7/jackson-annotations-2.12.1.jar, /builds/cedarsoft/com.cedarsoft.monorepo/.gradle/caches/modules-2/files-2.1/com.fasterxml.jackson.core/jackson-core/2.12.1/7c5493930e439be6fcec80a9afd6516b8e5e8760/jackson-core-2.12.1.jar, /builds/cedarsoft/com.cedarsoft.monorepo/.gradle/caches/modules-2/files-2.1/com.fasterxml.jackson.module/jackson-module-kotlin/2.12.1/b7c8a84dd474b0ff8cf0ab4fdc949d5e4325aa35/jackson-module-kotlin-2.12.1.jar, /builds/cedarsoft/com.cedarsoft.monorepo/.gradle/caches/modules-2/files-2.1/org.jetbrains.kotlin/kotlin-reflect/1.4.21/748f681f4e3edbe9285ff46710c79049c70f4dfa/kotlin-reflect-1.4.21.jar, /builds/cedarsoft/com.cedarsoft.monorepo/.gradle/caches/modules-2/files-2.1/org.jetbrains.kotlinx/kotlinx-serialization-protobuf-jvm/1.0.1/12aad9ea5136e8fdeaf5f6f74cef03da71208f85/kotlinx-serialization-protobuf-jvm-1.0.1.jar, /builds/cedarsoft/com.cedarsoft.monorepo/.gradle/caches/modules-2/files-2.1/org.jetbrains.kotlinx/kotlinx-coroutines-core-jvm/1.4.2/4b9c6b2de7cabfb2c9ad7a5c709b1ddb7bbfd2ad/kotlinx-coroutines-core-jvm-1.4.2.jar, /builds/cedarsoft/com.cedarsoft.monorepo/.gradle/caches/modules-2/files-2.1/org.jetbrains.kotlin/kotlin-test-junit/1.4.21/c34d1105ebdb08c29ea9cfc4e159734cd528147d/kotlin-test-junit-1.4.21.jar, /builds/cedarsoft/com.cedarsoft.monorepo/.gradle/caches/modules-2/files-2.1/org.jetbrains.kotlin/kotlin-test/1.4.21/bda7548891ac16aa7d70e797721b1ee225875b0d/kotlin-test-1.4.21.jar, /builds/cedarsoft/com.cedarsoft.monorepo/.gradle/caches/modules-2/files-2.1/org.jetbrains.kotlinx/kotlinx-serialization-core-jvm/1.0.1/d0c5ab89372940ed3fb77952e79b9cd5d466d86/kotlinx-serialization-core-jvm-1.0.1.jar, /builds/cedarsoft/com.cedarsoft.monorepo/.gradle/caches/modules-2/files-2.1/com.willowtreeapps.opentest4k/opentest4k-jvm/1.2.1/2cba238e7106b5ac682da81d2c038b6880510f37/opentest4k-jvm-1.2.1.jar, /builds/cedarsoft/com.cedarsoft.monorepo/.gradle/caches/modules-2/files-2.1/org.jetbrains.kotlin/kotlin-stdlib/1.4.21/4a668382d7c38688d3490afde93b6a113ed46698/kotlin-stdlib-1.4.21.jar, /builds/cedarsoft/com.cedarsoft.monorepo/.gradle/caches/modules-2/files-2.1/commons-codec/commons-codec/1.15/49d94806b6e3dc933dacbd8acb0fdbab8ebd1e5d/commons-codec-1.15.jar, /builds/cedarsoft/com.cedarsoft.monorepo/.gradle/caches/modules-2/files-2.1/commons-io/commons-io/2.8.0/92999e26e6534606b5678014e66948286298a35c/commons-io-2.8.0.jar, /builds/cedarsoft/com.cedarsoft.monorepo/.gradle/caches/modules-2/files-2.1/org.codehaus.staxmate/staxmate/2.0.1/b0b767fbc22683d7bf26a14ae1c5817561e21d00/staxmate-2.0.1.jar, /builds/cedarsoft/com.cedarsoft.monorepo/.gradle/caches/modules-2/files-2.1/org.codehaus.woodstox/woodstox-core-asl/4.4.1/84fee5eb1a4a1cefe65b6883c73b3fa83be3c1a1/woodstox-core-asl-4.4.1.jar, /builds/cedarsoft/com.cedarsoft.monorepo/.gradle/caches/modules-2/files-2.1/org.apache.commons/commons-lang3/3.11/68e9a6adf7cf8eb7e9d31bbc554c7c75eeaac568/commons-lang3-3.11.jar, /builds/cedarsoft/com.cedarsoft.monorepo/.gradle/caches/modules-2/files-2.1/org.mockito/mockito-core/3.7.0/ccd43add1a3973f828441e2f7179253c0d87dc92/mockito-core-3.7.0.jar, /builds/cedarsoft/com.cedarsoft.monorepo/.gradle/caches/modules-2/files-2.1/org.easymock/easymockclassextension/3.2/9c922ad77729f27eb7872aa570287e239a8346da/easymockclassextension-3.2.jar, /builds/cedarsoft/com.cedarsoft.monorepo/.gradle/caches/modules-2/files-2.1/org.easymock/easymock/4.2/251b26f1b853673c1aac277fd2fb0c8d5844cdc8/easymock-4.2.jar, /builds/cedarsoft/com.cedarsoft.monorepo/.gradle/caches/modules-2/files-2.1/org.assertj/assertj-core/3.18.1/aaa02680dd92a568a4278bb40aa4a6305f632ec0/assertj-core-3.18.1.jar, /builds/cedarsoft/com.cedarsoft.monorepo/.gradle/caches/modules-2/files-2.1/org.easytesting/fest-reflect/1.4.1/2b92d5275e92a49e16c7ce6bd7e46b9080db0530/fest-reflect-1.4.1.jar, /builds/cedarsoft/com.cedarsoft.monorepo/.gradle/caches/modules-2/files-2.1/xmlunit/xmlunit/1.6/adcae0aff916681dacd2b490e193f1119cd964a9/xmlunit-1.6.jar, /builds/cedarsoft/com.cedarsoft.monorepo/.gradle/caches/modules-2/files-2.1/org.hamcrest/hamcrest/2.1/9420ba32c29217b54eebd26ff7f9234d31c3fbb2/hamcrest-2.1.jar, /builds/cedarsoft/com.cedarsoft.monorepo/.gradle/caches/modules-2/files-2.1/ch.qos.logback/logback-core/1.2.3/864344400c3d4d92dfeb0a305dc87d953677c03c/logback-core-1.2.3.jar, /builds/cedarsoft/com.cedarsoft.monorepo/.gradle/caches/modules-2/files-2.1/io.dropwizard.metrics/metrics-jvm/4.1.14/fd192172c81a0225137525596d82ad99f6435f8c/metrics-jvm-4.1.14.jar, /builds/cedarsoft/com.cedarsoft.monorepo/.gradle/caches/modules-2/files-2.1/io.dropwizard.metrics/metrics-core/4.1.14/14cf9dd67619a0390812dddb232df339e3383d35/metrics-core-4.1.14.jar, /builds/cedarsoft/com.cedarsoft.monorepo/.gradle/caches/modules-2/files-2.1/org.slf4j/slf4j-api/1.7.30/b5a4b6d16ab13e34a88fae84c35cd5d68cac922c/slf4j-api-1.7.30.jar, /builds/cedarsoft/com.cedarsoft.monorepo/.gradle/caches/modules-2/files-2.1/org.eclipse.jetty.http2/http2-http-client-transport/9.4.31.v20200723/6b12bda474f3033d2213af1e7dc49a08f9922852/http2-http-client-transport-9.4.31.v20200723.jar, /builds/cedarsoft/com.cedarsoft.monorepo/.gradle/caches/modules-2/files-2.1/org.eclipse.jetty.http2/http2-client/9.4.31.v20200723/941313dcc9846ef76523e1947083206a103ca763/http2-client-9.4.31.v20200723.jar, /builds/cedarsoft/com.cedarsoft.monorepo/.gradle/caches/modules-2/files-2.1/org.eclipse.jetty/jetty-client/9.4.31.v20200723/a4d779d1dcd7fa948d1175ebf3e20a0b0caacdc/jetty-client-9.4.31.v20200723.jar, /builds/cedarsoft/com.cedarsoft.monorepo/.gradle/caches/modules-2/files-2.1/org.junit.jupiter/junit-jupiter-params/5.7.0/521dbecace93d5d7ef13a74aab231befd7954424/junit-jupiter-params-5.7.0.jar, /builds/cedarsoft/com.cedarsoft.monorepo/.gradle/caches/modules-2/files-2.1/org.junit.jupiter/junit-jupiter-engine/5.7.0/d9044d6b45e2232ddd53fa56c15333e43d1749fd/junit-jupiter-engine-5.7.0.jar, /builds/cedarsoft/com.cedarsoft.monorepo/.gradle/caches/modules-2/files-2.1/org.junit.jupiter/junit-jupiter-api/5.7.0/b25f3815c4c1860a73041e733a14a0379d00c4d5/junit-jupiter-api-5.7.0.jar, /builds/cedarsoft/com.cedarsoft.monorepo/.gradle/caches/modules-2/files-2.1/org.junit.platform/junit-platform-engine/1.7.0/eadb73c5074a4ac71061defd00fc176152a4d12c/junit-platform-engine-1.7.0.jar, /builds/cedarsoft/com.cedarsoft.monorepo/.gradle/caches/modules-2/files-2.1/org.junit.platform/junit-platform-commons/1.7.0/84e309fbf21d857aac079a3c1fffd84284e1114d/junit-platform-commons-1.7.0.jar, /builds/cedarsoft/com.cedarsoft.monorepo/.gradle/caches/modules-2/files-2.1/org.junit.vintage/junit-vintage-engine/5.7.0/2b808fa5dbbf0b0e16bce19d9936ef78333a030e/junit-vintage-engine-5.7.0.jar, /builds/cedarsoft/com.cedarsoft.monorepo/.gradle/caches/modules-2/files-2.1/junit/junit/4.13.1/cdd00374f1fee76b11e2a9d127405aa3f6be5b6a/junit-4.13.1.jar, /builds/cedarsoft/com.cedarsoft.monorepo/.gradle/caches/modules-2/files-2.1/com.typesafe/config/1.3.1/2cf7a6cc79732e3bdf1647d7404279900ca63eb0/config-1.3.1.jar, /builds/cedarsoft/com.cedarsoft.monorepo/.gradle/caches/modules-2/files-2.1/io.netty/netty-codec-http2/4.1.54.Final/327a4ae62b0a41cdf02f610f06eb353f10c17ef8/netty-codec-http2-4.1.54.Final.jar, /builds/cedarsoft/com.cedarsoft.monorepo/.gradle/caches/modules-2/files-2.1/org.eclipse.jetty.alpn/alpn-api/1.1.3.v20160715/a1bf3a937f91b4c953acd13e8c9552347adc2198/alpn-api-1.1.3.v20160715.jar, /builds/cedarsoft/com.cedarsoft.monorepo/.gradle/caches/modules-2/files-2.1/io.netty/netty-transport-native-kqueue/4.1.54.Final/941f2f438f7d1e6d2ba39141fa3a4d30cda5f223/netty-transport-native-kqueue-4.1.54.Final.jar, /builds/cedarsoft/com.cedarsoft.monorepo/.gradle/caches/modules-2/files-2.1/io.netty/netty-transport-native-epoll/4.1.54.Final/59f7241f86236bd5b5ed5dd1f4b6f2cdae56b978/netty-transport-native-epoll-4.1.54.Final.jar, /builds/cedarsoft/com.cedarsoft.monorepo/.gradle/caches/modules-2/files-2.1/com.googlecode.json-simple/json-simple/1.1.1/c9ad4a0850ab676c5c64461a05ca524cdfff59f1/json-simple-1.1.1.jar, /builds/cedarsoft/com.cedarsoft.monorepo/.gradle/caches/modules-2/files-2.1/org.jetbrains.kotlin/kotlin-test-annotations-common/1.4.21/f1ad46b7bfb978ce9b327a25cbec32c955dd376e/kotlin-test-annotations-common-1.4.21.jar, /builds/cedarsoft/com.cedarsoft.monorepo/.gradle/caches/modules-2/files-2.1/org.jetbrains.kotlin/kotlin-test-common/1.4.21/bc7d3d9635aa011eb4ba8f3e182105a661f7cea/kotlin-test-common-1.4.21.jar, /builds/cedarsoft/com.cedarsoft.monorepo/.gradle/caches/modules-2/files-2.1/org.jetbrains.kotlin/kotlin-stdlib-common/1.4.21/7f48a062aa4b53215998780f7c245a4276828e1d/kotlin-stdlib-common-1.4.21.jar, /builds/cedarsoft/com.cedarsoft.monorepo/internal/dependencies-sets/annotations/build/libs/annotations-8.9.5-SNAPSHOT.jar, /builds/cedarsoft/com.cedarsoft.monorepo/internal/open/annotations/annotations/build/libs/annotations-8.9.5-SNAPSHOT.jar, /builds/cedarsoft/com.cedarsoft.monorepo/.gradle/caches/modules-2/files-2.1/org.opentest4j/opentest4j/1.2.0/28c11eb91f9b6d8e200631d46e20a7f407f2a046/opentest4j-1.2.0.jar, /builds/cedarsoft/com.cedarsoft.monorepo/.gradle/caches/modules-2/files-2.1/stax/stax-api/1.0.1/49c100caf72d658aca8e58bd74a4ba90fa2b0d70/stax-api-1.0.1.jar, /builds/cedarsoft/com.cedarsoft.monorepo/.gradle/caches/modules-2/files-2.1/org.codehaus.woodstox/stax2-api/3.1.4/ac19014b1e6a7c08aad07fe114af792676b685b7/stax2-api-3.1.4.jar, /builds/cedarsoft/com.cedarsoft.monorepo/.gradle/caches/modules-2/files-2.1/javax.xml.stream/stax-api/1.0-2/d6337b0de8b25e53e81b922352fbea9f9f57ba0b/stax-api-1.0-2.jar, /builds/cedarsoft/com.cedarsoft.monorepo/.gradle/caches/modules-2/files-2.1/net.bytebuddy/byte-buddy/1.10.19/7a8cf46cd99db76f02b335d53aad222d42bc412d/byte-buddy-1.10.19.jar, /builds/cedarsoft/com.cedarsoft.monorepo/.gradle/caches/modules-2/files-2.1/net.bytebuddy/byte-buddy-agent/1.10.19/6453928a03a95dc23d7ef120cfd58f4539c64b53/byte-buddy-agent-1.10.19.jar, /builds/cedarsoft/com.cedarsoft.monorepo/.gradle/caches/modules-2/files-2.1/org.objenesis/objenesis/3.1/48f12deaae83a8dfc3775d830c9fd60ea59bbbca/objenesis-3.1.jar, /builds/cedarsoft/com.cedarsoft.monorepo/.gradle/caches/modules-2/files-2.1/org.easytesting/fest-util/1.2.4/a86b8e01eb7ecfd820df4f22c734a825a0085574/fest-util-1.2.4.jar, /builds/cedarsoft/com.cedarsoft.monorepo/.gradle/caches/modules-2/files-2.1/org.eclipse.jetty.http2/http2-common/9.4.31.v20200723/dd6fc64e41103afca8f9c1c1465ec24541e5681c/http2-common-9.4.31.v20200723.jar, /builds/cedarsoft/com.cedarsoft.monorepo/.gradle/caches/modules-2/files-2.1/org.eclipse.jetty/jetty-alpn-openjdk8-client/9.4.31.v20200723/5c4c0f19a0a1c8a760c298049be7412f7e901bce/jetty-alpn-openjdk8-client-9.4.31.v20200723.jar, /builds/cedarsoft/com.cedarsoft.monorepo/.gradle/caches/modules-2/files-2.1/org.eclipse.jetty/jetty-alpn-java-client/9.4.31.v20200723/f863d49267102c624812efd1ec7f43d6e8c1c30b/jetty-alpn-java-client-9.4.31.v20200723.jar, /builds/cedarsoft/com.cedarsoft.monorepo/.gradle/caches/modules-2/files-2.1/org.eclipse.jetty/jetty-alpn-client/9.4.31.v20200723/32a4ae2f1eb4d40c9411e092089b867d29e09e9c/jetty-alpn-client-9.4.31.v20200723.jar, /builds/cedarsoft/com.cedarsoft.monorepo/.gradle/caches/modules-2/files-2.1/org.eclipse.jetty.http2/http2-hpack/9.4.31.v20200723/836f1a761bf5942494b3c41c9470ea1cd39c8420/http2-hpack-9.4.31.v20200723.jar, /builds/cedarsoft/com.cedarsoft.monorepo/.gradle/caches/modules-2/files-2.1/org.eclipse.jetty/jetty-http/9.4.31.v20200723/6862f0e6fc7e9f8828416a7cae1477b233d92f8/jetty-http-9.4.31.v20200723.jar, /builds/cedarsoft/com.cedarsoft.monorepo/.gradle/caches/modules-2/files-2.1/org.eclipse.jetty/jetty-io/9.4.31.v20200723/328e4562e0f30e01efea63efe4fc24b2b860d852/jetty-io-9.4.31.v20200723.jar, /builds/cedarsoft/com.cedarsoft.monorepo/.gradle/caches/modules-2/files-2.1/net.java.dev.jna/jna-platform/5.5.0/af38e7c4d0fc73c23ecd785443705bfdee5b90bf/jna-platform-5.5.0.jar, /builds/cedarsoft/com.cedarsoft.monorepo/.gradle/caches/modules-2/files-2.1/net.java.dev.jna/jna/5.5.0/e0845217c4907822403912ad6828d8e0b256208/jna-5.5.0.jar, /builds/cedarsoft/com.cedarsoft.monorepo/.gradle/caches/modules-2/files-2.1/org.jetbrains/annotations/13.0/919f0dfe192fb4e063e7dacadee7f8bb9a2672a9/annotations-13.0.jar, /builds/cedarsoft/com.cedarsoft.monorepo/.gradle/caches/modules-2/files-2.1/io.netty/netty-codec-http/4.1.54.Final/70eb9509289d1cee549cf12bae71929d1a4a12c7/netty-codec-http-4.1.54.Final.jar, /builds/cedarsoft/com.cedarsoft.monorepo/.gradle/caches/modules-2/files-2.1/io.netty/netty-handler/4.1.54.Final/e83dfe8ebe3622d2cd5cce8532a9ca49cad51e9/netty-handler-4.1.54.Final.jar, /builds/cedarsoft/com.cedarsoft.monorepo/.gradle/caches/modules-2/files-2.1/io.netty/netty-codec/4.1.54.Final/295680345b12a86c21fa7af5d9a77e0e0fcff46a/netty-codec-4.1.54.Final.jar, /builds/cedarsoft/com.cedarsoft.monorepo/.gradle/caches/modules-2/files-2.1/io.netty/netty-transport-native-unix-common/4.1.54.Final/ac7d48202cf62c8d51abe89f228d338a41cb49cd/netty-transport-native-unix-common-4.1.54.Final.jar, /builds/cedarsoft/com.cedarsoft.monorepo/.gradle/caches/modules-2/files-2.1/io.netty/netty-transport/4.1.54.Final/ddb9a255819b87b8812932d1d1001f4d9dc7f89e/netty-transport-4.1.54.Final.jar, /builds/cedarsoft/com.cedarsoft.monorepo/.gradle/caches/modules-2/files-2.1/io.netty/netty-buffer/4.1.54.Final/15c513ef8a2e56e88d3736752ea10eae758f47d8/netty-buffer-4.1.54.Final.jar, /builds/cedarsoft/com.cedarsoft.monorepo/.gradle/caches/modules-2/files-2.1/io.netty/netty-resolver/4.1.54.Final/7eed781e7531b990f8360e1a5010b53ca73878f5/netty-resolver-4.1.54.Final.jar, /builds/cedarsoft/com.cedarsoft.monorepo/.gradle/caches/modules-2/files-2.1/io.netty/netty-common/4.1.54.Final/8c330383cda87204ab38e7401ab0f56c0d43b799/netty-common-4.1.54.Final.jar, /builds/cedarsoft/com.cedarsoft.monorepo/.gradle/caches/modules-2/files-2.1/org.hamcrest/hamcrest-core/1.3/42a25dc3219429f0e5d060061f71acb49bf010a0/hamcrest-core-1.3.jar, /builds/cedarsoft/com.cedarsoft.monorepo/.gradle/caches/modules-2/files-2.1/org.apiguardian/apiguardian-api/1.1.0/fc9dff4bb36d627bdc553de77e1f17efd790876c/apiguardian-api-1.1.0.jar, /builds/cedarsoft/com.cedarsoft.monorepo/.gradle/caches/modules-2/files-2.1/org.eclipse.jetty/jetty-util/9.4.31.v20200723/b9c346da72d8715bdfb0373a123374ec6ac9e544/jetty-util-9.4.31.v20200723.jar]
03:22:57.637 [Test worker] DEBUG ktor.test - Watching /builds/cedarsoft/com.cedarsoft.monorepo/internal/open/commons/ktor-server/build/classes/kotlin/main for changes.
03:22:57.638 [Test worker] DEBUG ktor.test - Watching /builds/cedarsoft/com.cedarsoft.monorepo/internal/open/commons/ktor-server/build/classes/kotlin/test/com/cedarsoft/commons/ktor for changes.
03:22:57.639 [Test worker] DEBUG ktor.test - Watching /builds/cedarsoft/com.cedarsoft.monorepo/internal/open/commons/ktor-server/build/classes/kotlin/main/com/cedarsoft/commons for changes.
03:22:57.640 [Test worker] DEBUG ktor.test - Watching /builds/cedarsoft/com.cedarsoft.monorepo/internal/open/commons/ktor-server/build/classes/kotlin/test/com/cedarsoft for changes.
03:22:57.642 [Test worker] DEBUG ktor.test - Watching /builds/cedarsoft/com.cedarsoft.monorepo/internal/open/commons/ktor-server/build/classes/kotlin/test/META-INF for changes.
03:22:57.643 [Test worker] DEBUG ktor.test - Watching /builds/cedarsoft/com.cedarsoft.monorepo/internal/open/commons/ktor-server/build/classes/kotlin/test/com/cedarsoft/commons for changes.
03:22:57.644 [Test worker] DEBUG ktor.test - Watching /builds/cedarsoft/com.cedarsoft.monorepo/internal/open/commons/ktor-server/build/classes/kotlin/main/com/cedarsoft/commons/ktor for changes.
03:22:57.644 [Test worker] DEBUG ktor.test - Watching /builds/cedarsoft/com.cedarsoft.monorepo/internal/open/commons/ktor-server/build/classes/kotlin/main/com for changes.
03:22:57.645 [Test worker] DEBUG ktor.test - Watching /builds/cedarsoft/com.cedarsoft.monorepo/internal/open/commons/ktor-server/build/classes/kotlin/test/com for changes.
03:22:57.646 [Test worker] DEBUG ktor.test - Watching /builds/cedarsoft/com.cedarsoft.monorepo/internal/open/commons/ktor-server/build/classes/kotlin/main/META-INF for changes.
03:22:57.647 [Test worker] DEBUG ktor.test - Watching /builds/cedarsoft/com.cedarsoft.monorepo/internal/open/commons/ktor-server/build/classes/kotlin/main/com/cedarsoft for changes.
03:22:57.660 [Test worker] DEBUG ktor.test - Watching /builds/cedarsoft/com.cedarsoft.monorepo/internal/open/commons/ktor-server/build/classes/kotlin/test for changes.
03:23:00.582 [Test worker] DEBUG ktor.test - Java Home: /opt/java/jdk1.8.0_271
03:23:00.583 [Test worker] DEBUG ktor.test - Class Loader: sun.misc.Launcher$AppClassLoader@73d16e93: [/builds/cedarsoft/com.cedarsoft.monorepo/.gradle/caches/6.8/workerMain/gradle-worker.jar, /builds/cedarsoft/com.cedarsoft.monorepo/internal/open/commons/ktor-server/build/tmp/expandedArchives/org.jacoco.agent-0.8.6.jar_a26f6511a7813217be4cd6439d66563b/jacocoagent.jar, /builds/cedarsoft/com.cedarsoft.monorepo/internal/open/commons/ktor-server/build/classes/java/test, /builds/cedarsoft/com.cedarsoft.monorepo/internal/open/commons/ktor-server/build/classes/kotlin/test/, /builds/cedarsoft/com.cedarsoft.monorepo/internal/open/commons/ktor-server/build/resources/test, /builds/cedarsoft/com.cedarsoft.monorepo/internal/open/commons/ktor-server/build/classes/java/main, /builds/cedarsoft/com.cedarsoft.monorepo/internal/open/commons/ktor-server/build/classes/kotlin/main/, /builds/cedarsoft/com.cedarsoft.monorepo/internal/open/commons/ktor-server/build/resources/main, /builds/cedarsoft/com.cedarsoft.monorepo/internal/dependencies-sets/ktor/build/libs/ktor-8.9.5-SNAPSHOT.jar, /builds/cedarsoft/com.cedarsoft.monorepo/internal/open/commons/kotlinx-serializers/build/libs/kotlinx-serializers-8.9.5-SNAPSHOT.jar, /builds/cedarsoft/com.cedarsoft.monorepo/internal/open/commons/concurrent/build/libs/concurrent-8.9.5-SNAPSHOT.jar, /builds/cedarsoft/com.cedarsoft.monorepo/internal/open/commons/guava/build/libs/guava-8.9.5-SNAPSHOT.jar, /builds/cedarsoft/com.cedarsoft.monorepo/internal/open/commons/test-utils/build/libs/test-utils-8.9.5-SNAPSHOT.jar, /builds/cedarsoft/com.cedarsoft.monorepo/internal/open/commons/commons/build/libs/commons-8.9.5-SNAPSHOT.jar, /builds/cedarsoft/com.cedarsoft.monorepo/internal/dependencies-sets/kotlin-test/build/libs/kotlin-test-8.9.5-SNAPSHOT.jar, /builds/cedarsoft/com.cedarsoft.monorepo/internal/dependencies-sets/test-basics/build/libs/test-basics-8.9.5-SNAPSHOT.jar, /builds/cedarsoft/com.cedarsoft.monorepo/internal/open/commons/crypt/build/libs/crypt-8.9.5-SNAPSHOT.jar, /builds/cedarsoft/com.cedarsoft.monorepo/internal/open/commons/xml-commons/build/libs/xml-commons-8.9.5-SNAPSHOT.jar, /builds/cedarsoft/com.cedarsoft.monorepo/.gradle/caches/modules-2/files-2.1/com.google.guava/guava/30.1-jre/d0c3ce2311c9e36e73228da25a6e99b2ab826f/guava-30.1-jre.jar, /builds/cedarsoft/com.cedarsoft.monorepo/.gradle/caches/modules-2/files-2.1/io.ktor/ktor-server-test-host/1.5.0/5fc7cca3c1f6ac1976e676ccea0097b61f7040d1/ktor-server-test-host-jvm-1.5.0.jar, /builds/cedarsoft/com.cedarsoft.monorepo/.gradle/caches/modules-2/files-2.1/io.ktor/ktor-websockets/1.5.0/f4ac5f1133a9737203e8b4c6127a82c0dfa092ee/ktor-websockets-jvm-1.5.0.jar, /builds/cedarsoft/com.cedarsoft.monorepo/.gradle/caches/modules-2/files-2.1/io.ktor/ktor-jackson/1.5.0/d48617dce200511bf84ab339d94957402485b59/ktor-jackson-jvm-1.5.0.jar, /builds/cedarsoft/com.cedarsoft.monorepo/.gradle/caches/modules-2/files-2.1/io.ktor/ktor-locations/1.5.0/fa3182c8ee4d9be4dd94ade73c2ceb322c54a985/ktor-locations-jvm-1.5.0.jar, /builds/cedarsoft/com.cedarsoft.monorepo/.gradle/caches/modules-2/files-2.1/io.ktor/ktor-metrics/1.5.0/9394a0e05f107e5770b86f44b5ac6c49b6fd925e/ktor-metrics-jvm-1.5.0.jar, /builds/cedarsoft/com.cedarsoft.monorepo/.gradle/caches/modules-2/files-2.1/io.ktor/ktor-auth/1.5.0/f577e274bf713974e3a0e2e542b6a3ce5c0742d2/ktor-auth-jvm-1.5.0.jar, /builds/cedarsoft/com.cedarsoft.monorepo/.gradle/caches/modules-2/files-2.1/io.ktor/ktor-html-builder/1.5.0/97a667229bf87f2f004110d74bedf7a413c00519/ktor-html-builder-jvm-1.5.0.jar, /builds/cedarsoft/com.cedarsoft.monorepo/.gradle/caches/modules-2/files-2.1/io.ktor/ktor-server-netty/1.5.0/ba99a88d25b194f426e288f7e88f4f8fbab81e5f/ktor-server-netty-jvm-1.5.0.jar, /builds/cedarsoft/com.cedarsoft.monorepo/.gradle/caches/modules-2/files-2.1/io.ktor/ktor-server-host-common/1.5.0/338062ff51d1e4416eca1320adfc78bf67734e6a/ktor-server-host-common-jvm-1.5.0.jar, /builds/cedarsoft/com.cedarsoft.monorepo/.gradle/caches/modules-2/files-2.1/io.ktor/ktor-server-core/1.5.0/6b6df94414d17da4630b6abf61ccdb22e0d0dbf2/ktor-server-core-jvm-1.5.0.jar, /builds/cedarsoft/com.cedarsoft.monorepo/.gradle/caches/modules-2/files-2.1/io.ktor/ktor-network-tls-certificates/1.5.0/117fd806c4aa069a52a8bfa9545d3a3abeee23d1/ktor-network-tls-certificates-jvm-1.5.0.jar, /builds/cedarsoft/com.cedarsoft.monorepo/.gradle/caches/modules-2/files-2.1/org.jetbrains.kotlinx/kotlinx-coroutines-jdk8/1.4.2/5fade60e503a55fc9d3af41b7190de1a84b14e3f/kotlinx-coroutines-jdk8-1.4.2.jar, /builds/cedarsoft/com.cedarsoft.monorepo/internal/open/unit/unit/build/libs/unit-jvm-8.9.5-SNAPSHOT.jar, /builds/cedarsoft/com.cedarsoft.monorepo/internal/open/commons/exceptions/build/libs/exceptions-8.9.5-SNAPSHOT.jar, /builds/cedarsoft/com.cedarsoft.monorepo/.gradle/caches/modules-2/files-2.1/io.strikt/strikt-core/0.28.1/68f8a4badc3613c05ebbd52393529b6caafae06c/strikt-core-0.28.1.jar, /builds/cedarsoft/com.cedarsoft.monorepo/.gradle/caches/modules-2/files-2.1/com.willowtreeapps.assertk/assertk-jvm/0.23/e0709e8a9d8a7b46b20a5f575199789e6cf2e5a1/assertk-jvm-0.23.jar, /builds/cedarsoft/com.cedarsoft.monorepo/.gradle/caches/modules-2/files-2.1/org.jetbrains.kotlinx/kotlinx-html-jvm/0.7.2/c7a77c9027384b982941d48ee61f80cce12a03eb/kotlinx-html-jvm-0.7.2.jar, /builds/cedarsoft/com.cedarsoft.monorepo/.gradle/caches/modules-2/files-2.1/com.christophsturm/filepeek/0.1.2/347482ee8f7b82e5dbc95ee0d61930e4fe4a5695/filepeek-0.1.2.jar, /builds/cedarsoft/com.cedarsoft.monorepo/.gradle/caches/modules-2/files-2.1/org.jetbrains.kotlin/kotlin-stdlib-jdk8/1.4.20/756521338269950c2a276f1abe6fef8e1a5e5528/kotlin-stdlib-jdk8-1.4.20.jar, /builds/cedarsoft/com.cedarsoft.monorepo/.gradle/caches/modules-2/files-2.1/org.awaitility/awaitility/4.0.3/144a5f4c85c5113e1f63139b5bdee6336511ee88/awaitility-4.0.3.jar, /builds/cedarsoft/com.cedarsoft.monorepo/.gradle/caches/modules-2/files-2.1/ch.qos.logback/logback-classic/1.2.3/7c4f3c474fb2c041d8028740440937705ebb473a/logback-classic-1.2.3.jar, /builds/cedarsoft/com.cedarsoft.monorepo/internal/dependencies-sets/kotlin/build/libs/kotlin-8.9.5-SNAPSHOT.jar, /builds/cedarsoft/com.cedarsoft.monorepo/.gradle/caches/modules-2/files-2.1/com.google.guava/failureaccess/1.0.1/1dcf1de382a0bf95a3d8b0849546c88bac1292c9/failureaccess-1.0.1.jar, /builds/cedarsoft/com.cedarsoft.monorepo/.gradle/caches/modules-2/files-2.1/com.google.guava/listenablefuture/9999.0-empty-to-avoid-conflict-with-guava/b421526c5f297295adef1c886e5246c39d4ac629/listenablefuture-9999.0-empty-to-avoid-conflict-with-guava.jar, /builds/cedarsoft/com.cedarsoft.monorepo/.gradle/caches/modules-2/files-2.1/com.google.code.findbugs/jsr305/3.0.2/25ea2e8b0c338a877313bd4672d3fe056ea78f0d/jsr305-3.0.2.jar, /builds/cedarsoft/com.cedarsoft.monorepo/.gradle/caches/modules-2/files-2.1/org.checkerframework/checker-qual/3.5.0/2f50520c8abea66fbd8d26e481d3aef5c673b510/checker-qual-3.5.0.jar, /builds/cedarsoft/com.cedarsoft.monorepo/.gradle/caches/modules-2/files-2.1/com.google.errorprone/error_prone_annotations/2.3.4/dac170e4594de319655ffb62f41cbd6dbb5e601e/error_prone_annotations-2.3.4.jar, /builds/cedarsoft/com.cedarsoft.monorepo/.gradle/caches/modules-2/files-2.1/com.google.j2objc/j2objc-annotations/1.3/ba035118bc8bac37d7eff77700720999acd9986d/j2objc-annotations-1.3.jar, /builds/cedarsoft/com.cedarsoft.monorepo/.gradle/caches/modules-2/files-2.1/org.jetbrains.kotlinx/kotlinx-coroutines-debug/1.4.2-native-mt/1c1c5fc8a47500f3d684449be96a4cd9d17e1788/kotlinx-coroutines-debug-1.4.2-native-mt.jar, /builds/cedarsoft/com.cedarsoft.monorepo/.gradle/caches/modules-2/files-2.1/io.ktor/ktor-client-cio-jvm/1.5.0/19588a5195cc68340eb6bbb9af18395d66027001/ktor-client-cio-jvm-1.5.0.jar, /builds/cedarsoft/com.cedarsoft.monorepo/.gradle/caches/modules-2/files-2.1/io.ktor/ktor-network-tls-jvm/1.5.0/b3e80c30debd3fd12386588638101a6784075caf/ktor-network-tls-jvm-1.5.0.jar, /builds/cedarsoft/com.cedarsoft.monorepo/.gradle/caches/modules-2/files-2.1/io.ktor/ktor-client-jetty/1.5.0/ff79725babd3544c6630a00da6718b87f22b9617/ktor-client-jetty-jvm-1.5.0.jar, /builds/cedarsoft/com.cedarsoft.monorepo/.gradle/caches/modules-2/files-2.1/io.ktor/ktor-client-core-jvm/1.5.0/99f27c1d879d918317e71857303c6d8461e01a39/ktor-client-core-jvm-1.5.0.jar, /builds/cedarsoft/com.cedarsoft.monorepo/.gradle/caches/modules-2/files-2.1/io.ktor/ktor-http-cio-jvm/1.5.0/87f6d19fb61386208c7b3cb7733424183f36550/ktor-http-cio-jvm-1.5.0.jar, /builds/cedarsoft/com.cedarsoft.monorepo/.gradle/caches/modules-2/files-2.1/io.ktor/ktor-http-jvm/1.5.0/b051db0a54457a1391213c45874bef8a70b247d6/ktor-http-jvm-1.5.0.jar, /builds/cedarsoft/com.cedarsoft.monorepo/.gradle/caches/modules-2/files-2.1/io.ktor/ktor-network-jvm/1.5.0/dedb3e2aa788b266e0b6f91eb6942aeeacc476a1/ktor-network-jvm-1.5.0.jar, /builds/cedarsoft/com.cedarsoft.monorepo/.gradle/caches/modules-2/files-2.1/io.ktor/ktor-utils-jvm/1.5.0/b699f71c6979b108606cfce5ee394217cd1f2ba2/ktor-utils-jvm-1.5.0.jar, /builds/cedarsoft/com.cedarsoft.monorepo/.gradle/caches/modules-2/files-2.1/io.ktor/ktor-io-jvm/1.5.0/f14fc6c6a83032eb792a4ac75faee87063af874/ktor-io-jvm-1.5.0.jar, /builds/cedarsoft/com.cedarsoft.monorepo/.gradle/caches/modules-2/files-2.1/org.jetbrains.kotlinx/kotlinx-serialization-json-jvm/1.0.1/900f8d34f091c8a957eca49e0cf6bf7d7006482d/kotlinx-serialization-json-jvm-1.0.1.jar, /builds/cedarsoft/com.cedarsoft.monorepo/.gradle/caches/modules-2/files-2.1/org.jetbrains.kotlin/kotlin-stdlib-jdk7/1.4.20/9de2c79e95d4b4699a455e88ba285a95352e0bea/kotlin-stdlib-jdk7-1.4.20.jar, /builds/cedarsoft/com.cedarsoft.monorepo/.gradle/caches/modules-2/files-2.1/com.fasterxml.jackson.core/jackson-databind/2.12.1/8a97e00e429c42f74757b0a8cd1d39dddd41524f/jackson-databind-2.12.1.jar, /builds/cedarsoft/com.cedarsoft.monorepo/.gradle/caches/modules-2/files-2.1/com.fasterxml.jackson.core/jackson-annotations/2.12.1/aa079f822ddce5548018286d19ccb15c2fc202d7/jackson-annotations-2.12.1.jar, /builds/cedarsoft/com.cedarsoft.monorepo/.gradle/caches/modules-2/files-2.1/com.fasterxml.jackson.core/jackson-core/2.12.1/7c5493930e439be6fcec80a9afd6516b8e5e8760/jackson-core-2.12.1.jar, /builds/cedarsoft/com.cedarsoft.monorepo/.gradle/caches/modules-2/files-2.1/com.fasterxml.jackson.module/jackson-module-kotlin/2.12.1/b7c8a84dd474b0ff8cf0ab4fdc949d5e4325aa35/jackson-module-kotlin-2.12.1.jar, /builds/cedarsoft/com.cedarsoft.monorepo/.gradle/caches/modules-2/files-2.1/org.jetbrains.kotlin/kotlin-reflect/1.4.21/748f681f4e3edbe9285ff46710c79049c70f4dfa/kotlin-reflect-1.4.21.jar, /builds/cedarsoft/com.cedarsoft.monorepo/.gradle/caches/modules-2/files-2.1/org.jetbrains.kotlinx/kotlinx-serialization-protobuf-jvm/1.0.1/12aad9ea5136e8fdeaf5f6f74cef03da71208f85/kotlinx-serialization-protobuf-jvm-1.0.1.jar, /builds/cedarsoft/com.cedarsoft.monorepo/.gradle/caches/modules-2/files-2.1/org.jetbrains.kotlinx/kotlinx-coroutines-core-jvm/1.4.2/4b9c6b2de7cabfb2c9ad7a5c709b1ddb7bbfd2ad/kotlinx-coroutines-core-jvm-1.4.2.jar, /builds/cedarsoft/com.cedarsoft.monorepo/.gradle/caches/modules-2/files-2.1/org.jetbrains.kotlin/kotlin-test-junit/1.4.21/c34d1105ebdb08c29ea9cfc4e159734cd528147d/kotlin-test-junit-1.4.21.jar, /builds/cedarsoft/com.cedarsoft.monorepo/.gradle/caches/modules-2/files-2.1/org.jetbrains.kotlin/kotlin-test/1.4.21/bda7548891ac16aa7d70e797721b1ee225875b0d/kotlin-test-1.4.21.jar, /builds/cedarsoft/com.cedarsoft.monorepo/.gradle/caches/modules-2/files-2.1/org.jetbrains.kotlinx/kotlinx-serialization-core-jvm/1.0.1/d0c5ab89372940ed3fb77952e79b9cd5d466d86/kotlinx-serialization-core-jvm-1.0.1.jar, /builds/cedarsoft/com.cedarsoft.monorepo/.gradle/caches/modules-2/files-2.1/com.willowtreeapps.opentest4k/opentest4k-jvm/1.2.1/2cba238e7106b5ac682da81d2c038b6880510f37/opentest4k-jvm-1.2.1.jar, /builds/cedarsoft/com.cedarsoft.monorepo/.gradle/caches/modules-2/files-2.1/org.jetbrains.kotlin/kotlin-stdlib/1.4.21/4a668382d7c38688d3490afde93b6a113ed46698/kotlin-stdlib-1.4.21.jar, /builds/cedarsoft/com.cedarsoft.monorepo/.gradle/caches/modules-2/files-2.1/commons-codec/commons-codec/1.15/49d94806b6e3dc933dacbd8acb0fdbab8ebd1e5d/commons-codec-1.15.jar, /builds/cedarsoft/com.cedarsoft.monorepo/.gradle/caches/modules-2/files-2.1/commons-io/commons-io/2.8.0/92999e26e6534606b5678014e66948286298a35c/commons-io-2.8.0.jar, /builds/cedarsoft/com.cedarsoft.monorepo/.gradle/caches/modules-2/files-2.1/org.codehaus.staxmate/staxmate/2.0.1/b0b767fbc22683d7bf26a14ae1c5817561e21d00/staxmate-2.0.1.jar, /builds/cedarsoft/com.cedarsoft.monorepo/.gradle/caches/modules-2/files-2.1/org.codehaus.woodstox/woodstox-core-asl/4.4.1/84fee5eb1a4a1cefe65b6883c73b3fa83be3c1a1/woodstox-core-asl-4.4.1.jar, /builds/cedarsoft/com.cedarsoft.monorepo/.gradle/caches/modules-2/files-2.1/org.apache.commons/commons-lang3/3.11/68e9a6adf7cf8eb7e9d31bbc554c7c75eeaac568/commons-lang3-3.11.jar, /builds/cedarsoft/com.cedarsoft.monorepo/.gradle/caches/modules-2/files-2.1/org.mockito/mockito-core/3.7.0/ccd43add1a3973f828441e2f7179253c0d87dc92/mockito-core-3.7.0.jar, /builds/cedarsoft/com.cedarsoft.monorepo/.gradle/caches/modules-2/files-2.1/org.easymock/easymockclassextension/3.2/9c922ad77729f27eb7872aa570287e239a8346da/easymockclassextension-3.2.jar, /builds/cedarsoft/com.cedarsoft.monorepo/.gradle/caches/modules-2/files-2.1/org.easymock/easymock/4.2/251b26f1b853673c1aac277fd2fb0c8d5844cdc8/easymock-4.2.jar, /builds/cedarsoft/com.cedarsoft.monorepo/.gradle/caches/modules-2/files-2.1/org.assertj/assertj-core/3.18.1/aaa02680dd92a568a4278bb40aa4a6305f632ec0/assertj-core-3.18.1.jar, /builds/cedarsoft/com.cedarsoft.monorepo/.gradle/caches/modules-2/files-2.1/org.easytesting/fest-reflect/1.4.1/2b92d5275e92a49e16c7ce6bd7e46b9080db0530/fest-reflect-1.4.1.jar, /builds/cedarsoft/com.cedarsoft.monorepo/.gradle/caches/modules-2/files-2.1/xmlunit/xmlunit/1.6/adcae0aff916681dacd2b490e193f1119cd964a9/xmlunit-1.6.jar, /builds/cedarsoft/com.cedarsoft.monorepo/.gradle/caches/modules-2/files-2.1/org.hamcrest/hamcrest/2.1/9420ba32c29217b54eebd26ff7f9234d31c3fbb2/hamcrest-2.1.jar, /builds/cedarsoft/com.cedarsoft.monorepo/.gradle/caches/modules-2/files-2.1/ch.qos.logback/logback-core/1.2.3/864344400c3d4d92dfeb0a305dc87d953677c03c/logback-core-1.2.3.jar, /builds/cedarsoft/com.cedarsoft.monorepo/.gradle/caches/modules-2/files-2.1/io.dropwizard.metrics/metrics-jvm/4.1.14/fd192172c81a0225137525596d82ad99f6435f8c/metrics-jvm-4.1.14.jar, /builds/cedarsoft/com.cedarsoft.monorepo/.gradle/caches/modules-2/files-2.1/io.dropwizard.metrics/metrics-core/4.1.14/14cf9dd67619a0390812dddb232df339e3383d35/metrics-core-4.1.14.jar, /builds/cedarsoft/com.cedarsoft.monorepo/.gradle/caches/modules-2/files-2.1/org.slf4j/slf4j-api/1.7.30/b5a4b6d16ab13e34a88fae84c35cd5d68cac922c/slf4j-api-1.7.30.jar, /builds/cedarsoft/com.cedarsoft.monorepo/.gradle/caches/modules-2/files-2.1/org.eclipse.jetty.http2/http2-http-client-transport/9.4.31.v20200723/6b12bda474f3033d2213af1e7dc49a08f9922852/http2-http-client-transport-9.4.31.v20200723.jar, /builds/cedarsoft/com.cedarsoft.monorepo/.gradle/caches/modules-2/files-2.1/org.eclipse.jetty.http2/http2-client/9.4.31.v20200723/941313dcc9846ef76523e1947083206a103ca763/http2-client-9.4.31.v20200723.jar, /builds/cedarsoft/com.cedarsoft.monorepo/.gradle/caches/modules-2/files-2.1/org.eclipse.jetty/jetty-client/9.4.31.v20200723/a4d779d1dcd7fa948d1175ebf3e20a0b0caacdc/jetty-client-9.4.31.v20200723.jar, /builds/cedarsoft/com.cedarsoft.monorepo/.gradle/caches/modules-2/files-2.1/org.junit.jupiter/junit-jupiter-params/5.7.0/521dbecace93d5d7ef13a74aab231befd7954424/junit-jupiter-params-5.7.0.jar, /builds/cedarsoft/com.cedarsoft.monorepo/.gradle/caches/modules-2/files-2.1/org.junit.jupiter/junit-jupiter-engine/5.7.0/d9044d6b45e2232ddd53fa56c15333e43d1749fd/junit-jupiter-engine-5.7.0.jar, /builds/cedarsoft/com.cedarsoft.monorepo/.gradle/caches/modules-2/files-2.1/org.junit.jupiter/junit-jupiter-api/5.7.0/b25f3815c4c1860a73041e733a14a0379d00c4d5/junit-jupiter-api-5.7.0.jar, /builds/cedarsoft/com.cedarsoft.monorepo/.gradle/caches/modules-2/files-2.1/org.junit.platform/junit-platform-engine/1.7.0/eadb73c5074a4ac71061defd00fc176152a4d12c/junit-platform-engine-1.7.0.jar, /builds/cedarsoft/com.cedarsoft.monorepo/.gradle/caches/modules-2/files-2.1/org.junit.platform/junit-platform-commons/1.7.0/84e309fbf21d857aac079a3c1fffd84284e1114d/junit-platform-commons-1.7.0.jar, /builds/cedarsoft/com.cedarsoft.monorepo/.gradle/caches/modules-2/files-2.1/org.junit.vintage/junit-vintage-engine/5.7.0/2b808fa5dbbf0b0e16bce19d9936ef78333a030e/junit-vintage-engine-5.7.0.jar, /builds/cedarsoft/com.cedarsoft.monorepo/.gradle/caches/modules-2/files-2.1/junit/junit/4.13.1/cdd00374f1fee76b11e2a9d127405aa3f6be5b6a/junit-4.13.1.jar, /builds/cedarsoft/com.cedarsoft.monorepo/.gradle/caches/modules-2/files-2.1/com.typesafe/config/1.3.1/2cf7a6cc79732e3bdf1647d7404279900ca63eb0/config-1.3.1.jar, /builds/cedarsoft/com.cedarsoft.monorepo/.gradle/caches/modules-2/files-2.1/io.netty/netty-codec-http2/4.1.54.Final/327a4ae62b0a41cdf02f610f06eb353f10c17ef8/netty-codec-http2-4.1.54.Final.jar, /builds/cedarsoft/com.cedarsoft.monorepo/.gradle/caches/modules-2/files-2.1/org.eclipse.jetty.alpn/alpn-api/1.1.3.v20160715/a1bf3a937f91b4c953acd13e8c9552347adc2198/alpn-api-1.1.3.v20160715.jar, /builds/cedarsoft/com.cedarsoft.monorepo/.gradle/caches/modules-2/files-2.1/io.netty/netty-transport-native-kqueue/4.1.54.Final/941f2f438f7d1e6d2ba39141fa3a4d30cda5f223/netty-transport-native-kqueue-4.1.54.Final.jar, /builds/cedarsoft/com.cedarsoft.monorepo/.gradle/caches/modules-2/files-2.1/io.netty/netty-transport-native-epoll/4.1.54.Final/59f7241f86236bd5b5ed5dd1f4b6f2cdae56b978/netty-transport-native-epoll-4.1.54.Final.jar, /builds/cedarsoft/com.cedarsoft.monorepo/.gradle/caches/modules-2/files-2.1/com.googlecode.json-simple/json-simple/1.1.1/c9ad4a0850ab676c5c64461a05ca524cdfff59f1/json-simple-1.1.1.jar, /builds/cedarsoft/com.cedarsoft.monorepo/.gradle/caches/modules-2/files-2.1/org.jetbrains.kotlin/kotlin-test-annotations-common/1.4.21/f1ad46b7bfb978ce9b327a25cbec32c955dd376e/kotlin-test-annotations-common-1.4.21.jar, /builds/cedarsoft/com.cedarsoft.monorepo/.gradle/caches/modules-2/files-2.1/org.jetbrains.kotlin/kotlin-test-common/1.4.21/bc7d3d9635aa011eb4ba8f3e182105a661f7cea/kotlin-test-common-1.4.21.jar, /builds/cedarsoft/com.cedarsoft.monorepo/.gradle/caches/modules-2/files-2.1/org.jetbrains.kotlin/kotlin-stdlib-common/1.4.21/7f48a062aa4b53215998780f7c245a4276828e1d/kotlin-stdlib-common-1.4.21.jar, /builds/cedarsoft/com.cedarsoft.monorepo/internal/dependencies-sets/annotations/build/libs/annotations-8.9.5-SNAPSHOT.jar, /builds/cedarsoft/com.cedarsoft.monorepo/internal/open/annotations/annotations/build/libs/annotations-8.9.5-SNAPSHOT.jar, /builds/cedarsoft/com.cedarsoft.monorepo/.gradle/caches/modules-2/files-2.1/org.opentest4j/opentest4j/1.2.0/28c11eb91f9b6d8e200631d46e20a7f407f2a046/opentest4j-1.2.0.jar, /builds/cedarsoft/com.cedarsoft.monorepo/.gradle/caches/modules-2/files-2.1/stax/stax-api/1.0.1/49c100caf72d658aca8e58bd74a4ba90fa2b0d70/stax-api-1.0.1.jar, /builds/cedarsoft/com.cedarsoft.monorepo/.gradle/caches/modules-2/files-2.1/org.codehaus.woodstox/stax2-api/3.1.4/ac19014b1e6a7c08aad07fe114af792676b685b7/stax2-api-3.1.4.jar, /builds/cedarsoft/com.cedarsoft.monorepo/.gradle/caches/modules-2/files-2.1/javax.xml.stream/stax-api/1.0-2/d6337b0de8b25e53e81b922352fbea9f9f57ba0b/stax-api-1.0-2.jar, /builds/cedarsoft/com.cedarsoft.monorepo/.gradle/caches/modules-2/files-2.1/net.bytebuddy/byte-buddy/1.10.19/7a8cf46cd99db76f02b335d53aad222d42bc412d/byte-buddy-1.10.19.jar, /builds/cedarsoft/com.cedarsoft.monorepo/.gradle/caches/modules-2/files-2.1/net.bytebuddy/byte-buddy-agent/1.10.19/6453928a03a95dc23d7ef120cfd58f4539c64b53/byte-buddy-agent-1.10.19.jar, /builds/cedarsoft/com.cedarsoft.monorepo/.gradle/caches/modules-2/files-2.1/org.objenesis/objenesis/3.1/48f12deaae83a8dfc3775d830c9fd60ea59bbbca/objenesis-3.1.jar, /builds/cedarsoft/com.cedarsoft.monorepo/.gradle/caches/modules-2/files-2.1/org.easytesting/fest-util/1.2.4/a86b8e01eb7ecfd820df4f22c734a825a0085574/fest-util-1.2.4.jar, /builds/cedarsoft/com.cedarsoft.monorepo/.gradle/caches/modules-2/files-2.1/org.eclipse.jetty.http2/http2-common/9.4.31.v20200723/dd6fc64e41103afca8f9c1c1465ec24541e5681c/http2-common-9.4.31.v20200723.jar, /builds/cedarsoft/com.cedarsoft.monorepo/.gradle/caches/modules-2/files-2.1/org.eclipse.jetty/jetty-alpn-openjdk8-client/9.4.31.v20200723/5c4c0f19a0a1c8a760c298049be7412f7e901bce/jetty-alpn-openjdk8-client-9.4.31.v20200723.jar, /builds/cedarsoft/com.cedarsoft.monorepo/.gradle/caches/modules-2/files-2.1/org.eclipse.jetty/jetty-alpn-java-client/9.4.31.v20200723/f863d49267102c624812efd1ec7f43d6e8c1c30b/jetty-alpn-java-client-9.4.31.v20200723.jar, /builds/cedarsoft/com.cedarsoft.monorepo/.gradle/caches/modules-2/files-2.1/org.eclipse.jetty/jetty-alpn-client/9.4.31.v20200723/32a4ae2f1eb4d40c9411e092089b867d29e09e9c/jetty-alpn-client-9.4.31.v20200723.jar, /builds/cedarsoft/com.cedarsoft.monorepo/.gradle/caches/modules-2/files-2.1/org.eclipse.jetty.http2/http2-hpack/9.4.31.v20200723/836f1a761bf5942494b3c41c9470ea1cd39c8420/http2-hpack-9.4.31.v20200723.jar, /builds/cedarsoft/com.cedarsoft.monorepo/.gradle/caches/modules-2/files-2.1/org.eclipse.jetty/jetty-http/9.4.31.v20200723/6862f0e6fc7e9f8828416a7cae1477b233d92f8/jetty-http-9.4.31.v20200723.jar, /builds/cedarsoft/com.cedarsoft.monorepo/.gradle/caches/modules-2/files-2.1/org.eclipse.jetty/jetty-io/9.4.31.v20200723/328e4562e0f30e01efea63efe4fc24b2b860d852/jetty-io-9.4.31.v20200723.jar, /builds/cedarsoft/com.cedarsoft.monorepo/.gradle/caches/modules-2/files-2.1/net.java.dev.jna/jna-platform/5.5.0/af38e7c4d0fc73c23ecd785443705bfdee5b90bf/jna-platform-5.5.0.jar, /builds/cedarsoft/com.cedarsoft.monorepo/.gradle/caches/modules-2/files-2.1/net.java.dev.jna/jna/5.5.0/e0845217c4907822403912ad6828d8e0b256208/jna-5.5.0.jar, /builds/cedarsoft/com.cedarsoft.monorepo/.gradle/caches/modules-2/files-2.1/org.jetbrains/annotations/13.0/919f0dfe192fb4e063e7dacadee7f8bb9a2672a9/annotations-13.0.jar, /builds/cedarsoft/com.cedarsoft.monorepo/.gradle/caches/modules-2/files-2.1/io.netty/netty-codec-http/4.1.54.Final/70eb9509289d1cee549cf12bae71929d1a4a12c7/netty-codec-http-4.1.54.Final.jar, /builds/cedarsoft/com.cedarsoft.monorepo/.gradle/caches/modules-2/files-2.1/io.netty/netty-handler/4.1.54.Final/e83dfe8ebe3622d2cd5cce8532a9ca49cad51e9/netty-handler-4.1.54.Final.jar, /builds/cedarsoft/com.cedarsoft.monorepo/.gradle/caches/modules-2/files-2.1/io.netty/netty-codec/4.1.54.Final/295680345b12a86c21fa7af5d9a77e0e0fcff46a/netty-codec-4.1.54.Final.jar, /builds/cedarsoft/com.cedarsoft.monorepo/.gradle/caches/modules-2/files-2.1/io.netty/netty-transport-native-unix-common/4.1.54.Final/ac7d48202cf62c8d51abe89f228d338a41cb49cd/netty-transport-native-unix-common-4.1.54.Final.jar, /builds/cedarsoft/com.cedarsoft.monorepo/.gradle/caches/modules-2/files-2.1/io.netty/netty-transport/4.1.54.Final/ddb9a255819b87b8812932d1d1001f4d9dc7f89e/netty-transport-4.1.54.Final.jar, /builds/cedarsoft/com.cedarsoft.monorepo/.gradle/caches/modules-2/files-2.1/io.netty/netty-buffer/4.1.54.Final/15c513ef8a2e56e88d3736752ea10eae758f47d8/netty-buffer-4.1.54.Final.jar, /builds/cedarsoft/com.cedarsoft.monorepo/.gradle/caches/modules-2/files-2.1/io.netty/netty-resolver/4.1.54.Final/7eed781e7531b990f8360e1a5010b53ca73878f5/netty-resolver-4.1.54.Final.jar, /builds/cedarsoft/com.cedarsoft.monorepo/.gradle/caches/modules-2/files-2.1/io.netty/netty-common/4.1.54.Final/8c330383cda87204ab38e7401ab0f56c0d43b799/netty-common-4.1.54.Final.jar, /builds/cedarsoft/com.cedarsoft.monorepo/.gradle/caches/modules-2/files-2.1/org.hamcrest/hamcrest-core/1.3/42a25dc3219429f0e5d060061f71acb49bf010a0/hamcrest-core-1.3.jar, /builds/cedarsoft/com.cedarsoft.monorepo/.gradle/caches/modules-2/files-2.1/org.apiguardian/apiguardian-api/1.1.0/fc9dff4bb36d627bdc553de77e1f17efd790876c/apiguardian-api-1.1.0.jar, /builds/cedarsoft/com.cedarsoft.monorepo/.gradle/caches/modules-2/files-2.1/org.eclipse.jetty/jetty-util/9.4.31.v20200723/b9c346da72d8715bdfb0373a123374ec6ac9e544/jetty-util-9.4.31.v20200723.jar]
03:23:00.614 [Test worker] DEBUG ktor.test - Watching /builds/cedarsoft/com.cedarsoft.monorepo/internal/open/commons/ktor-server/build/classes/kotlin/main for changes.
03:23:00.614 [Test worker] DEBUG ktor.test - Watching /builds/cedarsoft/com.cedarsoft.monorepo/internal/open/commons/ktor-server/build/classes/kotlin/test/com/cedarsoft/commons/ktor for changes.
03:23:00.615 [Test worker] DEBUG ktor.test - Watching /builds/cedarsoft/com.cedarsoft.monorepo/internal/open/commons/ktor-server/build/classes/kotlin/main/com/cedarsoft/commons for changes.
03:23:00.615 [Test worker] DEBUG ktor.test - Watching /builds/cedarsoft/com.cedarsoft.monorepo/internal/open/commons/ktor-server/build/classes/kotlin/test/com/cedarsoft for changes.
03:23:00.615 [Test worker] DEBUG ktor.test - Watching /builds/cedarsoft/com.cedarsoft.monorepo/internal/open/commons/ktor-server/build/classes/kotlin/test/META-INF for changes.
03:23:00.616 [Test worker] DEBUG ktor.test - Watching /builds/cedarsoft/com.cedarsoft.monorepo/internal/open/commons/ktor-server/build/classes/kotlin/test/com/cedarsoft/commons for changes.
03:23:00.616 [Test worker] DEBUG ktor.test - Watching /builds/cedarsoft/com.cedarsoft.monorepo/internal/open/commons/ktor-server/build/classes/kotlin/main/com/cedarsoft/commons/ktor for changes.
03:23:00.616 [Test worker] DEBUG ktor.test - Watching /builds/cedarsoft/com.cedarsoft.monorepo/internal/open/commons/ktor-server/build/classes/kotlin/main/com for changes.
03:23:00.617 [Test worker] DEBUG ktor.test - Watching /builds/cedarsoft/com.cedarsoft.monorepo/internal/open/commons/ktor-server/build/classes/kotlin/test/com for changes.
03:23:00.617 [Test worker] DEBUG ktor.test - Watching /builds/cedarsoft/com.cedarsoft.monorepo/internal/open/commons/ktor-server/build/classes/kotlin/main/META-INF for changes.
03:23:00.617 [Test worker] DEBUG ktor.test - Watching /builds/cedarsoft/com.cedarsoft.monorepo/internal/open/commons/ktor-server/build/classes/kotlin/main/com/cedarsoft for changes.
03:23:00.618 [Test worker] DEBUG ktor.test - Watching /builds/cedarsoft/com.cedarsoft.monorepo/internal/open/commons/ktor-server/build/classes/kotlin/test for changes.
03:23:00.831 [Test worker] DEBUG ktor.test - Java Home: /opt/java/jdk1.8.0_271
03:23:00.832 [Test worker] DEBUG ktor.test - Class Loader: sun.misc.Launcher$AppClassLoader@73d16e93: [/builds/cedarsoft/com.cedarsoft.monorepo/.gradle/caches/6.8/workerMain/gradle-worker.jar, /builds/cedarsoft/com.cedarsoft.monorepo/internal/open/commons/ktor-server/build/tmp/expandedArchives/org.jacoco.agent-0.8.6.jar_a26f6511a7813217be4cd6439d66563b/jacocoagent.jar, /builds/cedarsoft/com.cedarsoft.monorepo/internal/open/commons/ktor-server/build/classes/java/test, /builds/cedarsoft/com.cedarsoft.monorepo/internal/open/commons/ktor-server/build/classes/kotlin/test/, /builds/cedarsoft/com.cedarsoft.monorepo/internal/open/commons/ktor-server/build/resources/test, /builds/cedarsoft/com.cedarsoft.monorepo/internal/open/commons/ktor-server/build/classes/java/main, /builds/cedarsoft/com.cedarsoft.monorepo/internal/open/commons/ktor-server/build/classes/kotlin/main/, /builds/cedarsoft/com.cedarsoft.monorepo/internal/open/commons/ktor-server/build/resources/main, /builds/cedarsoft/com.cedarsoft.monorepo/internal/dependencies-sets/ktor/build/libs/ktor-8.9.5-SNAPSHOT.jar, /builds/cedarsoft/com.cedarsoft.monorepo/internal/open/commons/kotlinx-serializers/build/libs/kotlinx-serializers-8.9.5-SNAPSHOT.jar, /builds/cedarsoft/com.cedarsoft.monorepo/internal/open/commons/concurrent/build/libs/concurrent-8.9.5-SNAPSHOT.jar, /builds/cedarsoft/com.cedarsoft.monorepo/internal/open/commons/guava/build/libs/guava-8.9.5-SNAPSHOT.jar, /builds/cedarsoft/com.cedarsoft.monorepo/internal/open/commons/test-utils/build/libs/test-utils-8.9.5-SNAPSHOT.jar, /builds/cedarsoft/com.cedarsoft.monorepo/internal/open/commons/commons/build/libs/commons-8.9.5-SNAPSHOT.jar, /builds/cedarsoft/com.cedarsoft.monorepo/internal/dependencies-sets/kotlin-test/build/libs/kotlin-test-8.9.5-SNAPSHOT.jar, /builds/cedarsoft/com.cedarsoft.monorepo/internal/dependencies-sets/test-basics/build/libs/test-basics-8.9.5-SNAPSHOT.jar, /builds/cedarsoft/com.cedarsoft.monorepo/internal/open/commons/crypt/build/libs/crypt-8.9.5-SNAPSHOT.jar, /builds/cedarsoft/com.cedarsoft.monorepo/internal/open/commons/xml-commons/build/libs/xml-commons-8.9.5-SNAPSHOT.jar, /builds/cedarsoft/com.cedarsoft.monorepo/.gradle/caches/modules-2/files-2.1/com.google.guava/guava/30.1-jre/d0c3ce2311c9e36e73228da25a6e99b2ab826f/guava-30.1-jre.jar, /builds/cedarsoft/com.cedarsoft.monorepo/.gradle/caches/modules-2/files-2.1/io.ktor/ktor-server-test-host/1.5.0/5fc7cca3c1f6ac1976e676ccea0097b61f7040d1/ktor-server-test-host-jvm-1.5.0.jar, /builds/cedarsoft/com.cedarsoft.monorepo/.gradle/caches/modules-2/files-2.1/io.ktor/ktor-websockets/1.5.0/f4ac5f1133a9737203e8b4c6127a82c0dfa092ee/ktor-websockets-jvm-1.5.0.jar, /builds/cedarsoft/com.cedarsoft.monorepo/.gradle/caches/modules-2/files-2.1/io.ktor/ktor-jackson/1.5.0/d48617dce200511bf84ab339d94957402485b59/ktor-jackson-jvm-1.5.0.jar, /builds/cedarsoft/com.cedarsoft.monorepo/.gradle/caches/modules-2/files-2.1/io.ktor/ktor-locations/1.5.0/fa3182c8ee4d9be4dd94ade73c2ceb322c54a985/ktor-locations-jvm-1.5.0.jar, /builds/cedarsoft/com.cedarsoft.monorepo/.gradle/caches/modules-2/files-2.1/io.ktor/ktor-metrics/1.5.0/9394a0e05f107e5770b86f44b5ac6c49b6fd925e/ktor-metrics-jvm-1.5.0.jar, /builds/cedarsoft/com.cedarsoft.monorepo/.gradle/caches/modules-2/files-2.1/io.ktor/ktor-auth/1.5.0/f577e274bf713974e3a0e2e542b6a3ce5c0742d2/ktor-auth-jvm-1.5.0.jar, /builds/cedarsoft/com.cedarsoft.monorepo/.gradle/caches/modules-2/files-2.1/io.ktor/ktor-html-builder/1.5.0/97a667229bf87f2f004110d74bedf7a413c00519/ktor-html-builder-jvm-1.5.0.jar, /builds/cedarsoft/com.cedarsoft.monorepo/.gradle/caches/modules-2/files-2.1/io.ktor/ktor-server-netty/1.5.0/ba99a88d25b194f426e288f7e88f4f8fbab81e5f/ktor-server-netty-jvm-1.5.0.jar, /builds/cedarsoft/com.cedarsoft.monorepo/.gradle/caches/modules-2/files-2.1/io.ktor/ktor-server-host-common/1.5.0/338062ff51d1e4416eca1320adfc78bf67734e6a/ktor-server-host-common-jvm-1.5.0.jar, /builds/cedarsoft/com.cedarsoft.monorepo/.gradle/caches/modules-2/files-2.1/io.ktor/ktor-server-core/1.5.0/6b6df94414d17da4630b6abf61ccdb22e0d0dbf2/ktor-server-core-jvm-1.5.0.jar, /builds/cedarsoft/com.cedarsoft.monorepo/.gradle/caches/modules-2/files-2.1/io.ktor/ktor-network-tls-certificates/1.5.0/117fd806c4aa069a52a8bfa9545d3a3abeee23d1/ktor-network-tls-certificates-jvm-1.5.0.jar, /builds/cedarsoft/com.cedarsoft.monorepo/.gradle/caches/modules-2/files-2.1/org.jetbrains.kotlinx/kotlinx-coroutines-jdk8/1.4.2/5fade60e503a55fc9d3af41b7190de1a84b14e3f/kotlinx-coroutines-jdk8-1.4.2.jar, /builds/cedarsoft/com.cedarsoft.monorepo/internal/open/unit/unit/build/libs/unit-jvm-8.9.5-SNAPSHOT.jar, /builds/cedarsoft/com.cedarsoft.monorepo/internal/open/commons/exceptions/build/libs/exceptions-8.9.5-SNAPSHOT.jar, /builds/cedarsoft/com.cedarsoft.monorepo/.gradle/caches/modules-2/files-2.1/io.strikt/strikt-core/0.28.1/68f8a4badc3613c05ebbd52393529b6caafae06c/strikt-core-0.28.1.jar, /builds/cedarsoft/com.cedarsoft.monorepo/.gradle/caches/modules-2/files-2.1/com.willowtreeapps.assertk/assertk-jvm/0.23/e0709e8a9d8a7b46b20a5f575199789e6cf2e5a1/assertk-jvm-0.23.jar, /builds/cedarsoft/com.cedarsoft.monorepo/.gradle/caches/modules-2/files-2.1/org.jetbrains.kotlinx/kotlinx-html-jvm/0.7.2/c7a77c9027384b982941d48ee61f80cce12a03eb/kotlinx-html-jvm-0.7.2.jar, /builds/cedarsoft/com.cedarsoft.monorepo/.gradle/caches/modules-2/files-2.1/com.christophsturm/filepeek/0.1.2/347482ee8f7b82e5dbc95ee0d61930e4fe4a5695/filepeek-0.1.2.jar, /builds/cedarsoft/com.cedarsoft.monorepo/.gradle/caches/modules-2/files-2.1/org.jetbrains.kotlin/kotlin-stdlib-jdk8/1.4.20/756521338269950c2a276f1abe6fef8e1a5e5528/kotlin-stdlib-jdk8-1.4.20.jar, /builds/cedarsoft/com.cedarsoft.monorepo/.gradle/caches/modules-2/files-2.1/org.awaitility/awaitility/4.0.3/144a5f4c85c5113e1f63139b5bdee6336511ee88/awaitility-4.0.3.jar, /builds/cedarsoft/com.cedarsoft.monorepo/.gradle/caches/modules-2/files-2.1/ch.qos.logback/logback-classic/1.2.3/7c4f3c474fb2c041d8028740440937705ebb473a/logback-classic-1.2.3.jar, /builds/cedarsoft/com.cedarsoft.monorepo/internal/dependencies-sets/kotlin/build/libs/kotlin-8.9.5-SNAPSHOT.jar, /builds/cedarsoft/com.cedarsoft.monorepo/.gradle/caches/modules-2/files-2.1/com.google.guava/failureaccess/1.0.1/1dcf1de382a0bf95a3d8b0849546c88bac1292c9/failureaccess-1.0.1.jar, /builds/cedarsoft/com.cedarsoft.monorepo/.gradle/caches/modules-2/files-2.1/com.google.guava/listenablefuture/9999.0-empty-to-avoid-conflict-with-guava/b421526c5f297295adef1c886e5246c39d4ac629/listenablefuture-9999.0-empty-to-avoid-conflict-with-guava.jar, /builds/cedarsoft/com.cedarsoft.monorepo/.gradle/caches/modules-2/files-2.1/com.google.code.findbugs/jsr305/3.0.2/25ea2e8b0c338a877313bd4672d3fe056ea78f0d/jsr305-3.0.2.jar, /builds/cedarsoft/com.cedarsoft.monorepo/.gradle/caches/modules-2/files-2.1/org.checkerframework/checker-qual/3.5.0/2f50520c8abea66fbd8d26e481d3aef5c673b510/checker-qual-3.5.0.jar, /builds/cedarsoft/com.cedarsoft.monorepo/.gradle/caches/modules-2/files-2.1/com.google.errorprone/error_prone_annotations/2.3.4/dac170e4594de319655ffb62f41cbd6dbb5e601e/error_prone_annotations-2.3.4.jar, /builds/cedarsoft/com.cedarsoft.monorepo/.gradle/caches/modules-2/files-2.1/com.google.j2objc/j2objc-annotations/1.3/ba035118bc8bac37d7eff77700720999acd9986d/j2objc-annotations-1.3.jar, /builds/cedarsoft/com.cedarsoft.monorepo/.gradle/caches/modules-2/files-2.1/org.jetbrains.kotlinx/kotlinx-coroutines-debug/1.4.2-native-mt/1c1c5fc8a47500f3d684449be96a4cd9d17e1788/kotlinx-coroutines-debug-1.4.2-native-mt.jar, /builds/cedarsoft/com.cedarsoft.monorepo/.gradle/caches/modules-2/files-2.1/io.ktor/ktor-client-cio-jvm/1.5.0/19588a5195cc68340eb6bbb9af18395d66027001/ktor-client-cio-jvm-1.5.0.jar, /builds/cedarsoft/com.cedarsoft.monorepo/.gradle/caches/modules-2/files-2.1/io.ktor/ktor-network-tls-jvm/1.5.0/b3e80c30debd3fd12386588638101a6784075caf/ktor-network-tls-jvm-1.5.0.jar, /builds/cedarsoft/com.cedarsoft.monorepo/.gradle/caches/modules-2/files-2.1/io.ktor/ktor-client-jetty/1.5.0/ff79725babd3544c6630a00da6718b87f22b9617/ktor-client-jetty-jvm-1.5.0.jar, /builds/cedarsoft/com.cedarsoft.monorepo/.gradle/caches/modules-2/files-2.1/io.ktor/ktor-client-core-jvm/1.5.0/99f27c1d879d918317e71857303c6d8461e01a39/ktor-client-core-jvm-1.5.0.jar, /builds/cedarsoft/com.cedarsoft.monorepo/.gradle/caches/modules-2/files-2.1/io.ktor/ktor-http-cio-jvm/1.5.0/87f6d19fb61386208c7b3cb7733424183f36550/ktor-http-cio-jvm-1.5.0.jar, /builds/cedarsoft/com.cedarsoft.monorepo/.gradle/caches/modules-2/files-2.1/io.ktor/ktor-http-jvm/1.5.0/b051db0a54457a1391213c45874bef8a70b247d6/ktor-http-jvm-1.5.0.jar, /builds/cedarsoft/com.cedarsoft.monorepo/.gradle/caches/modules-2/files-2.1/io.ktor/ktor-network-jvm/1.5.0/dedb3e2aa788b266e0b6f91eb6942aeeacc476a1/ktor-network-jvm-1.5.0.jar, /builds/cedarsoft/com.cedarsoft.monorepo/.gradle/caches/modules-2/files-2.1/io.ktor/ktor-utils-jvm/1.5.0/b699f71c6979b108606cfce5ee394217cd1f2ba2/ktor-utils-jvm-1.5.0.jar, /builds/cedarsoft/com.cedarsoft.monorepo/.gradle/caches/modules-2/files-2.1/io.ktor/ktor-io-jvm/1.5.0/f14fc6c6a83032eb792a4ac75faee87063af874/ktor-io-jvm-1.5.0.jar, /builds/cedarsoft/com.cedarsoft.monorepo/.gradle/caches/modules-2/files-2.1/org.jetbrains.kotlinx/kotlinx-serialization-json-jvm/1.0.1/900f8d34f091c8a957eca49e0cf6bf7d7006482d/kotlinx-serialization-json-jvm-1.0.1.jar, /builds/cedarsoft/com.cedarsoft.monorepo/.gradle/caches/modules-2/files-2.1/org.jetbrains.kotlin/kotlin-stdlib-jdk7/1.4.20/9de2c79e95d4b4699a455e88ba285a95352e0bea/kotlin-stdlib-jdk7-1.4.20.jar, /builds/cedarsoft/com.cedarsoft.monorepo/.gradle/caches/modules-2/files-2.1/com.fasterxml.jackson.core/jackson-databind/2.12.1/8a97e00e429c42f74757b0a8cd1d39dddd41524f/jackson-databind-2.12.1.jar, /builds/cedarsoft/com.cedarsoft.monorepo/.gradle/caches/modules-2/files-2.1/com.fasterxml.jackson.core/jackson-annotations/2.12.1/aa079f822ddce5548018286d19ccb15c2fc202d7/jackson-annotations-2.12.1.jar, /builds/cedarsoft/com.cedarsoft.monorepo/.gradle/caches/modules-2/files-2.1/com.fasterxml.jackson.core/jackson-core/2.12.1/7c5493930e439be6fcec80a9afd6516b8e5e8760/jackson-core-2.12.1.jar, /builds/cedarsoft/com.cedarsoft.monorepo/.gradle/caches/modules-2/files-2.1/com.fasterxml.jackson.module/jackson-module-kotlin/2.12.1/b7c8a84dd474b0ff8cf0ab4fdc949d5e4325aa35/jackson-module-kotlin-2.12.1.jar, /builds/cedarsoft/com.cedarsoft.monorepo/.gradle/caches/modules-2/files-2.1/org.jetbrains.kotlin/kotlin-reflect/1.4.21/748f681f4e3edbe9285ff46710c79049c70f4dfa/kotlin-reflect-1.4.21.jar, /builds/cedarsoft/com.cedarsoft.monorepo/.gradle/caches/modules-2/files-2.1/org.jetbrains.kotlinx/kotlinx-serialization-protobuf-jvm/1.0.1/12aad9ea5136e8fdeaf5f6f74cef03da71208f85/kotlinx-serialization-protobuf-jvm-1.0.1.jar, /builds/cedarsoft/com.cedarsoft.monorepo/.gradle/caches/modules-2/files-2.1/org.jetbrains.kotlinx/kotlinx-coroutines-core-jvm/1.4.2/4b9c6b2de7cabfb2c9ad7a5c709b1ddb7bbfd2ad/kotlinx-coroutines-core-jvm-1.4.2.jar, /builds/cedarsoft/com.cedarsoft.monorepo/.gradle/caches/modules-2/files-2.1/org.jetbrains.kotlin/kotlin-test-junit/1.4.21/c34d1105ebdb08c29ea9cfc4e159734cd528147d/kotlin-test-junit-1.4.21.jar, /builds/cedarsoft/com.cedarsoft.monorepo/.gradle/caches/modules-2/files-2.1/org.jetbrains.kotlin/kotlin-test/1.4.21/bda7548891ac16aa7d70e797721b1ee225875b0d/kotlin-test-1.4.21.jar, /builds/cedarsoft/com.cedarsoft.monorepo/.gradle/caches/modules-2/files-2.1/org.jetbrains.kotlinx/kotlinx-serialization-core-jvm/1.0.1/d0c5ab89372940ed3fb77952e79b9cd5d466d86/kotlinx-serialization-core-jvm-1.0.1.jar, /builds/cedarsoft/com.cedarsoft.monorepo/.gradle/caches/modules-2/files-2.1/com.willowtreeapps.opentest4k/opentest4k-jvm/1.2.1/2cba238e7106b5ac682da81d2c038b6880510f37/opentest4k-jvm-1.2.1.jar, /builds/cedarsoft/com.cedarsoft.monorepo/.gradle/caches/modules-2/files-2.1/org.jetbrains.kotlin/kotlin-stdlib/1.4.21/4a668382d7c38688d3490afde93b6a113ed46698/kotlin-stdlib-1.4.21.jar, /builds/cedarsoft/com.cedarsoft.monorepo/.gradle/caches/modules-2/files-2.1/commons-codec/commons-codec/1.15/49d94806b6e3dc933dacbd8acb0fdbab8ebd1e5d/commons-codec-1.15.jar, /builds/cedarsoft/com.cedarsoft.monorepo/.gradle/caches/modules-2/files-2.1/commons-io/commons-io/2.8.0/92999e26e6534606b5678014e66948286298a35c/commons-io-2.8.0.jar, /builds/cedarsoft/com.cedarsoft.monorepo/.gradle/caches/modules-2/files-2.1/org.codehaus.staxmate/staxmate/2.0.1/b0b767fbc22683d7bf26a14ae1c5817561e21d00/staxmate-2.0.1.jar, /builds/cedarsoft/com.cedarsoft.monorepo/.gradle/caches/modules-2/files-2.1/org.codehaus.woodstox/woodstox-core-asl/4.4.1/84fee5eb1a4a1cefe65b6883c73b3fa83be3c1a1/woodstox-core-asl-4.4.1.jar, /builds/cedarsoft/com.cedarsoft.monorepo/.gradle/caches/modules-2/files-2.1/org.apache.commons/commons-lang3/3.11/68e9a6adf7cf8eb7e9d31bbc554c7c75eeaac568/commons-lang3-3.11.jar, /builds/cedarsoft/com.cedarsoft.monorepo/.gradle/caches/modules-2/files-2.1/org.mockito/mockito-core/3.7.0/ccd43add1a3973f828441e2f7179253c0d87dc92/mockito-core-3.7.0.jar, /builds/cedarsoft/com.cedarsoft.monorepo/.gradle/caches/modules-2/files-2.1/org.easymock/easymockclassextension/3.2/9c922ad77729f27eb7872aa570287e239a8346da/easymockclassextension-3.2.jar, /builds/cedarsoft/com.cedarsoft.monorepo/.gradle/caches/modules-2/files-2.1/org.easymock/easymock/4.2/251b26f1b853673c1aac277fd2fb0c8d5844cdc8/easymock-4.2.jar, /builds/cedarsoft/com.cedarsoft.monorepo/.gradle/caches/modules-2/files-2.1/org.assertj/assertj-core/3.18.1/aaa02680dd92a568a4278bb40aa4a6305f632ec0/assertj-core-3.18.1.jar, /builds/cedarsoft/com.cedarsoft.monorepo/.gradle/caches/modules-2/files-2.1/org.easytesting/fest-reflect/1.4.1/2b92d5275e92a49e16c7ce6bd7e46b9080db0530/fest-reflect-1.4.1.jar, /builds/cedarsoft/com.cedarsoft.monorepo/.gradle/caches/modules-2/files-2.1/xmlunit/xmlunit/1.6/adcae0aff916681dacd2b490e193f1119cd964a9/xmlunit-1.6.jar, /builds/cedarsoft/com.cedarsoft.monorepo/.gradle/caches/modules-2/files-2.1/org.hamcrest/hamcrest/2.1/9420ba32c29217b54eebd26ff7f9234d31c3fbb2/hamcrest-2.1.jar, /builds/cedarsoft/com.cedarsoft.monorepo/.gradle/caches/modules-2/files-2.1/ch.qos.logback/logback-core/1.2.3/864344400c3d4d92dfeb0a305dc87d953677c03c/logback-core-1.2.3.jar, /builds/cedarsoft/com.cedarsoft.monorepo/.gradle/caches/modules-2/files-2.1/io.dropwizard.metrics/metrics-jvm/4.1.14/fd192172c81a0225137525596d82ad99f6435f8c/metrics-jvm-4.1.14.jar, /builds/cedarsoft/com.cedarsoft.monorepo/.gradle/caches/modules-2/files-2.1/io.dropwizard.metrics/metrics-core/4.1.14/14cf9dd67619a0390812dddb232df339e3383d35/metrics-core-4.1.14.jar, /builds/cedarsoft/com.cedarsoft.monorepo/.gradle/caches/modules-2/files-2.1/org.slf4j/slf4j-api/1.7.30/b5a4b6d16ab13e34a88fae84c35cd5d68cac922c/slf4j-api-1.7.30.jar, /builds/cedarsoft/com.cedarsoft.monorepo/.gradle/caches/modules-2/files-2.1/org.eclipse.jetty.http2/http2-http-client-transport/9.4.31.v20200723/6b12bda474f3033d2213af1e7dc49a08f9922852/http2-http-client-transport-9.4.31.v20200723.jar, /builds/cedarsoft/com.cedarsoft.monorepo/.gradle/caches/modules-2/files-2.1/org.eclipse.jetty.http2/http2-client/9.4.31.v20200723/941313dcc9846ef76523e1947083206a103ca763/http2-client-9.4.31.v20200723.jar, /builds/cedarsoft/com.cedarsoft.monorepo/.gradle/caches/modules-2/files-2.1/org.eclipse.jetty/jetty-client/9.4.31.v20200723/a4d779d1dcd7fa948d1175ebf3e20a0b0caacdc/jetty-client-9.4.31.v20200723.jar, /builds/cedarsoft/com.cedarsoft.monorepo/.gradle/caches/modules-2/files-2.1/org.junit.jupiter/junit-jupiter-params/5.7.0/521dbecace93d5d7ef13a74aab231befd7954424/junit-jupiter-params-5.7.0.jar, /builds/cedarsoft/com.cedarsoft.monorepo/.gradle/caches/modules-2/files-2.1/org.junit.jupiter/junit-jupiter-engine/5.7.0/d9044d6b45e2232ddd53fa56c15333e43d1749fd/junit-jupiter-engine-5.7.0.jar, /builds/cedarsoft/com.cedarsoft.monorepo/.gradle/caches/modules-2/files-2.1/org.junit.jupiter/junit-jupiter-api/5.7.0/b25f3815c4c1860a73041e733a14a0379d00c4d5/junit-jupiter-api-5.7.0.jar, /builds/cedarsoft/com.cedarsoft.monorepo/.gradle/caches/modules-2/files-2.1/org.junit.platform/junit-platform-engine/1.7.0/eadb73c5074a4ac71061defd00fc176152a4d12c/junit-platform-engine-1.7.0.jar, /builds/cedarsoft/com.cedarsoft.monorepo/.gradle/caches/modules-2/files-2.1/org.junit.platform/junit-platform-commons/1.7.0/84e309fbf21d857aac079a3c1fffd84284e1114d/junit-platform-commons-1.7.0.jar, /builds/cedarsoft/com.cedarsoft.monorepo/.gradle/caches/modules-2/files-2.1/org.junit.vintage/junit-vintage-engine/5.7.0/2b808fa5dbbf0b0e16bce19d9936ef78333a030e/junit-vintage-engine-5.7.0.jar, /builds/cedarsoft/com.cedarsoft.monorepo/.gradle/caches/modules-2/files-2.1/junit/junit/4.13.1/cdd00374f1fee76b11e2a9d127405aa3f6be5b6a/junit-4.13.1.jar, /builds/cedarsoft/com.cedarsoft.monorepo/.gradle/caches/modules-2/files-2.1/com.typesafe/config/1.3.1/2cf7a6cc79732e3bdf1647d7404279900ca63eb0/config-1.3.1.jar, /builds/cedarsoft/com.cedarsoft.monorepo/.gradle/caches/modules-2/files-2.1/io.netty/netty-codec-http2/4.1.54.Final/327a4ae62b0a41cdf02f610f06eb353f10c17ef8/netty-codec-http2-4.1.54.Final.jar, /builds/cedarsoft/com.cedarsoft.monorepo/.gradle/caches/modules-2/files-2.1/org.eclipse.jetty.alpn/alpn-api/1.1.3.v20160715/a1bf3a937f91b4c953acd13e8c9552347adc2198/alpn-api-1.1.3.v20160715.jar, /builds/cedarsoft/com.cedarsoft.monorepo/.gradle/caches/modules-2/files-2.1/io.netty/netty-transport-native-kqueue/4.1.54.Final/941f2f438f7d1e6d2ba39141fa3a4d30cda5f223/netty-transport-native-kqueue-4.1.54.Final.jar, /builds/cedarsoft/com.cedarsoft.monorepo/.gradle/caches/modules-2/files-2.1/io.netty/netty-transport-native-epoll/4.1.54.Final/59f7241f86236bd5b5ed5dd1f4b6f2cdae56b978/netty-transport-native-epoll-4.1.54.Final.jar, /builds/cedarsoft/com.cedarsoft.monorepo/.gradle/caches/modules-2/files-2.1/com.googlecode.json-simple/json-simple/1.1.1/c9ad4a0850ab676c5c64461a05ca524cdfff59f1/json-simple-1.1.1.jar, /builds/cedarsoft/com.cedarsoft.monorepo/.gradle/caches/modules-2/files-2.1/org.jetbrains.kotlin/kotlin-test-annotations-common/1.4.21/f1ad46b7bfb978ce9b327a25cbec32c955dd376e/kotlin-test-annotations-common-1.4.21.jar, /builds/cedarsoft/com.cedarsoft.monorepo/.gradle/caches/modules-2/files-2.1/org.jetbrains.kotlin/kotlin-test-common/1.4.21/bc7d3d9635aa011eb4ba8f3e182105a661f7cea/kotlin-test-common-1.4.21.jar, /builds/cedarsoft/com.cedarsoft.monorepo/.gradle/caches/modules-2/files-2.1/org.jetbrains.kotlin/kotlin-stdlib-common/1.4.21/7f48a062aa4b53215998780f7c245a4276828e1d/kotlin-stdlib-common-1.4.21.jar, /builds/cedarsoft/com.cedarsoft.monorepo/internal/dependencies-sets/annotations/build/libs/annotations-8.9.5-SNAPSHOT.jar, /builds/cedarsoft/com.cedarsoft.monorepo/internal/open/annotations/annotations/build/libs/annotations-8.9.5-SNAPSHOT.jar, /builds/cedarsoft/com.cedarsoft.monorepo/.gradle/caches/modules-2/files-2.1/org.opentest4j/opentest4j/1.2.0/28c11eb91f9b6d8e200631d46e20a7f407f2a046/opentest4j-1.2.0.jar, /builds/cedarsoft/com.cedarsoft.monorepo/.gradle/caches/modules-2/files-2.1/stax/stax-api/1.0.1/49c100caf72d658aca8e58bd74a4ba90fa2b0d70/stax-api-1.0.1.jar, /builds/cedarsoft/com.cedarsoft.monorepo/.gradle/caches/modules-2/files-2.1/org.codehaus.woodstox/stax2-api/3.1.4/ac19014b1e6a7c08aad07fe114af792676b685b7/stax2-api-3.1.4.jar, /builds/cedarsoft/com.cedarsoft.monorepo/.gradle/caches/modules-2/files-2.1/javax.xml.stream/stax-api/1.0-2/d6337b0de8b25e53e81b922352fbea9f9f57ba0b/stax-api-1.0-2.jar, /builds/cedarsoft/com.cedarsoft.monorepo/.gradle/caches/modules-2/files-2.1/net.bytebuddy/byte-buddy/1.10.19/7a8cf46cd99db76f02b335d53aad222d42bc412d/byte-buddy-1.10.19.jar, /builds/cedarsoft/com.cedarsoft.monorepo/.gradle/caches/modules-2/files-2.1/net.bytebuddy/byte-buddy-agent/1.10.19/6453928a03a95dc23d7ef120cfd58f4539c64b53/byte-buddy-agent-1.10.19.jar, /builds/cedarsoft/com.cedarsoft.monorepo/.gradle/caches/modules-2/files-2.1/org.objenesis/objenesis/3.1/48f12deaae83a8dfc3775d830c9fd60ea59bbbca/objenesis-3.1.jar, /builds/cedarsoft/com.cedarsoft.monorepo/.gradle/caches/modules-2/files-2.1/org.easytesting/fest-util/1.2.4/a86b8e01eb7ecfd820df4f22c734a825a0085574/fest-util-1.2.4.jar, /builds/cedarsoft/com.cedarsoft.monorepo/.gradle/caches/modules-2/files-2.1/org.eclipse.jetty.http2/http2-common/9.4.31.v20200723/dd6fc64e41103afca8f9c1c1465ec24541e5681c/http2-common-9.4.31.v20200723.jar, /builds/cedarsoft/com.cedarsoft.monorepo/.gradle/caches/modules-2/files-2.1/org.eclipse.jetty/jetty-alpn-openjdk8-client/9.4.31.v20200723/5c4c0f19a0a1c8a760c298049be7412f7e901bce/jetty-alpn-openjdk8-client-9.4.31.v20200723.jar, /builds/cedarsoft/com.cedarsoft.monorepo/.gradle/caches/modules-2/files-2.1/org.eclipse.jetty/jetty-alpn-java-client/9.4.31.v20200723/f863d49267102c624812efd1ec7f43d6e8c1c30b/jetty-alpn-java-client-9.4.31.v20200723.jar, /builds/cedarsoft/com.cedarsoft.monorepo/.gradle/caches/modules-2/files-2.1/org.eclipse.jetty/jetty-alpn-client/9.4.31.v20200723/32a4ae2f1eb4d40c9411e092089b867d29e09e9c/jetty-alpn-client-9.4.31.v20200723.jar, /builds/cedarsoft/com.cedarsoft.monorepo/.gradle/caches/modules-2/files-2.1/org.eclipse.jetty.http2/http2-hpack/9.4.31.v20200723/836f1a761bf5942494b3c41c9470ea1cd39c8420/http2-hpack-9.4.31.v20200723.jar, /builds/cedarsoft/com.cedarsoft.monorepo/.gradle/caches/modules-2/files-2.1/org.eclipse.jetty/jetty-http/9.4.31.v20200723/6862f0e6fc7e9f8828416a7cae1477b233d92f8/jetty-http-9.4.31.v20200723.jar, /builds/cedarsoft/com.cedarsoft.monorepo/.gradle/caches/modules-2/files-2.1/org.eclipse.jetty/jetty-io/9.4.31.v20200723/328e4562e0f30e01efea63efe4fc24b2b860d852/jetty-io-9.4.31.v20200723.jar, /builds/cedarsoft/com.cedarsoft.monorepo/.gradle/caches/modules-2/files-2.1/net.java.dev.jna/jna-platform/5.5.0/af38e7c4d0fc73c23ecd785443705bfdee5b90bf/jna-platform-5.5.0.jar, /builds/cedarsoft/com.cedarsoft.monorepo/.gradle/caches/modules-2/files-2.1/net.java.dev.jna/jna/5.5.0/e0845217c4907822403912ad6828d8e0b256208/jna-5.5.0.jar, /builds/cedarsoft/com.cedarsoft.monorepo/.gradle/caches/modules-2/files-2.1/org.jetbrains/annotations/13.0/919f0dfe192fb4e063e7dacadee7f8bb9a2672a9/annotations-13.0.jar, /builds/cedarsoft/com.cedarsoft.monorepo/.gradle/caches/modules-2/files-2.1/io.netty/netty-codec-http/4.1.54.Final/70eb9509289d1cee549cf12bae71929d1a4a12c7/netty-codec-http-4.1.54.Final.jar, /builds/cedarsoft/com.cedarsoft.monorepo/.gradle/caches/modules-2/files-2.1/io.netty/netty-handler/4.1.54.Final/e83dfe8ebe3622d2cd5cce8532a9ca49cad51e9/netty-handler-4.1.54.Final.jar, /builds/cedarsoft/com.cedarsoft.monorepo/.gradle/caches/modules-2/files-2.1/io.netty/netty-codec/4.1.54.Final/295680345b12a86c21fa7af5d9a77e0e0fcff46a/netty-codec-4.1.54.Final.jar, /builds/cedarsoft/com.cedarsoft.monorepo/.gradle/caches/modules-2/files-2.1/io.netty/netty-transport-native-unix-common/4.1.54.Final/ac7d48202cf62c8d51abe89f228d338a41cb49cd/netty-transport-native-unix-common-4.1.54.Final.jar, /builds/cedarsoft/com.cedarsoft.monorepo/.gradle/caches/modules-2/files-2.1/io.netty/netty-transport/4.1.54.Final/ddb9a255819b87b8812932d1d1001f4d9dc7f89e/netty-transport-4.1.54.Final.jar, /builds/cedarsoft/com.cedarsoft.monorepo/.gradle/caches/modules-2/files-2.1/io.netty/netty-buffer/4.1.54.Final/15c513ef8a2e56e88d3736752ea10eae758f47d8/netty-buffer-4.1.54.Final.jar, /builds/cedarsoft/com.cedarsoft.monorepo/.gradle/caches/modules-2/files-2.1/io.netty/netty-resolver/4.1.54.Final/7eed781e7531b990f8360e1a5010b53ca73878f5/netty-resolver-4.1.54.Final.jar, /builds/cedarsoft/com.cedarsoft.monorepo/.gradle/caches/modules-2/files-2.1/io.netty/netty-common/4.1.54.Final/8c330383cda87204ab38e7401ab0f56c0d43b799/netty-common-4.1.54.Final.jar, /builds/cedarsoft/com.cedarsoft.monorepo/.gradle/caches/modules-2/files-2.1/org.hamcrest/hamcrest-core/1.3/42a25dc3219429f0e5d060061f71acb49bf010a0/hamcrest-core-1.3.jar, /builds/cedarsoft/com.cedarsoft.monorepo/.gradle/caches/modules-2/files-2.1/org.apiguardian/apiguardian-api/1.1.0/fc9dff4bb36d627bdc553de77e1f17efd790876c/apiguardian-api-1.1.0.jar, /builds/cedarsoft/com.cedarsoft.monorepo/.gradle/caches/modules-2/files-2.1/org.eclipse.jetty/jetty-util/9.4.31.v20200723/b9c346da72d8715bdfb0373a123374ec6ac9e544/jetty-util-9.4.31.v20200723.jar]
03:23:00.861 [Test worker] DEBUG ktor.test - Watching /builds/cedarsoft/com.cedarsoft.monorepo/internal/open/commons/ktor-server/build/classes/kotlin/main for changes.
03:23:00.862 [Test worker] DEBUG ktor.test - Watching /builds/cedarsoft/com.cedarsoft.monorepo/internal/open/commons/ktor-server/build/classes/kotlin/test/com/cedarsoft/commons/ktor for changes.
03:23:00.862 [Test worker] DEBUG ktor.test - Watching /builds/cedarsoft/com.cedarsoft.monorepo/internal/open/commons/ktor-server/build/classes/kotlin/main/com/cedarsoft/commons for changes.
03:23:00.862 [Test worker] DEBUG ktor.test - Watching /builds/cedarsoft/com.cedarsoft.monorepo/internal/open/commons/ktor-server/build/classes/kotlin/test/com/cedarsoft for changes.
03:23:00.864 [Test worker] DEBUG ktor.test - Watching /builds/cedarsoft/com.cedarsoft.monorepo/internal/open/commons/ktor-server/build/classes/kotlin/test/META-INF for changes.
03:23:00.867 [Test worker] DEBUG ktor.test - Watching /builds/cedarsoft/com.cedarsoft.monorepo/internal/open/commons/ktor-server/build/classes/kotlin/test/com/cedarsoft/commons for changes.
03:23:00.868 [Test worker] DEBUG ktor.test - Watching /builds/cedarsoft/com.cedarsoft.monorepo/internal/open/commons/ktor-server/build/classes/kotlin/main/com/cedarsoft/commons/ktor for changes.
03:23:00.869 [Test worker] DEBUG ktor.test - Watching /builds/cedarsoft/com.cedarsoft.monorepo/internal/open/commons/ktor-server/build/classes/kotlin/main/com for changes.
03:23:00.871 [Test worker] DEBUG ktor.test - Watching /builds/cedarsoft/com.cedarsoft.monorepo/internal/open/commons/ktor-server/build/classes/kotlin/test/com for changes.
03:23:00.871 [Test worker] DEBUG ktor.test - Watching /builds/cedarsoft/com.cedarsoft.monorepo/internal/open/commons/ktor-server/build/classes/kotlin/main/META-INF for changes.
03:23:00.875 [Test worker] DEBUG ktor.test - Watching /builds/cedarsoft/com.cedarsoft.monorepo/internal/open/commons/ktor-server/build/classes/kotlin/main/com/cedarsoft for changes.
03:23:00.877 [Test worker] DEBUG ktor.test - Watching /builds/cedarsoft/com.cedarsoft.monorepo/internal/open/commons/ktor-server/build/classes/kotlin/test for changes.
]]></system-out>
  <system-err><![CDATA[]]></system-err>
</testsuite>
