<?xml version="1.0" encoding="UTF-8"?>
<testsuite name="com.cedarsoft.commons.ktor.JsonConverterTest" tests="3" skipped="0" failures="0" errors="0" timestamp="2021-05-09T02:06:18" hostname="runner-cs1zem-v-project-47-concurrent-0" time="4.862">
  <properties/>
  <testcase name="testMessageGeneric" classname="com.cedarsoft.commons.ktor.JsonConverterTest" time="4.52"/>
  <testcase name="testMultiMessage" classname="com.cedarsoft.commons.ktor.JsonConverterTest" time="0.213"/>
  <testcase name="testEntity" classname="com.cedarsoft.commons.ktor.JsonConverterTest" time="0.129"/>
  <system-out><![CDATA[02:06:20.336 [Test worker] DEBUG ktor.test - Java Home: /opt/java/jdk1.8.0_271
02:06:20.455 [Test worker] DEBUG ktor.test - Class Loader: sun.misc.Launcher$AppClassLoader@73d16e93: [/builds/cedarsoft/com.cedarsoft.monorepo/.gradle/caches/7.0/workerMain/gradle-worker.jar, /builds/cedarsoft/com.cedarsoft.monorepo/internal/open/commons/ktor-server/build/tmp/expandedArchives/org.jacoco.agent-0.8.6.jar_a26f6511a7813217be4cd6439d66563b/jacocoagent.jar, /builds/cedarsoft/com.cedarsoft.monorepo/internal/open/commons/ktor-server/build/classes/java/test, /builds/cedarsoft/com.cedarsoft.monorepo/internal/open/commons/ktor-server/build/classes/kotlin/test/, /builds/cedarsoft/com.cedarsoft.monorepo/internal/open/commons/ktor-server/build/resources/test, /builds/cedarsoft/com.cedarsoft.monorepo/internal/open/commons/ktor-server/build/classes/java/main, /builds/cedarsoft/com.cedarsoft.monorepo/internal/open/commons/ktor-server/build/classes/kotlin/main/, /builds/cedarsoft/com.cedarsoft.monorepo/internal/open/commons/ktor-server/build/resources/main, /builds/cedarsoft/com.cedarsoft.monorepo/internal/dependencies-sets/ktor/build/libs/ktor-8.9.5-SNAPSHOT.jar, /builds/cedarsoft/com.cedarsoft.monorepo/internal/open/commons/kotlinx-serializers/build/libs/kotlinx-serializers-8.9.5-SNAPSHOT.jar, /builds/cedarsoft/com.cedarsoft.monorepo/internal/open/commons/concurrent/build/libs/concurrent-8.9.5-SNAPSHOT.jar, /builds/cedarsoft/com.cedarsoft.monorepo/internal/open/commons/guava/build/libs/guava-8.9.5-SNAPSHOT.jar, /builds/cedarsoft/com.cedarsoft.monorepo/internal/open/commons/test-utils/build/libs/test-utils-8.9.5-SNAPSHOT.jar, /builds/cedarsoft/com.cedarsoft.monorepo/internal/open/commons/commons/build/libs/commons-8.9.5-SNAPSHOT.jar, /builds/cedarsoft/com.cedarsoft.monorepo/internal/dependencies-sets/kotlin-test/build/libs/kotlin-test-8.9.5-SNAPSHOT.jar, /builds/cedarsoft/com.cedarsoft.monorepo/internal/dependencies-sets/test-basics/build/libs/test-basics-8.9.5-SNAPSHOT.jar, /builds/cedarsoft/com.cedarsoft.monorepo/internal/open/commons/crypt/build/libs/crypt-8.9.5-SNAPSHOT.jar, /builds/cedarsoft/com.cedarsoft.monorepo/internal/open/commons/xml-commons/build/libs/xml-commons-8.9.5-SNAPSHOT.jar, /builds/cedarsoft/com.cedarsoft.monorepo/.gradle/caches/modules-2/files-2.1/com.google.guava/guava/30.1.1-jre/87e0fd1df874ea3cbe577702fe6f17068b790fd8/guava-30.1.1-jre.jar, /builds/cedarsoft/com.cedarsoft.monorepo/.gradle/caches/modules-2/files-2.1/io.ktor/ktor-server-test-host/1.5.3/b82005dd38aa8db4255739870dc42f6c01dae056/ktor-server-test-host-jvm-1.5.3.jar, /builds/cedarsoft/com.cedarsoft.monorepo/.gradle/caches/modules-2/files-2.1/io.ktor/ktor-websockets/1.5.3/5ed6792635da0b358dbd490aef6f9819bc8b0182/ktor-websockets-jvm-1.5.3.jar, /builds/cedarsoft/com.cedarsoft.monorepo/.gradle/caches/modules-2/files-2.1/io.ktor/ktor-jackson/1.5.3/570aad27e904dff64488ae8856513eb73ec6b79e/ktor-jackson-jvm-1.5.3.jar, /builds/cedarsoft/com.cedarsoft.monorepo/.gradle/caches/modules-2/files-2.1/io.ktor/ktor-locations/1.5.3/8dfb5e7a12740b3c0e7df41c131a91a8921f9b00/ktor-locations-jvm-1.5.3.jar, /builds/cedarsoft/com.cedarsoft.monorepo/.gradle/caches/modules-2/files-2.1/io.ktor/ktor-metrics/1.5.3/f21e81243e711fcacdf1ea1de9ca024ebb3fd650/ktor-metrics-jvm-1.5.3.jar, /builds/cedarsoft/com.cedarsoft.monorepo/.gradle/caches/modules-2/files-2.1/io.ktor/ktor-auth/1.5.3/5b148e1bc55844564ddc54391a52d122b8ce5f21/ktor-auth-jvm-1.5.3.jar, /builds/cedarsoft/com.cedarsoft.monorepo/.gradle/caches/modules-2/files-2.1/io.ktor/ktor-server-netty/1.5.3/c0cc5f7c65f2aecd98d7d9cec78d4650e7fd7a65/ktor-server-netty-jvm-1.5.3.jar, /builds/cedarsoft/com.cedarsoft.monorepo/.gradle/caches/modules-2/files-2.1/io.ktor/ktor-server-host-common/1.5.3/abb76562c666262cfb28788783b3203fb2592e24/ktor-server-host-common-jvm-1.5.3.jar, /builds/cedarsoft/com.cedarsoft.monorepo/.gradle/caches/modules-2/files-2.1/io.ktor/ktor-server-core/1.5.3/57b40229736eb08d505c23e37374aa932694d6f6/ktor-server-core-jvm-1.5.3.jar, /builds/cedarsoft/com.cedarsoft.monorepo/.gradle/caches/modules-2/files-2.1/io.strikt/strikt-core/0.31.0/a628941220f0e2992fe1cf48d5fcf405fd494d57/strikt-core-0.31.0.jar, /builds/cedarsoft/com.cedarsoft.monorepo/.gradle/caches/modules-2/files-2.1/io.ktor/ktor-network-tls-certificates/1.5.3/7531af95820416d3ba2884444e9f255433dc4d1f/ktor-network-tls-certificates-jvm-1.5.3.jar, /builds/cedarsoft/com.cedarsoft.monorepo/.gradle/caches/modules-2/files-2.1/org.jetbrains.kotlinx/kotlinx-coroutines-jdk8/1.4.3/ac0ac5c6ff626e1907b3a7d4d32197e8d65e08c5/kotlinx-coroutines-jdk8-1.4.3.jar, /builds/cedarsoft/com.cedarsoft.monorepo/internal/open/commons/kotlin-lang/build/libs/kotlin-lang-jvm-8.9.5-SNAPSHOT.jar, /builds/cedarsoft/com.cedarsoft.monorepo/internal/open/unit/unit/build/libs/unit-jvm-8.9.5-SNAPSHOT.jar, /builds/cedarsoft/com.cedarsoft.monorepo/internal/open/commons/exceptions/build/libs/exceptions-8.9.5-SNAPSHOT.jar, /builds/cedarsoft/com.cedarsoft.monorepo/.gradle/caches/modules-2/files-2.1/com.christophsturm/filepeek/0.1.3/ab83f7b06cf17ceda436cec34d9c0a84cc1f2669/filepeek-0.1.3.jar, /builds/cedarsoft/com.cedarsoft.monorepo/.gradle/caches/modules-2/files-2.1/com.willowtreeapps.assertk/assertk-jvm/0.23.1/af9df108b72f37d3771eba1ee51e93c72b176031/assertk-jvm-0.23.1.jar, /builds/cedarsoft/com.cedarsoft.monorepo/.gradle/caches/modules-2/files-2.1/org.jetbrains.kotlin/kotlin-stdlib-jdk8/1.4.32/3302f9ec8a5c1ed220781dbd37770072549bd333/kotlin-stdlib-jdk8-1.4.32.jar, /builds/cedarsoft/com.cedarsoft.monorepo/.gradle/caches/modules-2/files-2.1/org.awaitility/awaitility/4.0.3/144a5f4c85c5113e1f63139b5bdee6336511ee88/awaitility-4.0.3.jar, /builds/cedarsoft/com.cedarsoft.monorepo/.gradle/caches/modules-2/files-2.1/ch.qos.logback/logback-classic/1.2.3/7c4f3c474fb2c041d8028740440937705ebb473a/logback-classic-1.2.3.jar, /builds/cedarsoft/com.cedarsoft.monorepo/internal/dependencies-sets/kotlin/build/libs/kotlin-8.9.5-SNAPSHOT.jar, /builds/cedarsoft/com.cedarsoft.monorepo/.gradle/caches/modules-2/files-2.1/com.google.guava/failureaccess/1.0.1/1dcf1de382a0bf95a3d8b0849546c88bac1292c9/failureaccess-1.0.1.jar, /builds/cedarsoft/com.cedarsoft.monorepo/.gradle/caches/modules-2/files-2.1/com.google.guava/listenablefuture/9999.0-empty-to-avoid-conflict-with-guava/b421526c5f297295adef1c886e5246c39d4ac629/listenablefuture-9999.0-empty-to-avoid-conflict-with-guava.jar, /builds/cedarsoft/com.cedarsoft.monorepo/.gradle/caches/modules-2/files-2.1/com.google.code.findbugs/jsr305/3.0.2/25ea2e8b0c338a877313bd4672d3fe056ea78f0d/jsr305-3.0.2.jar, /builds/cedarsoft/com.cedarsoft.monorepo/.gradle/caches/modules-2/files-2.1/org.checkerframework/checker-qual/3.8.0/6b83e4a33220272c3a08991498ba9dc09519f190/checker-qual-3.8.0.jar, /builds/cedarsoft/com.cedarsoft.monorepo/.gradle/caches/modules-2/files-2.1/com.google.errorprone/error_prone_annotations/2.5.1/562d366678b89ce5d6b6b82c1a073880341e3fba/error_prone_annotations-2.5.1.jar, /builds/cedarsoft/com.cedarsoft.monorepo/.gradle/caches/modules-2/files-2.1/com.google.j2objc/j2objc-annotations/1.3/ba035118bc8bac37d7eff77700720999acd9986d/j2objc-annotations-1.3.jar, /builds/cedarsoft/com.cedarsoft.monorepo/.gradle/caches/modules-2/files-2.1/io.ktor/ktor-client-cio-jvm/1.5.3/8b4867b0fdf8258f57e2b46524bad17f29a04531/ktor-client-cio-jvm-1.5.3.jar, /builds/cedarsoft/com.cedarsoft.monorepo/.gradle/caches/modules-2/files-2.1/io.ktor/ktor-network-tls-jvm/1.5.3/106b586b539f187cfe555fb2868d989fcf1a622d/ktor-network-tls-jvm-1.5.3.jar, /builds/cedarsoft/com.cedarsoft.monorepo/.gradle/caches/modules-2/files-2.1/io.ktor/ktor-client-jetty/1.5.3/2040c0a7c707075cc53bc8e7f66b8ec4f19eeb79/ktor-client-jetty-jvm-1.5.3.jar, /builds/cedarsoft/com.cedarsoft.monorepo/.gradle/caches/modules-2/files-2.1/io.ktor/ktor-client-core-jvm/1.5.3/49e763e2160be29be031e2c1fb888c5ce5bd65d6/ktor-client-core-jvm-1.5.3.jar, /builds/cedarsoft/com.cedarsoft.monorepo/.gradle/caches/modules-2/files-2.1/io.ktor/ktor-http-cio-jvm/1.5.3/57deb2da2962c89baf7dceb17a7383d970a50281/ktor-http-cio-jvm-1.5.3.jar, /builds/cedarsoft/com.cedarsoft.monorepo/.gradle/caches/modules-2/files-2.1/io.ktor/ktor-http-jvm/1.5.3/f2a0fe59aa872db562746880f27b493f7bff4fa7/ktor-http-jvm-1.5.3.jar, /builds/cedarsoft/com.cedarsoft.monorepo/.gradle/caches/modules-2/files-2.1/io.ktor/ktor-network-jvm/1.5.3/84baa7cc3b370e47a69de83d7b33f02972614a2a/ktor-network-jvm-1.5.3.jar, /builds/cedarsoft/com.cedarsoft.monorepo/.gradle/caches/modules-2/files-2.1/io.ktor/ktor-utils-jvm/1.5.3/dbdd7b90a445e1c7ae248b6549c221dbf8d27651/ktor-utils-jvm-1.5.3.jar, /builds/cedarsoft/com.cedarsoft.monorepo/.gradle/caches/modules-2/files-2.1/io.ktor/ktor-io-jvm/1.5.3/12830f733943a59807770799c0394624749ba649/ktor-io-jvm-1.5.3.jar, /builds/cedarsoft/com.cedarsoft.monorepo/.gradle/caches/modules-2/files-2.1/org.jetbrains.kotlinx/kotlinx-serialization-json-jvm/1.1.0/86c26030512eb057e02c9bfcfdfd9e2fbb82201/kotlinx-serialization-json-jvm-1.1.0.jar, /builds/cedarsoft/com.cedarsoft.monorepo/.gradle/caches/modules-2/files-2.1/com.fasterxml.jackson.core/jackson-databind/2.12.3/d6153f8fc60c479ab0f9efb35c034526436a4953/jackson-databind-2.12.3.jar, /builds/cedarsoft/com.cedarsoft.monorepo/.gradle/caches/modules-2/files-2.1/com.fasterxml.jackson.core/jackson-annotations/2.12.3/7275513412694a1aafd08c0287f48469fa0e6e17/jackson-annotations-2.12.3.jar, /builds/cedarsoft/com.cedarsoft.monorepo/.gradle/caches/modules-2/files-2.1/com.fasterxml.jackson.core/jackson-core/2.12.3/deb23fe2a7f2b773e18ced2b50d4acc1df8fa366/jackson-core-2.12.3.jar, /builds/cedarsoft/com.cedarsoft.monorepo/.gradle/caches/modules-2/files-2.1/com.fasterxml.jackson.module/jackson-module-kotlin/2.12.3/c8da7d998ed2e9253e62fdf15d1112c54b3ce6db/jackson-module-kotlin-2.12.3.jar, /builds/cedarsoft/com.cedarsoft.monorepo/.gradle/caches/modules-2/files-2.1/org.jetbrains.kotlin/kotlin-reflect/1.4.32/ce852b166d97f0f1991b5130c2bb02e2ef6c554e/kotlin-reflect-1.4.32.jar, /builds/cedarsoft/com.cedarsoft.monorepo/.gradle/caches/modules-2/files-2.1/org.jetbrains.kotlin/kotlin-stdlib-jdk7/1.4.32/3546900a3ebff0c43f31190baf87a9220e37b7ea/kotlin-stdlib-jdk7-1.4.32.jar, /builds/cedarsoft/com.cedarsoft.monorepo/.gradle/caches/modules-2/files-2.1/org.jetbrains.kotlinx/kotlinx-serialization-protobuf-jvm/1.1.0/a2c675697ad328d1a5293660dd9e1112e7a7ef17/kotlinx-serialization-protobuf-jvm-1.1.0.jar, /builds/cedarsoft/com.cedarsoft.monorepo/.gradle/caches/modules-2/files-2.1/org.jetbrains.kotlinx/kotlinx-coroutines-core-jvm/1.4.3/1051e11eb789ed1df93412bebe0f06e9d29160e4/kotlinx-coroutines-core-jvm-1.4.3.jar, /builds/cedarsoft/com.cedarsoft.monorepo/.gradle/caches/modules-2/files-2.1/org.jetbrains.kotlin/kotlin-test-junit/1.4.32/98c6b4f870ed7e79fc540f0107cbb7884622a6a3/kotlin-test-junit-1.4.32.jar, /builds/cedarsoft/com.cedarsoft.monorepo/.gradle/caches/modules-2/files-2.1/org.jetbrains.kotlin/kotlin-test/1.4.32/b69ce2967e16fc561f60120f97af6398f1610ee1/kotlin-test-1.4.32.jar, /builds/cedarsoft/com.cedarsoft.monorepo/.gradle/caches/modules-2/files-2.1/org.jetbrains.kotlinx/kotlinx-serialization-core-jvm/1.1.0/6a6d0b8e8a44c48e206e435d279b1773832f4f1b/kotlinx-serialization-core-jvm-1.1.0.jar, /builds/cedarsoft/com.cedarsoft.monorepo/.gradle/caches/modules-2/files-2.1/org.jetbrains.kotlinx/kotlinx-coroutines-debug/1.4.3/412666194069f22820074ea3553e95c52f1d675b/kotlinx-coroutines-debug-1.4.3.jar, /builds/cedarsoft/com.cedarsoft.monorepo/.gradle/caches/modules-2/files-2.1/com.willowtreeapps.opentest4k/opentest4k-jvm/1.2.1/2cba238e7106b5ac682da81d2c038b6880510f37/opentest4k-jvm-1.2.1.jar, /builds/cedarsoft/com.cedarsoft.monorepo/.gradle/caches/modules-2/files-2.1/org.jetbrains.kotlin/kotlin-stdlib/1.4.32/461367948840adbb0839c51d91ed74ef4a9ccb52/kotlin-stdlib-1.4.32.jar, /builds/cedarsoft/com.cedarsoft.monorepo/.gradle/caches/modules-2/files-2.1/commons-codec/commons-codec/1.15/49d94806b6e3dc933dacbd8acb0fdbab8ebd1e5d/commons-codec-1.15.jar, /builds/cedarsoft/com.cedarsoft.monorepo/.gradle/caches/modules-2/files-2.1/commons-io/commons-io/2.8.0/92999e26e6534606b5678014e66948286298a35c/commons-io-2.8.0.jar, /builds/cedarsoft/com.cedarsoft.monorepo/.gradle/caches/modules-2/files-2.1/org.codehaus.staxmate/staxmate/2.0.1/b0b767fbc22683d7bf26a14ae1c5817561e21d00/staxmate-2.0.1.jar, /builds/cedarsoft/com.cedarsoft.monorepo/.gradle/caches/modules-2/files-2.1/org.codehaus.woodstox/woodstox-core-asl/4.4.1/84fee5eb1a4a1cefe65b6883c73b3fa83be3c1a1/woodstox-core-asl-4.4.1.jar, /builds/cedarsoft/com.cedarsoft.monorepo/.gradle/caches/modules-2/files-2.1/org.apache.commons/commons-lang3/3.12.0/c6842c86792ff03b9f1d1fe2aab8dc23aa6c6f0e/commons-lang3-3.12.0.jar, /builds/cedarsoft/com.cedarsoft.monorepo/.gradle/caches/modules-2/files-2.1/org.mockito/mockito-core/3.9.0/b7573430aea743b26434b44f4f46272af613e660/mockito-core-3.9.0.jar, /builds/cedarsoft/com.cedarsoft.monorepo/.gradle/caches/modules-2/files-2.1/org.easymock/easymockclassextension/3.2/9c922ad77729f27eb7872aa570287e239a8346da/easymockclassextension-3.2.jar, /builds/cedarsoft/com.cedarsoft.monorepo/.gradle/caches/modules-2/files-2.1/org.easymock/easymock/4.3/b0dbe2df1a71b8115835561f46a8f06cb168a94f/easymock-4.3.jar, /builds/cedarsoft/com.cedarsoft.monorepo/.gradle/caches/modules-2/files-2.1/org.assertj/assertj-core/3.19.0/f64cb5690b85e68d5e1e6c6152bfb6e3840a452d/assertj-core-3.19.0.jar, /builds/cedarsoft/com.cedarsoft.monorepo/.gradle/caches/modules-2/files-2.1/org.easytesting/fest-reflect/1.4.1/2b92d5275e92a49e16c7ce6bd7e46b9080db0530/fest-reflect-1.4.1.jar, /builds/cedarsoft/com.cedarsoft.monorepo/.gradle/caches/modules-2/files-2.1/xmlunit/xmlunit/1.6/adcae0aff916681dacd2b490e193f1119cd964a9/xmlunit-1.6.jar, /builds/cedarsoft/com.cedarsoft.monorepo/.gradle/caches/modules-2/files-2.1/org.hamcrest/hamcrest/2.1/9420ba32c29217b54eebd26ff7f9234d31c3fbb2/hamcrest-2.1.jar, /builds/cedarsoft/com.cedarsoft.monorepo/.gradle/caches/modules-2/files-2.1/ch.qos.logback/logback-core/1.2.3/864344400c3d4d92dfeb0a305dc87d953677c03c/logback-core-1.2.3.jar, /builds/cedarsoft/com.cedarsoft.monorepo/.gradle/caches/modules-2/files-2.1/io.dropwizard.metrics/metrics-jvm/4.1.14/fd192172c81a0225137525596d82ad99f6435f8c/metrics-jvm-4.1.14.jar, /builds/cedarsoft/com.cedarsoft.monorepo/.gradle/caches/modules-2/files-2.1/io.dropwizard.metrics/metrics-core/4.1.14/14cf9dd67619a0390812dddb232df339e3383d35/metrics-core-4.1.14.jar, /builds/cedarsoft/com.cedarsoft.monorepo/.gradle/caches/modules-2/files-2.1/org.slf4j/slf4j-api/1.7.30/b5a4b6d16ab13e34a88fae84c35cd5d68cac922c/slf4j-api-1.7.30.jar, /builds/cedarsoft/com.cedarsoft.monorepo/.gradle/caches/modules-2/files-2.1/org.eclipse.jetty.http2/http2-http-client-transport/9.4.31.v20200723/6b12bda474f3033d2213af1e7dc49a08f9922852/http2-http-client-transport-9.4.31.v20200723.jar, /builds/cedarsoft/com.cedarsoft.monorepo/.gradle/caches/modules-2/files-2.1/org.eclipse.jetty.http2/http2-client/9.4.31.v20200723/941313dcc9846ef76523e1947083206a103ca763/http2-client-9.4.31.v20200723.jar, /builds/cedarsoft/com.cedarsoft.monorepo/.gradle/caches/modules-2/files-2.1/org.eclipse.jetty/jetty-client/9.4.31.v20200723/a4d779d1dcd7fa948d1175ebf3e20a0b0caacdc/jetty-client-9.4.31.v20200723.jar, /builds/cedarsoft/com.cedarsoft.monorepo/.gradle/caches/modules-2/files-2.1/org.junit.jupiter/junit-jupiter-params/5.7.1/6f81b3c053433a8a40a378d2b4f056c5c31e50ff/junit-jupiter-params-5.7.1.jar, /builds/cedarsoft/com.cedarsoft.monorepo/.gradle/caches/modules-2/files-2.1/org.junit.jupiter/junit-jupiter-engine/5.7.1/7fcfa59c5533abb41f86b1408960737eeaf1f49f/junit-jupiter-engine-5.7.1.jar, /builds/cedarsoft/com.cedarsoft.monorepo/.gradle/caches/modules-2/files-2.1/org.junit.jupiter/junit-jupiter-api/5.7.1/a7261dff44e64aea7f621842eac5977fd6d2412d/junit-jupiter-api-5.7.1.jar, /builds/cedarsoft/com.cedarsoft.monorepo/.gradle/caches/modules-2/files-2.1/org.junit.platform/junit-platform-engine/1.7.1/d276a968c57f5d60a421dedd1f8b6ca2fae09e86/junit-platform-engine-1.7.1.jar, /builds/cedarsoft/com.cedarsoft.monorepo/.gradle/caches/modules-2/files-2.1/org.junit.platform/junit-platform-commons/1.7.1/7c49f0074842d07f4335de2389d624a7437d1407/junit-platform-commons-1.7.1.jar, /builds/cedarsoft/com.cedarsoft.monorepo/.gradle/caches/modules-2/files-2.1/org.junit.vintage/junit-vintage-engine/5.7.1/8184800e1a38965b3fb62a104458678835311e94/junit-vintage-engine-5.7.1.jar, /builds/cedarsoft/com.cedarsoft.monorepo/.gradle/caches/modules-2/files-2.1/junit/junit/4.13.2/8ac9e16d933b6fb43bc7f576336b8f4d7eb5ba12/junit-4.13.2.jar, /builds/cedarsoft/com.cedarsoft.monorepo/.gradle/caches/modules-2/files-2.1/org.jetbrains.kotlin/kotlin-test-annotations-common/1.4.32/f242cb223feb6d44e79588c26ca66bf57b0bc3a8/kotlin-test-annotations-common-1.4.32.jar, /builds/cedarsoft/com.cedarsoft.monorepo/.gradle/caches/modules-2/files-2.1/org.jetbrains.kotlin/kotlin-test-common/1.4.32/a10168dd408319a4af03763ad11f12e0fc1fc5ba/kotlin-test-common-1.4.32.jar, /builds/cedarsoft/com.cedarsoft.monorepo/.gradle/caches/modules-2/files-2.1/org.jetbrains.kotlin/kotlin-stdlib-common/1.4.32/ef50bfa2c0491a11dcc35d9822edbfd6170e1ea2/kotlin-stdlib-common-1.4.32.jar, /builds/cedarsoft/com.cedarsoft.monorepo/.gradle/caches/modules-2/files-2.1/com.typesafe/config/1.3.1/2cf7a6cc79732e3bdf1647d7404279900ca63eb0/config-1.3.1.jar, /builds/cedarsoft/com.cedarsoft.monorepo/.gradle/caches/modules-2/files-2.1/io.netty/netty-codec-http2/4.1.54.Final/327a4ae62b0a41cdf02f610f06eb353f10c17ef8/netty-codec-http2-4.1.54.Final.jar, /builds/cedarsoft/com.cedarsoft.monorepo/.gradle/caches/modules-2/files-2.1/org.eclipse.jetty.alpn/alpn-api/1.1.3.v20160715/a1bf3a937f91b4c953acd13e8c9552347adc2198/alpn-api-1.1.3.v20160715.jar, /builds/cedarsoft/com.cedarsoft.monorepo/.gradle/caches/modules-2/files-2.1/io.netty/netty-transport-native-kqueue/4.1.54.Final/941f2f438f7d1e6d2ba39141fa3a4d30cda5f223/netty-transport-native-kqueue-4.1.54.Final.jar, /builds/cedarsoft/com.cedarsoft.monorepo/.gradle/caches/modules-2/files-2.1/io.netty/netty-transport-native-epoll/4.1.54.Final/59f7241f86236bd5b5ed5dd1f4b6f2cdae56b978/netty-transport-native-epoll-4.1.54.Final.jar, /builds/cedarsoft/com.cedarsoft.monorepo/.gradle/caches/modules-2/files-2.1/com.googlecode.json-simple/json-simple/1.1.1/c9ad4a0850ab676c5c64461a05ca524cdfff59f1/json-simple-1.1.1.jar, /builds/cedarsoft/com.cedarsoft.monorepo/internal/dependencies-sets/annotations/build/libs/annotations-8.9.5-SNAPSHOT.jar, /builds/cedarsoft/com.cedarsoft.monorepo/internal/open/annotations/annotations/build/libs/annotations-8.9.5-SNAPSHOT.jar, /builds/cedarsoft/com.cedarsoft.monorepo/.gradle/caches/modules-2/files-2.1/org.opentest4j/opentest4j/1.2.0/28c11eb91f9b6d8e200631d46e20a7f407f2a046/opentest4j-1.2.0.jar, /builds/cedarsoft/com.cedarsoft.monorepo/.gradle/caches/modules-2/files-2.1/stax/stax-api/1.0.1/49c100caf72d658aca8e58bd74a4ba90fa2b0d70/stax-api-1.0.1.jar, /builds/cedarsoft/com.cedarsoft.monorepo/.gradle/caches/modules-2/files-2.1/org.codehaus.woodstox/stax2-api/3.1.4/ac19014b1e6a7c08aad07fe114af792676b685b7/stax2-api-3.1.4.jar, /builds/cedarsoft/com.cedarsoft.monorepo/.gradle/caches/modules-2/files-2.1/javax.xml.stream/stax-api/1.0-2/d6337b0de8b25e53e81b922352fbea9f9f57ba0b/stax-api-1.0-2.jar, /builds/cedarsoft/com.cedarsoft.monorepo/.gradle/caches/modules-2/files-2.1/net.bytebuddy/byte-buddy/1.10.20/c5d2d12c75c5d52f8df33f4211e6dbd05a42b117/byte-buddy-1.10.20.jar, /builds/cedarsoft/com.cedarsoft.monorepo/.gradle/caches/modules-2/files-2.1/net.bytebuddy/byte-buddy-agent/1.10.20/8391bfea9da53fd92edd4a453571ef70b3aae09f/byte-buddy-agent-1.10.20.jar, /builds/cedarsoft/com.cedarsoft.monorepo/.gradle/caches/modules-2/files-2.1/org.objenesis/objenesis/3.2/7fadf57620c8b8abdf7519533e5527367cb51f09/objenesis-3.2.jar, /builds/cedarsoft/com.cedarsoft.monorepo/.gradle/caches/modules-2/files-2.1/org.easytesting/fest-util/1.2.4/a86b8e01eb7ecfd820df4f22c734a825a0085574/fest-util-1.2.4.jar, /builds/cedarsoft/com.cedarsoft.monorepo/.gradle/caches/modules-2/files-2.1/org.jetbrains/annotations/13.0/919f0dfe192fb4e063e7dacadee7f8bb9a2672a9/annotations-13.0.jar, /builds/cedarsoft/com.cedarsoft.monorepo/.gradle/caches/modules-2/files-2.1/org.eclipse.jetty.http2/http2-common/9.4.31.v20200723/dd6fc64e41103afca8f9c1c1465ec24541e5681c/http2-common-9.4.31.v20200723.jar, /builds/cedarsoft/com.cedarsoft.monorepo/.gradle/caches/modules-2/files-2.1/org.eclipse.jetty/jetty-alpn-openjdk8-client/9.4.31.v20200723/5c4c0f19a0a1c8a760c298049be7412f7e901bce/jetty-alpn-openjdk8-client-9.4.31.v20200723.jar, /builds/cedarsoft/com.cedarsoft.monorepo/.gradle/caches/modules-2/files-2.1/org.eclipse.jetty/jetty-alpn-java-client/9.4.31.v20200723/f863d49267102c624812efd1ec7f43d6e8c1c30b/jetty-alpn-java-client-9.4.31.v20200723.jar, /builds/cedarsoft/com.cedarsoft.monorepo/.gradle/caches/modules-2/files-2.1/org.eclipse.jetty/jetty-alpn-client/9.4.31.v20200723/32a4ae2f1eb4d40c9411e092089b867d29e09e9c/jetty-alpn-client-9.4.31.v20200723.jar, /builds/cedarsoft/com.cedarsoft.monorepo/.gradle/caches/modules-2/files-2.1/org.eclipse.jetty.http2/http2-hpack/9.4.31.v20200723/836f1a761bf5942494b3c41c9470ea1cd39c8420/http2-hpack-9.4.31.v20200723.jar, /builds/cedarsoft/com.cedarsoft.monorepo/.gradle/caches/modules-2/files-2.1/org.eclipse.jetty/jetty-http/9.4.31.v20200723/6862f0e6fc7e9f8828416a7cae1477b233d92f8/jetty-http-9.4.31.v20200723.jar, /builds/cedarsoft/com.cedarsoft.monorepo/.gradle/caches/modules-2/files-2.1/org.eclipse.jetty/jetty-io/9.4.31.v20200723/328e4562e0f30e01efea63efe4fc24b2b860d852/jetty-io-9.4.31.v20200723.jar, /builds/cedarsoft/com.cedarsoft.monorepo/.gradle/caches/modules-2/files-2.1/net.java.dev.jna/jna-platform/5.5.0/af38e7c4d0fc73c23ecd785443705bfdee5b90bf/jna-platform-5.5.0.jar, /builds/cedarsoft/com.cedarsoft.monorepo/.gradle/caches/modules-2/files-2.1/net.java.dev.jna/jna/5.5.0/e0845217c4907822403912ad6828d8e0b256208/jna-5.5.0.jar, /builds/cedarsoft/com.cedarsoft.monorepo/.gradle/caches/modules-2/files-2.1/io.netty/netty-codec-http/4.1.54.Final/70eb9509289d1cee549cf12bae71929d1a4a12c7/netty-codec-http-4.1.54.Final.jar, /builds/cedarsoft/com.cedarsoft.monorepo/.gradle/caches/modules-2/files-2.1/io.netty/netty-handler/4.1.54.Final/e83dfe8ebe3622d2cd5cce8532a9ca49cad51e9/netty-handler-4.1.54.Final.jar, /builds/cedarsoft/com.cedarsoft.monorepo/.gradle/caches/modules-2/files-2.1/io.netty/netty-codec/4.1.54.Final/295680345b12a86c21fa7af5d9a77e0e0fcff46a/netty-codec-4.1.54.Final.jar, /builds/cedarsoft/com.cedarsoft.monorepo/.gradle/caches/modules-2/files-2.1/io.netty/netty-transport-native-unix-common/4.1.54.Final/ac7d48202cf62c8d51abe89f228d338a41cb49cd/netty-transport-native-unix-common-4.1.54.Final.jar, /builds/cedarsoft/com.cedarsoft.monorepo/.gradle/caches/modules-2/files-2.1/io.netty/netty-transport/4.1.54.Final/ddb9a255819b87b8812932d1d1001f4d9dc7f89e/netty-transport-4.1.54.Final.jar, /builds/cedarsoft/com.cedarsoft.monorepo/.gradle/caches/modules-2/files-2.1/io.netty/netty-buffer/4.1.54.Final/15c513ef8a2e56e88d3736752ea10eae758f47d8/netty-buffer-4.1.54.Final.jar, /builds/cedarsoft/com.cedarsoft.monorepo/.gradle/caches/modules-2/files-2.1/io.netty/netty-resolver/4.1.54.Final/7eed781e7531b990f8360e1a5010b53ca73878f5/netty-resolver-4.1.54.Final.jar, /builds/cedarsoft/com.cedarsoft.monorepo/.gradle/caches/modules-2/files-2.1/io.netty/netty-common/4.1.54.Final/8c330383cda87204ab38e7401ab0f56c0d43b799/netty-common-4.1.54.Final.jar, /builds/cedarsoft/com.cedarsoft.monorepo/.gradle/caches/modules-2/files-2.1/org.hamcrest/hamcrest-core/1.3/42a25dc3219429f0e5d060061f71acb49bf010a0/hamcrest-core-1.3.jar, /builds/cedarsoft/com.cedarsoft.monorepo/.gradle/caches/modules-2/files-2.1/org.apiguardian/apiguardian-api/1.1.0/fc9dff4bb36d627bdc553de77e1f17efd790876c/apiguardian-api-1.1.0.jar, /builds/cedarsoft/com.cedarsoft.monorepo/.gradle/caches/modules-2/files-2.1/org.eclipse.jetty/jetty-util/9.4.31.v20200723/b9c346da72d8715bdfb0373a123374ec6ac9e544/jetty-util-9.4.31.v20200723.jar]
02:06:20.639 [Test worker] DEBUG ktor.test - Watching /builds/cedarsoft/com.cedarsoft.monorepo/internal/open/commons/ktor-server/build/classes/kotlin/main for changes.
02:06:20.640 [Test worker] DEBUG ktor.test - Watching /builds/cedarsoft/com.cedarsoft.monorepo/internal/open/commons/ktor-server/build/classes/kotlin/test/com/cedarsoft/commons/ktor for changes.
02:06:20.642 [Test worker] DEBUG ktor.test - Watching /builds/cedarsoft/com.cedarsoft.monorepo/internal/open/commons/ktor-server/build/classes/kotlin/main/com/cedarsoft/commons for changes.
02:06:20.643 [Test worker] DEBUG ktor.test - Watching /builds/cedarsoft/com.cedarsoft.monorepo/internal/open/commons/ktor-server/build/classes/kotlin/test/com/cedarsoft for changes.
02:06:20.643 [Test worker] DEBUG ktor.test - Watching /builds/cedarsoft/com.cedarsoft.monorepo/internal/open/commons/ktor-server/build/classes/kotlin/test/META-INF for changes.
02:06:20.644 [Test worker] DEBUG ktor.test - Watching /builds/cedarsoft/com.cedarsoft.monorepo/internal/open/commons/ktor-server/build/classes/kotlin/test/com/cedarsoft/commons for changes.
02:06:20.644 [Test worker] DEBUG ktor.test - Watching /builds/cedarsoft/com.cedarsoft.monorepo/internal/open/commons/ktor-server/build/classes/kotlin/main/com/cedarsoft/commons/ktor for changes.
02:06:20.645 [Test worker] DEBUG ktor.test - Watching /builds/cedarsoft/com.cedarsoft.monorepo/internal/open/commons/ktor-server/build/classes/kotlin/main/com for changes.
02:06:20.646 [Test worker] DEBUG ktor.test - Watching /builds/cedarsoft/com.cedarsoft.monorepo/internal/open/commons/ktor-server/build/classes/kotlin/test/com for changes.
02:06:20.646 [Test worker] DEBUG ktor.test - Watching /builds/cedarsoft/com.cedarsoft.monorepo/internal/open/commons/ktor-server/build/classes/kotlin/main/com/cedarsoft for changes.
02:06:20.648 [Test worker] DEBUG ktor.test - Watching /builds/cedarsoft/com.cedarsoft.monorepo/internal/open/commons/ktor-server/build/classes/kotlin/main/META-INF for changes.
02:06:20.648 [Test worker] DEBUG ktor.test - Watching /builds/cedarsoft/com.cedarsoft.monorepo/internal/open/commons/ktor-server/build/classes/kotlin/test for changes.
02:06:22.945 [Test worker] DEBUG ktor.test - Java Home: /opt/java/jdk1.8.0_271
02:06:22.950 [Test worker] DEBUG ktor.test - Class Loader: sun.misc.Launcher$AppClassLoader@73d16e93: [/builds/cedarsoft/com.cedarsoft.monorepo/.gradle/caches/7.0/workerMain/gradle-worker.jar, /builds/cedarsoft/com.cedarsoft.monorepo/internal/open/commons/ktor-server/build/tmp/expandedArchives/org.jacoco.agent-0.8.6.jar_a26f6511a7813217be4cd6439d66563b/jacocoagent.jar, /builds/cedarsoft/com.cedarsoft.monorepo/internal/open/commons/ktor-server/build/classes/java/test, /builds/cedarsoft/com.cedarsoft.monorepo/internal/open/commons/ktor-server/build/classes/kotlin/test/, /builds/cedarsoft/com.cedarsoft.monorepo/internal/open/commons/ktor-server/build/resources/test, /builds/cedarsoft/com.cedarsoft.monorepo/internal/open/commons/ktor-server/build/classes/java/main, /builds/cedarsoft/com.cedarsoft.monorepo/internal/open/commons/ktor-server/build/classes/kotlin/main/, /builds/cedarsoft/com.cedarsoft.monorepo/internal/open/commons/ktor-server/build/resources/main, /builds/cedarsoft/com.cedarsoft.monorepo/internal/dependencies-sets/ktor/build/libs/ktor-8.9.5-SNAPSHOT.jar, /builds/cedarsoft/com.cedarsoft.monorepo/internal/open/commons/kotlinx-serializers/build/libs/kotlinx-serializers-8.9.5-SNAPSHOT.jar, /builds/cedarsoft/com.cedarsoft.monorepo/internal/open/commons/concurrent/build/libs/concurrent-8.9.5-SNAPSHOT.jar, /builds/cedarsoft/com.cedarsoft.monorepo/internal/open/commons/guava/build/libs/guava-8.9.5-SNAPSHOT.jar, /builds/cedarsoft/com.cedarsoft.monorepo/internal/open/commons/test-utils/build/libs/test-utils-8.9.5-SNAPSHOT.jar, /builds/cedarsoft/com.cedarsoft.monorepo/internal/open/commons/commons/build/libs/commons-8.9.5-SNAPSHOT.jar, /builds/cedarsoft/com.cedarsoft.monorepo/internal/dependencies-sets/kotlin-test/build/libs/kotlin-test-8.9.5-SNAPSHOT.jar, /builds/cedarsoft/com.cedarsoft.monorepo/internal/dependencies-sets/test-basics/build/libs/test-basics-8.9.5-SNAPSHOT.jar, /builds/cedarsoft/com.cedarsoft.monorepo/internal/open/commons/crypt/build/libs/crypt-8.9.5-SNAPSHOT.jar, /builds/cedarsoft/com.cedarsoft.monorepo/internal/open/commons/xml-commons/build/libs/xml-commons-8.9.5-SNAPSHOT.jar, /builds/cedarsoft/com.cedarsoft.monorepo/.gradle/caches/modules-2/files-2.1/com.google.guava/guava/30.1.1-jre/87e0fd1df874ea3cbe577702fe6f17068b790fd8/guava-30.1.1-jre.jar, /builds/cedarsoft/com.cedarsoft.monorepo/.gradle/caches/modules-2/files-2.1/io.ktor/ktor-server-test-host/1.5.3/b82005dd38aa8db4255739870dc42f6c01dae056/ktor-server-test-host-jvm-1.5.3.jar, /builds/cedarsoft/com.cedarsoft.monorepo/.gradle/caches/modules-2/files-2.1/io.ktor/ktor-websockets/1.5.3/5ed6792635da0b358dbd490aef6f9819bc8b0182/ktor-websockets-jvm-1.5.3.jar, /builds/cedarsoft/com.cedarsoft.monorepo/.gradle/caches/modules-2/files-2.1/io.ktor/ktor-jackson/1.5.3/570aad27e904dff64488ae8856513eb73ec6b79e/ktor-jackson-jvm-1.5.3.jar, /builds/cedarsoft/com.cedarsoft.monorepo/.gradle/caches/modules-2/files-2.1/io.ktor/ktor-locations/1.5.3/8dfb5e7a12740b3c0e7df41c131a91a8921f9b00/ktor-locations-jvm-1.5.3.jar, /builds/cedarsoft/com.cedarsoft.monorepo/.gradle/caches/modules-2/files-2.1/io.ktor/ktor-metrics/1.5.3/f21e81243e711fcacdf1ea1de9ca024ebb3fd650/ktor-metrics-jvm-1.5.3.jar, /builds/cedarsoft/com.cedarsoft.monorepo/.gradle/caches/modules-2/files-2.1/io.ktor/ktor-auth/1.5.3/5b148e1bc55844564ddc54391a52d122b8ce5f21/ktor-auth-jvm-1.5.3.jar, /builds/cedarsoft/com.cedarsoft.monorepo/.gradle/caches/modules-2/files-2.1/io.ktor/ktor-server-netty/1.5.3/c0cc5f7c65f2aecd98d7d9cec78d4650e7fd7a65/ktor-server-netty-jvm-1.5.3.jar, /builds/cedarsoft/com.cedarsoft.monorepo/.gradle/caches/modules-2/files-2.1/io.ktor/ktor-server-host-common/1.5.3/abb76562c666262cfb28788783b3203fb2592e24/ktor-server-host-common-jvm-1.5.3.jar, /builds/cedarsoft/com.cedarsoft.monorepo/.gradle/caches/modules-2/files-2.1/io.ktor/ktor-server-core/1.5.3/57b40229736eb08d505c23e37374aa932694d6f6/ktor-server-core-jvm-1.5.3.jar, /builds/cedarsoft/com.cedarsoft.monorepo/.gradle/caches/modules-2/files-2.1/io.strikt/strikt-core/0.31.0/a628941220f0e2992fe1cf48d5fcf405fd494d57/strikt-core-0.31.0.jar, /builds/cedarsoft/com.cedarsoft.monorepo/.gradle/caches/modules-2/files-2.1/io.ktor/ktor-network-tls-certificates/1.5.3/7531af95820416d3ba2884444e9f255433dc4d1f/ktor-network-tls-certificates-jvm-1.5.3.jar, /builds/cedarsoft/com.cedarsoft.monorepo/.gradle/caches/modules-2/files-2.1/org.jetbrains.kotlinx/kotlinx-coroutines-jdk8/1.4.3/ac0ac5c6ff626e1907b3a7d4d32197e8d65e08c5/kotlinx-coroutines-jdk8-1.4.3.jar, /builds/cedarsoft/com.cedarsoft.monorepo/internal/open/commons/kotlin-lang/build/libs/kotlin-lang-jvm-8.9.5-SNAPSHOT.jar, /builds/cedarsoft/com.cedarsoft.monorepo/internal/open/unit/unit/build/libs/unit-jvm-8.9.5-SNAPSHOT.jar, /builds/cedarsoft/com.cedarsoft.monorepo/internal/open/commons/exceptions/build/libs/exceptions-8.9.5-SNAPSHOT.jar, /builds/cedarsoft/com.cedarsoft.monorepo/.gradle/caches/modules-2/files-2.1/com.christophsturm/filepeek/0.1.3/ab83f7b06cf17ceda436cec34d9c0a84cc1f2669/filepeek-0.1.3.jar, /builds/cedarsoft/com.cedarsoft.monorepo/.gradle/caches/modules-2/files-2.1/com.willowtreeapps.assertk/assertk-jvm/0.23.1/af9df108b72f37d3771eba1ee51e93c72b176031/assertk-jvm-0.23.1.jar, /builds/cedarsoft/com.cedarsoft.monorepo/.gradle/caches/modules-2/files-2.1/org.jetbrains.kotlin/kotlin-stdlib-jdk8/1.4.32/3302f9ec8a5c1ed220781dbd37770072549bd333/kotlin-stdlib-jdk8-1.4.32.jar, /builds/cedarsoft/com.cedarsoft.monorepo/.gradle/caches/modules-2/files-2.1/org.awaitility/awaitility/4.0.3/144a5f4c85c5113e1f63139b5bdee6336511ee88/awaitility-4.0.3.jar, /builds/cedarsoft/com.cedarsoft.monorepo/.gradle/caches/modules-2/files-2.1/ch.qos.logback/logback-classic/1.2.3/7c4f3c474fb2c041d8028740440937705ebb473a/logback-classic-1.2.3.jar, /builds/cedarsoft/com.cedarsoft.monorepo/internal/dependencies-sets/kotlin/build/libs/kotlin-8.9.5-SNAPSHOT.jar, /builds/cedarsoft/com.cedarsoft.monorepo/.gradle/caches/modules-2/files-2.1/com.google.guava/failureaccess/1.0.1/1dcf1de382a0bf95a3d8b0849546c88bac1292c9/failureaccess-1.0.1.jar, /builds/cedarsoft/com.cedarsoft.monorepo/.gradle/caches/modules-2/files-2.1/com.google.guava/listenablefuture/9999.0-empty-to-avoid-conflict-with-guava/b421526c5f297295adef1c886e5246c39d4ac629/listenablefuture-9999.0-empty-to-avoid-conflict-with-guava.jar, /builds/cedarsoft/com.cedarsoft.monorepo/.gradle/caches/modules-2/files-2.1/com.google.code.findbugs/jsr305/3.0.2/25ea2e8b0c338a877313bd4672d3fe056ea78f0d/jsr305-3.0.2.jar, /builds/cedarsoft/com.cedarsoft.monorepo/.gradle/caches/modules-2/files-2.1/org.checkerframework/checker-qual/3.8.0/6b83e4a33220272c3a08991498ba9dc09519f190/checker-qual-3.8.0.jar, /builds/cedarsoft/com.cedarsoft.monorepo/.gradle/caches/modules-2/files-2.1/com.google.errorprone/error_prone_annotations/2.5.1/562d366678b89ce5d6b6b82c1a073880341e3fba/error_prone_annotations-2.5.1.jar, /builds/cedarsoft/com.cedarsoft.monorepo/.gradle/caches/modules-2/files-2.1/com.google.j2objc/j2objc-annotations/1.3/ba035118bc8bac37d7eff77700720999acd9986d/j2objc-annotations-1.3.jar, /builds/cedarsoft/com.cedarsoft.monorepo/.gradle/caches/modules-2/files-2.1/io.ktor/ktor-client-cio-jvm/1.5.3/8b4867b0fdf8258f57e2b46524bad17f29a04531/ktor-client-cio-jvm-1.5.3.jar, /builds/cedarsoft/com.cedarsoft.monorepo/.gradle/caches/modules-2/files-2.1/io.ktor/ktor-network-tls-jvm/1.5.3/106b586b539f187cfe555fb2868d989fcf1a622d/ktor-network-tls-jvm-1.5.3.jar, /builds/cedarsoft/com.cedarsoft.monorepo/.gradle/caches/modules-2/files-2.1/io.ktor/ktor-client-jetty/1.5.3/2040c0a7c707075cc53bc8e7f66b8ec4f19eeb79/ktor-client-jetty-jvm-1.5.3.jar, /builds/cedarsoft/com.cedarsoft.monorepo/.gradle/caches/modules-2/files-2.1/io.ktor/ktor-client-core-jvm/1.5.3/49e763e2160be29be031e2c1fb888c5ce5bd65d6/ktor-client-core-jvm-1.5.3.jar, /builds/cedarsoft/com.cedarsoft.monorepo/.gradle/caches/modules-2/files-2.1/io.ktor/ktor-http-cio-jvm/1.5.3/57deb2da2962c89baf7dceb17a7383d970a50281/ktor-http-cio-jvm-1.5.3.jar, /builds/cedarsoft/com.cedarsoft.monorepo/.gradle/caches/modules-2/files-2.1/io.ktor/ktor-http-jvm/1.5.3/f2a0fe59aa872db562746880f27b493f7bff4fa7/ktor-http-jvm-1.5.3.jar, /builds/cedarsoft/com.cedarsoft.monorepo/.gradle/caches/modules-2/files-2.1/io.ktor/ktor-network-jvm/1.5.3/84baa7cc3b370e47a69de83d7b33f02972614a2a/ktor-network-jvm-1.5.3.jar, /builds/cedarsoft/com.cedarsoft.monorepo/.gradle/caches/modules-2/files-2.1/io.ktor/ktor-utils-jvm/1.5.3/dbdd7b90a445e1c7ae248b6549c221dbf8d27651/ktor-utils-jvm-1.5.3.jar, /builds/cedarsoft/com.cedarsoft.monorepo/.gradle/caches/modules-2/files-2.1/io.ktor/ktor-io-jvm/1.5.3/12830f733943a59807770799c0394624749ba649/ktor-io-jvm-1.5.3.jar, /builds/cedarsoft/com.cedarsoft.monorepo/.gradle/caches/modules-2/files-2.1/org.jetbrains.kotlinx/kotlinx-serialization-json-jvm/1.1.0/86c26030512eb057e02c9bfcfdfd9e2fbb82201/kotlinx-serialization-json-jvm-1.1.0.jar, /builds/cedarsoft/com.cedarsoft.monorepo/.gradle/caches/modules-2/files-2.1/com.fasterxml.jackson.core/jackson-databind/2.12.3/d6153f8fc60c479ab0f9efb35c034526436a4953/jackson-databind-2.12.3.jar, /builds/cedarsoft/com.cedarsoft.monorepo/.gradle/caches/modules-2/files-2.1/com.fasterxml.jackson.core/jackson-annotations/2.12.3/7275513412694a1aafd08c0287f48469fa0e6e17/jackson-annotations-2.12.3.jar, /builds/cedarsoft/com.cedarsoft.monorepo/.gradle/caches/modules-2/files-2.1/com.fasterxml.jackson.core/jackson-core/2.12.3/deb23fe2a7f2b773e18ced2b50d4acc1df8fa366/jackson-core-2.12.3.jar, /builds/cedarsoft/com.cedarsoft.monorepo/.gradle/caches/modules-2/files-2.1/com.fasterxml.jackson.module/jackson-module-kotlin/2.12.3/c8da7d998ed2e9253e62fdf15d1112c54b3ce6db/jackson-module-kotlin-2.12.3.jar, /builds/cedarsoft/com.cedarsoft.monorepo/.gradle/caches/modules-2/files-2.1/org.jetbrains.kotlin/kotlin-reflect/1.4.32/ce852b166d97f0f1991b5130c2bb02e2ef6c554e/kotlin-reflect-1.4.32.jar, /builds/cedarsoft/com.cedarsoft.monorepo/.gradle/caches/modules-2/files-2.1/org.jetbrains.kotlin/kotlin-stdlib-jdk7/1.4.32/3546900a3ebff0c43f31190baf87a9220e37b7ea/kotlin-stdlib-jdk7-1.4.32.jar, /builds/cedarsoft/com.cedarsoft.monorepo/.gradle/caches/modules-2/files-2.1/org.jetbrains.kotlinx/kotlinx-serialization-protobuf-jvm/1.1.0/a2c675697ad328d1a5293660dd9e1112e7a7ef17/kotlinx-serialization-protobuf-jvm-1.1.0.jar, /builds/cedarsoft/com.cedarsoft.monorepo/.gradle/caches/modules-2/files-2.1/org.jetbrains.kotlinx/kotlinx-coroutines-core-jvm/1.4.3/1051e11eb789ed1df93412bebe0f06e9d29160e4/kotlinx-coroutines-core-jvm-1.4.3.jar, /builds/cedarsoft/com.cedarsoft.monorepo/.gradle/caches/modules-2/files-2.1/org.jetbrains.kotlin/kotlin-test-junit/1.4.32/98c6b4f870ed7e79fc540f0107cbb7884622a6a3/kotlin-test-junit-1.4.32.jar, /builds/cedarsoft/com.cedarsoft.monorepo/.gradle/caches/modules-2/files-2.1/org.jetbrains.kotlin/kotlin-test/1.4.32/b69ce2967e16fc561f60120f97af6398f1610ee1/kotlin-test-1.4.32.jar, /builds/cedarsoft/com.cedarsoft.monorepo/.gradle/caches/modules-2/files-2.1/org.jetbrains.kotlinx/kotlinx-serialization-core-jvm/1.1.0/6a6d0b8e8a44c48e206e435d279b1773832f4f1b/kotlinx-serialization-core-jvm-1.1.0.jar, /builds/cedarsoft/com.cedarsoft.monorepo/.gradle/caches/modules-2/files-2.1/org.jetbrains.kotlinx/kotlinx-coroutines-debug/1.4.3/412666194069f22820074ea3553e95c52f1d675b/kotlinx-coroutines-debug-1.4.3.jar, /builds/cedarsoft/com.cedarsoft.monorepo/.gradle/caches/modules-2/files-2.1/com.willowtreeapps.opentest4k/opentest4k-jvm/1.2.1/2cba238e7106b5ac682da81d2c038b6880510f37/opentest4k-jvm-1.2.1.jar, /builds/cedarsoft/com.cedarsoft.monorepo/.gradle/caches/modules-2/files-2.1/org.jetbrains.kotlin/kotlin-stdlib/1.4.32/461367948840adbb0839c51d91ed74ef4a9ccb52/kotlin-stdlib-1.4.32.jar, /builds/cedarsoft/com.cedarsoft.monorepo/.gradle/caches/modules-2/files-2.1/commons-codec/commons-codec/1.15/49d94806b6e3dc933dacbd8acb0fdbab8ebd1e5d/commons-codec-1.15.jar, /builds/cedarsoft/com.cedarsoft.monorepo/.gradle/caches/modules-2/files-2.1/commons-io/commons-io/2.8.0/92999e26e6534606b5678014e66948286298a35c/commons-io-2.8.0.jar, /builds/cedarsoft/com.cedarsoft.monorepo/.gradle/caches/modules-2/files-2.1/org.codehaus.staxmate/staxmate/2.0.1/b0b767fbc22683d7bf26a14ae1c5817561e21d00/staxmate-2.0.1.jar, /builds/cedarsoft/com.cedarsoft.monorepo/.gradle/caches/modules-2/files-2.1/org.codehaus.woodstox/woodstox-core-asl/4.4.1/84fee5eb1a4a1cefe65b6883c73b3fa83be3c1a1/woodstox-core-asl-4.4.1.jar, /builds/cedarsoft/com.cedarsoft.monorepo/.gradle/caches/modules-2/files-2.1/org.apache.commons/commons-lang3/3.12.0/c6842c86792ff03b9f1d1fe2aab8dc23aa6c6f0e/commons-lang3-3.12.0.jar, /builds/cedarsoft/com.cedarsoft.monorepo/.gradle/caches/modules-2/files-2.1/org.mockito/mockito-core/3.9.0/b7573430aea743b26434b44f4f46272af613e660/mockito-core-3.9.0.jar, /builds/cedarsoft/com.cedarsoft.monorepo/.gradle/caches/modules-2/files-2.1/org.easymock/easymockclassextension/3.2/9c922ad77729f27eb7872aa570287e239a8346da/easymockclassextension-3.2.jar, /builds/cedarsoft/com.cedarsoft.monorepo/.gradle/caches/modules-2/files-2.1/org.easymock/easymock/4.3/b0dbe2df1a71b8115835561f46a8f06cb168a94f/easymock-4.3.jar, /builds/cedarsoft/com.cedarsoft.monorepo/.gradle/caches/modules-2/files-2.1/org.assertj/assertj-core/3.19.0/f64cb5690b85e68d5e1e6c6152bfb6e3840a452d/assertj-core-3.19.0.jar, /builds/cedarsoft/com.cedarsoft.monorepo/.gradle/caches/modules-2/files-2.1/org.easytesting/fest-reflect/1.4.1/2b92d5275e92a49e16c7ce6bd7e46b9080db0530/fest-reflect-1.4.1.jar, /builds/cedarsoft/com.cedarsoft.monorepo/.gradle/caches/modules-2/files-2.1/xmlunit/xmlunit/1.6/adcae0aff916681dacd2b490e193f1119cd964a9/xmlunit-1.6.jar, /builds/cedarsoft/com.cedarsoft.monorepo/.gradle/caches/modules-2/files-2.1/org.hamcrest/hamcrest/2.1/9420ba32c29217b54eebd26ff7f9234d31c3fbb2/hamcrest-2.1.jar, /builds/cedarsoft/com.cedarsoft.monorepo/.gradle/caches/modules-2/files-2.1/ch.qos.logback/logback-core/1.2.3/864344400c3d4d92dfeb0a305dc87d953677c03c/logback-core-1.2.3.jar, /builds/cedarsoft/com.cedarsoft.monorepo/.gradle/caches/modules-2/files-2.1/io.dropwizard.metrics/metrics-jvm/4.1.14/fd192172c81a0225137525596d82ad99f6435f8c/metrics-jvm-4.1.14.jar, /builds/cedarsoft/com.cedarsoft.monorepo/.gradle/caches/modules-2/files-2.1/io.dropwizard.metrics/metrics-core/4.1.14/14cf9dd67619a0390812dddb232df339e3383d35/metrics-core-4.1.14.jar, /builds/cedarsoft/com.cedarsoft.monorepo/.gradle/caches/modules-2/files-2.1/org.slf4j/slf4j-api/1.7.30/b5a4b6d16ab13e34a88fae84c35cd5d68cac922c/slf4j-api-1.7.30.jar, /builds/cedarsoft/com.cedarsoft.monorepo/.gradle/caches/modules-2/files-2.1/org.eclipse.jetty.http2/http2-http-client-transport/9.4.31.v20200723/6b12bda474f3033d2213af1e7dc49a08f9922852/http2-http-client-transport-9.4.31.v20200723.jar, /builds/cedarsoft/com.cedarsoft.monorepo/.gradle/caches/modules-2/files-2.1/org.eclipse.jetty.http2/http2-client/9.4.31.v20200723/941313dcc9846ef76523e1947083206a103ca763/http2-client-9.4.31.v20200723.jar, /builds/cedarsoft/com.cedarsoft.monorepo/.gradle/caches/modules-2/files-2.1/org.eclipse.jetty/jetty-client/9.4.31.v20200723/a4d779d1dcd7fa948d1175ebf3e20a0b0caacdc/jetty-client-9.4.31.v20200723.jar, /builds/cedarsoft/com.cedarsoft.monorepo/.gradle/caches/modules-2/files-2.1/org.junit.jupiter/junit-jupiter-params/5.7.1/6f81b3c053433a8a40a378d2b4f056c5c31e50ff/junit-jupiter-params-5.7.1.jar, /builds/cedarsoft/com.cedarsoft.monorepo/.gradle/caches/modules-2/files-2.1/org.junit.jupiter/junit-jupiter-engine/5.7.1/7fcfa59c5533abb41f86b1408960737eeaf1f49f/junit-jupiter-engine-5.7.1.jar, /builds/cedarsoft/com.cedarsoft.monorepo/.gradle/caches/modules-2/files-2.1/org.junit.jupiter/junit-jupiter-api/5.7.1/a7261dff44e64aea7f621842eac5977fd6d2412d/junit-jupiter-api-5.7.1.jar, /builds/cedarsoft/com.cedarsoft.monorepo/.gradle/caches/modules-2/files-2.1/org.junit.platform/junit-platform-engine/1.7.1/d276a968c57f5d60a421dedd1f8b6ca2fae09e86/junit-platform-engine-1.7.1.jar, /builds/cedarsoft/com.cedarsoft.monorepo/.gradle/caches/modules-2/files-2.1/org.junit.platform/junit-platform-commons/1.7.1/7c49f0074842d07f4335de2389d624a7437d1407/junit-platform-commons-1.7.1.jar, /builds/cedarsoft/com.cedarsoft.monorepo/.gradle/caches/modules-2/files-2.1/org.junit.vintage/junit-vintage-engine/5.7.1/8184800e1a38965b3fb62a104458678835311e94/junit-vintage-engine-5.7.1.jar, /builds/cedarsoft/com.cedarsoft.monorepo/.gradle/caches/modules-2/files-2.1/junit/junit/4.13.2/8ac9e16d933b6fb43bc7f576336b8f4d7eb5ba12/junit-4.13.2.jar, /builds/cedarsoft/com.cedarsoft.monorepo/.gradle/caches/modules-2/files-2.1/org.jetbrains.kotlin/kotlin-test-annotations-common/1.4.32/f242cb223feb6d44e79588c26ca66bf57b0bc3a8/kotlin-test-annotations-common-1.4.32.jar, /builds/cedarsoft/com.cedarsoft.monorepo/.gradle/caches/modules-2/files-2.1/org.jetbrains.kotlin/kotlin-test-common/1.4.32/a10168dd408319a4af03763ad11f12e0fc1fc5ba/kotlin-test-common-1.4.32.jar, /builds/cedarsoft/com.cedarsoft.monorepo/.gradle/caches/modules-2/files-2.1/org.jetbrains.kotlin/kotlin-stdlib-common/1.4.32/ef50bfa2c0491a11dcc35d9822edbfd6170e1ea2/kotlin-stdlib-common-1.4.32.jar, /builds/cedarsoft/com.cedarsoft.monorepo/.gradle/caches/modules-2/files-2.1/com.typesafe/config/1.3.1/2cf7a6cc79732e3bdf1647d7404279900ca63eb0/config-1.3.1.jar, /builds/cedarsoft/com.cedarsoft.monorepo/.gradle/caches/modules-2/files-2.1/io.netty/netty-codec-http2/4.1.54.Final/327a4ae62b0a41cdf02f610f06eb353f10c17ef8/netty-codec-http2-4.1.54.Final.jar, /builds/cedarsoft/com.cedarsoft.monorepo/.gradle/caches/modules-2/files-2.1/org.eclipse.jetty.alpn/alpn-api/1.1.3.v20160715/a1bf3a937f91b4c953acd13e8c9552347adc2198/alpn-api-1.1.3.v20160715.jar, /builds/cedarsoft/com.cedarsoft.monorepo/.gradle/caches/modules-2/files-2.1/io.netty/netty-transport-native-kqueue/4.1.54.Final/941f2f438f7d1e6d2ba39141fa3a4d30cda5f223/netty-transport-native-kqueue-4.1.54.Final.jar, /builds/cedarsoft/com.cedarsoft.monorepo/.gradle/caches/modules-2/files-2.1/io.netty/netty-transport-native-epoll/4.1.54.Final/59f7241f86236bd5b5ed5dd1f4b6f2cdae56b978/netty-transport-native-epoll-4.1.54.Final.jar, /builds/cedarsoft/com.cedarsoft.monorepo/.gradle/caches/modules-2/files-2.1/com.googlecode.json-simple/json-simple/1.1.1/c9ad4a0850ab676c5c64461a05ca524cdfff59f1/json-simple-1.1.1.jar, /builds/cedarsoft/com.cedarsoft.monorepo/internal/dependencies-sets/annotations/build/libs/annotations-8.9.5-SNAPSHOT.jar, /builds/cedarsoft/com.cedarsoft.monorepo/internal/open/annotations/annotations/build/libs/annotations-8.9.5-SNAPSHOT.jar, /builds/cedarsoft/com.cedarsoft.monorepo/.gradle/caches/modules-2/files-2.1/org.opentest4j/opentest4j/1.2.0/28c11eb91f9b6d8e200631d46e20a7f407f2a046/opentest4j-1.2.0.jar, /builds/cedarsoft/com.cedarsoft.monorepo/.gradle/caches/modules-2/files-2.1/stax/stax-api/1.0.1/49c100caf72d658aca8e58bd74a4ba90fa2b0d70/stax-api-1.0.1.jar, /builds/cedarsoft/com.cedarsoft.monorepo/.gradle/caches/modules-2/files-2.1/org.codehaus.woodstox/stax2-api/3.1.4/ac19014b1e6a7c08aad07fe114af792676b685b7/stax2-api-3.1.4.jar, /builds/cedarsoft/com.cedarsoft.monorepo/.gradle/caches/modules-2/files-2.1/javax.xml.stream/stax-api/1.0-2/d6337b0de8b25e53e81b922352fbea9f9f57ba0b/stax-api-1.0-2.jar, /builds/cedarsoft/com.cedarsoft.monorepo/.gradle/caches/modules-2/files-2.1/net.bytebuddy/byte-buddy/1.10.20/c5d2d12c75c5d52f8df33f4211e6dbd05a42b117/byte-buddy-1.10.20.jar, /builds/cedarsoft/com.cedarsoft.monorepo/.gradle/caches/modules-2/files-2.1/net.bytebuddy/byte-buddy-agent/1.10.20/8391bfea9da53fd92edd4a453571ef70b3aae09f/byte-buddy-agent-1.10.20.jar, /builds/cedarsoft/com.cedarsoft.monorepo/.gradle/caches/modules-2/files-2.1/org.objenesis/objenesis/3.2/7fadf57620c8b8abdf7519533e5527367cb51f09/objenesis-3.2.jar, /builds/cedarsoft/com.cedarsoft.monorepo/.gradle/caches/modules-2/files-2.1/org.easytesting/fest-util/1.2.4/a86b8e01eb7ecfd820df4f22c734a825a0085574/fest-util-1.2.4.jar, /builds/cedarsoft/com.cedarsoft.monorepo/.gradle/caches/modules-2/files-2.1/org.jetbrains/annotations/13.0/919f0dfe192fb4e063e7dacadee7f8bb9a2672a9/annotations-13.0.jar, /builds/cedarsoft/com.cedarsoft.monorepo/.gradle/caches/modules-2/files-2.1/org.eclipse.jetty.http2/http2-common/9.4.31.v20200723/dd6fc64e41103afca8f9c1c1465ec24541e5681c/http2-common-9.4.31.v20200723.jar, /builds/cedarsoft/com.cedarsoft.monorepo/.gradle/caches/modules-2/files-2.1/org.eclipse.jetty/jetty-alpn-openjdk8-client/9.4.31.v20200723/5c4c0f19a0a1c8a760c298049be7412f7e901bce/jetty-alpn-openjdk8-client-9.4.31.v20200723.jar, /builds/cedarsoft/com.cedarsoft.monorepo/.gradle/caches/modules-2/files-2.1/org.eclipse.jetty/jetty-alpn-java-client/9.4.31.v20200723/f863d49267102c624812efd1ec7f43d6e8c1c30b/jetty-alpn-java-client-9.4.31.v20200723.jar, /builds/cedarsoft/com.cedarsoft.monorepo/.gradle/caches/modules-2/files-2.1/org.eclipse.jetty/jetty-alpn-client/9.4.31.v20200723/32a4ae2f1eb4d40c9411e092089b867d29e09e9c/jetty-alpn-client-9.4.31.v20200723.jar, /builds/cedarsoft/com.cedarsoft.monorepo/.gradle/caches/modules-2/files-2.1/org.eclipse.jetty.http2/http2-hpack/9.4.31.v20200723/836f1a761bf5942494b3c41c9470ea1cd39c8420/http2-hpack-9.4.31.v20200723.jar, /builds/cedarsoft/com.cedarsoft.monorepo/.gradle/caches/modules-2/files-2.1/org.eclipse.jetty/jetty-http/9.4.31.v20200723/6862f0e6fc7e9f8828416a7cae1477b233d92f8/jetty-http-9.4.31.v20200723.jar, /builds/cedarsoft/com.cedarsoft.monorepo/.gradle/caches/modules-2/files-2.1/org.eclipse.jetty/jetty-io/9.4.31.v20200723/328e4562e0f30e01efea63efe4fc24b2b860d852/jetty-io-9.4.31.v20200723.jar, /builds/cedarsoft/com.cedarsoft.monorepo/.gradle/caches/modules-2/files-2.1/net.java.dev.jna/jna-platform/5.5.0/af38e7c4d0fc73c23ecd785443705bfdee5b90bf/jna-platform-5.5.0.jar, /builds/cedarsoft/com.cedarsoft.monorepo/.gradle/caches/modules-2/files-2.1/net.java.dev.jna/jna/5.5.0/e0845217c4907822403912ad6828d8e0b256208/jna-5.5.0.jar, /builds/cedarsoft/com.cedarsoft.monorepo/.gradle/caches/modules-2/files-2.1/io.netty/netty-codec-http/4.1.54.Final/70eb9509289d1cee549cf12bae71929d1a4a12c7/netty-codec-http-4.1.54.Final.jar, /builds/cedarsoft/com.cedarsoft.monorepo/.gradle/caches/modules-2/files-2.1/io.netty/netty-handler/4.1.54.Final/e83dfe8ebe3622d2cd5cce8532a9ca49cad51e9/netty-handler-4.1.54.Final.jar, /builds/cedarsoft/com.cedarsoft.monorepo/.gradle/caches/modules-2/files-2.1/io.netty/netty-codec/4.1.54.Final/295680345b12a86c21fa7af5d9a77e0e0fcff46a/netty-codec-4.1.54.Final.jar, /builds/cedarsoft/com.cedarsoft.monorepo/.gradle/caches/modules-2/files-2.1/io.netty/netty-transport-native-unix-common/4.1.54.Final/ac7d48202cf62c8d51abe89f228d338a41cb49cd/netty-transport-native-unix-common-4.1.54.Final.jar, /builds/cedarsoft/com.cedarsoft.monorepo/.gradle/caches/modules-2/files-2.1/io.netty/netty-transport/4.1.54.Final/ddb9a255819b87b8812932d1d1001f4d9dc7f89e/netty-transport-4.1.54.Final.jar, /builds/cedarsoft/com.cedarsoft.monorepo/.gradle/caches/modules-2/files-2.1/io.netty/netty-buffer/4.1.54.Final/15c513ef8a2e56e88d3736752ea10eae758f47d8/netty-buffer-4.1.54.Final.jar, /builds/cedarsoft/com.cedarsoft.monorepo/.gradle/caches/modules-2/files-2.1/io.netty/netty-resolver/4.1.54.Final/7eed781e7531b990f8360e1a5010b53ca73878f5/netty-resolver-4.1.54.Final.jar, /builds/cedarsoft/com.cedarsoft.monorepo/.gradle/caches/modules-2/files-2.1/io.netty/netty-common/4.1.54.Final/8c330383cda87204ab38e7401ab0f56c0d43b799/netty-common-4.1.54.Final.jar, /builds/cedarsoft/com.cedarsoft.monorepo/.gradle/caches/modules-2/files-2.1/org.hamcrest/hamcrest-core/1.3/42a25dc3219429f0e5d060061f71acb49bf010a0/hamcrest-core-1.3.jar, /builds/cedarsoft/com.cedarsoft.monorepo/.gradle/caches/modules-2/files-2.1/org.apiguardian/apiguardian-api/1.1.0/fc9dff4bb36d627bdc553de77e1f17efd790876c/apiguardian-api-1.1.0.jar, /builds/cedarsoft/com.cedarsoft.monorepo/.gradle/caches/modules-2/files-2.1/org.eclipse.jetty/jetty-util/9.4.31.v20200723/b9c346da72d8715bdfb0373a123374ec6ac9e544/jetty-util-9.4.31.v20200723.jar]
02:06:22.968 [Test worker] DEBUG ktor.test - Watching /builds/cedarsoft/com.cedarsoft.monorepo/internal/open/commons/ktor-server/build/classes/kotlin/main for changes.
02:06:22.968 [Test worker] DEBUG ktor.test - Watching /builds/cedarsoft/com.cedarsoft.monorepo/internal/open/commons/ktor-server/build/classes/kotlin/test/com/cedarsoft/commons/ktor for changes.
02:06:22.969 [Test worker] DEBUG ktor.test - Watching /builds/cedarsoft/com.cedarsoft.monorepo/internal/open/commons/ktor-server/build/classes/kotlin/main/com/cedarsoft/commons for changes.
02:06:22.969 [Test worker] DEBUG ktor.test - Watching /builds/cedarsoft/com.cedarsoft.monorepo/internal/open/commons/ktor-server/build/classes/kotlin/test/com/cedarsoft for changes.
02:06:22.970 [Test worker] DEBUG ktor.test - Watching /builds/cedarsoft/com.cedarsoft.monorepo/internal/open/commons/ktor-server/build/classes/kotlin/test/META-INF for changes.
02:06:22.970 [Test worker] DEBUG ktor.test - Watching /builds/cedarsoft/com.cedarsoft.monorepo/internal/open/commons/ktor-server/build/classes/kotlin/test/com/cedarsoft/commons for changes.
02:06:22.971 [Test worker] DEBUG ktor.test - Watching /builds/cedarsoft/com.cedarsoft.monorepo/internal/open/commons/ktor-server/build/classes/kotlin/main/com/cedarsoft/commons/ktor for changes.
02:06:22.971 [Test worker] DEBUG ktor.test - Watching /builds/cedarsoft/com.cedarsoft.monorepo/internal/open/commons/ktor-server/build/classes/kotlin/main/com for changes.
02:06:22.972 [Test worker] DEBUG ktor.test - Watching /builds/cedarsoft/com.cedarsoft.monorepo/internal/open/commons/ktor-server/build/classes/kotlin/test/com for changes.
02:06:22.972 [Test worker] DEBUG ktor.test - Watching /builds/cedarsoft/com.cedarsoft.monorepo/internal/open/commons/ktor-server/build/classes/kotlin/main/com/cedarsoft for changes.
02:06:22.972 [Test worker] DEBUG ktor.test - Watching /builds/cedarsoft/com.cedarsoft.monorepo/internal/open/commons/ktor-server/build/classes/kotlin/main/META-INF for changes.
02:06:22.983 [Test worker] DEBUG ktor.test - Watching /builds/cedarsoft/com.cedarsoft.monorepo/internal/open/commons/ktor-server/build/classes/kotlin/test for changes.
02:06:23.159 [Test worker] DEBUG ktor.test - Java Home: /opt/java/jdk1.8.0_271
02:06:23.194 [Test worker] DEBUG ktor.test - Class Loader: sun.misc.Launcher$AppClassLoader@73d16e93: [/builds/cedarsoft/com.cedarsoft.monorepo/.gradle/caches/7.0/workerMain/gradle-worker.jar, /builds/cedarsoft/com.cedarsoft.monorepo/internal/open/commons/ktor-server/build/tmp/expandedArchives/org.jacoco.agent-0.8.6.jar_a26f6511a7813217be4cd6439d66563b/jacocoagent.jar, /builds/cedarsoft/com.cedarsoft.monorepo/internal/open/commons/ktor-server/build/classes/java/test, /builds/cedarsoft/com.cedarsoft.monorepo/internal/open/commons/ktor-server/build/classes/kotlin/test/, /builds/cedarsoft/com.cedarsoft.monorepo/internal/open/commons/ktor-server/build/resources/test, /builds/cedarsoft/com.cedarsoft.monorepo/internal/open/commons/ktor-server/build/classes/java/main, /builds/cedarsoft/com.cedarsoft.monorepo/internal/open/commons/ktor-server/build/classes/kotlin/main/, /builds/cedarsoft/com.cedarsoft.monorepo/internal/open/commons/ktor-server/build/resources/main, /builds/cedarsoft/com.cedarsoft.monorepo/internal/dependencies-sets/ktor/build/libs/ktor-8.9.5-SNAPSHOT.jar, /builds/cedarsoft/com.cedarsoft.monorepo/internal/open/commons/kotlinx-serializers/build/libs/kotlinx-serializers-8.9.5-SNAPSHOT.jar, /builds/cedarsoft/com.cedarsoft.monorepo/internal/open/commons/concurrent/build/libs/concurrent-8.9.5-SNAPSHOT.jar, /builds/cedarsoft/com.cedarsoft.monorepo/internal/open/commons/guava/build/libs/guava-8.9.5-SNAPSHOT.jar, /builds/cedarsoft/com.cedarsoft.monorepo/internal/open/commons/test-utils/build/libs/test-utils-8.9.5-SNAPSHOT.jar, /builds/cedarsoft/com.cedarsoft.monorepo/internal/open/commons/commons/build/libs/commons-8.9.5-SNAPSHOT.jar, /builds/cedarsoft/com.cedarsoft.monorepo/internal/dependencies-sets/kotlin-test/build/libs/kotlin-test-8.9.5-SNAPSHOT.jar, /builds/cedarsoft/com.cedarsoft.monorepo/internal/dependencies-sets/test-basics/build/libs/test-basics-8.9.5-SNAPSHOT.jar, /builds/cedarsoft/com.cedarsoft.monorepo/internal/open/commons/crypt/build/libs/crypt-8.9.5-SNAPSHOT.jar, /builds/cedarsoft/com.cedarsoft.monorepo/internal/open/commons/xml-commons/build/libs/xml-commons-8.9.5-SNAPSHOT.jar, /builds/cedarsoft/com.cedarsoft.monorepo/.gradle/caches/modules-2/files-2.1/com.google.guava/guava/30.1.1-jre/87e0fd1df874ea3cbe577702fe6f17068b790fd8/guava-30.1.1-jre.jar, /builds/cedarsoft/com.cedarsoft.monorepo/.gradle/caches/modules-2/files-2.1/io.ktor/ktor-server-test-host/1.5.3/b82005dd38aa8db4255739870dc42f6c01dae056/ktor-server-test-host-jvm-1.5.3.jar, /builds/cedarsoft/com.cedarsoft.monorepo/.gradle/caches/modules-2/files-2.1/io.ktor/ktor-websockets/1.5.3/5ed6792635da0b358dbd490aef6f9819bc8b0182/ktor-websockets-jvm-1.5.3.jar, /builds/cedarsoft/com.cedarsoft.monorepo/.gradle/caches/modules-2/files-2.1/io.ktor/ktor-jackson/1.5.3/570aad27e904dff64488ae8856513eb73ec6b79e/ktor-jackson-jvm-1.5.3.jar, /builds/cedarsoft/com.cedarsoft.monorepo/.gradle/caches/modules-2/files-2.1/io.ktor/ktor-locations/1.5.3/8dfb5e7a12740b3c0e7df41c131a91a8921f9b00/ktor-locations-jvm-1.5.3.jar, /builds/cedarsoft/com.cedarsoft.monorepo/.gradle/caches/modules-2/files-2.1/io.ktor/ktor-metrics/1.5.3/f21e81243e711fcacdf1ea1de9ca024ebb3fd650/ktor-metrics-jvm-1.5.3.jar, /builds/cedarsoft/com.cedarsoft.monorepo/.gradle/caches/modules-2/files-2.1/io.ktor/ktor-auth/1.5.3/5b148e1bc55844564ddc54391a52d122b8ce5f21/ktor-auth-jvm-1.5.3.jar, /builds/cedarsoft/com.cedarsoft.monorepo/.gradle/caches/modules-2/files-2.1/io.ktor/ktor-server-netty/1.5.3/c0cc5f7c65f2aecd98d7d9cec78d4650e7fd7a65/ktor-server-netty-jvm-1.5.3.jar, /builds/cedarsoft/com.cedarsoft.monorepo/.gradle/caches/modules-2/files-2.1/io.ktor/ktor-server-host-common/1.5.3/abb76562c666262cfb28788783b3203fb2592e24/ktor-server-host-common-jvm-1.5.3.jar, /builds/cedarsoft/com.cedarsoft.monorepo/.gradle/caches/modules-2/files-2.1/io.ktor/ktor-server-core/1.5.3/57b40229736eb08d505c23e37374aa932694d6f6/ktor-server-core-jvm-1.5.3.jar, /builds/cedarsoft/com.cedarsoft.monorepo/.gradle/caches/modules-2/files-2.1/io.strikt/strikt-core/0.31.0/a628941220f0e2992fe1cf48d5fcf405fd494d57/strikt-core-0.31.0.jar, /builds/cedarsoft/com.cedarsoft.monorepo/.gradle/caches/modules-2/files-2.1/io.ktor/ktor-network-tls-certificates/1.5.3/7531af95820416d3ba2884444e9f255433dc4d1f/ktor-network-tls-certificates-jvm-1.5.3.jar, /builds/cedarsoft/com.cedarsoft.monorepo/.gradle/caches/modules-2/files-2.1/org.jetbrains.kotlinx/kotlinx-coroutines-jdk8/1.4.3/ac0ac5c6ff626e1907b3a7d4d32197e8d65e08c5/kotlinx-coroutines-jdk8-1.4.3.jar, /builds/cedarsoft/com.cedarsoft.monorepo/internal/open/commons/kotlin-lang/build/libs/kotlin-lang-jvm-8.9.5-SNAPSHOT.jar, /builds/cedarsoft/com.cedarsoft.monorepo/internal/open/unit/unit/build/libs/unit-jvm-8.9.5-SNAPSHOT.jar, /builds/cedarsoft/com.cedarsoft.monorepo/internal/open/commons/exceptions/build/libs/exceptions-8.9.5-SNAPSHOT.jar, /builds/cedarsoft/com.cedarsoft.monorepo/.gradle/caches/modules-2/files-2.1/com.christophsturm/filepeek/0.1.3/ab83f7b06cf17ceda436cec34d9c0a84cc1f2669/filepeek-0.1.3.jar, /builds/cedarsoft/com.cedarsoft.monorepo/.gradle/caches/modules-2/files-2.1/com.willowtreeapps.assertk/assertk-jvm/0.23.1/af9df108b72f37d3771eba1ee51e93c72b176031/assertk-jvm-0.23.1.jar, /builds/cedarsoft/com.cedarsoft.monorepo/.gradle/caches/modules-2/files-2.1/org.jetbrains.kotlin/kotlin-stdlib-jdk8/1.4.32/3302f9ec8a5c1ed220781dbd37770072549bd333/kotlin-stdlib-jdk8-1.4.32.jar, /builds/cedarsoft/com.cedarsoft.monorepo/.gradle/caches/modules-2/files-2.1/org.awaitility/awaitility/4.0.3/144a5f4c85c5113e1f63139b5bdee6336511ee88/awaitility-4.0.3.jar, /builds/cedarsoft/com.cedarsoft.monorepo/.gradle/caches/modules-2/files-2.1/ch.qos.logback/logback-classic/1.2.3/7c4f3c474fb2c041d8028740440937705ebb473a/logback-classic-1.2.3.jar, /builds/cedarsoft/com.cedarsoft.monorepo/internal/dependencies-sets/kotlin/build/libs/kotlin-8.9.5-SNAPSHOT.jar, /builds/cedarsoft/com.cedarsoft.monorepo/.gradle/caches/modules-2/files-2.1/com.google.guava/failureaccess/1.0.1/1dcf1de382a0bf95a3d8b0849546c88bac1292c9/failureaccess-1.0.1.jar, /builds/cedarsoft/com.cedarsoft.monorepo/.gradle/caches/modules-2/files-2.1/com.google.guava/listenablefuture/9999.0-empty-to-avoid-conflict-with-guava/b421526c5f297295adef1c886e5246c39d4ac629/listenablefuture-9999.0-empty-to-avoid-conflict-with-guava.jar, /builds/cedarsoft/com.cedarsoft.monorepo/.gradle/caches/modules-2/files-2.1/com.google.code.findbugs/jsr305/3.0.2/25ea2e8b0c338a877313bd4672d3fe056ea78f0d/jsr305-3.0.2.jar, /builds/cedarsoft/com.cedarsoft.monorepo/.gradle/caches/modules-2/files-2.1/org.checkerframework/checker-qual/3.8.0/6b83e4a33220272c3a08991498ba9dc09519f190/checker-qual-3.8.0.jar, /builds/cedarsoft/com.cedarsoft.monorepo/.gradle/caches/modules-2/files-2.1/com.google.errorprone/error_prone_annotations/2.5.1/562d366678b89ce5d6b6b82c1a073880341e3fba/error_prone_annotations-2.5.1.jar, /builds/cedarsoft/com.cedarsoft.monorepo/.gradle/caches/modules-2/files-2.1/com.google.j2objc/j2objc-annotations/1.3/ba035118bc8bac37d7eff77700720999acd9986d/j2objc-annotations-1.3.jar, /builds/cedarsoft/com.cedarsoft.monorepo/.gradle/caches/modules-2/files-2.1/io.ktor/ktor-client-cio-jvm/1.5.3/8b4867b0fdf8258f57e2b46524bad17f29a04531/ktor-client-cio-jvm-1.5.3.jar, /builds/cedarsoft/com.cedarsoft.monorepo/.gradle/caches/modules-2/files-2.1/io.ktor/ktor-network-tls-jvm/1.5.3/106b586b539f187cfe555fb2868d989fcf1a622d/ktor-network-tls-jvm-1.5.3.jar, /builds/cedarsoft/com.cedarsoft.monorepo/.gradle/caches/modules-2/files-2.1/io.ktor/ktor-client-jetty/1.5.3/2040c0a7c707075cc53bc8e7f66b8ec4f19eeb79/ktor-client-jetty-jvm-1.5.3.jar, /builds/cedarsoft/com.cedarsoft.monorepo/.gradle/caches/modules-2/files-2.1/io.ktor/ktor-client-core-jvm/1.5.3/49e763e2160be29be031e2c1fb888c5ce5bd65d6/ktor-client-core-jvm-1.5.3.jar, /builds/cedarsoft/com.cedarsoft.monorepo/.gradle/caches/modules-2/files-2.1/io.ktor/ktor-http-cio-jvm/1.5.3/57deb2da2962c89baf7dceb17a7383d970a50281/ktor-http-cio-jvm-1.5.3.jar, /builds/cedarsoft/com.cedarsoft.monorepo/.gradle/caches/modules-2/files-2.1/io.ktor/ktor-http-jvm/1.5.3/f2a0fe59aa872db562746880f27b493f7bff4fa7/ktor-http-jvm-1.5.3.jar, /builds/cedarsoft/com.cedarsoft.monorepo/.gradle/caches/modules-2/files-2.1/io.ktor/ktor-network-jvm/1.5.3/84baa7cc3b370e47a69de83d7b33f02972614a2a/ktor-network-jvm-1.5.3.jar, /builds/cedarsoft/com.cedarsoft.monorepo/.gradle/caches/modules-2/files-2.1/io.ktor/ktor-utils-jvm/1.5.3/dbdd7b90a445e1c7ae248b6549c221dbf8d27651/ktor-utils-jvm-1.5.3.jar, /builds/cedarsoft/com.cedarsoft.monorepo/.gradle/caches/modules-2/files-2.1/io.ktor/ktor-io-jvm/1.5.3/12830f733943a59807770799c0394624749ba649/ktor-io-jvm-1.5.3.jar, /builds/cedarsoft/com.cedarsoft.monorepo/.gradle/caches/modules-2/files-2.1/org.jetbrains.kotlinx/kotlinx-serialization-json-jvm/1.1.0/86c26030512eb057e02c9bfcfdfd9e2fbb82201/kotlinx-serialization-json-jvm-1.1.0.jar, /builds/cedarsoft/com.cedarsoft.monorepo/.gradle/caches/modules-2/files-2.1/com.fasterxml.jackson.core/jackson-databind/2.12.3/d6153f8fc60c479ab0f9efb35c034526436a4953/jackson-databind-2.12.3.jar, /builds/cedarsoft/com.cedarsoft.monorepo/.gradle/caches/modules-2/files-2.1/com.fasterxml.jackson.core/jackson-annotations/2.12.3/7275513412694a1aafd08c0287f48469fa0e6e17/jackson-annotations-2.12.3.jar, /builds/cedarsoft/com.cedarsoft.monorepo/.gradle/caches/modules-2/files-2.1/com.fasterxml.jackson.core/jackson-core/2.12.3/deb23fe2a7f2b773e18ced2b50d4acc1df8fa366/jackson-core-2.12.3.jar, /builds/cedarsoft/com.cedarsoft.monorepo/.gradle/caches/modules-2/files-2.1/com.fasterxml.jackson.module/jackson-module-kotlin/2.12.3/c8da7d998ed2e9253e62fdf15d1112c54b3ce6db/jackson-module-kotlin-2.12.3.jar, /builds/cedarsoft/com.cedarsoft.monorepo/.gradle/caches/modules-2/files-2.1/org.jetbrains.kotlin/kotlin-reflect/1.4.32/ce852b166d97f0f1991b5130c2bb02e2ef6c554e/kotlin-reflect-1.4.32.jar, /builds/cedarsoft/com.cedarsoft.monorepo/.gradle/caches/modules-2/files-2.1/org.jetbrains.kotlin/kotlin-stdlib-jdk7/1.4.32/3546900a3ebff0c43f31190baf87a9220e37b7ea/kotlin-stdlib-jdk7-1.4.32.jar, /builds/cedarsoft/com.cedarsoft.monorepo/.gradle/caches/modules-2/files-2.1/org.jetbrains.kotlinx/kotlinx-serialization-protobuf-jvm/1.1.0/a2c675697ad328d1a5293660dd9e1112e7a7ef17/kotlinx-serialization-protobuf-jvm-1.1.0.jar, /builds/cedarsoft/com.cedarsoft.monorepo/.gradle/caches/modules-2/files-2.1/org.jetbrains.kotlinx/kotlinx-coroutines-core-jvm/1.4.3/1051e11eb789ed1df93412bebe0f06e9d29160e4/kotlinx-coroutines-core-jvm-1.4.3.jar, /builds/cedarsoft/com.cedarsoft.monorepo/.gradle/caches/modules-2/files-2.1/org.jetbrains.kotlin/kotlin-test-junit/1.4.32/98c6b4f870ed7e79fc540f0107cbb7884622a6a3/kotlin-test-junit-1.4.32.jar, /builds/cedarsoft/com.cedarsoft.monorepo/.gradle/caches/modules-2/files-2.1/org.jetbrains.kotlin/kotlin-test/1.4.32/b69ce2967e16fc561f60120f97af6398f1610ee1/kotlin-test-1.4.32.jar, /builds/cedarsoft/com.cedarsoft.monorepo/.gradle/caches/modules-2/files-2.1/org.jetbrains.kotlinx/kotlinx-serialization-core-jvm/1.1.0/6a6d0b8e8a44c48e206e435d279b1773832f4f1b/kotlinx-serialization-core-jvm-1.1.0.jar, /builds/cedarsoft/com.cedarsoft.monorepo/.gradle/caches/modules-2/files-2.1/org.jetbrains.kotlinx/kotlinx-coroutines-debug/1.4.3/412666194069f22820074ea3553e95c52f1d675b/kotlinx-coroutines-debug-1.4.3.jar, /builds/cedarsoft/com.cedarsoft.monorepo/.gradle/caches/modules-2/files-2.1/com.willowtreeapps.opentest4k/opentest4k-jvm/1.2.1/2cba238e7106b5ac682da81d2c038b6880510f37/opentest4k-jvm-1.2.1.jar, /builds/cedarsoft/com.cedarsoft.monorepo/.gradle/caches/modules-2/files-2.1/org.jetbrains.kotlin/kotlin-stdlib/1.4.32/461367948840adbb0839c51d91ed74ef4a9ccb52/kotlin-stdlib-1.4.32.jar, /builds/cedarsoft/com.cedarsoft.monorepo/.gradle/caches/modules-2/files-2.1/commons-codec/commons-codec/1.15/49d94806b6e3dc933dacbd8acb0fdbab8ebd1e5d/commons-codec-1.15.jar, /builds/cedarsoft/com.cedarsoft.monorepo/.gradle/caches/modules-2/files-2.1/commons-io/commons-io/2.8.0/92999e26e6534606b5678014e66948286298a35c/commons-io-2.8.0.jar, /builds/cedarsoft/com.cedarsoft.monorepo/.gradle/caches/modules-2/files-2.1/org.codehaus.staxmate/staxmate/2.0.1/b0b767fbc22683d7bf26a14ae1c5817561e21d00/staxmate-2.0.1.jar, /builds/cedarsoft/com.cedarsoft.monorepo/.gradle/caches/modules-2/files-2.1/org.codehaus.woodstox/woodstox-core-asl/4.4.1/84fee5eb1a4a1cefe65b6883c73b3fa83be3c1a1/woodstox-core-asl-4.4.1.jar, /builds/cedarsoft/com.cedarsoft.monorepo/.gradle/caches/modules-2/files-2.1/org.apache.commons/commons-lang3/3.12.0/c6842c86792ff03b9f1d1fe2aab8dc23aa6c6f0e/commons-lang3-3.12.0.jar, /builds/cedarsoft/com.cedarsoft.monorepo/.gradle/caches/modules-2/files-2.1/org.mockito/mockito-core/3.9.0/b7573430aea743b26434b44f4f46272af613e660/mockito-core-3.9.0.jar, /builds/cedarsoft/com.cedarsoft.monorepo/.gradle/caches/modules-2/files-2.1/org.easymock/easymockclassextension/3.2/9c922ad77729f27eb7872aa570287e239a8346da/easymockclassextension-3.2.jar, /builds/cedarsoft/com.cedarsoft.monorepo/.gradle/caches/modules-2/files-2.1/org.easymock/easymock/4.3/b0dbe2df1a71b8115835561f46a8f06cb168a94f/easymock-4.3.jar, /builds/cedarsoft/com.cedarsoft.monorepo/.gradle/caches/modules-2/files-2.1/org.assertj/assertj-core/3.19.0/f64cb5690b85e68d5e1e6c6152bfb6e3840a452d/assertj-core-3.19.0.jar, /builds/cedarsoft/com.cedarsoft.monorepo/.gradle/caches/modules-2/files-2.1/org.easytesting/fest-reflect/1.4.1/2b92d5275e92a49e16c7ce6bd7e46b9080db0530/fest-reflect-1.4.1.jar, /builds/cedarsoft/com.cedarsoft.monorepo/.gradle/caches/modules-2/files-2.1/xmlunit/xmlunit/1.6/adcae0aff916681dacd2b490e193f1119cd964a9/xmlunit-1.6.jar, /builds/cedarsoft/com.cedarsoft.monorepo/.gradle/caches/modules-2/files-2.1/org.hamcrest/hamcrest/2.1/9420ba32c29217b54eebd26ff7f9234d31c3fbb2/hamcrest-2.1.jar, /builds/cedarsoft/com.cedarsoft.monorepo/.gradle/caches/modules-2/files-2.1/ch.qos.logback/logback-core/1.2.3/864344400c3d4d92dfeb0a305dc87d953677c03c/logback-core-1.2.3.jar, /builds/cedarsoft/com.cedarsoft.monorepo/.gradle/caches/modules-2/files-2.1/io.dropwizard.metrics/metrics-jvm/4.1.14/fd192172c81a0225137525596d82ad99f6435f8c/metrics-jvm-4.1.14.jar, /builds/cedarsoft/com.cedarsoft.monorepo/.gradle/caches/modules-2/files-2.1/io.dropwizard.metrics/metrics-core/4.1.14/14cf9dd67619a0390812dddb232df339e3383d35/metrics-core-4.1.14.jar, /builds/cedarsoft/com.cedarsoft.monorepo/.gradle/caches/modules-2/files-2.1/org.slf4j/slf4j-api/1.7.30/b5a4b6d16ab13e34a88fae84c35cd5d68cac922c/slf4j-api-1.7.30.jar, /builds/cedarsoft/com.cedarsoft.monorepo/.gradle/caches/modules-2/files-2.1/org.eclipse.jetty.http2/http2-http-client-transport/9.4.31.v20200723/6b12bda474f3033d2213af1e7dc49a08f9922852/http2-http-client-transport-9.4.31.v20200723.jar, /builds/cedarsoft/com.cedarsoft.monorepo/.gradle/caches/modules-2/files-2.1/org.eclipse.jetty.http2/http2-client/9.4.31.v20200723/941313dcc9846ef76523e1947083206a103ca763/http2-client-9.4.31.v20200723.jar, /builds/cedarsoft/com.cedarsoft.monorepo/.gradle/caches/modules-2/files-2.1/org.eclipse.jetty/jetty-client/9.4.31.v20200723/a4d779d1dcd7fa948d1175ebf3e20a0b0caacdc/jetty-client-9.4.31.v20200723.jar, /builds/cedarsoft/com.cedarsoft.monorepo/.gradle/caches/modules-2/files-2.1/org.junit.jupiter/junit-jupiter-params/5.7.1/6f81b3c053433a8a40a378d2b4f056c5c31e50ff/junit-jupiter-params-5.7.1.jar, /builds/cedarsoft/com.cedarsoft.monorepo/.gradle/caches/modules-2/files-2.1/org.junit.jupiter/junit-jupiter-engine/5.7.1/7fcfa59c5533abb41f86b1408960737eeaf1f49f/junit-jupiter-engine-5.7.1.jar, /builds/cedarsoft/com.cedarsoft.monorepo/.gradle/caches/modules-2/files-2.1/org.junit.jupiter/junit-jupiter-api/5.7.1/a7261dff44e64aea7f621842eac5977fd6d2412d/junit-jupiter-api-5.7.1.jar, /builds/cedarsoft/com.cedarsoft.monorepo/.gradle/caches/modules-2/files-2.1/org.junit.platform/junit-platform-engine/1.7.1/d276a968c57f5d60a421dedd1f8b6ca2fae09e86/junit-platform-engine-1.7.1.jar, /builds/cedarsoft/com.cedarsoft.monorepo/.gradle/caches/modules-2/files-2.1/org.junit.platform/junit-platform-commons/1.7.1/7c49f0074842d07f4335de2389d624a7437d1407/junit-platform-commons-1.7.1.jar, /builds/cedarsoft/com.cedarsoft.monorepo/.gradle/caches/modules-2/files-2.1/org.junit.vintage/junit-vintage-engine/5.7.1/8184800e1a38965b3fb62a104458678835311e94/junit-vintage-engine-5.7.1.jar, /builds/cedarsoft/com.cedarsoft.monorepo/.gradle/caches/modules-2/files-2.1/junit/junit/4.13.2/8ac9e16d933b6fb43bc7f576336b8f4d7eb5ba12/junit-4.13.2.jar, /builds/cedarsoft/com.cedarsoft.monorepo/.gradle/caches/modules-2/files-2.1/org.jetbrains.kotlin/kotlin-test-annotations-common/1.4.32/f242cb223feb6d44e79588c26ca66bf57b0bc3a8/kotlin-test-annotations-common-1.4.32.jar, /builds/cedarsoft/com.cedarsoft.monorepo/.gradle/caches/modules-2/files-2.1/org.jetbrains.kotlin/kotlin-test-common/1.4.32/a10168dd408319a4af03763ad11f12e0fc1fc5ba/kotlin-test-common-1.4.32.jar, /builds/cedarsoft/com.cedarsoft.monorepo/.gradle/caches/modules-2/files-2.1/org.jetbrains.kotlin/kotlin-stdlib-common/1.4.32/ef50bfa2c0491a11dcc35d9822edbfd6170e1ea2/kotlin-stdlib-common-1.4.32.jar, /builds/cedarsoft/com.cedarsoft.monorepo/.gradle/caches/modules-2/files-2.1/com.typesafe/config/1.3.1/2cf7a6cc79732e3bdf1647d7404279900ca63eb0/config-1.3.1.jar, /builds/cedarsoft/com.cedarsoft.monorepo/.gradle/caches/modules-2/files-2.1/io.netty/netty-codec-http2/4.1.54.Final/327a4ae62b0a41cdf02f610f06eb353f10c17ef8/netty-codec-http2-4.1.54.Final.jar, /builds/cedarsoft/com.cedarsoft.monorepo/.gradle/caches/modules-2/files-2.1/org.eclipse.jetty.alpn/alpn-api/1.1.3.v20160715/a1bf3a937f91b4c953acd13e8c9552347adc2198/alpn-api-1.1.3.v20160715.jar, /builds/cedarsoft/com.cedarsoft.monorepo/.gradle/caches/modules-2/files-2.1/io.netty/netty-transport-native-kqueue/4.1.54.Final/941f2f438f7d1e6d2ba39141fa3a4d30cda5f223/netty-transport-native-kqueue-4.1.54.Final.jar, /builds/cedarsoft/com.cedarsoft.monorepo/.gradle/caches/modules-2/files-2.1/io.netty/netty-transport-native-epoll/4.1.54.Final/59f7241f86236bd5b5ed5dd1f4b6f2cdae56b978/netty-transport-native-epoll-4.1.54.Final.jar, /builds/cedarsoft/com.cedarsoft.monorepo/.gradle/caches/modules-2/files-2.1/com.googlecode.json-simple/json-simple/1.1.1/c9ad4a0850ab676c5c64461a05ca524cdfff59f1/json-simple-1.1.1.jar, /builds/cedarsoft/com.cedarsoft.monorepo/internal/dependencies-sets/annotations/build/libs/annotations-8.9.5-SNAPSHOT.jar, /builds/cedarsoft/com.cedarsoft.monorepo/internal/open/annotations/annotations/build/libs/annotations-8.9.5-SNAPSHOT.jar, /builds/cedarsoft/com.cedarsoft.monorepo/.gradle/caches/modules-2/files-2.1/org.opentest4j/opentest4j/1.2.0/28c11eb91f9b6d8e200631d46e20a7f407f2a046/opentest4j-1.2.0.jar, /builds/cedarsoft/com.cedarsoft.monorepo/.gradle/caches/modules-2/files-2.1/stax/stax-api/1.0.1/49c100caf72d658aca8e58bd74a4ba90fa2b0d70/stax-api-1.0.1.jar, /builds/cedarsoft/com.cedarsoft.monorepo/.gradle/caches/modules-2/files-2.1/org.codehaus.woodstox/stax2-api/3.1.4/ac19014b1e6a7c08aad07fe114af792676b685b7/stax2-api-3.1.4.jar, /builds/cedarsoft/com.cedarsoft.monorepo/.gradle/caches/modules-2/files-2.1/javax.xml.stream/stax-api/1.0-2/d6337b0de8b25e53e81b922352fbea9f9f57ba0b/stax-api-1.0-2.jar, /builds/cedarsoft/com.cedarsoft.monorepo/.gradle/caches/modules-2/files-2.1/net.bytebuddy/byte-buddy/1.10.20/c5d2d12c75c5d52f8df33f4211e6dbd05a42b117/byte-buddy-1.10.20.jar, /builds/cedarsoft/com.cedarsoft.monorepo/.gradle/caches/modules-2/files-2.1/net.bytebuddy/byte-buddy-agent/1.10.20/8391bfea9da53fd92edd4a453571ef70b3aae09f/byte-buddy-agent-1.10.20.jar, /builds/cedarsoft/com.cedarsoft.monorepo/.gradle/caches/modules-2/files-2.1/org.objenesis/objenesis/3.2/7fadf57620c8b8abdf7519533e5527367cb51f09/objenesis-3.2.jar, /builds/cedarsoft/com.cedarsoft.monorepo/.gradle/caches/modules-2/files-2.1/org.easytesting/fest-util/1.2.4/a86b8e01eb7ecfd820df4f22c734a825a0085574/fest-util-1.2.4.jar, /builds/cedarsoft/com.cedarsoft.monorepo/.gradle/caches/modules-2/files-2.1/org.jetbrains/annotations/13.0/919f0dfe192fb4e063e7dacadee7f8bb9a2672a9/annotations-13.0.jar, /builds/cedarsoft/com.cedarsoft.monorepo/.gradle/caches/modules-2/files-2.1/org.eclipse.jetty.http2/http2-common/9.4.31.v20200723/dd6fc64e41103afca8f9c1c1465ec24541e5681c/http2-common-9.4.31.v20200723.jar, /builds/cedarsoft/com.cedarsoft.monorepo/.gradle/caches/modules-2/files-2.1/org.eclipse.jetty/jetty-alpn-openjdk8-client/9.4.31.v20200723/5c4c0f19a0a1c8a760c298049be7412f7e901bce/jetty-alpn-openjdk8-client-9.4.31.v20200723.jar, /builds/cedarsoft/com.cedarsoft.monorepo/.gradle/caches/modules-2/files-2.1/org.eclipse.jetty/jetty-alpn-java-client/9.4.31.v20200723/f863d49267102c624812efd1ec7f43d6e8c1c30b/jetty-alpn-java-client-9.4.31.v20200723.jar, /builds/cedarsoft/com.cedarsoft.monorepo/.gradle/caches/modules-2/files-2.1/org.eclipse.jetty/jetty-alpn-client/9.4.31.v20200723/32a4ae2f1eb4d40c9411e092089b867d29e09e9c/jetty-alpn-client-9.4.31.v20200723.jar, /builds/cedarsoft/com.cedarsoft.monorepo/.gradle/caches/modules-2/files-2.1/org.eclipse.jetty.http2/http2-hpack/9.4.31.v20200723/836f1a761bf5942494b3c41c9470ea1cd39c8420/http2-hpack-9.4.31.v20200723.jar, /builds/cedarsoft/com.cedarsoft.monorepo/.gradle/caches/modules-2/files-2.1/org.eclipse.jetty/jetty-http/9.4.31.v20200723/6862f0e6fc7e9f8828416a7cae1477b233d92f8/jetty-http-9.4.31.v20200723.jar, /builds/cedarsoft/com.cedarsoft.monorepo/.gradle/caches/modules-2/files-2.1/org.eclipse.jetty/jetty-io/9.4.31.v20200723/328e4562e0f30e01efea63efe4fc24b2b860d852/jetty-io-9.4.31.v20200723.jar, /builds/cedarsoft/com.cedarsoft.monorepo/.gradle/caches/modules-2/files-2.1/net.java.dev.jna/jna-platform/5.5.0/af38e7c4d0fc73c23ecd785443705bfdee5b90bf/jna-platform-5.5.0.jar, /builds/cedarsoft/com.cedarsoft.monorepo/.gradle/caches/modules-2/files-2.1/net.java.dev.jna/jna/5.5.0/e0845217c4907822403912ad6828d8e0b256208/jna-5.5.0.jar, /builds/cedarsoft/com.cedarsoft.monorepo/.gradle/caches/modules-2/files-2.1/io.netty/netty-codec-http/4.1.54.Final/70eb9509289d1cee549cf12bae71929d1a4a12c7/netty-codec-http-4.1.54.Final.jar, /builds/cedarsoft/com.cedarsoft.monorepo/.gradle/caches/modules-2/files-2.1/io.netty/netty-handler/4.1.54.Final/e83dfe8ebe3622d2cd5cce8532a9ca49cad51e9/netty-handler-4.1.54.Final.jar, /builds/cedarsoft/com.cedarsoft.monorepo/.gradle/caches/modules-2/files-2.1/io.netty/netty-codec/4.1.54.Final/295680345b12a86c21fa7af5d9a77e0e0fcff46a/netty-codec-4.1.54.Final.jar, /builds/cedarsoft/com.cedarsoft.monorepo/.gradle/caches/modules-2/files-2.1/io.netty/netty-transport-native-unix-common/4.1.54.Final/ac7d48202cf62c8d51abe89f228d338a41cb49cd/netty-transport-native-unix-common-4.1.54.Final.jar, /builds/cedarsoft/com.cedarsoft.monorepo/.gradle/caches/modules-2/files-2.1/io.netty/netty-transport/4.1.54.Final/ddb9a255819b87b8812932d1d1001f4d9dc7f89e/netty-transport-4.1.54.Final.jar, /builds/cedarsoft/com.cedarsoft.monorepo/.gradle/caches/modules-2/files-2.1/io.netty/netty-buffer/4.1.54.Final/15c513ef8a2e56e88d3736752ea10eae758f47d8/netty-buffer-4.1.54.Final.jar, /builds/cedarsoft/com.cedarsoft.monorepo/.gradle/caches/modules-2/files-2.1/io.netty/netty-resolver/4.1.54.Final/7eed781e7531b990f8360e1a5010b53ca73878f5/netty-resolver-4.1.54.Final.jar, /builds/cedarsoft/com.cedarsoft.monorepo/.gradle/caches/modules-2/files-2.1/io.netty/netty-common/4.1.54.Final/8c330383cda87204ab38e7401ab0f56c0d43b799/netty-common-4.1.54.Final.jar, /builds/cedarsoft/com.cedarsoft.monorepo/.gradle/caches/modules-2/files-2.1/org.hamcrest/hamcrest-core/1.3/42a25dc3219429f0e5d060061f71acb49bf010a0/hamcrest-core-1.3.jar, /builds/cedarsoft/com.cedarsoft.monorepo/.gradle/caches/modules-2/files-2.1/org.apiguardian/apiguardian-api/1.1.0/fc9dff4bb36d627bdc553de77e1f17efd790876c/apiguardian-api-1.1.0.jar, /builds/cedarsoft/com.cedarsoft.monorepo/.gradle/caches/modules-2/files-2.1/org.eclipse.jetty/jetty-util/9.4.31.v20200723/b9c346da72d8715bdfb0373a123374ec6ac9e544/jetty-util-9.4.31.v20200723.jar]
02:06:23.210 [Test worker] DEBUG ktor.test - Watching /builds/cedarsoft/com.cedarsoft.monorepo/internal/open/commons/ktor-server/build/classes/kotlin/main for changes.
02:06:23.210 [Test worker] DEBUG ktor.test - Watching /builds/cedarsoft/com.cedarsoft.monorepo/internal/open/commons/ktor-server/build/classes/kotlin/test/com/cedarsoft/commons/ktor for changes.
02:06:23.210 [Test worker] DEBUG ktor.test - Watching /builds/cedarsoft/com.cedarsoft.monorepo/internal/open/commons/ktor-server/build/classes/kotlin/main/com/cedarsoft/commons for changes.
02:06:23.210 [Test worker] DEBUG ktor.test - Watching /builds/cedarsoft/com.cedarsoft.monorepo/internal/open/commons/ktor-server/build/classes/kotlin/test/com/cedarsoft for changes.
02:06:23.210 [Test worker] DEBUG ktor.test - Watching /builds/cedarsoft/com.cedarsoft.monorepo/internal/open/commons/ktor-server/build/classes/kotlin/test/META-INF for changes.
02:06:23.211 [Test worker] DEBUG ktor.test - Watching /builds/cedarsoft/com.cedarsoft.monorepo/internal/open/commons/ktor-server/build/classes/kotlin/test/com/cedarsoft/commons for changes.
02:06:23.211 [Test worker] DEBUG ktor.test - Watching /builds/cedarsoft/com.cedarsoft.monorepo/internal/open/commons/ktor-server/build/classes/kotlin/main/com/cedarsoft/commons/ktor for changes.
02:06:23.211 [Test worker] DEBUG ktor.test - Watching /builds/cedarsoft/com.cedarsoft.monorepo/internal/open/commons/ktor-server/build/classes/kotlin/main/com for changes.
02:06:23.211 [Test worker] DEBUG ktor.test - Watching /builds/cedarsoft/com.cedarsoft.monorepo/internal/open/commons/ktor-server/build/classes/kotlin/test/com for changes.
02:06:23.211 [Test worker] DEBUG ktor.test - Watching /builds/cedarsoft/com.cedarsoft.monorepo/internal/open/commons/ktor-server/build/classes/kotlin/main/com/cedarsoft for changes.
02:06:23.211 [Test worker] DEBUG ktor.test - Watching /builds/cedarsoft/com.cedarsoft.monorepo/internal/open/commons/ktor-server/build/classes/kotlin/main/META-INF for changes.
02:06:23.211 [Test worker] DEBUG ktor.test - Watching /builds/cedarsoft/com.cedarsoft.monorepo/internal/open/commons/ktor-server/build/classes/kotlin/test for changes.
]]></system-out>
  <system-err><![CDATA[]]></system-err>
</testsuite>
