<?xml version="1.0" encoding="UTF-8"?>
<testsuite name="com.cedarsoft.commons.ktor.JsonConverterTest" tests="3" skipped="0" failures="0" errors="0" timestamp="2021-03-14T03:05:31" hostname="runner-cs1zem-v-project-47-concurrent-0" time="4.111">
  <properties/>
  <testcase name="testMessageGeneric" classname="com.cedarsoft.commons.ktor.JsonConverterTest" time="3.814"/>
  <testcase name="testMultiMessage" classname="com.cedarsoft.commons.ktor.JsonConverterTest" time="0.197"/>
  <testcase name="testEntity" classname="com.cedarsoft.commons.ktor.JsonConverterTest" time="0.099"/>
  <system-out><![CDATA[03:05:32.616 [Test worker] DEBUG ktor.test - Java Home: /opt/java/jdk1.8.0_271
03:05:32.755 [Test worker] DEBUG ktor.test - Class Loader: sun.misc.Launcher$AppClassLoader@73d16e93: [/builds/cedarsoft/com.cedarsoft.monorepo/.gradle/caches/7.0-20210309230237+0000/workerMain/gradle-worker.jar, /builds/cedarsoft/com.cedarsoft.monorepo/internal/open/commons/ktor-server/build/tmp/expandedArchives/org.jacoco.agent-0.8.6.jar_a26f6511a7813217be4cd6439d66563b/jacocoagent.jar, /builds/cedarsoft/com.cedarsoft.monorepo/internal/open/commons/ktor-server/build/classes/java/test, /builds/cedarsoft/com.cedarsoft.monorepo/internal/open/commons/ktor-server/build/classes/kotlin/test/, /builds/cedarsoft/com.cedarsoft.monorepo/internal/open/commons/ktor-server/build/resources/test, /builds/cedarsoft/com.cedarsoft.monorepo/internal/open/commons/ktor-server/build/classes/java/main, /builds/cedarsoft/com.cedarsoft.monorepo/internal/open/commons/ktor-server/build/classes/kotlin/main/, /builds/cedarsoft/com.cedarsoft.monorepo/internal/open/commons/ktor-server/build/resources/main, /builds/cedarsoft/com.cedarsoft.monorepo/internal/dependencies-sets/ktor/build/libs/ktor-8.9.5-SNAPSHOT.jar, /builds/cedarsoft/com.cedarsoft.monorepo/internal/open/commons/kotlinx-serializers/build/libs/kotlinx-serializers-8.9.5-SNAPSHOT.jar, /builds/cedarsoft/com.cedarsoft.monorepo/internal/open/commons/concurrent/build/libs/concurrent-8.9.5-SNAPSHOT.jar, /builds/cedarsoft/com.cedarsoft.monorepo/internal/open/commons/guava/build/libs/guava-8.9.5-SNAPSHOT.jar, /builds/cedarsoft/com.cedarsoft.monorepo/internal/open/commons/test-utils/build/libs/test-utils-8.9.5-SNAPSHOT.jar, /builds/cedarsoft/com.cedarsoft.monorepo/internal/open/commons/commons/build/libs/commons-8.9.5-SNAPSHOT.jar, /builds/cedarsoft/com.cedarsoft.monorepo/internal/dependencies-sets/kotlin-test/build/libs/kotlin-test-8.9.5-SNAPSHOT.jar, /builds/cedarsoft/com.cedarsoft.monorepo/internal/dependencies-sets/test-basics/build/libs/test-basics-8.9.5-SNAPSHOT.jar, /builds/cedarsoft/com.cedarsoft.monorepo/internal/open/commons/crypt/build/libs/crypt-8.9.5-SNAPSHOT.jar, /builds/cedarsoft/com.cedarsoft.monorepo/internal/open/commons/xml-commons/build/libs/xml-commons-8.9.5-SNAPSHOT.jar, /builds/cedarsoft/com.cedarsoft.monorepo/.gradle/caches/modules-2/files-2.1/com.google.guava/guava/30.1-jre/d0c3ce2311c9e36e73228da25a6e99b2ab826f/guava-30.1-jre.jar, /builds/cedarsoft/com.cedarsoft.monorepo/.gradle/caches/modules-2/files-2.1/io.ktor/ktor-server-test-host/1.5.2/fef1363b39ea6c1a2735f96754cafb9c9d8a5c8/ktor-server-test-host-jvm-1.5.2.jar, /builds/cedarsoft/com.cedarsoft.monorepo/.gradle/caches/modules-2/files-2.1/io.ktor/ktor-websockets/1.5.2/ec39fc53b8f8e404e60e5c349a749c1e0d713c3e/ktor-websockets-jvm-1.5.2.jar, /builds/cedarsoft/com.cedarsoft.monorepo/.gradle/caches/modules-2/files-2.1/io.ktor/ktor-jackson/1.5.2/e229d501dc42ba2b4d16d6d1913a9b33190b6144/ktor-jackson-jvm-1.5.2.jar, /builds/cedarsoft/com.cedarsoft.monorepo/.gradle/caches/modules-2/files-2.1/io.ktor/ktor-locations/1.5.2/ec8dd73b1f7ea5fa8e17aae680c5a1913db03e11/ktor-locations-jvm-1.5.2.jar, /builds/cedarsoft/com.cedarsoft.monorepo/.gradle/caches/modules-2/files-2.1/io.ktor/ktor-metrics/1.5.2/b366beec7c45285735e795c18d9058eae8f106b7/ktor-metrics-jvm-1.5.2.jar, /builds/cedarsoft/com.cedarsoft.monorepo/.gradle/caches/modules-2/files-2.1/io.ktor/ktor-auth/1.5.2/dedc866881e2748f75ed5749195205ffc4a0449a/ktor-auth-jvm-1.5.2.jar, /builds/cedarsoft/com.cedarsoft.monorepo/.gradle/caches/modules-2/files-2.1/io.ktor/ktor-html-builder/1.5.2/7e1dbcfa61ed6127588eb7cc2643f2a4021b92d4/ktor-html-builder-jvm-1.5.2.jar, /builds/cedarsoft/com.cedarsoft.monorepo/.gradle/caches/modules-2/files-2.1/io.ktor/ktor-server-netty/1.5.2/5e9aef7c961bf18814c5211b572f028559f6f3f4/ktor-server-netty-jvm-1.5.2.jar, /builds/cedarsoft/com.cedarsoft.monorepo/.gradle/caches/modules-2/files-2.1/io.ktor/ktor-server-host-common/1.5.2/205fa3f2b2106342dcba9b6a5ffebab3649d3465/ktor-server-host-common-jvm-1.5.2.jar, /builds/cedarsoft/com.cedarsoft.monorepo/.gradle/caches/modules-2/files-2.1/io.ktor/ktor-server-core/1.5.2/75fbbefee3c362198ce438bc6a93103179ebc9ec/ktor-server-core-jvm-1.5.2.jar, /builds/cedarsoft/com.cedarsoft.monorepo/.gradle/caches/modules-2/files-2.1/io.strikt/strikt-core/0.29.0/71a80cd98a59e46c89ad25c407b3b4ae5247ccfa/strikt-core-0.29.0.jar, /builds/cedarsoft/com.cedarsoft.monorepo/.gradle/caches/modules-2/files-2.1/io.ktor/ktor-network-tls-certificates/1.5.2/ce3f3fc297ed615031b559e97d79b1eface5405c/ktor-network-tls-certificates-jvm-1.5.2.jar, /builds/cedarsoft/com.cedarsoft.monorepo/.gradle/caches/modules-2/files-2.1/org.jetbrains.kotlinx/kotlinx-coroutines-jdk8/1.4.3/ac0ac5c6ff626e1907b3a7d4d32197e8d65e08c5/kotlinx-coroutines-jdk8-1.4.3.jar, /builds/cedarsoft/com.cedarsoft.monorepo/internal/open/commons/kotlin-lang/build/libs/kotlin-lang-jvm-8.9.5-SNAPSHOT.jar, /builds/cedarsoft/com.cedarsoft.monorepo/internal/open/unit/unit/build/libs/unit-jvm-8.9.5-SNAPSHOT.jar, /builds/cedarsoft/com.cedarsoft.monorepo/internal/open/commons/exceptions/build/libs/exceptions-8.9.5-SNAPSHOT.jar, /builds/cedarsoft/com.cedarsoft.monorepo/.gradle/caches/modules-2/files-2.1/com.willowtreeapps.assertk/assertk-jvm/0.23.1/af9df108b72f37d3771eba1ee51e93c72b176031/assertk-jvm-0.23.1.jar, /builds/cedarsoft/com.cedarsoft.monorepo/.gradle/caches/modules-2/files-2.1/org.jetbrains.kotlinx/kotlinx-html-jvm/0.7.2/c7a77c9027384b982941d48ee61f80cce12a03eb/kotlinx-html-jvm-0.7.2.jar, /builds/cedarsoft/com.cedarsoft.monorepo/.gradle/caches/modules-2/files-2.1/com.christophsturm/filepeek/0.1.2/347482ee8f7b82e5dbc95ee0d61930e4fe4a5695/filepeek-0.1.2.jar, /builds/cedarsoft/com.cedarsoft.monorepo/.gradle/caches/modules-2/files-2.1/org.jetbrains.kotlin/kotlin-stdlib-jdk8/1.4.31/e613be5465ef1e6fd0468707690b7ebf625ea2fe/kotlin-stdlib-jdk8-1.4.31.jar, /builds/cedarsoft/com.cedarsoft.monorepo/.gradle/caches/modules-2/files-2.1/org.awaitility/awaitility/4.0.3/144a5f4c85c5113e1f63139b5bdee6336511ee88/awaitility-4.0.3.jar, /builds/cedarsoft/com.cedarsoft.monorepo/.gradle/caches/modules-2/files-2.1/ch.qos.logback/logback-classic/1.2.3/7c4f3c474fb2c041d8028740440937705ebb473a/logback-classic-1.2.3.jar, /builds/cedarsoft/com.cedarsoft.monorepo/internal/dependencies-sets/kotlin/build/libs/kotlin-8.9.5-SNAPSHOT.jar, /builds/cedarsoft/com.cedarsoft.monorepo/.gradle/caches/modules-2/files-2.1/com.google.guava/failureaccess/1.0.1/1dcf1de382a0bf95a3d8b0849546c88bac1292c9/failureaccess-1.0.1.jar, /builds/cedarsoft/com.cedarsoft.monorepo/.gradle/caches/modules-2/files-2.1/com.google.guava/listenablefuture/9999.0-empty-to-avoid-conflict-with-guava/b421526c5f297295adef1c886e5246c39d4ac629/listenablefuture-9999.0-empty-to-avoid-conflict-with-guava.jar, /builds/cedarsoft/com.cedarsoft.monorepo/.gradle/caches/modules-2/files-2.1/com.google.code.findbugs/jsr305/3.0.2/25ea2e8b0c338a877313bd4672d3fe056ea78f0d/jsr305-3.0.2.jar, /builds/cedarsoft/com.cedarsoft.monorepo/.gradle/caches/modules-2/files-2.1/org.checkerframework/checker-qual/3.5.0/2f50520c8abea66fbd8d26e481d3aef5c673b510/checker-qual-3.5.0.jar, /builds/cedarsoft/com.cedarsoft.monorepo/.gradle/caches/modules-2/files-2.1/com.google.errorprone/error_prone_annotations/2.3.4/dac170e4594de319655ffb62f41cbd6dbb5e601e/error_prone_annotations-2.3.4.jar, /builds/cedarsoft/com.cedarsoft.monorepo/.gradle/caches/modules-2/files-2.1/com.google.j2objc/j2objc-annotations/1.3/ba035118bc8bac37d7eff77700720999acd9986d/j2objc-annotations-1.3.jar, /builds/cedarsoft/com.cedarsoft.monorepo/.gradle/caches/modules-2/files-2.1/io.ktor/ktor-client-cio-jvm/1.5.2/b767c08e7a9c2236a82c38836fe296ccb951bd73/ktor-client-cio-jvm-1.5.2.jar, /builds/cedarsoft/com.cedarsoft.monorepo/.gradle/caches/modules-2/files-2.1/io.ktor/ktor-network-tls-jvm/1.5.2/9ddb2fbecf6f163d397a0f84bfbbcaa8dcbcc68f/ktor-network-tls-jvm-1.5.2.jar, /builds/cedarsoft/com.cedarsoft.monorepo/.gradle/caches/modules-2/files-2.1/io.ktor/ktor-client-jetty/1.5.2/4d426a2af34c51eddd4430a1297e9b5ae7e15081/ktor-client-jetty-jvm-1.5.2.jar, /builds/cedarsoft/com.cedarsoft.monorepo/.gradle/caches/modules-2/files-2.1/io.ktor/ktor-client-core-jvm/1.5.2/e05ebd1bd4e839b7428eaf734295597e56d24bb5/ktor-client-core-jvm-1.5.2.jar, /builds/cedarsoft/com.cedarsoft.monorepo/.gradle/caches/modules-2/files-2.1/io.ktor/ktor-http-cio-jvm/1.5.2/765adc8967bc8082b3d3ffb3e551df82045569ec/ktor-http-cio-jvm-1.5.2.jar, /builds/cedarsoft/com.cedarsoft.monorepo/.gradle/caches/modules-2/files-2.1/io.ktor/ktor-http-jvm/1.5.2/4369b93f10dfc7a5f25e9553c3b7a939672ef27e/ktor-http-jvm-1.5.2.jar, /builds/cedarsoft/com.cedarsoft.monorepo/.gradle/caches/modules-2/files-2.1/io.ktor/ktor-network-jvm/1.5.2/2dbe903827cefa66c8d4e798733e332786eb2ac/ktor-network-jvm-1.5.2.jar, /builds/cedarsoft/com.cedarsoft.monorepo/.gradle/caches/modules-2/files-2.1/io.ktor/ktor-utils-jvm/1.5.2/7c27dfe83c6a5b60ae9dc6d932aa28e0aeefd109/ktor-utils-jvm-1.5.2.jar, /builds/cedarsoft/com.cedarsoft.monorepo/.gradle/caches/modules-2/files-2.1/org.jetbrains.kotlinx/kotlinx-coroutines-debug/1.4.2/281b0ff1835080e67b3f4628752c72aa7a20c174/kotlinx-coroutines-debug-1.4.2.jar, /builds/cedarsoft/com.cedarsoft.monorepo/.gradle/caches/modules-2/files-2.1/io.ktor/ktor-io-jvm/1.5.2/e82d3eb4104bde6be7c0e2a20cbece4f2bf32bad/ktor-io-jvm-1.5.2.jar, /builds/cedarsoft/com.cedarsoft.monorepo/.gradle/caches/modules-2/files-2.1/org.jetbrains.kotlinx/kotlinx-serialization-json-jvm/1.1.0/86c26030512eb057e02c9bfcfdfd9e2fbb82201/kotlinx-serialization-json-jvm-1.1.0.jar, /builds/cedarsoft/com.cedarsoft.monorepo/.gradle/caches/modules-2/files-2.1/org.jetbrains.kotlin/kotlin-stdlib-jdk7/1.4.31/84ce8e85f6e84270b2b501d44e9f0ba6ff64fa71/kotlin-stdlib-jdk7-1.4.31.jar, /builds/cedarsoft/com.cedarsoft.monorepo/.gradle/caches/modules-2/files-2.1/com.fasterxml.jackson.core/jackson-databind/2.12.2/5f9d79e09ebf5d54a46e9f4543924cf7ae7654e0/jackson-databind-2.12.2.jar, /builds/cedarsoft/com.cedarsoft.monorepo/.gradle/caches/modules-2/files-2.1/com.fasterxml.jackson.core/jackson-annotations/2.12.2/a770cc4c0a1fb0bfd8a150a6a0004e42bc99fca/jackson-annotations-2.12.2.jar, /builds/cedarsoft/com.cedarsoft.monorepo/.gradle/caches/modules-2/files-2.1/com.fasterxml.jackson.core/jackson-core/2.12.2/8df50138521d05561a308ec2799cc8dda20c06df/jackson-core-2.12.2.jar, /builds/cedarsoft/com.cedarsoft.monorepo/.gradle/caches/modules-2/files-2.1/com.fasterxml.jackson.module/jackson-module-kotlin/2.12.2/f3b0d95d5493f1ab2846f9e981db19caf1410e88/jackson-module-kotlin-2.12.2.jar, /builds/cedarsoft/com.cedarsoft.monorepo/.gradle/caches/modules-2/files-2.1/org.jetbrains.kotlin/kotlin-reflect/1.4.31/63db9d66c3d20f7b8f66196e7ba86969daae8b8a/kotlin-reflect-1.4.31.jar, /builds/cedarsoft/com.cedarsoft.monorepo/.gradle/caches/modules-2/files-2.1/org.jetbrains.kotlinx/kotlinx-serialization-protobuf-jvm/1.1.0/a2c675697ad328d1a5293660dd9e1112e7a7ef17/kotlinx-serialization-protobuf-jvm-1.1.0.jar, /builds/cedarsoft/com.cedarsoft.monorepo/.gradle/caches/modules-2/files-2.1/org.jetbrains.kotlinx/kotlinx-coroutines-core-jvm/1.4.3/1051e11eb789ed1df93412bebe0f06e9d29160e4/kotlinx-coroutines-core-jvm-1.4.3.jar, /builds/cedarsoft/com.cedarsoft.monorepo/.gradle/caches/modules-2/files-2.1/org.jetbrains.kotlin/kotlin-test-junit/1.4.31/5999535005a97b58219957d821209ec6367b27e5/kotlin-test-junit-1.4.31.jar, /builds/cedarsoft/com.cedarsoft.monorepo/.gradle/caches/modules-2/files-2.1/org.jetbrains.kotlin/kotlin-test/1.4.31/32778ee611469736a0db1b1b66f1aff964073f63/kotlin-test-1.4.31.jar, /builds/cedarsoft/com.cedarsoft.monorepo/.gradle/caches/modules-2/files-2.1/org.jetbrains.kotlinx/kotlinx-serialization-core-jvm/1.1.0/6a6d0b8e8a44c48e206e435d279b1773832f4f1b/kotlinx-serialization-core-jvm-1.1.0.jar, /builds/cedarsoft/com.cedarsoft.monorepo/.gradle/caches/modules-2/files-2.1/com.willowtreeapps.opentest4k/opentest4k-jvm/1.2.1/2cba238e7106b5ac682da81d2c038b6880510f37/opentest4k-jvm-1.2.1.jar, /builds/cedarsoft/com.cedarsoft.monorepo/.gradle/caches/modules-2/files-2.1/org.jetbrains.kotlin/kotlin-stdlib/1.4.31/a58e0fb9812a6a93ca24b5da75e4b5a0cb89c957/kotlin-stdlib-1.4.31.jar, /builds/cedarsoft/com.cedarsoft.monorepo/.gradle/caches/modules-2/files-2.1/commons-codec/commons-codec/1.15/49d94806b6e3dc933dacbd8acb0fdbab8ebd1e5d/commons-codec-1.15.jar, /builds/cedarsoft/com.cedarsoft.monorepo/.gradle/caches/modules-2/files-2.1/commons-io/commons-io/2.8.0/92999e26e6534606b5678014e66948286298a35c/commons-io-2.8.0.jar, /builds/cedarsoft/com.cedarsoft.monorepo/.gradle/caches/modules-2/files-2.1/org.codehaus.staxmate/staxmate/2.0.1/b0b767fbc22683d7bf26a14ae1c5817561e21d00/staxmate-2.0.1.jar, /builds/cedarsoft/com.cedarsoft.monorepo/.gradle/caches/modules-2/files-2.1/org.codehaus.woodstox/woodstox-core-asl/4.4.1/84fee5eb1a4a1cefe65b6883c73b3fa83be3c1a1/woodstox-core-asl-4.4.1.jar, /builds/cedarsoft/com.cedarsoft.monorepo/.gradle/caches/modules-2/files-2.1/org.apache.commons/commons-lang3/3.12.0/c6842c86792ff03b9f1d1fe2aab8dc23aa6c6f0e/commons-lang3-3.12.0.jar, /builds/cedarsoft/com.cedarsoft.monorepo/.gradle/caches/modules-2/files-2.1/org.mockito/mockito-core/3.8.0/a3f5ed0745e4d76aa880136ab514412cd50b6246/mockito-core-3.8.0.jar, /builds/cedarsoft/com.cedarsoft.monorepo/.gradle/caches/modules-2/files-2.1/org.easymock/easymockclassextension/3.2/9c922ad77729f27eb7872aa570287e239a8346da/easymockclassextension-3.2.jar, /builds/cedarsoft/com.cedarsoft.monorepo/.gradle/caches/modules-2/files-2.1/org.easymock/easymock/4.2/251b26f1b853673c1aac277fd2fb0c8d5844cdc8/easymock-4.2.jar, /builds/cedarsoft/com.cedarsoft.monorepo/.gradle/caches/modules-2/files-2.1/org.assertj/assertj-core/3.19.0/f64cb5690b85e68d5e1e6c6152bfb6e3840a452d/assertj-core-3.19.0.jar, /builds/cedarsoft/com.cedarsoft.monorepo/.gradle/caches/modules-2/files-2.1/org.easytesting/fest-reflect/1.4.1/2b92d5275e92a49e16c7ce6bd7e46b9080db0530/fest-reflect-1.4.1.jar, /builds/cedarsoft/com.cedarsoft.monorepo/.gradle/caches/modules-2/files-2.1/xmlunit/xmlunit/1.6/adcae0aff916681dacd2b490e193f1119cd964a9/xmlunit-1.6.jar, /builds/cedarsoft/com.cedarsoft.monorepo/.gradle/caches/modules-2/files-2.1/org.hamcrest/hamcrest/2.1/9420ba32c29217b54eebd26ff7f9234d31c3fbb2/hamcrest-2.1.jar, /builds/cedarsoft/com.cedarsoft.monorepo/.gradle/caches/modules-2/files-2.1/ch.qos.logback/logback-core/1.2.3/864344400c3d4d92dfeb0a305dc87d953677c03c/logback-core-1.2.3.jar, /builds/cedarsoft/com.cedarsoft.monorepo/.gradle/caches/modules-2/files-2.1/io.dropwizard.metrics/metrics-jvm/4.1.14/fd192172c81a0225137525596d82ad99f6435f8c/metrics-jvm-4.1.14.jar, /builds/cedarsoft/com.cedarsoft.monorepo/.gradle/caches/modules-2/files-2.1/io.dropwizard.metrics/metrics-core/4.1.14/14cf9dd67619a0390812dddb232df339e3383d35/metrics-core-4.1.14.jar, /builds/cedarsoft/com.cedarsoft.monorepo/.gradle/caches/modules-2/files-2.1/org.slf4j/slf4j-api/1.7.30/b5a4b6d16ab13e34a88fae84c35cd5d68cac922c/slf4j-api-1.7.30.jar, /builds/cedarsoft/com.cedarsoft.monorepo/.gradle/caches/modules-2/files-2.1/org.eclipse.jetty.http2/http2-http-client-transport/9.4.31.v20200723/6b12bda474f3033d2213af1e7dc49a08f9922852/http2-http-client-transport-9.4.31.v20200723.jar, /builds/cedarsoft/com.cedarsoft.monorepo/.gradle/caches/modules-2/files-2.1/org.eclipse.jetty.http2/http2-client/9.4.31.v20200723/941313dcc9846ef76523e1947083206a103ca763/http2-client-9.4.31.v20200723.jar, /builds/cedarsoft/com.cedarsoft.monorepo/.gradle/caches/modules-2/files-2.1/org.eclipse.jetty/jetty-client/9.4.31.v20200723/a4d779d1dcd7fa948d1175ebf3e20a0b0caacdc/jetty-client-9.4.31.v20200723.jar, /builds/cedarsoft/com.cedarsoft.monorepo/.gradle/caches/modules-2/files-2.1/org.junit.jupiter/junit-jupiter-params/5.7.1/6f81b3c053433a8a40a378d2b4f056c5c31e50ff/junit-jupiter-params-5.7.1.jar, /builds/cedarsoft/com.cedarsoft.monorepo/.gradle/caches/modules-2/files-2.1/org.junit.jupiter/junit-jupiter-engine/5.7.1/7fcfa59c5533abb41f86b1408960737eeaf1f49f/junit-jupiter-engine-5.7.1.jar, /builds/cedarsoft/com.cedarsoft.monorepo/.gradle/caches/modules-2/files-2.1/org.junit.jupiter/junit-jupiter-api/5.7.1/a7261dff44e64aea7f621842eac5977fd6d2412d/junit-jupiter-api-5.7.1.jar, /builds/cedarsoft/com.cedarsoft.monorepo/.gradle/caches/modules-2/files-2.1/org.junit.platform/junit-platform-engine/1.7.1/d276a968c57f5d60a421dedd1f8b6ca2fae09e86/junit-platform-engine-1.7.1.jar, /builds/cedarsoft/com.cedarsoft.monorepo/.gradle/caches/modules-2/files-2.1/org.junit.platform/junit-platform-commons/1.7.1/7c49f0074842d07f4335de2389d624a7437d1407/junit-platform-commons-1.7.1.jar, /builds/cedarsoft/com.cedarsoft.monorepo/.gradle/caches/modules-2/files-2.1/org.junit.vintage/junit-vintage-engine/5.7.1/8184800e1a38965b3fb62a104458678835311e94/junit-vintage-engine-5.7.1.jar, /builds/cedarsoft/com.cedarsoft.monorepo/.gradle/caches/modules-2/files-2.1/junit/junit/4.13.2/8ac9e16d933b6fb43bc7f576336b8f4d7eb5ba12/junit-4.13.2.jar, /builds/cedarsoft/com.cedarsoft.monorepo/.gradle/caches/modules-2/files-2.1/org.jetbrains.kotlin/kotlin-test-annotations-common/1.4.31/3afa7909df3e9a2bcec3c2c133eba9d25b02ee70/kotlin-test-annotations-common-1.4.31.jar, /builds/cedarsoft/com.cedarsoft.monorepo/.gradle/caches/modules-2/files-2.1/org.jetbrains.kotlin/kotlin-test-common/1.4.31/4230331b5109debc141a9a81e4cadb357692e7ab/kotlin-test-common-1.4.31.jar, /builds/cedarsoft/com.cedarsoft.monorepo/.gradle/caches/modules-2/files-2.1/org.jetbrains.kotlin/kotlin-stdlib-common/1.4.31/6dd50665802f54ba9bc3f70ecb20227d1bc81323/kotlin-stdlib-common-1.4.31.jar, /builds/cedarsoft/com.cedarsoft.monorepo/.gradle/caches/modules-2/files-2.1/com.typesafe/config/1.3.1/2cf7a6cc79732e3bdf1647d7404279900ca63eb0/config-1.3.1.jar, /builds/cedarsoft/com.cedarsoft.monorepo/.gradle/caches/modules-2/files-2.1/io.netty/netty-codec-http2/4.1.54.Final/327a4ae62b0a41cdf02f610f06eb353f10c17ef8/netty-codec-http2-4.1.54.Final.jar, /builds/cedarsoft/com.cedarsoft.monorepo/.gradle/caches/modules-2/files-2.1/org.eclipse.jetty.alpn/alpn-api/1.1.3.v20160715/a1bf3a937f91b4c953acd13e8c9552347adc2198/alpn-api-1.1.3.v20160715.jar, /builds/cedarsoft/com.cedarsoft.monorepo/.gradle/caches/modules-2/files-2.1/io.netty/netty-transport-native-kqueue/4.1.54.Final/941f2f438f7d1e6d2ba39141fa3a4d30cda5f223/netty-transport-native-kqueue-4.1.54.Final.jar, /builds/cedarsoft/com.cedarsoft.monorepo/.gradle/caches/modules-2/files-2.1/io.netty/netty-transport-native-epoll/4.1.54.Final/59f7241f86236bd5b5ed5dd1f4b6f2cdae56b978/netty-transport-native-epoll-4.1.54.Final.jar, /builds/cedarsoft/com.cedarsoft.monorepo/.gradle/caches/modules-2/files-2.1/com.googlecode.json-simple/json-simple/1.1.1/c9ad4a0850ab676c5c64461a05ca524cdfff59f1/json-simple-1.1.1.jar, /builds/cedarsoft/com.cedarsoft.monorepo/internal/dependencies-sets/annotations/build/libs/annotations-8.9.5-SNAPSHOT.jar, /builds/cedarsoft/com.cedarsoft.monorepo/internal/open/annotations/annotations/build/libs/annotations-8.9.5-SNAPSHOT.jar, /builds/cedarsoft/com.cedarsoft.monorepo/.gradle/caches/modules-2/files-2.1/org.jetbrains/annotations/13.0/919f0dfe192fb4e063e7dacadee7f8bb9a2672a9/annotations-13.0.jar, /builds/cedarsoft/com.cedarsoft.monorepo/.gradle/caches/modules-2/files-2.1/org.opentest4j/opentest4j/1.2.0/28c11eb91f9b6d8e200631d46e20a7f407f2a046/opentest4j-1.2.0.jar, /builds/cedarsoft/com.cedarsoft.monorepo/.gradle/caches/modules-2/files-2.1/stax/stax-api/1.0.1/49c100caf72d658aca8e58bd74a4ba90fa2b0d70/stax-api-1.0.1.jar, /builds/cedarsoft/com.cedarsoft.monorepo/.gradle/caches/modules-2/files-2.1/org.codehaus.woodstox/stax2-api/3.1.4/ac19014b1e6a7c08aad07fe114af792676b685b7/stax2-api-3.1.4.jar, /builds/cedarsoft/com.cedarsoft.monorepo/.gradle/caches/modules-2/files-2.1/javax.xml.stream/stax-api/1.0-2/d6337b0de8b25e53e81b922352fbea9f9f57ba0b/stax-api-1.0-2.jar, /builds/cedarsoft/com.cedarsoft.monorepo/.gradle/caches/modules-2/files-2.1/net.bytebuddy/byte-buddy/1.10.20/c5d2d12c75c5d52f8df33f4211e6dbd05a42b117/byte-buddy-1.10.20.jar, /builds/cedarsoft/com.cedarsoft.monorepo/.gradle/caches/modules-2/files-2.1/net.bytebuddy/byte-buddy-agent/1.10.20/8391bfea9da53fd92edd4a453571ef70b3aae09f/byte-buddy-agent-1.10.20.jar, /builds/cedarsoft/com.cedarsoft.monorepo/.gradle/caches/modules-2/files-2.1/org.objenesis/objenesis/3.1/48f12deaae83a8dfc3775d830c9fd60ea59bbbca/objenesis-3.1.jar, /builds/cedarsoft/com.cedarsoft.monorepo/.gradle/caches/modules-2/files-2.1/org.easytesting/fest-util/1.2.4/a86b8e01eb7ecfd820df4f22c734a825a0085574/fest-util-1.2.4.jar, /builds/cedarsoft/com.cedarsoft.monorepo/.gradle/caches/modules-2/files-2.1/org.eclipse.jetty.http2/http2-common/9.4.31.v20200723/dd6fc64e41103afca8f9c1c1465ec24541e5681c/http2-common-9.4.31.v20200723.jar, /builds/cedarsoft/com.cedarsoft.monorepo/.gradle/caches/modules-2/files-2.1/org.eclipse.jetty/jetty-alpn-openjdk8-client/9.4.31.v20200723/5c4c0f19a0a1c8a760c298049be7412f7e901bce/jetty-alpn-openjdk8-client-9.4.31.v20200723.jar, /builds/cedarsoft/com.cedarsoft.monorepo/.gradle/caches/modules-2/files-2.1/org.eclipse.jetty/jetty-alpn-java-client/9.4.31.v20200723/f863d49267102c624812efd1ec7f43d6e8c1c30b/jetty-alpn-java-client-9.4.31.v20200723.jar, /builds/cedarsoft/com.cedarsoft.monorepo/.gradle/caches/modules-2/files-2.1/org.eclipse.jetty/jetty-alpn-client/9.4.31.v20200723/32a4ae2f1eb4d40c9411e092089b867d29e09e9c/jetty-alpn-client-9.4.31.v20200723.jar, /builds/cedarsoft/com.cedarsoft.monorepo/.gradle/caches/modules-2/files-2.1/org.eclipse.jetty.http2/http2-hpack/9.4.31.v20200723/836f1a761bf5942494b3c41c9470ea1cd39c8420/http2-hpack-9.4.31.v20200723.jar, /builds/cedarsoft/com.cedarsoft.monorepo/.gradle/caches/modules-2/files-2.1/org.eclipse.jetty/jetty-http/9.4.31.v20200723/6862f0e6fc7e9f8828416a7cae1477b233d92f8/jetty-http-9.4.31.v20200723.jar, /builds/cedarsoft/com.cedarsoft.monorepo/.gradle/caches/modules-2/files-2.1/org.eclipse.jetty/jetty-io/9.4.31.v20200723/328e4562e0f30e01efea63efe4fc24b2b860d852/jetty-io-9.4.31.v20200723.jar, /builds/cedarsoft/com.cedarsoft.monorepo/.gradle/caches/modules-2/files-2.1/net.java.dev.jna/jna-platform/5.5.0/af38e7c4d0fc73c23ecd785443705bfdee5b90bf/jna-platform-5.5.0.jar, /builds/cedarsoft/com.cedarsoft.monorepo/.gradle/caches/modules-2/files-2.1/net.java.dev.jna/jna/5.5.0/e0845217c4907822403912ad6828d8e0b256208/jna-5.5.0.jar, /builds/cedarsoft/com.cedarsoft.monorepo/.gradle/caches/modules-2/files-2.1/io.netty/netty-codec-http/4.1.54.Final/70eb9509289d1cee549cf12bae71929d1a4a12c7/netty-codec-http-4.1.54.Final.jar, /builds/cedarsoft/com.cedarsoft.monorepo/.gradle/caches/modules-2/files-2.1/io.netty/netty-handler/4.1.54.Final/e83dfe8ebe3622d2cd5cce8532a9ca49cad51e9/netty-handler-4.1.54.Final.jar, /builds/cedarsoft/com.cedarsoft.monorepo/.gradle/caches/modules-2/files-2.1/io.netty/netty-codec/4.1.54.Final/295680345b12a86c21fa7af5d9a77e0e0fcff46a/netty-codec-4.1.54.Final.jar, /builds/cedarsoft/com.cedarsoft.monorepo/.gradle/caches/modules-2/files-2.1/io.netty/netty-transport-native-unix-common/4.1.54.Final/ac7d48202cf62c8d51abe89f228d338a41cb49cd/netty-transport-native-unix-common-4.1.54.Final.jar, /builds/cedarsoft/com.cedarsoft.monorepo/.gradle/caches/modules-2/files-2.1/io.netty/netty-transport/4.1.54.Final/ddb9a255819b87b8812932d1d1001f4d9dc7f89e/netty-transport-4.1.54.Final.jar, /builds/cedarsoft/com.cedarsoft.monorepo/.gradle/caches/modules-2/files-2.1/io.netty/netty-buffer/4.1.54.Final/15c513ef8a2e56e88d3736752ea10eae758f47d8/netty-buffer-4.1.54.Final.jar, /builds/cedarsoft/com.cedarsoft.monorepo/.gradle/caches/modules-2/files-2.1/io.netty/netty-resolver/4.1.54.Final/7eed781e7531b990f8360e1a5010b53ca73878f5/netty-resolver-4.1.54.Final.jar, /builds/cedarsoft/com.cedarsoft.monorepo/.gradle/caches/modules-2/files-2.1/io.netty/netty-common/4.1.54.Final/8c330383cda87204ab38e7401ab0f56c0d43b799/netty-common-4.1.54.Final.jar, /builds/cedarsoft/com.cedarsoft.monorepo/.gradle/caches/modules-2/files-2.1/org.hamcrest/hamcrest-core/1.3/42a25dc3219429f0e5d060061f71acb49bf010a0/hamcrest-core-1.3.jar, /builds/cedarsoft/com.cedarsoft.monorepo/.gradle/caches/modules-2/files-2.1/org.apiguardian/apiguardian-api/1.1.0/fc9dff4bb36d627bdc553de77e1f17efd790876c/apiguardian-api-1.1.0.jar, /builds/cedarsoft/com.cedarsoft.monorepo/.gradle/caches/modules-2/files-2.1/org.eclipse.jetty/jetty-util/9.4.31.v20200723/b9c346da72d8715bdfb0373a123374ec6ac9e544/jetty-util-9.4.31.v20200723.jar]
03:05:32.809 [Test worker] DEBUG ktor.test - Watching /builds/cedarsoft/com.cedarsoft.monorepo/internal/open/commons/ktor-server/build/classes/kotlin/main for changes.
03:05:32.810 [Test worker] DEBUG ktor.test - Watching /builds/cedarsoft/com.cedarsoft.monorepo/internal/open/commons/ktor-server/build/classes/kotlin/test/com/cedarsoft/commons/ktor for changes.
03:05:32.811 [Test worker] DEBUG ktor.test - Watching /builds/cedarsoft/com.cedarsoft.monorepo/internal/open/commons/ktor-server/build/classes/kotlin/main/com/cedarsoft/commons for changes.
03:05:32.812 [Test worker] DEBUG ktor.test - Watching /builds/cedarsoft/com.cedarsoft.monorepo/internal/open/commons/ktor-server/build/classes/kotlin/test/com/cedarsoft for changes.
03:05:32.813 [Test worker] DEBUG ktor.test - Watching /builds/cedarsoft/com.cedarsoft.monorepo/internal/open/commons/ktor-server/build/classes/kotlin/test/META-INF for changes.
03:05:32.813 [Test worker] DEBUG ktor.test - Watching /builds/cedarsoft/com.cedarsoft.monorepo/internal/open/commons/ktor-server/build/classes/kotlin/test/com/cedarsoft/commons for changes.
03:05:32.813 [Test worker] DEBUG ktor.test - Watching /builds/cedarsoft/com.cedarsoft.monorepo/internal/open/commons/ktor-server/build/classes/kotlin/main/com/cedarsoft/commons/ktor for changes.
03:05:32.814 [Test worker] DEBUG ktor.test - Watching /builds/cedarsoft/com.cedarsoft.monorepo/internal/open/commons/ktor-server/build/classes/kotlin/main/com for changes.
03:05:32.814 [Test worker] DEBUG ktor.test - Watching /builds/cedarsoft/com.cedarsoft.monorepo/internal/open/commons/ktor-server/build/classes/kotlin/test/com for changes.
03:05:32.814 [Test worker] DEBUG ktor.test - Watching /builds/cedarsoft/com.cedarsoft.monorepo/internal/open/commons/ktor-server/build/classes/kotlin/main/com/cedarsoft for changes.
03:05:32.815 [Test worker] DEBUG ktor.test - Watching /builds/cedarsoft/com.cedarsoft.monorepo/internal/open/commons/ktor-server/build/classes/kotlin/main/META-INF for changes.
03:05:32.815 [Test worker] DEBUG ktor.test - Watching /builds/cedarsoft/com.cedarsoft.monorepo/internal/open/commons/ktor-server/build/classes/kotlin/test for changes.
03:05:34.907 [Test worker] DEBUG ktor.test - Java Home: /opt/java/jdk1.8.0_271
03:05:34.907 [Test worker] DEBUG ktor.test - Class Loader: sun.misc.Launcher$AppClassLoader@73d16e93: [/builds/cedarsoft/com.cedarsoft.monorepo/.gradle/caches/7.0-20210309230237+0000/workerMain/gradle-worker.jar, /builds/cedarsoft/com.cedarsoft.monorepo/internal/open/commons/ktor-server/build/tmp/expandedArchives/org.jacoco.agent-0.8.6.jar_a26f6511a7813217be4cd6439d66563b/jacocoagent.jar, /builds/cedarsoft/com.cedarsoft.monorepo/internal/open/commons/ktor-server/build/classes/java/test, /builds/cedarsoft/com.cedarsoft.monorepo/internal/open/commons/ktor-server/build/classes/kotlin/test/, /builds/cedarsoft/com.cedarsoft.monorepo/internal/open/commons/ktor-server/build/resources/test, /builds/cedarsoft/com.cedarsoft.monorepo/internal/open/commons/ktor-server/build/classes/java/main, /builds/cedarsoft/com.cedarsoft.monorepo/internal/open/commons/ktor-server/build/classes/kotlin/main/, /builds/cedarsoft/com.cedarsoft.monorepo/internal/open/commons/ktor-server/build/resources/main, /builds/cedarsoft/com.cedarsoft.monorepo/internal/dependencies-sets/ktor/build/libs/ktor-8.9.5-SNAPSHOT.jar, /builds/cedarsoft/com.cedarsoft.monorepo/internal/open/commons/kotlinx-serializers/build/libs/kotlinx-serializers-8.9.5-SNAPSHOT.jar, /builds/cedarsoft/com.cedarsoft.monorepo/internal/open/commons/concurrent/build/libs/concurrent-8.9.5-SNAPSHOT.jar, /builds/cedarsoft/com.cedarsoft.monorepo/internal/open/commons/guava/build/libs/guava-8.9.5-SNAPSHOT.jar, /builds/cedarsoft/com.cedarsoft.monorepo/internal/open/commons/test-utils/build/libs/test-utils-8.9.5-SNAPSHOT.jar, /builds/cedarsoft/com.cedarsoft.monorepo/internal/open/commons/commons/build/libs/commons-8.9.5-SNAPSHOT.jar, /builds/cedarsoft/com.cedarsoft.monorepo/internal/dependencies-sets/kotlin-test/build/libs/kotlin-test-8.9.5-SNAPSHOT.jar, /builds/cedarsoft/com.cedarsoft.monorepo/internal/dependencies-sets/test-basics/build/libs/test-basics-8.9.5-SNAPSHOT.jar, /builds/cedarsoft/com.cedarsoft.monorepo/internal/open/commons/crypt/build/libs/crypt-8.9.5-SNAPSHOT.jar, /builds/cedarsoft/com.cedarsoft.monorepo/internal/open/commons/xml-commons/build/libs/xml-commons-8.9.5-SNAPSHOT.jar, /builds/cedarsoft/com.cedarsoft.monorepo/.gradle/caches/modules-2/files-2.1/com.google.guava/guava/30.1-jre/d0c3ce2311c9e36e73228da25a6e99b2ab826f/guava-30.1-jre.jar, /builds/cedarsoft/com.cedarsoft.monorepo/.gradle/caches/modules-2/files-2.1/io.ktor/ktor-server-test-host/1.5.2/fef1363b39ea6c1a2735f96754cafb9c9d8a5c8/ktor-server-test-host-jvm-1.5.2.jar, /builds/cedarsoft/com.cedarsoft.monorepo/.gradle/caches/modules-2/files-2.1/io.ktor/ktor-websockets/1.5.2/ec39fc53b8f8e404e60e5c349a749c1e0d713c3e/ktor-websockets-jvm-1.5.2.jar, /builds/cedarsoft/com.cedarsoft.monorepo/.gradle/caches/modules-2/files-2.1/io.ktor/ktor-jackson/1.5.2/e229d501dc42ba2b4d16d6d1913a9b33190b6144/ktor-jackson-jvm-1.5.2.jar, /builds/cedarsoft/com.cedarsoft.monorepo/.gradle/caches/modules-2/files-2.1/io.ktor/ktor-locations/1.5.2/ec8dd73b1f7ea5fa8e17aae680c5a1913db03e11/ktor-locations-jvm-1.5.2.jar, /builds/cedarsoft/com.cedarsoft.monorepo/.gradle/caches/modules-2/files-2.1/io.ktor/ktor-metrics/1.5.2/b366beec7c45285735e795c18d9058eae8f106b7/ktor-metrics-jvm-1.5.2.jar, /builds/cedarsoft/com.cedarsoft.monorepo/.gradle/caches/modules-2/files-2.1/io.ktor/ktor-auth/1.5.2/dedc866881e2748f75ed5749195205ffc4a0449a/ktor-auth-jvm-1.5.2.jar, /builds/cedarsoft/com.cedarsoft.monorepo/.gradle/caches/modules-2/files-2.1/io.ktor/ktor-html-builder/1.5.2/7e1dbcfa61ed6127588eb7cc2643f2a4021b92d4/ktor-html-builder-jvm-1.5.2.jar, /builds/cedarsoft/com.cedarsoft.monorepo/.gradle/caches/modules-2/files-2.1/io.ktor/ktor-server-netty/1.5.2/5e9aef7c961bf18814c5211b572f028559f6f3f4/ktor-server-netty-jvm-1.5.2.jar, /builds/cedarsoft/com.cedarsoft.monorepo/.gradle/caches/modules-2/files-2.1/io.ktor/ktor-server-host-common/1.5.2/205fa3f2b2106342dcba9b6a5ffebab3649d3465/ktor-server-host-common-jvm-1.5.2.jar, /builds/cedarsoft/com.cedarsoft.monorepo/.gradle/caches/modules-2/files-2.1/io.ktor/ktor-server-core/1.5.2/75fbbefee3c362198ce438bc6a93103179ebc9ec/ktor-server-core-jvm-1.5.2.jar, /builds/cedarsoft/com.cedarsoft.monorepo/.gradle/caches/modules-2/files-2.1/io.strikt/strikt-core/0.29.0/71a80cd98a59e46c89ad25c407b3b4ae5247ccfa/strikt-core-0.29.0.jar, /builds/cedarsoft/com.cedarsoft.monorepo/.gradle/caches/modules-2/files-2.1/io.ktor/ktor-network-tls-certificates/1.5.2/ce3f3fc297ed615031b559e97d79b1eface5405c/ktor-network-tls-certificates-jvm-1.5.2.jar, /builds/cedarsoft/com.cedarsoft.monorepo/.gradle/caches/modules-2/files-2.1/org.jetbrains.kotlinx/kotlinx-coroutines-jdk8/1.4.3/ac0ac5c6ff626e1907b3a7d4d32197e8d65e08c5/kotlinx-coroutines-jdk8-1.4.3.jar, /builds/cedarsoft/com.cedarsoft.monorepo/internal/open/commons/kotlin-lang/build/libs/kotlin-lang-jvm-8.9.5-SNAPSHOT.jar, /builds/cedarsoft/com.cedarsoft.monorepo/internal/open/unit/unit/build/libs/unit-jvm-8.9.5-SNAPSHOT.jar, /builds/cedarsoft/com.cedarsoft.monorepo/internal/open/commons/exceptions/build/libs/exceptions-8.9.5-SNAPSHOT.jar, /builds/cedarsoft/com.cedarsoft.monorepo/.gradle/caches/modules-2/files-2.1/com.willowtreeapps.assertk/assertk-jvm/0.23.1/af9df108b72f37d3771eba1ee51e93c72b176031/assertk-jvm-0.23.1.jar, /builds/cedarsoft/com.cedarsoft.monorepo/.gradle/caches/modules-2/files-2.1/org.jetbrains.kotlinx/kotlinx-html-jvm/0.7.2/c7a77c9027384b982941d48ee61f80cce12a03eb/kotlinx-html-jvm-0.7.2.jar, /builds/cedarsoft/com.cedarsoft.monorepo/.gradle/caches/modules-2/files-2.1/com.christophsturm/filepeek/0.1.2/347482ee8f7b82e5dbc95ee0d61930e4fe4a5695/filepeek-0.1.2.jar, /builds/cedarsoft/com.cedarsoft.monorepo/.gradle/caches/modules-2/files-2.1/org.jetbrains.kotlin/kotlin-stdlib-jdk8/1.4.31/e613be5465ef1e6fd0468707690b7ebf625ea2fe/kotlin-stdlib-jdk8-1.4.31.jar, /builds/cedarsoft/com.cedarsoft.monorepo/.gradle/caches/modules-2/files-2.1/org.awaitility/awaitility/4.0.3/144a5f4c85c5113e1f63139b5bdee6336511ee88/awaitility-4.0.3.jar, /builds/cedarsoft/com.cedarsoft.monorepo/.gradle/caches/modules-2/files-2.1/ch.qos.logback/logback-classic/1.2.3/7c4f3c474fb2c041d8028740440937705ebb473a/logback-classic-1.2.3.jar, /builds/cedarsoft/com.cedarsoft.monorepo/internal/dependencies-sets/kotlin/build/libs/kotlin-8.9.5-SNAPSHOT.jar, /builds/cedarsoft/com.cedarsoft.monorepo/.gradle/caches/modules-2/files-2.1/com.google.guava/failureaccess/1.0.1/1dcf1de382a0bf95a3d8b0849546c88bac1292c9/failureaccess-1.0.1.jar, /builds/cedarsoft/com.cedarsoft.monorepo/.gradle/caches/modules-2/files-2.1/com.google.guava/listenablefuture/9999.0-empty-to-avoid-conflict-with-guava/b421526c5f297295adef1c886e5246c39d4ac629/listenablefuture-9999.0-empty-to-avoid-conflict-with-guava.jar, /builds/cedarsoft/com.cedarsoft.monorepo/.gradle/caches/modules-2/files-2.1/com.google.code.findbugs/jsr305/3.0.2/25ea2e8b0c338a877313bd4672d3fe056ea78f0d/jsr305-3.0.2.jar, /builds/cedarsoft/com.cedarsoft.monorepo/.gradle/caches/modules-2/files-2.1/org.checkerframework/checker-qual/3.5.0/2f50520c8abea66fbd8d26e481d3aef5c673b510/checker-qual-3.5.0.jar, /builds/cedarsoft/com.cedarsoft.monorepo/.gradle/caches/modules-2/files-2.1/com.google.errorprone/error_prone_annotations/2.3.4/dac170e4594de319655ffb62f41cbd6dbb5e601e/error_prone_annotations-2.3.4.jar, /builds/cedarsoft/com.cedarsoft.monorepo/.gradle/caches/modules-2/files-2.1/com.google.j2objc/j2objc-annotations/1.3/ba035118bc8bac37d7eff77700720999acd9986d/j2objc-annotations-1.3.jar, /builds/cedarsoft/com.cedarsoft.monorepo/.gradle/caches/modules-2/files-2.1/io.ktor/ktor-client-cio-jvm/1.5.2/b767c08e7a9c2236a82c38836fe296ccb951bd73/ktor-client-cio-jvm-1.5.2.jar, /builds/cedarsoft/com.cedarsoft.monorepo/.gradle/caches/modules-2/files-2.1/io.ktor/ktor-network-tls-jvm/1.5.2/9ddb2fbecf6f163d397a0f84bfbbcaa8dcbcc68f/ktor-network-tls-jvm-1.5.2.jar, /builds/cedarsoft/com.cedarsoft.monorepo/.gradle/caches/modules-2/files-2.1/io.ktor/ktor-client-jetty/1.5.2/4d426a2af34c51eddd4430a1297e9b5ae7e15081/ktor-client-jetty-jvm-1.5.2.jar, /builds/cedarsoft/com.cedarsoft.monorepo/.gradle/caches/modules-2/files-2.1/io.ktor/ktor-client-core-jvm/1.5.2/e05ebd1bd4e839b7428eaf734295597e56d24bb5/ktor-client-core-jvm-1.5.2.jar, /builds/cedarsoft/com.cedarsoft.monorepo/.gradle/caches/modules-2/files-2.1/io.ktor/ktor-http-cio-jvm/1.5.2/765adc8967bc8082b3d3ffb3e551df82045569ec/ktor-http-cio-jvm-1.5.2.jar, /builds/cedarsoft/com.cedarsoft.monorepo/.gradle/caches/modules-2/files-2.1/io.ktor/ktor-http-jvm/1.5.2/4369b93f10dfc7a5f25e9553c3b7a939672ef27e/ktor-http-jvm-1.5.2.jar, /builds/cedarsoft/com.cedarsoft.monorepo/.gradle/caches/modules-2/files-2.1/io.ktor/ktor-network-jvm/1.5.2/2dbe903827cefa66c8d4e798733e332786eb2ac/ktor-network-jvm-1.5.2.jar, /builds/cedarsoft/com.cedarsoft.monorepo/.gradle/caches/modules-2/files-2.1/io.ktor/ktor-utils-jvm/1.5.2/7c27dfe83c6a5b60ae9dc6d932aa28e0aeefd109/ktor-utils-jvm-1.5.2.jar, /builds/cedarsoft/com.cedarsoft.monorepo/.gradle/caches/modules-2/files-2.1/org.jetbrains.kotlinx/kotlinx-coroutines-debug/1.4.2/281b0ff1835080e67b3f4628752c72aa7a20c174/kotlinx-coroutines-debug-1.4.2.jar, /builds/cedarsoft/com.cedarsoft.monorepo/.gradle/caches/modules-2/files-2.1/io.ktor/ktor-io-jvm/1.5.2/e82d3eb4104bde6be7c0e2a20cbece4f2bf32bad/ktor-io-jvm-1.5.2.jar, /builds/cedarsoft/com.cedarsoft.monorepo/.gradle/caches/modules-2/files-2.1/org.jetbrains.kotlinx/kotlinx-serialization-json-jvm/1.1.0/86c26030512eb057e02c9bfcfdfd9e2fbb82201/kotlinx-serialization-json-jvm-1.1.0.jar, /builds/cedarsoft/com.cedarsoft.monorepo/.gradle/caches/modules-2/files-2.1/org.jetbrains.kotlin/kotlin-stdlib-jdk7/1.4.31/84ce8e85f6e84270b2b501d44e9f0ba6ff64fa71/kotlin-stdlib-jdk7-1.4.31.jar, /builds/cedarsoft/com.cedarsoft.monorepo/.gradle/caches/modules-2/files-2.1/com.fasterxml.jackson.core/jackson-databind/2.12.2/5f9d79e09ebf5d54a46e9f4543924cf7ae7654e0/jackson-databind-2.12.2.jar, /builds/cedarsoft/com.cedarsoft.monorepo/.gradle/caches/modules-2/files-2.1/com.fasterxml.jackson.core/jackson-annotations/2.12.2/a770cc4c0a1fb0bfd8a150a6a0004e42bc99fca/jackson-annotations-2.12.2.jar, /builds/cedarsoft/com.cedarsoft.monorepo/.gradle/caches/modules-2/files-2.1/com.fasterxml.jackson.core/jackson-core/2.12.2/8df50138521d05561a308ec2799cc8dda20c06df/jackson-core-2.12.2.jar, /builds/cedarsoft/com.cedarsoft.monorepo/.gradle/caches/modules-2/files-2.1/com.fasterxml.jackson.module/jackson-module-kotlin/2.12.2/f3b0d95d5493f1ab2846f9e981db19caf1410e88/jackson-module-kotlin-2.12.2.jar, /builds/cedarsoft/com.cedarsoft.monorepo/.gradle/caches/modules-2/files-2.1/org.jetbrains.kotlin/kotlin-reflect/1.4.31/63db9d66c3d20f7b8f66196e7ba86969daae8b8a/kotlin-reflect-1.4.31.jar, /builds/cedarsoft/com.cedarsoft.monorepo/.gradle/caches/modules-2/files-2.1/org.jetbrains.kotlinx/kotlinx-serialization-protobuf-jvm/1.1.0/a2c675697ad328d1a5293660dd9e1112e7a7ef17/kotlinx-serialization-protobuf-jvm-1.1.0.jar, /builds/cedarsoft/com.cedarsoft.monorepo/.gradle/caches/modules-2/files-2.1/org.jetbrains.kotlinx/kotlinx-coroutines-core-jvm/1.4.3/1051e11eb789ed1df93412bebe0f06e9d29160e4/kotlinx-coroutines-core-jvm-1.4.3.jar, /builds/cedarsoft/com.cedarsoft.monorepo/.gradle/caches/modules-2/files-2.1/org.jetbrains.kotlin/kotlin-test-junit/1.4.31/5999535005a97b58219957d821209ec6367b27e5/kotlin-test-junit-1.4.31.jar, /builds/cedarsoft/com.cedarsoft.monorepo/.gradle/caches/modules-2/files-2.1/org.jetbrains.kotlin/kotlin-test/1.4.31/32778ee611469736a0db1b1b66f1aff964073f63/kotlin-test-1.4.31.jar, /builds/cedarsoft/com.cedarsoft.monorepo/.gradle/caches/modules-2/files-2.1/org.jetbrains.kotlinx/kotlinx-serialization-core-jvm/1.1.0/6a6d0b8e8a44c48e206e435d279b1773832f4f1b/kotlinx-serialization-core-jvm-1.1.0.jar, /builds/cedarsoft/com.cedarsoft.monorepo/.gradle/caches/modules-2/files-2.1/com.willowtreeapps.opentest4k/opentest4k-jvm/1.2.1/2cba238e7106b5ac682da81d2c038b6880510f37/opentest4k-jvm-1.2.1.jar, /builds/cedarsoft/com.cedarsoft.monorepo/.gradle/caches/modules-2/files-2.1/org.jetbrains.kotlin/kotlin-stdlib/1.4.31/a58e0fb9812a6a93ca24b5da75e4b5a0cb89c957/kotlin-stdlib-1.4.31.jar, /builds/cedarsoft/com.cedarsoft.monorepo/.gradle/caches/modules-2/files-2.1/commons-codec/commons-codec/1.15/49d94806b6e3dc933dacbd8acb0fdbab8ebd1e5d/commons-codec-1.15.jar, /builds/cedarsoft/com.cedarsoft.monorepo/.gradle/caches/modules-2/files-2.1/commons-io/commons-io/2.8.0/92999e26e6534606b5678014e66948286298a35c/commons-io-2.8.0.jar, /builds/cedarsoft/com.cedarsoft.monorepo/.gradle/caches/modules-2/files-2.1/org.codehaus.staxmate/staxmate/2.0.1/b0b767fbc22683d7bf26a14ae1c5817561e21d00/staxmate-2.0.1.jar, /builds/cedarsoft/com.cedarsoft.monorepo/.gradle/caches/modules-2/files-2.1/org.codehaus.woodstox/woodstox-core-asl/4.4.1/84fee5eb1a4a1cefe65b6883c73b3fa83be3c1a1/woodstox-core-asl-4.4.1.jar, /builds/cedarsoft/com.cedarsoft.monorepo/.gradle/caches/modules-2/files-2.1/org.apache.commons/commons-lang3/3.12.0/c6842c86792ff03b9f1d1fe2aab8dc23aa6c6f0e/commons-lang3-3.12.0.jar, /builds/cedarsoft/com.cedarsoft.monorepo/.gradle/caches/modules-2/files-2.1/org.mockito/mockito-core/3.8.0/a3f5ed0745e4d76aa880136ab514412cd50b6246/mockito-core-3.8.0.jar, /builds/cedarsoft/com.cedarsoft.monorepo/.gradle/caches/modules-2/files-2.1/org.easymock/easymockclassextension/3.2/9c922ad77729f27eb7872aa570287e239a8346da/easymockclassextension-3.2.jar, /builds/cedarsoft/com.cedarsoft.monorepo/.gradle/caches/modules-2/files-2.1/org.easymock/easymock/4.2/251b26f1b853673c1aac277fd2fb0c8d5844cdc8/easymock-4.2.jar, /builds/cedarsoft/com.cedarsoft.monorepo/.gradle/caches/modules-2/files-2.1/org.assertj/assertj-core/3.19.0/f64cb5690b85e68d5e1e6c6152bfb6e3840a452d/assertj-core-3.19.0.jar, /builds/cedarsoft/com.cedarsoft.monorepo/.gradle/caches/modules-2/files-2.1/org.easytesting/fest-reflect/1.4.1/2b92d5275e92a49e16c7ce6bd7e46b9080db0530/fest-reflect-1.4.1.jar, /builds/cedarsoft/com.cedarsoft.monorepo/.gradle/caches/modules-2/files-2.1/xmlunit/xmlunit/1.6/adcae0aff916681dacd2b490e193f1119cd964a9/xmlunit-1.6.jar, /builds/cedarsoft/com.cedarsoft.monorepo/.gradle/caches/modules-2/files-2.1/org.hamcrest/hamcrest/2.1/9420ba32c29217b54eebd26ff7f9234d31c3fbb2/hamcrest-2.1.jar, /builds/cedarsoft/com.cedarsoft.monorepo/.gradle/caches/modules-2/files-2.1/ch.qos.logback/logback-core/1.2.3/864344400c3d4d92dfeb0a305dc87d953677c03c/logback-core-1.2.3.jar, /builds/cedarsoft/com.cedarsoft.monorepo/.gradle/caches/modules-2/files-2.1/io.dropwizard.metrics/metrics-jvm/4.1.14/fd192172c81a0225137525596d82ad99f6435f8c/metrics-jvm-4.1.14.jar, /builds/cedarsoft/com.cedarsoft.monorepo/.gradle/caches/modules-2/files-2.1/io.dropwizard.metrics/metrics-core/4.1.14/14cf9dd67619a0390812dddb232df339e3383d35/metrics-core-4.1.14.jar, /builds/cedarsoft/com.cedarsoft.monorepo/.gradle/caches/modules-2/files-2.1/org.slf4j/slf4j-api/1.7.30/b5a4b6d16ab13e34a88fae84c35cd5d68cac922c/slf4j-api-1.7.30.jar, /builds/cedarsoft/com.cedarsoft.monorepo/.gradle/caches/modules-2/files-2.1/org.eclipse.jetty.http2/http2-http-client-transport/9.4.31.v20200723/6b12bda474f3033d2213af1e7dc49a08f9922852/http2-http-client-transport-9.4.31.v20200723.jar, /builds/cedarsoft/com.cedarsoft.monorepo/.gradle/caches/modules-2/files-2.1/org.eclipse.jetty.http2/http2-client/9.4.31.v20200723/941313dcc9846ef76523e1947083206a103ca763/http2-client-9.4.31.v20200723.jar, /builds/cedarsoft/com.cedarsoft.monorepo/.gradle/caches/modules-2/files-2.1/org.eclipse.jetty/jetty-client/9.4.31.v20200723/a4d779d1dcd7fa948d1175ebf3e20a0b0caacdc/jetty-client-9.4.31.v20200723.jar, /builds/cedarsoft/com.cedarsoft.monorepo/.gradle/caches/modules-2/files-2.1/org.junit.jupiter/junit-jupiter-params/5.7.1/6f81b3c053433a8a40a378d2b4f056c5c31e50ff/junit-jupiter-params-5.7.1.jar, /builds/cedarsoft/com.cedarsoft.monorepo/.gradle/caches/modules-2/files-2.1/org.junit.jupiter/junit-jupiter-engine/5.7.1/7fcfa59c5533abb41f86b1408960737eeaf1f49f/junit-jupiter-engine-5.7.1.jar, /builds/cedarsoft/com.cedarsoft.monorepo/.gradle/caches/modules-2/files-2.1/org.junit.jupiter/junit-jupiter-api/5.7.1/a7261dff44e64aea7f621842eac5977fd6d2412d/junit-jupiter-api-5.7.1.jar, /builds/cedarsoft/com.cedarsoft.monorepo/.gradle/caches/modules-2/files-2.1/org.junit.platform/junit-platform-engine/1.7.1/d276a968c57f5d60a421dedd1f8b6ca2fae09e86/junit-platform-engine-1.7.1.jar, /builds/cedarsoft/com.cedarsoft.monorepo/.gradle/caches/modules-2/files-2.1/org.junit.platform/junit-platform-commons/1.7.1/7c49f0074842d07f4335de2389d624a7437d1407/junit-platform-commons-1.7.1.jar, /builds/cedarsoft/com.cedarsoft.monorepo/.gradle/caches/modules-2/files-2.1/org.junit.vintage/junit-vintage-engine/5.7.1/8184800e1a38965b3fb62a104458678835311e94/junit-vintage-engine-5.7.1.jar, /builds/cedarsoft/com.cedarsoft.monorepo/.gradle/caches/modules-2/files-2.1/junit/junit/4.13.2/8ac9e16d933b6fb43bc7f576336b8f4d7eb5ba12/junit-4.13.2.jar, /builds/cedarsoft/com.cedarsoft.monorepo/.gradle/caches/modules-2/files-2.1/org.jetbrains.kotlin/kotlin-test-annotations-common/1.4.31/3afa7909df3e9a2bcec3c2c133eba9d25b02ee70/kotlin-test-annotations-common-1.4.31.jar, /builds/cedarsoft/com.cedarsoft.monorepo/.gradle/caches/modules-2/files-2.1/org.jetbrains.kotlin/kotlin-test-common/1.4.31/4230331b5109debc141a9a81e4cadb357692e7ab/kotlin-test-common-1.4.31.jar, /builds/cedarsoft/com.cedarsoft.monorepo/.gradle/caches/modules-2/files-2.1/org.jetbrains.kotlin/kotlin-stdlib-common/1.4.31/6dd50665802f54ba9bc3f70ecb20227d1bc81323/kotlin-stdlib-common-1.4.31.jar, /builds/cedarsoft/com.cedarsoft.monorepo/.gradle/caches/modules-2/files-2.1/com.typesafe/config/1.3.1/2cf7a6cc79732e3bdf1647d7404279900ca63eb0/config-1.3.1.jar, /builds/cedarsoft/com.cedarsoft.monorepo/.gradle/caches/modules-2/files-2.1/io.netty/netty-codec-http2/4.1.54.Final/327a4ae62b0a41cdf02f610f06eb353f10c17ef8/netty-codec-http2-4.1.54.Final.jar, /builds/cedarsoft/com.cedarsoft.monorepo/.gradle/caches/modules-2/files-2.1/org.eclipse.jetty.alpn/alpn-api/1.1.3.v20160715/a1bf3a937f91b4c953acd13e8c9552347adc2198/alpn-api-1.1.3.v20160715.jar, /builds/cedarsoft/com.cedarsoft.monorepo/.gradle/caches/modules-2/files-2.1/io.netty/netty-transport-native-kqueue/4.1.54.Final/941f2f438f7d1e6d2ba39141fa3a4d30cda5f223/netty-transport-native-kqueue-4.1.54.Final.jar, /builds/cedarsoft/com.cedarsoft.monorepo/.gradle/caches/modules-2/files-2.1/io.netty/netty-transport-native-epoll/4.1.54.Final/59f7241f86236bd5b5ed5dd1f4b6f2cdae56b978/netty-transport-native-epoll-4.1.54.Final.jar, /builds/cedarsoft/com.cedarsoft.monorepo/.gradle/caches/modules-2/files-2.1/com.googlecode.json-simple/json-simple/1.1.1/c9ad4a0850ab676c5c64461a05ca524cdfff59f1/json-simple-1.1.1.jar, /builds/cedarsoft/com.cedarsoft.monorepo/internal/dependencies-sets/annotations/build/libs/annotations-8.9.5-SNAPSHOT.jar, /builds/cedarsoft/com.cedarsoft.monorepo/internal/open/annotations/annotations/build/libs/annotations-8.9.5-SNAPSHOT.jar, /builds/cedarsoft/com.cedarsoft.monorepo/.gradle/caches/modules-2/files-2.1/org.jetbrains/annotations/13.0/919f0dfe192fb4e063e7dacadee7f8bb9a2672a9/annotations-13.0.jar, /builds/cedarsoft/com.cedarsoft.monorepo/.gradle/caches/modules-2/files-2.1/org.opentest4j/opentest4j/1.2.0/28c11eb91f9b6d8e200631d46e20a7f407f2a046/opentest4j-1.2.0.jar, /builds/cedarsoft/com.cedarsoft.monorepo/.gradle/caches/modules-2/files-2.1/stax/stax-api/1.0.1/49c100caf72d658aca8e58bd74a4ba90fa2b0d70/stax-api-1.0.1.jar, /builds/cedarsoft/com.cedarsoft.monorepo/.gradle/caches/modules-2/files-2.1/org.codehaus.woodstox/stax2-api/3.1.4/ac19014b1e6a7c08aad07fe114af792676b685b7/stax2-api-3.1.4.jar, /builds/cedarsoft/com.cedarsoft.monorepo/.gradle/caches/modules-2/files-2.1/javax.xml.stream/stax-api/1.0-2/d6337b0de8b25e53e81b922352fbea9f9f57ba0b/stax-api-1.0-2.jar, /builds/cedarsoft/com.cedarsoft.monorepo/.gradle/caches/modules-2/files-2.1/net.bytebuddy/byte-buddy/1.10.20/c5d2d12c75c5d52f8df33f4211e6dbd05a42b117/byte-buddy-1.10.20.jar, /builds/cedarsoft/com.cedarsoft.monorepo/.gradle/caches/modules-2/files-2.1/net.bytebuddy/byte-buddy-agent/1.10.20/8391bfea9da53fd92edd4a453571ef70b3aae09f/byte-buddy-agent-1.10.20.jar, /builds/cedarsoft/com.cedarsoft.monorepo/.gradle/caches/modules-2/files-2.1/org.objenesis/objenesis/3.1/48f12deaae83a8dfc3775d830c9fd60ea59bbbca/objenesis-3.1.jar, /builds/cedarsoft/com.cedarsoft.monorepo/.gradle/caches/modules-2/files-2.1/org.easytesting/fest-util/1.2.4/a86b8e01eb7ecfd820df4f22c734a825a0085574/fest-util-1.2.4.jar, /builds/cedarsoft/com.cedarsoft.monorepo/.gradle/caches/modules-2/files-2.1/org.eclipse.jetty.http2/http2-common/9.4.31.v20200723/dd6fc64e41103afca8f9c1c1465ec24541e5681c/http2-common-9.4.31.v20200723.jar, /builds/cedarsoft/com.cedarsoft.monorepo/.gradle/caches/modules-2/files-2.1/org.eclipse.jetty/jetty-alpn-openjdk8-client/9.4.31.v20200723/5c4c0f19a0a1c8a760c298049be7412f7e901bce/jetty-alpn-openjdk8-client-9.4.31.v20200723.jar, /builds/cedarsoft/com.cedarsoft.monorepo/.gradle/caches/modules-2/files-2.1/org.eclipse.jetty/jetty-alpn-java-client/9.4.31.v20200723/f863d49267102c624812efd1ec7f43d6e8c1c30b/jetty-alpn-java-client-9.4.31.v20200723.jar, /builds/cedarsoft/com.cedarsoft.monorepo/.gradle/caches/modules-2/files-2.1/org.eclipse.jetty/jetty-alpn-client/9.4.31.v20200723/32a4ae2f1eb4d40c9411e092089b867d29e09e9c/jetty-alpn-client-9.4.31.v20200723.jar, /builds/cedarsoft/com.cedarsoft.monorepo/.gradle/caches/modules-2/files-2.1/org.eclipse.jetty.http2/http2-hpack/9.4.31.v20200723/836f1a761bf5942494b3c41c9470ea1cd39c8420/http2-hpack-9.4.31.v20200723.jar, /builds/cedarsoft/com.cedarsoft.monorepo/.gradle/caches/modules-2/files-2.1/org.eclipse.jetty/jetty-http/9.4.31.v20200723/6862f0e6fc7e9f8828416a7cae1477b233d92f8/jetty-http-9.4.31.v20200723.jar, /builds/cedarsoft/com.cedarsoft.monorepo/.gradle/caches/modules-2/files-2.1/org.eclipse.jetty/jetty-io/9.4.31.v20200723/328e4562e0f30e01efea63efe4fc24b2b860d852/jetty-io-9.4.31.v20200723.jar, /builds/cedarsoft/com.cedarsoft.monorepo/.gradle/caches/modules-2/files-2.1/net.java.dev.jna/jna-platform/5.5.0/af38e7c4d0fc73c23ecd785443705bfdee5b90bf/jna-platform-5.5.0.jar, /builds/cedarsoft/com.cedarsoft.monorepo/.gradle/caches/modules-2/files-2.1/net.java.dev.jna/jna/5.5.0/e0845217c4907822403912ad6828d8e0b256208/jna-5.5.0.jar, /builds/cedarsoft/com.cedarsoft.monorepo/.gradle/caches/modules-2/files-2.1/io.netty/netty-codec-http/4.1.54.Final/70eb9509289d1cee549cf12bae71929d1a4a12c7/netty-codec-http-4.1.54.Final.jar, /builds/cedarsoft/com.cedarsoft.monorepo/.gradle/caches/modules-2/files-2.1/io.netty/netty-handler/4.1.54.Final/e83dfe8ebe3622d2cd5cce8532a9ca49cad51e9/netty-handler-4.1.54.Final.jar, /builds/cedarsoft/com.cedarsoft.monorepo/.gradle/caches/modules-2/files-2.1/io.netty/netty-codec/4.1.54.Final/295680345b12a86c21fa7af5d9a77e0e0fcff46a/netty-codec-4.1.54.Final.jar, /builds/cedarsoft/com.cedarsoft.monorepo/.gradle/caches/modules-2/files-2.1/io.netty/netty-transport-native-unix-common/4.1.54.Final/ac7d48202cf62c8d51abe89f228d338a41cb49cd/netty-transport-native-unix-common-4.1.54.Final.jar, /builds/cedarsoft/com.cedarsoft.monorepo/.gradle/caches/modules-2/files-2.1/io.netty/netty-transport/4.1.54.Final/ddb9a255819b87b8812932d1d1001f4d9dc7f89e/netty-transport-4.1.54.Final.jar, /builds/cedarsoft/com.cedarsoft.monorepo/.gradle/caches/modules-2/files-2.1/io.netty/netty-buffer/4.1.54.Final/15c513ef8a2e56e88d3736752ea10eae758f47d8/netty-buffer-4.1.54.Final.jar, /builds/cedarsoft/com.cedarsoft.monorepo/.gradle/caches/modules-2/files-2.1/io.netty/netty-resolver/4.1.54.Final/7eed781e7531b990f8360e1a5010b53ca73878f5/netty-resolver-4.1.54.Final.jar, /builds/cedarsoft/com.cedarsoft.monorepo/.gradle/caches/modules-2/files-2.1/io.netty/netty-common/4.1.54.Final/8c330383cda87204ab38e7401ab0f56c0d43b799/netty-common-4.1.54.Final.jar, /builds/cedarsoft/com.cedarsoft.monorepo/.gradle/caches/modules-2/files-2.1/org.hamcrest/hamcrest-core/1.3/42a25dc3219429f0e5d060061f71acb49bf010a0/hamcrest-core-1.3.jar, /builds/cedarsoft/com.cedarsoft.monorepo/.gradle/caches/modules-2/files-2.1/org.apiguardian/apiguardian-api/1.1.0/fc9dff4bb36d627bdc553de77e1f17efd790876c/apiguardian-api-1.1.0.jar, /builds/cedarsoft/com.cedarsoft.monorepo/.gradle/caches/modules-2/files-2.1/org.eclipse.jetty/jetty-util/9.4.31.v20200723/b9c346da72d8715bdfb0373a123374ec6ac9e544/jetty-util-9.4.31.v20200723.jar]
03:05:34.924 [Test worker] DEBUG ktor.test - Watching /builds/cedarsoft/com.cedarsoft.monorepo/internal/open/commons/ktor-server/build/classes/kotlin/main for changes.
03:05:34.924 [Test worker] DEBUG ktor.test - Watching /builds/cedarsoft/com.cedarsoft.monorepo/internal/open/commons/ktor-server/build/classes/kotlin/test/com/cedarsoft/commons/ktor for changes.
03:05:34.924 [Test worker] DEBUG ktor.test - Watching /builds/cedarsoft/com.cedarsoft.monorepo/internal/open/commons/ktor-server/build/classes/kotlin/main/com/cedarsoft/commons for changes.
03:05:34.925 [Test worker] DEBUG ktor.test - Watching /builds/cedarsoft/com.cedarsoft.monorepo/internal/open/commons/ktor-server/build/classes/kotlin/test/com/cedarsoft for changes.
03:05:34.925 [Test worker] DEBUG ktor.test - Watching /builds/cedarsoft/com.cedarsoft.monorepo/internal/open/commons/ktor-server/build/classes/kotlin/test/META-INF for changes.
03:05:34.925 [Test worker] DEBUG ktor.test - Watching /builds/cedarsoft/com.cedarsoft.monorepo/internal/open/commons/ktor-server/build/classes/kotlin/test/com/cedarsoft/commons for changes.
03:05:34.925 [Test worker] DEBUG ktor.test - Watching /builds/cedarsoft/com.cedarsoft.monorepo/internal/open/commons/ktor-server/build/classes/kotlin/main/com/cedarsoft/commons/ktor for changes.
03:05:34.925 [Test worker] DEBUG ktor.test - Watching /builds/cedarsoft/com.cedarsoft.monorepo/internal/open/commons/ktor-server/build/classes/kotlin/main/com for changes.
03:05:34.925 [Test worker] DEBUG ktor.test - Watching /builds/cedarsoft/com.cedarsoft.monorepo/internal/open/commons/ktor-server/build/classes/kotlin/test/com for changes.
03:05:34.925 [Test worker] DEBUG ktor.test - Watching /builds/cedarsoft/com.cedarsoft.monorepo/internal/open/commons/ktor-server/build/classes/kotlin/main/com/cedarsoft for changes.
03:05:34.925 [Test worker] DEBUG ktor.test - Watching /builds/cedarsoft/com.cedarsoft.monorepo/internal/open/commons/ktor-server/build/classes/kotlin/main/META-INF for changes.
03:05:34.925 [Test worker] DEBUG ktor.test - Watching /builds/cedarsoft/com.cedarsoft.monorepo/internal/open/commons/ktor-server/build/classes/kotlin/test for changes.
03:05:35.105 [Test worker] DEBUG ktor.test - Java Home: /opt/java/jdk1.8.0_271
03:05:35.105 [Test worker] DEBUG ktor.test - Class Loader: sun.misc.Launcher$AppClassLoader@73d16e93: [/builds/cedarsoft/com.cedarsoft.monorepo/.gradle/caches/7.0-20210309230237+0000/workerMain/gradle-worker.jar, /builds/cedarsoft/com.cedarsoft.monorepo/internal/open/commons/ktor-server/build/tmp/expandedArchives/org.jacoco.agent-0.8.6.jar_a26f6511a7813217be4cd6439d66563b/jacocoagent.jar, /builds/cedarsoft/com.cedarsoft.monorepo/internal/open/commons/ktor-server/build/classes/java/test, /builds/cedarsoft/com.cedarsoft.monorepo/internal/open/commons/ktor-server/build/classes/kotlin/test/, /builds/cedarsoft/com.cedarsoft.monorepo/internal/open/commons/ktor-server/build/resources/test, /builds/cedarsoft/com.cedarsoft.monorepo/internal/open/commons/ktor-server/build/classes/java/main, /builds/cedarsoft/com.cedarsoft.monorepo/internal/open/commons/ktor-server/build/classes/kotlin/main/, /builds/cedarsoft/com.cedarsoft.monorepo/internal/open/commons/ktor-server/build/resources/main, /builds/cedarsoft/com.cedarsoft.monorepo/internal/dependencies-sets/ktor/build/libs/ktor-8.9.5-SNAPSHOT.jar, /builds/cedarsoft/com.cedarsoft.monorepo/internal/open/commons/kotlinx-serializers/build/libs/kotlinx-serializers-8.9.5-SNAPSHOT.jar, /builds/cedarsoft/com.cedarsoft.monorepo/internal/open/commons/concurrent/build/libs/concurrent-8.9.5-SNAPSHOT.jar, /builds/cedarsoft/com.cedarsoft.monorepo/internal/open/commons/guava/build/libs/guava-8.9.5-SNAPSHOT.jar, /builds/cedarsoft/com.cedarsoft.monorepo/internal/open/commons/test-utils/build/libs/test-utils-8.9.5-SNAPSHOT.jar, /builds/cedarsoft/com.cedarsoft.monorepo/internal/open/commons/commons/build/libs/commons-8.9.5-SNAPSHOT.jar, /builds/cedarsoft/com.cedarsoft.monorepo/internal/dependencies-sets/kotlin-test/build/libs/kotlin-test-8.9.5-SNAPSHOT.jar, /builds/cedarsoft/com.cedarsoft.monorepo/internal/dependencies-sets/test-basics/build/libs/test-basics-8.9.5-SNAPSHOT.jar, /builds/cedarsoft/com.cedarsoft.monorepo/internal/open/commons/crypt/build/libs/crypt-8.9.5-SNAPSHOT.jar, /builds/cedarsoft/com.cedarsoft.monorepo/internal/open/commons/xml-commons/build/libs/xml-commons-8.9.5-SNAPSHOT.jar, /builds/cedarsoft/com.cedarsoft.monorepo/.gradle/caches/modules-2/files-2.1/com.google.guava/guava/30.1-jre/d0c3ce2311c9e36e73228da25a6e99b2ab826f/guava-30.1-jre.jar, /builds/cedarsoft/com.cedarsoft.monorepo/.gradle/caches/modules-2/files-2.1/io.ktor/ktor-server-test-host/1.5.2/fef1363b39ea6c1a2735f96754cafb9c9d8a5c8/ktor-server-test-host-jvm-1.5.2.jar, /builds/cedarsoft/com.cedarsoft.monorepo/.gradle/caches/modules-2/files-2.1/io.ktor/ktor-websockets/1.5.2/ec39fc53b8f8e404e60e5c349a749c1e0d713c3e/ktor-websockets-jvm-1.5.2.jar, /builds/cedarsoft/com.cedarsoft.monorepo/.gradle/caches/modules-2/files-2.1/io.ktor/ktor-jackson/1.5.2/e229d501dc42ba2b4d16d6d1913a9b33190b6144/ktor-jackson-jvm-1.5.2.jar, /builds/cedarsoft/com.cedarsoft.monorepo/.gradle/caches/modules-2/files-2.1/io.ktor/ktor-locations/1.5.2/ec8dd73b1f7ea5fa8e17aae680c5a1913db03e11/ktor-locations-jvm-1.5.2.jar, /builds/cedarsoft/com.cedarsoft.monorepo/.gradle/caches/modules-2/files-2.1/io.ktor/ktor-metrics/1.5.2/b366beec7c45285735e795c18d9058eae8f106b7/ktor-metrics-jvm-1.5.2.jar, /builds/cedarsoft/com.cedarsoft.monorepo/.gradle/caches/modules-2/files-2.1/io.ktor/ktor-auth/1.5.2/dedc866881e2748f75ed5749195205ffc4a0449a/ktor-auth-jvm-1.5.2.jar, /builds/cedarsoft/com.cedarsoft.monorepo/.gradle/caches/modules-2/files-2.1/io.ktor/ktor-html-builder/1.5.2/7e1dbcfa61ed6127588eb7cc2643f2a4021b92d4/ktor-html-builder-jvm-1.5.2.jar, /builds/cedarsoft/com.cedarsoft.monorepo/.gradle/caches/modules-2/files-2.1/io.ktor/ktor-server-netty/1.5.2/5e9aef7c961bf18814c5211b572f028559f6f3f4/ktor-server-netty-jvm-1.5.2.jar, /builds/cedarsoft/com.cedarsoft.monorepo/.gradle/caches/modules-2/files-2.1/io.ktor/ktor-server-host-common/1.5.2/205fa3f2b2106342dcba9b6a5ffebab3649d3465/ktor-server-host-common-jvm-1.5.2.jar, /builds/cedarsoft/com.cedarsoft.monorepo/.gradle/caches/modules-2/files-2.1/io.ktor/ktor-server-core/1.5.2/75fbbefee3c362198ce438bc6a93103179ebc9ec/ktor-server-core-jvm-1.5.2.jar, /builds/cedarsoft/com.cedarsoft.monorepo/.gradle/caches/modules-2/files-2.1/io.strikt/strikt-core/0.29.0/71a80cd98a59e46c89ad25c407b3b4ae5247ccfa/strikt-core-0.29.0.jar, /builds/cedarsoft/com.cedarsoft.monorepo/.gradle/caches/modules-2/files-2.1/io.ktor/ktor-network-tls-certificates/1.5.2/ce3f3fc297ed615031b559e97d79b1eface5405c/ktor-network-tls-certificates-jvm-1.5.2.jar, /builds/cedarsoft/com.cedarsoft.monorepo/.gradle/caches/modules-2/files-2.1/org.jetbrains.kotlinx/kotlinx-coroutines-jdk8/1.4.3/ac0ac5c6ff626e1907b3a7d4d32197e8d65e08c5/kotlinx-coroutines-jdk8-1.4.3.jar, /builds/cedarsoft/com.cedarsoft.monorepo/internal/open/commons/kotlin-lang/build/libs/kotlin-lang-jvm-8.9.5-SNAPSHOT.jar, /builds/cedarsoft/com.cedarsoft.monorepo/internal/open/unit/unit/build/libs/unit-jvm-8.9.5-SNAPSHOT.jar, /builds/cedarsoft/com.cedarsoft.monorepo/internal/open/commons/exceptions/build/libs/exceptions-8.9.5-SNAPSHOT.jar, /builds/cedarsoft/com.cedarsoft.monorepo/.gradle/caches/modules-2/files-2.1/com.willowtreeapps.assertk/assertk-jvm/0.23.1/af9df108b72f37d3771eba1ee51e93c72b176031/assertk-jvm-0.23.1.jar, /builds/cedarsoft/com.cedarsoft.monorepo/.gradle/caches/modules-2/files-2.1/org.jetbrains.kotlinx/kotlinx-html-jvm/0.7.2/c7a77c9027384b982941d48ee61f80cce12a03eb/kotlinx-html-jvm-0.7.2.jar, /builds/cedarsoft/com.cedarsoft.monorepo/.gradle/caches/modules-2/files-2.1/com.christophsturm/filepeek/0.1.2/347482ee8f7b82e5dbc95ee0d61930e4fe4a5695/filepeek-0.1.2.jar, /builds/cedarsoft/com.cedarsoft.monorepo/.gradle/caches/modules-2/files-2.1/org.jetbrains.kotlin/kotlin-stdlib-jdk8/1.4.31/e613be5465ef1e6fd0468707690b7ebf625ea2fe/kotlin-stdlib-jdk8-1.4.31.jar, /builds/cedarsoft/com.cedarsoft.monorepo/.gradle/caches/modules-2/files-2.1/org.awaitility/awaitility/4.0.3/144a5f4c85c5113e1f63139b5bdee6336511ee88/awaitility-4.0.3.jar, /builds/cedarsoft/com.cedarsoft.monorepo/.gradle/caches/modules-2/files-2.1/ch.qos.logback/logback-classic/1.2.3/7c4f3c474fb2c041d8028740440937705ebb473a/logback-classic-1.2.3.jar, /builds/cedarsoft/com.cedarsoft.monorepo/internal/dependencies-sets/kotlin/build/libs/kotlin-8.9.5-SNAPSHOT.jar, /builds/cedarsoft/com.cedarsoft.monorepo/.gradle/caches/modules-2/files-2.1/com.google.guava/failureaccess/1.0.1/1dcf1de382a0bf95a3d8b0849546c88bac1292c9/failureaccess-1.0.1.jar, /builds/cedarsoft/com.cedarsoft.monorepo/.gradle/caches/modules-2/files-2.1/com.google.guava/listenablefuture/9999.0-empty-to-avoid-conflict-with-guava/b421526c5f297295adef1c886e5246c39d4ac629/listenablefuture-9999.0-empty-to-avoid-conflict-with-guava.jar, /builds/cedarsoft/com.cedarsoft.monorepo/.gradle/caches/modules-2/files-2.1/com.google.code.findbugs/jsr305/3.0.2/25ea2e8b0c338a877313bd4672d3fe056ea78f0d/jsr305-3.0.2.jar, /builds/cedarsoft/com.cedarsoft.monorepo/.gradle/caches/modules-2/files-2.1/org.checkerframework/checker-qual/3.5.0/2f50520c8abea66fbd8d26e481d3aef5c673b510/checker-qual-3.5.0.jar, /builds/cedarsoft/com.cedarsoft.monorepo/.gradle/caches/modules-2/files-2.1/com.google.errorprone/error_prone_annotations/2.3.4/dac170e4594de319655ffb62f41cbd6dbb5e601e/error_prone_annotations-2.3.4.jar, /builds/cedarsoft/com.cedarsoft.monorepo/.gradle/caches/modules-2/files-2.1/com.google.j2objc/j2objc-annotations/1.3/ba035118bc8bac37d7eff77700720999acd9986d/j2objc-annotations-1.3.jar, /builds/cedarsoft/com.cedarsoft.monorepo/.gradle/caches/modules-2/files-2.1/io.ktor/ktor-client-cio-jvm/1.5.2/b767c08e7a9c2236a82c38836fe296ccb951bd73/ktor-client-cio-jvm-1.5.2.jar, /builds/cedarsoft/com.cedarsoft.monorepo/.gradle/caches/modules-2/files-2.1/io.ktor/ktor-network-tls-jvm/1.5.2/9ddb2fbecf6f163d397a0f84bfbbcaa8dcbcc68f/ktor-network-tls-jvm-1.5.2.jar, /builds/cedarsoft/com.cedarsoft.monorepo/.gradle/caches/modules-2/files-2.1/io.ktor/ktor-client-jetty/1.5.2/4d426a2af34c51eddd4430a1297e9b5ae7e15081/ktor-client-jetty-jvm-1.5.2.jar, /builds/cedarsoft/com.cedarsoft.monorepo/.gradle/caches/modules-2/files-2.1/io.ktor/ktor-client-core-jvm/1.5.2/e05ebd1bd4e839b7428eaf734295597e56d24bb5/ktor-client-core-jvm-1.5.2.jar, /builds/cedarsoft/com.cedarsoft.monorepo/.gradle/caches/modules-2/files-2.1/io.ktor/ktor-http-cio-jvm/1.5.2/765adc8967bc8082b3d3ffb3e551df82045569ec/ktor-http-cio-jvm-1.5.2.jar, /builds/cedarsoft/com.cedarsoft.monorepo/.gradle/caches/modules-2/files-2.1/io.ktor/ktor-http-jvm/1.5.2/4369b93f10dfc7a5f25e9553c3b7a939672ef27e/ktor-http-jvm-1.5.2.jar, /builds/cedarsoft/com.cedarsoft.monorepo/.gradle/caches/modules-2/files-2.1/io.ktor/ktor-network-jvm/1.5.2/2dbe903827cefa66c8d4e798733e332786eb2ac/ktor-network-jvm-1.5.2.jar, /builds/cedarsoft/com.cedarsoft.monorepo/.gradle/caches/modules-2/files-2.1/io.ktor/ktor-utils-jvm/1.5.2/7c27dfe83c6a5b60ae9dc6d932aa28e0aeefd109/ktor-utils-jvm-1.5.2.jar, /builds/cedarsoft/com.cedarsoft.monorepo/.gradle/caches/modules-2/files-2.1/org.jetbrains.kotlinx/kotlinx-coroutines-debug/1.4.2/281b0ff1835080e67b3f4628752c72aa7a20c174/kotlinx-coroutines-debug-1.4.2.jar, /builds/cedarsoft/com.cedarsoft.monorepo/.gradle/caches/modules-2/files-2.1/io.ktor/ktor-io-jvm/1.5.2/e82d3eb4104bde6be7c0e2a20cbece4f2bf32bad/ktor-io-jvm-1.5.2.jar, /builds/cedarsoft/com.cedarsoft.monorepo/.gradle/caches/modules-2/files-2.1/org.jetbrains.kotlinx/kotlinx-serialization-json-jvm/1.1.0/86c26030512eb057e02c9bfcfdfd9e2fbb82201/kotlinx-serialization-json-jvm-1.1.0.jar, /builds/cedarsoft/com.cedarsoft.monorepo/.gradle/caches/modules-2/files-2.1/org.jetbrains.kotlin/kotlin-stdlib-jdk7/1.4.31/84ce8e85f6e84270b2b501d44e9f0ba6ff64fa71/kotlin-stdlib-jdk7-1.4.31.jar, /builds/cedarsoft/com.cedarsoft.monorepo/.gradle/caches/modules-2/files-2.1/com.fasterxml.jackson.core/jackson-databind/2.12.2/5f9d79e09ebf5d54a46e9f4543924cf7ae7654e0/jackson-databind-2.12.2.jar, /builds/cedarsoft/com.cedarsoft.monorepo/.gradle/caches/modules-2/files-2.1/com.fasterxml.jackson.core/jackson-annotations/2.12.2/a770cc4c0a1fb0bfd8a150a6a0004e42bc99fca/jackson-annotations-2.12.2.jar, /builds/cedarsoft/com.cedarsoft.monorepo/.gradle/caches/modules-2/files-2.1/com.fasterxml.jackson.core/jackson-core/2.12.2/8df50138521d05561a308ec2799cc8dda20c06df/jackson-core-2.12.2.jar, /builds/cedarsoft/com.cedarsoft.monorepo/.gradle/caches/modules-2/files-2.1/com.fasterxml.jackson.module/jackson-module-kotlin/2.12.2/f3b0d95d5493f1ab2846f9e981db19caf1410e88/jackson-module-kotlin-2.12.2.jar, /builds/cedarsoft/com.cedarsoft.monorepo/.gradle/caches/modules-2/files-2.1/org.jetbrains.kotlin/kotlin-reflect/1.4.31/63db9d66c3d20f7b8f66196e7ba86969daae8b8a/kotlin-reflect-1.4.31.jar, /builds/cedarsoft/com.cedarsoft.monorepo/.gradle/caches/modules-2/files-2.1/org.jetbrains.kotlinx/kotlinx-serialization-protobuf-jvm/1.1.0/a2c675697ad328d1a5293660dd9e1112e7a7ef17/kotlinx-serialization-protobuf-jvm-1.1.0.jar, /builds/cedarsoft/com.cedarsoft.monorepo/.gradle/caches/modules-2/files-2.1/org.jetbrains.kotlinx/kotlinx-coroutines-core-jvm/1.4.3/1051e11eb789ed1df93412bebe0f06e9d29160e4/kotlinx-coroutines-core-jvm-1.4.3.jar, /builds/cedarsoft/com.cedarsoft.monorepo/.gradle/caches/modules-2/files-2.1/org.jetbrains.kotlin/kotlin-test-junit/1.4.31/5999535005a97b58219957d821209ec6367b27e5/kotlin-test-junit-1.4.31.jar, /builds/cedarsoft/com.cedarsoft.monorepo/.gradle/caches/modules-2/files-2.1/org.jetbrains.kotlin/kotlin-test/1.4.31/32778ee611469736a0db1b1b66f1aff964073f63/kotlin-test-1.4.31.jar, /builds/cedarsoft/com.cedarsoft.monorepo/.gradle/caches/modules-2/files-2.1/org.jetbrains.kotlinx/kotlinx-serialization-core-jvm/1.1.0/6a6d0b8e8a44c48e206e435d279b1773832f4f1b/kotlinx-serialization-core-jvm-1.1.0.jar, /builds/cedarsoft/com.cedarsoft.monorepo/.gradle/caches/modules-2/files-2.1/com.willowtreeapps.opentest4k/opentest4k-jvm/1.2.1/2cba238e7106b5ac682da81d2c038b6880510f37/opentest4k-jvm-1.2.1.jar, /builds/cedarsoft/com.cedarsoft.monorepo/.gradle/caches/modules-2/files-2.1/org.jetbrains.kotlin/kotlin-stdlib/1.4.31/a58e0fb9812a6a93ca24b5da75e4b5a0cb89c957/kotlin-stdlib-1.4.31.jar, /builds/cedarsoft/com.cedarsoft.monorepo/.gradle/caches/modules-2/files-2.1/commons-codec/commons-codec/1.15/49d94806b6e3dc933dacbd8acb0fdbab8ebd1e5d/commons-codec-1.15.jar, /builds/cedarsoft/com.cedarsoft.monorepo/.gradle/caches/modules-2/files-2.1/commons-io/commons-io/2.8.0/92999e26e6534606b5678014e66948286298a35c/commons-io-2.8.0.jar, /builds/cedarsoft/com.cedarsoft.monorepo/.gradle/caches/modules-2/files-2.1/org.codehaus.staxmate/staxmate/2.0.1/b0b767fbc22683d7bf26a14ae1c5817561e21d00/staxmate-2.0.1.jar, /builds/cedarsoft/com.cedarsoft.monorepo/.gradle/caches/modules-2/files-2.1/org.codehaus.woodstox/woodstox-core-asl/4.4.1/84fee5eb1a4a1cefe65b6883c73b3fa83be3c1a1/woodstox-core-asl-4.4.1.jar, /builds/cedarsoft/com.cedarsoft.monorepo/.gradle/caches/modules-2/files-2.1/org.apache.commons/commons-lang3/3.12.0/c6842c86792ff03b9f1d1fe2aab8dc23aa6c6f0e/commons-lang3-3.12.0.jar, /builds/cedarsoft/com.cedarsoft.monorepo/.gradle/caches/modules-2/files-2.1/org.mockito/mockito-core/3.8.0/a3f5ed0745e4d76aa880136ab514412cd50b6246/mockito-core-3.8.0.jar, /builds/cedarsoft/com.cedarsoft.monorepo/.gradle/caches/modules-2/files-2.1/org.easymock/easymockclassextension/3.2/9c922ad77729f27eb7872aa570287e239a8346da/easymockclassextension-3.2.jar, /builds/cedarsoft/com.cedarsoft.monorepo/.gradle/caches/modules-2/files-2.1/org.easymock/easymock/4.2/251b26f1b853673c1aac277fd2fb0c8d5844cdc8/easymock-4.2.jar, /builds/cedarsoft/com.cedarsoft.monorepo/.gradle/caches/modules-2/files-2.1/org.assertj/assertj-core/3.19.0/f64cb5690b85e68d5e1e6c6152bfb6e3840a452d/assertj-core-3.19.0.jar, /builds/cedarsoft/com.cedarsoft.monorepo/.gradle/caches/modules-2/files-2.1/org.easytesting/fest-reflect/1.4.1/2b92d5275e92a49e16c7ce6bd7e46b9080db0530/fest-reflect-1.4.1.jar, /builds/cedarsoft/com.cedarsoft.monorepo/.gradle/caches/modules-2/files-2.1/xmlunit/xmlunit/1.6/adcae0aff916681dacd2b490e193f1119cd964a9/xmlunit-1.6.jar, /builds/cedarsoft/com.cedarsoft.monorepo/.gradle/caches/modules-2/files-2.1/org.hamcrest/hamcrest/2.1/9420ba32c29217b54eebd26ff7f9234d31c3fbb2/hamcrest-2.1.jar, /builds/cedarsoft/com.cedarsoft.monorepo/.gradle/caches/modules-2/files-2.1/ch.qos.logback/logback-core/1.2.3/864344400c3d4d92dfeb0a305dc87d953677c03c/logback-core-1.2.3.jar, /builds/cedarsoft/com.cedarsoft.monorepo/.gradle/caches/modules-2/files-2.1/io.dropwizard.metrics/metrics-jvm/4.1.14/fd192172c81a0225137525596d82ad99f6435f8c/metrics-jvm-4.1.14.jar, /builds/cedarsoft/com.cedarsoft.monorepo/.gradle/caches/modules-2/files-2.1/io.dropwizard.metrics/metrics-core/4.1.14/14cf9dd67619a0390812dddb232df339e3383d35/metrics-core-4.1.14.jar, /builds/cedarsoft/com.cedarsoft.monorepo/.gradle/caches/modules-2/files-2.1/org.slf4j/slf4j-api/1.7.30/b5a4b6d16ab13e34a88fae84c35cd5d68cac922c/slf4j-api-1.7.30.jar, /builds/cedarsoft/com.cedarsoft.monorepo/.gradle/caches/modules-2/files-2.1/org.eclipse.jetty.http2/http2-http-client-transport/9.4.31.v20200723/6b12bda474f3033d2213af1e7dc49a08f9922852/http2-http-client-transport-9.4.31.v20200723.jar, /builds/cedarsoft/com.cedarsoft.monorepo/.gradle/caches/modules-2/files-2.1/org.eclipse.jetty.http2/http2-client/9.4.31.v20200723/941313dcc9846ef76523e1947083206a103ca763/http2-client-9.4.31.v20200723.jar, /builds/cedarsoft/com.cedarsoft.monorepo/.gradle/caches/modules-2/files-2.1/org.eclipse.jetty/jetty-client/9.4.31.v20200723/a4d779d1dcd7fa948d1175ebf3e20a0b0caacdc/jetty-client-9.4.31.v20200723.jar, /builds/cedarsoft/com.cedarsoft.monorepo/.gradle/caches/modules-2/files-2.1/org.junit.jupiter/junit-jupiter-params/5.7.1/6f81b3c053433a8a40a378d2b4f056c5c31e50ff/junit-jupiter-params-5.7.1.jar, /builds/cedarsoft/com.cedarsoft.monorepo/.gradle/caches/modules-2/files-2.1/org.junit.jupiter/junit-jupiter-engine/5.7.1/7fcfa59c5533abb41f86b1408960737eeaf1f49f/junit-jupiter-engine-5.7.1.jar, /builds/cedarsoft/com.cedarsoft.monorepo/.gradle/caches/modules-2/files-2.1/org.junit.jupiter/junit-jupiter-api/5.7.1/a7261dff44e64aea7f621842eac5977fd6d2412d/junit-jupiter-api-5.7.1.jar, /builds/cedarsoft/com.cedarsoft.monorepo/.gradle/caches/modules-2/files-2.1/org.junit.platform/junit-platform-engine/1.7.1/d276a968c57f5d60a421dedd1f8b6ca2fae09e86/junit-platform-engine-1.7.1.jar, /builds/cedarsoft/com.cedarsoft.monorepo/.gradle/caches/modules-2/files-2.1/org.junit.platform/junit-platform-commons/1.7.1/7c49f0074842d07f4335de2389d624a7437d1407/junit-platform-commons-1.7.1.jar, /builds/cedarsoft/com.cedarsoft.monorepo/.gradle/caches/modules-2/files-2.1/org.junit.vintage/junit-vintage-engine/5.7.1/8184800e1a38965b3fb62a104458678835311e94/junit-vintage-engine-5.7.1.jar, /builds/cedarsoft/com.cedarsoft.monorepo/.gradle/caches/modules-2/files-2.1/junit/junit/4.13.2/8ac9e16d933b6fb43bc7f576336b8f4d7eb5ba12/junit-4.13.2.jar, /builds/cedarsoft/com.cedarsoft.monorepo/.gradle/caches/modules-2/files-2.1/org.jetbrains.kotlin/kotlin-test-annotations-common/1.4.31/3afa7909df3e9a2bcec3c2c133eba9d25b02ee70/kotlin-test-annotations-common-1.4.31.jar, /builds/cedarsoft/com.cedarsoft.monorepo/.gradle/caches/modules-2/files-2.1/org.jetbrains.kotlin/kotlin-test-common/1.4.31/4230331b5109debc141a9a81e4cadb357692e7ab/kotlin-test-common-1.4.31.jar, /builds/cedarsoft/com.cedarsoft.monorepo/.gradle/caches/modules-2/files-2.1/org.jetbrains.kotlin/kotlin-stdlib-common/1.4.31/6dd50665802f54ba9bc3f70ecb20227d1bc81323/kotlin-stdlib-common-1.4.31.jar, /builds/cedarsoft/com.cedarsoft.monorepo/.gradle/caches/modules-2/files-2.1/com.typesafe/config/1.3.1/2cf7a6cc79732e3bdf1647d7404279900ca63eb0/config-1.3.1.jar, /builds/cedarsoft/com.cedarsoft.monorepo/.gradle/caches/modules-2/files-2.1/io.netty/netty-codec-http2/4.1.54.Final/327a4ae62b0a41cdf02f610f06eb353f10c17ef8/netty-codec-http2-4.1.54.Final.jar, /builds/cedarsoft/com.cedarsoft.monorepo/.gradle/caches/modules-2/files-2.1/org.eclipse.jetty.alpn/alpn-api/1.1.3.v20160715/a1bf3a937f91b4c953acd13e8c9552347adc2198/alpn-api-1.1.3.v20160715.jar, /builds/cedarsoft/com.cedarsoft.monorepo/.gradle/caches/modules-2/files-2.1/io.netty/netty-transport-native-kqueue/4.1.54.Final/941f2f438f7d1e6d2ba39141fa3a4d30cda5f223/netty-transport-native-kqueue-4.1.54.Final.jar, /builds/cedarsoft/com.cedarsoft.monorepo/.gradle/caches/modules-2/files-2.1/io.netty/netty-transport-native-epoll/4.1.54.Final/59f7241f86236bd5b5ed5dd1f4b6f2cdae56b978/netty-transport-native-epoll-4.1.54.Final.jar, /builds/cedarsoft/com.cedarsoft.monorepo/.gradle/caches/modules-2/files-2.1/com.googlecode.json-simple/json-simple/1.1.1/c9ad4a0850ab676c5c64461a05ca524cdfff59f1/json-simple-1.1.1.jar, /builds/cedarsoft/com.cedarsoft.monorepo/internal/dependencies-sets/annotations/build/libs/annotations-8.9.5-SNAPSHOT.jar, /builds/cedarsoft/com.cedarsoft.monorepo/internal/open/annotations/annotations/build/libs/annotations-8.9.5-SNAPSHOT.jar, /builds/cedarsoft/com.cedarsoft.monorepo/.gradle/caches/modules-2/files-2.1/org.jetbrains/annotations/13.0/919f0dfe192fb4e063e7dacadee7f8bb9a2672a9/annotations-13.0.jar, /builds/cedarsoft/com.cedarsoft.monorepo/.gradle/caches/modules-2/files-2.1/org.opentest4j/opentest4j/1.2.0/28c11eb91f9b6d8e200631d46e20a7f407f2a046/opentest4j-1.2.0.jar, /builds/cedarsoft/com.cedarsoft.monorepo/.gradle/caches/modules-2/files-2.1/stax/stax-api/1.0.1/49c100caf72d658aca8e58bd74a4ba90fa2b0d70/stax-api-1.0.1.jar, /builds/cedarsoft/com.cedarsoft.monorepo/.gradle/caches/modules-2/files-2.1/org.codehaus.woodstox/stax2-api/3.1.4/ac19014b1e6a7c08aad07fe114af792676b685b7/stax2-api-3.1.4.jar, /builds/cedarsoft/com.cedarsoft.monorepo/.gradle/caches/modules-2/files-2.1/javax.xml.stream/stax-api/1.0-2/d6337b0de8b25e53e81b922352fbea9f9f57ba0b/stax-api-1.0-2.jar, /builds/cedarsoft/com.cedarsoft.monorepo/.gradle/caches/modules-2/files-2.1/net.bytebuddy/byte-buddy/1.10.20/c5d2d12c75c5d52f8df33f4211e6dbd05a42b117/byte-buddy-1.10.20.jar, /builds/cedarsoft/com.cedarsoft.monorepo/.gradle/caches/modules-2/files-2.1/net.bytebuddy/byte-buddy-agent/1.10.20/8391bfea9da53fd92edd4a453571ef70b3aae09f/byte-buddy-agent-1.10.20.jar, /builds/cedarsoft/com.cedarsoft.monorepo/.gradle/caches/modules-2/files-2.1/org.objenesis/objenesis/3.1/48f12deaae83a8dfc3775d830c9fd60ea59bbbca/objenesis-3.1.jar, /builds/cedarsoft/com.cedarsoft.monorepo/.gradle/caches/modules-2/files-2.1/org.easytesting/fest-util/1.2.4/a86b8e01eb7ecfd820df4f22c734a825a0085574/fest-util-1.2.4.jar, /builds/cedarsoft/com.cedarsoft.monorepo/.gradle/caches/modules-2/files-2.1/org.eclipse.jetty.http2/http2-common/9.4.31.v20200723/dd6fc64e41103afca8f9c1c1465ec24541e5681c/http2-common-9.4.31.v20200723.jar, /builds/cedarsoft/com.cedarsoft.monorepo/.gradle/caches/modules-2/files-2.1/org.eclipse.jetty/jetty-alpn-openjdk8-client/9.4.31.v20200723/5c4c0f19a0a1c8a760c298049be7412f7e901bce/jetty-alpn-openjdk8-client-9.4.31.v20200723.jar, /builds/cedarsoft/com.cedarsoft.monorepo/.gradle/caches/modules-2/files-2.1/org.eclipse.jetty/jetty-alpn-java-client/9.4.31.v20200723/f863d49267102c624812efd1ec7f43d6e8c1c30b/jetty-alpn-java-client-9.4.31.v20200723.jar, /builds/cedarsoft/com.cedarsoft.monorepo/.gradle/caches/modules-2/files-2.1/org.eclipse.jetty/jetty-alpn-client/9.4.31.v20200723/32a4ae2f1eb4d40c9411e092089b867d29e09e9c/jetty-alpn-client-9.4.31.v20200723.jar, /builds/cedarsoft/com.cedarsoft.monorepo/.gradle/caches/modules-2/files-2.1/org.eclipse.jetty.http2/http2-hpack/9.4.31.v20200723/836f1a761bf5942494b3c41c9470ea1cd39c8420/http2-hpack-9.4.31.v20200723.jar, /builds/cedarsoft/com.cedarsoft.monorepo/.gradle/caches/modules-2/files-2.1/org.eclipse.jetty/jetty-http/9.4.31.v20200723/6862f0e6fc7e9f8828416a7cae1477b233d92f8/jetty-http-9.4.31.v20200723.jar, /builds/cedarsoft/com.cedarsoft.monorepo/.gradle/caches/modules-2/files-2.1/org.eclipse.jetty/jetty-io/9.4.31.v20200723/328e4562e0f30e01efea63efe4fc24b2b860d852/jetty-io-9.4.31.v20200723.jar, /builds/cedarsoft/com.cedarsoft.monorepo/.gradle/caches/modules-2/files-2.1/net.java.dev.jna/jna-platform/5.5.0/af38e7c4d0fc73c23ecd785443705bfdee5b90bf/jna-platform-5.5.0.jar, /builds/cedarsoft/com.cedarsoft.monorepo/.gradle/caches/modules-2/files-2.1/net.java.dev.jna/jna/5.5.0/e0845217c4907822403912ad6828d8e0b256208/jna-5.5.0.jar, /builds/cedarsoft/com.cedarsoft.monorepo/.gradle/caches/modules-2/files-2.1/io.netty/netty-codec-http/4.1.54.Final/70eb9509289d1cee549cf12bae71929d1a4a12c7/netty-codec-http-4.1.54.Final.jar, /builds/cedarsoft/com.cedarsoft.monorepo/.gradle/caches/modules-2/files-2.1/io.netty/netty-handler/4.1.54.Final/e83dfe8ebe3622d2cd5cce8532a9ca49cad51e9/netty-handler-4.1.54.Final.jar, /builds/cedarsoft/com.cedarsoft.monorepo/.gradle/caches/modules-2/files-2.1/io.netty/netty-codec/4.1.54.Final/295680345b12a86c21fa7af5d9a77e0e0fcff46a/netty-codec-4.1.54.Final.jar, /builds/cedarsoft/com.cedarsoft.monorepo/.gradle/caches/modules-2/files-2.1/io.netty/netty-transport-native-unix-common/4.1.54.Final/ac7d48202cf62c8d51abe89f228d338a41cb49cd/netty-transport-native-unix-common-4.1.54.Final.jar, /builds/cedarsoft/com.cedarsoft.monorepo/.gradle/caches/modules-2/files-2.1/io.netty/netty-transport/4.1.54.Final/ddb9a255819b87b8812932d1d1001f4d9dc7f89e/netty-transport-4.1.54.Final.jar, /builds/cedarsoft/com.cedarsoft.monorepo/.gradle/caches/modules-2/files-2.1/io.netty/netty-buffer/4.1.54.Final/15c513ef8a2e56e88d3736752ea10eae758f47d8/netty-buffer-4.1.54.Final.jar, /builds/cedarsoft/com.cedarsoft.monorepo/.gradle/caches/modules-2/files-2.1/io.netty/netty-resolver/4.1.54.Final/7eed781e7531b990f8360e1a5010b53ca73878f5/netty-resolver-4.1.54.Final.jar, /builds/cedarsoft/com.cedarsoft.monorepo/.gradle/caches/modules-2/files-2.1/io.netty/netty-common/4.1.54.Final/8c330383cda87204ab38e7401ab0f56c0d43b799/netty-common-4.1.54.Final.jar, /builds/cedarsoft/com.cedarsoft.monorepo/.gradle/caches/modules-2/files-2.1/org.hamcrest/hamcrest-core/1.3/42a25dc3219429f0e5d060061f71acb49bf010a0/hamcrest-core-1.3.jar, /builds/cedarsoft/com.cedarsoft.monorepo/.gradle/caches/modules-2/files-2.1/org.apiguardian/apiguardian-api/1.1.0/fc9dff4bb36d627bdc553de77e1f17efd790876c/apiguardian-api-1.1.0.jar, /builds/cedarsoft/com.cedarsoft.monorepo/.gradle/caches/modules-2/files-2.1/org.eclipse.jetty/jetty-util/9.4.31.v20200723/b9c346da72d8715bdfb0373a123374ec6ac9e544/jetty-util-9.4.31.v20200723.jar]
03:05:35.112 [Test worker] DEBUG ktor.test - Watching /builds/cedarsoft/com.cedarsoft.monorepo/internal/open/commons/ktor-server/build/classes/kotlin/main for changes.
03:05:35.112 [Test worker] DEBUG ktor.test - Watching /builds/cedarsoft/com.cedarsoft.monorepo/internal/open/commons/ktor-server/build/classes/kotlin/test/com/cedarsoft/commons/ktor for changes.
03:05:35.112 [Test worker] DEBUG ktor.test - Watching /builds/cedarsoft/com.cedarsoft.monorepo/internal/open/commons/ktor-server/build/classes/kotlin/main/com/cedarsoft/commons for changes.
03:05:35.112 [Test worker] DEBUG ktor.test - Watching /builds/cedarsoft/com.cedarsoft.monorepo/internal/open/commons/ktor-server/build/classes/kotlin/test/com/cedarsoft for changes.
03:05:35.113 [Test worker] DEBUG ktor.test - Watching /builds/cedarsoft/com.cedarsoft.monorepo/internal/open/commons/ktor-server/build/classes/kotlin/test/META-INF for changes.
03:05:35.113 [Test worker] DEBUG ktor.test - Watching /builds/cedarsoft/com.cedarsoft.monorepo/internal/open/commons/ktor-server/build/classes/kotlin/test/com/cedarsoft/commons for changes.
03:05:35.113 [Test worker] DEBUG ktor.test - Watching /builds/cedarsoft/com.cedarsoft.monorepo/internal/open/commons/ktor-server/build/classes/kotlin/main/com/cedarsoft/commons/ktor for changes.
03:05:35.113 [Test worker] DEBUG ktor.test - Watching /builds/cedarsoft/com.cedarsoft.monorepo/internal/open/commons/ktor-server/build/classes/kotlin/main/com for changes.
03:05:35.113 [Test worker] DEBUG ktor.test - Watching /builds/cedarsoft/com.cedarsoft.monorepo/internal/open/commons/ktor-server/build/classes/kotlin/test/com for changes.
03:05:35.113 [Test worker] DEBUG ktor.test - Watching /builds/cedarsoft/com.cedarsoft.monorepo/internal/open/commons/ktor-server/build/classes/kotlin/main/com/cedarsoft for changes.
03:05:35.113 [Test worker] DEBUG ktor.test - Watching /builds/cedarsoft/com.cedarsoft.monorepo/internal/open/commons/ktor-server/build/classes/kotlin/main/META-INF for changes.
03:05:35.114 [Test worker] DEBUG ktor.test - Watching /builds/cedarsoft/com.cedarsoft.monorepo/internal/open/commons/ktor-server/build/classes/kotlin/test for changes.
]]></system-out>
  <system-err><![CDATA[]]></system-err>
</testsuite>
