<?xml version="1.0" encoding="UTF-8"?>
<testsuite name="com.cedarsoft.commons.ktor.JsonConverterTest" tests="3" skipped="0" failures="0" errors="0" timestamp="2021-02-06T03:22:05" hostname="runner-pgnkb89--project-47-concurrent-0" time="7.012">
  <properties/>
  <testcase name="testMessageGeneric" classname="com.cedarsoft.commons.ktor.JsonConverterTest" time="6.557"/>
  <testcase name="testMultiMessage" classname="com.cedarsoft.commons.ktor.JsonConverterTest" time="0.264"/>
  <testcase name="testEntity" classname="com.cedarsoft.commons.ktor.JsonConverterTest" time="0.184"/>
  <system-out><![CDATA[03:22:07.477 [Test worker] DEBUG ktor.test - Java Home: /opt/java/jdk1.8.0_271
03:22:07.738 [Test worker] DEBUG ktor.test - Class Loader: sun.misc.Launcher$AppClassLoader@73d16e93: [/builds/cedarsoft/com.cedarsoft.monorepo/.gradle/caches/7.0-20210204230054+0000/workerMain/gradle-worker.jar, /builds/cedarsoft/com.cedarsoft.monorepo/internal/open/commons/ktor-server/build/tmp/expandedArchives/org.jacoco.agent-0.8.6.jar_a26f6511a7813217be4cd6439d66563b/jacocoagent.jar, /builds/cedarsoft/com.cedarsoft.monorepo/internal/open/commons/ktor-server/build/classes/java/test, /builds/cedarsoft/com.cedarsoft.monorepo/internal/open/commons/ktor-server/build/classes/kotlin/test/, /builds/cedarsoft/com.cedarsoft.monorepo/internal/open/commons/ktor-server/build/resources/test, /builds/cedarsoft/com.cedarsoft.monorepo/internal/open/commons/ktor-server/build/classes/java/main, /builds/cedarsoft/com.cedarsoft.monorepo/internal/open/commons/ktor-server/build/classes/kotlin/main/, /builds/cedarsoft/com.cedarsoft.monorepo/internal/open/commons/ktor-server/build/resources/main, /builds/cedarsoft/com.cedarsoft.monorepo/internal/dependencies-sets/ktor/build/libs/ktor-8.9.5-SNAPSHOT.jar, /builds/cedarsoft/com.cedarsoft.monorepo/internal/open/commons/kotlinx-serializers/build/libs/kotlinx-serializers-8.9.5-SNAPSHOT.jar, /builds/cedarsoft/com.cedarsoft.monorepo/internal/open/commons/concurrent/build/libs/concurrent-8.9.5-SNAPSHOT.jar, /builds/cedarsoft/com.cedarsoft.monorepo/internal/open/commons/guava/build/libs/guava-8.9.5-SNAPSHOT.jar, /builds/cedarsoft/com.cedarsoft.monorepo/internal/open/commons/test-utils/build/libs/test-utils-8.9.5-SNAPSHOT.jar, /builds/cedarsoft/com.cedarsoft.monorepo/internal/open/commons/commons/build/libs/commons-8.9.5-SNAPSHOT.jar, /builds/cedarsoft/com.cedarsoft.monorepo/internal/dependencies-sets/kotlin-test/build/libs/kotlin-test-8.9.5-SNAPSHOT.jar, /builds/cedarsoft/com.cedarsoft.monorepo/internal/dependencies-sets/test-basics/build/libs/test-basics-8.9.5-SNAPSHOT.jar, /builds/cedarsoft/com.cedarsoft.monorepo/internal/open/commons/crypt/build/libs/crypt-8.9.5-SNAPSHOT.jar, /builds/cedarsoft/com.cedarsoft.monorepo/internal/open/commons/xml-commons/build/libs/xml-commons-8.9.5-SNAPSHOT.jar, /builds/cedarsoft/com.cedarsoft.monorepo/.gradle/caches/modules-2/files-2.1/com.google.guava/guava/30.1-jre/d0c3ce2311c9e36e73228da25a6e99b2ab826f/guava-30.1-jre.jar, /builds/cedarsoft/com.cedarsoft.monorepo/.gradle/caches/modules-2/files-2.1/io.ktor/ktor-server-test-host/1.5.1/2a2cd2180b124372f867642a0b3387d122ad05c8/ktor-server-test-host-jvm-1.5.1.jar, /builds/cedarsoft/com.cedarsoft.monorepo/.gradle/caches/modules-2/files-2.1/io.ktor/ktor-websockets/1.5.1/c3de57f610cdd95a5b7f6b76492b5e8475be04bf/ktor-websockets-jvm-1.5.1.jar, /builds/cedarsoft/com.cedarsoft.monorepo/.gradle/caches/modules-2/files-2.1/io.ktor/ktor-jackson/1.5.1/53c145c6acef6440e204884db1cc03e06823ac5c/ktor-jackson-jvm-1.5.1.jar, /builds/cedarsoft/com.cedarsoft.monorepo/.gradle/caches/modules-2/files-2.1/io.ktor/ktor-locations/1.5.1/64605d7b1cbef978a4cf53a7e63bd4b8d68318f5/ktor-locations-jvm-1.5.1.jar, /builds/cedarsoft/com.cedarsoft.monorepo/.gradle/caches/modules-2/files-2.1/io.ktor/ktor-metrics/1.5.1/c0cc84c508602598c9efc7be55fb6202c8f30bc7/ktor-metrics-jvm-1.5.1.jar, /builds/cedarsoft/com.cedarsoft.monorepo/.gradle/caches/modules-2/files-2.1/io.ktor/ktor-auth/1.5.1/fbfeb6def91b1bcd22ca71627eeef1cb5504136e/ktor-auth-jvm-1.5.1.jar, /builds/cedarsoft/com.cedarsoft.monorepo/.gradle/caches/modules-2/files-2.1/io.ktor/ktor-html-builder/1.5.1/5eb334690b24e7779263aaed503613b37a13c380/ktor-html-builder-jvm-1.5.1.jar, /builds/cedarsoft/com.cedarsoft.monorepo/.gradle/caches/modules-2/files-2.1/io.ktor/ktor-server-netty/1.5.1/c9b22c22cad15b3ebc69177bb52d861564c018ae/ktor-server-netty-jvm-1.5.1.jar, /builds/cedarsoft/com.cedarsoft.monorepo/.gradle/caches/modules-2/files-2.1/io.ktor/ktor-server-host-common/1.5.1/cf67489a6193e430e86f9bb0b41cdf33d2d15ac9/ktor-server-host-common-jvm-1.5.1.jar, /builds/cedarsoft/com.cedarsoft.monorepo/.gradle/caches/modules-2/files-2.1/io.ktor/ktor-server-core/1.5.1/5a9ffaec94572afd10238394597caee4a0ecba3a/ktor-server-core-jvm-1.5.1.jar, /builds/cedarsoft/com.cedarsoft.monorepo/.gradle/caches/modules-2/files-2.1/io.ktor/ktor-network-tls-certificates/1.5.1/1e7955e0a2fe547c75d825bfe03a8d946938ab20/ktor-network-tls-certificates-jvm-1.5.1.jar, /builds/cedarsoft/com.cedarsoft.monorepo/.gradle/caches/modules-2/files-2.1/org.jetbrains.kotlinx/kotlinx-coroutines-jdk8/1.4.2/5fade60e503a55fc9d3af41b7190de1a84b14e3f/kotlinx-coroutines-jdk8-1.4.2.jar, /builds/cedarsoft/com.cedarsoft.monorepo/internal/open/unit/unit/build/libs/unit-jvm-8.9.5-SNAPSHOT.jar, /builds/cedarsoft/com.cedarsoft.monorepo/internal/open/commons/exceptions/build/libs/exceptions-8.9.5-SNAPSHOT.jar, /builds/cedarsoft/com.cedarsoft.monorepo/.gradle/caches/modules-2/files-2.1/io.strikt/strikt-core/0.28.2/c9104965864083e67b7fc7f917aa94c3f7719d1b/strikt-core-0.28.2.jar, /builds/cedarsoft/com.cedarsoft.monorepo/.gradle/caches/modules-2/files-2.1/com.willowtreeapps.assertk/assertk-jvm/0.23/e0709e8a9d8a7b46b20a5f575199789e6cf2e5a1/assertk-jvm-0.23.jar, /builds/cedarsoft/com.cedarsoft.monorepo/.gradle/caches/modules-2/files-2.1/org.jetbrains.kotlinx/kotlinx-html-jvm/0.7.2/c7a77c9027384b982941d48ee61f80cce12a03eb/kotlinx-html-jvm-0.7.2.jar, /builds/cedarsoft/com.cedarsoft.monorepo/.gradle/caches/modules-2/files-2.1/com.christophsturm/filepeek/0.1.2/347482ee8f7b82e5dbc95ee0d61930e4fe4a5695/filepeek-0.1.2.jar, /builds/cedarsoft/com.cedarsoft.monorepo/.gradle/caches/modules-2/files-2.1/org.jetbrains.kotlin/kotlin-stdlib-jdk8/1.4.30/aeecfab2e6acbcb80fc6628e8882c98cbbd819cf/kotlin-stdlib-jdk8-1.4.30.jar, /builds/cedarsoft/com.cedarsoft.monorepo/.gradle/caches/modules-2/files-2.1/org.awaitility/awaitility/4.0.3/144a5f4c85c5113e1f63139b5bdee6336511ee88/awaitility-4.0.3.jar, /builds/cedarsoft/com.cedarsoft.monorepo/.gradle/caches/modules-2/files-2.1/ch.qos.logback/logback-classic/1.2.3/7c4f3c474fb2c041d8028740440937705ebb473a/logback-classic-1.2.3.jar, /builds/cedarsoft/com.cedarsoft.monorepo/internal/dependencies-sets/kotlin/build/libs/kotlin-8.9.5-SNAPSHOT.jar, /builds/cedarsoft/com.cedarsoft.monorepo/.gradle/caches/modules-2/files-2.1/com.google.guava/failureaccess/1.0.1/1dcf1de382a0bf95a3d8b0849546c88bac1292c9/failureaccess-1.0.1.jar, /builds/cedarsoft/com.cedarsoft.monorepo/.gradle/caches/modules-2/files-2.1/com.google.guava/listenablefuture/9999.0-empty-to-avoid-conflict-with-guava/b421526c5f297295adef1c886e5246c39d4ac629/listenablefuture-9999.0-empty-to-avoid-conflict-with-guava.jar, /builds/cedarsoft/com.cedarsoft.monorepo/.gradle/caches/modules-2/files-2.1/com.google.code.findbugs/jsr305/3.0.2/25ea2e8b0c338a877313bd4672d3fe056ea78f0d/jsr305-3.0.2.jar, /builds/cedarsoft/com.cedarsoft.monorepo/.gradle/caches/modules-2/files-2.1/org.checkerframework/checker-qual/3.5.0/2f50520c8abea66fbd8d26e481d3aef5c673b510/checker-qual-3.5.0.jar, /builds/cedarsoft/com.cedarsoft.monorepo/.gradle/caches/modules-2/files-2.1/com.google.errorprone/error_prone_annotations/2.3.4/dac170e4594de319655ffb62f41cbd6dbb5e601e/error_prone_annotations-2.3.4.jar, /builds/cedarsoft/com.cedarsoft.monorepo/.gradle/caches/modules-2/files-2.1/com.google.j2objc/j2objc-annotations/1.3/ba035118bc8bac37d7eff77700720999acd9986d/j2objc-annotations-1.3.jar, /builds/cedarsoft/com.cedarsoft.monorepo/.gradle/caches/modules-2/files-2.1/org.jetbrains.kotlinx/kotlinx-coroutines-debug/1.4.2-native-mt/1c1c5fc8a47500f3d684449be96a4cd9d17e1788/kotlinx-coroutines-debug-1.4.2-native-mt.jar, /builds/cedarsoft/com.cedarsoft.monorepo/.gradle/caches/modules-2/files-2.1/io.ktor/ktor-client-cio-jvm/1.5.1/ee3ab6958a2b911bfea1c21cc8bc4d11fdebdeef/ktor-client-cio-jvm-1.5.1.jar, /builds/cedarsoft/com.cedarsoft.monorepo/.gradle/caches/modules-2/files-2.1/io.ktor/ktor-network-tls-jvm/1.5.1/cfae187a35d523b149f612fdac66431eeebb5259/ktor-network-tls-jvm-1.5.1.jar, /builds/cedarsoft/com.cedarsoft.monorepo/.gradle/caches/modules-2/files-2.1/io.ktor/ktor-client-jetty/1.5.1/9e335a896a4ddecfbed1d3a6100b6883019b72b5/ktor-client-jetty-jvm-1.5.1.jar, /builds/cedarsoft/com.cedarsoft.monorepo/.gradle/caches/modules-2/files-2.1/io.ktor/ktor-client-core-jvm/1.5.1/d232964dba7318a8aa131b498f58482303038ccd/ktor-client-core-jvm-1.5.1.jar, /builds/cedarsoft/com.cedarsoft.monorepo/.gradle/caches/modules-2/files-2.1/io.ktor/ktor-http-cio-jvm/1.5.1/b41829b9e7e354c9a6e55ee888c7d83b53a51984/ktor-http-cio-jvm-1.5.1.jar, /builds/cedarsoft/com.cedarsoft.monorepo/.gradle/caches/modules-2/files-2.1/io.ktor/ktor-http-jvm/1.5.1/8347ad9b7ac34137f162427e23fa4145e96f8262/ktor-http-jvm-1.5.1.jar, /builds/cedarsoft/com.cedarsoft.monorepo/.gradle/caches/modules-2/files-2.1/io.ktor/ktor-network-jvm/1.5.1/f24b541c0a2f5ed4b860d27beb47e7729a5cfc62/ktor-network-jvm-1.5.1.jar, /builds/cedarsoft/com.cedarsoft.monorepo/.gradle/caches/modules-2/files-2.1/io.ktor/ktor-utils-jvm/1.5.1/9763b731d7017c5258a65a9d6f871a7a91ad5a34/ktor-utils-jvm-1.5.1.jar, /builds/cedarsoft/com.cedarsoft.monorepo/.gradle/caches/modules-2/files-2.1/io.ktor/ktor-io-jvm/1.5.1/a6170780ba77e2cd7dcd94e63e4649c98516292d/ktor-io-jvm-1.5.1.jar, /builds/cedarsoft/com.cedarsoft.monorepo/.gradle/caches/modules-2/files-2.1/org.jetbrains.kotlinx/kotlinx-serialization-json-jvm/1.0.1/900f8d34f091c8a957eca49e0cf6bf7d7006482d/kotlinx-serialization-json-jvm-1.0.1.jar, /builds/cedarsoft/com.cedarsoft.monorepo/.gradle/caches/modules-2/files-2.1/org.jetbrains.kotlin/kotlin-stdlib-jdk7/1.4.30/cd81ed90fd79e43f587bd384c2bc6d1aed0bfe31/kotlin-stdlib-jdk7-1.4.30.jar, /builds/cedarsoft/com.cedarsoft.monorepo/.gradle/caches/modules-2/files-2.1/com.fasterxml.jackson.core/jackson-databind/2.12.1/8a97e00e429c42f74757b0a8cd1d39dddd41524f/jackson-databind-2.12.1.jar, /builds/cedarsoft/com.cedarsoft.monorepo/.gradle/caches/modules-2/files-2.1/com.fasterxml.jackson.core/jackson-annotations/2.12.1/aa079f822ddce5548018286d19ccb15c2fc202d7/jackson-annotations-2.12.1.jar, /builds/cedarsoft/com.cedarsoft.monorepo/.gradle/caches/modules-2/files-2.1/com.fasterxml.jackson.core/jackson-core/2.12.1/7c5493930e439be6fcec80a9afd6516b8e5e8760/jackson-core-2.12.1.jar, /builds/cedarsoft/com.cedarsoft.monorepo/.gradle/caches/modules-2/files-2.1/com.fasterxml.jackson.module/jackson-module-kotlin/2.12.1/b7c8a84dd474b0ff8cf0ab4fdc949d5e4325aa35/jackson-module-kotlin-2.12.1.jar, /builds/cedarsoft/com.cedarsoft.monorepo/.gradle/caches/modules-2/files-2.1/org.jetbrains.kotlin/kotlin-reflect/1.4.30/a9116fbe28a0514671787df95133f28e65fdac25/kotlin-reflect-1.4.30.jar, /builds/cedarsoft/com.cedarsoft.monorepo/.gradle/caches/modules-2/files-2.1/org.jetbrains.kotlinx/kotlinx-serialization-protobuf-jvm/1.0.1/12aad9ea5136e8fdeaf5f6f74cef03da71208f85/kotlinx-serialization-protobuf-jvm-1.0.1.jar, /builds/cedarsoft/com.cedarsoft.monorepo/.gradle/caches/modules-2/files-2.1/org.jetbrains.kotlinx/kotlinx-coroutines-core-jvm/1.4.2/4b9c6b2de7cabfb2c9ad7a5c709b1ddb7bbfd2ad/kotlinx-coroutines-core-jvm-1.4.2.jar, /builds/cedarsoft/com.cedarsoft.monorepo/.gradle/caches/modules-2/files-2.1/org.jetbrains.kotlin/kotlin-test-junit/1.4.30/a9de5cbb2d45b52638f5ba631af1b20c46610a7/kotlin-test-junit-1.4.30.jar, /builds/cedarsoft/com.cedarsoft.monorepo/.gradle/caches/modules-2/files-2.1/org.jetbrains.kotlin/kotlin-test/1.4.30/a8c0e21fda17f61a6de193e16dd414683cf9dcb0/kotlin-test-1.4.30.jar, /builds/cedarsoft/com.cedarsoft.monorepo/.gradle/caches/modules-2/files-2.1/org.jetbrains.kotlinx/kotlinx-serialization-core-jvm/1.0.1/d0c5ab89372940ed3fb77952e79b9cd5d466d86/kotlinx-serialization-core-jvm-1.0.1.jar, /builds/cedarsoft/com.cedarsoft.monorepo/.gradle/caches/modules-2/files-2.1/com.willowtreeapps.opentest4k/opentest4k-jvm/1.2.1/2cba238e7106b5ac682da81d2c038b6880510f37/opentest4k-jvm-1.2.1.jar, /builds/cedarsoft/com.cedarsoft.monorepo/.gradle/caches/modules-2/files-2.1/org.jetbrains.kotlin/kotlin-stdlib/1.4.30/d10d1e10f47006ee08162dde039e38ac487de4ac/kotlin-stdlib-1.4.30.jar, /builds/cedarsoft/com.cedarsoft.monorepo/.gradle/caches/modules-2/files-2.1/commons-codec/commons-codec/1.15/49d94806b6e3dc933dacbd8acb0fdbab8ebd1e5d/commons-codec-1.15.jar, /builds/cedarsoft/com.cedarsoft.monorepo/.gradle/caches/modules-2/files-2.1/commons-io/commons-io/2.8.0/92999e26e6534606b5678014e66948286298a35c/commons-io-2.8.0.jar, /builds/cedarsoft/com.cedarsoft.monorepo/.gradle/caches/modules-2/files-2.1/org.codehaus.staxmate/staxmate/2.0.1/b0b767fbc22683d7bf26a14ae1c5817561e21d00/staxmate-2.0.1.jar, /builds/cedarsoft/com.cedarsoft.monorepo/.gradle/caches/modules-2/files-2.1/org.codehaus.woodstox/woodstox-core-asl/4.4.1/84fee5eb1a4a1cefe65b6883c73b3fa83be3c1a1/woodstox-core-asl-4.4.1.jar, /builds/cedarsoft/com.cedarsoft.monorepo/.gradle/caches/modules-2/files-2.1/org.apache.commons/commons-lang3/3.11/68e9a6adf7cf8eb7e9d31bbc554c7c75eeaac568/commons-lang3-3.11.jar, /builds/cedarsoft/com.cedarsoft.monorepo/.gradle/caches/modules-2/files-2.1/org.mockito/mockito-core/3.7.7/5d43943be9b57c8ff47d2b9640ea0a7fc7211cf2/mockito-core-3.7.7.jar, /builds/cedarsoft/com.cedarsoft.monorepo/.gradle/caches/modules-2/files-2.1/org.easymock/easymockclassextension/3.2/9c922ad77729f27eb7872aa570287e239a8346da/easymockclassextension-3.2.jar, /builds/cedarsoft/com.cedarsoft.monorepo/.gradle/caches/modules-2/files-2.1/org.easymock/easymock/4.2/251b26f1b853673c1aac277fd2fb0c8d5844cdc8/easymock-4.2.jar, /builds/cedarsoft/com.cedarsoft.monorepo/.gradle/caches/modules-2/files-2.1/org.assertj/assertj-core/3.19.0/f64cb5690b85e68d5e1e6c6152bfb6e3840a452d/assertj-core-3.19.0.jar, /builds/cedarsoft/com.cedarsoft.monorepo/.gradle/caches/modules-2/files-2.1/org.easytesting/fest-reflect/1.4.1/2b92d5275e92a49e16c7ce6bd7e46b9080db0530/fest-reflect-1.4.1.jar, /builds/cedarsoft/com.cedarsoft.monorepo/.gradle/caches/modules-2/files-2.1/xmlunit/xmlunit/1.6/adcae0aff916681dacd2b490e193f1119cd964a9/xmlunit-1.6.jar, /builds/cedarsoft/com.cedarsoft.monorepo/.gradle/caches/modules-2/files-2.1/org.hamcrest/hamcrest/2.1/9420ba32c29217b54eebd26ff7f9234d31c3fbb2/hamcrest-2.1.jar, /builds/cedarsoft/com.cedarsoft.monorepo/.gradle/caches/modules-2/files-2.1/ch.qos.logback/logback-core/1.2.3/864344400c3d4d92dfeb0a305dc87d953677c03c/logback-core-1.2.3.jar, /builds/cedarsoft/com.cedarsoft.monorepo/.gradle/caches/modules-2/files-2.1/io.dropwizard.metrics/metrics-jvm/4.1.14/fd192172c81a0225137525596d82ad99f6435f8c/metrics-jvm-4.1.14.jar, /builds/cedarsoft/com.cedarsoft.monorepo/.gradle/caches/modules-2/files-2.1/io.dropwizard.metrics/metrics-core/4.1.14/14cf9dd67619a0390812dddb232df339e3383d35/metrics-core-4.1.14.jar, /builds/cedarsoft/com.cedarsoft.monorepo/.gradle/caches/modules-2/files-2.1/org.slf4j/slf4j-api/1.7.30/b5a4b6d16ab13e34a88fae84c35cd5d68cac922c/slf4j-api-1.7.30.jar, /builds/cedarsoft/com.cedarsoft.monorepo/.gradle/caches/modules-2/files-2.1/org.eclipse.jetty.http2/http2-http-client-transport/9.4.31.v20200723/6b12bda474f3033d2213af1e7dc49a08f9922852/http2-http-client-transport-9.4.31.v20200723.jar, /builds/cedarsoft/com.cedarsoft.monorepo/.gradle/caches/modules-2/files-2.1/org.eclipse.jetty.http2/http2-client/9.4.31.v20200723/941313dcc9846ef76523e1947083206a103ca763/http2-client-9.4.31.v20200723.jar, /builds/cedarsoft/com.cedarsoft.monorepo/.gradle/caches/modules-2/files-2.1/org.eclipse.jetty/jetty-client/9.4.31.v20200723/a4d779d1dcd7fa948d1175ebf3e20a0b0caacdc/jetty-client-9.4.31.v20200723.jar, /builds/cedarsoft/com.cedarsoft.monorepo/.gradle/caches/modules-2/files-2.1/org.junit.jupiter/junit-jupiter-params/5.7.0/521dbecace93d5d7ef13a74aab231befd7954424/junit-jupiter-params-5.7.0.jar, /builds/cedarsoft/com.cedarsoft.monorepo/.gradle/caches/modules-2/files-2.1/org.junit.jupiter/junit-jupiter-engine/5.7.0/d9044d6b45e2232ddd53fa56c15333e43d1749fd/junit-jupiter-engine-5.7.0.jar, /builds/cedarsoft/com.cedarsoft.monorepo/.gradle/caches/modules-2/files-2.1/org.junit.jupiter/junit-jupiter-api/5.7.0/b25f3815c4c1860a73041e733a14a0379d00c4d5/junit-jupiter-api-5.7.0.jar, /builds/cedarsoft/com.cedarsoft.monorepo/.gradle/caches/modules-2/files-2.1/org.junit.platform/junit-platform-engine/1.7.0/eadb73c5074a4ac71061defd00fc176152a4d12c/junit-platform-engine-1.7.0.jar, /builds/cedarsoft/com.cedarsoft.monorepo/.gradle/caches/modules-2/files-2.1/org.junit.platform/junit-platform-commons/1.7.0/84e309fbf21d857aac079a3c1fffd84284e1114d/junit-platform-commons-1.7.0.jar, /builds/cedarsoft/com.cedarsoft.monorepo/.gradle/caches/modules-2/files-2.1/org.junit.vintage/junit-vintage-engine/5.7.0/2b808fa5dbbf0b0e16bce19d9936ef78333a030e/junit-vintage-engine-5.7.0.jar, /builds/cedarsoft/com.cedarsoft.monorepo/.gradle/caches/modules-2/files-2.1/junit/junit/4.13.1/cdd00374f1fee76b11e2a9d127405aa3f6be5b6a/junit-4.13.1.jar, /builds/cedarsoft/com.cedarsoft.monorepo/.gradle/caches/modules-2/files-2.1/org.jetbrains.kotlin/kotlin-test-annotations-common/1.4.30/e77a76b23fc3007baf57a9d3354fdd318fe1fa88/kotlin-test-annotations-common-1.4.30.jar, /builds/cedarsoft/com.cedarsoft.monorepo/.gradle/caches/modules-2/files-2.1/org.jetbrains.kotlin/kotlin-test-common/1.4.30/823ed87441680d1334a1f0d23781c0089e16c0a6/kotlin-test-common-1.4.30.jar, /builds/cedarsoft/com.cedarsoft.monorepo/.gradle/caches/modules-2/files-2.1/org.jetbrains.kotlin/kotlin-stdlib-common/1.4.30/bb9a3173350f55732416ee27956ea8f9b81f4dbb/kotlin-stdlib-common-1.4.30.jar, /builds/cedarsoft/com.cedarsoft.monorepo/.gradle/caches/modules-2/files-2.1/com.typesafe/config/1.3.1/2cf7a6cc79732e3bdf1647d7404279900ca63eb0/config-1.3.1.jar, /builds/cedarsoft/com.cedarsoft.monorepo/.gradle/caches/modules-2/files-2.1/io.netty/netty-codec-http2/4.1.54.Final/327a4ae62b0a41cdf02f610f06eb353f10c17ef8/netty-codec-http2-4.1.54.Final.jar, /builds/cedarsoft/com.cedarsoft.monorepo/.gradle/caches/modules-2/files-2.1/org.eclipse.jetty.alpn/alpn-api/1.1.3.v20160715/a1bf3a937f91b4c953acd13e8c9552347adc2198/alpn-api-1.1.3.v20160715.jar, /builds/cedarsoft/com.cedarsoft.monorepo/.gradle/caches/modules-2/files-2.1/io.netty/netty-transport-native-kqueue/4.1.54.Final/941f2f438f7d1e6d2ba39141fa3a4d30cda5f223/netty-transport-native-kqueue-4.1.54.Final.jar, /builds/cedarsoft/com.cedarsoft.monorepo/.gradle/caches/modules-2/files-2.1/io.netty/netty-transport-native-epoll/4.1.54.Final/59f7241f86236bd5b5ed5dd1f4b6f2cdae56b978/netty-transport-native-epoll-4.1.54.Final.jar, /builds/cedarsoft/com.cedarsoft.monorepo/.gradle/caches/modules-2/files-2.1/com.googlecode.json-simple/json-simple/1.1.1/c9ad4a0850ab676c5c64461a05ca524cdfff59f1/json-simple-1.1.1.jar, /builds/cedarsoft/com.cedarsoft.monorepo/internal/dependencies-sets/annotations/build/libs/annotations-8.9.5-SNAPSHOT.jar, /builds/cedarsoft/com.cedarsoft.monorepo/internal/open/annotations/annotations/build/libs/annotations-8.9.5-SNAPSHOT.jar, /builds/cedarsoft/com.cedarsoft.monorepo/.gradle/caches/modules-2/files-2.1/org.jetbrains/annotations/13.0/919f0dfe192fb4e063e7dacadee7f8bb9a2672a9/annotations-13.0.jar, /builds/cedarsoft/com.cedarsoft.monorepo/.gradle/caches/modules-2/files-2.1/org.opentest4j/opentest4j/1.2.0/28c11eb91f9b6d8e200631d46e20a7f407f2a046/opentest4j-1.2.0.jar, /builds/cedarsoft/com.cedarsoft.monorepo/.gradle/caches/modules-2/files-2.1/stax/stax-api/1.0.1/49c100caf72d658aca8e58bd74a4ba90fa2b0d70/stax-api-1.0.1.jar, /builds/cedarsoft/com.cedarsoft.monorepo/.gradle/caches/modules-2/files-2.1/org.codehaus.woodstox/stax2-api/3.1.4/ac19014b1e6a7c08aad07fe114af792676b685b7/stax2-api-3.1.4.jar, /builds/cedarsoft/com.cedarsoft.monorepo/.gradle/caches/modules-2/files-2.1/javax.xml.stream/stax-api/1.0-2/d6337b0de8b25e53e81b922352fbea9f9f57ba0b/stax-api-1.0-2.jar, /builds/cedarsoft/com.cedarsoft.monorepo/.gradle/caches/modules-2/files-2.1/net.bytebuddy/byte-buddy/1.10.19/7a8cf46cd99db76f02b335d53aad222d42bc412d/byte-buddy-1.10.19.jar, /builds/cedarsoft/com.cedarsoft.monorepo/.gradle/caches/modules-2/files-2.1/net.bytebuddy/byte-buddy-agent/1.10.19/6453928a03a95dc23d7ef120cfd58f4539c64b53/byte-buddy-agent-1.10.19.jar, /builds/cedarsoft/com.cedarsoft.monorepo/.gradle/caches/modules-2/files-2.1/org.objenesis/objenesis/3.1/48f12deaae83a8dfc3775d830c9fd60ea59bbbca/objenesis-3.1.jar, /builds/cedarsoft/com.cedarsoft.monorepo/.gradle/caches/modules-2/files-2.1/org.easytesting/fest-util/1.2.4/a86b8e01eb7ecfd820df4f22c734a825a0085574/fest-util-1.2.4.jar, /builds/cedarsoft/com.cedarsoft.monorepo/.gradle/caches/modules-2/files-2.1/org.eclipse.jetty.http2/http2-common/9.4.31.v20200723/dd6fc64e41103afca8f9c1c1465ec24541e5681c/http2-common-9.4.31.v20200723.jar, /builds/cedarsoft/com.cedarsoft.monorepo/.gradle/caches/modules-2/files-2.1/org.eclipse.jetty/jetty-alpn-openjdk8-client/9.4.31.v20200723/5c4c0f19a0a1c8a760c298049be7412f7e901bce/jetty-alpn-openjdk8-client-9.4.31.v20200723.jar, /builds/cedarsoft/com.cedarsoft.monorepo/.gradle/caches/modules-2/files-2.1/org.eclipse.jetty/jetty-alpn-java-client/9.4.31.v20200723/f863d49267102c624812efd1ec7f43d6e8c1c30b/jetty-alpn-java-client-9.4.31.v20200723.jar, /builds/cedarsoft/com.cedarsoft.monorepo/.gradle/caches/modules-2/files-2.1/org.eclipse.jetty/jetty-alpn-client/9.4.31.v20200723/32a4ae2f1eb4d40c9411e092089b867d29e09e9c/jetty-alpn-client-9.4.31.v20200723.jar, /builds/cedarsoft/com.cedarsoft.monorepo/.gradle/caches/modules-2/files-2.1/org.eclipse.jetty.http2/http2-hpack/9.4.31.v20200723/836f1a761bf5942494b3c41c9470ea1cd39c8420/http2-hpack-9.4.31.v20200723.jar, /builds/cedarsoft/com.cedarsoft.monorepo/.gradle/caches/modules-2/files-2.1/org.eclipse.jetty/jetty-http/9.4.31.v20200723/6862f0e6fc7e9f8828416a7cae1477b233d92f8/jetty-http-9.4.31.v20200723.jar, /builds/cedarsoft/com.cedarsoft.monorepo/.gradle/caches/modules-2/files-2.1/org.eclipse.jetty/jetty-io/9.4.31.v20200723/328e4562e0f30e01efea63efe4fc24b2b860d852/jetty-io-9.4.31.v20200723.jar, /builds/cedarsoft/com.cedarsoft.monorepo/.gradle/caches/modules-2/files-2.1/net.java.dev.jna/jna-platform/5.5.0/af38e7c4d0fc73c23ecd785443705bfdee5b90bf/jna-platform-5.5.0.jar, /builds/cedarsoft/com.cedarsoft.monorepo/.gradle/caches/modules-2/files-2.1/net.java.dev.jna/jna/5.5.0/e0845217c4907822403912ad6828d8e0b256208/jna-5.5.0.jar, /builds/cedarsoft/com.cedarsoft.monorepo/.gradle/caches/modules-2/files-2.1/io.netty/netty-codec-http/4.1.54.Final/70eb9509289d1cee549cf12bae71929d1a4a12c7/netty-codec-http-4.1.54.Final.jar, /builds/cedarsoft/com.cedarsoft.monorepo/.gradle/caches/modules-2/files-2.1/io.netty/netty-handler/4.1.54.Final/e83dfe8ebe3622d2cd5cce8532a9ca49cad51e9/netty-handler-4.1.54.Final.jar, /builds/cedarsoft/com.cedarsoft.monorepo/.gradle/caches/modules-2/files-2.1/io.netty/netty-codec/4.1.54.Final/295680345b12a86c21fa7af5d9a77e0e0fcff46a/netty-codec-4.1.54.Final.jar, /builds/cedarsoft/com.cedarsoft.monorepo/.gradle/caches/modules-2/files-2.1/io.netty/netty-transport-native-unix-common/4.1.54.Final/ac7d48202cf62c8d51abe89f228d338a41cb49cd/netty-transport-native-unix-common-4.1.54.Final.jar, /builds/cedarsoft/com.cedarsoft.monorepo/.gradle/caches/modules-2/files-2.1/io.netty/netty-transport/4.1.54.Final/ddb9a255819b87b8812932d1d1001f4d9dc7f89e/netty-transport-4.1.54.Final.jar, /builds/cedarsoft/com.cedarsoft.monorepo/.gradle/caches/modules-2/files-2.1/io.netty/netty-buffer/4.1.54.Final/15c513ef8a2e56e88d3736752ea10eae758f47d8/netty-buffer-4.1.54.Final.jar, /builds/cedarsoft/com.cedarsoft.monorepo/.gradle/caches/modules-2/files-2.1/io.netty/netty-resolver/4.1.54.Final/7eed781e7531b990f8360e1a5010b53ca73878f5/netty-resolver-4.1.54.Final.jar, /builds/cedarsoft/com.cedarsoft.monorepo/.gradle/caches/modules-2/files-2.1/io.netty/netty-common/4.1.54.Final/8c330383cda87204ab38e7401ab0f56c0d43b799/netty-common-4.1.54.Final.jar, /builds/cedarsoft/com.cedarsoft.monorepo/.gradle/caches/modules-2/files-2.1/org.hamcrest/hamcrest-core/1.3/42a25dc3219429f0e5d060061f71acb49bf010a0/hamcrest-core-1.3.jar, /builds/cedarsoft/com.cedarsoft.monorepo/.gradle/caches/modules-2/files-2.1/org.apiguardian/apiguardian-api/1.1.0/fc9dff4bb36d627bdc553de77e1f17efd790876c/apiguardian-api-1.1.0.jar, /builds/cedarsoft/com.cedarsoft.monorepo/.gradle/caches/modules-2/files-2.1/org.eclipse.jetty/jetty-util/9.4.31.v20200723/b9c346da72d8715bdfb0373a123374ec6ac9e544/jetty-util-9.4.31.v20200723.jar]
03:22:07.840 [Test worker] DEBUG ktor.test - Watching /builds/cedarsoft/com.cedarsoft.monorepo/internal/open/commons/ktor-server/build/classes/kotlin/main for changes.
03:22:07.841 [Test worker] DEBUG ktor.test - Watching /builds/cedarsoft/com.cedarsoft.monorepo/internal/open/commons/ktor-server/build/classes/kotlin/test/com/cedarsoft/commons/ktor for changes.
03:22:07.842 [Test worker] DEBUG ktor.test - Watching /builds/cedarsoft/com.cedarsoft.monorepo/internal/open/commons/ktor-server/build/classes/kotlin/main/com/cedarsoft/commons for changes.
03:22:07.843 [Test worker] DEBUG ktor.test - Watching /builds/cedarsoft/com.cedarsoft.monorepo/internal/open/commons/ktor-server/build/classes/kotlin/test/com/cedarsoft for changes.
03:22:07.844 [Test worker] DEBUG ktor.test - Watching /builds/cedarsoft/com.cedarsoft.monorepo/internal/open/commons/ktor-server/build/classes/kotlin/test/META-INF for changes.
03:22:07.845 [Test worker] DEBUG ktor.test - Watching /builds/cedarsoft/com.cedarsoft.monorepo/internal/open/commons/ktor-server/build/classes/kotlin/test/com/cedarsoft/commons for changes.
03:22:07.846 [Test worker] DEBUG ktor.test - Watching /builds/cedarsoft/com.cedarsoft.monorepo/internal/open/commons/ktor-server/build/classes/kotlin/main/com/cedarsoft/commons/ktor for changes.
03:22:07.846 [Test worker] DEBUG ktor.test - Watching /builds/cedarsoft/com.cedarsoft.monorepo/internal/open/commons/ktor-server/build/classes/kotlin/main/com for changes.
03:22:07.847 [Test worker] DEBUG ktor.test - Watching /builds/cedarsoft/com.cedarsoft.monorepo/internal/open/commons/ktor-server/build/classes/kotlin/test/com for changes.
03:22:07.847 [Test worker] DEBUG ktor.test - Watching /builds/cedarsoft/com.cedarsoft.monorepo/internal/open/commons/ktor-server/build/classes/kotlin/main/META-INF for changes.
03:22:07.848 [Test worker] DEBUG ktor.test - Watching /builds/cedarsoft/com.cedarsoft.monorepo/internal/open/commons/ktor-server/build/classes/kotlin/main/com/cedarsoft for changes.
03:22:07.849 [Test worker] DEBUG ktor.test - Watching /builds/cedarsoft/com.cedarsoft.monorepo/internal/open/commons/ktor-server/build/classes/kotlin/test for changes.
03:22:12.357 [Test worker] DEBUG ktor.test - Java Home: /opt/java/jdk1.8.0_271
03:22:12.358 [Test worker] DEBUG ktor.test - Class Loader: sun.misc.Launcher$AppClassLoader@73d16e93: [/builds/cedarsoft/com.cedarsoft.monorepo/.gradle/caches/7.0-20210204230054+0000/workerMain/gradle-worker.jar, /builds/cedarsoft/com.cedarsoft.monorepo/internal/open/commons/ktor-server/build/tmp/expandedArchives/org.jacoco.agent-0.8.6.jar_a26f6511a7813217be4cd6439d66563b/jacocoagent.jar, /builds/cedarsoft/com.cedarsoft.monorepo/internal/open/commons/ktor-server/build/classes/java/test, /builds/cedarsoft/com.cedarsoft.monorepo/internal/open/commons/ktor-server/build/classes/kotlin/test/, /builds/cedarsoft/com.cedarsoft.monorepo/internal/open/commons/ktor-server/build/resources/test, /builds/cedarsoft/com.cedarsoft.monorepo/internal/open/commons/ktor-server/build/classes/java/main, /builds/cedarsoft/com.cedarsoft.monorepo/internal/open/commons/ktor-server/build/classes/kotlin/main/, /builds/cedarsoft/com.cedarsoft.monorepo/internal/open/commons/ktor-server/build/resources/main, /builds/cedarsoft/com.cedarsoft.monorepo/internal/dependencies-sets/ktor/build/libs/ktor-8.9.5-SNAPSHOT.jar, /builds/cedarsoft/com.cedarsoft.monorepo/internal/open/commons/kotlinx-serializers/build/libs/kotlinx-serializers-8.9.5-SNAPSHOT.jar, /builds/cedarsoft/com.cedarsoft.monorepo/internal/open/commons/concurrent/build/libs/concurrent-8.9.5-SNAPSHOT.jar, /builds/cedarsoft/com.cedarsoft.monorepo/internal/open/commons/guava/build/libs/guava-8.9.5-SNAPSHOT.jar, /builds/cedarsoft/com.cedarsoft.monorepo/internal/open/commons/test-utils/build/libs/test-utils-8.9.5-SNAPSHOT.jar, /builds/cedarsoft/com.cedarsoft.monorepo/internal/open/commons/commons/build/libs/commons-8.9.5-SNAPSHOT.jar, /builds/cedarsoft/com.cedarsoft.monorepo/internal/dependencies-sets/kotlin-test/build/libs/kotlin-test-8.9.5-SNAPSHOT.jar, /builds/cedarsoft/com.cedarsoft.monorepo/internal/dependencies-sets/test-basics/build/libs/test-basics-8.9.5-SNAPSHOT.jar, /builds/cedarsoft/com.cedarsoft.monorepo/internal/open/commons/crypt/build/libs/crypt-8.9.5-SNAPSHOT.jar, /builds/cedarsoft/com.cedarsoft.monorepo/internal/open/commons/xml-commons/build/libs/xml-commons-8.9.5-SNAPSHOT.jar, /builds/cedarsoft/com.cedarsoft.monorepo/.gradle/caches/modules-2/files-2.1/com.google.guava/guava/30.1-jre/d0c3ce2311c9e36e73228da25a6e99b2ab826f/guava-30.1-jre.jar, /builds/cedarsoft/com.cedarsoft.monorepo/.gradle/caches/modules-2/files-2.1/io.ktor/ktor-server-test-host/1.5.1/2a2cd2180b124372f867642a0b3387d122ad05c8/ktor-server-test-host-jvm-1.5.1.jar, /builds/cedarsoft/com.cedarsoft.monorepo/.gradle/caches/modules-2/files-2.1/io.ktor/ktor-websockets/1.5.1/c3de57f610cdd95a5b7f6b76492b5e8475be04bf/ktor-websockets-jvm-1.5.1.jar, /builds/cedarsoft/com.cedarsoft.monorepo/.gradle/caches/modules-2/files-2.1/io.ktor/ktor-jackson/1.5.1/53c145c6acef6440e204884db1cc03e06823ac5c/ktor-jackson-jvm-1.5.1.jar, /builds/cedarsoft/com.cedarsoft.monorepo/.gradle/caches/modules-2/files-2.1/io.ktor/ktor-locations/1.5.1/64605d7b1cbef978a4cf53a7e63bd4b8d68318f5/ktor-locations-jvm-1.5.1.jar, /builds/cedarsoft/com.cedarsoft.monorepo/.gradle/caches/modules-2/files-2.1/io.ktor/ktor-metrics/1.5.1/c0cc84c508602598c9efc7be55fb6202c8f30bc7/ktor-metrics-jvm-1.5.1.jar, /builds/cedarsoft/com.cedarsoft.monorepo/.gradle/caches/modules-2/files-2.1/io.ktor/ktor-auth/1.5.1/fbfeb6def91b1bcd22ca71627eeef1cb5504136e/ktor-auth-jvm-1.5.1.jar, /builds/cedarsoft/com.cedarsoft.monorepo/.gradle/caches/modules-2/files-2.1/io.ktor/ktor-html-builder/1.5.1/5eb334690b24e7779263aaed503613b37a13c380/ktor-html-builder-jvm-1.5.1.jar, /builds/cedarsoft/com.cedarsoft.monorepo/.gradle/caches/modules-2/files-2.1/io.ktor/ktor-server-netty/1.5.1/c9b22c22cad15b3ebc69177bb52d861564c018ae/ktor-server-netty-jvm-1.5.1.jar, /builds/cedarsoft/com.cedarsoft.monorepo/.gradle/caches/modules-2/files-2.1/io.ktor/ktor-server-host-common/1.5.1/cf67489a6193e430e86f9bb0b41cdf33d2d15ac9/ktor-server-host-common-jvm-1.5.1.jar, /builds/cedarsoft/com.cedarsoft.monorepo/.gradle/caches/modules-2/files-2.1/io.ktor/ktor-server-core/1.5.1/5a9ffaec94572afd10238394597caee4a0ecba3a/ktor-server-core-jvm-1.5.1.jar, /builds/cedarsoft/com.cedarsoft.monorepo/.gradle/caches/modules-2/files-2.1/io.ktor/ktor-network-tls-certificates/1.5.1/1e7955e0a2fe547c75d825bfe03a8d946938ab20/ktor-network-tls-certificates-jvm-1.5.1.jar, /builds/cedarsoft/com.cedarsoft.monorepo/.gradle/caches/modules-2/files-2.1/org.jetbrains.kotlinx/kotlinx-coroutines-jdk8/1.4.2/5fade60e503a55fc9d3af41b7190de1a84b14e3f/kotlinx-coroutines-jdk8-1.4.2.jar, /builds/cedarsoft/com.cedarsoft.monorepo/internal/open/unit/unit/build/libs/unit-jvm-8.9.5-SNAPSHOT.jar, /builds/cedarsoft/com.cedarsoft.monorepo/internal/open/commons/exceptions/build/libs/exceptions-8.9.5-SNAPSHOT.jar, /builds/cedarsoft/com.cedarsoft.monorepo/.gradle/caches/modules-2/files-2.1/io.strikt/strikt-core/0.28.2/c9104965864083e67b7fc7f917aa94c3f7719d1b/strikt-core-0.28.2.jar, /builds/cedarsoft/com.cedarsoft.monorepo/.gradle/caches/modules-2/files-2.1/com.willowtreeapps.assertk/assertk-jvm/0.23/e0709e8a9d8a7b46b20a5f575199789e6cf2e5a1/assertk-jvm-0.23.jar, /builds/cedarsoft/com.cedarsoft.monorepo/.gradle/caches/modules-2/files-2.1/org.jetbrains.kotlinx/kotlinx-html-jvm/0.7.2/c7a77c9027384b982941d48ee61f80cce12a03eb/kotlinx-html-jvm-0.7.2.jar, /builds/cedarsoft/com.cedarsoft.monorepo/.gradle/caches/modules-2/files-2.1/com.christophsturm/filepeek/0.1.2/347482ee8f7b82e5dbc95ee0d61930e4fe4a5695/filepeek-0.1.2.jar, /builds/cedarsoft/com.cedarsoft.monorepo/.gradle/caches/modules-2/files-2.1/org.jetbrains.kotlin/kotlin-stdlib-jdk8/1.4.30/aeecfab2e6acbcb80fc6628e8882c98cbbd819cf/kotlin-stdlib-jdk8-1.4.30.jar, /builds/cedarsoft/com.cedarsoft.monorepo/.gradle/caches/modules-2/files-2.1/org.awaitility/awaitility/4.0.3/144a5f4c85c5113e1f63139b5bdee6336511ee88/awaitility-4.0.3.jar, /builds/cedarsoft/com.cedarsoft.monorepo/.gradle/caches/modules-2/files-2.1/ch.qos.logback/logback-classic/1.2.3/7c4f3c474fb2c041d8028740440937705ebb473a/logback-classic-1.2.3.jar, /builds/cedarsoft/com.cedarsoft.monorepo/internal/dependencies-sets/kotlin/build/libs/kotlin-8.9.5-SNAPSHOT.jar, /builds/cedarsoft/com.cedarsoft.monorepo/.gradle/caches/modules-2/files-2.1/com.google.guava/failureaccess/1.0.1/1dcf1de382a0bf95a3d8b0849546c88bac1292c9/failureaccess-1.0.1.jar, /builds/cedarsoft/com.cedarsoft.monorepo/.gradle/caches/modules-2/files-2.1/com.google.guava/listenablefuture/9999.0-empty-to-avoid-conflict-with-guava/b421526c5f297295adef1c886e5246c39d4ac629/listenablefuture-9999.0-empty-to-avoid-conflict-with-guava.jar, /builds/cedarsoft/com.cedarsoft.monorepo/.gradle/caches/modules-2/files-2.1/com.google.code.findbugs/jsr305/3.0.2/25ea2e8b0c338a877313bd4672d3fe056ea78f0d/jsr305-3.0.2.jar, /builds/cedarsoft/com.cedarsoft.monorepo/.gradle/caches/modules-2/files-2.1/org.checkerframework/checker-qual/3.5.0/2f50520c8abea66fbd8d26e481d3aef5c673b510/checker-qual-3.5.0.jar, /builds/cedarsoft/com.cedarsoft.monorepo/.gradle/caches/modules-2/files-2.1/com.google.errorprone/error_prone_annotations/2.3.4/dac170e4594de319655ffb62f41cbd6dbb5e601e/error_prone_annotations-2.3.4.jar, /builds/cedarsoft/com.cedarsoft.monorepo/.gradle/caches/modules-2/files-2.1/com.google.j2objc/j2objc-annotations/1.3/ba035118bc8bac37d7eff77700720999acd9986d/j2objc-annotations-1.3.jar, /builds/cedarsoft/com.cedarsoft.monorepo/.gradle/caches/modules-2/files-2.1/org.jetbrains.kotlinx/kotlinx-coroutines-debug/1.4.2-native-mt/1c1c5fc8a47500f3d684449be96a4cd9d17e1788/kotlinx-coroutines-debug-1.4.2-native-mt.jar, /builds/cedarsoft/com.cedarsoft.monorepo/.gradle/caches/modules-2/files-2.1/io.ktor/ktor-client-cio-jvm/1.5.1/ee3ab6958a2b911bfea1c21cc8bc4d11fdebdeef/ktor-client-cio-jvm-1.5.1.jar, /builds/cedarsoft/com.cedarsoft.monorepo/.gradle/caches/modules-2/files-2.1/io.ktor/ktor-network-tls-jvm/1.5.1/cfae187a35d523b149f612fdac66431eeebb5259/ktor-network-tls-jvm-1.5.1.jar, /builds/cedarsoft/com.cedarsoft.monorepo/.gradle/caches/modules-2/files-2.1/io.ktor/ktor-client-jetty/1.5.1/9e335a896a4ddecfbed1d3a6100b6883019b72b5/ktor-client-jetty-jvm-1.5.1.jar, /builds/cedarsoft/com.cedarsoft.monorepo/.gradle/caches/modules-2/files-2.1/io.ktor/ktor-client-core-jvm/1.5.1/d232964dba7318a8aa131b498f58482303038ccd/ktor-client-core-jvm-1.5.1.jar, /builds/cedarsoft/com.cedarsoft.monorepo/.gradle/caches/modules-2/files-2.1/io.ktor/ktor-http-cio-jvm/1.5.1/b41829b9e7e354c9a6e55ee888c7d83b53a51984/ktor-http-cio-jvm-1.5.1.jar, /builds/cedarsoft/com.cedarsoft.monorepo/.gradle/caches/modules-2/files-2.1/io.ktor/ktor-http-jvm/1.5.1/8347ad9b7ac34137f162427e23fa4145e96f8262/ktor-http-jvm-1.5.1.jar, /builds/cedarsoft/com.cedarsoft.monorepo/.gradle/caches/modules-2/files-2.1/io.ktor/ktor-network-jvm/1.5.1/f24b541c0a2f5ed4b860d27beb47e7729a5cfc62/ktor-network-jvm-1.5.1.jar, /builds/cedarsoft/com.cedarsoft.monorepo/.gradle/caches/modules-2/files-2.1/io.ktor/ktor-utils-jvm/1.5.1/9763b731d7017c5258a65a9d6f871a7a91ad5a34/ktor-utils-jvm-1.5.1.jar, /builds/cedarsoft/com.cedarsoft.monorepo/.gradle/caches/modules-2/files-2.1/io.ktor/ktor-io-jvm/1.5.1/a6170780ba77e2cd7dcd94e63e4649c98516292d/ktor-io-jvm-1.5.1.jar, /builds/cedarsoft/com.cedarsoft.monorepo/.gradle/caches/modules-2/files-2.1/org.jetbrains.kotlinx/kotlinx-serialization-json-jvm/1.0.1/900f8d34f091c8a957eca49e0cf6bf7d7006482d/kotlinx-serialization-json-jvm-1.0.1.jar, /builds/cedarsoft/com.cedarsoft.monorepo/.gradle/caches/modules-2/files-2.1/org.jetbrains.kotlin/kotlin-stdlib-jdk7/1.4.30/cd81ed90fd79e43f587bd384c2bc6d1aed0bfe31/kotlin-stdlib-jdk7-1.4.30.jar, /builds/cedarsoft/com.cedarsoft.monorepo/.gradle/caches/modules-2/files-2.1/com.fasterxml.jackson.core/jackson-databind/2.12.1/8a97e00e429c42f74757b0a8cd1d39dddd41524f/jackson-databind-2.12.1.jar, /builds/cedarsoft/com.cedarsoft.monorepo/.gradle/caches/modules-2/files-2.1/com.fasterxml.jackson.core/jackson-annotations/2.12.1/aa079f822ddce5548018286d19ccb15c2fc202d7/jackson-annotations-2.12.1.jar, /builds/cedarsoft/com.cedarsoft.monorepo/.gradle/caches/modules-2/files-2.1/com.fasterxml.jackson.core/jackson-core/2.12.1/7c5493930e439be6fcec80a9afd6516b8e5e8760/jackson-core-2.12.1.jar, /builds/cedarsoft/com.cedarsoft.monorepo/.gradle/caches/modules-2/files-2.1/com.fasterxml.jackson.module/jackson-module-kotlin/2.12.1/b7c8a84dd474b0ff8cf0ab4fdc949d5e4325aa35/jackson-module-kotlin-2.12.1.jar, /builds/cedarsoft/com.cedarsoft.monorepo/.gradle/caches/modules-2/files-2.1/org.jetbrains.kotlin/kotlin-reflect/1.4.30/a9116fbe28a0514671787df95133f28e65fdac25/kotlin-reflect-1.4.30.jar, /builds/cedarsoft/com.cedarsoft.monorepo/.gradle/caches/modules-2/files-2.1/org.jetbrains.kotlinx/kotlinx-serialization-protobuf-jvm/1.0.1/12aad9ea5136e8fdeaf5f6f74cef03da71208f85/kotlinx-serialization-protobuf-jvm-1.0.1.jar, /builds/cedarsoft/com.cedarsoft.monorepo/.gradle/caches/modules-2/files-2.1/org.jetbrains.kotlinx/kotlinx-coroutines-core-jvm/1.4.2/4b9c6b2de7cabfb2c9ad7a5c709b1ddb7bbfd2ad/kotlinx-coroutines-core-jvm-1.4.2.jar, /builds/cedarsoft/com.cedarsoft.monorepo/.gradle/caches/modules-2/files-2.1/org.jetbrains.kotlin/kotlin-test-junit/1.4.30/a9de5cbb2d45b52638f5ba631af1b20c46610a7/kotlin-test-junit-1.4.30.jar, /builds/cedarsoft/com.cedarsoft.monorepo/.gradle/caches/modules-2/files-2.1/org.jetbrains.kotlin/kotlin-test/1.4.30/a8c0e21fda17f61a6de193e16dd414683cf9dcb0/kotlin-test-1.4.30.jar, /builds/cedarsoft/com.cedarsoft.monorepo/.gradle/caches/modules-2/files-2.1/org.jetbrains.kotlinx/kotlinx-serialization-core-jvm/1.0.1/d0c5ab89372940ed3fb77952e79b9cd5d466d86/kotlinx-serialization-core-jvm-1.0.1.jar, /builds/cedarsoft/com.cedarsoft.monorepo/.gradle/caches/modules-2/files-2.1/com.willowtreeapps.opentest4k/opentest4k-jvm/1.2.1/2cba238e7106b5ac682da81d2c038b6880510f37/opentest4k-jvm-1.2.1.jar, /builds/cedarsoft/com.cedarsoft.monorepo/.gradle/caches/modules-2/files-2.1/org.jetbrains.kotlin/kotlin-stdlib/1.4.30/d10d1e10f47006ee08162dde039e38ac487de4ac/kotlin-stdlib-1.4.30.jar, /builds/cedarsoft/com.cedarsoft.monorepo/.gradle/caches/modules-2/files-2.1/commons-codec/commons-codec/1.15/49d94806b6e3dc933dacbd8acb0fdbab8ebd1e5d/commons-codec-1.15.jar, /builds/cedarsoft/com.cedarsoft.monorepo/.gradle/caches/modules-2/files-2.1/commons-io/commons-io/2.8.0/92999e26e6534606b5678014e66948286298a35c/commons-io-2.8.0.jar, /builds/cedarsoft/com.cedarsoft.monorepo/.gradle/caches/modules-2/files-2.1/org.codehaus.staxmate/staxmate/2.0.1/b0b767fbc22683d7bf26a14ae1c5817561e21d00/staxmate-2.0.1.jar, /builds/cedarsoft/com.cedarsoft.monorepo/.gradle/caches/modules-2/files-2.1/org.codehaus.woodstox/woodstox-core-asl/4.4.1/84fee5eb1a4a1cefe65b6883c73b3fa83be3c1a1/woodstox-core-asl-4.4.1.jar, /builds/cedarsoft/com.cedarsoft.monorepo/.gradle/caches/modules-2/files-2.1/org.apache.commons/commons-lang3/3.11/68e9a6adf7cf8eb7e9d31bbc554c7c75eeaac568/commons-lang3-3.11.jar, /builds/cedarsoft/com.cedarsoft.monorepo/.gradle/caches/modules-2/files-2.1/org.mockito/mockito-core/3.7.7/5d43943be9b57c8ff47d2b9640ea0a7fc7211cf2/mockito-core-3.7.7.jar, /builds/cedarsoft/com.cedarsoft.monorepo/.gradle/caches/modules-2/files-2.1/org.easymock/easymockclassextension/3.2/9c922ad77729f27eb7872aa570287e239a8346da/easymockclassextension-3.2.jar, /builds/cedarsoft/com.cedarsoft.monorepo/.gradle/caches/modules-2/files-2.1/org.easymock/easymock/4.2/251b26f1b853673c1aac277fd2fb0c8d5844cdc8/easymock-4.2.jar, /builds/cedarsoft/com.cedarsoft.monorepo/.gradle/caches/modules-2/files-2.1/org.assertj/assertj-core/3.19.0/f64cb5690b85e68d5e1e6c6152bfb6e3840a452d/assertj-core-3.19.0.jar, /builds/cedarsoft/com.cedarsoft.monorepo/.gradle/caches/modules-2/files-2.1/org.easytesting/fest-reflect/1.4.1/2b92d5275e92a49e16c7ce6bd7e46b9080db0530/fest-reflect-1.4.1.jar, /builds/cedarsoft/com.cedarsoft.monorepo/.gradle/caches/modules-2/files-2.1/xmlunit/xmlunit/1.6/adcae0aff916681dacd2b490e193f1119cd964a9/xmlunit-1.6.jar, /builds/cedarsoft/com.cedarsoft.monorepo/.gradle/caches/modules-2/files-2.1/org.hamcrest/hamcrest/2.1/9420ba32c29217b54eebd26ff7f9234d31c3fbb2/hamcrest-2.1.jar, /builds/cedarsoft/com.cedarsoft.monorepo/.gradle/caches/modules-2/files-2.1/ch.qos.logback/logback-core/1.2.3/864344400c3d4d92dfeb0a305dc87d953677c03c/logback-core-1.2.3.jar, /builds/cedarsoft/com.cedarsoft.monorepo/.gradle/caches/modules-2/files-2.1/io.dropwizard.metrics/metrics-jvm/4.1.14/fd192172c81a0225137525596d82ad99f6435f8c/metrics-jvm-4.1.14.jar, /builds/cedarsoft/com.cedarsoft.monorepo/.gradle/caches/modules-2/files-2.1/io.dropwizard.metrics/metrics-core/4.1.14/14cf9dd67619a0390812dddb232df339e3383d35/metrics-core-4.1.14.jar, /builds/cedarsoft/com.cedarsoft.monorepo/.gradle/caches/modules-2/files-2.1/org.slf4j/slf4j-api/1.7.30/b5a4b6d16ab13e34a88fae84c35cd5d68cac922c/slf4j-api-1.7.30.jar, /builds/cedarsoft/com.cedarsoft.monorepo/.gradle/caches/modules-2/files-2.1/org.eclipse.jetty.http2/http2-http-client-transport/9.4.31.v20200723/6b12bda474f3033d2213af1e7dc49a08f9922852/http2-http-client-transport-9.4.31.v20200723.jar, /builds/cedarsoft/com.cedarsoft.monorepo/.gradle/caches/modules-2/files-2.1/org.eclipse.jetty.http2/http2-client/9.4.31.v20200723/941313dcc9846ef76523e1947083206a103ca763/http2-client-9.4.31.v20200723.jar, /builds/cedarsoft/com.cedarsoft.monorepo/.gradle/caches/modules-2/files-2.1/org.eclipse.jetty/jetty-client/9.4.31.v20200723/a4d779d1dcd7fa948d1175ebf3e20a0b0caacdc/jetty-client-9.4.31.v20200723.jar, /builds/cedarsoft/com.cedarsoft.monorepo/.gradle/caches/modules-2/files-2.1/org.junit.jupiter/junit-jupiter-params/5.7.0/521dbecace93d5d7ef13a74aab231befd7954424/junit-jupiter-params-5.7.0.jar, /builds/cedarsoft/com.cedarsoft.monorepo/.gradle/caches/modules-2/files-2.1/org.junit.jupiter/junit-jupiter-engine/5.7.0/d9044d6b45e2232ddd53fa56c15333e43d1749fd/junit-jupiter-engine-5.7.0.jar, /builds/cedarsoft/com.cedarsoft.monorepo/.gradle/caches/modules-2/files-2.1/org.junit.jupiter/junit-jupiter-api/5.7.0/b25f3815c4c1860a73041e733a14a0379d00c4d5/junit-jupiter-api-5.7.0.jar, /builds/cedarsoft/com.cedarsoft.monorepo/.gradle/caches/modules-2/files-2.1/org.junit.platform/junit-platform-engine/1.7.0/eadb73c5074a4ac71061defd00fc176152a4d12c/junit-platform-engine-1.7.0.jar, /builds/cedarsoft/com.cedarsoft.monorepo/.gradle/caches/modules-2/files-2.1/org.junit.platform/junit-platform-commons/1.7.0/84e309fbf21d857aac079a3c1fffd84284e1114d/junit-platform-commons-1.7.0.jar, /builds/cedarsoft/com.cedarsoft.monorepo/.gradle/caches/modules-2/files-2.1/org.junit.vintage/junit-vintage-engine/5.7.0/2b808fa5dbbf0b0e16bce19d9936ef78333a030e/junit-vintage-engine-5.7.0.jar, /builds/cedarsoft/com.cedarsoft.monorepo/.gradle/caches/modules-2/files-2.1/junit/junit/4.13.1/cdd00374f1fee76b11e2a9d127405aa3f6be5b6a/junit-4.13.1.jar, /builds/cedarsoft/com.cedarsoft.monorepo/.gradle/caches/modules-2/files-2.1/org.jetbrains.kotlin/kotlin-test-annotations-common/1.4.30/e77a76b23fc3007baf57a9d3354fdd318fe1fa88/kotlin-test-annotations-common-1.4.30.jar, /builds/cedarsoft/com.cedarsoft.monorepo/.gradle/caches/modules-2/files-2.1/org.jetbrains.kotlin/kotlin-test-common/1.4.30/823ed87441680d1334a1f0d23781c0089e16c0a6/kotlin-test-common-1.4.30.jar, /builds/cedarsoft/com.cedarsoft.monorepo/.gradle/caches/modules-2/files-2.1/org.jetbrains.kotlin/kotlin-stdlib-common/1.4.30/bb9a3173350f55732416ee27956ea8f9b81f4dbb/kotlin-stdlib-common-1.4.30.jar, /builds/cedarsoft/com.cedarsoft.monorepo/.gradle/caches/modules-2/files-2.1/com.typesafe/config/1.3.1/2cf7a6cc79732e3bdf1647d7404279900ca63eb0/config-1.3.1.jar, /builds/cedarsoft/com.cedarsoft.monorepo/.gradle/caches/modules-2/files-2.1/io.netty/netty-codec-http2/4.1.54.Final/327a4ae62b0a41cdf02f610f06eb353f10c17ef8/netty-codec-http2-4.1.54.Final.jar, /builds/cedarsoft/com.cedarsoft.monorepo/.gradle/caches/modules-2/files-2.1/org.eclipse.jetty.alpn/alpn-api/1.1.3.v20160715/a1bf3a937f91b4c953acd13e8c9552347adc2198/alpn-api-1.1.3.v20160715.jar, /builds/cedarsoft/com.cedarsoft.monorepo/.gradle/caches/modules-2/files-2.1/io.netty/netty-transport-native-kqueue/4.1.54.Final/941f2f438f7d1e6d2ba39141fa3a4d30cda5f223/netty-transport-native-kqueue-4.1.54.Final.jar, /builds/cedarsoft/com.cedarsoft.monorepo/.gradle/caches/modules-2/files-2.1/io.netty/netty-transport-native-epoll/4.1.54.Final/59f7241f86236bd5b5ed5dd1f4b6f2cdae56b978/netty-transport-native-epoll-4.1.54.Final.jar, /builds/cedarsoft/com.cedarsoft.monorepo/.gradle/caches/modules-2/files-2.1/com.googlecode.json-simple/json-simple/1.1.1/c9ad4a0850ab676c5c64461a05ca524cdfff59f1/json-simple-1.1.1.jar, /builds/cedarsoft/com.cedarsoft.monorepo/internal/dependencies-sets/annotations/build/libs/annotations-8.9.5-SNAPSHOT.jar, /builds/cedarsoft/com.cedarsoft.monorepo/internal/open/annotations/annotations/build/libs/annotations-8.9.5-SNAPSHOT.jar, /builds/cedarsoft/com.cedarsoft.monorepo/.gradle/caches/modules-2/files-2.1/org.jetbrains/annotations/13.0/919f0dfe192fb4e063e7dacadee7f8bb9a2672a9/annotations-13.0.jar, /builds/cedarsoft/com.cedarsoft.monorepo/.gradle/caches/modules-2/files-2.1/org.opentest4j/opentest4j/1.2.0/28c11eb91f9b6d8e200631d46e20a7f407f2a046/opentest4j-1.2.0.jar, /builds/cedarsoft/com.cedarsoft.monorepo/.gradle/caches/modules-2/files-2.1/stax/stax-api/1.0.1/49c100caf72d658aca8e58bd74a4ba90fa2b0d70/stax-api-1.0.1.jar, /builds/cedarsoft/com.cedarsoft.monorepo/.gradle/caches/modules-2/files-2.1/org.codehaus.woodstox/stax2-api/3.1.4/ac19014b1e6a7c08aad07fe114af792676b685b7/stax2-api-3.1.4.jar, /builds/cedarsoft/com.cedarsoft.monorepo/.gradle/caches/modules-2/files-2.1/javax.xml.stream/stax-api/1.0-2/d6337b0de8b25e53e81b922352fbea9f9f57ba0b/stax-api-1.0-2.jar, /builds/cedarsoft/com.cedarsoft.monorepo/.gradle/caches/modules-2/files-2.1/net.bytebuddy/byte-buddy/1.10.19/7a8cf46cd99db76f02b335d53aad222d42bc412d/byte-buddy-1.10.19.jar, /builds/cedarsoft/com.cedarsoft.monorepo/.gradle/caches/modules-2/files-2.1/net.bytebuddy/byte-buddy-agent/1.10.19/6453928a03a95dc23d7ef120cfd58f4539c64b53/byte-buddy-agent-1.10.19.jar, /builds/cedarsoft/com.cedarsoft.monorepo/.gradle/caches/modules-2/files-2.1/org.objenesis/objenesis/3.1/48f12deaae83a8dfc3775d830c9fd60ea59bbbca/objenesis-3.1.jar, /builds/cedarsoft/com.cedarsoft.monorepo/.gradle/caches/modules-2/files-2.1/org.easytesting/fest-util/1.2.4/a86b8e01eb7ecfd820df4f22c734a825a0085574/fest-util-1.2.4.jar, /builds/cedarsoft/com.cedarsoft.monorepo/.gradle/caches/modules-2/files-2.1/org.eclipse.jetty.http2/http2-common/9.4.31.v20200723/dd6fc64e41103afca8f9c1c1465ec24541e5681c/http2-common-9.4.31.v20200723.jar, /builds/cedarsoft/com.cedarsoft.monorepo/.gradle/caches/modules-2/files-2.1/org.eclipse.jetty/jetty-alpn-openjdk8-client/9.4.31.v20200723/5c4c0f19a0a1c8a760c298049be7412f7e901bce/jetty-alpn-openjdk8-client-9.4.31.v20200723.jar, /builds/cedarsoft/com.cedarsoft.monorepo/.gradle/caches/modules-2/files-2.1/org.eclipse.jetty/jetty-alpn-java-client/9.4.31.v20200723/f863d49267102c624812efd1ec7f43d6e8c1c30b/jetty-alpn-java-client-9.4.31.v20200723.jar, /builds/cedarsoft/com.cedarsoft.monorepo/.gradle/caches/modules-2/files-2.1/org.eclipse.jetty/jetty-alpn-client/9.4.31.v20200723/32a4ae2f1eb4d40c9411e092089b867d29e09e9c/jetty-alpn-client-9.4.31.v20200723.jar, /builds/cedarsoft/com.cedarsoft.monorepo/.gradle/caches/modules-2/files-2.1/org.eclipse.jetty.http2/http2-hpack/9.4.31.v20200723/836f1a761bf5942494b3c41c9470ea1cd39c8420/http2-hpack-9.4.31.v20200723.jar, /builds/cedarsoft/com.cedarsoft.monorepo/.gradle/caches/modules-2/files-2.1/org.eclipse.jetty/jetty-http/9.4.31.v20200723/6862f0e6fc7e9f8828416a7cae1477b233d92f8/jetty-http-9.4.31.v20200723.jar, /builds/cedarsoft/com.cedarsoft.monorepo/.gradle/caches/modules-2/files-2.1/org.eclipse.jetty/jetty-io/9.4.31.v20200723/328e4562e0f30e01efea63efe4fc24b2b860d852/jetty-io-9.4.31.v20200723.jar, /builds/cedarsoft/com.cedarsoft.monorepo/.gradle/caches/modules-2/files-2.1/net.java.dev.jna/jna-platform/5.5.0/af38e7c4d0fc73c23ecd785443705bfdee5b90bf/jna-platform-5.5.0.jar, /builds/cedarsoft/com.cedarsoft.monorepo/.gradle/caches/modules-2/files-2.1/net.java.dev.jna/jna/5.5.0/e0845217c4907822403912ad6828d8e0b256208/jna-5.5.0.jar, /builds/cedarsoft/com.cedarsoft.monorepo/.gradle/caches/modules-2/files-2.1/io.netty/netty-codec-http/4.1.54.Final/70eb9509289d1cee549cf12bae71929d1a4a12c7/netty-codec-http-4.1.54.Final.jar, /builds/cedarsoft/com.cedarsoft.monorepo/.gradle/caches/modules-2/files-2.1/io.netty/netty-handler/4.1.54.Final/e83dfe8ebe3622d2cd5cce8532a9ca49cad51e9/netty-handler-4.1.54.Final.jar, /builds/cedarsoft/com.cedarsoft.monorepo/.gradle/caches/modules-2/files-2.1/io.netty/netty-codec/4.1.54.Final/295680345b12a86c21fa7af5d9a77e0e0fcff46a/netty-codec-4.1.54.Final.jar, /builds/cedarsoft/com.cedarsoft.monorepo/.gradle/caches/modules-2/files-2.1/io.netty/netty-transport-native-unix-common/4.1.54.Final/ac7d48202cf62c8d51abe89f228d338a41cb49cd/netty-transport-native-unix-common-4.1.54.Final.jar, /builds/cedarsoft/com.cedarsoft.monorepo/.gradle/caches/modules-2/files-2.1/io.netty/netty-transport/4.1.54.Final/ddb9a255819b87b8812932d1d1001f4d9dc7f89e/netty-transport-4.1.54.Final.jar, /builds/cedarsoft/com.cedarsoft.monorepo/.gradle/caches/modules-2/files-2.1/io.netty/netty-buffer/4.1.54.Final/15c513ef8a2e56e88d3736752ea10eae758f47d8/netty-buffer-4.1.54.Final.jar, /builds/cedarsoft/com.cedarsoft.monorepo/.gradle/caches/modules-2/files-2.1/io.netty/netty-resolver/4.1.54.Final/7eed781e7531b990f8360e1a5010b53ca73878f5/netty-resolver-4.1.54.Final.jar, /builds/cedarsoft/com.cedarsoft.monorepo/.gradle/caches/modules-2/files-2.1/io.netty/netty-common/4.1.54.Final/8c330383cda87204ab38e7401ab0f56c0d43b799/netty-common-4.1.54.Final.jar, /builds/cedarsoft/com.cedarsoft.monorepo/.gradle/caches/modules-2/files-2.1/org.hamcrest/hamcrest-core/1.3/42a25dc3219429f0e5d060061f71acb49bf010a0/hamcrest-core-1.3.jar, /builds/cedarsoft/com.cedarsoft.monorepo/.gradle/caches/modules-2/files-2.1/org.apiguardian/apiguardian-api/1.1.0/fc9dff4bb36d627bdc553de77e1f17efd790876c/apiguardian-api-1.1.0.jar, /builds/cedarsoft/com.cedarsoft.monorepo/.gradle/caches/modules-2/files-2.1/org.eclipse.jetty/jetty-util/9.4.31.v20200723/b9c346da72d8715bdfb0373a123374ec6ac9e544/jetty-util-9.4.31.v20200723.jar]
03:22:12.434 [Test worker] DEBUG ktor.test - Watching /builds/cedarsoft/com.cedarsoft.monorepo/internal/open/commons/ktor-server/build/classes/kotlin/main for changes.
03:22:12.434 [Test worker] DEBUG ktor.test - Watching /builds/cedarsoft/com.cedarsoft.monorepo/internal/open/commons/ktor-server/build/classes/kotlin/test/com/cedarsoft/commons/ktor for changes.
03:22:12.434 [Test worker] DEBUG ktor.test - Watching /builds/cedarsoft/com.cedarsoft.monorepo/internal/open/commons/ktor-server/build/classes/kotlin/main/com/cedarsoft/commons for changes.
03:22:12.434 [Test worker] DEBUG ktor.test - Watching /builds/cedarsoft/com.cedarsoft.monorepo/internal/open/commons/ktor-server/build/classes/kotlin/test/com/cedarsoft for changes.
03:22:12.435 [Test worker] DEBUG ktor.test - Watching /builds/cedarsoft/com.cedarsoft.monorepo/internal/open/commons/ktor-server/build/classes/kotlin/test/META-INF for changes.
03:22:12.435 [Test worker] DEBUG ktor.test - Watching /builds/cedarsoft/com.cedarsoft.monorepo/internal/open/commons/ktor-server/build/classes/kotlin/test/com/cedarsoft/commons for changes.
03:22:12.435 [Test worker] DEBUG ktor.test - Watching /builds/cedarsoft/com.cedarsoft.monorepo/internal/open/commons/ktor-server/build/classes/kotlin/main/com/cedarsoft/commons/ktor for changes.
03:22:12.435 [Test worker] DEBUG ktor.test - Watching /builds/cedarsoft/com.cedarsoft.monorepo/internal/open/commons/ktor-server/build/classes/kotlin/main/com for changes.
03:22:12.435 [Test worker] DEBUG ktor.test - Watching /builds/cedarsoft/com.cedarsoft.monorepo/internal/open/commons/ktor-server/build/classes/kotlin/test/com for changes.
03:22:12.435 [Test worker] DEBUG ktor.test - Watching /builds/cedarsoft/com.cedarsoft.monorepo/internal/open/commons/ktor-server/build/classes/kotlin/main/META-INF for changes.
03:22:12.435 [Test worker] DEBUG ktor.test - Watching /builds/cedarsoft/com.cedarsoft.monorepo/internal/open/commons/ktor-server/build/classes/kotlin/main/com/cedarsoft for changes.
03:22:12.435 [Test worker] DEBUG ktor.test - Watching /builds/cedarsoft/com.cedarsoft.monorepo/internal/open/commons/ktor-server/build/classes/kotlin/test for changes.
03:22:12.633 [Test worker] DEBUG ktor.test - Java Home: /opt/java/jdk1.8.0_271
03:22:12.636 [Test worker] DEBUG ktor.test - Class Loader: sun.misc.Launcher$AppClassLoader@73d16e93: [/builds/cedarsoft/com.cedarsoft.monorepo/.gradle/caches/7.0-20210204230054+0000/workerMain/gradle-worker.jar, /builds/cedarsoft/com.cedarsoft.monorepo/internal/open/commons/ktor-server/build/tmp/expandedArchives/org.jacoco.agent-0.8.6.jar_a26f6511a7813217be4cd6439d66563b/jacocoagent.jar, /builds/cedarsoft/com.cedarsoft.monorepo/internal/open/commons/ktor-server/build/classes/java/test, /builds/cedarsoft/com.cedarsoft.monorepo/internal/open/commons/ktor-server/build/classes/kotlin/test/, /builds/cedarsoft/com.cedarsoft.monorepo/internal/open/commons/ktor-server/build/resources/test, /builds/cedarsoft/com.cedarsoft.monorepo/internal/open/commons/ktor-server/build/classes/java/main, /builds/cedarsoft/com.cedarsoft.monorepo/internal/open/commons/ktor-server/build/classes/kotlin/main/, /builds/cedarsoft/com.cedarsoft.monorepo/internal/open/commons/ktor-server/build/resources/main, /builds/cedarsoft/com.cedarsoft.monorepo/internal/dependencies-sets/ktor/build/libs/ktor-8.9.5-SNAPSHOT.jar, /builds/cedarsoft/com.cedarsoft.monorepo/internal/open/commons/kotlinx-serializers/build/libs/kotlinx-serializers-8.9.5-SNAPSHOT.jar, /builds/cedarsoft/com.cedarsoft.monorepo/internal/open/commons/concurrent/build/libs/concurrent-8.9.5-SNAPSHOT.jar, /builds/cedarsoft/com.cedarsoft.monorepo/internal/open/commons/guava/build/libs/guava-8.9.5-SNAPSHOT.jar, /builds/cedarsoft/com.cedarsoft.monorepo/internal/open/commons/test-utils/build/libs/test-utils-8.9.5-SNAPSHOT.jar, /builds/cedarsoft/com.cedarsoft.monorepo/internal/open/commons/commons/build/libs/commons-8.9.5-SNAPSHOT.jar, /builds/cedarsoft/com.cedarsoft.monorepo/internal/dependencies-sets/kotlin-test/build/libs/kotlin-test-8.9.5-SNAPSHOT.jar, /builds/cedarsoft/com.cedarsoft.monorepo/internal/dependencies-sets/test-basics/build/libs/test-basics-8.9.5-SNAPSHOT.jar, /builds/cedarsoft/com.cedarsoft.monorepo/internal/open/commons/crypt/build/libs/crypt-8.9.5-SNAPSHOT.jar, /builds/cedarsoft/com.cedarsoft.monorepo/internal/open/commons/xml-commons/build/libs/xml-commons-8.9.5-SNAPSHOT.jar, /builds/cedarsoft/com.cedarsoft.monorepo/.gradle/caches/modules-2/files-2.1/com.google.guava/guava/30.1-jre/d0c3ce2311c9e36e73228da25a6e99b2ab826f/guava-30.1-jre.jar, /builds/cedarsoft/com.cedarsoft.monorepo/.gradle/caches/modules-2/files-2.1/io.ktor/ktor-server-test-host/1.5.1/2a2cd2180b124372f867642a0b3387d122ad05c8/ktor-server-test-host-jvm-1.5.1.jar, /builds/cedarsoft/com.cedarsoft.monorepo/.gradle/caches/modules-2/files-2.1/io.ktor/ktor-websockets/1.5.1/c3de57f610cdd95a5b7f6b76492b5e8475be04bf/ktor-websockets-jvm-1.5.1.jar, /builds/cedarsoft/com.cedarsoft.monorepo/.gradle/caches/modules-2/files-2.1/io.ktor/ktor-jackson/1.5.1/53c145c6acef6440e204884db1cc03e06823ac5c/ktor-jackson-jvm-1.5.1.jar, /builds/cedarsoft/com.cedarsoft.monorepo/.gradle/caches/modules-2/files-2.1/io.ktor/ktor-locations/1.5.1/64605d7b1cbef978a4cf53a7e63bd4b8d68318f5/ktor-locations-jvm-1.5.1.jar, /builds/cedarsoft/com.cedarsoft.monorepo/.gradle/caches/modules-2/files-2.1/io.ktor/ktor-metrics/1.5.1/c0cc84c508602598c9efc7be55fb6202c8f30bc7/ktor-metrics-jvm-1.5.1.jar, /builds/cedarsoft/com.cedarsoft.monorepo/.gradle/caches/modules-2/files-2.1/io.ktor/ktor-auth/1.5.1/fbfeb6def91b1bcd22ca71627eeef1cb5504136e/ktor-auth-jvm-1.5.1.jar, /builds/cedarsoft/com.cedarsoft.monorepo/.gradle/caches/modules-2/files-2.1/io.ktor/ktor-html-builder/1.5.1/5eb334690b24e7779263aaed503613b37a13c380/ktor-html-builder-jvm-1.5.1.jar, /builds/cedarsoft/com.cedarsoft.monorepo/.gradle/caches/modules-2/files-2.1/io.ktor/ktor-server-netty/1.5.1/c9b22c22cad15b3ebc69177bb52d861564c018ae/ktor-server-netty-jvm-1.5.1.jar, /builds/cedarsoft/com.cedarsoft.monorepo/.gradle/caches/modules-2/files-2.1/io.ktor/ktor-server-host-common/1.5.1/cf67489a6193e430e86f9bb0b41cdf33d2d15ac9/ktor-server-host-common-jvm-1.5.1.jar, /builds/cedarsoft/com.cedarsoft.monorepo/.gradle/caches/modules-2/files-2.1/io.ktor/ktor-server-core/1.5.1/5a9ffaec94572afd10238394597caee4a0ecba3a/ktor-server-core-jvm-1.5.1.jar, /builds/cedarsoft/com.cedarsoft.monorepo/.gradle/caches/modules-2/files-2.1/io.ktor/ktor-network-tls-certificates/1.5.1/1e7955e0a2fe547c75d825bfe03a8d946938ab20/ktor-network-tls-certificates-jvm-1.5.1.jar, /builds/cedarsoft/com.cedarsoft.monorepo/.gradle/caches/modules-2/files-2.1/org.jetbrains.kotlinx/kotlinx-coroutines-jdk8/1.4.2/5fade60e503a55fc9d3af41b7190de1a84b14e3f/kotlinx-coroutines-jdk8-1.4.2.jar, /builds/cedarsoft/com.cedarsoft.monorepo/internal/open/unit/unit/build/libs/unit-jvm-8.9.5-SNAPSHOT.jar, /builds/cedarsoft/com.cedarsoft.monorepo/internal/open/commons/exceptions/build/libs/exceptions-8.9.5-SNAPSHOT.jar, /builds/cedarsoft/com.cedarsoft.monorepo/.gradle/caches/modules-2/files-2.1/io.strikt/strikt-core/0.28.2/c9104965864083e67b7fc7f917aa94c3f7719d1b/strikt-core-0.28.2.jar, /builds/cedarsoft/com.cedarsoft.monorepo/.gradle/caches/modules-2/files-2.1/com.willowtreeapps.assertk/assertk-jvm/0.23/e0709e8a9d8a7b46b20a5f575199789e6cf2e5a1/assertk-jvm-0.23.jar, /builds/cedarsoft/com.cedarsoft.monorepo/.gradle/caches/modules-2/files-2.1/org.jetbrains.kotlinx/kotlinx-html-jvm/0.7.2/c7a77c9027384b982941d48ee61f80cce12a03eb/kotlinx-html-jvm-0.7.2.jar, /builds/cedarsoft/com.cedarsoft.monorepo/.gradle/caches/modules-2/files-2.1/com.christophsturm/filepeek/0.1.2/347482ee8f7b82e5dbc95ee0d61930e4fe4a5695/filepeek-0.1.2.jar, /builds/cedarsoft/com.cedarsoft.monorepo/.gradle/caches/modules-2/files-2.1/org.jetbrains.kotlin/kotlin-stdlib-jdk8/1.4.30/aeecfab2e6acbcb80fc6628e8882c98cbbd819cf/kotlin-stdlib-jdk8-1.4.30.jar, /builds/cedarsoft/com.cedarsoft.monorepo/.gradle/caches/modules-2/files-2.1/org.awaitility/awaitility/4.0.3/144a5f4c85c5113e1f63139b5bdee6336511ee88/awaitility-4.0.3.jar, /builds/cedarsoft/com.cedarsoft.monorepo/.gradle/caches/modules-2/files-2.1/ch.qos.logback/logback-classic/1.2.3/7c4f3c474fb2c041d8028740440937705ebb473a/logback-classic-1.2.3.jar, /builds/cedarsoft/com.cedarsoft.monorepo/internal/dependencies-sets/kotlin/build/libs/kotlin-8.9.5-SNAPSHOT.jar, /builds/cedarsoft/com.cedarsoft.monorepo/.gradle/caches/modules-2/files-2.1/com.google.guava/failureaccess/1.0.1/1dcf1de382a0bf95a3d8b0849546c88bac1292c9/failureaccess-1.0.1.jar, /builds/cedarsoft/com.cedarsoft.monorepo/.gradle/caches/modules-2/files-2.1/com.google.guava/listenablefuture/9999.0-empty-to-avoid-conflict-with-guava/b421526c5f297295adef1c886e5246c39d4ac629/listenablefuture-9999.0-empty-to-avoid-conflict-with-guava.jar, /builds/cedarsoft/com.cedarsoft.monorepo/.gradle/caches/modules-2/files-2.1/com.google.code.findbugs/jsr305/3.0.2/25ea2e8b0c338a877313bd4672d3fe056ea78f0d/jsr305-3.0.2.jar, /builds/cedarsoft/com.cedarsoft.monorepo/.gradle/caches/modules-2/files-2.1/org.checkerframework/checker-qual/3.5.0/2f50520c8abea66fbd8d26e481d3aef5c673b510/checker-qual-3.5.0.jar, /builds/cedarsoft/com.cedarsoft.monorepo/.gradle/caches/modules-2/files-2.1/com.google.errorprone/error_prone_annotations/2.3.4/dac170e4594de319655ffb62f41cbd6dbb5e601e/error_prone_annotations-2.3.4.jar, /builds/cedarsoft/com.cedarsoft.monorepo/.gradle/caches/modules-2/files-2.1/com.google.j2objc/j2objc-annotations/1.3/ba035118bc8bac37d7eff77700720999acd9986d/j2objc-annotations-1.3.jar, /builds/cedarsoft/com.cedarsoft.monorepo/.gradle/caches/modules-2/files-2.1/org.jetbrains.kotlinx/kotlinx-coroutines-debug/1.4.2-native-mt/1c1c5fc8a47500f3d684449be96a4cd9d17e1788/kotlinx-coroutines-debug-1.4.2-native-mt.jar, /builds/cedarsoft/com.cedarsoft.monorepo/.gradle/caches/modules-2/files-2.1/io.ktor/ktor-client-cio-jvm/1.5.1/ee3ab6958a2b911bfea1c21cc8bc4d11fdebdeef/ktor-client-cio-jvm-1.5.1.jar, /builds/cedarsoft/com.cedarsoft.monorepo/.gradle/caches/modules-2/files-2.1/io.ktor/ktor-network-tls-jvm/1.5.1/cfae187a35d523b149f612fdac66431eeebb5259/ktor-network-tls-jvm-1.5.1.jar, /builds/cedarsoft/com.cedarsoft.monorepo/.gradle/caches/modules-2/files-2.1/io.ktor/ktor-client-jetty/1.5.1/9e335a896a4ddecfbed1d3a6100b6883019b72b5/ktor-client-jetty-jvm-1.5.1.jar, /builds/cedarsoft/com.cedarsoft.monorepo/.gradle/caches/modules-2/files-2.1/io.ktor/ktor-client-core-jvm/1.5.1/d232964dba7318a8aa131b498f58482303038ccd/ktor-client-core-jvm-1.5.1.jar, /builds/cedarsoft/com.cedarsoft.monorepo/.gradle/caches/modules-2/files-2.1/io.ktor/ktor-http-cio-jvm/1.5.1/b41829b9e7e354c9a6e55ee888c7d83b53a51984/ktor-http-cio-jvm-1.5.1.jar, /builds/cedarsoft/com.cedarsoft.monorepo/.gradle/caches/modules-2/files-2.1/io.ktor/ktor-http-jvm/1.5.1/8347ad9b7ac34137f162427e23fa4145e96f8262/ktor-http-jvm-1.5.1.jar, /builds/cedarsoft/com.cedarsoft.monorepo/.gradle/caches/modules-2/files-2.1/io.ktor/ktor-network-jvm/1.5.1/f24b541c0a2f5ed4b860d27beb47e7729a5cfc62/ktor-network-jvm-1.5.1.jar, /builds/cedarsoft/com.cedarsoft.monorepo/.gradle/caches/modules-2/files-2.1/io.ktor/ktor-utils-jvm/1.5.1/9763b731d7017c5258a65a9d6f871a7a91ad5a34/ktor-utils-jvm-1.5.1.jar, /builds/cedarsoft/com.cedarsoft.monorepo/.gradle/caches/modules-2/files-2.1/io.ktor/ktor-io-jvm/1.5.1/a6170780ba77e2cd7dcd94e63e4649c98516292d/ktor-io-jvm-1.5.1.jar, /builds/cedarsoft/com.cedarsoft.monorepo/.gradle/caches/modules-2/files-2.1/org.jetbrains.kotlinx/kotlinx-serialization-json-jvm/1.0.1/900f8d34f091c8a957eca49e0cf6bf7d7006482d/kotlinx-serialization-json-jvm-1.0.1.jar, /builds/cedarsoft/com.cedarsoft.monorepo/.gradle/caches/modules-2/files-2.1/org.jetbrains.kotlin/kotlin-stdlib-jdk7/1.4.30/cd81ed90fd79e43f587bd384c2bc6d1aed0bfe31/kotlin-stdlib-jdk7-1.4.30.jar, /builds/cedarsoft/com.cedarsoft.monorepo/.gradle/caches/modules-2/files-2.1/com.fasterxml.jackson.core/jackson-databind/2.12.1/8a97e00e429c42f74757b0a8cd1d39dddd41524f/jackson-databind-2.12.1.jar, /builds/cedarsoft/com.cedarsoft.monorepo/.gradle/caches/modules-2/files-2.1/com.fasterxml.jackson.core/jackson-annotations/2.12.1/aa079f822ddce5548018286d19ccb15c2fc202d7/jackson-annotations-2.12.1.jar, /builds/cedarsoft/com.cedarsoft.monorepo/.gradle/caches/modules-2/files-2.1/com.fasterxml.jackson.core/jackson-core/2.12.1/7c5493930e439be6fcec80a9afd6516b8e5e8760/jackson-core-2.12.1.jar, /builds/cedarsoft/com.cedarsoft.monorepo/.gradle/caches/modules-2/files-2.1/com.fasterxml.jackson.module/jackson-module-kotlin/2.12.1/b7c8a84dd474b0ff8cf0ab4fdc949d5e4325aa35/jackson-module-kotlin-2.12.1.jar, /builds/cedarsoft/com.cedarsoft.monorepo/.gradle/caches/modules-2/files-2.1/org.jetbrains.kotlin/kotlin-reflect/1.4.30/a9116fbe28a0514671787df95133f28e65fdac25/kotlin-reflect-1.4.30.jar, /builds/cedarsoft/com.cedarsoft.monorepo/.gradle/caches/modules-2/files-2.1/org.jetbrains.kotlinx/kotlinx-serialization-protobuf-jvm/1.0.1/12aad9ea5136e8fdeaf5f6f74cef03da71208f85/kotlinx-serialization-protobuf-jvm-1.0.1.jar, /builds/cedarsoft/com.cedarsoft.monorepo/.gradle/caches/modules-2/files-2.1/org.jetbrains.kotlinx/kotlinx-coroutines-core-jvm/1.4.2/4b9c6b2de7cabfb2c9ad7a5c709b1ddb7bbfd2ad/kotlinx-coroutines-core-jvm-1.4.2.jar, /builds/cedarsoft/com.cedarsoft.monorepo/.gradle/caches/modules-2/files-2.1/org.jetbrains.kotlin/kotlin-test-junit/1.4.30/a9de5cbb2d45b52638f5ba631af1b20c46610a7/kotlin-test-junit-1.4.30.jar, /builds/cedarsoft/com.cedarsoft.monorepo/.gradle/caches/modules-2/files-2.1/org.jetbrains.kotlin/kotlin-test/1.4.30/a8c0e21fda17f61a6de193e16dd414683cf9dcb0/kotlin-test-1.4.30.jar, /builds/cedarsoft/com.cedarsoft.monorepo/.gradle/caches/modules-2/files-2.1/org.jetbrains.kotlinx/kotlinx-serialization-core-jvm/1.0.1/d0c5ab89372940ed3fb77952e79b9cd5d466d86/kotlinx-serialization-core-jvm-1.0.1.jar, /builds/cedarsoft/com.cedarsoft.monorepo/.gradle/caches/modules-2/files-2.1/com.willowtreeapps.opentest4k/opentest4k-jvm/1.2.1/2cba238e7106b5ac682da81d2c038b6880510f37/opentest4k-jvm-1.2.1.jar, /builds/cedarsoft/com.cedarsoft.monorepo/.gradle/caches/modules-2/files-2.1/org.jetbrains.kotlin/kotlin-stdlib/1.4.30/d10d1e10f47006ee08162dde039e38ac487de4ac/kotlin-stdlib-1.4.30.jar, /builds/cedarsoft/com.cedarsoft.monorepo/.gradle/caches/modules-2/files-2.1/commons-codec/commons-codec/1.15/49d94806b6e3dc933dacbd8acb0fdbab8ebd1e5d/commons-codec-1.15.jar, /builds/cedarsoft/com.cedarsoft.monorepo/.gradle/caches/modules-2/files-2.1/commons-io/commons-io/2.8.0/92999e26e6534606b5678014e66948286298a35c/commons-io-2.8.0.jar, /builds/cedarsoft/com.cedarsoft.monorepo/.gradle/caches/modules-2/files-2.1/org.codehaus.staxmate/staxmate/2.0.1/b0b767fbc22683d7bf26a14ae1c5817561e21d00/staxmate-2.0.1.jar, /builds/cedarsoft/com.cedarsoft.monorepo/.gradle/caches/modules-2/files-2.1/org.codehaus.woodstox/woodstox-core-asl/4.4.1/84fee5eb1a4a1cefe65b6883c73b3fa83be3c1a1/woodstox-core-asl-4.4.1.jar, /builds/cedarsoft/com.cedarsoft.monorepo/.gradle/caches/modules-2/files-2.1/org.apache.commons/commons-lang3/3.11/68e9a6adf7cf8eb7e9d31bbc554c7c75eeaac568/commons-lang3-3.11.jar, /builds/cedarsoft/com.cedarsoft.monorepo/.gradle/caches/modules-2/files-2.1/org.mockito/mockito-core/3.7.7/5d43943be9b57c8ff47d2b9640ea0a7fc7211cf2/mockito-core-3.7.7.jar, /builds/cedarsoft/com.cedarsoft.monorepo/.gradle/caches/modules-2/files-2.1/org.easymock/easymockclassextension/3.2/9c922ad77729f27eb7872aa570287e239a8346da/easymockclassextension-3.2.jar, /builds/cedarsoft/com.cedarsoft.monorepo/.gradle/caches/modules-2/files-2.1/org.easymock/easymock/4.2/251b26f1b853673c1aac277fd2fb0c8d5844cdc8/easymock-4.2.jar, /builds/cedarsoft/com.cedarsoft.monorepo/.gradle/caches/modules-2/files-2.1/org.assertj/assertj-core/3.19.0/f64cb5690b85e68d5e1e6c6152bfb6e3840a452d/assertj-core-3.19.0.jar, /builds/cedarsoft/com.cedarsoft.monorepo/.gradle/caches/modules-2/files-2.1/org.easytesting/fest-reflect/1.4.1/2b92d5275e92a49e16c7ce6bd7e46b9080db0530/fest-reflect-1.4.1.jar, /builds/cedarsoft/com.cedarsoft.monorepo/.gradle/caches/modules-2/files-2.1/xmlunit/xmlunit/1.6/adcae0aff916681dacd2b490e193f1119cd964a9/xmlunit-1.6.jar, /builds/cedarsoft/com.cedarsoft.monorepo/.gradle/caches/modules-2/files-2.1/org.hamcrest/hamcrest/2.1/9420ba32c29217b54eebd26ff7f9234d31c3fbb2/hamcrest-2.1.jar, /builds/cedarsoft/com.cedarsoft.monorepo/.gradle/caches/modules-2/files-2.1/ch.qos.logback/logback-core/1.2.3/864344400c3d4d92dfeb0a305dc87d953677c03c/logback-core-1.2.3.jar, /builds/cedarsoft/com.cedarsoft.monorepo/.gradle/caches/modules-2/files-2.1/io.dropwizard.metrics/metrics-jvm/4.1.14/fd192172c81a0225137525596d82ad99f6435f8c/metrics-jvm-4.1.14.jar, /builds/cedarsoft/com.cedarsoft.monorepo/.gradle/caches/modules-2/files-2.1/io.dropwizard.metrics/metrics-core/4.1.14/14cf9dd67619a0390812dddb232df339e3383d35/metrics-core-4.1.14.jar, /builds/cedarsoft/com.cedarsoft.monorepo/.gradle/caches/modules-2/files-2.1/org.slf4j/slf4j-api/1.7.30/b5a4b6d16ab13e34a88fae84c35cd5d68cac922c/slf4j-api-1.7.30.jar, /builds/cedarsoft/com.cedarsoft.monorepo/.gradle/caches/modules-2/files-2.1/org.eclipse.jetty.http2/http2-http-client-transport/9.4.31.v20200723/6b12bda474f3033d2213af1e7dc49a08f9922852/http2-http-client-transport-9.4.31.v20200723.jar, /builds/cedarsoft/com.cedarsoft.monorepo/.gradle/caches/modules-2/files-2.1/org.eclipse.jetty.http2/http2-client/9.4.31.v20200723/941313dcc9846ef76523e1947083206a103ca763/http2-client-9.4.31.v20200723.jar, /builds/cedarsoft/com.cedarsoft.monorepo/.gradle/caches/modules-2/files-2.1/org.eclipse.jetty/jetty-client/9.4.31.v20200723/a4d779d1dcd7fa948d1175ebf3e20a0b0caacdc/jetty-client-9.4.31.v20200723.jar, /builds/cedarsoft/com.cedarsoft.monorepo/.gradle/caches/modules-2/files-2.1/org.junit.jupiter/junit-jupiter-params/5.7.0/521dbecace93d5d7ef13a74aab231befd7954424/junit-jupiter-params-5.7.0.jar, /builds/cedarsoft/com.cedarsoft.monorepo/.gradle/caches/modules-2/files-2.1/org.junit.jupiter/junit-jupiter-engine/5.7.0/d9044d6b45e2232ddd53fa56c15333e43d1749fd/junit-jupiter-engine-5.7.0.jar, /builds/cedarsoft/com.cedarsoft.monorepo/.gradle/caches/modules-2/files-2.1/org.junit.jupiter/junit-jupiter-api/5.7.0/b25f3815c4c1860a73041e733a14a0379d00c4d5/junit-jupiter-api-5.7.0.jar, /builds/cedarsoft/com.cedarsoft.monorepo/.gradle/caches/modules-2/files-2.1/org.junit.platform/junit-platform-engine/1.7.0/eadb73c5074a4ac71061defd00fc176152a4d12c/junit-platform-engine-1.7.0.jar, /builds/cedarsoft/com.cedarsoft.monorepo/.gradle/caches/modules-2/files-2.1/org.junit.platform/junit-platform-commons/1.7.0/84e309fbf21d857aac079a3c1fffd84284e1114d/junit-platform-commons-1.7.0.jar, /builds/cedarsoft/com.cedarsoft.monorepo/.gradle/caches/modules-2/files-2.1/org.junit.vintage/junit-vintage-engine/5.7.0/2b808fa5dbbf0b0e16bce19d9936ef78333a030e/junit-vintage-engine-5.7.0.jar, /builds/cedarsoft/com.cedarsoft.monorepo/.gradle/caches/modules-2/files-2.1/junit/junit/4.13.1/cdd00374f1fee76b11e2a9d127405aa3f6be5b6a/junit-4.13.1.jar, /builds/cedarsoft/com.cedarsoft.monorepo/.gradle/caches/modules-2/files-2.1/org.jetbrains.kotlin/kotlin-test-annotations-common/1.4.30/e77a76b23fc3007baf57a9d3354fdd318fe1fa88/kotlin-test-annotations-common-1.4.30.jar, /builds/cedarsoft/com.cedarsoft.monorepo/.gradle/caches/modules-2/files-2.1/org.jetbrains.kotlin/kotlin-test-common/1.4.30/823ed87441680d1334a1f0d23781c0089e16c0a6/kotlin-test-common-1.4.30.jar, /builds/cedarsoft/com.cedarsoft.monorepo/.gradle/caches/modules-2/files-2.1/org.jetbrains.kotlin/kotlin-stdlib-common/1.4.30/bb9a3173350f55732416ee27956ea8f9b81f4dbb/kotlin-stdlib-common-1.4.30.jar, /builds/cedarsoft/com.cedarsoft.monorepo/.gradle/caches/modules-2/files-2.1/com.typesafe/config/1.3.1/2cf7a6cc79732e3bdf1647d7404279900ca63eb0/config-1.3.1.jar, /builds/cedarsoft/com.cedarsoft.monorepo/.gradle/caches/modules-2/files-2.1/io.netty/netty-codec-http2/4.1.54.Final/327a4ae62b0a41cdf02f610f06eb353f10c17ef8/netty-codec-http2-4.1.54.Final.jar, /builds/cedarsoft/com.cedarsoft.monorepo/.gradle/caches/modules-2/files-2.1/org.eclipse.jetty.alpn/alpn-api/1.1.3.v20160715/a1bf3a937f91b4c953acd13e8c9552347adc2198/alpn-api-1.1.3.v20160715.jar, /builds/cedarsoft/com.cedarsoft.monorepo/.gradle/caches/modules-2/files-2.1/io.netty/netty-transport-native-kqueue/4.1.54.Final/941f2f438f7d1e6d2ba39141fa3a4d30cda5f223/netty-transport-native-kqueue-4.1.54.Final.jar, /builds/cedarsoft/com.cedarsoft.monorepo/.gradle/caches/modules-2/files-2.1/io.netty/netty-transport-native-epoll/4.1.54.Final/59f7241f86236bd5b5ed5dd1f4b6f2cdae56b978/netty-transport-native-epoll-4.1.54.Final.jar, /builds/cedarsoft/com.cedarsoft.monorepo/.gradle/caches/modules-2/files-2.1/com.googlecode.json-simple/json-simple/1.1.1/c9ad4a0850ab676c5c64461a05ca524cdfff59f1/json-simple-1.1.1.jar, /builds/cedarsoft/com.cedarsoft.monorepo/internal/dependencies-sets/annotations/build/libs/annotations-8.9.5-SNAPSHOT.jar, /builds/cedarsoft/com.cedarsoft.monorepo/internal/open/annotations/annotations/build/libs/annotations-8.9.5-SNAPSHOT.jar, /builds/cedarsoft/com.cedarsoft.monorepo/.gradle/caches/modules-2/files-2.1/org.jetbrains/annotations/13.0/919f0dfe192fb4e063e7dacadee7f8bb9a2672a9/annotations-13.0.jar, /builds/cedarsoft/com.cedarsoft.monorepo/.gradle/caches/modules-2/files-2.1/org.opentest4j/opentest4j/1.2.0/28c11eb91f9b6d8e200631d46e20a7f407f2a046/opentest4j-1.2.0.jar, /builds/cedarsoft/com.cedarsoft.monorepo/.gradle/caches/modules-2/files-2.1/stax/stax-api/1.0.1/49c100caf72d658aca8e58bd74a4ba90fa2b0d70/stax-api-1.0.1.jar, /builds/cedarsoft/com.cedarsoft.monorepo/.gradle/caches/modules-2/files-2.1/org.codehaus.woodstox/stax2-api/3.1.4/ac19014b1e6a7c08aad07fe114af792676b685b7/stax2-api-3.1.4.jar, /builds/cedarsoft/com.cedarsoft.monorepo/.gradle/caches/modules-2/files-2.1/javax.xml.stream/stax-api/1.0-2/d6337b0de8b25e53e81b922352fbea9f9f57ba0b/stax-api-1.0-2.jar, /builds/cedarsoft/com.cedarsoft.monorepo/.gradle/caches/modules-2/files-2.1/net.bytebuddy/byte-buddy/1.10.19/7a8cf46cd99db76f02b335d53aad222d42bc412d/byte-buddy-1.10.19.jar, /builds/cedarsoft/com.cedarsoft.monorepo/.gradle/caches/modules-2/files-2.1/net.bytebuddy/byte-buddy-agent/1.10.19/6453928a03a95dc23d7ef120cfd58f4539c64b53/byte-buddy-agent-1.10.19.jar, /builds/cedarsoft/com.cedarsoft.monorepo/.gradle/caches/modules-2/files-2.1/org.objenesis/objenesis/3.1/48f12deaae83a8dfc3775d830c9fd60ea59bbbca/objenesis-3.1.jar, /builds/cedarsoft/com.cedarsoft.monorepo/.gradle/caches/modules-2/files-2.1/org.easytesting/fest-util/1.2.4/a86b8e01eb7ecfd820df4f22c734a825a0085574/fest-util-1.2.4.jar, /builds/cedarsoft/com.cedarsoft.monorepo/.gradle/caches/modules-2/files-2.1/org.eclipse.jetty.http2/http2-common/9.4.31.v20200723/dd6fc64e41103afca8f9c1c1465ec24541e5681c/http2-common-9.4.31.v20200723.jar, /builds/cedarsoft/com.cedarsoft.monorepo/.gradle/caches/modules-2/files-2.1/org.eclipse.jetty/jetty-alpn-openjdk8-client/9.4.31.v20200723/5c4c0f19a0a1c8a760c298049be7412f7e901bce/jetty-alpn-openjdk8-client-9.4.31.v20200723.jar, /builds/cedarsoft/com.cedarsoft.monorepo/.gradle/caches/modules-2/files-2.1/org.eclipse.jetty/jetty-alpn-java-client/9.4.31.v20200723/f863d49267102c624812efd1ec7f43d6e8c1c30b/jetty-alpn-java-client-9.4.31.v20200723.jar, /builds/cedarsoft/com.cedarsoft.monorepo/.gradle/caches/modules-2/files-2.1/org.eclipse.jetty/jetty-alpn-client/9.4.31.v20200723/32a4ae2f1eb4d40c9411e092089b867d29e09e9c/jetty-alpn-client-9.4.31.v20200723.jar, /builds/cedarsoft/com.cedarsoft.monorepo/.gradle/caches/modules-2/files-2.1/org.eclipse.jetty.http2/http2-hpack/9.4.31.v20200723/836f1a761bf5942494b3c41c9470ea1cd39c8420/http2-hpack-9.4.31.v20200723.jar, /builds/cedarsoft/com.cedarsoft.monorepo/.gradle/caches/modules-2/files-2.1/org.eclipse.jetty/jetty-http/9.4.31.v20200723/6862f0e6fc7e9f8828416a7cae1477b233d92f8/jetty-http-9.4.31.v20200723.jar, /builds/cedarsoft/com.cedarsoft.monorepo/.gradle/caches/modules-2/files-2.1/org.eclipse.jetty/jetty-io/9.4.31.v20200723/328e4562e0f30e01efea63efe4fc24b2b860d852/jetty-io-9.4.31.v20200723.jar, /builds/cedarsoft/com.cedarsoft.monorepo/.gradle/caches/modules-2/files-2.1/net.java.dev.jna/jna-platform/5.5.0/af38e7c4d0fc73c23ecd785443705bfdee5b90bf/jna-platform-5.5.0.jar, /builds/cedarsoft/com.cedarsoft.monorepo/.gradle/caches/modules-2/files-2.1/net.java.dev.jna/jna/5.5.0/e0845217c4907822403912ad6828d8e0b256208/jna-5.5.0.jar, /builds/cedarsoft/com.cedarsoft.monorepo/.gradle/caches/modules-2/files-2.1/io.netty/netty-codec-http/4.1.54.Final/70eb9509289d1cee549cf12bae71929d1a4a12c7/netty-codec-http-4.1.54.Final.jar, /builds/cedarsoft/com.cedarsoft.monorepo/.gradle/caches/modules-2/files-2.1/io.netty/netty-handler/4.1.54.Final/e83dfe8ebe3622d2cd5cce8532a9ca49cad51e9/netty-handler-4.1.54.Final.jar, /builds/cedarsoft/com.cedarsoft.monorepo/.gradle/caches/modules-2/files-2.1/io.netty/netty-codec/4.1.54.Final/295680345b12a86c21fa7af5d9a77e0e0fcff46a/netty-codec-4.1.54.Final.jar, /builds/cedarsoft/com.cedarsoft.monorepo/.gradle/caches/modules-2/files-2.1/io.netty/netty-transport-native-unix-common/4.1.54.Final/ac7d48202cf62c8d51abe89f228d338a41cb49cd/netty-transport-native-unix-common-4.1.54.Final.jar, /builds/cedarsoft/com.cedarsoft.monorepo/.gradle/caches/modules-2/files-2.1/io.netty/netty-transport/4.1.54.Final/ddb9a255819b87b8812932d1d1001f4d9dc7f89e/netty-transport-4.1.54.Final.jar, /builds/cedarsoft/com.cedarsoft.monorepo/.gradle/caches/modules-2/files-2.1/io.netty/netty-buffer/4.1.54.Final/15c513ef8a2e56e88d3736752ea10eae758f47d8/netty-buffer-4.1.54.Final.jar, /builds/cedarsoft/com.cedarsoft.monorepo/.gradle/caches/modules-2/files-2.1/io.netty/netty-resolver/4.1.54.Final/7eed781e7531b990f8360e1a5010b53ca73878f5/netty-resolver-4.1.54.Final.jar, /builds/cedarsoft/com.cedarsoft.monorepo/.gradle/caches/modules-2/files-2.1/io.netty/netty-common/4.1.54.Final/8c330383cda87204ab38e7401ab0f56c0d43b799/netty-common-4.1.54.Final.jar, /builds/cedarsoft/com.cedarsoft.monorepo/.gradle/caches/modules-2/files-2.1/org.hamcrest/hamcrest-core/1.3/42a25dc3219429f0e5d060061f71acb49bf010a0/hamcrest-core-1.3.jar, /builds/cedarsoft/com.cedarsoft.monorepo/.gradle/caches/modules-2/files-2.1/org.apiguardian/apiguardian-api/1.1.0/fc9dff4bb36d627bdc553de77e1f17efd790876c/apiguardian-api-1.1.0.jar, /builds/cedarsoft/com.cedarsoft.monorepo/.gradle/caches/modules-2/files-2.1/org.eclipse.jetty/jetty-util/9.4.31.v20200723/b9c346da72d8715bdfb0373a123374ec6ac9e544/jetty-util-9.4.31.v20200723.jar]
03:22:12.693 [Test worker] DEBUG ktor.test - Watching /builds/cedarsoft/com.cedarsoft.monorepo/internal/open/commons/ktor-server/build/classes/kotlin/main for changes.
03:22:12.694 [Test worker] DEBUG ktor.test - Watching /builds/cedarsoft/com.cedarsoft.monorepo/internal/open/commons/ktor-server/build/classes/kotlin/test/com/cedarsoft/commons/ktor for changes.
03:22:12.694 [Test worker] DEBUG ktor.test - Watching /builds/cedarsoft/com.cedarsoft.monorepo/internal/open/commons/ktor-server/build/classes/kotlin/main/com/cedarsoft/commons for changes.
03:22:12.694 [Test worker] DEBUG ktor.test - Watching /builds/cedarsoft/com.cedarsoft.monorepo/internal/open/commons/ktor-server/build/classes/kotlin/test/com/cedarsoft for changes.
03:22:12.695 [Test worker] DEBUG ktor.test - Watching /builds/cedarsoft/com.cedarsoft.monorepo/internal/open/commons/ktor-server/build/classes/kotlin/test/META-INF for changes.
03:22:12.696 [Test worker] DEBUG ktor.test - Watching /builds/cedarsoft/com.cedarsoft.monorepo/internal/open/commons/ktor-server/build/classes/kotlin/test/com/cedarsoft/commons for changes.
03:22:12.696 [Test worker] DEBUG ktor.test - Watching /builds/cedarsoft/com.cedarsoft.monorepo/internal/open/commons/ktor-server/build/classes/kotlin/main/com/cedarsoft/commons/ktor for changes.
03:22:12.698 [Test worker] DEBUG ktor.test - Watching /builds/cedarsoft/com.cedarsoft.monorepo/internal/open/commons/ktor-server/build/classes/kotlin/main/com for changes.
03:22:12.699 [Test worker] DEBUG ktor.test - Watching /builds/cedarsoft/com.cedarsoft.monorepo/internal/open/commons/ktor-server/build/classes/kotlin/test/com for changes.
03:22:12.700 [Test worker] DEBUG ktor.test - Watching /builds/cedarsoft/com.cedarsoft.monorepo/internal/open/commons/ktor-server/build/classes/kotlin/main/META-INF for changes.
03:22:12.700 [Test worker] DEBUG ktor.test - Watching /builds/cedarsoft/com.cedarsoft.monorepo/internal/open/commons/ktor-server/build/classes/kotlin/main/com/cedarsoft for changes.
03:22:12.702 [Test worker] DEBUG ktor.test - Watching /builds/cedarsoft/com.cedarsoft.monorepo/internal/open/commons/ktor-server/build/classes/kotlin/test for changes.
]]></system-out>
  <system-err><![CDATA[]]></system-err>
</testsuite>
