<?xml version="1.0" encoding="UTF-8"?>
<testsuite name="com.cedarsoft.inject.GuiceCirModTest" tests="1" skipped="0" failures="0" errors="0" timestamp="2021-05-07T02:07:41" hostname="runner-kggansxr-project-47-concurrent-0" time="0.266">
  <properties/>
  <testcase name="testIt()" classname="com.cedarsoft.inject.GuiceCirModTest" time="0.266"/>
  <system-out><![CDATA[]]></system-out>
  <system-err><![CDATA[]]></system-err>
</testsuite>
