<?xml version="1.0" encoding="UTF-8"?>
<testsuite name="com.cedarsoft.inject.GuiceModulesHelperTest" tests="8" skipped="0" failures="0" errors="0" timestamp="2021-12-23T03:09:40" hostname="runner-ioxloixu-project-47-concurrent-0" time="0.803">
  <properties/>
  <testcase name="testFail()" classname="com.cedarsoft.inject.GuiceModulesHelperTest" time="0.003"/>
  <testcase name="testAssertMini2()" classname="com.cedarsoft.inject.GuiceModulesHelperTest" time="0.011"/>
  <testcase name="testAssertMini3()" classname="com.cedarsoft.inject.GuiceModulesHelperTest" time="0.046"/>
  <testcase name="testAssertMini4()" classname="com.cedarsoft.inject.GuiceModulesHelperTest" time="0.573"/>
  <testcase name="testMinimization2()" classname="com.cedarsoft.inject.GuiceModulesHelperTest" time="0.049"/>
  <testcase name="testMinimization3()" classname="com.cedarsoft.inject.GuiceModulesHelperTest" time="0.048"/>
  <testcase name="testMinimization()" classname="com.cedarsoft.inject.GuiceModulesHelperTest" time="0.041"/>
  <testcase name="testAssertMini()" classname="com.cedarsoft.inject.GuiceModulesHelperTest" time="0.015"/>
  <system-out><![CDATA[]]></system-out>
  <system-err><![CDATA[]]></system-err>
</testsuite>
