<?xml version="1.0" encoding="UTF-8"?>
<testsuite name="com.cedarsoft.inject.GuiceModulesHelperTest" tests="8" skipped="0" failures="0" errors="0" timestamp="2021-11-07T03:05:59" hostname="runner-cs1zem-v-project-47-concurrent-0" time="0.932">
  <properties/>
  <testcase name="testFail()" classname="com.cedarsoft.inject.GuiceModulesHelperTest" time="0.012"/>
  <testcase name="testAssertMini2()" classname="com.cedarsoft.inject.GuiceModulesHelperTest" time="0.006"/>
  <testcase name="testAssertMini3()" classname="com.cedarsoft.inject.GuiceModulesHelperTest" time="0.047"/>
  <testcase name="testAssertMini4()" classname="com.cedarsoft.inject.GuiceModulesHelperTest" time="0.747"/>
  <testcase name="testMinimization2()" classname="com.cedarsoft.inject.GuiceModulesHelperTest" time="0.037"/>
  <testcase name="testMinimization3()" classname="com.cedarsoft.inject.GuiceModulesHelperTest" time="0.021"/>
  <testcase name="testMinimization()" classname="com.cedarsoft.inject.GuiceModulesHelperTest" time="0.024"/>
  <testcase name="testAssertMini()" classname="com.cedarsoft.inject.GuiceModulesHelperTest" time="0.027"/>
  <system-out><![CDATA[]]></system-out>
  <system-err><![CDATA[]]></system-err>
</testsuite>
