<?xml version="1.0" encoding="UTF-8"?>
<testsuite name="com.cedarsoft.inject.GuiceHelperTest" tests="3" skipped="0" failures="0" errors="0" timestamp="2021-01-23T03:22:21" hostname="runner-kggansxr-project-47-concurrent-0" time="1.804">
  <properties/>
  <testcase name="testGuice()" classname="com.cedarsoft.inject.GuiceHelperTest" time="0.423"/>
  <testcase name="testIt()" classname="com.cedarsoft.inject.GuiceHelperTest" time="0.028"/>
  <testcase name="testBindCollections()" classname="com.cedarsoft.inject.GuiceHelperTest" time="1.34"/>
  <system-out><![CDATA[]]></system-out>
  <system-err><![CDATA[]]></system-err>
</testsuite>
