<?xml version="1.0" encoding="UTF-8"?>
<testsuite name="com.cedarsoft.inject.GuiceCirModTest" tests="1" skipped="0" failures="0" errors="0" timestamp="2021-03-25T03:05:43" hostname="runner-cs1zem-v-project-47-concurrent-0" time="2.328">
  <properties/>
  <testcase name="testIt()" classname="com.cedarsoft.inject.GuiceCirModTest" time="2.328"/>
  <system-out><![CDATA[]]></system-out>
  <system-err><![CDATA[]]></system-err>
</testsuite>
