<?xml version="1.0" encoding="UTF-8"?>
<testsuite name="com.cedarsoft.inject.GuiceModulesHelperTest" tests="8" skipped="0" failures="0" errors="0" timestamp="2021-08-23T02:05:33" hostname="runner-cs1zem-v-project-47-concurrent-0" time="0.535">
  <properties/>
  <testcase name="testFail()" classname="com.cedarsoft.inject.GuiceModulesHelperTest" time="0.007"/>
  <testcase name="testAssertMini2()" classname="com.cedarsoft.inject.GuiceModulesHelperTest" time="0.013"/>
  <testcase name="testAssertMini3()" classname="com.cedarsoft.inject.GuiceModulesHelperTest" time="0.064"/>
  <testcase name="testAssertMini4()" classname="com.cedarsoft.inject.GuiceModulesHelperTest" time="0.372"/>
  <testcase name="testMinimization2()" classname="com.cedarsoft.inject.GuiceModulesHelperTest" time="0.01"/>
  <testcase name="testMinimization3()" classname="com.cedarsoft.inject.GuiceModulesHelperTest" time="0.008"/>
  <testcase name="testMinimization()" classname="com.cedarsoft.inject.GuiceModulesHelperTest" time="0.025"/>
  <testcase name="testAssertMini()" classname="com.cedarsoft.inject.GuiceModulesHelperTest" time="0.018"/>
  <system-out><![CDATA[]]></system-out>
  <system-err><![CDATA[]]></system-err>
</testsuite>
