<?xml version="1.0" encoding="UTF-8"?>
<testsuite name="com.cedarsoft.inject.GuiceModulesHelperTest" tests="8" skipped="0" failures="0" errors="0" timestamp="2021-01-24T03:22:42" hostname="runner-kggansxr-project-47-concurrent-0" time="1.76">
  <properties/>
  <testcase name="testFail()" classname="com.cedarsoft.inject.GuiceModulesHelperTest" time="0.036"/>
  <testcase name="testAssertMini2()" classname="com.cedarsoft.inject.GuiceModulesHelperTest" time="0.538"/>
  <testcase name="testAssertMini3()" classname="com.cedarsoft.inject.GuiceModulesHelperTest" time="0.096"/>
  <testcase name="testAssertMini4()" classname="com.cedarsoft.inject.GuiceModulesHelperTest" time="0.889"/>
  <testcase name="testMinimization2()" classname="com.cedarsoft.inject.GuiceModulesHelperTest" time="0.06"/>
  <testcase name="testMinimization3()" classname="com.cedarsoft.inject.GuiceModulesHelperTest" time="0.033"/>
  <testcase name="testMinimization()" classname="com.cedarsoft.inject.GuiceModulesHelperTest" time="0.042"/>
  <testcase name="testAssertMini()" classname="com.cedarsoft.inject.GuiceModulesHelperTest" time="0.041"/>
  <system-out><![CDATA[]]></system-out>
  <system-err><![CDATA[]]></system-err>
</testsuite>
