<?xml version="1.0" encoding="UTF-8"?>
<testsuite name="com.cedarsoft.inject.GuiceHelperTest" tests="3" skipped="0" failures="0" errors="0" timestamp="2021-12-04T03:09:33" hostname="runner-ioxloixu-project-47-concurrent-0" time="0.064">
  <properties/>
  <testcase name="testGuice()" classname="com.cedarsoft.inject.GuiceHelperTest" time="0.017"/>
  <testcase name="testIt()" classname="com.cedarsoft.inject.GuiceHelperTest" time="0.002"/>
  <testcase name="testBindCollections()" classname="com.cedarsoft.inject.GuiceHelperTest" time="0.022"/>
  <system-out><![CDATA[]]></system-out>
  <system-err><![CDATA[]]></system-err>
</testsuite>
