<?xml version="1.0" encoding="UTF-8"?>
<testsuite name="com.cedarsoft.inject.GuiceCirModTest" tests="1" skipped="0" failures="0" errors="0" timestamp="2021-12-26T03:10:16" hostname="runner-ioxloixu-project-47-concurrent-0" time="1.072">
  <properties/>
  <testcase name="testIt()" classname="com.cedarsoft.inject.GuiceCirModTest" time="1.072"/>
  <system-out><![CDATA[]]></system-out>
  <system-err><![CDATA[]]></system-err>
</testsuite>
