<?xml version="1.0" encoding="UTF-8"?>
<testsuite name="com.cedarsoft.inject.GuiceHelperTest" tests="3" skipped="0" failures="0" errors="0" timestamp="2021-11-04T03:05:38" hostname="runner-cs1zem-v-project-47-concurrent-0" time="0.044">
  <properties/>
  <testcase name="testGuice()" classname="com.cedarsoft.inject.GuiceHelperTest" time="0.024"/>
  <testcase name="testIt()" classname="com.cedarsoft.inject.GuiceHelperTest" time="0.003"/>
  <testcase name="testBindCollections()" classname="com.cedarsoft.inject.GuiceHelperTest" time="0.012"/>
  <system-out><![CDATA[]]></system-out>
  <system-err><![CDATA[]]></system-err>
</testsuite>
