<?xml version="1.0" encoding="UTF-8"?>
<testsuite name="com.cedarsoft.inject.GuiceModulesHelperTest" tests="8" skipped="0" failures="0" errors="0" timestamp="2021-10-16T02:06:04" hostname="runner-cs1zem-v-project-47-concurrent-0" time="1.21">
  <properties/>
  <testcase name="testFail()" classname="com.cedarsoft.inject.GuiceModulesHelperTest" time="0.008"/>
  <testcase name="testAssertMini2()" classname="com.cedarsoft.inject.GuiceModulesHelperTest" time="0.032"/>
  <testcase name="testAssertMini3()" classname="com.cedarsoft.inject.GuiceModulesHelperTest" time="0.078"/>
  <testcase name="testAssertMini4()" classname="com.cedarsoft.inject.GuiceModulesHelperTest" time="0.921"/>
  <testcase name="testMinimization2()" classname="com.cedarsoft.inject.GuiceModulesHelperTest" time="0.048"/>
  <testcase name="testMinimization3()" classname="com.cedarsoft.inject.GuiceModulesHelperTest" time="0.032"/>
  <testcase name="testMinimization()" classname="com.cedarsoft.inject.GuiceModulesHelperTest" time="0.03"/>
  <testcase name="testAssertMini()" classname="com.cedarsoft.inject.GuiceModulesHelperTest" time="0.034"/>
  <system-out><![CDATA[]]></system-out>
  <system-err><![CDATA[]]></system-err>
</testsuite>
