<?xml version="1.0" encoding="UTF-8"?>
<testsuite name="com.cedarsoft.inject.GuiceHelperTest" tests="3" skipped="0" failures="0" errors="0" timestamp="2021-02-01T03:20:39" hostname="runner-cs1zem-v-project-47-concurrent-0" time="0.12">
  <properties/>
  <testcase name="testGuice()" classname="com.cedarsoft.inject.GuiceHelperTest" time="0.068"/>
  <testcase name="testIt()" classname="com.cedarsoft.inject.GuiceHelperTest" time="0.004"/>
  <testcase name="testBindCollections()" classname="com.cedarsoft.inject.GuiceHelperTest" time="0.046"/>
  <system-out><![CDATA[]]></system-out>
  <system-err><![CDATA[]]></system-err>
</testsuite>
