<?xml version="1.0" encoding="UTF-8"?>
<testsuite name="com.cedarsoft.commons.javafx.OverrideBindingTest" tests="1" skipped="0" failures="0" errors="0" timestamp="2021-01-21T03:21:53" hostname="runner-pgnkb89--project-47-concurrent-0" time="0.003">
  <properties/>
  <testcase name="testOverrideBinding()" classname="com.cedarsoft.commons.javafx.OverrideBindingTest" time="0.003"/>
  <system-out><![CDATA[]]></system-out>
  <system-err><![CDATA[]]></system-err>
</testsuite>
