<?xml version="1.0" encoding="UTF-8"?>
<testsuite name="com.cedarsoft.commons.test.CustomerTest" tests="6" skipped="0" failures="0" errors="0" timestamp="2021-01-13T03:21:19" hostname="runner-cs1zem-v-project-47-concurrent-0" time="0.745">
  <properties/>
  <testcase name="testList()" classname="com.cedarsoft.commons.test.CustomerTest" time="0.312"/>
  <testcase name="testListeners()" classname="com.cedarsoft.commons.test.CustomerTest" time="0.009"/>
  <testcase name="testSimpleBinding()" classname="com.cedarsoft.commons.test.CustomerTest" time="0.003"/>
  <testcase name="testLazyObsList()" classname="com.cedarsoft.commons.test.CustomerTest" time="0.003"/>
  <testcase name="testBasics()" classname="com.cedarsoft.commons.test.CustomerTest" time="0.403"/>
  <testcase name="testAddressValid()" classname="com.cedarsoft.commons.test.CustomerTest" time="0.006"/>
  <system-out><![CDATA[add
Change... { [com.cedarsoft.commons.test.Customer$Address@e699d2f] added at 0 }
next <[com.cedarsoft.commons.test.Customer$Address@e699d2f]> and removed <[]>
add
Change... { [com.cedarsoft.commons.test.Customer$Address@14017a68] added at 1 }
next <[com.cedarsoft.commons.test.Customer$Address@14017a68]> and removed <[]>
addAll
Change... { [com.cedarsoft.commons.test.Customer$Address@6b9cb7c, com.cedarsoft.commons.test.Customer$Address@54a88cf4, com.cedarsoft.commons.test.Customer$Address@16eaf3ab] added at 2 }
next <[com.cedarsoft.commons.test.Customer$Address@6b9cb7c, com.cedarsoft.commons.test.Customer$Address@54a88cf4, com.cedarsoft.commons.test.Customer$Address@16eaf3ab]> and removed <[]>
setting name
Invalidated
Changed from <> to <New Name>
name set
Changed from <false> to <true>
setting number
]]></system-out>
  <system-err><![CDATA[]]></system-err>
</testsuite>
