<?xml version="1.0" encoding="UTF-8"?>
<testsuite name="com.cedarsoft.commons.javafx.JavaFxTimerTest" tests="3" skipped="0" failures="0" errors="0" timestamp="2021-09-24T02:06:39" hostname="runner-cs1zem-v-project-47-concurrent-0" time="0.743">
  <properties/>
  <testcase name="testDelay()" classname="com.cedarsoft.commons.javafx.JavaFxTimerTest" time="0.311"/>
  <testcase name="testEmptyTimeLine()" classname="com.cedarsoft.commons.javafx.JavaFxTimerTest" time="0.216"/>
  <testcase name="testEmptyTimeline()" classname="com.cedarsoft.commons.javafx.JavaFxTimerTest" time="0.215"/>
  <system-out><![CDATA[]]></system-out>
  <system-err><![CDATA[]]></system-err>
</testsuite>
