<?xml version="1.0" encoding="UTF-8"?>
<testsuite name="com.cedarsoft.commons.test.CustomerTest" tests="6" skipped="0" failures="0" errors="0" timestamp="2021-02-16T03:23:07" hostname="runner-kggansxr-project-47-concurrent-0" time="1.2">
  <properties/>
  <testcase name="testList()" classname="com.cedarsoft.commons.test.CustomerTest" time="0.563"/>
  <testcase name="testListeners()" classname="com.cedarsoft.commons.test.CustomerTest" time="0.03"/>
  <testcase name="testSimpleBinding()" classname="com.cedarsoft.commons.test.CustomerTest" time="0.003"/>
  <testcase name="testLazyObsList()" classname="com.cedarsoft.commons.test.CustomerTest" time="0.005"/>
  <testcase name="testBasics()" classname="com.cedarsoft.commons.test.CustomerTest" time="0.516"/>
  <testcase name="testAddressValid()" classname="com.cedarsoft.commons.test.CustomerTest" time="0.028"/>
  <system-out><![CDATA[add
Change... { [com.cedarsoft.commons.test.Customer$Address@3e7e8198] added at 0 }
next <[com.cedarsoft.commons.test.Customer$Address@3e7e8198]> and removed <[]>
add
Change... { [com.cedarsoft.commons.test.Customer$Address@38d1550e] added at 1 }
next <[com.cedarsoft.commons.test.Customer$Address@38d1550e]> and removed <[]>
addAll
Change... { [com.cedarsoft.commons.test.Customer$Address@288972a5, com.cedarsoft.commons.test.Customer$Address@18f9bdf0, com.cedarsoft.commons.test.Customer$Address@52c18d36] added at 2 }
next <[com.cedarsoft.commons.test.Customer$Address@288972a5, com.cedarsoft.commons.test.Customer$Address@18f9bdf0, com.cedarsoft.commons.test.Customer$Address@52c18d36]> and removed <[]>
setting name
Invalidated
Changed from <> to <New Name>
name set
Changed from <false> to <true>
setting number
]]></system-out>
  <system-err><![CDATA[]]></system-err>
</testsuite>
