<?xml version="1.0" encoding="UTF-8"?>
<testsuite name="com.cedarsoft.commons.test.CustomerTest" tests="6" skipped="0" failures="0" errors="0" timestamp="2021-02-07T03:23:06" hostname="runner-kggansxr-project-47-concurrent-0" time="0.822">
  <properties/>
  <testcase name="testList()" classname="com.cedarsoft.commons.test.CustomerTest" time="0.478"/>
  <testcase name="testListeners()" classname="com.cedarsoft.commons.test.CustomerTest" time="0.011"/>
  <testcase name="testSimpleBinding()" classname="com.cedarsoft.commons.test.CustomerTest" time="0.003"/>
  <testcase name="testLazyObsList()" classname="com.cedarsoft.commons.test.CustomerTest" time="0.005"/>
  <testcase name="testBasics()" classname="com.cedarsoft.commons.test.CustomerTest" time="0.302"/>
  <testcase name="testAddressValid()" classname="com.cedarsoft.commons.test.CustomerTest" time="0.01"/>
  <system-out><![CDATA[add
Change... { [com.cedarsoft.commons.test.Customer$Address@49aaad3b] added at 0 }
next <[com.cedarsoft.commons.test.Customer$Address@49aaad3b]> and removed <[]>
add
Change... { [com.cedarsoft.commons.test.Customer$Address@49477ad2] added at 1 }
next <[com.cedarsoft.commons.test.Customer$Address@49477ad2]> and removed <[]>
addAll
Change... { [com.cedarsoft.commons.test.Customer$Address@10dc3d7, com.cedarsoft.commons.test.Customer$Address@4718fc4a, com.cedarsoft.commons.test.Customer$Address@5bc752e7] added at 2 }
next <[com.cedarsoft.commons.test.Customer$Address@10dc3d7, com.cedarsoft.commons.test.Customer$Address@4718fc4a, com.cedarsoft.commons.test.Customer$Address@5bc752e7]> and removed <[]>
setting name
Invalidated
Changed from <> to <New Name>
name set
Changed from <false> to <true>
setting number
]]></system-out>
  <system-err><![CDATA[]]></system-err>
</testsuite>
