<?xml version="1.0" encoding="UTF-8"?>
<testsuite name="com.cedarsoft.commons.test.CustomerTest" tests="6" skipped="0" failures="0" errors="0" timestamp="2021-08-01T02:08:33" hostname="runner-kggansxr-project-47-concurrent-0" time="0.788">
  <properties/>
  <testcase name="testList()" classname="com.cedarsoft.commons.test.CustomerTest" time="0.316"/>
  <testcase name="testListeners()" classname="com.cedarsoft.commons.test.CustomerTest" time="0.005"/>
  <testcase name="testSimpleBinding()" classname="com.cedarsoft.commons.test.CustomerTest" time="0.001"/>
  <testcase name="testLazyObsList()" classname="com.cedarsoft.commons.test.CustomerTest" time="0.006"/>
  <testcase name="testBasics()" classname="com.cedarsoft.commons.test.CustomerTest" time="0.432"/>
  <testcase name="testAddressValid()" classname="com.cedarsoft.commons.test.CustomerTest" time="0.02"/>
  <system-out><![CDATA[add
Change... { [com.cedarsoft.commons.test.Customer$Address@136358bc] added at 0 }
next <[com.cedarsoft.commons.test.Customer$Address@136358bc]> and removed <[]>
add
Change... { [com.cedarsoft.commons.test.Customer$Address@4fb546ee] added at 1 }
next <[com.cedarsoft.commons.test.Customer$Address@4fb546ee]> and removed <[]>
addAll
Change... { [com.cedarsoft.commons.test.Customer$Address@21ef96ab, com.cedarsoft.commons.test.Customer$Address@25d9ed52, com.cedarsoft.commons.test.Customer$Address@2cf6f7ed] added at 2 }
next <[com.cedarsoft.commons.test.Customer$Address@21ef96ab, com.cedarsoft.commons.test.Customer$Address@25d9ed52, com.cedarsoft.commons.test.Customer$Address@2cf6f7ed]> and removed <[]>
setting name
Invalidated
Changed from <> to <New Name>
name set
Changed from <false> to <true>
setting number
]]></system-out>
  <system-err><![CDATA[]]></system-err>
</testsuite>
