<?xml version="1.0" encoding="UTF-8"?>
<testsuite name="com.cedarsoft.commons.javafx.MappedListTest" tests="3" skipped="0" failures="0" errors="0" timestamp="2021-09-02T02:06:47" hostname="runner-cs1zem-v-project-47-concurrent-0" time="0.023">
  <properties/>
  <testcase name="remove" classname="com.cedarsoft.commons.javafx.MappedListTest" time="0.014"/>
  <testcase name="add" classname="com.cedarsoft.commons.javafx.MappedListTest" time="0.001"/>
  <testcase name="replace" classname="com.cedarsoft.commons.javafx.MappedListTest" time="0.008"/>
  <system-out><![CDATA[]]></system-out>
  <system-err><![CDATA[]]></system-err>
</testsuite>
