<?xml version="1.0" encoding="UTF-8"?>
<testsuite name="com.cedarsoft.commons.test.CustomerTest" tests="6" skipped="0" failures="0" errors="0" timestamp="2021-06-30T02:07:39" hostname="runner-kggansxr-project-47-concurrent-0" time="0.925">
  <properties/>
  <testcase name="testList()" classname="com.cedarsoft.commons.test.CustomerTest" time="0.317"/>
  <testcase name="testListeners()" classname="com.cedarsoft.commons.test.CustomerTest" time="0.01"/>
  <testcase name="testSimpleBinding()" classname="com.cedarsoft.commons.test.CustomerTest" time="0.003"/>
  <testcase name="testLazyObsList()" classname="com.cedarsoft.commons.test.CustomerTest" time="0.004"/>
  <testcase name="testBasics()" classname="com.cedarsoft.commons.test.CustomerTest" time="0.561"/>
  <testcase name="testAddressValid()" classname="com.cedarsoft.commons.test.CustomerTest" time="0.018"/>
  <system-out><![CDATA[add
Change... { [com.cedarsoft.commons.test.Customer$Address@5286018d] added at 0 }
next <[com.cedarsoft.commons.test.Customer$Address@5286018d]> and removed <[]>
add
Change... { [com.cedarsoft.commons.test.Customer$Address@375ce024] added at 1 }
next <[com.cedarsoft.commons.test.Customer$Address@375ce024]> and removed <[]>
addAll
Change... { [com.cedarsoft.commons.test.Customer$Address@6de35c4e, com.cedarsoft.commons.test.Customer$Address@4d5f050f, com.cedarsoft.commons.test.Customer$Address@2fb7ff40] added at 2 }
next <[com.cedarsoft.commons.test.Customer$Address@6de35c4e, com.cedarsoft.commons.test.Customer$Address@4d5f050f, com.cedarsoft.commons.test.Customer$Address@2fb7ff40]> and removed <[]>
setting name
Invalidated
Changed from <> to <New Name>
name set
Changed from <false> to <true>
setting number
]]></system-out>
  <system-err><![CDATA[]]></system-err>
</testsuite>
