<?xml version="1.0" encoding="UTF-8"?>
<testsuite name="com.cedarsoft.commons.javafx.properties.KotlinFxPropertiesKtTest" tests="2" skipped="0" failures="0" errors="0" timestamp="2021-01-22T03:22:27" hostname="runner-kggansxr-project-47-concurrent-0" time="0.199">
  <properties/>
  <testcase name="name$javafx()" classname="com.cedarsoft.commons.javafx.properties.KotlinFxPropertiesKtTest" time="0.187"/>
  <testcase name="testSetMultipleTimes$javafx()" classname="com.cedarsoft.commons.javafx.properties.KotlinFxPropertiesKtTest" time="0.01"/>
  <system-out><![CDATA[]]></system-out>
  <system-err><![CDATA[]]></system-err>
</testsuite>
