<?xml version="1.0" encoding="UTF-8"?>
<testsuite name="com.cedarsoft.commons.javafx.MappedListTest" tests="3" skipped="0" failures="0" errors="0" timestamp="2021-02-10T03:22:37" hostname="runner-pgnkb89--project-47-concurrent-0" time="0.074">
  <properties/>
  <testcase name="remove" classname="com.cedarsoft.commons.javafx.MappedListTest" time="0.044"/>
  <testcase name="add" classname="com.cedarsoft.commons.javafx.MappedListTest" time="0.008"/>
  <testcase name="replace" classname="com.cedarsoft.commons.javafx.MappedListTest" time="0.003"/>
  <system-out><![CDATA[]]></system-out>
  <system-err><![CDATA[]]></system-err>
</testsuite>
