<?xml version="1.0" encoding="UTF-8"?>
<testsuite name="com.cedarsoft.commons.test.CustomerTest" tests="6" skipped="0" failures="0" errors="0" timestamp="2021-03-10T03:05:14" hostname="runner-cs1zem-v-project-47-concurrent-0" time="0.826">
  <properties/>
  <testcase name="testList()" classname="com.cedarsoft.commons.test.CustomerTest" time="0.403"/>
  <testcase name="testListeners()" classname="com.cedarsoft.commons.test.CustomerTest" time="0.016"/>
  <testcase name="testSimpleBinding()" classname="com.cedarsoft.commons.test.CustomerTest" time="0.017"/>
  <testcase name="testLazyObsList()" classname="com.cedarsoft.commons.test.CustomerTest" time="0.002"/>
  <testcase name="testBasics()" classname="com.cedarsoft.commons.test.CustomerTest" time="0.372"/>
  <testcase name="testAddressValid()" classname="com.cedarsoft.commons.test.CustomerTest" time="0.005"/>
  <system-out><![CDATA[add
Change... { [com.cedarsoft.commons.test.Customer$Address@5fcd9c8e] added at 0 }
next <[com.cedarsoft.commons.test.Customer$Address@5fcd9c8e]> and removed <[]>
add
Change... { [com.cedarsoft.commons.test.Customer$Address@3b05214d] added at 1 }
next <[com.cedarsoft.commons.test.Customer$Address@3b05214d]> and removed <[]>
addAll
Change... { [com.cedarsoft.commons.test.Customer$Address@753ffa10, com.cedarsoft.commons.test.Customer$Address@6572d35d, com.cedarsoft.commons.test.Customer$Address@56680a91] added at 2 }
next <[com.cedarsoft.commons.test.Customer$Address@753ffa10, com.cedarsoft.commons.test.Customer$Address@6572d35d, com.cedarsoft.commons.test.Customer$Address@56680a91]> and removed <[]>
setting name
Invalidated
Changed from <> to <New Name>
name set
Changed from <false> to <true>
setting number
]]></system-out>
  <system-err><![CDATA[]]></system-err>
</testsuite>
