<?xml version="1.0" encoding="UTF-8"?>
<testsuite name="com.cedarsoft.commons.javafx.properties.WeakListenersTest" tests="1" skipped="0" failures="0" errors="0" timestamp="2021-05-15T02:08:08" hostname="runner-kggansxr-project-47-concurrent-0" time="0.725">
  <properties/>
  <testcase name="testConsume$javafx()" classname="com.cedarsoft.commons.javafx.properties.WeakListenersTest" time="0.725"/>
  <system-out><![CDATA[]]></system-out>
  <system-err><![CDATA[]]></system-err>
</testsuite>
