<?xml version="1.0" encoding="UTF-8"?>
<testsuite name="com.cedarsoft.commons.test.CustomerTest" tests="6" skipped="0" failures="0" errors="0" timestamp="2021-08-05T02:08:17" hostname="runner-kggansxr-project-47-concurrent-0" time="0.558">
  <properties/>
  <testcase name="testList()" classname="com.cedarsoft.commons.test.CustomerTest" time="0.189"/>
  <testcase name="testListeners()" classname="com.cedarsoft.commons.test.CustomerTest" time="0.006"/>
  <testcase name="testSimpleBinding()" classname="com.cedarsoft.commons.test.CustomerTest" time="0.002"/>
  <testcase name="testLazyObsList()" classname="com.cedarsoft.commons.test.CustomerTest" time="0.002"/>
  <testcase name="testBasics()" classname="com.cedarsoft.commons.test.CustomerTest" time="0.348"/>
  <testcase name="testAddressValid()" classname="com.cedarsoft.commons.test.CustomerTest" time="0.004"/>
  <system-out><![CDATA[add
Change... { [com.cedarsoft.commons.test.Customer$Address@77b80eae] added at 0 }
next <[com.cedarsoft.commons.test.Customer$Address@77b80eae]> and removed <[]>
add
Change... { [com.cedarsoft.commons.test.Customer$Address@40eb974b] added at 1 }
next <[com.cedarsoft.commons.test.Customer$Address@40eb974b]> and removed <[]>
addAll
Change... { [com.cedarsoft.commons.test.Customer$Address@5760b5d1, com.cedarsoft.commons.test.Customer$Address@34b48cd2, com.cedarsoft.commons.test.Customer$Address@34e2994] added at 2 }
next <[com.cedarsoft.commons.test.Customer$Address@5760b5d1, com.cedarsoft.commons.test.Customer$Address@34b48cd2, com.cedarsoft.commons.test.Customer$Address@34e2994]> and removed <[]>
setting name
Invalidated
Changed from <> to <New Name>
name set
Changed from <false> to <true>
setting number
]]></system-out>
  <system-err><![CDATA[]]></system-err>
</testsuite>
