<?xml version="1.0" encoding="UTF-8"?>
<testsuite name="com.cedarsoft.commons.javafx.BidirectionalBindingTest" tests="3" skipped="0" failures="0" errors="0" timestamp="2021-11-21T03:09:45" hostname="runner-ioxloixu-project-47-concurrent-0" time="0.048">
  <properties/>
  <testcase name="bindBidirectional()" classname="com.cedarsoft.commons.javafx.BidirectionalBindingTest" time="0.029"/>
  <testcase name="testWithConverter()" classname="com.cedarsoft.commons.javafx.BidirectionalBindingTest" time="0.004"/>
  <testcase name="testBuilder()" classname="com.cedarsoft.commons.javafx.BidirectionalBindingTest" time="0.012"/>
  <system-out><![CDATA[]]></system-out>
  <system-err><![CDATA[]]></system-err>
</testsuite>
