<?xml version="1.0" encoding="UTF-8"?>
<testsuite name="com.cedarsoft.commons.test.CustomerTest" tests="6" skipped="0" failures="0" errors="0" timestamp="2021-03-20T03:05:17" hostname="runner-cs1zem-v-project-47-concurrent-0" time="0.996">
  <properties/>
  <testcase name="testList()" classname="com.cedarsoft.commons.test.CustomerTest" time="0.406"/>
  <testcase name="testListeners()" classname="com.cedarsoft.commons.test.CustomerTest" time="0.008"/>
  <testcase name="testSimpleBinding()" classname="com.cedarsoft.commons.test.CustomerTest" time="0.01"/>
  <testcase name="testLazyObsList()" classname="com.cedarsoft.commons.test.CustomerTest" time="0.003"/>
  <testcase name="testBasics()" classname="com.cedarsoft.commons.test.CustomerTest" time="0.526"/>
  <testcase name="testAddressValid()" classname="com.cedarsoft.commons.test.CustomerTest" time="0.011"/>
  <system-out><![CDATA[add
Change... { [com.cedarsoft.commons.test.Customer$Address@631be22a] added at 0 }
next <[com.cedarsoft.commons.test.Customer$Address@631be22a]> and removed <[]>
add
Change... { [com.cedarsoft.commons.test.Customer$Address@76489ae4] added at 1 }
next <[com.cedarsoft.commons.test.Customer$Address@76489ae4]> and removed <[]>
addAll
Change... { [com.cedarsoft.commons.test.Customer$Address@3dd9bb64, com.cedarsoft.commons.test.Customer$Address@388298f2, com.cedarsoft.commons.test.Customer$Address@434377a] added at 2 }
next <[com.cedarsoft.commons.test.Customer$Address@3dd9bb64, com.cedarsoft.commons.test.Customer$Address@388298f2, com.cedarsoft.commons.test.Customer$Address@434377a]> and removed <[]>
setting name
Invalidated
Changed from <> to <New Name>
name set
Changed from <false> to <true>
setting number
]]></system-out>
  <system-err><![CDATA[]]></system-err>
</testsuite>
