<?xml version="1.0" encoding="UTF-8"?>
<testsuite name="com.cedarsoft.commons.javafx.JavaFxTimerTest" tests="3" skipped="0" failures="0" errors="0" timestamp="2021-07-26T02:08:27" hostname="runner-kggansxr-project-47-concurrent-0" time="1.81">
  <properties/>
  <testcase name="testDelay()" classname="com.cedarsoft.commons.javafx.JavaFxTimerTest" time="1.375"/>
  <testcase name="testEmptyTimeLine()" classname="com.cedarsoft.commons.javafx.JavaFxTimerTest" time="0.212"/>
  <testcase name="testEmptyTimeline()" classname="com.cedarsoft.commons.javafx.JavaFxTimerTest" time="0.22"/>
  <system-out><![CDATA[]]></system-out>
  <system-err><![CDATA[]]></system-err>
</testsuite>
