<?xml version="1.0" encoding="UTF-8"?>
<testsuite name="com.cedarsoft.commons.javafx.BidirectionalBindingTest" tests="1" skipped="0" failures="0" errors="0" timestamp="2021-03-26T03:06:09" hostname="runner-pgnkb89--project-47-concurrent-0" time="0.086">
  <properties/>
  <testcase name="bindBidirectional()" classname="com.cedarsoft.commons.javafx.BidirectionalBindingTest" time="0.086"/>
  <system-out><![CDATA[]]></system-out>
  <system-err><![CDATA[]]></system-err>
</testsuite>
