<?xml version="1.0" encoding="UTF-8"?>
<testsuite name="com.cedarsoft.commons.test.CustomerTest" tests="6" skipped="0" failures="0" errors="0" timestamp="2021-02-06T03:21:59" hostname="runner-pgnkb89--project-47-concurrent-0" time="0.894">
  <properties/>
  <testcase name="testList()" classname="com.cedarsoft.commons.test.CustomerTest" time="0.199"/>
  <testcase name="testListeners()" classname="com.cedarsoft.commons.test.CustomerTest" time="0.006"/>
  <testcase name="testSimpleBinding()" classname="com.cedarsoft.commons.test.CustomerTest" time="0.002"/>
  <testcase name="testLazyObsList()" classname="com.cedarsoft.commons.test.CustomerTest" time="0.003"/>
  <testcase name="testBasics()" classname="com.cedarsoft.commons.test.CustomerTest" time="0.645"/>
  <testcase name="testAddressValid()" classname="com.cedarsoft.commons.test.CustomerTest" time="0.014"/>
  <system-out><![CDATA[add
Change... { [com.cedarsoft.commons.test.Customer$Address@717b9242] added at 0 }
next <[com.cedarsoft.commons.test.Customer$Address@717b9242]> and removed <[]>
add
Change... { [com.cedarsoft.commons.test.Customer$Address@2bcf0ea7] added at 1 }
next <[com.cedarsoft.commons.test.Customer$Address@2bcf0ea7]> and removed <[]>
addAll
Change... { [com.cedarsoft.commons.test.Customer$Address@3b0bdb48, com.cedarsoft.commons.test.Customer$Address@18ee1207, com.cedarsoft.commons.test.Customer$Address@352a6ada] added at 2 }
next <[com.cedarsoft.commons.test.Customer$Address@3b0bdb48, com.cedarsoft.commons.test.Customer$Address@18ee1207, com.cedarsoft.commons.test.Customer$Address@352a6ada]> and removed <[]>
setting name
Invalidated
Changed from <> to <New Name>
name set
Changed from <false> to <true>
setting number
]]></system-out>
  <system-err><![CDATA[]]></system-err>
</testsuite>
