<?xml version="1.0" encoding="UTF-8"?>
<testsuite name="com.cedarsoft.commons.test.CustomerTest" tests="6" skipped="0" failures="0" errors="0" timestamp="2021-01-22T03:22:26" hostname="runner-kggansxr-project-47-concurrent-0" time="1.123">
  <properties/>
  <testcase name="testList()" classname="com.cedarsoft.commons.test.CustomerTest" time="0.456"/>
  <testcase name="testListeners()" classname="com.cedarsoft.commons.test.CustomerTest" time="0.033"/>
  <testcase name="testSimpleBinding()" classname="com.cedarsoft.commons.test.CustomerTest" time="0.003"/>
  <testcase name="testLazyObsList()" classname="com.cedarsoft.commons.test.CustomerTest" time="0.005"/>
  <testcase name="testBasics()" classname="com.cedarsoft.commons.test.CustomerTest" time="0.57"/>
  <testcase name="testAddressValid()" classname="com.cedarsoft.commons.test.CustomerTest" time="0.034"/>
  <system-out><![CDATA[add
Change... { [com.cedarsoft.commons.test.Customer$Address@5e5fbce6] added at 0 }
next <[com.cedarsoft.commons.test.Customer$Address@5e5fbce6]> and removed <[]>
add
Change... { [com.cedarsoft.commons.test.Customer$Address@3ac86666] added at 1 }
next <[com.cedarsoft.commons.test.Customer$Address@3ac86666]> and removed <[]>
addAll
Change... { [com.cedarsoft.commons.test.Customer$Address@3a7e0cd9, com.cedarsoft.commons.test.Customer$Address@4b5baf7, com.cedarsoft.commons.test.Customer$Address@27ae8e0b] added at 2 }
next <[com.cedarsoft.commons.test.Customer$Address@3a7e0cd9, com.cedarsoft.commons.test.Customer$Address@4b5baf7, com.cedarsoft.commons.test.Customer$Address@27ae8e0b]> and removed <[]>
setting name
Invalidated
Changed from <> to <New Name>
name set
Changed from <false> to <true>
setting number
]]></system-out>
  <system-err><![CDATA[]]></system-err>
</testsuite>
