<?xml version="1.0" encoding="UTF-8"?>
<testsuite name="com.cedarsoft.commons.test.CustomerTest" tests="6" skipped="0" failures="0" errors="0" timestamp="2021-01-17T03:21:32" hostname="runner-cs1zem-v-project-47-concurrent-0" time="0.421">
  <properties/>
  <testcase name="testList()" classname="com.cedarsoft.commons.test.CustomerTest" time="0.283"/>
  <testcase name="testListeners()" classname="com.cedarsoft.commons.test.CustomerTest" time="0.006"/>
  <testcase name="testSimpleBinding()" classname="com.cedarsoft.commons.test.CustomerTest" time="0.001"/>
  <testcase name="testLazyObsList()" classname="com.cedarsoft.commons.test.CustomerTest" time="0.003"/>
  <testcase name="testBasics()" classname="com.cedarsoft.commons.test.CustomerTest" time="0.113"/>
  <testcase name="testAddressValid()" classname="com.cedarsoft.commons.test.CustomerTest" time="0.004"/>
  <system-out><![CDATA[add
Change... { [com.cedarsoft.commons.test.Customer$Address@7a9b786f] added at 0 }
next <[com.cedarsoft.commons.test.Customer$Address@7a9b786f]> and removed <[]>
add
Change... { [com.cedarsoft.commons.test.Customer$Address@401b041f] added at 1 }
next <[com.cedarsoft.commons.test.Customer$Address@401b041f]> and removed <[]>
addAll
Change... { [com.cedarsoft.commons.test.Customer$Address@246296af, com.cedarsoft.commons.test.Customer$Address@52db1aaa, com.cedarsoft.commons.test.Customer$Address@73a2489e] added at 2 }
next <[com.cedarsoft.commons.test.Customer$Address@246296af, com.cedarsoft.commons.test.Customer$Address@52db1aaa, com.cedarsoft.commons.test.Customer$Address@73a2489e]> and removed <[]>
setting name
Invalidated
Changed from <> to <New Name>
name set
Changed from <false> to <true>
setting number
]]></system-out>
  <system-err><![CDATA[]]></system-err>
</testsuite>
