<?xml version="1.0" encoding="UTF-8"?>
<testsuite name="com.cedarsoft.commons.javafx.MappedListTest" tests="3" skipped="0" failures="0" errors="0" timestamp="2021-02-15T19:14:52" hostname="runner-kggansxr-project-47-concurrent-0" time="0.047">
  <properties/>
  <testcase name="remove" classname="com.cedarsoft.commons.javafx.MappedListTest" time="0.025"/>
  <testcase name="add" classname="com.cedarsoft.commons.javafx.MappedListTest" time="0.005"/>
  <testcase name="replace" classname="com.cedarsoft.commons.javafx.MappedListTest" time="0.014"/>
  <system-out><![CDATA[]]></system-out>
  <system-err><![CDATA[]]></system-err>
</testsuite>
