<?xml version="1.0" encoding="UTF-8"?>
<testsuite name="com.cedarsoft.commons.test.CustomerTest" tests="6" skipped="0" failures="0" errors="0" timestamp="2021-05-21T02:06:15" hostname="runner-cs1zem-v-project-47-concurrent-0" time="0.709">
  <properties/>
  <testcase name="testList()" classname="com.cedarsoft.commons.test.CustomerTest" time="0.36"/>
  <testcase name="testListeners()" classname="com.cedarsoft.commons.test.CustomerTest" time="0.011"/>
  <testcase name="testSimpleBinding()" classname="com.cedarsoft.commons.test.CustomerTest" time="0.01"/>
  <testcase name="testLazyObsList()" classname="com.cedarsoft.commons.test.CustomerTest" time="0.002"/>
  <testcase name="testBasics()" classname="com.cedarsoft.commons.test.CustomerTest" time="0.297"/>
  <testcase name="testAddressValid()" classname="com.cedarsoft.commons.test.CustomerTest" time="0.012"/>
  <system-out><![CDATA[add
Change... { [com.cedarsoft.commons.test.Customer$Address@545e8959] added at 0 }
next <[com.cedarsoft.commons.test.Customer$Address@545e8959]> and removed <[]>
add
Change... { [com.cedarsoft.commons.test.Customer$Address@2c52fad3] added at 1 }
next <[com.cedarsoft.commons.test.Customer$Address@2c52fad3]> and removed <[]>
addAll
Change... { [com.cedarsoft.commons.test.Customer$Address@57856858, com.cedarsoft.commons.test.Customer$Address@544f25b5, com.cedarsoft.commons.test.Customer$Address@74fb6a24] added at 2 }
next <[com.cedarsoft.commons.test.Customer$Address@57856858, com.cedarsoft.commons.test.Customer$Address@544f25b5, com.cedarsoft.commons.test.Customer$Address@74fb6a24]> and removed <[]>
setting name
Invalidated
Changed from <> to <New Name>
name set
Changed from <false> to <true>
setting number
]]></system-out>
  <system-err><![CDATA[]]></system-err>
</testsuite>
