<?xml version="1.0" encoding="UTF-8"?>
<testsuite name="com.cedarsoft.commons.javafx.BidirectionalBindingKotlinTest" tests="2" skipped="0" failures="0" errors="0" timestamp="2021-11-13T03:10:33" hostname="runner-ioxloixu-project-47-concurrent-0" time="0.051">
  <properties/>
  <testcase name="testBinding()" classname="com.cedarsoft.commons.javafx.BidirectionalBindingKotlinTest" time="0.029"/>
  <testcase name="testBooleanEnum()" classname="com.cedarsoft.commons.javafx.BidirectionalBindingKotlinTest" time="0.008"/>
  <system-out><![CDATA[]]></system-out>
  <system-err><![CDATA[]]></system-err>
</testsuite>
