<?xml version="1.0" encoding="UTF-8"?>
<testsuite name="com.cedarsoft.commons.test.CustomerTest" tests="6" skipped="0" failures="0" errors="0" timestamp="2021-02-23T03:21:24" hostname="runner-cs1zem-v-project-47-concurrent-0" time="1.27">
  <properties/>
  <testcase name="testList()" classname="com.cedarsoft.commons.test.CustomerTest" time="0.453"/>
  <testcase name="testListeners()" classname="com.cedarsoft.commons.test.CustomerTest" time="0.019"/>
  <testcase name="testSimpleBinding()" classname="com.cedarsoft.commons.test.CustomerTest" time="0.001"/>
  <testcase name="testLazyObsList()" classname="com.cedarsoft.commons.test.CustomerTest" time="0.001"/>
  <testcase name="testBasics()" classname="com.cedarsoft.commons.test.CustomerTest" time="0.714"/>
  <testcase name="testAddressValid()" classname="com.cedarsoft.commons.test.CustomerTest" time="0.046"/>
  <system-out><![CDATA[add
Change... { [com.cedarsoft.commons.test.Customer$Address@2a1db0d4] added at 0 }
next <[com.cedarsoft.commons.test.Customer$Address@2a1db0d4]> and removed <[]>
add
Change... { [com.cedarsoft.commons.test.Customer$Address@1061d63c] added at 1 }
next <[com.cedarsoft.commons.test.Customer$Address@1061d63c]> and removed <[]>
addAll
Change... { [com.cedarsoft.commons.test.Customer$Address@43cfe66, com.cedarsoft.commons.test.Customer$Address@1e4f6228, com.cedarsoft.commons.test.Customer$Address@5913ea25] added at 2 }
next <[com.cedarsoft.commons.test.Customer$Address@43cfe66, com.cedarsoft.commons.test.Customer$Address@1e4f6228, com.cedarsoft.commons.test.Customer$Address@5913ea25]> and removed <[]>
setting name
Invalidated
Changed from <> to <New Name>
name set
Changed from <false> to <true>
setting number
]]></system-out>
  <system-err><![CDATA[]]></system-err>
</testsuite>
