<?xml version="1.0" encoding="UTF-8"?>
<testsuite name="com.cedarsoft.commons.test.CustomerTest" tests="6" skipped="0" failures="0" errors="0" timestamp="2021-06-15T02:05:57" hostname="runner-cs1zem-v-project-47-concurrent-0" time="0.915">
  <properties/>
  <testcase name="testList()" classname="com.cedarsoft.commons.test.CustomerTest" time="0.443"/>
  <testcase name="testListeners()" classname="com.cedarsoft.commons.test.CustomerTest" time="0.013"/>
  <testcase name="testSimpleBinding()" classname="com.cedarsoft.commons.test.CustomerTest" time="0.001"/>
  <testcase name="testLazyObsList()" classname="com.cedarsoft.commons.test.CustomerTest" time="0.001"/>
  <testcase name="testBasics()" classname="com.cedarsoft.commons.test.CustomerTest" time="0.398"/>
  <testcase name="testAddressValid()" classname="com.cedarsoft.commons.test.CustomerTest" time="0.011"/>
  <system-out><![CDATA[add
Change... { [com.cedarsoft.commons.test.Customer$Address@256c44ff] added at 0 }
next <[com.cedarsoft.commons.test.Customer$Address@256c44ff]> and removed <[]>
add
Change... { [com.cedarsoft.commons.test.Customer$Address@530a7bf4] added at 1 }
next <[com.cedarsoft.commons.test.Customer$Address@530a7bf4]> and removed <[]>
addAll
Change... { [com.cedarsoft.commons.test.Customer$Address@6ad6f719, com.cedarsoft.commons.test.Customer$Address@17574dfc, com.cedarsoft.commons.test.Customer$Address@50dba855] added at 2 }
next <[com.cedarsoft.commons.test.Customer$Address@6ad6f719, com.cedarsoft.commons.test.Customer$Address@17574dfc, com.cedarsoft.commons.test.Customer$Address@50dba855]> and removed <[]>
setting name
Invalidated
Changed from <> to <New Name>
name set
Changed from <false> to <true>
setting number
]]></system-out>
  <system-err><![CDATA[]]></system-err>
</testsuite>
