<?xml version="1.0" encoding="UTF-8"?>
<testsuite name="com.cedarsoft.commons.javafx.NumberStringConverterForIntegerHexTest" tests="1" skipped="0" failures="0" errors="0" timestamp="2021-06-13T02:07:55" hostname="runner-kggansxr-project-47-concurrent-0" time="0.035">
  <properties/>
  <testcase name="name()" classname="com.cedarsoft.commons.javafx.NumberStringConverterForIntegerHexTest" time="0.035"/>
  <system-out><![CDATA[]]></system-out>
  <system-err><![CDATA[]]></system-err>
</testsuite>
