<?xml version="1.0" encoding="UTF-8"?>
<testsuite name="com.cedarsoft.commons.test.CustomerTest" tests="6" skipped="0" failures="0" errors="0" timestamp="2021-06-22T02:06:02" hostname="runner-cs1zem-v-project-47-concurrent-0" time="0.905">
  <properties/>
  <testcase name="testList()" classname="com.cedarsoft.commons.test.CustomerTest" time="0.359"/>
  <testcase name="testListeners()" classname="com.cedarsoft.commons.test.CustomerTest" time="0.009"/>
  <testcase name="testSimpleBinding()" classname="com.cedarsoft.commons.test.CustomerTest" time="0.001"/>
  <testcase name="testLazyObsList()" classname="com.cedarsoft.commons.test.CustomerTest" time="0.001"/>
  <testcase name="testBasics()" classname="com.cedarsoft.commons.test.CustomerTest" time="0.462"/>
  <testcase name="testAddressValid()" classname="com.cedarsoft.commons.test.CustomerTest" time="0.041"/>
  <system-out><![CDATA[add
Change... { [com.cedarsoft.commons.test.Customer$Address@2b5fe4f9] added at 0 }
next <[com.cedarsoft.commons.test.Customer$Address@2b5fe4f9]> and removed <[]>
add
Change... { [com.cedarsoft.commons.test.Customer$Address@17c14769] added at 1 }
next <[com.cedarsoft.commons.test.Customer$Address@17c14769]> and removed <[]>
addAll
Change... { [com.cedarsoft.commons.test.Customer$Address@7c234d04, com.cedarsoft.commons.test.Customer$Address@b3cac04, com.cedarsoft.commons.test.Customer$Address@5f10f9b6] added at 2 }
next <[com.cedarsoft.commons.test.Customer$Address@7c234d04, com.cedarsoft.commons.test.Customer$Address@b3cac04, com.cedarsoft.commons.test.Customer$Address@5f10f9b6]> and removed <[]>
setting name
Invalidated
Changed from <> to <New Name>
name set
Changed from <false> to <true>
setting number
]]></system-out>
  <system-err><![CDATA[]]></system-err>
</testsuite>
