<?xml version="1.0" encoding="UTF-8"?>
<testsuite name="com.cedarsoft.commons.javafx.BidirectionalBindingTest" tests="3" skipped="0" failures="0" errors="0" timestamp="2021-11-10T03:06:44" hostname="runner-cs1zem-v-project-47-concurrent-0" time="0.041">
  <properties/>
  <testcase name="bindBidirectional()" classname="com.cedarsoft.commons.javafx.BidirectionalBindingTest" time="0.022"/>
  <testcase name="testWithConverter()" classname="com.cedarsoft.commons.javafx.BidirectionalBindingTest" time="0.008"/>
  <testcase name="testBuilder()" classname="com.cedarsoft.commons.javafx.BidirectionalBindingTest" time="0.01"/>
  <system-out><![CDATA[]]></system-out>
  <system-err><![CDATA[]]></system-err>
</testsuite>
