<?xml version="1.0" encoding="UTF-8"?>
<testsuite name="com.cedarsoft.commons.test.CustomerTest" tests="6" skipped="0" failures="0" errors="0" timestamp="2021-01-29T03:21:00" hostname="runner-cs1zem-v-project-47-concurrent-0" time="0.506">
  <properties/>
  <testcase name="testList()" classname="com.cedarsoft.commons.test.CustomerTest" time="0.305"/>
  <testcase name="testListeners()" classname="com.cedarsoft.commons.test.CustomerTest" time="0.01"/>
  <testcase name="testSimpleBinding()" classname="com.cedarsoft.commons.test.CustomerTest" time="0.012"/>
  <testcase name="testLazyObsList()" classname="com.cedarsoft.commons.test.CustomerTest" time="0.004"/>
  <testcase name="testBasics()" classname="com.cedarsoft.commons.test.CustomerTest" time="0.159"/>
  <testcase name="testAddressValid()" classname="com.cedarsoft.commons.test.CustomerTest" time="0.004"/>
  <system-out><![CDATA[add
Change... { [com.cedarsoft.commons.test.Customer$Address@61c6eaf8] added at 0 }
next <[com.cedarsoft.commons.test.Customer$Address@61c6eaf8]> and removed <[]>
add
Change... { [com.cedarsoft.commons.test.Customer$Address@7d46bc2e] added at 1 }
next <[com.cedarsoft.commons.test.Customer$Address@7d46bc2e]> and removed <[]>
addAll
Change... { [com.cedarsoft.commons.test.Customer$Address@38e32442, com.cedarsoft.commons.test.Customer$Address@5988dd8a, com.cedarsoft.commons.test.Customer$Address@fcf7d69] added at 2 }
next <[com.cedarsoft.commons.test.Customer$Address@38e32442, com.cedarsoft.commons.test.Customer$Address@5988dd8a, com.cedarsoft.commons.test.Customer$Address@fcf7d69]> and removed <[]>
setting name
Invalidated
Changed from <> to <New Name>
name set
Changed from <false> to <true>
setting number
]]></system-out>
  <system-err><![CDATA[]]></system-err>
</testsuite>
