<?xml version="1.0" encoding="UTF-8"?>
<testsuite name="com.cedarsoft.commons.test.CustomerTest" tests="6" skipped="0" failures="0" errors="0" timestamp="2021-01-12T21:07:27" hostname="runner-kggansxr-project-47-concurrent-0" time="1.218">
  <properties/>
  <testcase name="testList()" classname="com.cedarsoft.commons.test.CustomerTest" time="0.471"/>
  <testcase name="testListeners()" classname="com.cedarsoft.commons.test.CustomerTest" time="0.032"/>
  <testcase name="testSimpleBinding()" classname="com.cedarsoft.commons.test.CustomerTest" time="0.01"/>
  <testcase name="testLazyObsList()" classname="com.cedarsoft.commons.test.CustomerTest" time="0.012"/>
  <testcase name="testBasics()" classname="com.cedarsoft.commons.test.CustomerTest" time="0.654"/>
  <testcase name="testAddressValid()" classname="com.cedarsoft.commons.test.CustomerTest" time="0.008"/>
  <system-out><![CDATA[add
Change... { [com.cedarsoft.commons.test.Customer$Address@52b74aa7] added at 0 }
next <[com.cedarsoft.commons.test.Customer$Address@52b74aa7]> and removed <[]>
add
Change... { [com.cedarsoft.commons.test.Customer$Address@443c8d11] added at 1 }
next <[com.cedarsoft.commons.test.Customer$Address@443c8d11]> and removed <[]>
addAll
Change... { [com.cedarsoft.commons.test.Customer$Address@4df6c02f, com.cedarsoft.commons.test.Customer$Address@36db36ab, com.cedarsoft.commons.test.Customer$Address@5ed1b0a5] added at 2 }
next <[com.cedarsoft.commons.test.Customer$Address@4df6c02f, com.cedarsoft.commons.test.Customer$Address@36db36ab, com.cedarsoft.commons.test.Customer$Address@5ed1b0a5]> and removed <[]>
setting name
Invalidated
Changed from <> to <New Name>
name set
Changed from <false> to <true>
setting number
]]></system-out>
  <system-err><![CDATA[]]></system-err>
</testsuite>
