<?xml version="1.0" encoding="UTF-8"?>
<testsuite name="com.cedarsoft.commons.test.CustomerTest" tests="6" skipped="0" failures="0" errors="0" timestamp="2021-04-09T15:42:48" hostname="runner-cs1zem-v-project-47-concurrent-0" time="0.551">
  <properties/>
  <testcase name="testList()" classname="com.cedarsoft.commons.test.CustomerTest" time="0.299"/>
  <testcase name="testListeners()" classname="com.cedarsoft.commons.test.CustomerTest" time="0.007"/>
  <testcase name="testSimpleBinding()" classname="com.cedarsoft.commons.test.CustomerTest" time="0.003"/>
  <testcase name="testLazyObsList()" classname="com.cedarsoft.commons.test.CustomerTest" time="0.003"/>
  <testcase name="testBasics()" classname="com.cedarsoft.commons.test.CustomerTest" time="0.212"/>
  <testcase name="testAddressValid()" classname="com.cedarsoft.commons.test.CustomerTest" time="0.016"/>
  <system-out><![CDATA[add
Change... { [com.cedarsoft.commons.test.Customer$Address@53ea7c2d] added at 0 }
next <[com.cedarsoft.commons.test.Customer$Address@53ea7c2d]> and removed <[]>
add
Change... { [com.cedarsoft.commons.test.Customer$Address@413056bc] added at 1 }
next <[com.cedarsoft.commons.test.Customer$Address@413056bc]> and removed <[]>
addAll
Change... { [com.cedarsoft.commons.test.Customer$Address@66ef9f84, com.cedarsoft.commons.test.Customer$Address@5722ba2f, com.cedarsoft.commons.test.Customer$Address@57a9bff2] added at 2 }
next <[com.cedarsoft.commons.test.Customer$Address@66ef9f84, com.cedarsoft.commons.test.Customer$Address@5722ba2f, com.cedarsoft.commons.test.Customer$Address@57a9bff2]> and removed <[]>
setting name
Invalidated
Changed from <> to <New Name>
name set
Changed from <false> to <true>
setting number
]]></system-out>
  <system-err><![CDATA[]]></system-err>
</testsuite>
