<?xml version="1.0" encoding="UTF-8"?>
<testsuite name="com.cedarsoft.commons.test.CustomerTest" tests="6" skipped="0" failures="0" errors="0" timestamp="2021-05-02T02:06:04" hostname="runner-cs1zem-v-project-47-concurrent-0" time="0.585">
  <properties/>
  <testcase name="testList()" classname="com.cedarsoft.commons.test.CustomerTest" time="0.381"/>
  <testcase name="testListeners()" classname="com.cedarsoft.commons.test.CustomerTest" time="0.005"/>
  <testcase name="testSimpleBinding()" classname="com.cedarsoft.commons.test.CustomerTest" time="0.003"/>
  <testcase name="testLazyObsList()" classname="com.cedarsoft.commons.test.CustomerTest" time="0.004"/>
  <testcase name="testBasics()" classname="com.cedarsoft.commons.test.CustomerTest" time="0.181"/>
  <testcase name="testAddressValid()" classname="com.cedarsoft.commons.test.CustomerTest" time="0.003"/>
  <system-out><![CDATA[add
Change... { [com.cedarsoft.commons.test.Customer$Address@7c012c49] added at 0 }
next <[com.cedarsoft.commons.test.Customer$Address@7c012c49]> and removed <[]>
add
Change... { [com.cedarsoft.commons.test.Customer$Address@59e92667] added at 1 }
next <[com.cedarsoft.commons.test.Customer$Address@59e92667]> and removed <[]>
addAll
Change... { [com.cedarsoft.commons.test.Customer$Address@60d7f027, com.cedarsoft.commons.test.Customer$Address@74e9e8b1, com.cedarsoft.commons.test.Customer$Address@17ff101] added at 2 }
next <[com.cedarsoft.commons.test.Customer$Address@60d7f027, com.cedarsoft.commons.test.Customer$Address@74e9e8b1, com.cedarsoft.commons.test.Customer$Address@17ff101]> and removed <[]>
setting name
Invalidated
Changed from <> to <New Name>
name set
Changed from <false> to <true>
setting number
]]></system-out>
  <system-err><![CDATA[]]></system-err>
</testsuite>
