<?xml version="1.0" encoding="UTF-8"?>
<testsuite name="com.cedarsoft.commons.javafx.TimelineSupportTest" tests="1" skipped="0" failures="0" errors="0" timestamp="2021-11-17T03:10:51" hostname="runner-cs1zem-v-project-47-concurrent-0" time="1.012">
  <properties/>
  <testcase name="testDispose()" classname="com.cedarsoft.commons.javafx.TimelineSupportTest" time="1.012"/>
  <system-out><![CDATA[]]></system-out>
  <system-err><![CDATA[]]></system-err>
</testsuite>
