<?xml version="1.0" encoding="UTF-8"?>
<testsuite name="com.cedarsoft.commons.javafx.properties.KotlinFxPropertiesJavaTest" tests="1" skipped="0" failures="0" errors="0" timestamp="2021-02-06T03:22:00" hostname="runner-pgnkb89--project-47-concurrent-0" time="0.295">
  <properties/>
  <testcase name="name()" classname="com.cedarsoft.commons.javafx.properties.KotlinFxPropertiesJavaTest" time="0.295"/>
  <system-out><![CDATA[]]></system-out>
  <system-err><![CDATA[]]></system-err>
</testsuite>
