<?xml version="1.0" encoding="UTF-8"?>
<testsuite name="com.cedarsoft.commons.javafx.MappedListTest" tests="3" skipped="0" failures="0" errors="0" timestamp="2022-02-10T17:16:31" hostname="runner-ioxloixu-project-47-concurrent-1" time="0.011">
  <properties/>
  <testcase name="remove" classname="com.cedarsoft.commons.javafx.MappedListTest" time="0.01"/>
  <testcase name="add" classname="com.cedarsoft.commons.javafx.MappedListTest" time="0.001"/>
  <testcase name="replace" classname="com.cedarsoft.commons.javafx.MappedListTest" time="0.0"/>
  <system-out><![CDATA[]]></system-out>
  <system-err><![CDATA[]]></system-err>
</testsuite>
