<?xml version="1.0" encoding="UTF-8"?>
<testsuite name="com.cedarsoft.commons.javafx.FxUtilsKtTest" tests="1" skipped="0" failures="0" errors="0" timestamp="2021-01-14T03:23:13" hostname="runner-kggansxr-project-47-concurrent-0" time="0.023">
  <properties/>
  <testcase name="test2RGB()" classname="com.cedarsoft.commons.javafx.FxUtilsKtTest" time="0.023"/>
  <system-out><![CDATA[]]></system-out>
  <system-err><![CDATA[]]></system-err>
</testsuite>
