<?xml version="1.0" encoding="UTF-8"?>
<testsuite name="com.cedarsoft.commons.test.CustomerTest" tests="6" skipped="0" failures="0" errors="0" timestamp="2021-10-03T02:07:05" hostname="runner-cs1zem-v-project-47-concurrent-0" time="0.563">
  <properties/>
  <testcase name="testList()" classname="com.cedarsoft.commons.test.CustomerTest" time="0.359"/>
  <testcase name="testListeners()" classname="com.cedarsoft.commons.test.CustomerTest" time="0.006"/>
  <testcase name="testSimpleBinding()" classname="com.cedarsoft.commons.test.CustomerTest" time="0.002"/>
  <testcase name="testLazyObsList()" classname="com.cedarsoft.commons.test.CustomerTest" time="0.003"/>
  <testcase name="testBasics()" classname="com.cedarsoft.commons.test.CustomerTest" time="0.17"/>
  <testcase name="testAddressValid()" classname="com.cedarsoft.commons.test.CustomerTest" time="0.016"/>
  <system-out><![CDATA[add
Change... { [com.cedarsoft.commons.test.Customer$Address@2a30b0cb] added at 0 }
next <[com.cedarsoft.commons.test.Customer$Address@2a30b0cb]> and removed <[]>
add
Change... { [com.cedarsoft.commons.test.Customer$Address@73d7d676] added at 1 }
next <[com.cedarsoft.commons.test.Customer$Address@73d7d676]> and removed <[]>
addAll
Change... { [com.cedarsoft.commons.test.Customer$Address@8e3449e, com.cedarsoft.commons.test.Customer$Address@3023f157, com.cedarsoft.commons.test.Customer$Address@1f3aa970] added at 2 }
next <[com.cedarsoft.commons.test.Customer$Address@8e3449e, com.cedarsoft.commons.test.Customer$Address@3023f157, com.cedarsoft.commons.test.Customer$Address@1f3aa970]> and removed <[]>
setting name
Invalidated
Changed from <> to <New Name>
name set
Changed from <false> to <true>
setting number
]]></system-out>
  <system-err><![CDATA[]]></system-err>
</testsuite>
