<?xml version="1.0" encoding="UTF-8"?>
<testsuite name="com.cedarsoft.commons.javafx.properties.KotlinFxPropertiesKtTest" tests="2" skipped="0" failures="0" errors="0" timestamp="2021-06-30T02:07:41" hostname="runner-kggansxr-project-47-concurrent-0" time="0.169">
  <properties/>
  <testcase name="name$javafx()" classname="com.cedarsoft.commons.javafx.properties.KotlinFxPropertiesKtTest" time="0.143"/>
  <testcase name="testSetMultipleTimes$javafx()" classname="com.cedarsoft.commons.javafx.properties.KotlinFxPropertiesKtTest" time="0.012"/>
  <system-out><![CDATA[]]></system-out>
  <system-err><![CDATA[]]></system-err>
</testsuite>
