<?xml version="1.0" encoding="UTF-8"?>
<testsuite name="com.cedarsoft.commons.test.CustomerTest" tests="6" skipped="0" failures="0" errors="0" timestamp="2021-08-11T02:06:24" hostname="runner-cs1zem-v-project-47-concurrent-0" time="0.263">
  <properties/>
  <testcase name="testList()" classname="com.cedarsoft.commons.test.CustomerTest" time="0.136"/>
  <testcase name="testListeners()" classname="com.cedarsoft.commons.test.CustomerTest" time="0.004"/>
  <testcase name="testSimpleBinding()" classname="com.cedarsoft.commons.test.CustomerTest" time="0.001"/>
  <testcase name="testLazyObsList()" classname="com.cedarsoft.commons.test.CustomerTest" time="0.002"/>
  <testcase name="testBasics()" classname="com.cedarsoft.commons.test.CustomerTest" time="0.108"/>
  <testcase name="testAddressValid()" classname="com.cedarsoft.commons.test.CustomerTest" time="0.007"/>
  <system-out><![CDATA[add
Change... { [com.cedarsoft.commons.test.Customer$Address@14f6ff34] added at 0 }
next <[com.cedarsoft.commons.test.Customer$Address@14f6ff34]> and removed <[]>
add
Change... { [com.cedarsoft.commons.test.Customer$Address@3cf0a2c2] added at 1 }
next <[com.cedarsoft.commons.test.Customer$Address@3cf0a2c2]> and removed <[]>
addAll
Change... { [com.cedarsoft.commons.test.Customer$Address@638e0b1d, com.cedarsoft.commons.test.Customer$Address@6bfaa7b, com.cedarsoft.commons.test.Customer$Address@2513eac7] added at 2 }
next <[com.cedarsoft.commons.test.Customer$Address@638e0b1d, com.cedarsoft.commons.test.Customer$Address@6bfaa7b, com.cedarsoft.commons.test.Customer$Address@2513eac7]> and removed <[]>
setting name
Invalidated
Changed from <> to <New Name>
name set
Changed from <false> to <true>
setting number
]]></system-out>
  <system-err><![CDATA[]]></system-err>
</testsuite>
