<?xml version="1.0" encoding="UTF-8"?>
<testsuite name="com.cedarsoft.commons.test.CustomerTest" tests="6" skipped="0" failures="0" errors="0" timestamp="2021-05-30T02:05:51" hostname="runner-cs1zem-v-project-47-concurrent-0" time="0.787">
  <properties/>
  <testcase name="testList()" classname="com.cedarsoft.commons.test.CustomerTest" time="0.371"/>
  <testcase name="testListeners()" classname="com.cedarsoft.commons.test.CustomerTest" time="0.004"/>
  <testcase name="testSimpleBinding()" classname="com.cedarsoft.commons.test.CustomerTest" time="0.001"/>
  <testcase name="testLazyObsList()" classname="com.cedarsoft.commons.test.CustomerTest" time="0.007"/>
  <testcase name="testBasics()" classname="com.cedarsoft.commons.test.CustomerTest" time="0.386"/>
  <testcase name="testAddressValid()" classname="com.cedarsoft.commons.test.CustomerTest" time="0.006"/>
  <system-out><![CDATA[add
Change... { [com.cedarsoft.commons.test.Customer$Address@2ff6ae62] added at 0 }
next <[com.cedarsoft.commons.test.Customer$Address@2ff6ae62]> and removed <[]>
add
Change... { [com.cedarsoft.commons.test.Customer$Address@634d2bf3] added at 1 }
next <[com.cedarsoft.commons.test.Customer$Address@634d2bf3]> and removed <[]>
addAll
Change... { [com.cedarsoft.commons.test.Customer$Address@d32e89d, com.cedarsoft.commons.test.Customer$Address@40b25d2e, com.cedarsoft.commons.test.Customer$Address@5a2d7ee4] added at 2 }
next <[com.cedarsoft.commons.test.Customer$Address@d32e89d, com.cedarsoft.commons.test.Customer$Address@40b25d2e, com.cedarsoft.commons.test.Customer$Address@5a2d7ee4]> and removed <[]>
setting name
Invalidated
Changed from <> to <New Name>
name set
Changed from <false> to <true>
setting number
]]></system-out>
  <system-err><![CDATA[]]></system-err>
</testsuite>
