<?xml version="1.0" encoding="UTF-8"?>
<testsuite name="com.cedarsoft.commons.javafx.FxUtilsKtTest" tests="1" skipped="0" failures="0" errors="0" timestamp="2021-12-02T03:10:04" hostname="runner-ioxloixu-project-47-concurrent-0" time="0.047">
  <properties/>
  <testcase name="test2RGB()" classname="com.cedarsoft.commons.javafx.FxUtilsKtTest" time="0.047"/>
  <system-out><![CDATA[]]></system-out>
  <system-err><![CDATA[]]></system-err>
</testsuite>
