<?xml version="1.0" encoding="UTF-8"?>
<testsuite name="com.cedarsoft.commons.test.CustomerTest" tests="6" skipped="0" failures="0" errors="0" timestamp="2021-10-18T02:07:02" hostname="runner-cs1zem-v-project-47-concurrent-0" time="0.514">
  <properties/>
  <testcase name="testList()" classname="com.cedarsoft.commons.test.CustomerTest" time="0.218"/>
  <testcase name="testListeners()" classname="com.cedarsoft.commons.test.CustomerTest" time="0.007"/>
  <testcase name="testSimpleBinding()" classname="com.cedarsoft.commons.test.CustomerTest" time="0.008"/>
  <testcase name="testLazyObsList()" classname="com.cedarsoft.commons.test.CustomerTest" time="0.002"/>
  <testcase name="testBasics()" classname="com.cedarsoft.commons.test.CustomerTest" time="0.267"/>
  <testcase name="testAddressValid()" classname="com.cedarsoft.commons.test.CustomerTest" time="0.006"/>
  <system-out><![CDATA[add
Change... { [com.cedarsoft.commons.test.Customer$Address@cda144a] added at 0 }
next <[com.cedarsoft.commons.test.Customer$Address@cda144a]> and removed <[]>
add
Change... { [com.cedarsoft.commons.test.Customer$Address@7fb5368e] added at 1 }
next <[com.cedarsoft.commons.test.Customer$Address@7fb5368e]> and removed <[]>
addAll
Change... { [com.cedarsoft.commons.test.Customer$Address@5847010, com.cedarsoft.commons.test.Customer$Address@1ad9d5be, com.cedarsoft.commons.test.Customer$Address@46fdfaeb] added at 2 }
next <[com.cedarsoft.commons.test.Customer$Address@5847010, com.cedarsoft.commons.test.Customer$Address@1ad9d5be, com.cedarsoft.commons.test.Customer$Address@46fdfaeb]> and removed <[]>
setting name
Invalidated
Changed from <> to <New Name>
name set
Changed from <false> to <true>
setting number
]]></system-out>
  <system-err><![CDATA[]]></system-err>
</testsuite>
