<?xml version="1.0" encoding="UTF-8"?>
<testsuite name="com.cedarsoft.commons.javafx.BindingsGcTest" tests="3" skipped="3" failures="0" errors="0" timestamp="2021-02-01T03:21:12" hostname="runner-cs1zem-v-project-47-concurrent-0" time="0.011">
  <properties/>
  <testcase name="testBindingWithTextFieldStringProperty()" classname="com.cedarsoft.commons.javafx.BindingsGcTest" time="0.006">
    <skipped/>
  </testcase>
  <testcase name="testBindingWithTextField()" classname="com.cedarsoft.commons.javafx.BindingsGcTest" time="0.002">
    <skipped/>
  </testcase>
  <testcase name="testOnlyBinding()" classname="com.cedarsoft.commons.javafx.BindingsGcTest" time="0.001">
    <skipped/>
  </testcase>
  <system-out><![CDATA[]]></system-out>
  <system-err><![CDATA[]]></system-err>
</testsuite>
