<?xml version="1.0" encoding="UTF-8"?>
<testsuite name="com.cedarsoft.commons.javafx.NumberStringConverterForIntegerHexTest" tests="1" skipped="0" failures="0" errors="0" timestamp="2021-12-11T03:10:19" hostname="runner-ioxloixu-project-47-concurrent-0" time="0.337">
  <properties/>
  <testcase name="name()" classname="com.cedarsoft.commons.javafx.NumberStringConverterForIntegerHexTest" time="0.337"/>
  <system-out><![CDATA[]]></system-out>
  <system-err><![CDATA[]]></system-err>
</testsuite>
