<?xml version="1.0" encoding="UTF-8"?>
<testsuite name="com.cedarsoft.commons.test.CustomerTest" tests="6" skipped="0" failures="0" errors="0" timestamp="2021-07-16T02:06:07" hostname="runner-cs1zem-v-project-47-concurrent-0" time="0.415">
  <properties/>
  <testcase name="testList()" classname="com.cedarsoft.commons.test.CustomerTest" time="0.235"/>
  <testcase name="testListeners()" classname="com.cedarsoft.commons.test.CustomerTest" time="0.005"/>
  <testcase name="testSimpleBinding()" classname="com.cedarsoft.commons.test.CustomerTest" time="0.002"/>
  <testcase name="testLazyObsList()" classname="com.cedarsoft.commons.test.CustomerTest" time="0.002"/>
  <testcase name="testBasics()" classname="com.cedarsoft.commons.test.CustomerTest" time="0.164"/>
  <testcase name="testAddressValid()" classname="com.cedarsoft.commons.test.CustomerTest" time="0.004"/>
  <system-out><![CDATA[add
Change... { [com.cedarsoft.commons.test.Customer$Address@6504bc6b] added at 0 }
next <[com.cedarsoft.commons.test.Customer$Address@6504bc6b]> and removed <[]>
add
Change... { [com.cedarsoft.commons.test.Customer$Address@d20c0a8] added at 1 }
next <[com.cedarsoft.commons.test.Customer$Address@d20c0a8]> and removed <[]>
addAll
Change... { [com.cedarsoft.commons.test.Customer$Address@6769ffd9, com.cedarsoft.commons.test.Customer$Address@1df5cf, com.cedarsoft.commons.test.Customer$Address@40baf643] added at 2 }
next <[com.cedarsoft.commons.test.Customer$Address@6769ffd9, com.cedarsoft.commons.test.Customer$Address@1df5cf, com.cedarsoft.commons.test.Customer$Address@40baf643]> and removed <[]>
setting name
Invalidated
Changed from <> to <New Name>
name set
Changed from <false> to <true>
setting number
]]></system-out>
  <system-err><![CDATA[]]></system-err>
</testsuite>
