<?xml version="1.0" encoding="UTF-8"?>
<testsuite name="com.cedarsoft.commons.javafx.OverrideBindingTest" tests="1" skipped="0" failures="0" errors="0" timestamp="2021-12-08T03:10:02" hostname="runner-ioxloixu-project-47-concurrent-0" time="0.007">
  <properties/>
  <testcase name="testOverrideBinding()" classname="com.cedarsoft.commons.javafx.OverrideBindingTest" time="0.007"/>
  <system-out><![CDATA[]]></system-out>
  <system-err><![CDATA[]]></system-err>
</testsuite>
