<?xml version="1.0" encoding="UTF-8"?>
<testsuite name="com.cedarsoft.commons.test.CustomerTest" tests="6" skipped="0" failures="0" errors="0" timestamp="2021-04-08T02:05:33" hostname="runner-cs1zem-v-project-47-concurrent-0" time="0.539">
  <properties/>
  <testcase name="testList()" classname="com.cedarsoft.commons.test.CustomerTest" time="0.288"/>
  <testcase name="testListeners()" classname="com.cedarsoft.commons.test.CustomerTest" time="0.007"/>
  <testcase name="testSimpleBinding()" classname="com.cedarsoft.commons.test.CustomerTest" time="0.002"/>
  <testcase name="testLazyObsList()" classname="com.cedarsoft.commons.test.CustomerTest" time="0.004"/>
  <testcase name="testBasics()" classname="com.cedarsoft.commons.test.CustomerTest" time="0.228"/>
  <testcase name="testAddressValid()" classname="com.cedarsoft.commons.test.CustomerTest" time="0.004"/>
  <system-out><![CDATA[add
Change... { [com.cedarsoft.commons.test.Customer$Address@799e705e] added at 0 }
next <[com.cedarsoft.commons.test.Customer$Address@799e705e]> and removed <[]>
add
Change... { [com.cedarsoft.commons.test.Customer$Address@70a60a22] added at 1 }
next <[com.cedarsoft.commons.test.Customer$Address@70a60a22]> and removed <[]>
addAll
Change... { [com.cedarsoft.commons.test.Customer$Address@7f695fa9, com.cedarsoft.commons.test.Customer$Address@75d4d889, com.cedarsoft.commons.test.Customer$Address@7f424aed] added at 2 }
next <[com.cedarsoft.commons.test.Customer$Address@7f695fa9, com.cedarsoft.commons.test.Customer$Address@75d4d889, com.cedarsoft.commons.test.Customer$Address@7f424aed]> and removed <[]>
setting name
Invalidated
Changed from <> to <New Name>
name set
Changed from <false> to <true>
setting number
]]></system-out>
  <system-err><![CDATA[]]></system-err>
</testsuite>
