<?xml version="1.0" encoding="UTF-8"?>
<testsuite name="com.cedarsoft.commons.javafx.MappedListTest" tests="3" skipped="0" failures="0" errors="0" timestamp="2021-06-14T02:07:47" hostname="runner-kggansxr-project-47-concurrent-0" time="0.061">
  <properties/>
  <testcase name="remove" classname="com.cedarsoft.commons.javafx.MappedListTest" time="0.044"/>
  <testcase name="add" classname="com.cedarsoft.commons.javafx.MappedListTest" time="0.001"/>
  <testcase name="replace" classname="com.cedarsoft.commons.javafx.MappedListTest" time="0.009"/>
  <system-out><![CDATA[]]></system-out>
  <system-err><![CDATA[]]></system-err>
</testsuite>
