<?xml version="1.0" encoding="UTF-8"?>
<testsuite name="com.cedarsoft.commons.javafx.properties.KotlinFxPropertiesKtTest" tests="2" skipped="0" failures="0" errors="0" timestamp="2021-03-12T03:05:20" hostname="runner-cs1zem-v-project-47-concurrent-0" time="0.143">
  <properties/>
  <testcase name="name$javafx()" classname="com.cedarsoft.commons.javafx.properties.KotlinFxPropertiesKtTest" time="0.14"/>
  <testcase name="testSetMultipleTimes$javafx()" classname="com.cedarsoft.commons.javafx.properties.KotlinFxPropertiesKtTest" time="0.002"/>
  <system-out><![CDATA[]]></system-out>
  <system-err><![CDATA[]]></system-err>
</testsuite>
