<?xml version="1.0" encoding="UTF-8"?>
<testsuite name="com.cedarsoft.commons.test.CustomerTest" tests="6" skipped="0" failures="0" errors="0" timestamp="2021-02-25T03:21:06" hostname="runner-cs1zem-v-project-47-concurrent-0" time="0.747">
  <properties/>
  <testcase name="testList()" classname="com.cedarsoft.commons.test.CustomerTest" time="0.28"/>
  <testcase name="testListeners()" classname="com.cedarsoft.commons.test.CustomerTest" time="0.014"/>
  <testcase name="testSimpleBinding()" classname="com.cedarsoft.commons.test.CustomerTest" time="0.003"/>
  <testcase name="testLazyObsList()" classname="com.cedarsoft.commons.test.CustomerTest" time="0.003"/>
  <testcase name="testBasics()" classname="com.cedarsoft.commons.test.CustomerTest" time="0.397"/>
  <testcase name="testAddressValid()" classname="com.cedarsoft.commons.test.CustomerTest" time="0.005"/>
  <system-out><![CDATA[add
Change... { [com.cedarsoft.commons.test.Customer$Address@4a8b5c56] added at 0 }
next <[com.cedarsoft.commons.test.Customer$Address@4a8b5c56]> and removed <[]>
add
Change... { [com.cedarsoft.commons.test.Customer$Address@c905f05] added at 1 }
next <[com.cedarsoft.commons.test.Customer$Address@c905f05]> and removed <[]>
addAll
Change... { [com.cedarsoft.commons.test.Customer$Address@6117d570, com.cedarsoft.commons.test.Customer$Address@1a741f43, com.cedarsoft.commons.test.Customer$Address@a0d89b7] added at 2 }
next <[com.cedarsoft.commons.test.Customer$Address@6117d570, com.cedarsoft.commons.test.Customer$Address@1a741f43, com.cedarsoft.commons.test.Customer$Address@a0d89b7]> and removed <[]>
setting name
Invalidated
Changed from <> to <New Name>
name set
Changed from <false> to <true>
setting number
]]></system-out>
  <system-err><![CDATA[]]></system-err>
</testsuite>
