<?xml version="1.0" encoding="UTF-8"?>
<testsuite name="com.cedarsoft.commons.test.CustomerTest" tests="6" skipped="0" failures="0" errors="0" timestamp="2021-09-25T02:06:39" hostname="runner-cs1zem-v-project-47-concurrent-0" time="0.658">
  <properties/>
  <testcase name="testList()" classname="com.cedarsoft.commons.test.CustomerTest" time="0.243"/>
  <testcase name="testListeners()" classname="com.cedarsoft.commons.test.CustomerTest" time="0.02"/>
  <testcase name="testSimpleBinding()" classname="com.cedarsoft.commons.test.CustomerTest" time="0.001"/>
  <testcase name="testLazyObsList()" classname="com.cedarsoft.commons.test.CustomerTest" time="0.002"/>
  <testcase name="testBasics()" classname="com.cedarsoft.commons.test.CustomerTest" time="0.364"/>
  <testcase name="testAddressValid()" classname="com.cedarsoft.commons.test.CustomerTest" time="0.014"/>
  <system-out><![CDATA[add
Change... { [com.cedarsoft.commons.test.Customer$Address@7591cbd1] added at 0 }
next <[com.cedarsoft.commons.test.Customer$Address@7591cbd1]> and removed <[]>
add
Change... { [com.cedarsoft.commons.test.Customer$Address@5cdc8499] added at 1 }
next <[com.cedarsoft.commons.test.Customer$Address@5cdc8499]> and removed <[]>
addAll
Change... { [com.cedarsoft.commons.test.Customer$Address@2a30b0cb, com.cedarsoft.commons.test.Customer$Address@73d7d676, com.cedarsoft.commons.test.Customer$Address@8e3449e] added at 2 }
next <[com.cedarsoft.commons.test.Customer$Address@2a30b0cb, com.cedarsoft.commons.test.Customer$Address@73d7d676, com.cedarsoft.commons.test.Customer$Address@8e3449e]> and removed <[]>
setting name
Invalidated
Changed from <> to <New Name>
name set
Changed from <false> to <true>
setting number
]]></system-out>
  <system-err><![CDATA[]]></system-err>
</testsuite>
