<?xml version="1.0" encoding="UTF-8"?>
<testsuite name="com.cedarsoft.commons.test.CustomerTest" tests="6" skipped="0" failures="0" errors="0" timestamp="2021-11-18T03:10:51" hostname="runner-cs1zem-v-project-47-concurrent-0" time="0.598">
  <properties/>
  <testcase name="testList()" classname="com.cedarsoft.commons.test.CustomerTest" time="0.299"/>
  <testcase name="testListeners()" classname="com.cedarsoft.commons.test.CustomerTest" time="0.009"/>
  <testcase name="testSimpleBinding()" classname="com.cedarsoft.commons.test.CustomerTest" time="0.001"/>
  <testcase name="testLazyObsList()" classname="com.cedarsoft.commons.test.CustomerTest" time="0.001"/>
  <testcase name="testBasics()" classname="com.cedarsoft.commons.test.CustomerTest" time="0.272"/>
  <testcase name="testAddressValid()" classname="com.cedarsoft.commons.test.CustomerTest" time="0.006"/>
  <system-out><![CDATA[add
Change... { [com.cedarsoft.commons.test.Customer$Address@6b92a0d1] added at 0 }
next <[com.cedarsoft.commons.test.Customer$Address@6b92a0d1]> and removed <[]>
add
Change... { [com.cedarsoft.commons.test.Customer$Address@4b9ed99d] added at 1 }
next <[com.cedarsoft.commons.test.Customer$Address@4b9ed99d]> and removed <[]>
addAll
Change... { [com.cedarsoft.commons.test.Customer$Address@39b95a80, com.cedarsoft.commons.test.Customer$Address@3ec62141, com.cedarsoft.commons.test.Customer$Address@402c9a60] added at 2 }
next <[com.cedarsoft.commons.test.Customer$Address@39b95a80, com.cedarsoft.commons.test.Customer$Address@3ec62141, com.cedarsoft.commons.test.Customer$Address@402c9a60]> and removed <[]>
setting name
Invalidated
Changed from <> to <New Name>
name set
Changed from <false> to <true>
setting number
]]></system-out>
  <system-err><![CDATA[]]></system-err>
</testsuite>
