<?xml version="1.0" encoding="UTF-8"?>
<testsuite name="com.cedarsoft.commons.test.CustomerTest" tests="6" skipped="0" failures="0" errors="0" timestamp="2021-06-07T02:06:01" hostname="runner-cs1zem-v-project-47-concurrent-0" time="0.584">
  <properties/>
  <testcase name="testList()" classname="com.cedarsoft.commons.test.CustomerTest" time="0.269"/>
  <testcase name="testListeners()" classname="com.cedarsoft.commons.test.CustomerTest" time="0.003"/>
  <testcase name="testSimpleBinding()" classname="com.cedarsoft.commons.test.CustomerTest" time="0.018"/>
  <testcase name="testLazyObsList()" classname="com.cedarsoft.commons.test.CustomerTest" time="0.002"/>
  <testcase name="testBasics()" classname="com.cedarsoft.commons.test.CustomerTest" time="0.277"/>
  <testcase name="testAddressValid()" classname="com.cedarsoft.commons.test.CustomerTest" time="0.01"/>
  <system-out><![CDATA[add
Change... { [com.cedarsoft.commons.test.Customer$Address@7cfa7799] added at 0 }
next <[com.cedarsoft.commons.test.Customer$Address@7cfa7799]> and removed <[]>
add
Change... { [com.cedarsoft.commons.test.Customer$Address@7cefac35] added at 1 }
next <[com.cedarsoft.commons.test.Customer$Address@7cefac35]> and removed <[]>
addAll
Change... { [com.cedarsoft.commons.test.Customer$Address@40a68edb, com.cedarsoft.commons.test.Customer$Address@6227f75, com.cedarsoft.commons.test.Customer$Address@294b9697] added at 2 }
next <[com.cedarsoft.commons.test.Customer$Address@40a68edb, com.cedarsoft.commons.test.Customer$Address@6227f75, com.cedarsoft.commons.test.Customer$Address@294b9697]> and removed <[]>
setting name
Invalidated
Changed from <> to <New Name>
name set
Changed from <false> to <true>
setting number
]]></system-out>
  <system-err><![CDATA[]]></system-err>
</testsuite>
