<?xml version="1.0" encoding="UTF-8"?>
<testsuite name="com.cedarsoft.commons.test.CustomerTest" tests="6" skipped="0" failures="0" errors="0" timestamp="2021-05-29T02:05:52" hostname="runner-cs1zem-v-project-47-concurrent-0" time="0.818">
  <properties/>
  <testcase name="testList()" classname="com.cedarsoft.commons.test.CustomerTest" time="0.351"/>
  <testcase name="testListeners()" classname="com.cedarsoft.commons.test.CustomerTest" time="0.01"/>
  <testcase name="testSimpleBinding()" classname="com.cedarsoft.commons.test.CustomerTest" time="0.004"/>
  <testcase name="testLazyObsList()" classname="com.cedarsoft.commons.test.CustomerTest" time="0.007"/>
  <testcase name="testBasics()" classname="com.cedarsoft.commons.test.CustomerTest" time="0.406"/>
  <testcase name="testAddressValid()" classname="com.cedarsoft.commons.test.CustomerTest" time="0.033"/>
  <system-out><![CDATA[add
Change... { [com.cedarsoft.commons.test.Customer$Address@27599833] added at 0 }
next <[com.cedarsoft.commons.test.Customer$Address@27599833]> and removed <[]>
add
Change... { [com.cedarsoft.commons.test.Customer$Address@6917f295] added at 1 }
next <[com.cedarsoft.commons.test.Customer$Address@6917f295]> and removed <[]>
addAll
Change... { [com.cedarsoft.commons.test.Customer$Address@33e6a11e, com.cedarsoft.commons.test.Customer$Address@7fa7548d, com.cedarsoft.commons.test.Customer$Address@14d4c34a] added at 2 }
next <[com.cedarsoft.commons.test.Customer$Address@33e6a11e, com.cedarsoft.commons.test.Customer$Address@7fa7548d, com.cedarsoft.commons.test.Customer$Address@14d4c34a]> and removed <[]>
setting name
Invalidated
Changed from <> to <New Name>
name set
Changed from <false> to <true>
setting number
]]></system-out>
  <system-err><![CDATA[]]></system-err>
</testsuite>
