<?xml version="1.0" encoding="UTF-8"?>
<testsuite name="com.cedarsoft.commons.test.CustomerTest" tests="6" skipped="0" failures="0" errors="0" timestamp="2022-02-11T03:11:29" hostname="runner-cs1zem-v-project-47-concurrent-0" time="0.121">
  <properties/>
  <testcase name="testList()" classname="com.cedarsoft.commons.test.CustomerTest" time="0.104"/>
  <testcase name="testListeners()" classname="com.cedarsoft.commons.test.CustomerTest" time="0.007"/>
  <testcase name="testSimpleBinding()" classname="com.cedarsoft.commons.test.CustomerTest" time="0.001"/>
  <testcase name="testLazyObsList()" classname="com.cedarsoft.commons.test.CustomerTest" time="0.001"/>
  <testcase name="testBasics()" classname="com.cedarsoft.commons.test.CustomerTest" time="0.004"/>
  <testcase name="testAddressValid()" classname="com.cedarsoft.commons.test.CustomerTest" time="0.001"/>
  <system-out><![CDATA[add
Change... { [com.cedarsoft.commons.test.Customer$Address@5b0d480c] added at 0 }
next <[com.cedarsoft.commons.test.Customer$Address@5b0d480c]> and removed <[]>
add
Change... { [com.cedarsoft.commons.test.Customer$Address@3f2169e9] added at 1 }
next <[com.cedarsoft.commons.test.Customer$Address@3f2169e9]> and removed <[]>
addAll
Change... { [com.cedarsoft.commons.test.Customer$Address@6689bf04, com.cedarsoft.commons.test.Customer$Address@2b9615cb, com.cedarsoft.commons.test.Customer$Address@1aea759d] added at 2 }
next <[com.cedarsoft.commons.test.Customer$Address@6689bf04, com.cedarsoft.commons.test.Customer$Address@2b9615cb, com.cedarsoft.commons.test.Customer$Address@1aea759d]> and removed <[]>
setting name
Invalidated
Changed from <> to <New Name>
name set
Changed from <false> to <true>
setting number
]]></system-out>
  <system-err><![CDATA[]]></system-err>
</testsuite>
