<?xml version="1.0" encoding="UTF-8"?>
<testsuite name="com.cedarsoft.commons.javafx.BidirectionalBindingTest" tests="3" skipped="0" failures="0" errors="0" timestamp="2022-02-05T03:10:59" hostname="runner-cs1zem-v-project-47-concurrent-0" time="0.101">
  <properties/>
  <testcase name="bindBidirectional()" classname="com.cedarsoft.commons.javafx.BidirectionalBindingTest" time="0.077"/>
  <testcase name="testWithConverter()" classname="com.cedarsoft.commons.javafx.BidirectionalBindingTest" time="0.017"/>
  <testcase name="testBuilder()" classname="com.cedarsoft.commons.javafx.BidirectionalBindingTest" time="0.005"/>
  <system-out><![CDATA[]]></system-out>
  <system-err><![CDATA[]]></system-err>
</testsuite>
