<?xml version="1.0" encoding="UTF-8"?>
<testsuite name="com.cedarsoft.commons.test.CustomerTest" tests="6" skipped="0" failures="0" errors="0" timestamp="2021-05-31T02:06:10" hostname="runner-cs1zem-v-project-47-concurrent-0" time="0.567">
  <properties/>
  <testcase name="testList()" classname="com.cedarsoft.commons.test.CustomerTest" time="0.261"/>
  <testcase name="testListeners()" classname="com.cedarsoft.commons.test.CustomerTest" time="0.005"/>
  <testcase name="testSimpleBinding()" classname="com.cedarsoft.commons.test.CustomerTest" time="0.001"/>
  <testcase name="testLazyObsList()" classname="com.cedarsoft.commons.test.CustomerTest" time="0.005"/>
  <testcase name="testBasics()" classname="com.cedarsoft.commons.test.CustomerTest" time="0.284"/>
  <testcase name="testAddressValid()" classname="com.cedarsoft.commons.test.CustomerTest" time="0.003"/>
  <system-out><![CDATA[add
Change... { [com.cedarsoft.commons.test.Customer$Address@7f5e577b] added at 0 }
next <[com.cedarsoft.commons.test.Customer$Address@7f5e577b]> and removed <[]>
add
Change... { [com.cedarsoft.commons.test.Customer$Address@e243dcd] added at 1 }
next <[com.cedarsoft.commons.test.Customer$Address@e243dcd]> and removed <[]>
addAll
Change... { [com.cedarsoft.commons.test.Customer$Address@6a35dac4, com.cedarsoft.commons.test.Customer$Address@73156231, com.cedarsoft.commons.test.Customer$Address@7efd16a7] added at 2 }
next <[com.cedarsoft.commons.test.Customer$Address@6a35dac4, com.cedarsoft.commons.test.Customer$Address@73156231, com.cedarsoft.commons.test.Customer$Address@7efd16a7]> and removed <[]>
setting name
Invalidated
Changed from <> to <New Name>
name set
Changed from <false> to <true>
setting number
]]></system-out>
  <system-err><![CDATA[]]></system-err>
</testsuite>
