<?xml version="1.0" encoding="UTF-8"?>
<testsuite name="com.cedarsoft.commons.test.CustomerTest" tests="6" skipped="0" failures="0" errors="0" timestamp="2021-01-30T03:21:13" hostname="runner-cs1zem-v-project-47-concurrent-0" time="0.575">
  <properties/>
  <testcase name="testList()" classname="com.cedarsoft.commons.test.CustomerTest" time="0.287"/>
  <testcase name="testListeners()" classname="com.cedarsoft.commons.test.CustomerTest" time="0.006"/>
  <testcase name="testSimpleBinding()" classname="com.cedarsoft.commons.test.CustomerTest" time="0.002"/>
  <testcase name="testLazyObsList()" classname="com.cedarsoft.commons.test.CustomerTest" time="0.003"/>
  <testcase name="testBasics()" classname="com.cedarsoft.commons.test.CustomerTest" time="0.254"/>
  <testcase name="testAddressValid()" classname="com.cedarsoft.commons.test.CustomerTest" time="0.006"/>
  <system-out><![CDATA[add
Change... { [com.cedarsoft.commons.test.Customer$Address@1b32128a] added at 0 }
next <[com.cedarsoft.commons.test.Customer$Address@1b32128a]> and removed <[]>
add
Change... { [com.cedarsoft.commons.test.Customer$Address@4d12336e] added at 1 }
next <[com.cedarsoft.commons.test.Customer$Address@4d12336e]> and removed <[]>
addAll
Change... { [com.cedarsoft.commons.test.Customer$Address@4021f294, com.cedarsoft.commons.test.Customer$Address@3021090e, com.cedarsoft.commons.test.Customer$Address@3b8cfbc2] added at 2 }
next <[com.cedarsoft.commons.test.Customer$Address@4021f294, com.cedarsoft.commons.test.Customer$Address@3021090e, com.cedarsoft.commons.test.Customer$Address@3b8cfbc2]> and removed <[]>
setting name
Invalidated
Changed from <> to <New Name>
name set
Changed from <false> to <true>
setting number
]]></system-out>
  <system-err><![CDATA[]]></system-err>
</testsuite>
