<?xml version="1.0" encoding="UTF-8"?>
<testsuite name="com.cedarsoft.commons.test.CustomerTest" tests="6" skipped="0" failures="0" errors="0" timestamp="2021-08-04T02:06:22" hostname="runner-cs1zem-v-project-47-concurrent-0" time="0.346">
  <properties/>
  <testcase name="testList()" classname="com.cedarsoft.commons.test.CustomerTest" time="0.168"/>
  <testcase name="testListeners()" classname="com.cedarsoft.commons.test.CustomerTest" time="0.009"/>
  <testcase name="testSimpleBinding()" classname="com.cedarsoft.commons.test.CustomerTest" time="0.001"/>
  <testcase name="testLazyObsList()" classname="com.cedarsoft.commons.test.CustomerTest" time="0.002"/>
  <testcase name="testBasics()" classname="com.cedarsoft.commons.test.CustomerTest" time="0.158"/>
  <testcase name="testAddressValid()" classname="com.cedarsoft.commons.test.CustomerTest" time="0.005"/>
  <system-out><![CDATA[add
Change... { [com.cedarsoft.commons.test.Customer$Address@6574690d] added at 0 }
next <[com.cedarsoft.commons.test.Customer$Address@6574690d]> and removed <[]>
add
Change... { [com.cedarsoft.commons.test.Customer$Address@1c5c6fb2] added at 1 }
next <[com.cedarsoft.commons.test.Customer$Address@1c5c6fb2]> and removed <[]>
addAll
Change... { [com.cedarsoft.commons.test.Customer$Address@5e8af973, com.cedarsoft.commons.test.Customer$Address@1da22edf, com.cedarsoft.commons.test.Customer$Address@5bd80067] added at 2 }
next <[com.cedarsoft.commons.test.Customer$Address@5e8af973, com.cedarsoft.commons.test.Customer$Address@1da22edf, com.cedarsoft.commons.test.Customer$Address@5bd80067]> and removed <[]>
setting name
Invalidated
Changed from <> to <New Name>
name set
Changed from <false> to <true>
setting number
]]></system-out>
  <system-err><![CDATA[]]></system-err>
</testsuite>
