<?xml version="1.0" encoding="UTF-8"?>
<testsuite name="com.cedarsoft.commons.test.CustomerTest" tests="6" skipped="0" failures="0" errors="0" timestamp="2021-04-01T02:05:30" hostname="runner-cs1zem-v-project-47-concurrent-0" time="0.721">
  <properties/>
  <testcase name="testList()" classname="com.cedarsoft.commons.test.CustomerTest" time="0.358"/>
  <testcase name="testListeners()" classname="com.cedarsoft.commons.test.CustomerTest" time="0.012"/>
  <testcase name="testSimpleBinding()" classname="com.cedarsoft.commons.test.CustomerTest" time="0.004"/>
  <testcase name="testLazyObsList()" classname="com.cedarsoft.commons.test.CustomerTest" time="0.002"/>
  <testcase name="testBasics()" classname="com.cedarsoft.commons.test.CustomerTest" time="0.318"/>
  <testcase name="testAddressValid()" classname="com.cedarsoft.commons.test.CustomerTest" time="0.004"/>
  <system-out><![CDATA[add
Change... { [com.cedarsoft.commons.test.Customer$Address@c905f05] added at 0 }
next <[com.cedarsoft.commons.test.Customer$Address@c905f05]> and removed <[]>
add
Change... { [com.cedarsoft.commons.test.Customer$Address@6117d570] added at 1 }
next <[com.cedarsoft.commons.test.Customer$Address@6117d570]> and removed <[]>
addAll
Change... { [com.cedarsoft.commons.test.Customer$Address@1a741f43, com.cedarsoft.commons.test.Customer$Address@a0d89b7, com.cedarsoft.commons.test.Customer$Address@4eb8784] added at 2 }
next <[com.cedarsoft.commons.test.Customer$Address@1a741f43, com.cedarsoft.commons.test.Customer$Address@a0d89b7, com.cedarsoft.commons.test.Customer$Address@4eb8784]> and removed <[]>
setting name
Invalidated
Changed from <> to <New Name>
name set
Changed from <false> to <true>
setting number
]]></system-out>
  <system-err><![CDATA[]]></system-err>
</testsuite>
