<?xml version="1.0" encoding="UTF-8"?>
<testsuite name="com.cedarsoft.commons.test.CustomerTest" tests="6" skipped="0" failures="0" errors="0" timestamp="2021-07-21T02:07:57" hostname="runner-kggansxr-project-47-concurrent-0" time="0.944">
  <properties/>
  <testcase name="testList()" classname="com.cedarsoft.commons.test.CustomerTest" time="0.404"/>
  <testcase name="testListeners()" classname="com.cedarsoft.commons.test.CustomerTest" time="0.012"/>
  <testcase name="testSimpleBinding()" classname="com.cedarsoft.commons.test.CustomerTest" time="0.004"/>
  <testcase name="testLazyObsList()" classname="com.cedarsoft.commons.test.CustomerTest" time="0.006"/>
  <testcase name="testBasics()" classname="com.cedarsoft.commons.test.CustomerTest" time="0.5"/>
  <testcase name="testAddressValid()" classname="com.cedarsoft.commons.test.CustomerTest" time="0.009"/>
  <system-out><![CDATA[add
Change... { [com.cedarsoft.commons.test.Customer$Address@6dd39ec9] added at 0 }
next <[com.cedarsoft.commons.test.Customer$Address@6dd39ec9]> and removed <[]>
add
Change... { [com.cedarsoft.commons.test.Customer$Address@493c1fc2] added at 1 }
next <[com.cedarsoft.commons.test.Customer$Address@493c1fc2]> and removed <[]>
addAll
Change... { [com.cedarsoft.commons.test.Customer$Address@6e706ea1, com.cedarsoft.commons.test.Customer$Address@433f8cb, com.cedarsoft.commons.test.Customer$Address@75e70b52] added at 2 }
next <[com.cedarsoft.commons.test.Customer$Address@6e706ea1, com.cedarsoft.commons.test.Customer$Address@433f8cb, com.cedarsoft.commons.test.Customer$Address@75e70b52]> and removed <[]>
setting name
Invalidated
Changed from <> to <New Name>
name set
Changed from <false> to <true>
setting number
]]></system-out>
  <system-err><![CDATA[]]></system-err>
</testsuite>
