<?xml version="1.0" encoding="UTF-8"?>
<testsuite name="com.cedarsoft.commons.javafx.BidirectionalBindingTest" tests="3" skipped="0" failures="0" errors="0" timestamp="2022-01-13T03:09:40" hostname="runner-ioxloixu-project-47-concurrent-0" time="0.056">
  <properties/>
  <testcase name="bindBidirectional()" classname="com.cedarsoft.commons.javafx.BidirectionalBindingTest" time="0.03"/>
  <testcase name="testWithConverter()" classname="com.cedarsoft.commons.javafx.BidirectionalBindingTest" time="0.012"/>
  <testcase name="testBuilder()" classname="com.cedarsoft.commons.javafx.BidirectionalBindingTest" time="0.012"/>
  <system-out><![CDATA[]]></system-out>
  <system-err><![CDATA[]]></system-err>
</testsuite>
