<?xml version="1.0" encoding="UTF-8"?>
<testsuite name="com.cedarsoft.commons.javafx.JavaFxTimerTest" tests="3" skipped="0" failures="0" errors="0" timestamp="2021-08-04T02:06:25" hostname="runner-cs1zem-v-project-47-concurrent-0" time="0.794">
  <properties/>
  <testcase name="testDelay()" classname="com.cedarsoft.commons.javafx.JavaFxTimerTest" time="0.348"/>
  <testcase name="testEmptyTimeLine()" classname="com.cedarsoft.commons.javafx.JavaFxTimerTest" time="0.225"/>
  <testcase name="testEmptyTimeline()" classname="com.cedarsoft.commons.javafx.JavaFxTimerTest" time="0.22"/>
  <system-out><![CDATA[]]></system-out>
  <system-err><![CDATA[]]></system-err>
</testsuite>
