<?xml version="1.0" encoding="UTF-8"?>
<testsuite name="com.cedarsoft.commons.javafx.BidirectionalBindingTest" tests="1" skipped="0" failures="0" errors="0" timestamp="2021-01-29T03:21:01" hostname="runner-cs1zem-v-project-47-concurrent-0" time="0.062">
  <properties/>
  <testcase name="bindBidirectional()" classname="com.cedarsoft.commons.javafx.BidirectionalBindingTest" time="0.062"/>
  <system-out><![CDATA[]]></system-out>
  <system-err><![CDATA[]]></system-err>
</testsuite>
