<?xml version="1.0" encoding="UTF-8"?>
<testsuite name="com.cedarsoft.commons.javafx.TimelineSupportTest" tests="1" skipped="0" failures="0" errors="0" timestamp="2021-10-18T02:07:03" hostname="runner-cs1zem-v-project-47-concurrent-0" time="0.806">
  <properties/>
  <testcase name="testDispose()" classname="com.cedarsoft.commons.javafx.TimelineSupportTest" time="0.806"/>
  <system-out><![CDATA[]]></system-out>
  <system-err><![CDATA[]]></system-err>
</testsuite>
