<?xml version="1.0" encoding="UTF-8"?>
<testsuite name="com.cedarsoft.commons.javafx.BidirectionalBindingKotlinTest" tests="2" skipped="0" failures="0" errors="0" timestamp="2022-02-10T17:16:28" hostname="runner-ioxloixu-project-47-concurrent-1" time="0.035">
  <properties/>
  <testcase name="testBinding()" classname="com.cedarsoft.commons.javafx.BidirectionalBindingKotlinTest" time="0.012"/>
  <testcase name="testBooleanEnum()" classname="com.cedarsoft.commons.javafx.BidirectionalBindingKotlinTest" time="0.021"/>
  <system-out><![CDATA[]]></system-out>
  <system-err><![CDATA[]]></system-err>
</testsuite>
