<?xml version="1.0" encoding="UTF-8"?>
<testsuite name="com.cedarsoft.commons.test.CustomerTest" tests="6" skipped="0" failures="0" errors="0" timestamp="2021-08-13T02:08:24" hostname="runner-kggansxr-project-47-concurrent-0" time="0.991">
  <properties/>
  <testcase name="testList()" classname="com.cedarsoft.commons.test.CustomerTest" time="0.463"/>
  <testcase name="testListeners()" classname="com.cedarsoft.commons.test.CustomerTest" time="0.022"/>
  <testcase name="testSimpleBinding()" classname="com.cedarsoft.commons.test.CustomerTest" time="0.003"/>
  <testcase name="testLazyObsList()" classname="com.cedarsoft.commons.test.CustomerTest" time="0.011"/>
  <testcase name="testBasics()" classname="com.cedarsoft.commons.test.CustomerTest" time="0.467"/>
  <testcase name="testAddressValid()" classname="com.cedarsoft.commons.test.CustomerTest" time="0.011"/>
  <system-out><![CDATA[add
Change... { [com.cedarsoft.commons.test.Customer$Address@46a2ba6c] added at 0 }
next <[com.cedarsoft.commons.test.Customer$Address@46a2ba6c]> and removed <[]>
add
Change... { [com.cedarsoft.commons.test.Customer$Address@50881e91] added at 1 }
next <[com.cedarsoft.commons.test.Customer$Address@50881e91]> and removed <[]>
addAll
Change... { [com.cedarsoft.commons.test.Customer$Address@58f0c217, com.cedarsoft.commons.test.Customer$Address@4c2e60b4, com.cedarsoft.commons.test.Customer$Address@1f0cc287] added at 2 }
next <[com.cedarsoft.commons.test.Customer$Address@58f0c217, com.cedarsoft.commons.test.Customer$Address@4c2e60b4, com.cedarsoft.commons.test.Customer$Address@1f0cc287]> and removed <[]>
setting name
Invalidated
Changed from <> to <New Name>
name set
Changed from <false> to <true>
setting number
]]></system-out>
  <system-err><![CDATA[]]></system-err>
</testsuite>
