<?xml version="1.0" encoding="UTF-8"?>
<testsuite name="com.cedarsoft.commons.javafx.properties.WeakListenersTest" tests="1" skipped="0" failures="0" errors="0" timestamp="2022-01-18T03:10:04" hostname="runner-ioxloixu-project-47-concurrent-0" time="0.601">
  <properties/>
  <testcase name="testConsume$javafx()" classname="com.cedarsoft.commons.javafx.properties.WeakListenersTest" time="0.601"/>
  <system-out><![CDATA[]]></system-out>
  <system-err><![CDATA[]]></system-err>
</testsuite>
