<?xml version="1.0" encoding="UTF-8"?>
<testsuite name="com.cedarsoft.commons.test.CustomerTest" tests="6" skipped="0" failures="0" errors="0" timestamp="2021-07-31T02:06:32" hostname="runner-cs1zem-v-project-47-concurrent-0" time="0.394">
  <properties/>
  <testcase name="testList()" classname="com.cedarsoft.commons.test.CustomerTest" time="0.159"/>
  <testcase name="testListeners()" classname="com.cedarsoft.commons.test.CustomerTest" time="0.013"/>
  <testcase name="testSimpleBinding()" classname="com.cedarsoft.commons.test.CustomerTest" time="0.001"/>
  <testcase name="testLazyObsList()" classname="com.cedarsoft.commons.test.CustomerTest" time="0.001"/>
  <testcase name="testBasics()" classname="com.cedarsoft.commons.test.CustomerTest" time="0.212"/>
  <testcase name="testAddressValid()" classname="com.cedarsoft.commons.test.CustomerTest" time="0.003"/>
  <system-out><![CDATA[add
Change... { [com.cedarsoft.commons.test.Customer$Address@147a39da] added at 0 }
next <[com.cedarsoft.commons.test.Customer$Address@147a39da]> and removed <[]>
add
Change... { [com.cedarsoft.commons.test.Customer$Address@37490fc1] added at 1 }
next <[com.cedarsoft.commons.test.Customer$Address@37490fc1]> and removed <[]>
addAll
Change... { [com.cedarsoft.commons.test.Customer$Address@40d7764d, com.cedarsoft.commons.test.Customer$Address@5a6b128e, com.cedarsoft.commons.test.Customer$Address@1f9a44f0] added at 2 }
next <[com.cedarsoft.commons.test.Customer$Address@40d7764d, com.cedarsoft.commons.test.Customer$Address@5a6b128e, com.cedarsoft.commons.test.Customer$Address@1f9a44f0]> and removed <[]>
setting name
Invalidated
Changed from <> to <New Name>
name set
Changed from <false> to <true>
setting number
]]></system-out>
  <system-err><![CDATA[]]></system-err>
</testsuite>
