<?xml version="1.0" encoding="UTF-8"?>
<testsuite name="com.cedarsoft.commons.test.CustomerTest" tests="6" skipped="0" failures="0" errors="0" timestamp="2021-01-28T03:21:05" hostname="runner-cs1zem-v-project-47-concurrent-0" time="0.532">
  <properties/>
  <testcase name="testList()" classname="com.cedarsoft.commons.test.CustomerTest" time="0.247"/>
  <testcase name="testListeners()" classname="com.cedarsoft.commons.test.CustomerTest" time="0.006"/>
  <testcase name="testSimpleBinding()" classname="com.cedarsoft.commons.test.CustomerTest" time="0.002"/>
  <testcase name="testLazyObsList()" classname="com.cedarsoft.commons.test.CustomerTest" time="0.007"/>
  <testcase name="testBasics()" classname="com.cedarsoft.commons.test.CustomerTest" time="0.231"/>
  <testcase name="testAddressValid()" classname="com.cedarsoft.commons.test.CustomerTest" time="0.003"/>
  <system-out><![CDATA[add
Change... { [com.cedarsoft.commons.test.Customer$Address@2bb12ed6] added at 0 }
next <[com.cedarsoft.commons.test.Customer$Address@2bb12ed6]> and removed <[]>
add
Change... { [com.cedarsoft.commons.test.Customer$Address@569ff4c5] added at 1 }
next <[com.cedarsoft.commons.test.Customer$Address@569ff4c5]> and removed <[]>
addAll
Change... { [com.cedarsoft.commons.test.Customer$Address@52240339, com.cedarsoft.commons.test.Customer$Address@261d35a6, com.cedarsoft.commons.test.Customer$Address@4f8782d] added at 2 }
next <[com.cedarsoft.commons.test.Customer$Address@52240339, com.cedarsoft.commons.test.Customer$Address@261d35a6, com.cedarsoft.commons.test.Customer$Address@4f8782d]> and removed <[]>
setting name
Invalidated
Changed from <> to <New Name>
name set
Changed from <false> to <true>
setting number
]]></system-out>
  <system-err><![CDATA[]]></system-err>
</testsuite>
