<?xml version="1.0" encoding="UTF-8"?>
<testsuite name="com.cedarsoft.commons.javafx.MappedListTest" tests="3" skipped="0" failures="0" errors="0" timestamp="2021-02-12T03:22:27" hostname="runner-pgnkb89--project-47-concurrent-0" time="0.04">
  <properties/>
  <testcase name="remove" classname="com.cedarsoft.commons.javafx.MappedListTest" time="0.026"/>
  <testcase name="add" classname="com.cedarsoft.commons.javafx.MappedListTest" time="0.0"/>
  <testcase name="replace" classname="com.cedarsoft.commons.javafx.MappedListTest" time="0.013"/>
  <system-out><![CDATA[]]></system-out>
  <system-err><![CDATA[]]></system-err>
</testsuite>
