<?xml version="1.0" encoding="UTF-8"?>
<testsuite name="com.cedarsoft.commons.test.CustomerTest" tests="6" skipped="0" failures="0" errors="0" timestamp="2021-03-21T03:06:46" hostname="runner-kggansxr-project-47-concurrent-0" time="1.119">
  <properties/>
  <testcase name="testList()" classname="com.cedarsoft.commons.test.CustomerTest" time="0.571"/>
  <testcase name="testListeners()" classname="com.cedarsoft.commons.test.CustomerTest" time="0.028"/>
  <testcase name="testSimpleBinding()" classname="com.cedarsoft.commons.test.CustomerTest" time="0.003"/>
  <testcase name="testLazyObsList()" classname="com.cedarsoft.commons.test.CustomerTest" time="0.004"/>
  <testcase name="testBasics()" classname="com.cedarsoft.commons.test.CustomerTest" time="0.462"/>
  <testcase name="testAddressValid()" classname="com.cedarsoft.commons.test.CustomerTest" time="0.029"/>
  <system-out><![CDATA[add
Change... { [com.cedarsoft.commons.test.Customer$Address@206f0ff8] added at 0 }
next <[com.cedarsoft.commons.test.Customer$Address@206f0ff8]> and removed <[]>
add
Change... { [com.cedarsoft.commons.test.Customer$Address@25de3071] added at 1 }
next <[com.cedarsoft.commons.test.Customer$Address@25de3071]> and removed <[]>
addAll
Change... { [com.cedarsoft.commons.test.Customer$Address@6eb0f050, com.cedarsoft.commons.test.Customer$Address@54fb4abb, com.cedarsoft.commons.test.Customer$Address@cb38f13] added at 2 }
next <[com.cedarsoft.commons.test.Customer$Address@6eb0f050, com.cedarsoft.commons.test.Customer$Address@54fb4abb, com.cedarsoft.commons.test.Customer$Address@cb38f13]> and removed <[]>
setting name
Invalidated
Changed from <> to <New Name>
name set
Changed from <false> to <true>
setting number
]]></system-out>
  <system-err><![CDATA[]]></system-err>
</testsuite>
