<?xml version="1.0" encoding="UTF-8"?>
<testsuite name="com.cedarsoft.commons.javafx.TimelineSupportTest" tests="1" skipped="0" failures="0" errors="0" timestamp="2022-01-14T03:10:28" hostname="runner-ioxloixu-project-47-concurrent-0" time="0.218">
  <properties/>
  <testcase name="testDispose()" classname="com.cedarsoft.commons.javafx.TimelineSupportTest" time="0.218"/>
  <system-out><![CDATA[]]></system-out>
  <system-err><![CDATA[]]></system-err>
</testsuite>
