<?xml version="1.0" encoding="UTF-8"?>
<testsuite name="com.cedarsoft.commons.test.CustomerTest" tests="6" skipped="0" failures="0" errors="0" timestamp="2021-11-29T03:10:01" hostname="runner-ioxloixu-project-47-concurrent-0" time="0.146">
  <properties/>
  <testcase name="testList()" classname="com.cedarsoft.commons.test.CustomerTest" time="0.114"/>
  <testcase name="testListeners()" classname="com.cedarsoft.commons.test.CustomerTest" time="0.006"/>
  <testcase name="testSimpleBinding()" classname="com.cedarsoft.commons.test.CustomerTest" time="0.003"/>
  <testcase name="testLazyObsList()" classname="com.cedarsoft.commons.test.CustomerTest" time="0.002"/>
  <testcase name="testBasics()" classname="com.cedarsoft.commons.test.CustomerTest" time="0.001"/>
  <testcase name="testAddressValid()" classname="com.cedarsoft.commons.test.CustomerTest" time="0.004"/>
  <system-out><![CDATA[add
Change... { [com.cedarsoft.commons.test.Customer$Address@67aaf882] added at 0 }
next <[com.cedarsoft.commons.test.Customer$Address@67aaf882]> and removed <[]>
add
Change... { [com.cedarsoft.commons.test.Customer$Address@6efc9d3f] added at 1 }
next <[com.cedarsoft.commons.test.Customer$Address@6efc9d3f]> and removed <[]>
addAll
Change... { [com.cedarsoft.commons.test.Customer$Address@294bb6ae, com.cedarsoft.commons.test.Customer$Address@4172c967, com.cedarsoft.commons.test.Customer$Address@71ac5723] added at 2 }
next <[com.cedarsoft.commons.test.Customer$Address@294bb6ae, com.cedarsoft.commons.test.Customer$Address@4172c967, com.cedarsoft.commons.test.Customer$Address@71ac5723]> and removed <[]>
setting name
Invalidated
Changed from <> to <New Name>
name set
Changed from <false> to <true>
setting number
]]></system-out>
  <system-err><![CDATA[]]></system-err>
</testsuite>
