<?xml version="1.0" encoding="UTF-8"?>
<testsuite name="com.cedarsoft.commons.test.CustomerTest" tests="6" skipped="0" failures="0" errors="0" timestamp="2021-03-08T03:05:37" hostname="runner-cs1zem-v-project-47-concurrent-0" time="0.685">
  <properties/>
  <testcase name="testList()" classname="com.cedarsoft.commons.test.CustomerTest" time="0.236"/>
  <testcase name="testListeners()" classname="com.cedarsoft.commons.test.CustomerTest" time="0.023"/>
  <testcase name="testSimpleBinding()" classname="com.cedarsoft.commons.test.CustomerTest" time="0.017"/>
  <testcase name="testLazyObsList()" classname="com.cedarsoft.commons.test.CustomerTest" time="0.003"/>
  <testcase name="testBasics()" classname="com.cedarsoft.commons.test.CustomerTest" time="0.38"/>
  <testcase name="testAddressValid()" classname="com.cedarsoft.commons.test.CustomerTest" time="0.003"/>
  <system-out><![CDATA[add
Change... { [com.cedarsoft.commons.test.Customer$Address@383d1f11] added at 0 }
next <[com.cedarsoft.commons.test.Customer$Address@383d1f11]> and removed <[]>
add
Change... { [com.cedarsoft.commons.test.Customer$Address@4f6fcd3] added at 1 }
next <[com.cedarsoft.commons.test.Customer$Address@4f6fcd3]> and removed <[]>
addAll
Change... { [com.cedarsoft.commons.test.Customer$Address@cec4760, com.cedarsoft.commons.test.Customer$Address@454cabfb, com.cedarsoft.commons.test.Customer$Address@1559f1d4] added at 2 }
next <[com.cedarsoft.commons.test.Customer$Address@cec4760, com.cedarsoft.commons.test.Customer$Address@454cabfb, com.cedarsoft.commons.test.Customer$Address@1559f1d4]> and removed <[]>
setting name
Invalidated
Changed from <> to <New Name>
name set
Changed from <false> to <true>
setting number
]]></system-out>
  <system-err><![CDATA[]]></system-err>
</testsuite>
