<?xml version="1.0" encoding="UTF-8"?>
<testsuite name="com.cedarsoft.commons.test.CustomerTest" tests="6" skipped="0" failures="0" errors="0" timestamp="2022-01-04T03:10:45" hostname="runner-cs1zem-v-project-47-concurrent-0" time="0.216">
  <properties/>
  <testcase name="testList()" classname="com.cedarsoft.commons.test.CustomerTest" time="0.181"/>
  <testcase name="testListeners()" classname="com.cedarsoft.commons.test.CustomerTest" time="0.015"/>
  <testcase name="testSimpleBinding()" classname="com.cedarsoft.commons.test.CustomerTest" time="0.001"/>
  <testcase name="testLazyObsList()" classname="com.cedarsoft.commons.test.CustomerTest" time="0.002"/>
  <testcase name="testBasics()" classname="com.cedarsoft.commons.test.CustomerTest" time="0.001"/>
  <testcase name="testAddressValid()" classname="com.cedarsoft.commons.test.CustomerTest" time="0.006"/>
  <system-out><![CDATA[add
Change... { [com.cedarsoft.commons.test.Customer$Address@2adce412] added at 0 }
next <[com.cedarsoft.commons.test.Customer$Address@2adce412]> and removed <[]>
add
Change... { [com.cedarsoft.commons.test.Customer$Address@629cf53c] added at 1 }
next <[com.cedarsoft.commons.test.Customer$Address@629cf53c]> and removed <[]>
addAll
Change... { [com.cedarsoft.commons.test.Customer$Address@6d84ab90, com.cedarsoft.commons.test.Customer$Address@3182143c, com.cedarsoft.commons.test.Customer$Address@7cb38a6a] added at 2 }
next <[com.cedarsoft.commons.test.Customer$Address@6d84ab90, com.cedarsoft.commons.test.Customer$Address@3182143c, com.cedarsoft.commons.test.Customer$Address@7cb38a6a]> and removed <[]>
setting name
Invalidated
Changed from <> to <New Name>
name set
Changed from <false> to <true>
setting number
]]></system-out>
  <system-err><![CDATA[]]></system-err>
</testsuite>
