<?xml version="1.0" encoding="UTF-8"?>
<testsuite name="com.cedarsoft.commons.test.CustomerTest" tests="6" skipped="0" failures="0" errors="0" timestamp="2021-09-17T02:06:37" hostname="runner-cs1zem-v-project-47-concurrent-0" time="0.345">
  <properties/>
  <testcase name="testList()" classname="com.cedarsoft.commons.test.CustomerTest" time="0.184"/>
  <testcase name="testListeners()" classname="com.cedarsoft.commons.test.CustomerTest" time="0.011"/>
  <testcase name="testSimpleBinding()" classname="com.cedarsoft.commons.test.CustomerTest" time="0.001"/>
  <testcase name="testLazyObsList()" classname="com.cedarsoft.commons.test.CustomerTest" time="0.001"/>
  <testcase name="testBasics()" classname="com.cedarsoft.commons.test.CustomerTest" time="0.128"/>
  <testcase name="testAddressValid()" classname="com.cedarsoft.commons.test.CustomerTest" time="0.003"/>
  <system-out><![CDATA[add
Change... { [com.cedarsoft.commons.test.Customer$Address@308be1a3] added at 0 }
next <[com.cedarsoft.commons.test.Customer$Address@308be1a3]> and removed <[]>
add
Change... { [com.cedarsoft.commons.test.Customer$Address@32cde414] added at 1 }
next <[com.cedarsoft.commons.test.Customer$Address@32cde414]> and removed <[]>
addAll
Change... { [com.cedarsoft.commons.test.Customer$Address@e4bb10b, com.cedarsoft.commons.test.Customer$Address@178c6261, com.cedarsoft.commons.test.Customer$Address@78e50fca] added at 2 }
next <[com.cedarsoft.commons.test.Customer$Address@e4bb10b, com.cedarsoft.commons.test.Customer$Address@178c6261, com.cedarsoft.commons.test.Customer$Address@78e50fca]> and removed <[]>
setting name
Invalidated
Changed from <> to <New Name>
name set
Changed from <false> to <true>
setting number
]]></system-out>
  <system-err><![CDATA[]]></system-err>
</testsuite>
