<?xml version="1.0" encoding="UTF-8"?>
<testsuite name="com.cedarsoft.commons.test.CustomerTest" tests="6" skipped="0" failures="0" errors="0" timestamp="2021-01-26T03:21:19" hostname="runner-cs1zem-v-project-47-concurrent-0" time="0.727">
  <properties/>
  <testcase name="testList()" classname="com.cedarsoft.commons.test.CustomerTest" time="0.279"/>
  <testcase name="testListeners()" classname="com.cedarsoft.commons.test.CustomerTest" time="0.018"/>
  <testcase name="testSimpleBinding()" classname="com.cedarsoft.commons.test.CustomerTest" time="0.001"/>
  <testcase name="testLazyObsList()" classname="com.cedarsoft.commons.test.CustomerTest" time="0.001"/>
  <testcase name="testBasics()" classname="com.cedarsoft.commons.test.CustomerTest" time="0.387"/>
  <testcase name="testAddressValid()" classname="com.cedarsoft.commons.test.CustomerTest" time="0.02"/>
  <system-out><![CDATA[add
Change... { [com.cedarsoft.commons.test.Customer$Address@24aa0db0] added at 0 }
next <[com.cedarsoft.commons.test.Customer$Address@24aa0db0]> and removed <[]>
add
Change... { [com.cedarsoft.commons.test.Customer$Address@4774de3b] added at 1 }
next <[com.cedarsoft.commons.test.Customer$Address@4774de3b]> and removed <[]>
addAll
Change... { [com.cedarsoft.commons.test.Customer$Address@44375652, com.cedarsoft.commons.test.Customer$Address@2ec5afd, com.cedarsoft.commons.test.Customer$Address@76df109d] added at 2 }
next <[com.cedarsoft.commons.test.Customer$Address@44375652, com.cedarsoft.commons.test.Customer$Address@2ec5afd, com.cedarsoft.commons.test.Customer$Address@76df109d]> and removed <[]>
setting name
Invalidated
Changed from <> to <New Name>
name set
Changed from <false> to <true>
setting number
]]></system-out>
  <system-err><![CDATA[]]></system-err>
</testsuite>
