<?xml version="1.0" encoding="UTF-8"?>
<testsuite name="com.cedarsoft.commons.test.CustomerTest" tests="6" skipped="0" failures="0" errors="0" timestamp="2021-03-26T03:06:07" hostname="runner-pgnkb89--project-47-concurrent-0" time="1.297">
  <properties/>
  <testcase name="testList()" classname="com.cedarsoft.commons.test.CustomerTest" time="0.526"/>
  <testcase name="testListeners()" classname="com.cedarsoft.commons.test.CustomerTest" time="0.017"/>
  <testcase name="testSimpleBinding()" classname="com.cedarsoft.commons.test.CustomerTest" time="0.003"/>
  <testcase name="testLazyObsList()" classname="com.cedarsoft.commons.test.CustomerTest" time="0.006"/>
  <testcase name="testBasics()" classname="com.cedarsoft.commons.test.CustomerTest" time="0.698"/>
  <testcase name="testAddressValid()" classname="com.cedarsoft.commons.test.CustomerTest" time="0.015"/>
  <system-out><![CDATA[add
Change... { [com.cedarsoft.commons.test.Customer$Address@3cb09812] added at 0 }
next <[com.cedarsoft.commons.test.Customer$Address@3cb09812]> and removed <[]>
add
Change... { [com.cedarsoft.commons.test.Customer$Address@3b578074] added at 1 }
next <[com.cedarsoft.commons.test.Customer$Address@3b578074]> and removed <[]>
addAll
Change... { [com.cedarsoft.commons.test.Customer$Address@13700d99, com.cedarsoft.commons.test.Customer$Address@332076fe, com.cedarsoft.commons.test.Customer$Address@b680880] added at 2 }
next <[com.cedarsoft.commons.test.Customer$Address@13700d99, com.cedarsoft.commons.test.Customer$Address@332076fe, com.cedarsoft.commons.test.Customer$Address@b680880]> and removed <[]>
setting name
Invalidated
Changed from <> to <New Name>
name set
Changed from <false> to <true>
setting number
]]></system-out>
  <system-err><![CDATA[]]></system-err>
</testsuite>
