<?xml version="1.0" encoding="UTF-8"?>
<testsuite name="com.cedarsoft.commons.javafx.properties.KotlinFxPropertiesJavaTest" tests="1" skipped="0" failures="0" errors="0" timestamp="2021-08-08T02:08:01" hostname="runner-kggansxr-project-47-concurrent-0" time="0.354">
  <properties/>
  <testcase name="name()" classname="com.cedarsoft.commons.javafx.properties.KotlinFxPropertiesJavaTest" time="0.354"/>
  <system-out><![CDATA[]]></system-out>
  <system-err><![CDATA[]]></system-err>
</testsuite>
