<?xml version="1.0" encoding="UTF-8"?>
<testsuite name="com.cedarsoft.commons.test.CustomerTest" tests="6" skipped="0" failures="0" errors="0" timestamp="2021-03-11T03:05:25" hostname="runner-cs1zem-v-project-47-concurrent-0" time="0.927">
  <properties/>
  <testcase name="testList()" classname="com.cedarsoft.commons.test.CustomerTest" time="0.386"/>
  <testcase name="testListeners()" classname="com.cedarsoft.commons.test.CustomerTest" time="0.004"/>
  <testcase name="testSimpleBinding()" classname="com.cedarsoft.commons.test.CustomerTest" time="0.006"/>
  <testcase name="testLazyObsList()" classname="com.cedarsoft.commons.test.CustomerTest" time="0.002"/>
  <testcase name="testBasics()" classname="com.cedarsoft.commons.test.CustomerTest" time="0.47"/>
  <testcase name="testAddressValid()" classname="com.cedarsoft.commons.test.CustomerTest" time="0.006"/>
  <system-out><![CDATA[add
Change... { [com.cedarsoft.commons.test.Customer$Address@608d38de] added at 0 }
next <[com.cedarsoft.commons.test.Customer$Address@608d38de]> and removed <[]>
add
Change... { [com.cedarsoft.commons.test.Customer$Address@6043a373] added at 1 }
next <[com.cedarsoft.commons.test.Customer$Address@6043a373]> and removed <[]>
addAll
Change... { [com.cedarsoft.commons.test.Customer$Address@68b451b1, com.cedarsoft.commons.test.Customer$Address@13922cb7, com.cedarsoft.commons.test.Customer$Address@1a50add3] added at 2 }
next <[com.cedarsoft.commons.test.Customer$Address@68b451b1, com.cedarsoft.commons.test.Customer$Address@13922cb7, com.cedarsoft.commons.test.Customer$Address@1a50add3]> and removed <[]>
setting name
Invalidated
Changed from <> to <New Name>
name set
Changed from <false> to <true>
setting number
]]></system-out>
  <system-err><![CDATA[]]></system-err>
</testsuite>
