<?xml version="1.0" encoding="UTF-8"?>
<testsuite name="com.cedarsoft.serialization.demo2.MoneyTest" tests="3" skipped="0" failures="0" errors="0" timestamp="2021-06-23T02:06:15" hostname="runner-cs1zem-v-project-47-concurrent-0" time="1.751">
  <properties/>
  <testcase name="testXStreamAttribute()" classname="com.cedarsoft.serialization.demo2.MoneyTest" time="0.775"/>
  <testcase name="testXStream()" classname="com.cedarsoft.serialization.demo2.MoneyTest" time="0.614"/>
  <testcase name="testSimple()" classname="com.cedarsoft.serialization.demo2.MoneyTest" time="0.356"/>
  <system-out><![CDATA[]]></system-out>
  <system-err><![CDATA[Security framework of XStream not explicitly initialized, using predefined black list on your own risk.
Security framework of XStream not explicitly initialized, using predefined black list on your own risk.
]]></system-err>
</testsuite>
