<?xml version="1.0" encoding="UTF-8"?>
<testsuite name="com.cedarsoft.serialization.demo2.MoneyXstreamLegacyTest" tests="4" skipped="0" failures="0" errors="0" timestamp="2021-04-20T02:08:27" hostname="runner-kggansxr-project-47-concurrent-0" time="0.244">
  <properties/>
  <testcase name="testCustomConverter()" classname="com.cedarsoft.serialization.demo2.MoneyXstreamLegacyTest" time="0.129"/>
  <testcase name="testFromXml()" classname="com.cedarsoft.serialization.demo2.MoneyXstreamLegacyTest" time="0.033"/>
  <testcase name="testFromXmlLegacyFormat()" classname="com.cedarsoft.serialization.demo2.MoneyXstreamLegacyTest" time="0.038"/>
  <testcase name="testManual()" classname="com.cedarsoft.serialization.demo2.MoneyXstreamLegacyTest" time="0.029"/>
  <system-out><![CDATA[]]></system-out>
  <system-err><![CDATA[Security framework of XStream not explicitly initialized, using predefined black list on your own risk.
Security framework of XStream not explicitly initialized, using predefined black list on your own risk.
Security framework of XStream not explicitly initialized, using predefined black list on your own risk.
]]></system-err>
</testsuite>
