<?xml version="1.0" encoding="UTF-8"?>
<testsuite name="com.cedarsoft.serialization.demo1.MoneyTest" tests="5" skipped="0" failures="0" errors="0" timestamp="2021-02-01T03:21:23" hostname="runner-cs1zem-v-project-47-concurrent-0" time="0.354">
  <properties/>
  <testcase name="testPrecision()" classname="com.cedarsoft.serialization.demo1.MoneyTest" time="0.016"/>
  <testcase name="testXStreamAttribute()" classname="com.cedarsoft.serialization.demo1.MoneyTest" time="0.069"/>
  <testcase name="testXStream()" classname="com.cedarsoft.serialization.demo1.MoneyTest" time="0.082"/>
  <testcase name="testManual()" classname="com.cedarsoft.serialization.demo1.MoneyTest" time="0.074"/>
  <testcase name="testSimple()" classname="com.cedarsoft.serialization.demo1.MoneyTest" time="0.072"/>
  <system-out><![CDATA[]]></system-out>
  <system-err><![CDATA[Security framework of XStream not explicitly initialized, using predefined black list on your own risk.
Security framework of XStream not explicitly initialized, using predefined black list on your own risk.
]]></system-err>
</testsuite>
