<?xml version="1.0" encoding="UTF-8"?>
<testsuite name="com.cedarsoft.serialization.demo2.MoneyTest" tests="3" skipped="0" failures="0" errors="0" timestamp="2021-04-02T02:08:03" hostname="runner-kggansxr-project-47-concurrent-0" time="0.431">
  <properties/>
  <testcase name="testXStreamAttribute()" classname="com.cedarsoft.serialization.demo2.MoneyTest" time="0.075"/>
  <testcase name="testXStream()" classname="com.cedarsoft.serialization.demo2.MoneyTest" time="0.18"/>
  <testcase name="testSimple()" classname="com.cedarsoft.serialization.demo2.MoneyTest" time="0.141"/>
  <system-out><![CDATA[]]></system-out>
  <system-err><![CDATA[Security framework of XStream not explicitly initialized, using predefined black list on your own risk.
Security framework of XStream not explicitly initialized, using predefined black list on your own risk.
]]></system-err>
</testsuite>
