<?xml version="1.0" encoding="UTF-8"?>
<testsuite name="com.cedarsoft.serialization.demo2.MoneyTest" tests="3" skipped="0" failures="0" errors="0" timestamp="2021-07-09T02:06:47" hostname="runner-cs1zem-v-project-47-concurrent-0" time="2.002">
  <properties/>
  <testcase name="testXStreamAttribute()" classname="com.cedarsoft.serialization.demo2.MoneyTest" time="1.081"/>
  <testcase name="testXStream()" classname="com.cedarsoft.serialization.demo2.MoneyTest" time="0.545"/>
  <testcase name="testSimple()" classname="com.cedarsoft.serialization.demo2.MoneyTest" time="0.374"/>
  <system-out><![CDATA[]]></system-out>
  <system-err><![CDATA[Security framework of XStream not explicitly initialized, using predefined black list on your own risk.
Security framework of XStream not explicitly initialized, using predefined black list on your own risk.
]]></system-err>
</testsuite>
