<?xml version="1.0" encoding="UTF-8"?>
<testsuite name="com.cedarsoft.serialization.demo1.MoneyTest" tests="5" skipped="0" failures="0" errors="0" timestamp="2021-06-05T02:08:48" hostname="runner-kggansxr-project-47-concurrent-0" time="3.344">
  <properties/>
  <testcase name="testPrecision()" classname="com.cedarsoft.serialization.demo1.MoneyTest" time="1.062"/>
  <testcase name="testXStreamAttribute()" classname="com.cedarsoft.serialization.demo1.MoneyTest" time="1.251"/>
  <testcase name="testXStream()" classname="com.cedarsoft.serialization.demo1.MoneyTest" time="0.127"/>
  <testcase name="testManual()" classname="com.cedarsoft.serialization.demo1.MoneyTest" time="0.089"/>
  <testcase name="testSimple()" classname="com.cedarsoft.serialization.demo1.MoneyTest" time="0.774"/>
  <system-out><![CDATA[]]></system-out>
  <system-err><![CDATA[Security framework of XStream not explicitly initialized, using predefined black list on your own risk.
Security framework of XStream not explicitly initialized, using predefined black list on your own risk.
]]></system-err>
</testsuite>
