<?xml version="1.0" encoding="UTF-8"?>
<testsuite name="com.cedarsoft.execution.ExecutorTest" tests="5" skipped="0" failures="0" errors="0" timestamp="2021-11-27T03:09:42" hostname="runner-cs1zem-v-project-47-concurrent-0" time="4.096">
  <properties/>
  <testcase name="testAsync()" classname="com.cedarsoft.execution.ExecutorTest" time="0.527"/>
  <testcase name="testIt()" classname="com.cedarsoft.execution.ExecutorTest" time="2.329"/>
  <testcase name="testOutputRedirector()" classname="com.cedarsoft.execution.ExecutorTest" time="0.31"/>
  <testcase name="testOutput()" classname="com.cedarsoft.execution.ExecutorTest" time="0.638"/>
  <testcase name="testStreams()" classname="com.cedarsoft.execution.ExecutorTest" time="0.282"/>
  <system-out><![CDATA[]]></system-out>
  <system-err><![CDATA[]]></system-err>
</testsuite>
