<?xml version="1.0" encoding="UTF-8"?>
<testsuite name="com.cedarsoft.execution.ExecutorTest" tests="5" skipped="0" failures="0" errors="0" timestamp="2021-10-15T02:05:51" hostname="runner-cs1zem-v-project-47-concurrent-0" time="5.862">
  <properties/>
  <testcase name="testAsync()" classname="com.cedarsoft.execution.ExecutorTest" time="0.39"/>
  <testcase name="testIt()" classname="com.cedarsoft.execution.ExecutorTest" time="3.999"/>
  <testcase name="testOutputRedirector()" classname="com.cedarsoft.execution.ExecutorTest" time="0.362"/>
  <testcase name="testOutput()" classname="com.cedarsoft.execution.ExecutorTest" time="0.76"/>
  <testcase name="testStreams()" classname="com.cedarsoft.execution.ExecutorTest" time="0.34"/>
  <system-out><![CDATA[]]></system-out>
  <system-err><![CDATA[]]></system-err>
</testsuite>
