<?xml version="1.0" encoding="UTF-8"?>
<testsuite name="com.cedarsoft.execution.OutputRedirectorTest" tests="5" skipped="0" failures="0" errors="0" timestamp="2021-03-09T03:05:28" hostname="runner-cs1zem-v-project-47-concurrent-0" time="0.238">
  <properties/>
  <testcase name="testThreaded()" classname="com.cedarsoft.execution.OutputRedirectorTest" time="0.025"/>
  <testcase name="testStreamsBuffered()" classname="com.cedarsoft.execution.OutputRedirectorTest" time="0.0"/>
  <testcase name="testBlocking()" classname="com.cedarsoft.execution.OutputRedirectorTest" time="0.209"/>
  <testcase name="testDefault()" classname="com.cedarsoft.execution.OutputRedirectorTest" time="0.0"/>
  <testcase name="testStreams()" classname="com.cedarsoft.execution.OutputRedirectorTest" time="0.0"/>
  <system-out><![CDATA[]]></system-out>
  <system-err><![CDATA[]]></system-err>
</testsuite>
