<?xml version="1.0" encoding="UTF-8"?>
<testsuite name="com.cedarsoft.execution.ExecutorTest" tests="5" skipped="0" failures="0" errors="0" timestamp="2021-12-28T03:09:40" hostname="runner-ioxloixu-project-47-concurrent-0" time="3.553">
  <properties/>
  <testcase name="testAsync()" classname="com.cedarsoft.execution.ExecutorTest" time="0.457"/>
  <testcase name="testIt()" classname="com.cedarsoft.execution.ExecutorTest" time="1.786"/>
  <testcase name="testOutputRedirector()" classname="com.cedarsoft.execution.ExecutorTest" time="0.289"/>
  <testcase name="testOutput()" classname="com.cedarsoft.execution.ExecutorTest" time="0.671"/>
  <testcase name="testStreams()" classname="com.cedarsoft.execution.ExecutorTest" time="0.339"/>
  <system-out><![CDATA[]]></system-out>
  <system-err><![CDATA[]]></system-err>
</testsuite>
