<?xml version="1.0" encoding="UTF-8"?>
<testsuite name="com.cedarsoft.execution.ExecutorTest" tests="5" skipped="0" failures="0" errors="0" timestamp="2022-01-13T03:08:52" hostname="runner-ioxloixu-project-47-concurrent-0" time="4.643">
  <properties/>
  <testcase name="testAsync()" classname="com.cedarsoft.execution.ExecutorTest" time="0.583"/>
  <testcase name="testIt()" classname="com.cedarsoft.execution.ExecutorTest" time="2.711"/>
  <testcase name="testOutputRedirector()" classname="com.cedarsoft.execution.ExecutorTest" time="0.378"/>
  <testcase name="testOutput()" classname="com.cedarsoft.execution.ExecutorTest" time="0.654"/>
  <testcase name="testStreams()" classname="com.cedarsoft.execution.ExecutorTest" time="0.291"/>
  <system-out><![CDATA[]]></system-out>
  <system-err><![CDATA[]]></system-err>
</testsuite>
