<?xml version="1.0" encoding="UTF-8"?>
<testsuite name="com.cedarsoft.execution.ExecutorTest" tests="5" skipped="0" failures="0" errors="0" timestamp="2021-07-03T02:05:27" hostname="runner-cs1zem-v-project-47-concurrent-0" time="3.971">
  <properties/>
  <testcase name="testAsync()" classname="com.cedarsoft.execution.ExecutorTest" time="0.417"/>
  <testcase name="testIt()" classname="com.cedarsoft.execution.ExecutorTest" time="2.086"/>
  <testcase name="testOutputRedirector()" classname="com.cedarsoft.execution.ExecutorTest" time="0.308"/>
  <testcase name="testOutput()" classname="com.cedarsoft.execution.ExecutorTest" time="0.734"/>
  <testcase name="testStreams()" classname="com.cedarsoft.execution.ExecutorTest" time="0.412"/>
  <system-out><![CDATA[]]></system-out>
  <system-err><![CDATA[]]></system-err>
</testsuite>
