<?xml version="1.0" encoding="UTF-8"?>
<testsuite name="com.cedarsoft.execution.ExecutorTest" tests="5" skipped="0" failures="0" errors="0" timestamp="2021-10-20T02:05:54" hostname="runner-cs1zem-v-project-47-concurrent-0" time="4.019">
  <properties/>
  <testcase name="testAsync()" classname="com.cedarsoft.execution.ExecutorTest" time="0.512"/>
  <testcase name="testIt()" classname="com.cedarsoft.execution.ExecutorTest" time="2.454"/>
  <testcase name="testOutputRedirector()" classname="com.cedarsoft.execution.ExecutorTest" time="0.279"/>
  <testcase name="testOutput()" classname="com.cedarsoft.execution.ExecutorTest" time="0.54"/>
  <testcase name="testStreams()" classname="com.cedarsoft.execution.ExecutorTest" time="0.222"/>
  <system-out><![CDATA[]]></system-out>
  <system-err><![CDATA[]]></system-err>
</testsuite>
