<?xml version="1.0" encoding="UTF-8"?>
<testsuite name="com.cedarsoft.execution.ExecutorTest" tests="5" skipped="0" failures="0" errors="0" timestamp="2021-12-07T03:29:00" hostname="runner-cs1zem-v-project-47-concurrent-0" time="5.041">
  <properties/>
  <testcase name="testAsync()" classname="com.cedarsoft.execution.ExecutorTest" time="0.661"/>
  <testcase name="testIt()" classname="com.cedarsoft.execution.ExecutorTest" time="2.879"/>
  <testcase name="testOutputRedirector()" classname="com.cedarsoft.execution.ExecutorTest" time="0.345"/>
  <testcase name="testOutput()" classname="com.cedarsoft.execution.ExecutorTest" time="0.829"/>
  <testcase name="testStreams()" classname="com.cedarsoft.execution.ExecutorTest" time="0.306"/>
  <system-out><![CDATA[]]></system-out>
  <system-err><![CDATA[]]></system-err>
</testsuite>
