<?xml version="1.0" encoding="UTF-8"?>
<testsuite name="com.cedarsoft.execution.ExecutorTest" tests="5" skipped="0" failures="0" errors="0" timestamp="2022-02-03T03:09:46" hostname="runner-ioxloixu-project-47-concurrent-0" time="4.395">
  <properties/>
  <testcase name="testAsync()" classname="com.cedarsoft.execution.ExecutorTest" time="0.41"/>
  <testcase name="testIt()" classname="com.cedarsoft.execution.ExecutorTest" time="2.674"/>
  <testcase name="testOutputRedirector()" classname="com.cedarsoft.execution.ExecutorTest" time="0.342"/>
  <testcase name="testOutput()" classname="com.cedarsoft.execution.ExecutorTest" time="0.654"/>
  <testcase name="testStreams()" classname="com.cedarsoft.execution.ExecutorTest" time="0.308"/>
  <system-out><![CDATA[]]></system-out>
  <system-err><![CDATA[]]></system-err>
</testsuite>
