<?xml version="1.0" encoding="UTF-8"?>
<testsuite name="com.cedarsoft.execution.ExecutorTest" tests="5" skipped="0" failures="0" errors="0" timestamp="2021-02-26T03:21:26" hostname="runner-cs1zem-v-project-47-concurrent-0" time="4.528">
  <properties/>
  <testcase name="testAsync()" classname="com.cedarsoft.execution.ExecutorTest" time="0.362"/>
  <testcase name="testIt()" classname="com.cedarsoft.execution.ExecutorTest" time="2.442"/>
  <testcase name="testOutputRedirector()" classname="com.cedarsoft.execution.ExecutorTest" time="0.464"/>
  <testcase name="testOutput()" classname="com.cedarsoft.execution.ExecutorTest" time="0.881"/>
  <testcase name="testStreams()" classname="com.cedarsoft.execution.ExecutorTest" time="0.358"/>
  <system-out><![CDATA[]]></system-out>
  <system-err><![CDATA[]]></system-err>
</testsuite>
