<?xml version="1.0" encoding="UTF-8"?>
<testsuite name="com.cedarsoft.execution.OutputRedirectorTest" tests="5" skipped="0" failures="0" errors="0" timestamp="2021-03-21T03:06:28" hostname="runner-kggansxr-project-47-concurrent-0" time="0.241">
  <properties/>
  <testcase name="testThreaded()" classname="com.cedarsoft.execution.OutputRedirectorTest" time="0.026"/>
  <testcase name="testStreamsBuffered()" classname="com.cedarsoft.execution.OutputRedirectorTest" time="0.001"/>
  <testcase name="testBlocking()" classname="com.cedarsoft.execution.OutputRedirectorTest" time="0.208"/>
  <testcase name="testDefault()" classname="com.cedarsoft.execution.OutputRedirectorTest" time="0.002"/>
  <testcase name="testStreams()" classname="com.cedarsoft.execution.OutputRedirectorTest" time="0.001"/>
  <system-out><![CDATA[]]></system-out>
  <system-err><![CDATA[]]></system-err>
</testsuite>
