<?xml version="1.0" encoding="UTF-8"?>
<testsuite name="com.cedarsoft.execution.ExecutorTest" tests="5" skipped="0" failures="0" errors="0" timestamp="2021-12-03T03:09:24" hostname="runner-ioxloixu-project-47-concurrent-0" time="3.734">
  <properties/>
  <testcase name="testAsync()" classname="com.cedarsoft.execution.ExecutorTest" time="0.408"/>
  <testcase name="testIt()" classname="com.cedarsoft.execution.ExecutorTest" time="1.773"/>
  <testcase name="testOutputRedirector()" classname="com.cedarsoft.execution.ExecutorTest" time="0.315"/>
  <testcase name="testOutput()" classname="com.cedarsoft.execution.ExecutorTest" time="0.885"/>
  <testcase name="testStreams()" classname="com.cedarsoft.execution.ExecutorTest" time="0.345"/>
  <system-out><![CDATA[]]></system-out>
  <system-err><![CDATA[]]></system-err>
</testsuite>
