<?xml version="1.0" encoding="UTF-8"?>
<testsuite name="com.cedarsoft.execution.ExecutorTest" tests="5" skipped="0" failures="0" errors="0" timestamp="2021-12-17T03:09:35" hostname="runner-cs1zem-v-project-47-concurrent-0" time="4.472">
  <properties/>
  <testcase name="testAsync()" classname="com.cedarsoft.execution.ExecutorTest" time="0.496"/>
  <testcase name="testIt()" classname="com.cedarsoft.execution.ExecutorTest" time="2.57"/>
  <testcase name="testOutputRedirector()" classname="com.cedarsoft.execution.ExecutorTest" time="0.368"/>
  <testcase name="testOutput()" classname="com.cedarsoft.execution.ExecutorTest" time="0.719"/>
  <testcase name="testStreams()" classname="com.cedarsoft.execution.ExecutorTest" time="0.307"/>
  <system-out><![CDATA[]]></system-out>
  <system-err><![CDATA[]]></system-err>
</testsuite>
