<?xml version="1.0" encoding="UTF-8"?>
<testsuite name="com.cedarsoft.execution.ExecutorTest" tests="5" skipped="0" failures="0" errors="0" timestamp="2021-11-17T03:09:54" hostname="runner-cs1zem-v-project-47-concurrent-0" time="3.46">
  <properties/>
  <testcase name="testAsync()" classname="com.cedarsoft.execution.ExecutorTest" time="0.388"/>
  <testcase name="testIt()" classname="com.cedarsoft.execution.ExecutorTest" time="2.194"/>
  <testcase name="testOutputRedirector()" classname="com.cedarsoft.execution.ExecutorTest" time="0.225"/>
  <testcase name="testOutput()" classname="com.cedarsoft.execution.ExecutorTest" time="0.444"/>
  <testcase name="testStreams()" classname="com.cedarsoft.execution.ExecutorTest" time="0.204"/>
  <system-out><![CDATA[]]></system-out>
  <system-err><![CDATA[]]></system-err>
</testsuite>
