<?xml version="1.0" encoding="UTF-8"?>
<testsuite name="com.cedarsoft.execution.OutputRedirectorTest" tests="5" skipped="0" failures="0" errors="0" timestamp="2022-02-03T03:09:50" hostname="runner-ioxloixu-project-47-concurrent-0" time="0.207">
  <properties/>
  <testcase name="testThreaded()" classname="com.cedarsoft.execution.OutputRedirectorTest" time="0.001"/>
  <testcase name="testStreamsBuffered()" classname="com.cedarsoft.execution.OutputRedirectorTest" time="0.0"/>
  <testcase name="testBlocking()" classname="com.cedarsoft.execution.OutputRedirectorTest" time="0.202"/>
  <testcase name="testDefault()" classname="com.cedarsoft.execution.OutputRedirectorTest" time="0.001"/>
  <testcase name="testStreams()" classname="com.cedarsoft.execution.OutputRedirectorTest" time="0.0"/>
  <system-out><![CDATA[]]></system-out>
  <system-err><![CDATA[]]></system-err>
</testsuite>
