<?xml version="1.0" encoding="UTF-8"?>
<testsuite name="com.cedarsoft.execution.ExecutorTest" tests="5" skipped="0" failures="0" errors="0" timestamp="2021-01-18T03:20:36" hostname="runner-cs1zem-v-project-47-concurrent-0" time="5.69">
  <properties/>
  <testcase name="testAsync()" classname="com.cedarsoft.execution.ExecutorTest" time="0.534"/>
  <testcase name="testIt()" classname="com.cedarsoft.execution.ExecutorTest" time="3.464"/>
  <testcase name="testOutputRedirector()" classname="com.cedarsoft.execution.ExecutorTest" time="0.457"/>
  <testcase name="testOutput()" classname="com.cedarsoft.execution.ExecutorTest" time="0.807"/>
  <testcase name="testStreams()" classname="com.cedarsoft.execution.ExecutorTest" time="0.424"/>
  <system-out><![CDATA[]]></system-out>
  <system-err><![CDATA[]]></system-err>
</testsuite>
