<?xml version="1.0" encoding="UTF-8"?>
<testsuite name="com.cedarsoft.execution.ExecutorTest" tests="5" skipped="0" failures="0" errors="0" timestamp="2021-03-22T03:05:22" hostname="runner-cs1zem-v-project-47-concurrent-0" time="3.859">
  <properties/>
  <testcase name="testAsync()" classname="com.cedarsoft.execution.ExecutorTest" time="0.544"/>
  <testcase name="testIt()" classname="com.cedarsoft.execution.ExecutorTest" time="2.012"/>
  <testcase name="testOutputRedirector()" classname="com.cedarsoft.execution.ExecutorTest" time="0.335"/>
  <testcase name="testOutput()" classname="com.cedarsoft.execution.ExecutorTest" time="0.592"/>
  <testcase name="testStreams()" classname="com.cedarsoft.execution.ExecutorTest" time="0.373"/>
  <system-out><![CDATA[]]></system-out>
  <system-err><![CDATA[]]></system-err>
</testsuite>
