<?xml version="1.0" encoding="UTF-8"?>
<testsuite name="com.cedarsoft.execution.ExecutorTest" tests="5" skipped="0" failures="0" errors="0" timestamp="2021-12-26T03:10:09" hostname="runner-ioxloixu-project-47-concurrent-0" time="4.188">
  <properties/>
  <testcase name="testAsync()" classname="com.cedarsoft.execution.ExecutorTest" time="0.43"/>
  <testcase name="testIt()" classname="com.cedarsoft.execution.ExecutorTest" time="2.275"/>
  <testcase name="testOutputRedirector()" classname="com.cedarsoft.execution.ExecutorTest" time="0.299"/>
  <testcase name="testOutput()" classname="com.cedarsoft.execution.ExecutorTest" time="0.881"/>
  <testcase name="testStreams()" classname="com.cedarsoft.execution.ExecutorTest" time="0.298"/>
  <system-out><![CDATA[]]></system-out>
  <system-err><![CDATA[]]></system-err>
</testsuite>
