<?xml version="1.0" encoding="UTF-8"?>
<testsuite name="com.cedarsoft.execution.ExecutorTest" tests="5" skipped="0" failures="0" errors="0" timestamp="2021-01-13T03:20:39" hostname="runner-cs1zem-v-project-47-concurrent-0" time="5.188">
  <properties/>
  <testcase name="testAsync()" classname="com.cedarsoft.execution.ExecutorTest" time="0.396"/>
  <testcase name="testIt()" classname="com.cedarsoft.execution.ExecutorTest" time="2.945"/>
  <testcase name="testOutputRedirector()" classname="com.cedarsoft.execution.ExecutorTest" time="0.436"/>
  <testcase name="testOutput()" classname="com.cedarsoft.execution.ExecutorTest" time="1.012"/>
  <testcase name="testStreams()" classname="com.cedarsoft.execution.ExecutorTest" time="0.394"/>
  <system-out><![CDATA[]]></system-out>
  <system-err><![CDATA[]]></system-err>
</testsuite>
