<?xml version="1.0" encoding="UTF-8"?>
<testsuite name="com.cedarsoft.execution.ExecutorTest" tests="5" skipped="0" failures="0" errors="0" timestamp="2021-02-14T03:20:58" hostname="runner-pgnkb89--project-47-concurrent-0" time="5.853">
  <properties/>
  <testcase name="testAsync()" classname="com.cedarsoft.execution.ExecutorTest" time="0.438"/>
  <testcase name="testIt()" classname="com.cedarsoft.execution.ExecutorTest" time="3.727"/>
  <testcase name="testOutputRedirector()" classname="com.cedarsoft.execution.ExecutorTest" time="0.358"/>
  <testcase name="testOutput()" classname="com.cedarsoft.execution.ExecutorTest" time="0.997"/>
  <testcase name="testStreams()" classname="com.cedarsoft.execution.ExecutorTest" time="0.308"/>
  <system-out><![CDATA[]]></system-out>
  <system-err><![CDATA[]]></system-err>
</testsuite>
