<?xml version="1.0" encoding="UTF-8"?>
<testsuite name="com.cedarsoft.execution.ExecutorTest" tests="5" skipped="0" failures="0" errors="0" timestamp="2021-06-05T02:07:15" hostname="runner-kggansxr-project-47-concurrent-0" time="5.808">
  <properties/>
  <testcase name="testAsync()" classname="com.cedarsoft.execution.ExecutorTest" time="0.422"/>
  <testcase name="testIt()" classname="com.cedarsoft.execution.ExecutorTest" time="3.842"/>
  <testcase name="testOutputRedirector()" classname="com.cedarsoft.execution.ExecutorTest" time="0.328"/>
  <testcase name="testOutput()" classname="com.cedarsoft.execution.ExecutorTest" time="0.771"/>
  <testcase name="testStreams()" classname="com.cedarsoft.execution.ExecutorTest" time="0.424"/>
  <system-out><![CDATA[]]></system-out>
  <system-err><![CDATA[]]></system-err>
</testsuite>
