<?xml version="1.0" encoding="UTF-8"?>
<testsuite name="com.cedarsoft.execution.ExecutorTest" tests="5" skipped="0" failures="0" errors="0" timestamp="2021-11-19T03:09:12" hostname="runner-ioxloixu-project-47-concurrent-0" time="3.326">
  <properties/>
  <testcase name="testAsync()" classname="com.cedarsoft.execution.ExecutorTest" time="0.38"/>
  <testcase name="testIt()" classname="com.cedarsoft.execution.ExecutorTest" time="1.522"/>
  <testcase name="testOutputRedirector()" classname="com.cedarsoft.execution.ExecutorTest" time="0.317"/>
  <testcase name="testOutput()" classname="com.cedarsoft.execution.ExecutorTest" time="0.769"/>
  <testcase name="testStreams()" classname="com.cedarsoft.execution.ExecutorTest" time="0.316"/>
  <system-out><![CDATA[]]></system-out>
  <system-err><![CDATA[]]></system-err>
</testsuite>
