<?xml version="1.0" encoding="UTF-8"?>
<testsuite name="com.cedarsoft.execution.ExecutorTest" tests="5" skipped="0" failures="0" errors="0" timestamp="2022-01-01T03:09:46" hostname="runner-cs1zem-v-project-47-concurrent-0" time="4.385">
  <properties/>
  <testcase name="testAsync()" classname="com.cedarsoft.execution.ExecutorTest" time="0.505"/>
  <testcase name="testIt()" classname="com.cedarsoft.execution.ExecutorTest" time="2.263"/>
  <testcase name="testOutputRedirector()" classname="com.cedarsoft.execution.ExecutorTest" time="0.303"/>
  <testcase name="testOutput()" classname="com.cedarsoft.execution.ExecutorTest" time="0.956"/>
  <testcase name="testStreams()" classname="com.cedarsoft.execution.ExecutorTest" time="0.351"/>
  <system-out><![CDATA[]]></system-out>
  <system-err><![CDATA[]]></system-err>
</testsuite>
