<?xml version="1.0" encoding="UTF-8"?>
<testsuite name="com.cedarsoft.execution.ExecutorTest" tests="5" skipped="0" failures="0" errors="0" timestamp="2021-12-11T03:09:34" hostname="runner-ioxloixu-project-47-concurrent-0" time="4.182">
  <properties/>
  <testcase name="testAsync()" classname="com.cedarsoft.execution.ExecutorTest" time="0.496"/>
  <testcase name="testIt()" classname="com.cedarsoft.execution.ExecutorTest" time="2.312"/>
  <testcase name="testOutputRedirector()" classname="com.cedarsoft.execution.ExecutorTest" time="0.342"/>
  <testcase name="testOutput()" classname="com.cedarsoft.execution.ExecutorTest" time="0.782"/>
  <testcase name="testStreams()" classname="com.cedarsoft.execution.ExecutorTest" time="0.235"/>
  <system-out><![CDATA[]]></system-out>
  <system-err><![CDATA[]]></system-err>
</testsuite>
