<?xml version="1.0" encoding="UTF-8"?>
<testsuite name="com.cedarsoft.execution.ExecutorTest" tests="5" skipped="0" failures="0" errors="0" timestamp="2021-12-24T03:09:28" hostname="runner-ioxloixu-project-47-concurrent-0" time="3.738">
  <properties/>
  <testcase name="testAsync()" classname="com.cedarsoft.execution.ExecutorTest" time="0.393"/>
  <testcase name="testIt()" classname="com.cedarsoft.execution.ExecutorTest" time="2.012"/>
  <testcase name="testOutputRedirector()" classname="com.cedarsoft.execution.ExecutorTest" time="0.398"/>
  <testcase name="testOutput()" classname="com.cedarsoft.execution.ExecutorTest" time="0.647"/>
  <testcase name="testStreams()" classname="com.cedarsoft.execution.ExecutorTest" time="0.269"/>
  <system-out><![CDATA[]]></system-out>
  <system-err><![CDATA[]]></system-err>
</testsuite>
