<?xml version="1.0" encoding="UTF-8"?>
<testsuite name="com.cedarsoft.execution.ExecutorTest" tests="5" skipped="0" failures="0" errors="0" timestamp="2021-06-26T02:05:43" hostname="runner-cs1zem-v-project-47-concurrent-0" time="3.629">
  <properties/>
  <testcase name="testAsync()" classname="com.cedarsoft.execution.ExecutorTest" time="0.385"/>
  <testcase name="testIt()" classname="com.cedarsoft.execution.ExecutorTest" time="1.785"/>
  <testcase name="testOutputRedirector()" classname="com.cedarsoft.execution.ExecutorTest" time="0.357"/>
  <testcase name="testOutput()" classname="com.cedarsoft.execution.ExecutorTest" time="0.819"/>
  <testcase name="testStreams()" classname="com.cedarsoft.execution.ExecutorTest" time="0.276"/>
  <system-out><![CDATA[]]></system-out>
  <system-err><![CDATA[]]></system-err>
</testsuite>
