<?xml version="1.0" encoding="UTF-8"?>
<testsuite name="com.cedarsoft.execution.ExecutorTest" tests="5" skipped="0" failures="0" errors="0" timestamp="2021-09-21T02:06:09" hostname="runner-cs1zem-v-project-47-concurrent-0" time="4.244">
  <properties/>
  <testcase name="testAsync()" classname="com.cedarsoft.execution.ExecutorTest" time="0.561"/>
  <testcase name="testIt()" classname="com.cedarsoft.execution.ExecutorTest" time="2.342"/>
  <testcase name="testOutputRedirector()" classname="com.cedarsoft.execution.ExecutorTest" time="0.322"/>
  <testcase name="testOutput()" classname="com.cedarsoft.execution.ExecutorTest" time="0.769"/>
  <testcase name="testStreams()" classname="com.cedarsoft.execution.ExecutorTest" time="0.245"/>
  <system-out><![CDATA[]]></system-out>
  <system-err><![CDATA[]]></system-err>
</testsuite>
