<?xml version="1.0" encoding="UTF-8"?>
<testsuite name="com.cedarsoft.execution.ExecutorTest" tests="5" skipped="0" failures="0" errors="0" timestamp="2021-11-21T03:08:57" hostname="runner-ioxloixu-project-47-concurrent-0" time="4.057">
  <properties/>
  <testcase name="testAsync()" classname="com.cedarsoft.execution.ExecutorTest" time="0.38"/>
  <testcase name="testIt()" classname="com.cedarsoft.execution.ExecutorTest" time="2.047"/>
  <testcase name="testOutputRedirector()" classname="com.cedarsoft.execution.ExecutorTest" time="0.354"/>
  <testcase name="testOutput()" classname="com.cedarsoft.execution.ExecutorTest" time="0.853"/>
  <testcase name="testStreams()" classname="com.cedarsoft.execution.ExecutorTest" time="0.417"/>
  <system-out><![CDATA[]]></system-out>
  <system-err><![CDATA[]]></system-err>
</testsuite>
