<?xml version="1.0" encoding="UTF-8"?>
<testsuite name="com.cedarsoft.execution.ExecutorTest" tests="5" skipped="0" failures="0" errors="0" timestamp="2022-01-18T03:09:00" hostname="runner-ioxloixu-project-47-concurrent-0" time="3.896">
  <properties/>
  <testcase name="testAsync()" classname="com.cedarsoft.execution.ExecutorTest" time="0.419"/>
  <testcase name="testIt()" classname="com.cedarsoft.execution.ExecutorTest" time="1.99"/>
  <testcase name="testOutputRedirector()" classname="com.cedarsoft.execution.ExecutorTest" time="0.358"/>
  <testcase name="testOutput()" classname="com.cedarsoft.execution.ExecutorTest" time="0.807"/>
  <testcase name="testStreams()" classname="com.cedarsoft.execution.ExecutorTest" time="0.317"/>
  <system-out><![CDATA[]]></system-out>
  <system-err><![CDATA[]]></system-err>
</testsuite>
