<?xml version="1.0" encoding="UTF-8"?>
<testsuite name="com.cedarsoft.execution.ExecutorTest" tests="5" skipped="0" failures="0" errors="0" timestamp="2021-05-31T02:05:50" hostname="runner-cs1zem-v-project-47-concurrent-0" time="3.657">
  <properties/>
  <testcase name="testAsync()" classname="com.cedarsoft.execution.ExecutorTest" time="0.276"/>
  <testcase name="testIt()" classname="com.cedarsoft.execution.ExecutorTest" time="1.943"/>
  <testcase name="testOutputRedirector()" classname="com.cedarsoft.execution.ExecutorTest" time="0.359"/>
  <testcase name="testOutput()" classname="com.cedarsoft.execution.ExecutorTest" time="0.727"/>
  <testcase name="testStreams()" classname="com.cedarsoft.execution.ExecutorTest" time="0.348"/>
  <system-out><![CDATA[]]></system-out>
  <system-err><![CDATA[]]></system-err>
</testsuite>
