<?xml version="1.0" encoding="UTF-8"?>
<testsuite name="com.cedarsoft.execution.ExecutorTest" tests="5" skipped="0" failures="0" errors="0" timestamp="2022-02-05T03:10:01" hostname="runner-cs1zem-v-project-47-concurrent-0" time="4.709">
  <properties/>
  <testcase name="testAsync()" classname="com.cedarsoft.execution.ExecutorTest" time="0.577"/>
  <testcase name="testIt()" classname="com.cedarsoft.execution.ExecutorTest" time="2.736"/>
  <testcase name="testOutputRedirector()" classname="com.cedarsoft.execution.ExecutorTest" time="0.281"/>
  <testcase name="testOutput()" classname="com.cedarsoft.execution.ExecutorTest" time="0.756"/>
  <testcase name="testStreams()" classname="com.cedarsoft.execution.ExecutorTest" time="0.357"/>
  <system-out><![CDATA[]]></system-out>
  <system-err><![CDATA[]]></system-err>
</testsuite>
