<?xml version="1.0" encoding="UTF-8"?>
<testsuite name="com.cedarsoft.execution.ExecutorTest" tests="5" skipped="0" failures="0" errors="0" timestamp="2021-06-27T02:05:34" hostname="runner-cs1zem-v-project-47-concurrent-0" time="2.764">
  <properties/>
  <testcase name="testAsync()" classname="com.cedarsoft.execution.ExecutorTest" time="0.255"/>
  <testcase name="testIt()" classname="com.cedarsoft.execution.ExecutorTest" time="1.38"/>
  <testcase name="testOutputRedirector()" classname="com.cedarsoft.execution.ExecutorTest" time="0.266"/>
  <testcase name="testOutput()" classname="com.cedarsoft.execution.ExecutorTest" time="0.641"/>
  <testcase name="testStreams()" classname="com.cedarsoft.execution.ExecutorTest" time="0.216"/>
  <system-out><![CDATA[]]></system-out>
  <system-err><![CDATA[]]></system-err>
</testsuite>
