<?xml version="1.0" encoding="UTF-8"?>
<testsuite name="com.cedarsoft.execution.JavaCommandBuilderTest" tests="4" skipped="0" failures="0" errors="0" timestamp="2021-03-12T03:05:02" hostname="runner-cs1zem-v-project-47-concurrent-0" time="0.55">
  <properties/>
  <testcase name="testAll()" classname="com.cedarsoft.execution.JavaCommandBuilderTest" time="0.539"/>
  <testcase name="testArguments()" classname="com.cedarsoft.execution.JavaCommandBuilderTest" time="0.002"/>
  <testcase name="testClasspath()" classname="com.cedarsoft.execution.JavaCommandBuilderTest" time="0.002"/>
  <testcase name="testVmProperties()" classname="com.cedarsoft.execution.JavaCommandBuilderTest" time="0.005"/>
  <system-out><![CDATA[]]></system-out>
  <system-err><![CDATA[]]></system-err>
</testsuite>
