<?xml version="1.0" encoding="UTF-8"?>
<testsuite name="com.cedarsoft.execution.ExecutorTest" tests="5" skipped="0" failures="0" errors="0" timestamp="2021-07-23T02:06:04" hostname="runner-cs1zem-v-project-47-concurrent-0" time="3.656">
  <properties/>
  <testcase name="testAsync()" classname="com.cedarsoft.execution.ExecutorTest" time="0.351"/>
  <testcase name="testIt()" classname="com.cedarsoft.execution.ExecutorTest" time="1.994"/>
  <testcase name="testOutputRedirector()" classname="com.cedarsoft.execution.ExecutorTest" time="0.327"/>
  <testcase name="testOutput()" classname="com.cedarsoft.execution.ExecutorTest" time="0.709"/>
  <testcase name="testStreams()" classname="com.cedarsoft.execution.ExecutorTest" time="0.262"/>
  <system-out><![CDATA[]]></system-out>
  <system-err><![CDATA[]]></system-err>
</testsuite>
