<?xml version="1.0" encoding="UTF-8"?>
<testsuite name="com.cedarsoft.execution.ExecutorTest" tests="5" skipped="0" failures="0" errors="0" timestamp="2021-11-15T03:09:28" hostname="runner-ioxloixu-project-47-concurrent-0" time="3.693">
  <properties/>
  <testcase name="testAsync()" classname="com.cedarsoft.execution.ExecutorTest" time="0.387"/>
  <testcase name="testIt()" classname="com.cedarsoft.execution.ExecutorTest" time="1.9"/>
  <testcase name="testOutputRedirector()" classname="com.cedarsoft.execution.ExecutorTest" time="0.309"/>
  <testcase name="testOutput()" classname="com.cedarsoft.execution.ExecutorTest" time="0.748"/>
  <testcase name="testStreams()" classname="com.cedarsoft.execution.ExecutorTest" time="0.324"/>
  <system-out><![CDATA[]]></system-out>
  <system-err><![CDATA[]]></system-err>
</testsuite>
