<?xml version="1.0" encoding="UTF-8"?>
<testsuite name="com.cedarsoft.execution.ExecutorTest" tests="5" skipped="0" failures="0" errors="0" timestamp="2021-12-08T03:09:19" hostname="runner-ioxloixu-project-47-concurrent-0" time="4.258">
  <properties/>
  <testcase name="testAsync()" classname="com.cedarsoft.execution.ExecutorTest" time="0.53"/>
  <testcase name="testIt()" classname="com.cedarsoft.execution.ExecutorTest" time="2.45"/>
  <testcase name="testOutputRedirector()" classname="com.cedarsoft.execution.ExecutorTest" time="0.299"/>
  <testcase name="testOutput()" classname="com.cedarsoft.execution.ExecutorTest" time="0.686"/>
  <testcase name="testStreams()" classname="com.cedarsoft.execution.ExecutorTest" time="0.285"/>
  <system-out><![CDATA[]]></system-out>
  <system-err><![CDATA[]]></system-err>
</testsuite>
