<?xml version="1.0" encoding="UTF-8"?>
<testsuite name="com.cedarsoft.execution.ExecutorTest" tests="5" skipped="0" failures="0" errors="0" timestamp="2021-01-24T03:21:19" hostname="runner-kggansxr-project-47-concurrent-0" time="6.702">
  <properties/>
  <testcase name="testAsync()" classname="com.cedarsoft.execution.ExecutorTest" time="0.531"/>
  <testcase name="testIt()" classname="com.cedarsoft.execution.ExecutorTest" time="4.401"/>
  <testcase name="testOutputRedirector()" classname="com.cedarsoft.execution.ExecutorTest" time="0.366"/>
  <testcase name="testOutput()" classname="com.cedarsoft.execution.ExecutorTest" time="0.989"/>
  <testcase name="testStreams()" classname="com.cedarsoft.execution.ExecutorTest" time="0.384"/>
  <system-out><![CDATA[]]></system-out>
  <system-err><![CDATA[]]></system-err>
</testsuite>
