<?xml version="1.0" encoding="UTF-8"?>
<testsuite name="com.cedarsoft.execution.ExecutorTest" tests="5" skipped="0" failures="0" errors="0" timestamp="2021-10-30T02:05:31" hostname="runner-cs1zem-v-project-47-concurrent-0" time="4.299">
  <properties/>
  <testcase name="testAsync()" classname="com.cedarsoft.execution.ExecutorTest" time="0.464"/>
  <testcase name="testIt()" classname="com.cedarsoft.execution.ExecutorTest" time="2.418"/>
  <testcase name="testOutputRedirector()" classname="com.cedarsoft.execution.ExecutorTest" time="0.335"/>
  <testcase name="testOutput()" classname="com.cedarsoft.execution.ExecutorTest" time="0.727"/>
  <testcase name="testStreams()" classname="com.cedarsoft.execution.ExecutorTest" time="0.347"/>
  <system-out><![CDATA[]]></system-out>
  <system-err><![CDATA[]]></system-err>
</testsuite>
