<?xml version="1.0" encoding="UTF-8"?>
<testsuite name="com.cedarsoft.execution.ExecutorTest" tests="5" skipped="0" failures="0" errors="0" timestamp="2021-11-16T03:09:12" hostname="runner-ioxloixu-project-47-concurrent-0" time="3.868">
  <properties/>
  <testcase name="testAsync()" classname="com.cedarsoft.execution.ExecutorTest" time="0.478"/>
  <testcase name="testIt()" classname="com.cedarsoft.execution.ExecutorTest" time="2.002"/>
  <testcase name="testOutputRedirector()" classname="com.cedarsoft.execution.ExecutorTest" time="0.273"/>
  <testcase name="testOutput()" classname="com.cedarsoft.execution.ExecutorTest" time="0.83"/>
  <testcase name="testStreams()" classname="com.cedarsoft.execution.ExecutorTest" time="0.273"/>
  <system-out><![CDATA[]]></system-out>
  <system-err><![CDATA[]]></system-err>
</testsuite>
