<?xml version="1.0" encoding="UTF-8"?>
<testsuite name="com.cedarsoft.execution.ExecutorTest" tests="5" skipped="0" failures="0" errors="0" timestamp="2021-03-25T03:05:38" hostname="runner-cs1zem-v-project-47-concurrent-0" time="4.613">
  <properties/>
  <testcase name="testAsync()" classname="com.cedarsoft.execution.ExecutorTest" time="0.458"/>
  <testcase name="testIt()" classname="com.cedarsoft.execution.ExecutorTest" time="2.586"/>
  <testcase name="testOutputRedirector()" classname="com.cedarsoft.execution.ExecutorTest" time="0.403"/>
  <testcase name="testOutput()" classname="com.cedarsoft.execution.ExecutorTest" time="0.652"/>
  <testcase name="testStreams()" classname="com.cedarsoft.execution.ExecutorTest" time="0.5"/>
  <system-out><![CDATA[]]></system-out>
  <system-err><![CDATA[]]></system-err>
</testsuite>
