<?xml version="1.0" encoding="UTF-8"?>
<testsuite name="com.cedarsoft.execution.ExecutorTest" tests="5" skipped="0" failures="0" errors="0" timestamp="2021-11-14T03:09:13" hostname="runner-ioxloixu-project-47-concurrent-0" time="3.686">
  <properties/>
  <testcase name="testAsync()" classname="com.cedarsoft.execution.ExecutorTest" time="0.457"/>
  <testcase name="testIt()" classname="com.cedarsoft.execution.ExecutorTest" time="1.76"/>
  <testcase name="testOutputRedirector()" classname="com.cedarsoft.execution.ExecutorTest" time="0.298"/>
  <testcase name="testOutput()" classname="com.cedarsoft.execution.ExecutorTest" time="0.791"/>
  <testcase name="testStreams()" classname="com.cedarsoft.execution.ExecutorTest" time="0.372"/>
  <system-out><![CDATA[]]></system-out>
  <system-err><![CDATA[]]></system-err>
</testsuite>
