<?xml version="1.0" encoding="UTF-8"?>
<testsuite name="com.cedarsoft.execution.ExecutorTest" tests="5" skipped="0" failures="0" errors="0" timestamp="2021-09-06T02:05:33" hostname="runner-cs1zem-v-project-47-concurrent-0" time="4.109">
  <properties/>
  <testcase name="testAsync()" classname="com.cedarsoft.execution.ExecutorTest" time="0.328"/>
  <testcase name="testIt()" classname="com.cedarsoft.execution.ExecutorTest" time="2.308"/>
  <testcase name="testOutputRedirector()" classname="com.cedarsoft.execution.ExecutorTest" time="0.318"/>
  <testcase name="testOutput()" classname="com.cedarsoft.execution.ExecutorTest" time="0.729"/>
  <testcase name="testStreams()" classname="com.cedarsoft.execution.ExecutorTest" time="0.419"/>
  <system-out><![CDATA[]]></system-out>
  <system-err><![CDATA[]]></system-err>
</testsuite>
