<?xml version="1.0" encoding="UTF-8"?>
<testsuite name="com.cedarsoft.execution.JavaCommandBuilderTest" tests="4" skipped="0" failures="0" errors="0" timestamp="2021-03-26T03:05:54" hostname="runner-pgnkb89--project-47-concurrent-0" time="0.224">
  <properties/>
  <testcase name="testAll()" classname="com.cedarsoft.execution.JavaCommandBuilderTest" time="0.206"/>
  <testcase name="testArguments()" classname="com.cedarsoft.execution.JavaCommandBuilderTest" time="0.002"/>
  <testcase name="testClasspath()" classname="com.cedarsoft.execution.JavaCommandBuilderTest" time="0.003"/>
  <testcase name="testVmProperties()" classname="com.cedarsoft.execution.JavaCommandBuilderTest" time="0.002"/>
  <system-out><![CDATA[]]></system-out>
  <system-err><![CDATA[]]></system-err>
</testsuite>
