<?xml version="1.0" encoding="UTF-8"?>
<testsuite name="com.cedarsoft.execution.ExecutorTest" tests="5" skipped="0" failures="0" errors="0" timestamp="2021-02-15T03:21:07" hostname="runner-kggansxr-project-47-concurrent-0" time="6.484">
  <properties/>
  <testcase name="testAsync()" classname="com.cedarsoft.execution.ExecutorTest" time="0.417"/>
  <testcase name="testIt()" classname="com.cedarsoft.execution.ExecutorTest" time="4.361"/>
  <testcase name="testOutputRedirector()" classname="com.cedarsoft.execution.ExecutorTest" time="0.379"/>
  <testcase name="testOutput()" classname="com.cedarsoft.execution.ExecutorTest" time="0.969"/>
  <testcase name="testStreams()" classname="com.cedarsoft.execution.ExecutorTest" time="0.343"/>
  <system-out><![CDATA[]]></system-out>
  <system-err><![CDATA[]]></system-err>
</testsuite>
