<?xml version="1.0" encoding="UTF-8"?>
<testsuite name="com.cedarsoft.execution.ExecutorTest" tests="5" skipped="0" failures="0" errors="0" timestamp="2021-11-02T03:06:01" hostname="runner-cs1zem-v-project-47-concurrent-0" time="4.352">
  <properties/>
  <testcase name="testAsync()" classname="com.cedarsoft.execution.ExecutorTest" time="0.398"/>
  <testcase name="testIt()" classname="com.cedarsoft.execution.ExecutorTest" time="2.558"/>
  <testcase name="testOutputRedirector()" classname="com.cedarsoft.execution.ExecutorTest" time="0.256"/>
  <testcase name="testOutput()" classname="com.cedarsoft.execution.ExecutorTest" time="0.82"/>
  <testcase name="testStreams()" classname="com.cedarsoft.execution.ExecutorTest" time="0.31"/>
  <system-out><![CDATA[]]></system-out>
  <system-err><![CDATA[]]></system-err>
</testsuite>
