<?xml version="1.0" encoding="UTF-8"?>
<testsuite name="com.cedarsoft.execution.ExecutorTest" tests="5" skipped="0" failures="0" errors="0" timestamp="2021-04-08T02:05:17" hostname="runner-cs1zem-v-project-47-concurrent-0" time="5.079">
  <properties/>
  <testcase name="testAsync()" classname="com.cedarsoft.execution.ExecutorTest" time="0.473"/>
  <testcase name="testIt()" classname="com.cedarsoft.execution.ExecutorTest" time="3.031"/>
  <testcase name="testOutputRedirector()" classname="com.cedarsoft.execution.ExecutorTest" time="0.363"/>
  <testcase name="testOutput()" classname="com.cedarsoft.execution.ExecutorTest" time="0.783"/>
  <testcase name="testStreams()" classname="com.cedarsoft.execution.ExecutorTest" time="0.398"/>
  <system-out><![CDATA[]]></system-out>
  <system-err><![CDATA[]]></system-err>
</testsuite>
