<?xml version="1.0" encoding="UTF-8"?>
<testsuite name="com.cedarsoft.execution.ExecutorTest" tests="5" skipped="0" failures="0" errors="0" timestamp="2021-12-21T03:09:22" hostname="runner-ioxloixu-project-47-concurrent-0" time="4.33">
  <properties/>
  <testcase name="testAsync()" classname="com.cedarsoft.execution.ExecutorTest" time="0.457"/>
  <testcase name="testIt()" classname="com.cedarsoft.execution.ExecutorTest" time="2.431"/>
  <testcase name="testOutputRedirector()" classname="com.cedarsoft.execution.ExecutorTest" time="0.291"/>
  <testcase name="testOutput()" classname="com.cedarsoft.execution.ExecutorTest" time="0.831"/>
  <testcase name="testStreams()" classname="com.cedarsoft.execution.ExecutorTest" time="0.289"/>
  <system-out><![CDATA[]]></system-out>
  <system-err><![CDATA[]]></system-err>
</testsuite>
