<?xml version="1.0" encoding="UTF-8"?>
<testsuite name="com.cedarsoft.execution.ExecutorTest" tests="5" skipped="0" failures="0" errors="0" timestamp="2021-03-28T02:05:30" hostname="runner-cs1zem-v-project-47-concurrent-0" time="4.209">
  <properties/>
  <testcase name="testAsync()" classname="com.cedarsoft.execution.ExecutorTest" time="0.501"/>
  <testcase name="testIt()" classname="com.cedarsoft.execution.ExecutorTest" time="2.274"/>
  <testcase name="testOutputRedirector()" classname="com.cedarsoft.execution.ExecutorTest" time="0.312"/>
  <testcase name="testOutput()" classname="com.cedarsoft.execution.ExecutorTest" time="0.714"/>
  <testcase name="testStreams()" classname="com.cedarsoft.execution.ExecutorTest" time="0.385"/>
  <system-out><![CDATA[]]></system-out>
  <system-err><![CDATA[]]></system-err>
</testsuite>
