<?xml version="1.0" encoding="UTF-8"?>
<testsuite name="com.cedarsoft.execution.ExecutorTest" tests="5" skipped="0" failures="0" errors="0" timestamp="2022-01-29T03:09:52" hostname="runner-cs1zem-v-project-47-concurrent-0" time="5.375">
  <properties/>
  <testcase name="testAsync()" classname="com.cedarsoft.execution.ExecutorTest" time="0.434"/>
  <testcase name="testIt()" classname="com.cedarsoft.execution.ExecutorTest" time="3.421"/>
  <testcase name="testOutputRedirector()" classname="com.cedarsoft.execution.ExecutorTest" time="0.356"/>
  <testcase name="testOutput()" classname="com.cedarsoft.execution.ExecutorTest" time="0.78"/>
  <testcase name="testStreams()" classname="com.cedarsoft.execution.ExecutorTest" time="0.373"/>
  <system-out><![CDATA[]]></system-out>
  <system-err><![CDATA[]]></system-err>
</testsuite>
