<?xml version="1.0" encoding="UTF-8"?>
<testsuite name="com.cedarsoft.execution.ExecutorTest" tests="5" skipped="0" failures="0" errors="0" timestamp="2021-10-28T02:06:05" hostname="runner-cs1zem-v-project-47-concurrent-0" time="4.35">
  <properties/>
  <testcase name="testAsync()" classname="com.cedarsoft.execution.ExecutorTest" time="0.547"/>
  <testcase name="testIt()" classname="com.cedarsoft.execution.ExecutorTest" time="2.237"/>
  <testcase name="testOutputRedirector()" classname="com.cedarsoft.execution.ExecutorTest" time="0.439"/>
  <testcase name="testOutput()" classname="com.cedarsoft.execution.ExecutorTest" time="0.787"/>
  <testcase name="testStreams()" classname="com.cedarsoft.execution.ExecutorTest" time="0.324"/>
  <system-out><![CDATA[]]></system-out>
  <system-err><![CDATA[]]></system-err>
</testsuite>
