<?xml version="1.0" encoding="UTF-8"?>
<testsuite name="com.cedarsoft.execution.ExecutorTest" tests="5" skipped="0" failures="0" errors="0" timestamp="2021-05-13T02:06:31" hostname="runner-cs1zem-v-project-47-concurrent-0" time="3.855">
  <properties/>
  <testcase name="testAsync()" classname="com.cedarsoft.execution.ExecutorTest" time="0.406"/>
  <testcase name="testIt()" classname="com.cedarsoft.execution.ExecutorTest" time="2.049"/>
  <testcase name="testOutputRedirector()" classname="com.cedarsoft.execution.ExecutorTest" time="0.325"/>
  <testcase name="testOutput()" classname="com.cedarsoft.execution.ExecutorTest" time="0.692"/>
  <testcase name="testStreams()" classname="com.cedarsoft.execution.ExecutorTest" time="0.378"/>
  <system-out><![CDATA[]]></system-out>
  <system-err><![CDATA[]]></system-err>
</testsuite>
