<?xml version="1.0" encoding="UTF-8"?>
<testsuite name="com.cedarsoft.execution.ExecutorTest" tests="5" skipped="0" failures="0" errors="0" timestamp="2021-03-15T03:05:32" hostname="runner-cs1zem-v-project-47-concurrent-0" time="5.138">
  <properties/>
  <testcase name="testAsync()" classname="com.cedarsoft.execution.ExecutorTest" time="0.459"/>
  <testcase name="testIt()" classname="com.cedarsoft.execution.ExecutorTest" time="3.154"/>
  <testcase name="testOutputRedirector()" classname="com.cedarsoft.execution.ExecutorTest" time="0.443"/>
  <testcase name="testOutput()" classname="com.cedarsoft.execution.ExecutorTest" time="0.742"/>
  <testcase name="testStreams()" classname="com.cedarsoft.execution.ExecutorTest" time="0.309"/>
  <system-out><![CDATA[]]></system-out>
  <system-err><![CDATA[]]></system-err>
</testsuite>
