<?xml version="1.0" encoding="UTF-8"?>
<testsuite name="com.cedarsoft.execution.ExecutorTest" tests="5" skipped="0" failures="0" errors="0" timestamp="2021-12-23T03:09:30" hostname="runner-ioxloixu-project-47-concurrent-0" time="4.182">
  <properties/>
  <testcase name="testAsync()" classname="com.cedarsoft.execution.ExecutorTest" time="0.395"/>
  <testcase name="testIt()" classname="com.cedarsoft.execution.ExecutorTest" time="2.136"/>
  <testcase name="testOutputRedirector()" classname="com.cedarsoft.execution.ExecutorTest" time="0.362"/>
  <testcase name="testOutput()" classname="com.cedarsoft.execution.ExecutorTest" time="0.976"/>
  <testcase name="testStreams()" classname="com.cedarsoft.execution.ExecutorTest" time="0.299"/>
  <system-out><![CDATA[]]></system-out>
  <system-err><![CDATA[]]></system-err>
</testsuite>
