<?xml version="1.0" encoding="UTF-8"?>
<testsuite name="com.cedarsoft.execution.ExecutorTest" tests="5" skipped="0" failures="0" errors="0" timestamp="2022-01-16T03:10:03" hostname="runner-cs1zem-v-project-47-concurrent-0" time="5.052">
  <properties/>
  <testcase name="testAsync()" classname="com.cedarsoft.execution.ExecutorTest" time="0.631"/>
  <testcase name="testIt()" classname="com.cedarsoft.execution.ExecutorTest" time="3.121"/>
  <testcase name="testOutputRedirector()" classname="com.cedarsoft.execution.ExecutorTest" time="0.305"/>
  <testcase name="testOutput()" classname="com.cedarsoft.execution.ExecutorTest" time="0.701"/>
  <testcase name="testStreams()" classname="com.cedarsoft.execution.ExecutorTest" time="0.287"/>
  <system-out><![CDATA[]]></system-out>
  <system-err><![CDATA[]]></system-err>
</testsuite>
