<?xml version="1.0" encoding="UTF-8"?>
<testsuite name="com.cedarsoft.execution.ExecutorTest" tests="5" skipped="0" failures="0" errors="0" timestamp="2021-01-27T03:20:25" hostname="runner-pgnkb89--project-47-concurrent-0" time="5.555">
  <properties/>
  <testcase name="testAsync()" classname="com.cedarsoft.execution.ExecutorTest" time="0.395"/>
  <testcase name="testIt()" classname="com.cedarsoft.execution.ExecutorTest" time="3.616"/>
  <testcase name="testOutputRedirector()" classname="com.cedarsoft.execution.ExecutorTest" time="0.317"/>
  <testcase name="testOutput()" classname="com.cedarsoft.execution.ExecutorTest" time="0.878"/>
  <testcase name="testStreams()" classname="com.cedarsoft.execution.ExecutorTest" time="0.343"/>
  <system-out><![CDATA[]]></system-out>
  <system-err><![CDATA[]]></system-err>
</testsuite>
