<?xml version="1.0" encoding="UTF-8"?>
<testsuite name="com.cedarsoft.execution.ExecutorTest" tests="5" skipped="0" failures="0" errors="0" timestamp="2021-01-29T03:20:22" hostname="runner-cs1zem-v-project-47-concurrent-0" time="6.187">
  <properties/>
  <testcase name="testAsync()" classname="com.cedarsoft.execution.ExecutorTest" time="0.47"/>
  <testcase name="testIt()" classname="com.cedarsoft.execution.ExecutorTest" time="3.585"/>
  <testcase name="testOutputRedirector()" classname="com.cedarsoft.execution.ExecutorTest" time="0.477"/>
  <testcase name="testOutput()" classname="com.cedarsoft.execution.ExecutorTest" time="1.118"/>
  <testcase name="testStreams()" classname="com.cedarsoft.execution.ExecutorTest" time="0.471"/>
  <system-out><![CDATA[]]></system-out>
  <system-err><![CDATA[]]></system-err>
</testsuite>
