<?xml version="1.0" encoding="UTF-8"?>
<testsuite name="com.cedarsoft.execution.ExecutorTest" tests="5" skipped="0" failures="0" errors="0" timestamp="2021-02-02T03:20:57" hostname="runner-pgnkb89--project-47-concurrent-0" time="5.093">
  <properties/>
  <testcase name="testAsync()" classname="com.cedarsoft.execution.ExecutorTest" time="0.393"/>
  <testcase name="testIt()" classname="com.cedarsoft.execution.ExecutorTest" time="3.209"/>
  <testcase name="testOutputRedirector()" classname="com.cedarsoft.execution.ExecutorTest" time="0.314"/>
  <testcase name="testOutput()" classname="com.cedarsoft.execution.ExecutorTest" time="0.883"/>
  <testcase name="testStreams()" classname="com.cedarsoft.execution.ExecutorTest" time="0.282"/>
  <system-out><![CDATA[]]></system-out>
  <system-err><![CDATA[]]></system-err>
</testsuite>
