<?xml version="1.0" encoding="UTF-8"?>
<testsuite name="com.cedarsoft.execution.ExecutorTest" tests="5" skipped="0" failures="0" errors="0" timestamp="2021-01-23T03:20:59" hostname="runner-kggansxr-project-47-concurrent-0" time="5.411">
  <properties/>
  <testcase name="testAsync()" classname="com.cedarsoft.execution.ExecutorTest" time="0.415"/>
  <testcase name="testIt()" classname="com.cedarsoft.execution.ExecutorTest" time="3.42"/>
  <testcase name="testOutputRedirector()" classname="com.cedarsoft.execution.ExecutorTest" time="0.389"/>
  <testcase name="testOutput()" classname="com.cedarsoft.execution.ExecutorTest" time="0.856"/>
  <testcase name="testStreams()" classname="com.cedarsoft.execution.ExecutorTest" time="0.322"/>
  <system-out><![CDATA[]]></system-out>
  <system-err><![CDATA[]]></system-err>
</testsuite>
