<?xml version="1.0" encoding="UTF-8"?>
<testsuite name="com.cedarsoft.execution.ExecutorTest" tests="5" skipped="0" failures="0" errors="0" timestamp="2021-06-13T02:07:31" hostname="runner-kggansxr-project-47-concurrent-0" time="5.568">
  <properties/>
  <testcase name="testAsync()" classname="com.cedarsoft.execution.ExecutorTest" time="0.483"/>
  <testcase name="testIt()" classname="com.cedarsoft.execution.ExecutorTest" time="3.363"/>
  <testcase name="testOutputRedirector()" classname="com.cedarsoft.execution.ExecutorTest" time="0.394"/>
  <testcase name="testOutput()" classname="com.cedarsoft.execution.ExecutorTest" time="1.008"/>
  <testcase name="testStreams()" classname="com.cedarsoft.execution.ExecutorTest" time="0.26"/>
  <system-out><![CDATA[]]></system-out>
  <system-err><![CDATA[]]></system-err>
</testsuite>
