<?xml version="1.0" encoding="UTF-8"?>
<testsuite name="com.cedarsoft.execution.ExecutorTest" tests="5" skipped="0" failures="0" errors="0" timestamp="2021-09-12T02:06:03" hostname="runner-cs1zem-v-project-47-concurrent-0" time="4.52">
  <properties/>
  <testcase name="testAsync()" classname="com.cedarsoft.execution.ExecutorTest" time="0.399"/>
  <testcase name="testIt()" classname="com.cedarsoft.execution.ExecutorTest" time="2.655"/>
  <testcase name="testOutputRedirector()" classname="com.cedarsoft.execution.ExecutorTest" time="0.317"/>
  <testcase name="testOutput()" classname="com.cedarsoft.execution.ExecutorTest" time="0.781"/>
  <testcase name="testStreams()" classname="com.cedarsoft.execution.ExecutorTest" time="0.364"/>
  <system-out><![CDATA[]]></system-out>
  <system-err><![CDATA[]]></system-err>
</testsuite>
