<?xml version="1.0" encoding="UTF-8"?>
<testsuite name="com.cedarsoft.execution.ExecutorTest" tests="5" skipped="0" failures="0" errors="0" timestamp="2021-08-01T02:07:51" hostname="runner-kggansxr-project-47-concurrent-0" time="3.634">
  <properties/>
  <testcase name="testAsync()" classname="com.cedarsoft.execution.ExecutorTest" time="0.306"/>
  <testcase name="testIt()" classname="com.cedarsoft.execution.ExecutorTest" time="2.054"/>
  <testcase name="testOutputRedirector()" classname="com.cedarsoft.execution.ExecutorTest" time="0.201"/>
  <testcase name="testOutput()" classname="com.cedarsoft.execution.ExecutorTest" time="0.77"/>
  <testcase name="testStreams()" classname="com.cedarsoft.execution.ExecutorTest" time="0.278"/>
  <system-out><![CDATA[]]></system-out>
  <system-err><![CDATA[]]></system-err>
</testsuite>
