<?xml version="1.0" encoding="UTF-8"?>
<testsuite name="com.cedarsoft.execution.ExecutorTest" tests="5" skipped="0" failures="0" errors="0" timestamp="2021-03-31T02:06:45" hostname="runner-kggansxr-project-47-concurrent-0" time="4.919">
  <properties/>
  <testcase name="testAsync()" classname="com.cedarsoft.execution.ExecutorTest" time="0.336"/>
  <testcase name="testIt()" classname="com.cedarsoft.execution.ExecutorTest" time="3.056"/>
  <testcase name="testOutputRedirector()" classname="com.cedarsoft.execution.ExecutorTest" time="0.291"/>
  <testcase name="testOutput()" classname="com.cedarsoft.execution.ExecutorTest" time="0.908"/>
  <testcase name="testStreams()" classname="com.cedarsoft.execution.ExecutorTest" time="0.313"/>
  <system-out><![CDATA[]]></system-out>
  <system-err><![CDATA[]]></system-err>
</testsuite>
