<?xml version="1.0" encoding="UTF-8"?>
<testsuite name="com.cedarsoft.execution.ExecutorTest" tests="5" skipped="0" failures="0" errors="0" timestamp="2021-09-18T02:06:06" hostname="runner-cs1zem-v-project-47-concurrent-0" time="3.871">
  <properties/>
  <testcase name="testAsync()" classname="com.cedarsoft.execution.ExecutorTest" time="0.467"/>
  <testcase name="testIt()" classname="com.cedarsoft.execution.ExecutorTest" time="2.374"/>
  <testcase name="testOutputRedirector()" classname="com.cedarsoft.execution.ExecutorTest" time="0.245"/>
  <testcase name="testOutput()" classname="com.cedarsoft.execution.ExecutorTest" time="0.476"/>
  <testcase name="testStreams()" classname="com.cedarsoft.execution.ExecutorTest" time="0.297"/>
  <system-out><![CDATA[]]></system-out>
  <system-err><![CDATA[]]></system-err>
</testsuite>
