<?xml version="1.0" encoding="UTF-8"?>
<testsuite name="com.cedarsoft.execution.ExecutorTest" tests="5" skipped="0" failures="0" errors="0" timestamp="2021-03-19T03:04:56" hostname="runner-cs1zem-v-project-47-concurrent-0" time="4.17">
  <properties/>
  <testcase name="testAsync()" classname="com.cedarsoft.execution.ExecutorTest" time="0.415"/>
  <testcase name="testIt()" classname="com.cedarsoft.execution.ExecutorTest" time="1.968"/>
  <testcase name="testOutputRedirector()" classname="com.cedarsoft.execution.ExecutorTest" time="0.294"/>
  <testcase name="testOutput()" classname="com.cedarsoft.execution.ExecutorTest" time="0.865"/>
  <testcase name="testStreams()" classname="com.cedarsoft.execution.ExecutorTest" time="0.615"/>
  <system-out><![CDATA[]]></system-out>
  <system-err><![CDATA[]]></system-err>
</testsuite>
