<?xml version="1.0" encoding="UTF-8"?>
<testsuite name="com.cedarsoft.execution.ExecutorTest" tests="5" skipped="0" failures="0" errors="0" timestamp="2021-02-20T03:20:40" hostname="runner-cs1zem-v-project-47-concurrent-0" time="6.097">
  <properties/>
  <testcase name="testAsync()" classname="com.cedarsoft.execution.ExecutorTest" time="0.532"/>
  <testcase name="testIt()" classname="com.cedarsoft.execution.ExecutorTest" time="3.838"/>
  <testcase name="testOutputRedirector()" classname="com.cedarsoft.execution.ExecutorTest" time="0.458"/>
  <testcase name="testOutput()" classname="com.cedarsoft.execution.ExecutorTest" time="0.89"/>
  <testcase name="testStreams()" classname="com.cedarsoft.execution.ExecutorTest" time="0.366"/>
  <system-out><![CDATA[]]></system-out>
  <system-err><![CDATA[]]></system-err>
</testsuite>
