<?xml version="1.0" encoding="UTF-8"?>
<testsuite name="com.cedarsoft.execution.ExecutorTest" tests="5" skipped="0" failures="0" errors="0" timestamp="2021-02-12T03:21:31" hostname="runner-pgnkb89--project-47-concurrent-0" time="5.974">
  <properties/>
  <testcase name="testAsync()" classname="com.cedarsoft.execution.ExecutorTest" time="0.37"/>
  <testcase name="testIt()" classname="com.cedarsoft.execution.ExecutorTest" time="3.776"/>
  <testcase name="testOutputRedirector()" classname="com.cedarsoft.execution.ExecutorTest" time="0.416"/>
  <testcase name="testOutput()" classname="com.cedarsoft.execution.ExecutorTest" time="1.083"/>
  <testcase name="testStreams()" classname="com.cedarsoft.execution.ExecutorTest" time="0.309"/>
  <system-out><![CDATA[]]></system-out>
  <system-err><![CDATA[]]></system-err>
</testsuite>
