<?xml version="1.0" encoding="UTF-8"?>
<testsuite name="com.cedarsoft.execution.ExecutorTest" tests="5" skipped="0" failures="0" errors="0" timestamp="2021-10-13T02:05:25" hostname="runner-cs1zem-v-project-47-concurrent-0" time="4.517">
  <properties/>
  <testcase name="testAsync()" classname="com.cedarsoft.execution.ExecutorTest" time="0.39"/>
  <testcase name="testIt()" classname="com.cedarsoft.execution.ExecutorTest" time="2.697"/>
  <testcase name="testOutputRedirector()" classname="com.cedarsoft.execution.ExecutorTest" time="0.358"/>
  <testcase name="testOutput()" classname="com.cedarsoft.execution.ExecutorTest" time="0.777"/>
  <testcase name="testStreams()" classname="com.cedarsoft.execution.ExecutorTest" time="0.29"/>
  <system-out><![CDATA[]]></system-out>
  <system-err><![CDATA[]]></system-err>
</testsuite>
