<?xml version="1.0" encoding="UTF-8"?>
<testsuite name="com.cedarsoft.execution.ExecutorTest" tests="5" skipped="0" failures="0" errors="0" timestamp="2021-03-16T03:05:10" hostname="runner-cs1zem-v-project-47-concurrent-0" time="5.124">
  <properties/>
  <testcase name="testAsync()" classname="com.cedarsoft.execution.ExecutorTest" time="0.527"/>
  <testcase name="testIt()" classname="com.cedarsoft.execution.ExecutorTest" time="2.642"/>
  <testcase name="testOutputRedirector()" classname="com.cedarsoft.execution.ExecutorTest" time="0.475"/>
  <testcase name="testOutput()" classname="com.cedarsoft.execution.ExecutorTest" time="1.008"/>
  <testcase name="testStreams()" classname="com.cedarsoft.execution.ExecutorTest" time="0.464"/>
  <system-out><![CDATA[]]></system-out>
  <system-err><![CDATA[]]></system-err>
</testsuite>
