<?xml version="1.0" encoding="UTF-8"?>
<testsuite name="com.cedarsoft.execution.ExecutorTest" tests="5" skipped="0" failures="0" errors="0" timestamp="2021-02-05T03:20:18" hostname="runner-cs1zem-v-project-47-concurrent-0" time="6.193">
  <properties/>
  <testcase name="testAsync()" classname="com.cedarsoft.execution.ExecutorTest" time="0.526"/>
  <testcase name="testIt()" classname="com.cedarsoft.execution.ExecutorTest" time="3.531"/>
  <testcase name="testOutputRedirector()" classname="com.cedarsoft.execution.ExecutorTest" time="0.546"/>
  <testcase name="testOutput()" classname="com.cedarsoft.execution.ExecutorTest" time="1.188"/>
  <testcase name="testStreams()" classname="com.cedarsoft.execution.ExecutorTest" time="0.396"/>
  <system-out><![CDATA[]]></system-out>
  <system-err><![CDATA[]]></system-err>
</testsuite>
