<?xml version="1.0" encoding="UTF-8"?>
<testsuite name="com.cedarsoft.execution.ExecutorTest" tests="5" skipped="0" failures="0" errors="0" timestamp="2021-12-31T03:09:17" hostname="runner-ioxloixu-project-47-concurrent-0" time="4.166">
  <properties/>
  <testcase name="testAsync()" classname="com.cedarsoft.execution.ExecutorTest" time="0.439"/>
  <testcase name="testIt()" classname="com.cedarsoft.execution.ExecutorTest" time="2.522"/>
  <testcase name="testOutputRedirector()" classname="com.cedarsoft.execution.ExecutorTest" time="0.388"/>
  <testcase name="testOutput()" classname="com.cedarsoft.execution.ExecutorTest" time="0.589"/>
  <testcase name="testStreams()" classname="com.cedarsoft.execution.ExecutorTest" time="0.221"/>
  <system-out><![CDATA[]]></system-out>
  <system-err><![CDATA[]]></system-err>
</testsuite>
