<?xml version="1.0" encoding="UTF-8"?>
<testsuite name="com.cedarsoft.execution.ExecutorTest" tests="5" skipped="0" failures="0" errors="0" timestamp="2021-11-20T03:09:26" hostname="runner-ioxloixu-project-47-concurrent-0" time="4.127">
  <properties/>
  <testcase name="testAsync()" classname="com.cedarsoft.execution.ExecutorTest" time="0.542"/>
  <testcase name="testIt()" classname="com.cedarsoft.execution.ExecutorTest" time="2.377"/>
  <testcase name="testOutputRedirector()" classname="com.cedarsoft.execution.ExecutorTest" time="0.229"/>
  <testcase name="testOutput()" classname="com.cedarsoft.execution.ExecutorTest" time="0.718"/>
  <testcase name="testStreams()" classname="com.cedarsoft.execution.ExecutorTest" time="0.254"/>
  <system-out><![CDATA[]]></system-out>
  <system-err><![CDATA[]]></system-err>
</testsuite>
