<?xml version="1.0" encoding="UTF-8"?>
<testsuite name="com.cedarsoft.execution.ExecutorTest" tests="5" skipped="0" failures="0" errors="0" timestamp="2021-04-02T02:06:26" hostname="runner-kggansxr-project-47-concurrent-0" time="6.196">
  <properties/>
  <testcase name="testAsync()" classname="com.cedarsoft.execution.ExecutorTest" time="0.34"/>
  <testcase name="testIt()" classname="com.cedarsoft.execution.ExecutorTest" time="4.159"/>
  <testcase name="testOutputRedirector()" classname="com.cedarsoft.execution.ExecutorTest" time="0.307"/>
  <testcase name="testOutput()" classname="com.cedarsoft.execution.ExecutorTest" time="0.999"/>
  <testcase name="testStreams()" classname="com.cedarsoft.execution.ExecutorTest" time="0.37"/>
  <system-out><![CDATA[]]></system-out>
  <system-err><![CDATA[]]></system-err>
</testsuite>
