<?xml version="1.0" encoding="UTF-8"?>
<testsuite name="com.cedarsoft.execution.ExecutorTest" tests="5" skipped="0" failures="0" errors="0" timestamp="2021-01-16T03:21:33" hostname="runner-kggansxr-project-47-concurrent-0" time="6.087">
  <properties/>
  <testcase name="testAsync()" classname="com.cedarsoft.execution.ExecutorTest" time="0.491"/>
  <testcase name="testIt()" classname="com.cedarsoft.execution.ExecutorTest" time="4.131"/>
  <testcase name="testOutputRedirector()" classname="com.cedarsoft.execution.ExecutorTest" time="0.336"/>
  <testcase name="testOutput()" classname="com.cedarsoft.execution.ExecutorTest" time="0.834"/>
  <testcase name="testStreams()" classname="com.cedarsoft.execution.ExecutorTest" time="0.286"/>
  <system-out><![CDATA[]]></system-out>
  <system-err><![CDATA[]]></system-err>
</testsuite>
