<?xml version="1.0" encoding="UTF-8"?>
<testsuite name="com.cedarsoft.execution.ExecutorTest" tests="5" skipped="0" failures="0" errors="0" timestamp="2022-01-28T03:09:28" hostname="runner-ioxloixu-project-47-concurrent-0" time="4.316">
  <properties/>
  <testcase name="testAsync()" classname="com.cedarsoft.execution.ExecutorTest" time="0.441"/>
  <testcase name="testIt()" classname="com.cedarsoft.execution.ExecutorTest" time="2.404"/>
  <testcase name="testOutputRedirector()" classname="com.cedarsoft.execution.ExecutorTest" time="0.403"/>
  <testcase name="testOutput()" classname="com.cedarsoft.execution.ExecutorTest" time="0.743"/>
  <testcase name="testStreams()" classname="com.cedarsoft.execution.ExecutorTest" time="0.32"/>
  <system-out><![CDATA[]]></system-out>
  <system-err><![CDATA[]]></system-err>
</testsuite>
