<?xml version="1.0" encoding="UTF-8"?>
<testsuite name="com.cedarsoft.execution.ExecutorTest" tests="5" skipped="0" failures="0" errors="0" timestamp="2021-05-17T02:07:33" hostname="runner-kggansxr-project-47-concurrent-0" time="6.103">
  <properties/>
  <testcase name="testAsync()" classname="com.cedarsoft.execution.ExecutorTest" time="0.526"/>
  <testcase name="testIt()" classname="com.cedarsoft.execution.ExecutorTest" time="4.099"/>
  <testcase name="testOutputRedirector()" classname="com.cedarsoft.execution.ExecutorTest" time="0.259"/>
  <testcase name="testOutput()" classname="com.cedarsoft.execution.ExecutorTest" time="0.982"/>
  <testcase name="testStreams()" classname="com.cedarsoft.execution.ExecutorTest" time="0.217"/>
  <system-out><![CDATA[]]></system-out>
  <system-err><![CDATA[]]></system-err>
</testsuite>
