<?xml version="1.0" encoding="UTF-8"?>
<testsuite name="com.cedarsoft.execution.ExecutorTest" tests="5" skipped="0" failures="0" errors="0" timestamp="2021-02-19T03:21:00" hostname="runner-pgnkb89--project-47-concurrent-0" time="6.186">
  <properties/>
  <testcase name="testAsync()" classname="com.cedarsoft.execution.ExecutorTest" time="0.374"/>
  <testcase name="testIt()" classname="com.cedarsoft.execution.ExecutorTest" time="4.127"/>
  <testcase name="testOutputRedirector()" classname="com.cedarsoft.execution.ExecutorTest" time="0.338"/>
  <testcase name="testOutput()" classname="com.cedarsoft.execution.ExecutorTest" time="0.956"/>
  <testcase name="testStreams()" classname="com.cedarsoft.execution.ExecutorTest" time="0.371"/>
  <system-out><![CDATA[]]></system-out>
  <system-err><![CDATA[]]></system-err>
</testsuite>
