<?xml version="1.0" encoding="UTF-8"?>
<testsuite name="com.cedarsoft.execution.ExecutorTest" tests="5" skipped="0" failures="0" errors="0" timestamp="2021-06-23T02:05:40" hostname="runner-cs1zem-v-project-47-concurrent-0" time="3.823">
  <properties/>
  <testcase name="testAsync()" classname="com.cedarsoft.execution.ExecutorTest" time="0.408"/>
  <testcase name="testIt()" classname="com.cedarsoft.execution.ExecutorTest" time="1.981"/>
  <testcase name="testOutputRedirector()" classname="com.cedarsoft.execution.ExecutorTest" time="0.319"/>
  <testcase name="testOutput()" classname="com.cedarsoft.execution.ExecutorTest" time="0.807"/>
  <testcase name="testStreams()" classname="com.cedarsoft.execution.ExecutorTest" time="0.281"/>
  <system-out><![CDATA[]]></system-out>
  <system-err><![CDATA[]]></system-err>
</testsuite>
