<?xml version="1.0" encoding="UTF-8"?>
<testsuite name="com.cedarsoft.execution.ExecutorTest" tests="5" skipped="0" failures="0" errors="0" timestamp="2021-12-19T03:09:23" hostname="runner-ioxloixu-project-47-concurrent-0" time="3.658">
  <properties/>
  <testcase name="testAsync()" classname="com.cedarsoft.execution.ExecutorTest" time="0.431"/>
  <testcase name="testIt()" classname="com.cedarsoft.execution.ExecutorTest" time="1.915"/>
  <testcase name="testOutputRedirector()" classname="com.cedarsoft.execution.ExecutorTest" time="0.335"/>
  <testcase name="testOutput()" classname="com.cedarsoft.execution.ExecutorTest" time="0.666"/>
  <testcase name="testStreams()" classname="com.cedarsoft.execution.ExecutorTest" time="0.299"/>
  <system-out><![CDATA[]]></system-out>
  <system-err><![CDATA[]]></system-err>
</testsuite>
