<?xml version="1.0" encoding="UTF-8"?>
<testsuite name="com.cedarsoft.execution.ExecutorTest" tests="5" skipped="0" failures="0" errors="0" timestamp="2021-01-25T03:20:15" hostname="runner-cs1zem-v-project-47-concurrent-0" time="6.156">
  <properties/>
  <testcase name="testAsync()" classname="com.cedarsoft.execution.ExecutorTest" time="0.717"/>
  <testcase name="testIt()" classname="com.cedarsoft.execution.ExecutorTest" time="3.802"/>
  <testcase name="testOutputRedirector()" classname="com.cedarsoft.execution.ExecutorTest" time="0.373"/>
  <testcase name="testOutput()" classname="com.cedarsoft.execution.ExecutorTest" time="0.891"/>
  <testcase name="testStreams()" classname="com.cedarsoft.execution.ExecutorTest" time="0.352"/>
  <system-out><![CDATA[]]></system-out>
  <system-err><![CDATA[]]></system-err>
</testsuite>
