<?xml version="1.0" encoding="UTF-8"?>
<testsuite name="com.cedarsoft.execution.ExecutorTest" tests="5" skipped="0" failures="0" errors="0" timestamp="2021-03-07T03:06:00" hostname="runner-pgnkb89--project-47-concurrent-0" time="5.762">
  <properties/>
  <testcase name="testAsync()" classname="com.cedarsoft.execution.ExecutorTest" time="0.411"/>
  <testcase name="testIt()" classname="com.cedarsoft.execution.ExecutorTest" time="3.699"/>
  <testcase name="testOutputRedirector()" classname="com.cedarsoft.execution.ExecutorTest" time="0.313"/>
  <testcase name="testOutput()" classname="com.cedarsoft.execution.ExecutorTest" time="1.013"/>
  <testcase name="testStreams()" classname="com.cedarsoft.execution.ExecutorTest" time="0.302"/>
  <system-out><![CDATA[]]></system-out>
  <system-err><![CDATA[]]></system-err>
</testsuite>
