<?xml version="1.0" encoding="UTF-8"?>
<testsuite name="com.cedarsoft.execution.ExecutorTest" tests="5" skipped="0" failures="0" errors="0" timestamp="2021-08-30T02:05:37" hostname="runner-cs1zem-v-project-47-concurrent-0" time="4.805">
  <properties/>
  <testcase name="testAsync()" classname="com.cedarsoft.execution.ExecutorTest" time="0.499"/>
  <testcase name="testIt()" classname="com.cedarsoft.execution.ExecutorTest" time="2.98"/>
  <testcase name="testOutputRedirector()" classname="com.cedarsoft.execution.ExecutorTest" time="0.299"/>
  <testcase name="testOutput()" classname="com.cedarsoft.execution.ExecutorTest" time="0.753"/>
  <testcase name="testStreams()" classname="com.cedarsoft.execution.ExecutorTest" time="0.266"/>
  <system-out><![CDATA[]]></system-out>
  <system-err><![CDATA[]]></system-err>
</testsuite>
