<?xml version="1.0" encoding="UTF-8"?>
<testsuite name="com.cedarsoft.execution.ExecutorTest" tests="5" skipped="0" failures="0" errors="0" timestamp="2021-11-09T03:05:35" hostname="runner-cs1zem-v-project-47-concurrent-0" time="4.26">
  <properties/>
  <testcase name="testAsync()" classname="com.cedarsoft.execution.ExecutorTest" time="0.325"/>
  <testcase name="testIt()" classname="com.cedarsoft.execution.ExecutorTest" time="2.375"/>
  <testcase name="testOutputRedirector()" classname="com.cedarsoft.execution.ExecutorTest" time="0.326"/>
  <testcase name="testOutput()" classname="com.cedarsoft.execution.ExecutorTest" time="0.813"/>
  <testcase name="testStreams()" classname="com.cedarsoft.execution.ExecutorTest" time="0.397"/>
  <system-out><![CDATA[]]></system-out>
  <system-err><![CDATA[]]></system-err>
</testsuite>
