<?xml version="1.0" encoding="UTF-8"?>
<testsuite name="com.cedarsoft.execution.ExecutorTest" tests="5" skipped="0" failures="0" errors="0" timestamp="2021-06-11T02:05:14" hostname="runner-cs1zem-v-project-47-concurrent-0" time="3.682">
  <properties/>
  <testcase name="testAsync()" classname="com.cedarsoft.execution.ExecutorTest" time="0.434"/>
  <testcase name="testIt()" classname="com.cedarsoft.execution.ExecutorTest" time="2.098"/>
  <testcase name="testOutputRedirector()" classname="com.cedarsoft.execution.ExecutorTest" time="0.357"/>
  <testcase name="testOutput()" classname="com.cedarsoft.execution.ExecutorTest" time="0.611"/>
  <testcase name="testStreams()" classname="com.cedarsoft.execution.ExecutorTest" time="0.175"/>
  <system-out><![CDATA[]]></system-out>
  <system-err><![CDATA[]]></system-err>
</testsuite>
