<?xml version="1.0" encoding="UTF-8"?>
<testsuite name="com.cedarsoft.execution.ExecutorTest" tests="5" skipped="0" failures="0" errors="0" timestamp="2022-02-01T03:09:38" hostname="runner-ioxloixu-project-47-concurrent-0" time="3.737">
  <properties/>
  <testcase name="testAsync()" classname="com.cedarsoft.execution.ExecutorTest" time="0.387"/>
  <testcase name="testIt()" classname="com.cedarsoft.execution.ExecutorTest" time="1.818"/>
  <testcase name="testOutputRedirector()" classname="com.cedarsoft.execution.ExecutorTest" time="0.357"/>
  <testcase name="testOutput()" classname="com.cedarsoft.execution.ExecutorTest" time="0.698"/>
  <testcase name="testStreams()" classname="com.cedarsoft.execution.ExecutorTest" time="0.464"/>
  <system-out><![CDATA[]]></system-out>
  <system-err><![CDATA[]]></system-err>
</testsuite>
