<?xml version="1.0" encoding="UTF-8"?>
<testsuite name="com.cedarsoft.execution.ExecutorTest" tests="5" skipped="0" failures="0" errors="0" timestamp="2021-09-09T02:05:57" hostname="runner-cs1zem-v-project-47-concurrent-0" time="4.119">
  <properties/>
  <testcase name="testAsync()" classname="com.cedarsoft.execution.ExecutorTest" time="0.325"/>
  <testcase name="testIt()" classname="com.cedarsoft.execution.ExecutorTest" time="2.492"/>
  <testcase name="testOutputRedirector()" classname="com.cedarsoft.execution.ExecutorTest" time="0.327"/>
  <testcase name="testOutput()" classname="com.cedarsoft.execution.ExecutorTest" time="0.68"/>
  <testcase name="testStreams()" classname="com.cedarsoft.execution.ExecutorTest" time="0.25"/>
  <system-out><![CDATA[]]></system-out>
  <system-err><![CDATA[]]></system-err>
</testsuite>
