<?xml version="1.0" encoding="UTF-8"?>
<testsuite name="com.cedarsoft.execution.ExecutorTest" tests="5" skipped="0" failures="0" errors="0" timestamp="2021-03-06T03:05:34" hostname="runner-cs1zem-v-project-47-concurrent-0" time="4.073">
  <properties/>
  <testcase name="testAsync()" classname="com.cedarsoft.execution.ExecutorTest" time="0.385"/>
  <testcase name="testIt()" classname="com.cedarsoft.execution.ExecutorTest" time="2.046"/>
  <testcase name="testOutputRedirector()" classname="com.cedarsoft.execution.ExecutorTest" time="0.438"/>
  <testcase name="testOutput()" classname="com.cedarsoft.execution.ExecutorTest" time="0.797"/>
  <testcase name="testStreams()" classname="com.cedarsoft.execution.ExecutorTest" time="0.373"/>
  <system-out><![CDATA[]]></system-out>
  <system-err><![CDATA[]]></system-err>
</testsuite>
