<?xml version="1.0" encoding="UTF-8"?>
<testsuite name="com.cedarsoft.execution.ExecutorTest" tests="5" skipped="0" failures="0" errors="0" timestamp="2021-01-12T21:06:03" hostname="runner-kggansxr-project-47-concurrent-0" time="6.147">
  <properties/>
  <testcase name="testAsync()" classname="com.cedarsoft.execution.ExecutorTest" time="0.357"/>
  <testcase name="testIt()" classname="com.cedarsoft.execution.ExecutorTest" time="4.312"/>
  <testcase name="testOutputRedirector()" classname="com.cedarsoft.execution.ExecutorTest" time="0.373"/>
  <testcase name="testOutput()" classname="com.cedarsoft.execution.ExecutorTest" time="0.797"/>
  <testcase name="testStreams()" classname="com.cedarsoft.execution.ExecutorTest" time="0.281"/>
  <system-out><![CDATA[]]></system-out>
  <system-err><![CDATA[]]></system-err>
</testsuite>
