<?xml version="1.0" encoding="UTF-8"?>
<testsuite name="com.cedarsoft.execution.ExecutorTest" tests="5" skipped="0" failures="0" errors="0" timestamp="2021-11-13T03:09:44" hostname="runner-ioxloixu-project-47-concurrent-0" time="3.819">
  <properties/>
  <testcase name="testAsync()" classname="com.cedarsoft.execution.ExecutorTest" time="0.39"/>
  <testcase name="testIt()" classname="com.cedarsoft.execution.ExecutorTest" time="2.005"/>
  <testcase name="testOutputRedirector()" classname="com.cedarsoft.execution.ExecutorTest" time="0.378"/>
  <testcase name="testOutput()" classname="com.cedarsoft.execution.ExecutorTest" time="0.757"/>
  <testcase name="testStreams()" classname="com.cedarsoft.execution.ExecutorTest" time="0.285"/>
  <system-out><![CDATA[]]></system-out>
  <system-err><![CDATA[]]></system-err>
</testsuite>
