<?xml version="1.0" encoding="UTF-8"?>
<testsuite name="com.cedarsoft.execution.ExecutorTest" tests="5" skipped="0" failures="0" errors="0" timestamp="2021-04-13T02:06:51" hostname="runner-kggansxr-project-47-concurrent-0" time="5.437">
  <properties/>
  <testcase name="testAsync()" classname="com.cedarsoft.execution.ExecutorTest" time="0.411"/>
  <testcase name="testIt()" classname="com.cedarsoft.execution.ExecutorTest" time="3.156"/>
  <testcase name="testOutputRedirector()" classname="com.cedarsoft.execution.ExecutorTest" time="0.342"/>
  <testcase name="testOutput()" classname="com.cedarsoft.execution.ExecutorTest" time="1.062"/>
  <testcase name="testStreams()" classname="com.cedarsoft.execution.ExecutorTest" time="0.433"/>
  <system-out><![CDATA[]]></system-out>
  <system-err><![CDATA[]]></system-err>
</testsuite>
