<?xml version="1.0" encoding="UTF-8"?>
<testsuite name="com.cedarsoft.execution.ExecutorTest" tests="5" skipped="0" failures="0" errors="0" timestamp="2022-02-08T03:09:59" hostname="runner-cs1zem-v-project-47-concurrent-0" time="4.201">
  <properties/>
  <testcase name="testAsync()" classname="com.cedarsoft.execution.ExecutorTest" time="0.497"/>
  <testcase name="testIt()" classname="com.cedarsoft.execution.ExecutorTest" time="2.103"/>
  <testcase name="testOutputRedirector()" classname="com.cedarsoft.execution.ExecutorTest" time="0.288"/>
  <testcase name="testOutput()" classname="com.cedarsoft.execution.ExecutorTest" time="0.882"/>
  <testcase name="testStreams()" classname="com.cedarsoft.execution.ExecutorTest" time="0.424"/>
  <system-out><![CDATA[]]></system-out>
  <system-err><![CDATA[]]></system-err>
</testsuite>
