<?xml version="1.0" encoding="UTF-8"?>
<testsuite name="com.cedarsoft.execution.ExecutorTest" tests="5" skipped="0" failures="0" errors="0" timestamp="2021-10-31T03:06:07" hostname="runner-cs1zem-v-project-47-concurrent-0" time="4.859">
  <properties/>
  <testcase name="testAsync()" classname="com.cedarsoft.execution.ExecutorTest" time="0.371"/>
  <testcase name="testIt()" classname="com.cedarsoft.execution.ExecutorTest" time="3.119"/>
  <testcase name="testOutputRedirector()" classname="com.cedarsoft.execution.ExecutorTest" time="0.23"/>
  <testcase name="testOutput()" classname="com.cedarsoft.execution.ExecutorTest" time="0.821"/>
  <testcase name="testStreams()" classname="com.cedarsoft.execution.ExecutorTest" time="0.309"/>
  <system-out><![CDATA[]]></system-out>
  <system-err><![CDATA[]]></system-err>
</testsuite>
