<?xml version="1.0" encoding="UTF-8"?>
<testsuite name="com.cedarsoft.execution.ExecutorTest" tests="5" skipped="0" failures="0" errors="0" timestamp="2021-02-03T03:20:59" hostname="runner-pgnkb89--project-47-concurrent-0" time="5.776">
  <properties/>
  <testcase name="testAsync()" classname="com.cedarsoft.execution.ExecutorTest" time="0.421"/>
  <testcase name="testIt()" classname="com.cedarsoft.execution.ExecutorTest" time="3.634"/>
  <testcase name="testOutputRedirector()" classname="com.cedarsoft.execution.ExecutorTest" time="0.282"/>
  <testcase name="testOutput()" classname="com.cedarsoft.execution.ExecutorTest" time="1.043"/>
  <testcase name="testStreams()" classname="com.cedarsoft.execution.ExecutorTest" time="0.387"/>
  <system-out><![CDATA[]]></system-out>
  <system-err><![CDATA[]]></system-err>
</testsuite>
