<?xml version="1.0" encoding="UTF-8"?>
<testsuite name="com.cedarsoft.execution.ExecutorTest" tests="5" skipped="0" failures="0" errors="0" timestamp="2021-01-22T03:20:51" hostname="runner-kggansxr-project-47-concurrent-0" time="6.959">
  <properties/>
  <testcase name="testAsync()" classname="com.cedarsoft.execution.ExecutorTest" time="0.438"/>
  <testcase name="testIt()" classname="com.cedarsoft.execution.ExecutorTest" time="4.979"/>
  <testcase name="testOutputRedirector()" classname="com.cedarsoft.execution.ExecutorTest" time="0.348"/>
  <testcase name="testOutput()" classname="com.cedarsoft.execution.ExecutorTest" time="0.881"/>
  <testcase name="testStreams()" classname="com.cedarsoft.execution.ExecutorTest" time="0.301"/>
  <system-out><![CDATA[]]></system-out>
  <system-err><![CDATA[]]></system-err>
</testsuite>
