<?xml version="1.0" encoding="UTF-8"?>
<testsuite name="com.cedarsoft.execution.ExecutorTest" tests="5" skipped="0" failures="0" errors="0" timestamp="2021-05-14T02:06:15" hostname="runner-cs1zem-v-project-47-concurrent-0" time="4.247">
  <properties/>
  <testcase name="testAsync()" classname="com.cedarsoft.execution.ExecutorTest" time="0.367"/>
  <testcase name="testIt()" classname="com.cedarsoft.execution.ExecutorTest" time="2.349"/>
  <testcase name="testOutputRedirector()" classname="com.cedarsoft.execution.ExecutorTest" time="0.318"/>
  <testcase name="testOutput()" classname="com.cedarsoft.execution.ExecutorTest" time="0.822"/>
  <testcase name="testStreams()" classname="com.cedarsoft.execution.ExecutorTest" time="0.375"/>
  <system-out><![CDATA[]]></system-out>
  <system-err><![CDATA[]]></system-err>
</testsuite>
