<?xml version="1.0" encoding="UTF-8"?>
<testsuite name="com.cedarsoft.execution.ExecutorTest" tests="5" skipped="0" failures="0" errors="0" timestamp="2021-01-26T03:20:47" hostname="runner-cs1zem-v-project-47-concurrent-0" time="5.473">
  <properties/>
  <testcase name="testAsync()" classname="com.cedarsoft.execution.ExecutorTest" time="0.63"/>
  <testcase name="testIt()" classname="com.cedarsoft.execution.ExecutorTest" time="3.235"/>
  <testcase name="testOutputRedirector()" classname="com.cedarsoft.execution.ExecutorTest" time="0.31"/>
  <testcase name="testOutput()" classname="com.cedarsoft.execution.ExecutorTest" time="0.835"/>
  <testcase name="testStreams()" classname="com.cedarsoft.execution.ExecutorTest" time="0.422"/>
  <system-out><![CDATA[]]></system-out>
  <system-err><![CDATA[]]></system-err>
</testsuite>
