<?xml version="1.0" encoding="UTF-8"?>
<testsuite name="com.cedarsoft.execution.ExecutorTest" tests="5" skipped="0" failures="0" errors="0" timestamp="2021-07-26T02:07:52" hostname="runner-kggansxr-project-47-concurrent-0" time="3.854">
  <properties/>
  <testcase name="testAsync()" classname="com.cedarsoft.execution.ExecutorTest" time="0.301"/>
  <testcase name="testIt()" classname="com.cedarsoft.execution.ExecutorTest" time="2.641"/>
  <testcase name="testOutputRedirector()" classname="com.cedarsoft.execution.ExecutorTest" time="0.165"/>
  <testcase name="testOutput()" classname="com.cedarsoft.execution.ExecutorTest" time="0.46"/>
  <testcase name="testStreams()" classname="com.cedarsoft.execution.ExecutorTest" time="0.282"/>
  <system-out><![CDATA[]]></system-out>
  <system-err><![CDATA[]]></system-err>
</testsuite>
