<?xml version="1.0" encoding="UTF-8"?>
<testsuite name="com.cedarsoft.execution.ExecutorTest" tests="5" skipped="0" failures="0" errors="0" timestamp="2021-10-08T02:05:44" hostname="runner-cs1zem-v-project-47-concurrent-0" time="3.881">
  <properties/>
  <testcase name="testAsync()" classname="com.cedarsoft.execution.ExecutorTest" time="0.457"/>
  <testcase name="testIt()" classname="com.cedarsoft.execution.ExecutorTest" time="2.021"/>
  <testcase name="testOutputRedirector()" classname="com.cedarsoft.execution.ExecutorTest" time="0.262"/>
  <testcase name="testOutput()" classname="com.cedarsoft.execution.ExecutorTest" time="0.718"/>
  <testcase name="testStreams()" classname="com.cedarsoft.execution.ExecutorTest" time="0.407"/>
  <system-out><![CDATA[]]></system-out>
  <system-err><![CDATA[]]></system-err>
</testsuite>
