<?xml version="1.0" encoding="UTF-8"?>
<testsuite name="com.cedarsoft.execution.ExecutorTest" tests="5" skipped="0" failures="0" errors="0" timestamp="2021-02-24T03:21:16" hostname="runner-cs1zem-v-project-47-concurrent-0" time="5.421">
  <properties/>
  <testcase name="testAsync()" classname="com.cedarsoft.execution.ExecutorTest" time="0.488"/>
  <testcase name="testIt()" classname="com.cedarsoft.execution.ExecutorTest" time="3.202"/>
  <testcase name="testOutputRedirector()" classname="com.cedarsoft.execution.ExecutorTest" time="0.44"/>
  <testcase name="testOutput()" classname="com.cedarsoft.execution.ExecutorTest" time="0.856"/>
  <testcase name="testStreams()" classname="com.cedarsoft.execution.ExecutorTest" time="0.431"/>
  <system-out><![CDATA[]]></system-out>
  <system-err><![CDATA[]]></system-err>
</testsuite>
