<?xml version="1.0" encoding="UTF-8"?>
<testsuite name="com.cedarsoft.execution.ExecutorTest" tests="5" skipped="0" failures="0" errors="0" timestamp="2021-08-07T02:05:47" hostname="runner-cs1zem-v-project-47-concurrent-0" time="4.791">
  <properties/>
  <testcase name="testAsync()" classname="com.cedarsoft.execution.ExecutorTest" time="0.437"/>
  <testcase name="testIt()" classname="com.cedarsoft.execution.ExecutorTest" time="3.042"/>
  <testcase name="testOutputRedirector()" classname="com.cedarsoft.execution.ExecutorTest" time="0.231"/>
  <testcase name="testOutput()" classname="com.cedarsoft.execution.ExecutorTest" time="0.795"/>
  <testcase name="testStreams()" classname="com.cedarsoft.execution.ExecutorTest" time="0.267"/>
  <system-out><![CDATA[]]></system-out>
  <system-err><![CDATA[]]></system-err>
</testsuite>
