<?xml version="1.0" encoding="UTF-8"?>
<testsuite name="com.cedarsoft.execution.ExecutorTest" tests="5" skipped="0" failures="0" errors="0" timestamp="2021-09-25T02:05:53" hostname="runner-cs1zem-v-project-47-concurrent-0" time="4.133">
  <properties/>
  <testcase name="testAsync()" classname="com.cedarsoft.execution.ExecutorTest" time="0.311"/>
  <testcase name="testIt()" classname="com.cedarsoft.execution.ExecutorTest" time="2.529"/>
  <testcase name="testOutputRedirector()" classname="com.cedarsoft.execution.ExecutorTest" time="0.344"/>
  <testcase name="testOutput()" classname="com.cedarsoft.execution.ExecutorTest" time="0.624"/>
  <testcase name="testStreams()" classname="com.cedarsoft.execution.ExecutorTest" time="0.318"/>
  <system-out><![CDATA[]]></system-out>
  <system-err><![CDATA[]]></system-err>
</testsuite>
