<?xml version="1.0" encoding="UTF-8"?>
<testsuite name="com.cedarsoft.execution.ExecutorTest" tests="5" skipped="0" failures="0" errors="0" timestamp="2021-08-20T02:05:44" hostname="runner-cs1zem-v-project-47-concurrent-0" time="3.987">
  <properties/>
  <testcase name="testAsync()" classname="com.cedarsoft.execution.ExecutorTest" time="0.373"/>
  <testcase name="testIt()" classname="com.cedarsoft.execution.ExecutorTest" time="2.289"/>
  <testcase name="testOutputRedirector()" classname="com.cedarsoft.execution.ExecutorTest" time="0.348"/>
  <testcase name="testOutput()" classname="com.cedarsoft.execution.ExecutorTest" time="0.685"/>
  <testcase name="testStreams()" classname="com.cedarsoft.execution.ExecutorTest" time="0.281"/>
  <system-out><![CDATA[]]></system-out>
  <system-err><![CDATA[]]></system-err>
</testsuite>
