<?xml version="1.0" encoding="UTF-8"?>
<testsuite name="com.cedarsoft.execution.OutputRedirectorTest" tests="5" skipped="0" failures="0" errors="0" timestamp="2021-07-21T02:07:32" hostname="runner-kggansxr-project-47-concurrent-0" time="0.269">
  <properties/>
  <testcase name="testThreaded()" classname="com.cedarsoft.execution.OutputRedirectorTest" time="0.03"/>
  <testcase name="testStreamsBuffered()" classname="com.cedarsoft.execution.OutputRedirectorTest" time="0.003"/>
  <testcase name="testBlocking()" classname="com.cedarsoft.execution.OutputRedirectorTest" time="0.225"/>
  <testcase name="testDefault()" classname="com.cedarsoft.execution.OutputRedirectorTest" time="0.001"/>
  <testcase name="testStreams()" classname="com.cedarsoft.execution.OutputRedirectorTest" time="0.001"/>
  <system-out><![CDATA[]]></system-out>
  <system-err><![CDATA[]]></system-err>
</testsuite>
