<?xml version="1.0" encoding="UTF-8"?>
<testsuite name="com.cedarsoft.execution.JavaCommandBuilderTest" tests="4" skipped="0" failures="0" errors="0" timestamp="2021-12-15T03:09:43" hostname="runner-cs1zem-v-project-47-concurrent-0" time="0.209">
  <properties/>
  <testcase name="testAll()" classname="com.cedarsoft.execution.JavaCommandBuilderTest" time="0.205"/>
  <testcase name="testArguments()" classname="com.cedarsoft.execution.JavaCommandBuilderTest" time="0.0"/>
  <testcase name="testClasspath()" classname="com.cedarsoft.execution.JavaCommandBuilderTest" time="0.001"/>
  <testcase name="testVmProperties()" classname="com.cedarsoft.execution.JavaCommandBuilderTest" time="0.001"/>
  <system-out><![CDATA[]]></system-out>
  <system-err><![CDATA[]]></system-err>
</testsuite>
