<?xml version="1.0" encoding="UTF-8"?>
<testsuite name="com.cedarsoft.execution.ExecutorTest" tests="5" skipped="0" failures="0" errors="0" timestamp="2022-01-26T03:09:36" hostname="runner-ioxloixu-project-47-concurrent-0" time="3.927">
  <properties/>
  <testcase name="testAsync()" classname="com.cedarsoft.execution.ExecutorTest" time="0.468"/>
  <testcase name="testIt()" classname="com.cedarsoft.execution.ExecutorTest" time="1.88"/>
  <testcase name="testOutputRedirector()" classname="com.cedarsoft.execution.ExecutorTest" time="0.449"/>
  <testcase name="testOutput()" classname="com.cedarsoft.execution.ExecutorTest" time="0.778"/>
  <testcase name="testStreams()" classname="com.cedarsoft.execution.ExecutorTest" time="0.348"/>
  <system-out><![CDATA[]]></system-out>
  <system-err><![CDATA[]]></system-err>
</testsuite>
