<?xml version="1.0" encoding="UTF-8"?>
<testsuite name="com.cedarsoft.execution.ExecutorTest" tests="5" skipped="0" failures="0" errors="0" timestamp="2021-12-09T03:09:36" hostname="runner-cs1zem-v-project-47-concurrent-0" time="2.898">
  <properties/>
  <testcase name="testAsync()" classname="com.cedarsoft.execution.ExecutorTest" time="0.353"/>
  <testcase name="testIt()" classname="com.cedarsoft.execution.ExecutorTest" time="1.468"/>
  <testcase name="testOutputRedirector()" classname="com.cedarsoft.execution.ExecutorTest" time="0.205"/>
  <testcase name="testOutput()" classname="com.cedarsoft.execution.ExecutorTest" time="0.625"/>
  <testcase name="testStreams()" classname="com.cedarsoft.execution.ExecutorTest" time="0.236"/>
  <system-out><![CDATA[]]></system-out>
  <system-err><![CDATA[]]></system-err>
</testsuite>
