<?xml version="1.0" encoding="UTF-8"?>
<testsuite name="com.cedarsoft.execution.ExecutorTest" tests="5" skipped="0" failures="0" errors="0" timestamp="2021-01-21T03:20:57" hostname="runner-pgnkb89--project-47-concurrent-0" time="6.043">
  <properties/>
  <testcase name="testAsync()" classname="com.cedarsoft.execution.ExecutorTest" time="0.428"/>
  <testcase name="testIt()" classname="com.cedarsoft.execution.ExecutorTest" time="3.649"/>
  <testcase name="testOutputRedirector()" classname="com.cedarsoft.execution.ExecutorTest" time="0.404"/>
  <testcase name="testOutput()" classname="com.cedarsoft.execution.ExecutorTest" time="1.068"/>
  <testcase name="testStreams()" classname="com.cedarsoft.execution.ExecutorTest" time="0.468"/>
  <system-out><![CDATA[]]></system-out>
  <system-err><![CDATA[]]></system-err>
</testsuite>
