<?xml version="1.0" encoding="UTF-8"?>
<testsuite name="com.cedarsoft.execution.ExecutorTest" tests="5" skipped="0" failures="0" errors="0" timestamp="2021-12-15T03:09:39" hostname="runner-cs1zem-v-project-47-concurrent-0" time="4.693">
  <properties/>
  <testcase name="testAsync()" classname="com.cedarsoft.execution.ExecutorTest" time="0.62"/>
  <testcase name="testIt()" classname="com.cedarsoft.execution.ExecutorTest" time="2.55"/>
  <testcase name="testOutputRedirector()" classname="com.cedarsoft.execution.ExecutorTest" time="0.256"/>
  <testcase name="testOutput()" classname="com.cedarsoft.execution.ExecutorTest" time="0.927"/>
  <testcase name="testStreams()" classname="com.cedarsoft.execution.ExecutorTest" time="0.335"/>
  <system-out><![CDATA[]]></system-out>
  <system-err><![CDATA[]]></system-err>
</testsuite>
