<?xml version="1.0" encoding="UTF-8"?>
<testsuite name="com.cedarsoft.execution.ExecutorTest" tests="5" skipped="0" failures="0" errors="0" timestamp="2021-02-16T03:21:35" hostname="runner-kggansxr-project-47-concurrent-0" time="6.287">
  <properties/>
  <testcase name="testAsync()" classname="com.cedarsoft.execution.ExecutorTest" time="0.495"/>
  <testcase name="testIt()" classname="com.cedarsoft.execution.ExecutorTest" time="3.832"/>
  <testcase name="testOutputRedirector()" classname="com.cedarsoft.execution.ExecutorTest" time="0.34"/>
  <testcase name="testOutput()" classname="com.cedarsoft.execution.ExecutorTest" time="1.298"/>
  <testcase name="testStreams()" classname="com.cedarsoft.execution.ExecutorTest" time="0.301"/>
  <system-out><![CDATA[]]></system-out>
  <system-err><![CDATA[]]></system-err>
</testsuite>
