<?xml version="1.0" encoding="UTF-8"?>
<testsuite name="com.cedarsoft.execution.ExecutorTest" tests="5" skipped="0" failures="0" errors="0" timestamp="2021-02-13T03:21:20" hostname="runner-pgnkb89--project-47-concurrent-0" time="6.066">
  <properties/>
  <testcase name="testAsync()" classname="com.cedarsoft.execution.ExecutorTest" time="0.451"/>
  <testcase name="testIt()" classname="com.cedarsoft.execution.ExecutorTest" time="3.822"/>
  <testcase name="testOutputRedirector()" classname="com.cedarsoft.execution.ExecutorTest" time="0.323"/>
  <testcase name="testOutput()" classname="com.cedarsoft.execution.ExecutorTest" time="1.085"/>
  <testcase name="testStreams()" classname="com.cedarsoft.execution.ExecutorTest" time="0.373"/>
  <system-out><![CDATA[]]></system-out>
  <system-err><![CDATA[]]></system-err>
</testsuite>
