<?xml version="1.0" encoding="UTF-8"?>
<testsuite name="com.cedarsoft.execution.ExecutorTest" tests="5" skipped="0" failures="0" errors="0" timestamp="2021-02-15T19:13:19" hostname="runner-kggansxr-project-47-concurrent-0" time="6.252">
  <properties/>
  <testcase name="testAsync()" classname="com.cedarsoft.execution.ExecutorTest" time="0.415"/>
  <testcase name="testIt()" classname="com.cedarsoft.execution.ExecutorTest" time="4.303"/>
  <testcase name="testOutputRedirector()" classname="com.cedarsoft.execution.ExecutorTest" time="0.264"/>
  <testcase name="testOutput()" classname="com.cedarsoft.execution.ExecutorTest" time="0.984"/>
  <testcase name="testStreams()" classname="com.cedarsoft.execution.ExecutorTest" time="0.275"/>
  <system-out><![CDATA[]]></system-out>
  <system-err><![CDATA[]]></system-err>
</testsuite>
