<?xml version="1.0" encoding="UTF-8"?>
<testsuite name="com.cedarsoft.execution.ExecutorTest" tests="5" skipped="0" failures="0" errors="0" timestamp="2021-07-27T02:07:33" hostname="runner-kggansxr-project-47-concurrent-0" time="5.624">
  <properties/>
  <testcase name="testAsync()" classname="com.cedarsoft.execution.ExecutorTest" time="0.352"/>
  <testcase name="testIt()" classname="com.cedarsoft.execution.ExecutorTest" time="3.859"/>
  <testcase name="testOutputRedirector()" classname="com.cedarsoft.execution.ExecutorTest" time="0.24"/>
  <testcase name="testOutput()" classname="com.cedarsoft.execution.ExecutorTest" time="0.907"/>
  <testcase name="testStreams()" classname="com.cedarsoft.execution.ExecutorTest" time="0.259"/>
  <system-out><![CDATA[]]></system-out>
  <system-err><![CDATA[]]></system-err>
</testsuite>
