<?xml version="1.0" encoding="UTF-8"?>
<testsuite name="com.cedarsoft.execution.ExecutorTest" tests="5" skipped="0" failures="0" errors="0" timestamp="2021-07-08T02:05:56" hostname="runner-cs1zem-v-project-47-concurrent-0" time="3.843">
  <properties/>
  <testcase name="testAsync()" classname="com.cedarsoft.execution.ExecutorTest" time="0.427"/>
  <testcase name="testIt()" classname="com.cedarsoft.execution.ExecutorTest" time="2.133"/>
  <testcase name="testOutputRedirector()" classname="com.cedarsoft.execution.ExecutorTest" time="0.293"/>
  <testcase name="testOutput()" classname="com.cedarsoft.execution.ExecutorTest" time="0.67"/>
  <testcase name="testStreams()" classname="com.cedarsoft.execution.ExecutorTest" time="0.312"/>
  <system-out><![CDATA[]]></system-out>
  <system-err><![CDATA[]]></system-err>
</testsuite>
