<?xml version="1.0" encoding="UTF-8"?>
<testsuite name="com.cedarsoft.execution.ExecutorTest" tests="5" skipped="0" failures="0" errors="0" timestamp="2022-02-10T17:15:40" hostname="runner-ioxloixu-project-47-concurrent-1" time="4.948">
  <properties/>
  <testcase name="testAsync()" classname="com.cedarsoft.execution.ExecutorTest" time="0.398"/>
  <testcase name="testIt()" classname="com.cedarsoft.execution.ExecutorTest" time="2.927"/>
  <testcase name="testOutputRedirector()" classname="com.cedarsoft.execution.ExecutorTest" time="0.294"/>
  <testcase name="testOutput()" classname="com.cedarsoft.execution.ExecutorTest" time="1.027"/>
  <testcase name="testStreams()" classname="com.cedarsoft.execution.ExecutorTest" time="0.282"/>
  <system-out><![CDATA[]]></system-out>
  <system-err><![CDATA[]]></system-err>
</testsuite>
