<?xml version="1.0" encoding="UTF-8"?>
<testsuite name="com.cedarsoft.execution.ExecutorTest" tests="5" skipped="0" failures="0" errors="0" timestamp="2021-07-05T02:05:31" hostname="runner-cs1zem-v-project-47-concurrent-0" time="4.223">
  <properties/>
  <testcase name="testAsync()" classname="com.cedarsoft.execution.ExecutorTest" time="0.411"/>
  <testcase name="testIt()" classname="com.cedarsoft.execution.ExecutorTest" time="2.4"/>
  <testcase name="testOutputRedirector()" classname="com.cedarsoft.execution.ExecutorTest" time="0.212"/>
  <testcase name="testOutput()" classname="com.cedarsoft.execution.ExecutorTest" time="0.762"/>
  <testcase name="testStreams()" classname="com.cedarsoft.execution.ExecutorTest" time="0.434"/>
  <system-out><![CDATA[]]></system-out>
  <system-err><![CDATA[]]></system-err>
</testsuite>
