<?xml version="1.0" encoding="UTF-8"?>
<testsuite name="com.cedarsoft.execution.ExecutorTest" tests="5" skipped="0" failures="0" errors="0" timestamp="2021-08-13T02:07:32" hostname="runner-kggansxr-project-47-concurrent-0" time="4.919">
  <properties/>
  <testcase name="testAsync()" classname="com.cedarsoft.execution.ExecutorTest" time="0.456"/>
  <testcase name="testIt()" classname="com.cedarsoft.execution.ExecutorTest" time="3.382"/>
  <testcase name="testOutputRedirector()" classname="com.cedarsoft.execution.ExecutorTest" time="0.221"/>
  <testcase name="testOutput()" classname="com.cedarsoft.execution.ExecutorTest" time="0.702"/>
  <testcase name="testStreams()" classname="com.cedarsoft.execution.ExecutorTest" time="0.154"/>
  <system-out><![CDATA[]]></system-out>
  <system-err><![CDATA[]]></system-err>
</testsuite>
