<?xml version="1.0" encoding="UTF-8"?>
<testsuite name="com.cedarsoft.execution.ExecutorTest" tests="5" skipped="0" failures="0" errors="0" timestamp="2021-02-28T03:22:13" hostname="runner-pgnkb89--project-47-concurrent-0" time="6.213">
  <properties/>
  <testcase name="testAsync()" classname="com.cedarsoft.execution.ExecutorTest" time="0.537"/>
  <testcase name="testIt()" classname="com.cedarsoft.execution.ExecutorTest" time="3.987"/>
  <testcase name="testOutputRedirector()" classname="com.cedarsoft.execution.ExecutorTest" time="0.266"/>
  <testcase name="testOutput()" classname="com.cedarsoft.execution.ExecutorTest" time="1.094"/>
  <testcase name="testStreams()" classname="com.cedarsoft.execution.ExecutorTest" time="0.324"/>
  <system-out><![CDATA[]]></system-out>
  <system-err><![CDATA[]]></system-err>
</testsuite>
