<?xml version="1.0" encoding="UTF-8"?>
<testsuite name="com.cedarsoft.execution.OutputRedirectorTest" tests="5" skipped="0" failures="0" errors="0" timestamp="2021-03-04T03:06:07" hostname="runner-pgnkb89--project-47-concurrent-0" time="0.478">
  <properties/>
  <testcase name="testThreaded()" classname="com.cedarsoft.execution.OutputRedirectorTest" time="0.226"/>
  <testcase name="testStreamsBuffered()" classname="com.cedarsoft.execution.OutputRedirectorTest" time="0.02"/>
  <testcase name="testBlocking()" classname="com.cedarsoft.execution.OutputRedirectorTest" time="0.218"/>
  <testcase name="testDefault()" classname="com.cedarsoft.execution.OutputRedirectorTest" time="0.001"/>
  <testcase name="testStreams()" classname="com.cedarsoft.execution.OutputRedirectorTest" time="0.003"/>
  <system-out><![CDATA[]]></system-out>
  <system-err><![CDATA[]]></system-err>
</testsuite>
