<?xml version="1.0" encoding="UTF-8"?>
<testsuite name="com.cedarsoft.execution.ExecutorTest" tests="5" skipped="0" failures="0" errors="0" timestamp="2021-04-09T02:05:11" hostname="runner-cs1zem-v-project-47-concurrent-0" time="4.088">
  <properties/>
  <testcase name="testAsync()" classname="com.cedarsoft.execution.ExecutorTest" time="0.456"/>
  <testcase name="testIt()" classname="com.cedarsoft.execution.ExecutorTest" time="2.207"/>
  <testcase name="testOutputRedirector()" classname="com.cedarsoft.execution.ExecutorTest" time="0.37"/>
  <testcase name="testOutput()" classname="com.cedarsoft.execution.ExecutorTest" time="0.719"/>
  <testcase name="testStreams()" classname="com.cedarsoft.execution.ExecutorTest" time="0.329"/>
  <system-out><![CDATA[]]></system-out>
  <system-err><![CDATA[]]></system-err>
</testsuite>
