<?xml version="1.0" encoding="UTF-8"?>
<testsuite name="com.cedarsoft.execution.ExecutorTest" tests="5" skipped="0" failures="0" errors="0" timestamp="2021-04-09T15:42:33" hostname="runner-cs1zem-v-project-47-concurrent-0" time="4.894">
  <properties/>
  <testcase name="testAsync()" classname="com.cedarsoft.execution.ExecutorTest" time="0.409"/>
  <testcase name="testIt()" classname="com.cedarsoft.execution.ExecutorTest" time="3.0"/>
  <testcase name="testOutputRedirector()" classname="com.cedarsoft.execution.ExecutorTest" time="0.284"/>
  <testcase name="testOutput()" classname="com.cedarsoft.execution.ExecutorTest" time="0.832"/>
  <testcase name="testStreams()" classname="com.cedarsoft.execution.ExecutorTest" time="0.34"/>
  <system-out><![CDATA[]]></system-out>
  <system-err><![CDATA[]]></system-err>
</testsuite>
