<?xml version="1.0" encoding="UTF-8"?>
<testsuite name="com.cedarsoft.execution.ExecutorTest" tests="5" skipped="0" failures="0" errors="0" timestamp="2021-04-15T02:05:34" hostname="runner-cs1zem-v-project-47-concurrent-0" time="4.738">
  <properties/>
  <testcase name="testAsync()" classname="com.cedarsoft.execution.ExecutorTest" time="0.485"/>
  <testcase name="testIt()" classname="com.cedarsoft.execution.ExecutorTest" time="2.908"/>
  <testcase name="testOutputRedirector()" classname="com.cedarsoft.execution.ExecutorTest" time="0.268"/>
  <testcase name="testOutput()" classname="com.cedarsoft.execution.ExecutorTest" time="0.783"/>
  <testcase name="testStreams()" classname="com.cedarsoft.execution.ExecutorTest" time="0.285"/>
  <system-out><![CDATA[]]></system-out>
  <system-err><![CDATA[]]></system-err>
</testsuite>
