<?xml version="1.0" encoding="UTF-8"?>
<testsuite name="com.cedarsoft.execution.ExecutorTest" tests="5" skipped="0" failures="0" errors="0" timestamp="2021-06-20T02:07:36" hostname="runner-kggansxr-project-47-concurrent-0" time="6.001">
  <properties/>
  <testcase name="testAsync()" classname="com.cedarsoft.execution.ExecutorTest" time="0.462"/>
  <testcase name="testIt()" classname="com.cedarsoft.execution.ExecutorTest" time="3.741"/>
  <testcase name="testOutputRedirector()" classname="com.cedarsoft.execution.ExecutorTest" time="0.347"/>
  <testcase name="testOutput()" classname="com.cedarsoft.execution.ExecutorTest" time="1.051"/>
  <testcase name="testStreams()" classname="com.cedarsoft.execution.ExecutorTest" time="0.365"/>
  <system-out><![CDATA[]]></system-out>
  <system-err><![CDATA[]]></system-err>
</testsuite>
