<?xml version="1.0" encoding="UTF-8"?>
<testsuite name="com.cedarsoft.execution.ExecutorTest" tests="5" skipped="0" failures="0" errors="0" timestamp="2021-08-22T02:07:03" hostname="runner-kggansxr-project-47-concurrent-0" time="4.705">
  <properties/>
  <testcase name="testAsync()" classname="com.cedarsoft.execution.ExecutorTest" time="0.476"/>
  <testcase name="testIt()" classname="com.cedarsoft.execution.ExecutorTest" time="2.845"/>
  <testcase name="testOutputRedirector()" classname="com.cedarsoft.execution.ExecutorTest" time="0.278"/>
  <testcase name="testOutput()" classname="com.cedarsoft.execution.ExecutorTest" time="0.801"/>
  <testcase name="testStreams()" classname="com.cedarsoft.execution.ExecutorTest" time="0.28"/>
  <system-out><![CDATA[]]></system-out>
  <system-err><![CDATA[]]></system-err>
</testsuite>
