<?xml version="1.0" encoding="UTF-8"?>
<testsuite name="com.cedarsoft.execution.ExecutorTest" tests="5" skipped="0" failures="0" errors="0" timestamp="2021-07-02T02:05:44" hostname="runner-cs1zem-v-project-47-concurrent-0" time="4.28">
  <properties/>
  <testcase name="testAsync()" classname="com.cedarsoft.execution.ExecutorTest" time="0.479"/>
  <testcase name="testIt()" classname="com.cedarsoft.execution.ExecutorTest" time="2.601"/>
  <testcase name="testOutputRedirector()" classname="com.cedarsoft.execution.ExecutorTest" time="0.189"/>
  <testcase name="testOutput()" classname="com.cedarsoft.execution.ExecutorTest" time="0.674"/>
  <testcase name="testStreams()" classname="com.cedarsoft.execution.ExecutorTest" time="0.334"/>
  <system-out><![CDATA[]]></system-out>
  <system-err><![CDATA[]]></system-err>
</testsuite>
