<?xml version="1.0" encoding="UTF-8"?>
<testsuite name="com.cedarsoft.execution.ExecutorTest" tests="5" skipped="0" failures="0" errors="0" timestamp="2021-11-18T03:09:54" hostname="runner-cs1zem-v-project-47-concurrent-0" time="3.796">
  <properties/>
  <testcase name="testAsync()" classname="com.cedarsoft.execution.ExecutorTest" time="0.331"/>
  <testcase name="testIt()" classname="com.cedarsoft.execution.ExecutorTest" time="2.016"/>
  <testcase name="testOutputRedirector()" classname="com.cedarsoft.execution.ExecutorTest" time="0.294"/>
  <testcase name="testOutput()" classname="com.cedarsoft.execution.ExecutorTest" time="0.867"/>
  <testcase name="testStreams()" classname="com.cedarsoft.execution.ExecutorTest" time="0.282"/>
  <system-out><![CDATA[]]></system-out>
  <system-err><![CDATA[]]></system-err>
</testsuite>
