<?xml version="1.0" encoding="UTF-8"?>
<testsuite name="com.cedarsoft.execution.ExecutorTest" tests="5" skipped="0" failures="0" errors="0" timestamp="2021-05-16T02:06:03" hostname="runner-cs1zem-v-project-47-concurrent-0" time="3.956">
  <properties/>
  <testcase name="testAsync()" classname="com.cedarsoft.execution.ExecutorTest" time="0.46"/>
  <testcase name="testIt()" classname="com.cedarsoft.execution.ExecutorTest" time="2.106"/>
  <testcase name="testOutputRedirector()" classname="com.cedarsoft.execution.ExecutorTest" time="0.333"/>
  <testcase name="testOutput()" classname="com.cedarsoft.execution.ExecutorTest" time="0.755"/>
  <testcase name="testStreams()" classname="com.cedarsoft.execution.ExecutorTest" time="0.296"/>
  <system-out><![CDATA[]]></system-out>
  <system-err><![CDATA[]]></system-err>
</testsuite>
