<?xml version="1.0" encoding="UTF-8"?>
<testsuite name="com.cedarsoft.execution.ExecutorTest" tests="5" skipped="0" failures="0" errors="0" timestamp="2021-10-18T02:06:10" hostname="runner-cs1zem-v-project-47-concurrent-0" time="5.022">
  <properties/>
  <testcase name="testAsync()" classname="com.cedarsoft.execution.ExecutorTest" time="0.337"/>
  <testcase name="testIt()" classname="com.cedarsoft.execution.ExecutorTest" time="2.889"/>
  <testcase name="testOutputRedirector()" classname="com.cedarsoft.execution.ExecutorTest" time="0.388"/>
  <testcase name="testOutput()" classname="com.cedarsoft.execution.ExecutorTest" time="1.054"/>
  <testcase name="testStreams()" classname="com.cedarsoft.execution.ExecutorTest" time="0.337"/>
  <system-out><![CDATA[]]></system-out>
  <system-err><![CDATA[]]></system-err>
</testsuite>
