<?xml version="1.0" encoding="UTF-8"?>
<testsuite name="com.cedarsoft.execution.ExecutorTest" tests="5" skipped="0" failures="0" errors="0" timestamp="2021-09-26T02:05:50" hostname="runner-cs1zem-v-project-47-concurrent-0" time="4.12">
  <properties/>
  <testcase name="testAsync()" classname="com.cedarsoft.execution.ExecutorTest" time="0.424"/>
  <testcase name="testIt()" classname="com.cedarsoft.execution.ExecutorTest" time="2.313"/>
  <testcase name="testOutputRedirector()" classname="com.cedarsoft.execution.ExecutorTest" time="0.459"/>
  <testcase name="testOutput()" classname="com.cedarsoft.execution.ExecutorTest" time="0.7"/>
  <testcase name="testStreams()" classname="com.cedarsoft.execution.ExecutorTest" time="0.219"/>
  <system-out><![CDATA[]]></system-out>
  <system-err><![CDATA[]]></system-err>
</testsuite>
