<?xml version="1.0" encoding="UTF-8"?>
<testsuite name="com.cedarsoft.execution.JavaCommandBuilderTest" tests="4" skipped="0" failures="0" errors="0" timestamp="2021-02-03T03:21:04" hostname="runner-pgnkb89--project-47-concurrent-0" time="0.408">
  <properties/>
  <testcase name="testAll()" classname="com.cedarsoft.execution.JavaCommandBuilderTest" time="0.358"/>
  <testcase name="testArguments()" classname="com.cedarsoft.execution.JavaCommandBuilderTest" time="0.004"/>
  <testcase name="testClasspath()" classname="com.cedarsoft.execution.JavaCommandBuilderTest" time="0.017"/>
  <testcase name="testVmProperties()" classname="com.cedarsoft.execution.JavaCommandBuilderTest" time="0.01"/>
  <system-out><![CDATA[]]></system-out>
  <system-err><![CDATA[]]></system-err>
</testsuite>
