<?xml version="1.0" encoding="UTF-8"?>
<testsuite name="com.cedarsoft.execution.ExecutorTest" tests="5" skipped="0" failures="0" errors="0" timestamp="2021-04-14T02:05:22" hostname="runner-cs1zem-v-project-47-concurrent-0" time="5.259">
  <properties/>
  <testcase name="testAsync()" classname="com.cedarsoft.execution.ExecutorTest" time="0.45"/>
  <testcase name="testIt()" classname="com.cedarsoft.execution.ExecutorTest" time="3.258"/>
  <testcase name="testOutputRedirector()" classname="com.cedarsoft.execution.ExecutorTest" time="0.347"/>
  <testcase name="testOutput()" classname="com.cedarsoft.execution.ExecutorTest" time="0.791"/>
  <testcase name="testStreams()" classname="com.cedarsoft.execution.ExecutorTest" time="0.393"/>
  <system-out><![CDATA[]]></system-out>
  <system-err><![CDATA[]]></system-err>
</testsuite>
