<?xml version="1.0" encoding="UTF-8"?>
<testsuite name="com.cedarsoft.execution.ExecutorTest" tests="5" skipped="0" failures="0" errors="0" timestamp="2021-06-16T02:05:20" hostname="runner-cs1zem-v-project-47-concurrent-0" time="3.568">
  <properties/>
  <testcase name="testAsync()" classname="com.cedarsoft.execution.ExecutorTest" time="0.315"/>
  <testcase name="testIt()" classname="com.cedarsoft.execution.ExecutorTest" time="1.774"/>
  <testcase name="testOutputRedirector()" classname="com.cedarsoft.execution.ExecutorTest" time="0.29"/>
  <testcase name="testOutput()" classname="com.cedarsoft.execution.ExecutorTest" time="0.786"/>
  <testcase name="testStreams()" classname="com.cedarsoft.execution.ExecutorTest" time="0.395"/>
  <system-out><![CDATA[]]></system-out>
  <system-err><![CDATA[]]></system-err>
</testsuite>
