<?xml version="1.0" encoding="UTF-8"?>
<testsuite name="com.cedarsoft.execution.ExecutorTest" tests="5" skipped="0" failures="0" errors="0" timestamp="2021-01-19T03:20:40" hostname="runner-pgnkb89--project-47-concurrent-0" time="7.088">
  <properties/>
  <testcase name="testAsync()" classname="com.cedarsoft.execution.ExecutorTest" time="0.539"/>
  <testcase name="testIt()" classname="com.cedarsoft.execution.ExecutorTest" time="4.698"/>
  <testcase name="testOutputRedirector()" classname="com.cedarsoft.execution.ExecutorTest" time="0.363"/>
  <testcase name="testOutput()" classname="com.cedarsoft.execution.ExecutorTest" time="1.048"/>
  <testcase name="testStreams()" classname="com.cedarsoft.execution.ExecutorTest" time="0.42"/>
  <system-out><![CDATA[]]></system-out>
  <system-err><![CDATA[]]></system-err>
</testsuite>
