<?xml version="1.0" encoding="UTF-8"?>
<testsuite name="com.cedarsoft.execution.ExecutorTest" tests="5" skipped="0" failures="0" errors="0" timestamp="2021-08-27T02:05:44" hostname="runner-cs1zem-v-project-47-concurrent-0" time="4.317">
  <properties/>
  <testcase name="testAsync()" classname="com.cedarsoft.execution.ExecutorTest" time="0.418"/>
  <testcase name="testIt()" classname="com.cedarsoft.execution.ExecutorTest" time="2.263"/>
  <testcase name="testOutputRedirector()" classname="com.cedarsoft.execution.ExecutorTest" time="0.378"/>
  <testcase name="testOutput()" classname="com.cedarsoft.execution.ExecutorTest" time="0.884"/>
  <testcase name="testStreams()" classname="com.cedarsoft.execution.ExecutorTest" time="0.35"/>
  <system-out><![CDATA[]]></system-out>
  <system-err><![CDATA[]]></system-err>
</testsuite>
