<?xml version="1.0" encoding="UTF-8"?>
<testsuite name="com.cedarsoft.execution.ExecutorTest" tests="5" skipped="0" failures="0" errors="0" timestamp="2021-12-05T03:09:57" hostname="runner-cs1zem-v-project-47-concurrent-0" time="4.356">
  <properties/>
  <testcase name="testAsync()" classname="com.cedarsoft.execution.ExecutorTest" time="0.665"/>
  <testcase name="testIt()" classname="com.cedarsoft.execution.ExecutorTest" time="2.293"/>
  <testcase name="testOutputRedirector()" classname="com.cedarsoft.execution.ExecutorTest" time="0.351"/>
  <testcase name="testOutput()" classname="com.cedarsoft.execution.ExecutorTest" time="0.704"/>
  <testcase name="testStreams()" classname="com.cedarsoft.execution.ExecutorTest" time="0.339"/>
  <system-out><![CDATA[]]></system-out>
  <system-err><![CDATA[]]></system-err>
</testsuite>
