<?xml version="1.0" encoding="UTF-8"?>
<testsuite name="com.cedarsoft.execution.ExecutorTest" tests="5" skipped="0" failures="0" errors="0" timestamp="2021-02-18T03:21:14" hostname="runner-pgnkb89--project-47-concurrent-0" time="5.89">
  <properties/>
  <testcase name="testAsync()" classname="com.cedarsoft.execution.ExecutorTest" time="0.476"/>
  <testcase name="testIt()" classname="com.cedarsoft.execution.ExecutorTest" time="3.712"/>
  <testcase name="testOutputRedirector()" classname="com.cedarsoft.execution.ExecutorTest" time="0.351"/>
  <testcase name="testOutput()" classname="com.cedarsoft.execution.ExecutorTest" time="0.941"/>
  <testcase name="testStreams()" classname="com.cedarsoft.execution.ExecutorTest" time="0.392"/>
  <system-out><![CDATA[]]></system-out>
  <system-err><![CDATA[]]></system-err>
</testsuite>
