<?xml version="1.0" encoding="UTF-8"?>
<testsuite name="com.cedarsoft.execution.ExecutorTest" tests="5" skipped="0" failures="0" errors="0" timestamp="2021-05-02T02:05:42" hostname="runner-cs1zem-v-project-47-concurrent-0" time="4.399">
  <properties/>
  <testcase name="testAsync()" classname="com.cedarsoft.execution.ExecutorTest" time="0.406"/>
  <testcase name="testIt()" classname="com.cedarsoft.execution.ExecutorTest" time="2.418"/>
  <testcase name="testOutputRedirector()" classname="com.cedarsoft.execution.ExecutorTest" time="0.359"/>
  <testcase name="testOutput()" classname="com.cedarsoft.execution.ExecutorTest" time="0.82"/>
  <testcase name="testStreams()" classname="com.cedarsoft.execution.ExecutorTest" time="0.363"/>
  <system-out><![CDATA[]]></system-out>
  <system-err><![CDATA[]]></system-err>
</testsuite>
