<?xml version="1.0" encoding="UTF-8"?>
<testsuite name="com.cedarsoft.execution.ExecutorTest" tests="5" skipped="0" failures="0" errors="0" timestamp="2021-08-17T02:05:36" hostname="runner-cs1zem-v-project-47-concurrent-0" time="4.791">
  <properties/>
  <testcase name="testAsync()" classname="com.cedarsoft.execution.ExecutorTest" time="0.427"/>
  <testcase name="testIt()" classname="com.cedarsoft.execution.ExecutorTest" time="3.039"/>
  <testcase name="testOutputRedirector()" classname="com.cedarsoft.execution.ExecutorTest" time="0.339"/>
  <testcase name="testOutput()" classname="com.cedarsoft.execution.ExecutorTest" time="0.659"/>
  <testcase name="testStreams()" classname="com.cedarsoft.execution.ExecutorTest" time="0.319"/>
  <system-out><![CDATA[]]></system-out>
  <system-err><![CDATA[]]></system-err>
</testsuite>
