<?xml version="1.0" encoding="UTF-8"?>
<testsuite name="com.cedarsoft.execution.ExecutorTest" tests="5" skipped="0" failures="0" errors="0" timestamp="2021-12-30T03:09:17" hostname="runner-cs1zem-v-project-47-concurrent-0" time="3.526">
  <properties/>
  <testcase name="testAsync()" classname="com.cedarsoft.execution.ExecutorTest" time="0.334"/>
  <testcase name="testIt()" classname="com.cedarsoft.execution.ExecutorTest" time="1.957"/>
  <testcase name="testOutputRedirector()" classname="com.cedarsoft.execution.ExecutorTest" time="0.291"/>
  <testcase name="testOutput()" classname="com.cedarsoft.execution.ExecutorTest" time="0.681"/>
  <testcase name="testStreams()" classname="com.cedarsoft.execution.ExecutorTest" time="0.256"/>
  <system-out><![CDATA[]]></system-out>
  <system-err><![CDATA[]]></system-err>
</testsuite>
