<?xml version="1.0" encoding="UTF-8"?>
<testsuite name="com.cedarsoft.execution.JavaCommandBuilderTest" tests="4" skipped="0" failures="0" errors="0" timestamp="2021-02-19T03:21:06" hostname="runner-pgnkb89--project-47-concurrent-0" time="0.182">
  <properties/>
  <testcase name="testAll()" classname="com.cedarsoft.execution.JavaCommandBuilderTest" time="0.163"/>
  <testcase name="testArguments()" classname="com.cedarsoft.execution.JavaCommandBuilderTest" time="0.001"/>
  <testcase name="testClasspath()" classname="com.cedarsoft.execution.JavaCommandBuilderTest" time="0.002"/>
  <testcase name="testVmProperties()" classname="com.cedarsoft.execution.JavaCommandBuilderTest" time="0.006"/>
  <system-out><![CDATA[]]></system-out>
  <system-err><![CDATA[]]></system-err>
</testsuite>
