<?xml version="1.0" encoding="UTF-8"?>
<testsuite name="com.cedarsoft.execution.ExecutorTest" tests="5" skipped="0" failures="0" errors="0" timestamp="2022-02-04T03:09:34" hostname="runner-ioxloixu-project-47-concurrent-0" time="4.057">
  <properties/>
  <testcase name="testAsync()" classname="com.cedarsoft.execution.ExecutorTest" time="0.395"/>
  <testcase name="testIt()" classname="com.cedarsoft.execution.ExecutorTest" time="2.11"/>
  <testcase name="testOutputRedirector()" classname="com.cedarsoft.execution.ExecutorTest" time="0.331"/>
  <testcase name="testOutput()" classname="com.cedarsoft.execution.ExecutorTest" time="0.899"/>
  <testcase name="testStreams()" classname="com.cedarsoft.execution.ExecutorTest" time="0.304"/>
  <system-out><![CDATA[]]></system-out>
  <system-err><![CDATA[]]></system-err>
</testsuite>
