<?xml version="1.0" encoding="UTF-8"?>
<testsuite name="com.cedarsoft.execution.ExecutorTest" tests="5" skipped="0" failures="0" errors="0" timestamp="2021-08-18T02:05:36" hostname="runner-cs1zem-v-project-47-concurrent-0" time="4.388">
  <properties/>
  <testcase name="testAsync()" classname="com.cedarsoft.execution.ExecutorTest" time="0.422"/>
  <testcase name="testIt()" classname="com.cedarsoft.execution.ExecutorTest" time="2.849"/>
  <testcase name="testOutputRedirector()" classname="com.cedarsoft.execution.ExecutorTest" time="0.262"/>
  <testcase name="testOutput()" classname="com.cedarsoft.execution.ExecutorTest" time="0.559"/>
  <testcase name="testStreams()" classname="com.cedarsoft.execution.ExecutorTest" time="0.279"/>
  <system-out><![CDATA[]]></system-out>
  <system-err><![CDATA[]]></system-err>
</testsuite>
