<?xml version="1.0" encoding="UTF-8"?>
<testsuite name="com.cedarsoft.execution.ExecutorTest" tests="5" skipped="0" failures="0" errors="0" timestamp="2021-01-12T17:32:20" hostname="runner-cs1zem-v-project-47-concurrent-0" time="5.415">
  <properties/>
  <testcase name="testAsync()" classname="com.cedarsoft.execution.ExecutorTest" time="0.412"/>
  <testcase name="testIt()" classname="com.cedarsoft.execution.ExecutorTest" time="3.073"/>
  <testcase name="testOutputRedirector()" classname="com.cedarsoft.execution.ExecutorTest" time="0.522"/>
  <testcase name="testOutput()" classname="com.cedarsoft.execution.ExecutorTest" time="0.918"/>
  <testcase name="testStreams()" classname="com.cedarsoft.execution.ExecutorTest" time="0.462"/>
  <system-out><![CDATA[]]></system-out>
  <system-err><![CDATA[]]></system-err>
</testsuite>
