<?xml version="1.0" encoding="UTF-8"?>
<testsuite name="com.cedarsoft.execution.ExecutorTest" tests="5" skipped="0" failures="0" errors="0" timestamp="2021-11-10T11:19:56" hostname="runner-ioxloixu-project-47-concurrent-0" time="3.576">
  <properties/>
  <testcase name="testAsync()" classname="com.cedarsoft.execution.ExecutorTest" time="0.419"/>
  <testcase name="testIt()" classname="com.cedarsoft.execution.ExecutorTest" time="1.757"/>
  <testcase name="testOutputRedirector()" classname="com.cedarsoft.execution.ExecutorTest" time="0.242"/>
  <testcase name="testOutput()" classname="com.cedarsoft.execution.ExecutorTest" time="0.858"/>
  <testcase name="testStreams()" classname="com.cedarsoft.execution.ExecutorTest" time="0.297"/>
  <system-out><![CDATA[]]></system-out>
  <system-err><![CDATA[]]></system-err>
</testsuite>
