<?xml version="1.0" encoding="UTF-8"?>
<testsuite name="com.cedarsoft.execution.ExecutorTest" tests="5" skipped="0" failures="0" errors="0" timestamp="2021-08-09T02:08:48" hostname="runner-kggansxr-project-47-concurrent-0" time="5.681">
  <properties/>
  <testcase name="testAsync()" classname="com.cedarsoft.execution.ExecutorTest" time="0.448"/>
  <testcase name="testIt()" classname="com.cedarsoft.execution.ExecutorTest" time="3.436"/>
  <testcase name="testOutputRedirector()" classname="com.cedarsoft.execution.ExecutorTest" time="0.346"/>
  <testcase name="testOutput()" classname="com.cedarsoft.execution.ExecutorTest" time="1.047"/>
  <testcase name="testStreams()" classname="com.cedarsoft.execution.ExecutorTest" time="0.395"/>
  <system-out><![CDATA[]]></system-out>
  <system-err><![CDATA[]]></system-err>
</testsuite>
