<?xml version="1.0" encoding="UTF-8"?>
<testsuite name="com.cedarsoft.execution.ExecutorTest" tests="5" skipped="0" failures="0" errors="0" timestamp="2021-01-28T03:20:26" hostname="runner-cs1zem-v-project-47-concurrent-0" time="6.095">
  <properties/>
  <testcase name="testAsync()" classname="com.cedarsoft.execution.ExecutorTest" time="0.486"/>
  <testcase name="testIt()" classname="com.cedarsoft.execution.ExecutorTest" time="3.582"/>
  <testcase name="testOutputRedirector()" classname="com.cedarsoft.execution.ExecutorTest" time="0.562"/>
  <testcase name="testOutput()" classname="com.cedarsoft.execution.ExecutorTest" time="1.051"/>
  <testcase name="testStreams()" classname="com.cedarsoft.execution.ExecutorTest" time="0.39"/>
  <system-out><![CDATA[]]></system-out>
  <system-err><![CDATA[]]></system-err>
</testsuite>
