<?xml version="1.0" encoding="UTF-8"?>
<testsuite name="com.cedarsoft.execution.ExecutorTest" tests="5" skipped="0" failures="0" errors="0" timestamp="2021-07-21T02:07:27" hostname="runner-kggansxr-project-47-concurrent-0" time="5.002">
  <properties/>
  <testcase name="testAsync()" classname="com.cedarsoft.execution.ExecutorTest" time="0.438"/>
  <testcase name="testIt()" classname="com.cedarsoft.execution.ExecutorTest" time="3.047"/>
  <testcase name="testOutputRedirector()" classname="com.cedarsoft.execution.ExecutorTest" time="0.301"/>
  <testcase name="testOutput()" classname="com.cedarsoft.execution.ExecutorTest" time="0.948"/>
  <testcase name="testStreams()" classname="com.cedarsoft.execution.ExecutorTest" time="0.251"/>
  <system-out><![CDATA[]]></system-out>
  <system-err><![CDATA[]]></system-err>
</testsuite>
