<?xml version="1.0" encoding="UTF-8"?>
<testsuite name="com.cedarsoft.execution.ExecutorTest" tests="5" skipped="0" failures="0" errors="0" timestamp="2021-02-17T03:21:05" hostname="runner-pgnkb89--project-47-concurrent-0" time="6.55">
  <properties/>
  <testcase name="testAsync()" classname="com.cedarsoft.execution.ExecutorTest" time="0.435"/>
  <testcase name="testIt()" classname="com.cedarsoft.execution.ExecutorTest" time="4.475"/>
  <testcase name="testOutputRedirector()" classname="com.cedarsoft.execution.ExecutorTest" time="0.319"/>
  <testcase name="testOutput()" classname="com.cedarsoft.execution.ExecutorTest" time="1.008"/>
  <testcase name="testStreams()" classname="com.cedarsoft.execution.ExecutorTest" time="0.301"/>
  <system-out><![CDATA[]]></system-out>
  <system-err><![CDATA[]]></system-err>
</testsuite>
