<?xml version="1.0" encoding="UTF-8"?>
<testsuite name="com.cedarsoft.execution.ExecutorTest" tests="5" skipped="0" failures="0" errors="0" timestamp="2021-12-18T03:10:01" hostname="runner-cs1zem-v-project-47-concurrent-0" time="3.661">
  <properties/>
  <testcase name="testAsync()" classname="com.cedarsoft.execution.ExecutorTest" time="0.492"/>
  <testcase name="testIt()" classname="com.cedarsoft.execution.ExecutorTest" time="1.718"/>
  <testcase name="testOutputRedirector()" classname="com.cedarsoft.execution.ExecutorTest" time="0.352"/>
  <testcase name="testOutput()" classname="com.cedarsoft.execution.ExecutorTest" time="0.883"/>
  <testcase name="testStreams()" classname="com.cedarsoft.execution.ExecutorTest" time="0.212"/>
  <system-out><![CDATA[]]></system-out>
  <system-err><![CDATA[]]></system-err>
</testsuite>
