<?xml version="1.0" encoding="UTF-8"?>
<testsuite name="com.cedarsoft.execution.ExecutorTest" tests="5" skipped="0" failures="0" errors="0" timestamp="2021-08-06T02:05:46" hostname="runner-cs1zem-v-project-47-concurrent-0" time="5.039">
  <properties/>
  <testcase name="testAsync()" classname="com.cedarsoft.execution.ExecutorTest" time="0.43"/>
  <testcase name="testIt()" classname="com.cedarsoft.execution.ExecutorTest" time="2.983"/>
  <testcase name="testOutputRedirector()" classname="com.cedarsoft.execution.ExecutorTest" time="0.299"/>
  <testcase name="testOutput()" classname="com.cedarsoft.execution.ExecutorTest" time="0.857"/>
  <testcase name="testStreams()" classname="com.cedarsoft.execution.ExecutorTest" time="0.447"/>
  <system-out><![CDATA[]]></system-out>
  <system-err><![CDATA[]]></system-err>
</testsuite>
