<?xml version="1.0" encoding="UTF-8"?>
<testsuite name="com.cedarsoft.execution.ExecutorTest" tests="5" skipped="0" failures="0" errors="0" timestamp="2021-07-19T02:05:52" hostname="runner-cs1zem-v-project-47-concurrent-0" time="4.227">
  <properties/>
  <testcase name="testAsync()" classname="com.cedarsoft.execution.ExecutorTest" time="0.415"/>
  <testcase name="testIt()" classname="com.cedarsoft.execution.ExecutorTest" time="2.534"/>
  <testcase name="testOutputRedirector()" classname="com.cedarsoft.execution.ExecutorTest" time="0.36"/>
  <testcase name="testOutput()" classname="com.cedarsoft.execution.ExecutorTest" time="0.617"/>
  <testcase name="testStreams()" classname="com.cedarsoft.execution.ExecutorTest" time="0.274"/>
  <system-out><![CDATA[]]></system-out>
  <system-err><![CDATA[]]></system-err>
</testsuite>
