<?xml version="1.0" encoding="UTF-8"?>
<testsuite name="com.cedarsoft.execution.ExecutorTest" tests="5" skipped="0" failures="0" errors="0" timestamp="2022-01-03T03:09:34" hostname="runner-cs1zem-v-project-47-concurrent-0" time="3.901">
  <properties/>
  <testcase name="testAsync()" classname="com.cedarsoft.execution.ExecutorTest" time="0.558"/>
  <testcase name="testIt()" classname="com.cedarsoft.execution.ExecutorTest" time="1.939"/>
  <testcase name="testOutputRedirector()" classname="com.cedarsoft.execution.ExecutorTest" time="0.275"/>
  <testcase name="testOutput()" classname="com.cedarsoft.execution.ExecutorTest" time="0.837"/>
  <testcase name="testStreams()" classname="com.cedarsoft.execution.ExecutorTest" time="0.279"/>
  <system-out><![CDATA[]]></system-out>
  <system-err><![CDATA[]]></system-err>
</testsuite>
