<?xml version="1.0" encoding="UTF-8"?>
<testsuite name="com.cedarsoft.execution.ExecutorTest" tests="5" skipped="0" failures="0" errors="0" timestamp="2021-11-22T03:09:14" hostname="runner-cs1zem-v-project-47-concurrent-0" time="4.078">
  <properties/>
  <testcase name="testAsync()" classname="com.cedarsoft.execution.ExecutorTest" time="0.401"/>
  <testcase name="testIt()" classname="com.cedarsoft.execution.ExecutorTest" time="2.327"/>
  <testcase name="testOutputRedirector()" classname="com.cedarsoft.execution.ExecutorTest" time="0.275"/>
  <testcase name="testOutput()" classname="com.cedarsoft.execution.ExecutorTest" time="0.785"/>
  <testcase name="testStreams()" classname="com.cedarsoft.execution.ExecutorTest" time="0.281"/>
  <system-out><![CDATA[]]></system-out>
  <system-err><![CDATA[]]></system-err>
</testsuite>
