<?xml version="1.0" encoding="UTF-8"?>
<testsuite name="com.cedarsoft.execution.ExecutorTest" tests="5" skipped="0" failures="0" errors="0" timestamp="2021-03-03T03:06:09" hostname="runner-pgnkb89--project-47-concurrent-0" time="6.341">
  <properties/>
  <testcase name="testAsync()" classname="com.cedarsoft.execution.ExecutorTest" time="0.421"/>
  <testcase name="testIt()" classname="com.cedarsoft.execution.ExecutorTest" time="4.395"/>
  <testcase name="testOutputRedirector()" classname="com.cedarsoft.execution.ExecutorTest" time="0.364"/>
  <testcase name="testOutput()" classname="com.cedarsoft.execution.ExecutorTest" time="0.882"/>
  <testcase name="testStreams()" classname="com.cedarsoft.execution.ExecutorTest" time="0.265"/>
  <system-out><![CDATA[]]></system-out>
  <system-err><![CDATA[]]></system-err>
</testsuite>
