<?xml version="1.0" encoding="UTF-8"?>
<testsuite name="com.cedarsoft.execution.ExecutorTest" tests="5" skipped="0" failures="0" errors="0" timestamp="2021-02-27T03:21:07" hostname="runner-cs1zem-v-project-47-concurrent-0" time="4.632">
  <properties/>
  <testcase name="testAsync()" classname="com.cedarsoft.execution.ExecutorTest" time="0.498"/>
  <testcase name="testIt()" classname="com.cedarsoft.execution.ExecutorTest" time="2.565"/>
  <testcase name="testOutputRedirector()" classname="com.cedarsoft.execution.ExecutorTest" time="0.371"/>
  <testcase name="testOutput()" classname="com.cedarsoft.execution.ExecutorTest" time="0.9"/>
  <testcase name="testStreams()" classname="com.cedarsoft.execution.ExecutorTest" time="0.292"/>
  <system-out><![CDATA[]]></system-out>
  <system-err><![CDATA[]]></system-err>
</testsuite>
