<?xml version="1.0" encoding="UTF-8"?>
<testsuite name="com.cedarsoft.execution.ExecutorTest" tests="5" skipped="0" failures="0" errors="0" timestamp="2021-06-17T02:07:31" hostname="runner-kggansxr-project-47-concurrent-0" time="6.053">
  <properties/>
  <testcase name="testAsync()" classname="com.cedarsoft.execution.ExecutorTest" time="0.402"/>
  <testcase name="testIt()" classname="com.cedarsoft.execution.ExecutorTest" time="4.205"/>
  <testcase name="testOutputRedirector()" classname="com.cedarsoft.execution.ExecutorTest" time="0.323"/>
  <testcase name="testOutput()" classname="com.cedarsoft.execution.ExecutorTest" time="0.804"/>
  <testcase name="testStreams()" classname="com.cedarsoft.execution.ExecutorTest" time="0.275"/>
  <system-out><![CDATA[]]></system-out>
  <system-err><![CDATA[]]></system-err>
</testsuite>
