<?xml version="1.0" encoding="UTF-8"?>
<testsuite name="com.cedarsoft.execution.ExecutorTest" tests="5" skipped="0" failures="0" errors="0" timestamp="2021-09-20T02:05:30" hostname="runner-cs1zem-v-project-47-concurrent-0" time="4.041">
  <properties/>
  <testcase name="testAsync()" classname="com.cedarsoft.execution.ExecutorTest" time="0.345"/>
  <testcase name="testIt()" classname="com.cedarsoft.execution.ExecutorTest" time="2.345"/>
  <testcase name="testOutputRedirector()" classname="com.cedarsoft.execution.ExecutorTest" time="0.435"/>
  <testcase name="testOutput()" classname="com.cedarsoft.execution.ExecutorTest" time="0.589"/>
  <testcase name="testStreams()" classname="com.cedarsoft.execution.ExecutorTest" time="0.323"/>
  <system-out><![CDATA[]]></system-out>
  <system-err><![CDATA[]]></system-err>
</testsuite>
