<?xml version="1.0" encoding="UTF-8"?>
<testsuite name="com.cedarsoft.test.utils.TestUtilsTest" tests="2" skipped="0" failures="0" errors="0" timestamp="2021-11-10T11:20:15" hostname="runner-ioxloixu-project-47-concurrent-0" time="0.008">
  <properties/>
  <testcase name="testCleanupNull()" classname="com.cedarsoft.test.utils.TestUtilsTest" time="0.001"/>
  <testcase name="testCleanup()" classname="com.cedarsoft.test.utils.TestUtilsTest" time="0.004"/>
  <system-out><![CDATA[]]></system-out>
  <system-err><![CDATA[]]></system-err>
</testsuite>
