<?xml version="1.0" encoding="UTF-8"?>
<testsuite name="com.cedarsoft.test.utils.matchers.ContainsFileMatcherTest" tests="5" skipped="0" failures="0" errors="0" timestamp="2021-01-27T03:20:40" hostname="runner-pgnkb89--project-47-concurrent-0" time="0.138">
  <properties/>
  <testcase name="testBasic()" classname="com.cedarsoft.test.utils.matchers.ContainsFileMatcherTest" time="0.026"/>
  <testcase name="testEmpty()" classname="com.cedarsoft.test.utils.matchers.ContainsFileMatcherTest" time="0.036"/>
  <testcase name="testList()" classname="com.cedarsoft.test.utils.matchers.ContainsFileMatcherTest" time="0.003"/>
  <testcase name="testNontExistent()" classname="com.cedarsoft.test.utils.matchers.ContainsFileMatcherTest" time="0.035"/>
  <testcase name="testSubDir()" classname="com.cedarsoft.test.utils.matchers.ContainsFileMatcherTest" time="0.026"/>
  <system-out><![CDATA[]]></system-out>
  <system-err><![CDATA[]]></system-err>
</testsuite>
