<?xml version="1.0" encoding="UTF-8"?>
<testsuite name="com.cedarsoft.test.utils.AssertUtilsTest" tests="13" skipped="0" failures="0" errors="0" timestamp="2021-05-08T02:06:18" hostname="runner-cs1zem-v-project-47-concurrent-0" time="2.843">
  <properties/>
  <testcase name="testXml2WhiteSpaces()" classname="com.cedarsoft.test.utils.AssertUtilsTest" time="0.678"/>
  <testcase name="testXml()" classname="com.cedarsoft.test.utils.AssertUtilsTest" time="0.087"/>
  <testcase name="testXml2()" classname="com.cedarsoft.test.utils.AssertUtilsTest" time="0.062"/>
  <testcase name="testJsonEquals()" classname="com.cedarsoft.test.utils.AssertUtilsTest" time="1.645"/>
  <testcase name="testJsonFormat()" classname="com.cedarsoft.test.utils.AssertUtilsTest" time="0.035"/>
  <testcase name="testJsonNotEquals()" classname="com.cedarsoft.test.utils.AssertUtilsTest" time="0.004"/>
  <testcase name="testGuessPath()" classname="com.cedarsoft.test.utils.AssertUtilsTest" time="0.004"/>
  <testcase name="testFileByHash(TemporaryFolder)" classname="com.cedarsoft.test.utils.AssertUtilsTest" time="0.031"/>
  <testcase name="testJsonNotFormatable()" classname="com.cedarsoft.test.utils.AssertUtilsTest" time="0.005"/>
  <testcase name="testAssertWithResource()" classname="com.cedarsoft.test.utils.AssertUtilsTest" time="0.007"/>
  <testcase name="testXml2WComments()" classname="com.cedarsoft.test.utils.AssertUtilsTest" time="0.064"/>
  <testcase name="testFormat()" classname="com.cedarsoft.test.utils.AssertUtilsTest" time="0.119"/>
  <testcase name="testGuessPath2()" classname="com.cedarsoft.test.utils.AssertUtilsTest" time="0.001"/>
  <system-out><![CDATA[]]></system-out>
  <system-err><![CDATA[[Fatal Error] :1:1: Content is not allowed in prolog.
[Fatal Error] :1:1: Content is not allowed in prolog.
ERROR:  'Content is not allowed in prolog.'
]]></system-err>
</testsuite>
