<?xml version="1.0" encoding="UTF-8"?>
<testsuite name="com.cedarsoft.test.utils.WithVirtualNowProviderExtensionTest" tests="2" skipped="0" failures="0" errors="0" timestamp="2021-07-26T02:09:05" hostname="runner-kggansxr-project-47-concurrent-0" time="0.057">
  <properties/>
  <testcase name="testNotParam()" classname="com.cedarsoft.test.utils.WithVirtualNowProviderExtensionTest" time="0.037"/>
  <testcase name="testIt(VirtualNowProvider)" classname="com.cedarsoft.test.utils.WithVirtualNowProviderExtensionTest" time="0.004"/>
  <system-out><![CDATA[]]></system-out>
  <system-err><![CDATA[]]></system-err>
</testsuite>
