<?xml version="1.0" encoding="UTF-8"?>
<testsuite name="com.cedarsoft.test.utils.WithVirtualNowProviderExtensionTest" tests="2" skipped="0" failures="0" errors="0" timestamp="2021-08-13T02:09:09" hostname="runner-kggansxr-project-47-concurrent-0" time="0.09">
  <properties/>
  <testcase name="testNotParam()" classname="com.cedarsoft.test.utils.WithVirtualNowProviderExtensionTest" time="0.082"/>
  <testcase name="testIt(VirtualNowProvider)" classname="com.cedarsoft.test.utils.WithVirtualNowProviderExtensionTest" time="0.006"/>
  <system-out><![CDATA[]]></system-out>
  <system-err><![CDATA[]]></system-err>
</testsuite>
