<?xml version="1.0" encoding="UTF-8"?>
<testsuite name="com.cedarsoft.test.utils.AwaitilityExtensionsKtTest" tests="2" skipped="0" failures="0" errors="0" timestamp="2021-05-14T02:06:42" hostname="runner-cs1zem-v-project-47-concurrent-0" time="0.412">
  <properties/>
  <testcase name="testTimeout$test_utils()" classname="com.cedarsoft.test.utils.AwaitilityExtensionsKtTest" time="0.308"/>
  <testcase name="testIt$test_utils()" classname="com.cedarsoft.test.utils.AwaitilityExtensionsKtTest" time="0.103"/>
  <system-out><![CDATA[]]></system-out>
  <system-err><![CDATA[]]></system-err>
</testsuite>
