<?xml version="1.0" encoding="UTF-8"?>
<testsuite name="com.cedarsoft.test.utils.MemoryLeakVerifierTest" tests="1" skipped="0" failures="0" errors="0" timestamp="2021-11-29T03:09:33" hostname="runner-ioxloixu-project-47-concurrent-0" time="0.118">
  <properties/>
  <testcase name="testIt()" classname="com.cedarsoft.test.utils.MemoryLeakVerifierTest" time="0.118"/>
  <system-out><![CDATA[]]></system-out>
  <system-err><![CDATA[]]></system-err>
</testsuite>
