<?xml version="1.0" encoding="UTF-8"?>
<testsuite name="com.cedarsoft.test.utils.LocaleExtensionTest" tests="2" skipped="0" failures="0" errors="0" timestamp="2021-01-24T03:23:21" hostname="runner-kggansxr-project-47-concurrent-0" time="0.09">
  <properties/>
  <testcase name="testDe()" classname="com.cedarsoft.test.utils.LocaleExtensionTest" time="0.078"/>
  <testcase name="testUs()" classname="com.cedarsoft.test.utils.LocaleExtensionTest" time="0.01"/>
  <system-out><![CDATA[]]></system-out>
  <system-err><![CDATA[]]></system-err>
</testsuite>
