<?xml version="1.0" encoding="UTF-8"?>
<testsuite name="com.cedarsoft.test.utils.XmlUnitTest" tests="3" skipped="0" failures="0" errors="0" timestamp="2022-01-12T03:09:52" hostname="runner-cs1zem-v-project-47-concurrent-0" time="0.216">
  <properties/>
  <testcase name="testEmpty()" classname="com.cedarsoft.test.utils.XmlUnitTest" time="0.009"/>
  <testcase name="testIt()" classname="com.cedarsoft.test.utils.XmlUnitTest" time="0.082"/>
  <testcase name="testWhitespaces()" classname="com.cedarsoft.test.utils.XmlUnitTest" time="0.098"/>
  <system-out><![CDATA[]]></system-out>
  <system-err><![CDATA[]]></system-err>
</testsuite>
