<?xml version="1.0" encoding="UTF-8"?>
<testsuite name="com.cedarsoft.test.utils.XmlUnitTest" tests="3" skipped="0" failures="0" errors="0" timestamp="2021-03-25T03:06:02" hostname="runner-cs1zem-v-project-47-concurrent-0" time="0.162">
  <properties/>
  <testcase name="testEmpty()" classname="com.cedarsoft.test.utils.XmlUnitTest" time="0.008"/>
  <testcase name="testIt()" classname="com.cedarsoft.test.utils.XmlUnitTest" time="0.083"/>
  <testcase name="testWhitespaces()" classname="com.cedarsoft.test.utils.XmlUnitTest" time="0.065"/>
  <system-out><![CDATA[]]></system-out>
  <system-err><![CDATA[]]></system-err>
</testsuite>
