<?xml version="1.0" encoding="UTF-8"?>
<testsuite name="com.cedarsoft.test.utils.AssertkExtensionsKtTest" tests="2" skipped="0" failures="0" errors="0" timestamp="2021-06-28T02:06:00" hostname="runner-cs1zem-v-project-47-concurrent-0" time="0.659">
  <properties/>
  <testcase name="testNaN()" classname="com.cedarsoft.test.utils.AssertkExtensionsKtTest" time="0.317"/>
  <testcase name="testAssertFirst()" classname="com.cedarsoft.test.utils.AssertkExtensionsKtTest" time="0.325"/>
  <system-out><![CDATA[]]></system-out>
  <system-err><![CDATA[]]></system-err>
</testsuite>
