<?xml version="1.0" encoding="UTF-8"?>
<testsuite name="com.cedarsoft.test.utils.AwaitilityExtensionsKtTest" tests="2" skipped="0" failures="0" errors="0" timestamp="2021-07-26T02:09:05" hostname="runner-kggansxr-project-47-concurrent-0" time="0.539">
  <properties/>
  <testcase name="testTimeout$test_utils()" classname="com.cedarsoft.test.utils.AwaitilityExtensionsKtTest" time="0.416"/>
  <testcase name="testIt$test_utils()" classname="com.cedarsoft.test.utils.AwaitilityExtensionsKtTest" time="0.123"/>
  <system-out><![CDATA[]]></system-out>
  <system-err><![CDATA[]]></system-err>
</testsuite>
