<?xml version="1.0" encoding="UTF-8"?>
<testsuite name="com.cedarsoft.test.utils.AssertUtilsFileCompareTest" tests="8" skipped="0" failures="0" errors="0" timestamp="2022-01-30T03:10:01" hostname="runner-cs1zem-v-project-47-concurrent-0" time="0.867">
  <properties/>
  <testcase name="testBasic()" classname="com.cedarsoft.test.utils.AssertUtilsFileCompareTest" time="0.354"/>
  <testcase name="testOneOf()" classname="com.cedarsoft.test.utils.AssertUtilsFileCompareTest" time="0.031"/>
  <testcase name="testFail()" classname="com.cedarsoft.test.utils.AssertUtilsFileCompareTest" time="0.376"/>
  <testcase name="testCopyFile()" classname="com.cedarsoft.test.utils.AssertUtilsFileCompareTest" time="0.005"/>
  <testcase name="testInvalid()" classname="com.cedarsoft.test.utils.AssertUtilsFileCompareTest" time="0.005"/>
  <testcase name="testOneOf2()" classname="com.cedarsoft.test.utils.AssertUtilsFileCompareTest" time="0.042"/>
  <testcase name="testOneOf4()" classname="com.cedarsoft.test.utils.AssertUtilsFileCompareTest" time="0.006"/>
  <testcase name="testOneOfFail()" classname="com.cedarsoft.test.utils.AssertUtilsFileCompareTest" time="0.039"/>
  <system-out><![CDATA[]]></system-out>
  <system-err><![CDATA[]]></system-err>
</testsuite>
