<?xml version="1.0" encoding="UTF-8"?>
<testsuite name="com.cedarsoft.test.utils.AssertUtilsFileCompareTest" tests="8" skipped="0" failures="0" errors="0" timestamp="2021-11-29T03:09:30" hostname="runner-ioxloixu-project-47-concurrent-0" time="1.039">
  <properties/>
  <testcase name="testBasic()" classname="com.cedarsoft.test.utils.AssertUtilsFileCompareTest" time="0.342"/>
  <testcase name="testOneOf()" classname="com.cedarsoft.test.utils.AssertUtilsFileCompareTest" time="0.007"/>
  <testcase name="testFail()" classname="com.cedarsoft.test.utils.AssertUtilsFileCompareTest" time="0.546"/>
  <testcase name="testCopyFile()" classname="com.cedarsoft.test.utils.AssertUtilsFileCompareTest" time="0.019"/>
  <testcase name="testInvalid()" classname="com.cedarsoft.test.utils.AssertUtilsFileCompareTest" time="0.007"/>
  <testcase name="testOneOf2()" classname="com.cedarsoft.test.utils.AssertUtilsFileCompareTest" time="0.01"/>
  <testcase name="testOneOf4()" classname="com.cedarsoft.test.utils.AssertUtilsFileCompareTest" time="0.02"/>
  <testcase name="testOneOfFail()" classname="com.cedarsoft.test.utils.AssertUtilsFileCompareTest" time="0.056"/>
  <system-out><![CDATA[]]></system-out>
  <system-err><![CDATA[]]></system-err>
</testsuite>
