<?xml version="1.0" encoding="UTF-8"?>
<testsuite name="com.cedarsoft.test.utils.JavaTimeZoneExtensionTest" tests="2" skipped="0" failures="0" errors="0" timestamp="2021-03-11T03:05:36" hostname="runner-cs1zem-v-project-47-concurrent-0" time="0.025">
  <properties/>
  <testcase name="testIt()" classname="com.cedarsoft.test.utils.JavaTimeZoneExtensionTest" time="0.012"/>
  <testcase name="testBerlin()" classname="com.cedarsoft.test.utils.JavaTimeZoneExtensionTest" time="0.011"/>
  <system-out><![CDATA[]]></system-out>
  <system-err><![CDATA[]]></system-err>
</testsuite>
