<?xml version="1.0" encoding="UTF-8"?>
<testsuite name="com.cedarsoft.test.utils.matchers.ContainsOnlyFilesMatcherTest" tests="3" skipped="0" failures="0" errors="0" timestamp="2021-07-15T02:06:08" hostname="runner-cs1zem-v-project-47-concurrent-0" time="0.344">
  <properties/>
  <testcase name="testWrong()" classname="com.cedarsoft.test.utils.matchers.ContainsOnlyFilesMatcherTest" time="0.324"/>
  <testcase name="testNone()" classname="com.cedarsoft.test.utils.matchers.ContainsOnlyFilesMatcherTest" time="0.009"/>
  <testcase name="testOnly()" classname="com.cedarsoft.test.utils.matchers.ContainsOnlyFilesMatcherTest" time="0.008"/>
  <system-out><![CDATA[]]></system-out>
  <system-err><![CDATA[]]></system-err>
</testsuite>
