<?xml version="1.0" encoding="UTF-8"?>
<testsuite name="com.cedarsoft.test.utils.AwaitilityExtensionsKtTest" tests="2" skipped="0" failures="0" errors="0" timestamp="2022-02-01T03:09:58" hostname="runner-ioxloixu-project-47-concurrent-0" time="0.401">
  <properties/>
  <testcase name="testTimeout$test_utils()" classname="com.cedarsoft.test.utils.AwaitilityExtensionsKtTest" time="0.277"/>
  <testcase name="testIt$test_utils()" classname="com.cedarsoft.test.utils.AwaitilityExtensionsKtTest" time="0.121"/>
  <system-out><![CDATA[]]></system-out>
  <system-err><![CDATA[]]></system-err>
</testsuite>
