<?xml version="1.0" encoding="UTF-8"?>
<testsuite name="com.cedarsoft.test.utils.ParamTestTest" tests="3" skipped="0" failures="0" errors="0" timestamp="2022-02-10T17:16:01" hostname="runner-ioxloixu-project-47-concurrent-1" time="0.132">
  <properties/>
  <testcase name="[1] candidate=1, val=1" classname="com.cedarsoft.test.utils.ParamTestTest" time="0.049"/>
  <testcase name="[2] candidate=2, val=2" classname="com.cedarsoft.test.utils.ParamTestTest" time="0.032"/>
  <testcase name="[3] candidate=3, val=3" classname="com.cedarsoft.test.utils.ParamTestTest" time="0.003"/>
  <system-out><![CDATA[]]></system-out>
  <system-err><![CDATA[]]></system-err>
</testsuite>
