<?xml version="1.0" encoding="UTF-8"?>
<testsuite name="com.cedarsoft.test.utils.ParamTestTest" tests="3" skipped="0" failures="0" errors="0" timestamp="2021-03-30T02:07:11" hostname="runner-kggansxr-project-47-concurrent-0" time="0.669">
  <properties/>
  <testcase name="[1] candidate=1, val=1" classname="com.cedarsoft.test.utils.ParamTestTest" time="0.644"/>
  <testcase name="[2] candidate=2, val=2" classname="com.cedarsoft.test.utils.ParamTestTest" time="0.004"/>
  <testcase name="[3] candidate=3, val=3" classname="com.cedarsoft.test.utils.ParamTestTest" time="0.002"/>
  <system-out><![CDATA[]]></system-out>
  <system-err><![CDATA[]]></system-err>
</testsuite>
