<?xml version="1.0" encoding="UTF-8"?>
<testsuite name="com.cedarsoft.test.utils.JavaTimeZoneExtensionTest" tests="2" skipped="0" failures="0" errors="0" timestamp="2021-03-04T03:06:30" hostname="runner-pgnkb89--project-47-concurrent-0" time="0.212">
  <properties/>
  <testcase name="testIt()" classname="com.cedarsoft.test.utils.JavaTimeZoneExtensionTest" time="0.18"/>
  <testcase name="testBerlin()" classname="com.cedarsoft.test.utils.JavaTimeZoneExtensionTest" time="0.03"/>
  <system-out><![CDATA[]]></system-out>
  <system-err><![CDATA[]]></system-err>
</testsuite>
