<?xml version="1.0" encoding="UTF-8"?>
<testsuite name="com.cedarsoft.test.utils.WithFixedNowProviderExtensionTest" tests="2" skipped="0" failures="0" errors="0" timestamp="2021-03-21T03:07:10" hostname="runner-kggansxr-project-47-concurrent-0" time="0.023">
  <properties/>
  <testcase name="testNotParam()" classname="com.cedarsoft.test.utils.WithFixedNowProviderExtensionTest" time="0.004"/>
  <testcase name="testIt(FixedNowProvider)" classname="com.cedarsoft.test.utils.WithFixedNowProviderExtensionTest" time="0.008"/>
  <system-out><![CDATA[]]></system-out>
  <system-err><![CDATA[]]></system-err>
</testsuite>
