<?xml version="1.0" encoding="UTF-8"?>
<testsuite name="com.cedarsoft.test.utils.JavaTimeZoneExtensionTest" tests="2" skipped="0" failures="0" errors="0" timestamp="2021-04-20T02:07:34" hostname="runner-kggansxr-project-47-concurrent-0" time="0.101">
  <properties/>
  <testcase name="testIt()" classname="com.cedarsoft.test.utils.JavaTimeZoneExtensionTest" time="0.087"/>
  <testcase name="testBerlin()" classname="com.cedarsoft.test.utils.JavaTimeZoneExtensionTest" time="0.011"/>
  <system-out><![CDATA[]]></system-out>
  <system-err><![CDATA[]]></system-err>
</testsuite>
