<?xml version="1.0" encoding="UTF-8"?>
<testsuite name="com.cedarsoft.test.utils.AssertionsEnabledTest" tests="1" skipped="0" failures="0" errors="0" timestamp="2021-01-23T03:22:51" hostname="runner-kggansxr-project-47-concurrent-0" time="0.02">
  <properties/>
  <testcase name="testIt()" classname="com.cedarsoft.test.utils.AssertionsEnabledTest" time="0.02"/>
  <system-out><![CDATA[]]></system-out>
  <system-err><![CDATA[]]></system-err>
</testsuite>
