<?xml version="1.0" encoding="UTF-8"?>
<testsuite name="com.cedarsoft.test.utils.SystemOutExtensionTest" tests="3" skipped="0" failures="0" errors="0" timestamp="2021-05-08T02:06:17" hostname="runner-cs1zem-v-project-47-concurrent-0" time="0.485">
  <properties/>
  <testcase name="testErr(SystemOutExtension)" classname="com.cedarsoft.test.utils.SystemOutExtensionTest" time="0.455"/>
  <testcase name="testOut2(SystemOutExtension)" classname="com.cedarsoft.test.utils.SystemOutExtensionTest" time="0.003"/>
  <testcase name="testIt(SystemOutExtension)" classname="com.cedarsoft.test.utils.SystemOutExtensionTest" time="0.007"/>
  <system-out><![CDATA[]]></system-out>
  <system-err><![CDATA[]]></system-err>
</testsuite>
