<?xml version="1.0" encoding="UTF-8"?>
<testsuite name="com.cedarsoft.test.utils.SystemOutExtensionTest" tests="3" skipped="0" failures="0" errors="0" timestamp="2021-05-11T02:06:20" hostname="runner-cs1zem-v-project-47-concurrent-0" time="0.529">
  <properties/>
  <testcase name="testErr(SystemOutExtension)" classname="com.cedarsoft.test.utils.SystemOutExtensionTest" time="0.516"/>
  <testcase name="testOut2(SystemOutExtension)" classname="com.cedarsoft.test.utils.SystemOutExtensionTest" time="0.002"/>
  <testcase name="testIt(SystemOutExtension)" classname="com.cedarsoft.test.utils.SystemOutExtensionTest" time="0.008"/>
  <system-out><![CDATA[]]></system-out>
  <system-err><![CDATA[]]></system-err>
</testsuite>
