<?xml version="1.0" encoding="UTF-8"?>
<testsuite name="com.cedarsoft.test.utils.JavaTimeZoneExtensionTest" tests="2" skipped="0" failures="0" errors="0" timestamp="2021-10-08T02:06:06" hostname="runner-cs1zem-v-project-47-concurrent-0" time="0.031">
  <properties/>
  <testcase name="testIt()" classname="com.cedarsoft.test.utils.JavaTimeZoneExtensionTest" time="0.027"/>
  <testcase name="testBerlin()" classname="com.cedarsoft.test.utils.JavaTimeZoneExtensionTest" time="0.003"/>
  <system-out><![CDATA[]]></system-out>
  <system-err><![CDATA[]]></system-err>
</testsuite>
