<?xml version="1.0" encoding="UTF-8"?>
<testsuite name="com.cedarsoft.test.utils.LocaleExtensionTest" tests="3" skipped="0" failures="0" errors="0" timestamp="2022-02-10T17:15:58" hostname="runner-ioxloixu-project-47-concurrent-1" time="0.002">
  <properties/>
  <testcase name="testDe()" classname="com.cedarsoft.test.utils.LocaleExtensionTest" time="0.001"/>
  <testcase name="testUs()" classname="com.cedarsoft.test.utils.LocaleExtensionTest" time="0.001"/>
  <testcase name="testWithout()" classname="com.cedarsoft.test.utils.LocaleExtensionTest" time="0.0"/>
  <system-out><![CDATA[]]></system-out>
  <system-err><![CDATA[]]></system-err>
</testsuite>
