<?xml version="1.0" encoding="UTF-8"?>
<testsuite name="com.cedarsoft.test.utils.AssertUtilsFileCompareTest" tests="8" skipped="0" failures="0" errors="0" timestamp="2021-12-13T03:09:43" hostname="runner-cs1zem-v-project-47-concurrent-0" time="1.158">
  <properties/>
  <testcase name="testBasic()" classname="com.cedarsoft.test.utils.AssertUtilsFileCompareTest" time="0.461"/>
  <testcase name="testOneOf()" classname="com.cedarsoft.test.utils.AssertUtilsFileCompareTest" time="0.003"/>
  <testcase name="testFail()" classname="com.cedarsoft.test.utils.AssertUtilsFileCompareTest" time="0.58"/>
  <testcase name="testCopyFile()" classname="com.cedarsoft.test.utils.AssertUtilsFileCompareTest" time="0.018"/>
  <testcase name="testInvalid()" classname="com.cedarsoft.test.utils.AssertUtilsFileCompareTest" time="0.004"/>
  <testcase name="testOneOf2()" classname="com.cedarsoft.test.utils.AssertUtilsFileCompareTest" time="0.036"/>
  <testcase name="testOneOf4()" classname="com.cedarsoft.test.utils.AssertUtilsFileCompareTest" time="0.003"/>
  <testcase name="testOneOfFail()" classname="com.cedarsoft.test.utils.AssertUtilsFileCompareTest" time="0.034"/>
  <system-out><![CDATA[]]></system-out>
  <system-err><![CDATA[]]></system-err>
</testsuite>
