<?xml version="1.0" encoding="UTF-8"?>
<testsuite name="com.cedarsoft.test.utils.AwaitilityExtensionsKtTest" tests="2" skipped="0" failures="0" errors="0" timestamp="2021-01-29T03:20:41" hostname="runner-cs1zem-v-project-47-concurrent-0" time="0.413">
  <properties/>
  <testcase name="testTimeout$test_utils()" classname="com.cedarsoft.test.utils.AwaitilityExtensionsKtTest" time="0.309"/>
  <testcase name="testIt$test_utils()" classname="com.cedarsoft.test.utils.AwaitilityExtensionsKtTest" time="0.103"/>
  <system-out><![CDATA[]]></system-out>
  <system-err><![CDATA[]]></system-err>
</testsuite>
