<?xml version="1.0" encoding="UTF-8"?>
<testsuite name="com.cedarsoft.test.utils.MockitoTest" tests="3" skipped="0" failures="0" errors="0" timestamp="2021-11-28T03:10:23" hostname="runner-cs1zem-v-project-47-concurrent-0" time="2.425">
  <properties/>
  <testcase name="testAnnotations()" classname="com.cedarsoft.test.utils.MockitoTest" time="2.385"/>
  <testcase name="testIt()" classname="com.cedarsoft.test.utils.MockitoTest" time="0.019"/>
  <testcase name="testTemplate()" classname="com.cedarsoft.test.utils.MockitoTest" time="0.005"/>
  <system-out><![CDATA[]]></system-out>
  <system-err><![CDATA[]]></system-err>
</testsuite>
