<?xml version="1.0" encoding="UTF-8"?>
<testsuite name="com.cedarsoft.test.utils.WithFixedNowProviderExtensionTest" tests="2" skipped="0" failures="0" errors="0" timestamp="2021-02-28T03:22:47" hostname="runner-pgnkb89--project-47-concurrent-0" time="0.005">
  <properties/>
  <testcase name="testNotParam()" classname="com.cedarsoft.test.utils.WithFixedNowProviderExtensionTest" time="0.003"/>
  <testcase name="testIt(FixedNowProvider)" classname="com.cedarsoft.test.utils.WithFixedNowProviderExtensionTest" time="0.001"/>
  <system-out><![CDATA[]]></system-out>
  <system-err><![CDATA[]]></system-err>
</testsuite>
