<?xml version="1.0" encoding="UTF-8"?>
<testsuite name="com.cedarsoft.test.utils.matchers.ContainsFileMatcherTest" tests="5" skipped="0" failures="0" errors="0" timestamp="2021-08-04T02:05:47" hostname="runner-cs1zem-v-project-47-concurrent-0" time="0.108">
  <properties/>
  <testcase name="testBasic()" classname="com.cedarsoft.test.utils.matchers.ContainsFileMatcherTest" time="0.02"/>
  <testcase name="testEmpty()" classname="com.cedarsoft.test.utils.matchers.ContainsFileMatcherTest" time="0.056"/>
  <testcase name="testList()" classname="com.cedarsoft.test.utils.matchers.ContainsFileMatcherTest" time="0.003"/>
  <testcase name="testNontExistent()" classname="com.cedarsoft.test.utils.matchers.ContainsFileMatcherTest" time="0.007"/>
  <testcase name="testSubDir()" classname="com.cedarsoft.test.utils.matchers.ContainsFileMatcherTest" time="0.01"/>
  <system-out><![CDATA[]]></system-out>
  <system-err><![CDATA[]]></system-err>
</testsuite>
