<?xml version="1.0" encoding="UTF-8"?>
<testsuite name="com.cedarsoft.test.utils.MockitoTest" tests="3" skipped="0" failures="0" errors="0" timestamp="2021-05-09T02:06:26" hostname="runner-cs1zem-v-project-47-concurrent-0" time="2.273">
  <properties/>
  <testcase name="testAnnotations()" classname="com.cedarsoft.test.utils.MockitoTest" time="2.178"/>
  <testcase name="testIt()" classname="com.cedarsoft.test.utils.MockitoTest" time="0.047"/>
  <testcase name="testTemplate()" classname="com.cedarsoft.test.utils.MockitoTest" time="0.035"/>
  <system-out><![CDATA[]]></system-out>
  <system-err><![CDATA[]]></system-err>
</testsuite>
