<?xml version="1.0" encoding="UTF-8"?>
<testsuite name="com.cedarsoft.test.utils.AssertUtilsFileCompareTest" tests="8" skipped="0" failures="0" errors="0" timestamp="2021-03-30T02:07:16" hostname="runner-kggansxr-project-47-concurrent-0" time="0.157">
  <properties/>
  <testcase name="testBasic()" classname="com.cedarsoft.test.utils.AssertUtilsFileCompareTest" time="0.013"/>
  <testcase name="testOneOf()" classname="com.cedarsoft.test.utils.AssertUtilsFileCompareTest" time="0.004"/>
  <testcase name="testFail()" classname="com.cedarsoft.test.utils.AssertUtilsFileCompareTest" time="0.011"/>
  <testcase name="testCopyFile()" classname="com.cedarsoft.test.utils.AssertUtilsFileCompareTest" time="0.013"/>
  <testcase name="testInvalid()" classname="com.cedarsoft.test.utils.AssertUtilsFileCompareTest" time="0.005"/>
  <testcase name="testOneOf2()" classname="com.cedarsoft.test.utils.AssertUtilsFileCompareTest" time="0.005"/>
  <testcase name="testOneOf4()" classname="com.cedarsoft.test.utils.AssertUtilsFileCompareTest" time="0.016"/>
  <testcase name="testOneOfFail()" classname="com.cedarsoft.test.utils.AssertUtilsFileCompareTest" time="0.057"/>
  <system-out><![CDATA[]]></system-out>
  <system-err><![CDATA[]]></system-err>
</testsuite>
