<?xml version="1.0" encoding="UTF-8"?>
<testsuite name="com.cedarsoft.test.utils.DisableWhenHeadlessConditionTest" tests="1" skipped="1" failures="0" errors="0" timestamp="2021-01-26T03:20:58" hostname="runner-cs1zem-v-project-47-concurrent-0" time="0.074">
  <properties/>
  <testcase name="testItIfHeadless()" classname="com.cedarsoft.test.utils.DisableWhenHeadlessConditionTest" time="0.074">
    <skipped/>
  </testcase>
  <system-out><![CDATA[]]></system-out>
  <system-err><![CDATA[]]></system-err>
</testsuite>
