<?xml version="1.0" encoding="UTF-8"?>
<testsuite name="com.cedarsoft.test.utils.AssertionsEnabledTest" tests="1" skipped="0" failures="0" errors="0" timestamp="2021-12-19T03:09:40" hostname="runner-ioxloixu-project-47-concurrent-0" time="0.001">
  <properties/>
  <testcase name="testIt()" classname="com.cedarsoft.test.utils.AssertionsEnabledTest" time="0.001"/>
  <system-out><![CDATA[]]></system-out>
  <system-err><![CDATA[]]></system-err>
</testsuite>
