<?xml version="1.0" encoding="UTF-8"?>
<testsuite name="com.cedarsoft.test.utils.VirtualNowProviderExtensionTest" tests="1" skipped="0" failures="0" errors="0" timestamp="2022-02-10T17:16:02" hostname="runner-ioxloixu-project-47-concurrent-1" time="0.004">
  <properties/>
  <testcase name="testIt$test_utils()" classname="com.cedarsoft.test.utils.VirtualNowProviderExtensionTest" time="0.004"/>
  <system-out><![CDATA[]]></system-out>
  <system-err><![CDATA[]]></system-err>
</testsuite>
