<?xml version="1.0" encoding="UTF-8"?>
<testsuite name="com.cedarsoft.test.utils.WithVirtualNowProviderExtensionTest" tests="2" skipped="0" failures="0" errors="0" timestamp="2021-12-03T03:09:42" hostname="runner-ioxloixu-project-47-concurrent-0" time="0.003">
  <properties/>
  <testcase name="testNotParam()" classname="com.cedarsoft.test.utils.WithVirtualNowProviderExtensionTest" time="0.002"/>
  <testcase name="testIt(VirtualNowProvider)" classname="com.cedarsoft.test.utils.WithVirtualNowProviderExtensionTest" time="0.0"/>
  <system-out><![CDATA[]]></system-out>
  <system-err><![CDATA[]]></system-err>
</testsuite>
