<?xml version="1.0" encoding="UTF-8"?>
<testsuite name="com.cedarsoft.test.utils.matchers.FileNameMatcherTest" tests="1" skipped="0" failures="0" errors="0" timestamp="2021-01-17T03:21:09" hostname="runner-cs1zem-v-project-47-concurrent-0" time="0.011">
  <properties/>
  <testcase name="testIt()" classname="com.cedarsoft.test.utils.matchers.FileNameMatcherTest" time="0.011"/>
  <system-out><![CDATA[]]></system-out>
  <system-err><![CDATA[]]></system-err>
</testsuite>
