<?xml version="1.0" encoding="UTF-8"?>
<testsuite name="com.cedarsoft.test.utils.AssertUtilsFileCompareTest" tests="8" skipped="0" failures="0" errors="0" timestamp="2021-07-14T02:06:08" hostname="runner-cs1zem-v-project-47-concurrent-0" time="0.278">
  <properties/>
  <testcase name="testBasic()" classname="com.cedarsoft.test.utils.AssertUtilsFileCompareTest" time="0.085"/>
  <testcase name="testOneOf()" classname="com.cedarsoft.test.utils.AssertUtilsFileCompareTest" time="0.008"/>
  <testcase name="testFail()" classname="com.cedarsoft.test.utils.AssertUtilsFileCompareTest" time="0.081"/>
  <testcase name="testCopyFile()" classname="com.cedarsoft.test.utils.AssertUtilsFileCompareTest" time="0.002"/>
  <testcase name="testInvalid()" classname="com.cedarsoft.test.utils.AssertUtilsFileCompareTest" time="0.008"/>
  <testcase name="testOneOf2()" classname="com.cedarsoft.test.utils.AssertUtilsFileCompareTest" time="0.019"/>
  <testcase name="testOneOf4()" classname="com.cedarsoft.test.utils.AssertUtilsFileCompareTest" time="0.002"/>
  <testcase name="testOneOfFail()" classname="com.cedarsoft.test.utils.AssertUtilsFileCompareTest" time="0.054"/>
  <system-out><![CDATA[]]></system-out>
  <system-err><![CDATA[]]></system-err>
</testsuite>
