<?xml version="1.0" encoding="UTF-8"?>
<testsuite name="com.cedarsoft.test.utils.WithVirtualNowProviderExtensionTest" tests="2" skipped="0" failures="0" errors="0" timestamp="2021-07-11T02:08:58" hostname="runner-kggansxr-project-47-concurrent-0" time="0.056">
  <properties/>
  <testcase name="testNotParam()" classname="com.cedarsoft.test.utils.WithVirtualNowProviderExtensionTest" time="0.03"/>
  <testcase name="testIt(VirtualNowProvider)" classname="com.cedarsoft.test.utils.WithVirtualNowProviderExtensionTest" time="0.016"/>
  <system-out><![CDATA[]]></system-out>
  <system-err><![CDATA[]]></system-err>
</testsuite>
