<?xml version="1.0" encoding="UTF-8"?>
<testsuite name="com.cedarsoft.test.utils.SystemOutExtensionTest" tests="3" skipped="0" failures="0" errors="0" timestamp="2022-01-26T03:09:54" hostname="runner-ioxloixu-project-47-concurrent-0" time="0.024">
  <properties/>
  <testcase name="testErr(SystemOutExtension)" classname="com.cedarsoft.test.utils.SystemOutExtensionTest" time="0.022"/>
  <testcase name="testOut2(SystemOutExtension)" classname="com.cedarsoft.test.utils.SystemOutExtensionTest" time="0.0"/>
  <testcase name="testIt(SystemOutExtension)" classname="com.cedarsoft.test.utils.SystemOutExtensionTest" time="0.0"/>
  <system-out><![CDATA[]]></system-out>
  <system-err><![CDATA[]]></system-err>
</testsuite>
