<?xml version="1.0" encoding="UTF-8"?>
<testsuite name="com.cedarsoft.test.utils.LocaleExtensionTest" tests="3" skipped="0" failures="0" errors="0" timestamp="2022-02-07T03:10:39" hostname="runner-cs1zem-v-project-47-concurrent-0" time="0.029">
  <properties/>
  <testcase name="testDe()" classname="com.cedarsoft.test.utils.LocaleExtensionTest" time="0.01"/>
  <testcase name="testUs()" classname="com.cedarsoft.test.utils.LocaleExtensionTest" time="0.007"/>
  <testcase name="testWithout()" classname="com.cedarsoft.test.utils.LocaleExtensionTest" time="0.008"/>
  <system-out><![CDATA[]]></system-out>
  <system-err><![CDATA[]]></system-err>
</testsuite>
