<?xml version="1.0" encoding="UTF-8"?>
<testsuite name="com.cedarsoft.test.utils.AssertUtilsTest" tests="13" skipped="0" failures="0" errors="0" timestamp="2021-02-28T03:22:42" hostname="runner-pgnkb89--project-47-concurrent-0" time="1.613">
  <properties/>
  <testcase name="testXml2WhiteSpaces()" classname="com.cedarsoft.test.utils.AssertUtilsTest" time="0.098"/>
  <testcase name="testXml()" classname="com.cedarsoft.test.utils.AssertUtilsTest" time="0.072"/>
  <testcase name="testXml2()" classname="com.cedarsoft.test.utils.AssertUtilsTest" time="0.06"/>
  <testcase name="testJsonEquals()" classname="com.cedarsoft.test.utils.AssertUtilsTest" time="1.139"/>
  <testcase name="testJsonFormat()" classname="com.cedarsoft.test.utils.AssertUtilsTest" time="0.016"/>
  <testcase name="testJsonNotEquals()" classname="com.cedarsoft.test.utils.AssertUtilsTest" time="0.004"/>
  <testcase name="testGuessPath()" classname="com.cedarsoft.test.utils.AssertUtilsTest" time="0.001"/>
  <testcase name="testFileByHash(TemporaryFolder)" classname="com.cedarsoft.test.utils.AssertUtilsTest" time="0.073"/>
  <testcase name="testJsonNotFormatable()" classname="com.cedarsoft.test.utils.AssertUtilsTest" time="0.01"/>
  <testcase name="testAssertWithResource()" classname="com.cedarsoft.test.utils.AssertUtilsTest" time="0.011"/>
  <testcase name="testXml2WComments()" classname="com.cedarsoft.test.utils.AssertUtilsTest" time="0.064"/>
  <testcase name="testFormat()" classname="com.cedarsoft.test.utils.AssertUtilsTest" time="0.047"/>
  <testcase name="testGuessPath2()" classname="com.cedarsoft.test.utils.AssertUtilsTest" time="0.001"/>
  <system-out><![CDATA[]]></system-out>
  <system-err><![CDATA[[Fatal Error] :1:1: Content is not allowed in prolog.
[Fatal Error] :1:1: Content is not allowed in prolog.
ERROR:  'Content is not allowed in prolog.'
]]></system-err>
</testsuite>
