<?xml version="1.0" encoding="UTF-8"?>
<testsuite name="com.cedarsoft.test.utils.WithFixedNowProviderExtensionTest" tests="2" skipped="0" failures="0" errors="0" timestamp="2021-03-20T03:05:26" hostname="runner-cs1zem-v-project-47-concurrent-0" time="0.02">
  <properties/>
  <testcase name="testNotParam()" classname="com.cedarsoft.test.utils.WithFixedNowProviderExtensionTest" time="0.01"/>
  <testcase name="testIt(FixedNowProvider)" classname="com.cedarsoft.test.utils.WithFixedNowProviderExtensionTest" time="0.008"/>
  <system-out><![CDATA[]]></system-out>
  <system-err><![CDATA[]]></system-err>
</testsuite>
