<?xml version="1.0" encoding="UTF-8"?>
<testsuite name="com.cedarsoft.test.utils.KeepAliveTest" tests="1" skipped="1" failures="0" errors="0" timestamp="2021-11-27T03:10:04" hostname="runner-cs1zem-v-project-47-concurrent-0" time="0.008">
  <properties/>
  <testcase name="testTestIt()" classname="com.cedarsoft.test.utils.KeepAliveTest" time="0.008">
    <skipped/>
  </testcase>
  <system-out><![CDATA[]]></system-out>
  <system-err><![CDATA[]]></system-err>
</testsuite>
