<?xml version="1.0" encoding="UTF-8"?>
<testsuite name="com.cedarsoft.test.utils.matchers.ContainsFileMatcherTest" tests="5" skipped="0" failures="0" errors="0" timestamp="2021-02-15T03:23:05" hostname="runner-kggansxr-project-47-concurrent-0" time="0.27">
  <properties/>
  <testcase name="testBasic()" classname="com.cedarsoft.test.utils.matchers.ContainsFileMatcherTest" time="0.078"/>
  <testcase name="testEmpty()" classname="com.cedarsoft.test.utils.matchers.ContainsFileMatcherTest" time="0.033"/>
  <testcase name="testList()" classname="com.cedarsoft.test.utils.matchers.ContainsFileMatcherTest" time="0.118"/>
  <testcase name="testNontExistent()" classname="com.cedarsoft.test.utils.matchers.ContainsFileMatcherTest" time="0.02"/>
  <testcase name="testSubDir()" classname="com.cedarsoft.test.utils.matchers.ContainsFileMatcherTest" time="0.004"/>
  <system-out><![CDATA[]]></system-out>
  <system-err><![CDATA[]]></system-err>
</testsuite>
