<?xml version="1.0" encoding="UTF-8"?>
<testsuite name="com.cedarsoft.test.utils.JavaTimeZoneExtensionTest" tests="2" skipped="0" failures="0" errors="0" timestamp="2021-09-05T02:05:52" hostname="runner-cs1zem-v-project-47-concurrent-0" time="0.089">
  <properties/>
  <testcase name="testIt()" classname="com.cedarsoft.test.utils.JavaTimeZoneExtensionTest" time="0.073"/>
  <testcase name="testBerlin()" classname="com.cedarsoft.test.utils.JavaTimeZoneExtensionTest" time="0.016"/>
  <system-out><![CDATA[]]></system-out>
  <system-err><![CDATA[]]></system-err>
</testsuite>
