<?xml version="1.0" encoding="UTF-8"?>
<testsuite name="com.cedarsoft.test.utils.AssertkExtensionsKtTest" tests="2" skipped="0" failures="0" errors="0" timestamp="2021-08-18T02:05:56" hostname="runner-cs1zem-v-project-47-concurrent-0" time="0.691">
  <properties/>
  <testcase name="testNaN()" classname="com.cedarsoft.test.utils.AssertkExtensionsKtTest" time="0.344"/>
  <testcase name="testAssertFirst()" classname="com.cedarsoft.test.utils.AssertkExtensionsKtTest" time="0.328"/>
  <system-out><![CDATA[]]></system-out>
  <system-err><![CDATA[]]></system-err>
</testsuite>
