<?xml version="1.0" encoding="UTF-8"?>
<testsuite name="com.cedarsoft.test.utils.matchers.FileNameMatcherTest" tests="1" skipped="0" failures="0" errors="0" timestamp="2021-08-08T02:08:42" hostname="runner-kggansxr-project-47-concurrent-0" time="0.002">
  <properties/>
  <testcase name="testIt()" classname="com.cedarsoft.test.utils.matchers.FileNameMatcherTest" time="0.002"/>
  <system-out><![CDATA[]]></system-out>
  <system-err><![CDATA[]]></system-err>
</testsuite>
