<?xml version="1.0" encoding="UTF-8"?>
<testsuite name="com.cedarsoft.test.utils.TestUtilsTest" tests="2" skipped="0" failures="0" errors="0" timestamp="2021-02-15T03:23:03" hostname="runner-kggansxr-project-47-concurrent-0" time="0.01">
  <properties/>
  <testcase name="testCleanupNull()" classname="com.cedarsoft.test.utils.TestUtilsTest" time="0.007"/>
  <testcase name="testCleanup()" classname="com.cedarsoft.test.utils.TestUtilsTest" time="0.001"/>
  <system-out><![CDATA[]]></system-out>
  <system-err><![CDATA[]]></system-err>
</testsuite>
