<?xml version="1.0" encoding="UTF-8"?>
<testsuite name="com.cedarsoft.test.utils.matchers.ContainsFileMatcherTest" tests="5" skipped="0" failures="0" errors="0" timestamp="2021-02-17T03:21:22" hostname="runner-pgnkb89--project-47-concurrent-0" time="0.151">
  <properties/>
  <testcase name="testBasic()" classname="com.cedarsoft.test.utils.matchers.ContainsFileMatcherTest" time="0.036"/>
  <testcase name="testEmpty()" classname="com.cedarsoft.test.utils.matchers.ContainsFileMatcherTest" time="0.061"/>
  <testcase name="testList()" classname="com.cedarsoft.test.utils.matchers.ContainsFileMatcherTest" time="0.006"/>
  <testcase name="testNontExistent()" classname="com.cedarsoft.test.utils.matchers.ContainsFileMatcherTest" time="0.007"/>
  <testcase name="testSubDir()" classname="com.cedarsoft.test.utils.matchers.ContainsFileMatcherTest" time="0.005"/>
  <system-out><![CDATA[]]></system-out>
  <system-err><![CDATA[]]></system-err>
</testsuite>
