<?xml version="1.0" encoding="UTF-8"?>
<testsuite name="com.cedarsoft.test.utils.ParamTestTest" tests="3" skipped="0" failures="0" errors="0" timestamp="2021-09-09T02:06:26" hostname="runner-cs1zem-v-project-47-concurrent-0" time="0.177">
  <properties/>
  <testcase name="[1] candidate=1, val=1" classname="com.cedarsoft.test.utils.ParamTestTest" time="0.101"/>
  <testcase name="[2] candidate=2, val=2" classname="com.cedarsoft.test.utils.ParamTestTest" time="0.014"/>
  <testcase name="[3] candidate=3, val=3" classname="com.cedarsoft.test.utils.ParamTestTest" time="0.013"/>
  <system-out><![CDATA[]]></system-out>
  <system-err><![CDATA[]]></system-err>
</testsuite>
