<?xml version="1.0" encoding="UTF-8"?>
<testsuite name="com.cedarsoft.test.utils.WithSeededRandomProviderExtensionTest" tests="1" skipped="0" failures="0" errors="0" timestamp="2021-07-27T02:09:00" hostname="runner-kggansxr-project-47-concurrent-0" time="0.086">
  <properties/>
  <testcase name="testIt()" classname="com.cedarsoft.test.utils.WithSeededRandomProviderExtensionTest" time="0.086"/>
  <system-out><![CDATA[]]></system-out>
  <system-err><![CDATA[]]></system-err>
</testsuite>
