<?xml version="1.0" encoding="UTF-8"?>
<testsuite name="com.cedarsoft.test.utils.matchers.ContainsOnlyFilesMatcherTest" tests="3" skipped="0" failures="0" errors="0" timestamp="2021-08-09T02:10:04" hostname="runner-kggansxr-project-47-concurrent-0" time="0.038">
  <properties/>
  <testcase name="testWrong()" classname="com.cedarsoft.test.utils.matchers.ContainsOnlyFilesMatcherTest" time="0.009"/>
  <testcase name="testNone()" classname="com.cedarsoft.test.utils.matchers.ContainsOnlyFilesMatcherTest" time="0.005"/>
  <testcase name="testOnly()" classname="com.cedarsoft.test.utils.matchers.ContainsOnlyFilesMatcherTest" time="0.016"/>
  <system-out><![CDATA[]]></system-out>
  <system-err><![CDATA[]]></system-err>
</testsuite>
