<?xml version="1.0" encoding="UTF-8"?>
<testsuite name="com.cedarsoft.test.utils.WithVirtualNowProviderExtensionTest" tests="2" skipped="0" failures="0" errors="0" timestamp="2021-06-05T02:08:07" hostname="runner-kggansxr-project-47-concurrent-0" time="0.06">
  <properties/>
  <testcase name="testNotParam()" classname="com.cedarsoft.test.utils.WithVirtualNowProviderExtensionTest" time="0.031"/>
  <testcase name="testIt(VirtualNowProvider)" classname="com.cedarsoft.test.utils.WithVirtualNowProviderExtensionTest" time="0.004"/>
  <system-out><![CDATA[]]></system-out>
  <system-err><![CDATA[]]></system-err>
</testsuite>
