<?xml version="1.0" encoding="UTF-8"?>
<testsuite name="com.cedarsoft.test.utils.AssertkExtensionsKtTest" tests="2" skipped="0" failures="0" errors="0" timestamp="2021-01-16T03:23:26" hostname="runner-kggansxr-project-47-concurrent-0" time="0.925">
  <properties/>
  <testcase name="testNaN()" classname="com.cedarsoft.test.utils.AssertkExtensionsKtTest" time="0.504"/>
  <testcase name="testAssertFirst()" classname="com.cedarsoft.test.utils.AssertkExtensionsKtTest" time="0.416"/>
  <system-out><![CDATA[]]></system-out>
  <system-err><![CDATA[]]></system-err>
</testsuite>
