<?xml version="1.0" encoding="UTF-8"?>
<testsuite name="com.cedarsoft.test.utils.XmlUnitTest" tests="3" skipped="0" failures="0" errors="0" timestamp="2021-01-19T03:20:52" hostname="runner-pgnkb89--project-47-concurrent-0" time="1.02">
  <properties/>
  <testcase name="testEmpty()" classname="com.cedarsoft.test.utils.XmlUnitTest" time="0.151"/>
  <testcase name="testIt()" classname="com.cedarsoft.test.utils.XmlUnitTest" time="0.663"/>
  <testcase name="testWhitespaces()" classname="com.cedarsoft.test.utils.XmlUnitTest" time="0.202"/>
  <system-out><![CDATA[]]></system-out>
  <system-err><![CDATA[]]></system-err>
</testsuite>
