<?xml version="1.0" encoding="UTF-8"?>
<testsuite name="com.cedarsoft.test.utils.TemporaryFolderExtensionTest" tests="3" skipped="0" failures="0" errors="0" timestamp="2021-01-16T03:23:22" hostname="runner-kggansxr-project-47-concurrent-0" time="0.076">
  <properties/>
  <testcase name="testTmpFile(File)" classname="com.cedarsoft.test.utils.TemporaryFolderExtensionTest" time="0.063"/>
  <testcase name="testTempFolder(TemporaryFolder)" classname="com.cedarsoft.test.utils.TemporaryFolderExtensionTest" time="0.003"/>
  <testcase name="testTmpFolder(File)" classname="com.cedarsoft.test.utils.TemporaryFolderExtensionTest" time="0.004"/>
  <system-out><![CDATA[]]></system-out>
  <system-err><![CDATA[]]></system-err>
</testsuite>
