<?xml version="1.0" encoding="UTF-8"?>
<testsuite name="com.cedarsoft.test.utils.SystemOutExtensionTest" tests="3" skipped="0" failures="0" errors="0" timestamp="2021-07-26T02:09:01" hostname="runner-kggansxr-project-47-concurrent-0" time="0.048">
  <properties/>
  <testcase name="testErr(SystemOutExtension)" classname="com.cedarsoft.test.utils.SystemOutExtensionTest" time="0.038"/>
  <testcase name="testOut2(SystemOutExtension)" classname="com.cedarsoft.test.utils.SystemOutExtensionTest" time="0.003"/>
  <testcase name="testIt(SystemOutExtension)" classname="com.cedarsoft.test.utils.SystemOutExtensionTest" time="0.002"/>
  <system-out><![CDATA[]]></system-out>
  <system-err><![CDATA[]]></system-err>
</testsuite>
