<?xml version="1.0" encoding="UTF-8"?>
<testsuite name="com.cedarsoft.test.utils.matchers.ContainsOnlyFilesMatcherTest" tests="3" skipped="0" failures="0" errors="0" timestamp="2021-01-19T03:20:52" hostname="runner-pgnkb89--project-47-concurrent-0" time="0.594">
  <properties/>
  <testcase name="testWrong()" classname="com.cedarsoft.test.utils.matchers.ContainsOnlyFilesMatcherTest" time="0.578"/>
  <testcase name="testNone()" classname="com.cedarsoft.test.utils.matchers.ContainsOnlyFilesMatcherTest" time="0.002"/>
  <testcase name="testOnly()" classname="com.cedarsoft.test.utils.matchers.ContainsOnlyFilesMatcherTest" time="0.012"/>
  <system-out><![CDATA[]]></system-out>
  <system-err><![CDATA[]]></system-err>
</testsuite>
