<?xml version="1.0" encoding="UTF-8"?>
<testsuite name="com.cedarsoft.test.utils.DisableWhenHeadlessConditionTest" tests="1" skipped="0" failures="0" errors="0" timestamp="2021-11-15T03:09:43" hostname="runner-ioxloixu-project-47-concurrent-0" time="0.067">
  <properties/>
  <testcase name="testItIfHeadless()" classname="com.cedarsoft.test.utils.DisableWhenHeadlessConditionTest" time="0.067"/>
  <system-out><![CDATA[Running
]]></system-out>
  <system-err><![CDATA[]]></system-err>
</testsuite>
