<?xml version="1.0" encoding="UTF-8"?>
<testsuite name="com.cedarsoft.test.utils.MockitoTest" tests="3" skipped="0" failures="0" errors="0" timestamp="2021-07-14T02:06:11" hostname="runner-cs1zem-v-project-47-concurrent-0" time="2.291">
  <properties/>
  <testcase name="testAnnotations()" classname="com.cedarsoft.test.utils.MockitoTest" time="2.241"/>
  <testcase name="testIt()" classname="com.cedarsoft.test.utils.MockitoTest" time="0.033"/>
  <testcase name="testTemplate()" classname="com.cedarsoft.test.utils.MockitoTest" time="0.015"/>
  <system-out><![CDATA[]]></system-out>
  <system-err><![CDATA[]]></system-err>
</testsuite>
