<?xml version="1.0" encoding="UTF-8"?>
<testsuite name="com.cedarsoft.test.utils.ThreadExtensionTest" tests="3" skipped="3" failures="0" errors="0" timestamp="2021-12-23T03:09:50" hostname="runner-ioxloixu-project-47-concurrent-0" time="0.001">
  <properties/>
  <testcase name="testThreadRule()" classname="com.cedarsoft.test.utils.ThreadExtensionTest" time="0.0">
    <skipped/>
  </testcase>
  <testcase name="testFailing()" classname="com.cedarsoft.test.utils.ThreadExtensionTest" time="0.0">
    <skipped/>
  </testcase>
  <testcase name="testMulti()" classname="com.cedarsoft.test.utils.ThreadExtensionTest" time="0.001">
    <skipped/>
  </testcase>
  <system-out><![CDATA[]]></system-out>
  <system-err><![CDATA[]]></system-err>
</testsuite>
