<?xml version="1.0" encoding="UTF-8"?>
<testsuite name="com.cedarsoft.test.utils.VirtualNowProviderExtensionTest" tests="1" skipped="0" failures="0" errors="0" timestamp="2021-09-11T02:06:04" hostname="runner-cs1zem-v-project-47-concurrent-0" time="0.001">
  <properties/>
  <testcase name="testIt$test_utils()" classname="com.cedarsoft.test.utils.VirtualNowProviderExtensionTest" time="0.001"/>
  <system-out><![CDATA[]]></system-out>
  <system-err><![CDATA[]]></system-err>
</testsuite>
