<?xml version="1.0" encoding="UTF-8"?>
<testsuite name="com.cedarsoft.test.utils.TemporaryFolderExtensionTest" tests="3" skipped="0" failures="0" errors="0" timestamp="2021-04-13T02:07:41" hostname="runner-kggansxr-project-47-concurrent-0" time="0.078">
  <properties/>
  <testcase name="testTmpFile(File)" classname="com.cedarsoft.test.utils.TemporaryFolderExtensionTest" time="0.038"/>
  <testcase name="testTempFolder(TemporaryFolder)" classname="com.cedarsoft.test.utils.TemporaryFolderExtensionTest" time="0.007"/>
  <testcase name="testTmpFolder(File)" classname="com.cedarsoft.test.utils.TemporaryFolderExtensionTest" time="0.009"/>
  <system-out><![CDATA[]]></system-out>
  <system-err><![CDATA[]]></system-err>
</testsuite>
