<?xml version="1.0" encoding="UTF-8"?>
<testsuite name="com.cedarsoft.test.utils.XmlUnitTest" tests="3" skipped="0" failures="0" errors="0" timestamp="2021-01-15T03:23:14" hostname="runner-kggansxr-project-47-concurrent-0" time="0.692">
  <properties/>
  <testcase name="testEmpty()" classname="com.cedarsoft.test.utils.XmlUnitTest" time="0.209"/>
  <testcase name="testIt()" classname="com.cedarsoft.test.utils.XmlUnitTest" time="0.303"/>
  <testcase name="testWhitespaces()" classname="com.cedarsoft.test.utils.XmlUnitTest" time="0.174"/>
  <system-out><![CDATA[]]></system-out>
  <system-err><![CDATA[]]></system-err>
</testsuite>
