<?xml version="1.0" encoding="UTF-8"?>
<testsuite name="com.cedarsoft.test.utils.matchers.ContainsFileMatcherTest" tests="5" skipped="0" failures="0" errors="0" timestamp="2021-12-06T03:10:18" hostname="runner-cs1zem-v-project-47-concurrent-0" time="0.239">
  <properties/>
  <testcase name="testBasic()" classname="com.cedarsoft.test.utils.matchers.ContainsFileMatcherTest" time="0.053"/>
  <testcase name="testEmpty()" classname="com.cedarsoft.test.utils.matchers.ContainsFileMatcherTest" time="0.061"/>
  <testcase name="testList()" classname="com.cedarsoft.test.utils.matchers.ContainsFileMatcherTest" time="0.099"/>
  <testcase name="testNontExistent()" classname="com.cedarsoft.test.utils.matchers.ContainsFileMatcherTest" time="0.01"/>
  <testcase name="testSubDir()" classname="com.cedarsoft.test.utils.matchers.ContainsFileMatcherTest" time="0.009"/>
  <system-out><![CDATA[]]></system-out>
  <system-err><![CDATA[]]></system-err>
</testsuite>
