<?xml version="1.0" encoding="UTF-8"?>
<testsuite name="com.cedarsoft.test.utils.MemoryLeakVerifierTest" tests="1" skipped="0" failures="0" errors="0" timestamp="2021-08-02T02:06:04" hostname="runner-cs1zem-v-project-47-concurrent-0" time="0.222">
  <properties/>
  <testcase name="testIt()" classname="com.cedarsoft.test.utils.MemoryLeakVerifierTest" time="0.222"/>
  <system-out><![CDATA[]]></system-out>
  <system-err><![CDATA[]]></system-err>
</testsuite>
