<?xml version="1.0" encoding="UTF-8"?>
<testsuite name="com.cedarsoft.test.utils.AwaitilityExtensionsKtTest" tests="2" skipped="0" failures="0" errors="0" timestamp="2021-02-10T03:21:45" hostname="runner-pgnkb89--project-47-concurrent-0" time="0.492">
  <properties/>
  <testcase name="testTimeout$test_utils()" classname="com.cedarsoft.test.utils.AwaitilityExtensionsKtTest" time="0.381"/>
  <testcase name="testIt$test_utils()" classname="com.cedarsoft.test.utils.AwaitilityExtensionsKtTest" time="0.111"/>
  <system-out><![CDATA[]]></system-out>
  <system-err><![CDATA[]]></system-err>
</testsuite>
