<?xml version="1.0" encoding="UTF-8"?>
<testsuite name="com.cedarsoft.test.utils.matchers.ContainsOnlyFilesMatcherTest" tests="3" skipped="0" failures="0" errors="0" timestamp="2022-02-10T17:16:01" hostname="runner-ioxloixu-project-47-concurrent-1" time="0.011">
  <properties/>
  <testcase name="testWrong()" classname="com.cedarsoft.test.utils.matchers.ContainsOnlyFilesMatcherTest" time="0.005"/>
  <testcase name="testNone()" classname="com.cedarsoft.test.utils.matchers.ContainsOnlyFilesMatcherTest" time="0.002"/>
  <testcase name="testOnly()" classname="com.cedarsoft.test.utils.matchers.ContainsOnlyFilesMatcherTest" time="0.002"/>
  <system-out><![CDATA[]]></system-out>
  <system-err><![CDATA[]]></system-err>
</testsuite>
