<?xml version="1.0" encoding="UTF-8"?>
<testsuite name="com.cedarsoft.test.utils.TemporaryFolderExtensionTest" tests="3" skipped="0" failures="0" errors="0" timestamp="2021-05-07T02:08:12" hostname="runner-kggansxr-project-47-concurrent-0" time="0.044">
  <properties/>
  <testcase name="testTmpFile(File)" classname="com.cedarsoft.test.utils.TemporaryFolderExtensionTest" time="0.026"/>
  <testcase name="testTempFolder(TemporaryFolder)" classname="com.cedarsoft.test.utils.TemporaryFolderExtensionTest" time="0.005"/>
  <testcase name="testTmpFolder(File)" classname="com.cedarsoft.test.utils.TemporaryFolderExtensionTest" time="0.011"/>
  <system-out><![CDATA[]]></system-out>
  <system-err><![CDATA[]]></system-err>
</testsuite>
