<?xml version="1.0" encoding="UTF-8"?>
<testsuite name="com.cedarsoft.test.utils.LocaleExtensionTest" tests="3" skipped="0" failures="0" errors="0" timestamp="2021-07-26T02:09:04" hostname="runner-kggansxr-project-47-concurrent-0" time="0.038">
  <properties/>
  <testcase name="testDe()" classname="com.cedarsoft.test.utils.LocaleExtensionTest" time="0.014"/>
  <testcase name="testUs()" classname="com.cedarsoft.test.utils.LocaleExtensionTest" time="0.002"/>
  <testcase name="testWithout()" classname="com.cedarsoft.test.utils.LocaleExtensionTest" time="0.019"/>
  <system-out><![CDATA[]]></system-out>
  <system-err><![CDATA[]]></system-err>
</testsuite>
