<?xml version="1.0" encoding="UTF-8"?>
<testsuite name="com.cedarsoft.test.utils.LocaleExtensionTest" tests="2" skipped="0" failures="0" errors="0" timestamp="2021-02-03T03:21:18" hostname="runner-pgnkb89--project-47-concurrent-0" time="0.038">
  <properties/>
  <testcase name="testDe()" classname="com.cedarsoft.test.utils.LocaleExtensionTest" time="0.036"/>
  <testcase name="testUs()" classname="com.cedarsoft.test.utils.LocaleExtensionTest" time="0.001"/>
  <system-out><![CDATA[]]></system-out>
  <system-err><![CDATA[]]></system-err>
</testsuite>
