<?xml version="1.0" encoding="UTF-8"?>
<testsuite name="com.cedarsoft.test.utils.TestUtilsTest" tests="2" skipped="0" failures="0" errors="0" timestamp="2021-08-12T02:06:16" hostname="runner-cs1zem-v-project-47-concurrent-0" time="0.002">
  <properties/>
  <testcase name="testCleanupNull()" classname="com.cedarsoft.test.utils.TestUtilsTest" time="0.0"/>
  <testcase name="testCleanup()" classname="com.cedarsoft.test.utils.TestUtilsTest" time="0.001"/>
  <system-out><![CDATA[]]></system-out>
  <system-err><![CDATA[]]></system-err>
</testsuite>
