<?xml version="1.0" encoding="UTF-8"?>
<testsuite name="com.cedarsoft.test.utils.MockitoTest" tests="3" skipped="0" failures="0" errors="0" timestamp="2021-10-13T02:05:42" hostname="runner-cs1zem-v-project-47-concurrent-0" time="1.885">
  <properties/>
  <testcase name="testAnnotations()" classname="com.cedarsoft.test.utils.MockitoTest" time="1.813"/>
  <testcase name="testIt()" classname="com.cedarsoft.test.utils.MockitoTest" time="0.036"/>
  <testcase name="testTemplate()" classname="com.cedarsoft.test.utils.MockitoTest" time="0.024"/>
  <system-out><![CDATA[]]></system-out>
  <system-err><![CDATA[]]></system-err>
</testsuite>
