<?xml version="1.0" encoding="UTF-8"?>
<testsuite name="com.cedarsoft.test.utils.TestUtilsTest" tests="2" skipped="0" failures="0" errors="0" timestamp="2021-03-26T03:06:15" hostname="runner-pgnkb89--project-47-concurrent-0" time="0.023">
  <properties/>
  <testcase name="testCleanupNull()" classname="com.cedarsoft.test.utils.TestUtilsTest" time="0.019"/>
  <testcase name="testCleanup()" classname="com.cedarsoft.test.utils.TestUtilsTest" time="0.003"/>
  <system-out><![CDATA[]]></system-out>
  <system-err><![CDATA[]]></system-err>
</testsuite>
