<?xml version="1.0" encoding="UTF-8"?>
<testsuite name="com.cedarsoft.container.ContainerEntryDescriptorTest" tests="1" skipped="0" failures="0" errors="0" timestamp="2021-12-29T03:08:55" hostname="runner-ioxloixu-project-47-concurrent-0" time="0.277">
  <properties/>
  <testcase name="testPathParse$container()" classname="com.cedarsoft.container.ContainerEntryDescriptorTest" time="0.277"/>
  <system-out><![CDATA[]]></system-out>
  <system-err><![CDATA[]]></system-err>
</testsuite>
