<?xml version="1.0" encoding="UTF-8"?>
<testsuite name="com.cedarsoft.container.builder.ContainerFormatVersionHelperTest" tests="2" skipped="0" failures="0" errors="0" timestamp="2021-12-24T03:09:06" hostname="runner-ioxloixu-project-47-concurrent-0" time="0.563">
  <properties/>
  <testcase name="testFailing()" classname="com.cedarsoft.container.builder.ContainerFormatVersionHelperTest" time="0.159"/>
  <testcase name="testBasic()" classname="com.cedarsoft.container.builder.ContainerFormatVersionHelperTest" time="0.402"/>
  <system-out><![CDATA[]]></system-out>
  <system-err><![CDATA[]]></system-err>
</testsuite>
