<?xml version="1.0" encoding="UTF-8"?>
<testsuite name="com.cedarsoft.container.builder.ContainerFormatVersionHelperTest" tests="2" skipped="0" failures="0" errors="0" timestamp="2021-08-09T02:08:21" hostname="runner-kggansxr-project-47-concurrent-0" time="1.01">
  <properties/>
  <testcase name="testFailing()" classname="com.cedarsoft.container.builder.ContainerFormatVersionHelperTest" time="0.568"/>
  <testcase name="testBasic()" classname="com.cedarsoft.container.builder.ContainerFormatVersionHelperTest" time="0.44"/>
  <system-out><![CDATA[]]></system-out>
  <system-err><![CDATA[]]></system-err>
</testsuite>
