<?xml version="1.0" encoding="UTF-8"?>
<testsuite name="com.cedarsoft.container.ContainerEntryDescriptorTest" tests="1" skipped="0" failures="0" errors="0" timestamp="2021-09-21T02:05:47" hostname="runner-cs1zem-v-project-47-concurrent-0" time="0.341">
  <properties/>
  <testcase name="testPathParse$container()" classname="com.cedarsoft.container.ContainerEntryDescriptorTest" time="0.341"/>
  <system-out><![CDATA[]]></system-out>
  <system-err><![CDATA[]]></system-err>
</testsuite>
