<?xml version="1.0" encoding="UTF-8"?>
<testsuite name="com.cedarsoft.container.ContainerEntryDescriptorTest" tests="1" skipped="0" failures="0" errors="0" timestamp="2021-01-18T03:20:37" hostname="runner-cs1zem-v-project-47-concurrent-0" time="0.513">
  <properties/>
  <testcase name="testPathParse$container()" classname="com.cedarsoft.container.ContainerEntryDescriptorTest" time="0.513"/>
  <system-out><![CDATA[]]></system-out>
  <system-err><![CDATA[]]></system-err>
</testsuite>
