<?xml version="1.0" encoding="UTF-8"?>
<testsuite name="com.cedarsoft.container.builder.ContainerFormatVersionHelperTest" tests="2" skipped="0" failures="0" errors="0" timestamp="2021-01-28T03:20:28" hostname="runner-cs1zem-v-project-47-concurrent-0" time="1.538">
  <properties/>
  <testcase name="testFailing()" classname="com.cedarsoft.container.builder.ContainerFormatVersionHelperTest" time="0.518"/>
  <testcase name="testBasic()" classname="com.cedarsoft.container.builder.ContainerFormatVersionHelperTest" time="1.018"/>
  <system-out><![CDATA[]]></system-out>
  <system-err><![CDATA[]]></system-err>
</testsuite>
