<?xml version="1.0" encoding="UTF-8"?>
<testsuite name="com.cedarsoft.serialization.neo4j.test.PerformanceTest" tests="1" skipped="1" failures="0" errors="0" timestamp="2021-12-24T03:10:04" hostname="runner-ioxloixu-project-47-concurrent-0" time="0.019">
  <properties/>
  <testcase name="testName()" classname="com.cedarsoft.serialization.neo4j.test.PerformanceTest" time="0.019">
    <skipped/>
  </testcase>
  <system-out><![CDATA[]]></system-out>
  <system-err><![CDATA[]]></system-err>
</testsuite>
