<?xml version="1.0" encoding="UTF-8"?>
<testsuite name="com.cedarsoft.exceptions.ApplicationExceptionTest" tests="3" skipped="0" failures="0" errors="0" timestamp="2022-01-04T03:09:45" hostname="runner-cs1zem-v-project-47-concurrent-0" time="0.59">
  <properties/>
  <testcase name="testDefaultLocale()" classname="com.cedarsoft.exceptions.ApplicationExceptionTest" time="0.585"/>
  <testcase name="testSetup()" classname="com.cedarsoft.exceptions.ApplicationExceptionTest" time="0.002"/>
  <testcase name="testLocales()" classname="com.cedarsoft.exceptions.ApplicationExceptionTest" time="0.001"/>
  <system-out><![CDATA[]]></system-out>
  <system-err><![CDATA[]]></system-err>
</testsuite>
