<?xml version="1.0" encoding="UTF-8"?>
<testsuite name="com.cedarsoft.exceptions.MessagesTest" tests="1" skipped="0" failures="0" errors="0" timestamp="2022-02-03T03:09:47" hostname="runner-ioxloixu-project-47-concurrent-0" time="0.016">
  <properties/>
  <testcase name="testBundles()" classname="com.cedarsoft.exceptions.MessagesTest" time="0.016"/>
  <system-out><![CDATA[]]></system-out>
  <system-err><![CDATA[]]></system-err>
</testsuite>
