<?xml version="1.0" encoding="UTF-8"?>
<testsuite name="com.cedarsoft.exceptions.ExceptionsTest" tests="1" skipped="0" failures="0" errors="0" timestamp="2021-02-10T03:21:22" hostname="runner-pgnkb89--project-47-concurrent-0" time="0.029">
  <properties/>
  <testcase name="testMessages()" classname="com.cedarsoft.exceptions.ExceptionsTest" time="0.029"/>
  <system-out><![CDATA[]]></system-out>
  <system-err><![CDATA[]]></system-err>
</testsuite>
