<?xml version="1.0" encoding="UTF-8"?>
<testsuite name="com.cedarsoft.exceptions.ExceptionsTest" tests="1" skipped="0" failures="0" errors="0" timestamp="2021-03-04T03:06:03" hostname="runner-pgnkb89--project-47-concurrent-0" time="0.032">
  <properties/>
  <testcase name="testMessages()" classname="com.cedarsoft.exceptions.ExceptionsTest" time="0.032"/>
  <system-out><![CDATA[]]></system-out>
  <system-err><![CDATA[]]></system-err>
</testsuite>
