<?xml version="1.0" encoding="UTF-8"?>
<testsuite name="com.cedarsoft.exceptions.ApplicationExceptionTest" tests="3" skipped="0" failures="0" errors="0" timestamp="2021-04-09T15:42:33" hostname="runner-cs1zem-v-project-47-concurrent-0" time="0.762">
  <properties/>
  <testcase name="testDefaultLocale()" classname="com.cedarsoft.exceptions.ApplicationExceptionTest" time="0.728"/>
  <testcase name="testSetup()" classname="com.cedarsoft.exceptions.ApplicationExceptionTest" time="0.01"/>
  <testcase name="testLocales()" classname="com.cedarsoft.exceptions.ApplicationExceptionTest" time="0.009"/>
  <system-out><![CDATA[]]></system-out>
  <system-err><![CDATA[]]></system-err>
</testsuite>
