<?xml version="1.0" encoding="UTF-8"?>
<testsuite name="com.cedarsoft.exceptions.ApplicationExceptionTest" tests="3" skipped="0" failures="0" errors="0" timestamp="2021-01-24T03:21:18" hostname="runner-kggansxr-project-47-concurrent-0" time="1.002">
  <properties/>
  <testcase name="testDefaultLocale()" classname="com.cedarsoft.exceptions.ApplicationExceptionTest" time="0.958"/>
  <testcase name="testSetup()" classname="com.cedarsoft.exceptions.ApplicationExceptionTest" time="0.004"/>
  <testcase name="testLocales()" classname="com.cedarsoft.exceptions.ApplicationExceptionTest" time="0.016"/>
  <system-out><![CDATA[]]></system-out>
  <system-err><![CDATA[]]></system-err>
</testsuite>
