<?xml version="1.0" encoding="UTF-8"?>
<testsuite name="com.cedarsoft.exceptions.ExceptionsTest" tests="1" skipped="0" failures="0" errors="0" timestamp="2021-03-28T02:05:30" hostname="runner-cs1zem-v-project-47-concurrent-0" time="0.005">
  <properties/>
  <testcase name="testMessages()" classname="com.cedarsoft.exceptions.ExceptionsTest" time="0.005"/>
  <system-out><![CDATA[]]></system-out>
  <system-err><![CDATA[]]></system-err>
</testsuite>
