<?xml version="1.0" encoding="UTF-8"?>
<testsuite name="com.cedarsoft.exceptions.ApplicationExceptionTest" tests="3" skipped="0" failures="0" errors="0" timestamp="2022-01-18T03:08:59" hostname="runner-ioxloixu-project-47-concurrent-0" time="0.4">
  <properties/>
  <testcase name="testDefaultLocale()" classname="com.cedarsoft.exceptions.ApplicationExceptionTest" time="0.384"/>
  <testcase name="testSetup()" classname="com.cedarsoft.exceptions.ApplicationExceptionTest" time="0.008"/>
  <testcase name="testLocales()" classname="com.cedarsoft.exceptions.ApplicationExceptionTest" time="0.003"/>
  <system-out><![CDATA[]]></system-out>
  <system-err><![CDATA[]]></system-err>
</testsuite>
