<?xml version="1.0" encoding="UTF-8"?>
<testsuite name="com.cedarsoft.rest.JsonLinksTest" tests="4" skipped="0" failures="0" errors="0" timestamp="2021-02-16T03:23:22" hostname="runner-kggansxr-project-47-concurrent-0" time="9.997">
  <properties/>
  <testcase name="testParse$rest()" classname="com.cedarsoft.rest.JsonLinksTest" time="9.751"/>
  <testcase name="testWithLinksApi$rest()" classname="com.cedarsoft.rest.JsonLinksTest" time="0.108"/>
  <testcase name="testWithLinks$rest()" classname="com.cedarsoft.rest.JsonLinksTest" time="0.068"/>
  <testcase name="testJackson()" classname="com.cedarsoft.rest.JsonLinksTest" time="0.038"/>
  <system-out><![CDATA[]]></system-out>
  <system-err><![CDATA[]]></system-err>
</testsuite>
