<?xml version="1.0" encoding="UTF-8"?>
<testsuite name="com.cedarsoft.rest.JsonLinksTest" tests="4" skipped="0" failures="0" errors="0" timestamp="2021-11-02T03:06:10" hostname="runner-cs1zem-v-project-47-concurrent-0" time="6.752">
  <properties/>
  <testcase name="testParse$rest()" classname="com.cedarsoft.rest.JsonLinksTest" time="6.626"/>
  <testcase name="testWithLinksApi$rest()" classname="com.cedarsoft.rest.JsonLinksTest" time="0.046"/>
  <testcase name="testWithLinks$rest()" classname="com.cedarsoft.rest.JsonLinksTest" time="0.049"/>
  <testcase name="testJackson()" classname="com.cedarsoft.rest.JsonLinksTest" time="0.028"/>
  <system-out><![CDATA[]]></system-out>
  <system-err><![CDATA[]]></system-err>
</testsuite>
