<?xml version="1.0" encoding="UTF-8"?>
<testsuite name="com.cedarsoft.rest.JsonLinksTest" tests="4" skipped="0" failures="0" errors="0" timestamp="2022-02-05T03:10:11" hostname="runner-cs1zem-v-project-47-concurrent-0" time="7.635">
  <properties/>
  <testcase name="testParse$rest()" classname="com.cedarsoft.rest.JsonLinksTest" time="7.45"/>
  <testcase name="testWithLinksApi$rest()" classname="com.cedarsoft.rest.JsonLinksTest" time="0.045"/>
  <testcase name="testWithLinks$rest()" classname="com.cedarsoft.rest.JsonLinksTest" time="0.092"/>
  <testcase name="testJackson()" classname="com.cedarsoft.rest.JsonLinksTest" time="0.038"/>
  <system-out><![CDATA[]]></system-out>
  <system-err><![CDATA[]]></system-err>
</testsuite>
