<?xml version="1.0" encoding="UTF-8"?>
<testsuite name="com.cedarsoft.rest.JsonLinksTest" tests="4" skipped="0" failures="0" errors="0" timestamp="2021-02-08T03:22:18" hostname="runner-pgnkb89--project-47-concurrent-0" time="7.9">
  <properties/>
  <testcase name="testParse$rest()" classname="com.cedarsoft.rest.JsonLinksTest" time="7.779"/>
  <testcase name="testWithLinksApi$rest()" classname="com.cedarsoft.rest.JsonLinksTest" time="0.078"/>
  <testcase name="testWithLinks$rest()" classname="com.cedarsoft.rest.JsonLinksTest" time="0.026"/>
  <testcase name="testJackson()" classname="com.cedarsoft.rest.JsonLinksTest" time="0.012"/>
  <system-out><![CDATA[]]></system-out>
  <system-err><![CDATA[]]></system-err>
</testsuite>
