<?xml version="1.0" encoding="UTF-8"?>
<testsuite name="com.cedarsoft.rest.JsonLinksTest" tests="4" skipped="0" failures="0" errors="0" timestamp="2021-09-24T02:05:59" hostname="runner-cs1zem-v-project-47-concurrent-0" time="5.997">
  <properties/>
  <testcase name="testParse$rest()" classname="com.cedarsoft.rest.JsonLinksTest" time="5.834"/>
  <testcase name="testWithLinksApi$rest()" classname="com.cedarsoft.rest.JsonLinksTest" time="0.068"/>
  <testcase name="testWithLinks$rest()" classname="com.cedarsoft.rest.JsonLinksTest" time="0.057"/>
  <testcase name="testJackson()" classname="com.cedarsoft.rest.JsonLinksTest" time="0.019"/>
  <system-out><![CDATA[]]></system-out>
  <system-err><![CDATA[]]></system-err>
</testsuite>
