<?xml version="1.0" encoding="UTF-8"?>
<testsuite name="com.cedarsoft.serialization.stax.StaxTest" tests="6" skipped="0" failures="0" errors="0" timestamp="2021-05-09T02:06:29" hostname="runner-cs1zem-v-project-47-concurrent-0" time="1.081">
  <properties/>
  <testcase name="testBug()" classname="com.cedarsoft.serialization.stax.StaxTest" time="0.263"/>
  <testcase name="testWrite()" classname="com.cedarsoft.serialization.stax.StaxTest" time="0.454"/>
  <testcase name="testStax()" classname="com.cedarsoft.serialization.stax.StaxTest" time="0.201"/>
  <testcase name="testCurrentNamespace()" classname="com.cedarsoft.serialization.stax.StaxTest" time="0.075"/>
  <testcase name="testNameSpace()" classname="com.cedarsoft.serialization.stax.StaxTest" time="0.046"/>
  <testcase name="testIterator()" classname="com.cedarsoft.serialization.stax.StaxTest" time="0.021"/>
  <system-out><![CDATA[]]></system-out>
  <system-err><![CDATA[]]></system-err>
</testsuite>
