<?xml version="1.0" encoding="UTF-8"?>
<testsuite name="com.cedarsoft.serialization.stax.test.DaBallSerializerTest" tests="5" skipped="0" failures="0" errors="0" timestamp="2021-07-30T02:06:00" hostname="runner-cs1zem-v-project-47-concurrent-0" time="1.051">
  <properties/>
  <testcase name="testNs2()" classname="com.cedarsoft.serialization.stax.test.DaBallSerializerTest" time="0.326"/>
  <testcase name="testInvalidNamespaceVersion()" classname="com.cedarsoft.serialization.stax.test.DaBallSerializerTest" time="0.499"/>
  <testcase name="testIt()" classname="com.cedarsoft.serialization.stax.test.DaBallSerializerTest" time="0.189"/>
  <testcase name="testInvalidNamespace()" classname="com.cedarsoft.serialization.stax.test.DaBallSerializerTest" time="0.004"/>
  <testcase name="testMissing()" classname="com.cedarsoft.serialization.stax.test.DaBallSerializerTest" time="0.02"/>
  <system-out><![CDATA[]]></system-out>
  <system-err><![CDATA[]]></system-err>
</testsuite>
