<?xml version="1.0" encoding="UTF-8"?>
<testsuite name="com.cedarsoft.serialization.stax.test.DaBallSerializerTest" tests="5" skipped="0" failures="0" errors="0" timestamp="2022-01-16T03:10:26" hostname="runner-cs1zem-v-project-47-concurrent-0" time="1.118">
  <properties/>
  <testcase name="testNs2()" classname="com.cedarsoft.serialization.stax.test.DaBallSerializerTest" time="0.405"/>
  <testcase name="testInvalidNamespaceVersion()" classname="com.cedarsoft.serialization.stax.test.DaBallSerializerTest" time="0.45"/>
  <testcase name="testIt()" classname="com.cedarsoft.serialization.stax.test.DaBallSerializerTest" time="0.223"/>
  <testcase name="testInvalidNamespace()" classname="com.cedarsoft.serialization.stax.test.DaBallSerializerTest" time="0.022"/>
  <testcase name="testMissing()" classname="com.cedarsoft.serialization.stax.test.DaBallSerializerTest" time="0.013"/>
  <system-out><![CDATA[]]></system-out>
  <system-err><![CDATA[]]></system-err>
</testsuite>
