<?xml version="1.0" encoding="UTF-8"?>
<testsuite name="com.cedarsoft.serialization.stax.test.EmailSerializerTest" tests="1" skipped="0" failures="0" errors="0" timestamp="2021-03-03T03:06:47" hostname="runner-pgnkb89--project-47-concurrent-0" time="0.065">
  <properties/>
  <testcase name="[1] entry=Entry{object=com.cedarsoft.serialization.stax.test.Email@ca3b1daf}" classname="com.cedarsoft.serialization.stax.test.EmailSerializerTest" time="0.065"/>
  <system-out><![CDATA[]]></system-out>
  <system-err><![CDATA[]]></system-err>
</testsuite>
