<?xml version="1.0" encoding="UTF-8"?>
<testsuite name="com.cedarsoft.serialization.stax.test.DaBallSerializerTest" tests="5" skipped="0" failures="0" errors="0" timestamp="2021-01-19T03:21:56" hostname="runner-pgnkb89--project-47-concurrent-0" time="1.371">
  <properties/>
  <testcase name="testNs2()" classname="com.cedarsoft.serialization.stax.test.DaBallSerializerTest" time="0.401"/>
  <testcase name="testInvalidNamespaceVersion()" classname="com.cedarsoft.serialization.stax.test.DaBallSerializerTest" time="0.619"/>
  <testcase name="testIt()" classname="com.cedarsoft.serialization.stax.test.DaBallSerializerTest" time="0.309"/>
  <testcase name="testInvalidNamespace()" classname="com.cedarsoft.serialization.stax.test.DaBallSerializerTest" time="0.018"/>
  <testcase name="testMissing()" classname="com.cedarsoft.serialization.stax.test.DaBallSerializerTest" time="0.002"/>
  <system-out><![CDATA[]]></system-out>
  <system-err><![CDATA[]]></system-err>
</testsuite>
