<?xml version="1.0" encoding="UTF-8"?>
<testsuite name="com.cedarsoft.serialization.stax.StaxTestSerializerTest" tests="1" skipped="0" failures="0" errors="0" timestamp="2021-08-04T02:05:58" hostname="runner-cs1zem-v-project-47-concurrent-0" time="0.056">
  <properties/>
  <testcase name="[1] entry=Entry{object=7}" classname="com.cedarsoft.serialization.stax.StaxTestSerializerTest" time="0.056"/>
  <system-out><![CDATA[]]></system-out>
  <system-err><![CDATA[]]></system-err>
</testsuite>
