<?xml version="1.0" encoding="UTF-8"?>
<testsuite name="com.cedarsoft.serialization.stax.test.UserSerializerTest" tests="1" skipped="0" failures="0" errors="0" timestamp="2021-01-19T03:21:58" hostname="runner-pgnkb89--project-47-concurrent-0" time="0.233">
  <properties/>
  <testcase name="[1] entry=Entry{object=com.cedarsoft.serialization.stax.test.User@629e139c}" classname="com.cedarsoft.serialization.stax.test.UserSerializerTest" time="0.233"/>
  <system-out><![CDATA[]]></system-out>
  <system-err><![CDATA[]]></system-err>
</testsuite>
