<?xml version="1.0" encoding="UTF-8"?>
<testsuite name="com.cedarsoft.serialization.stax.test.RoleSerializerTest" tests="1" skipped="0" failures="0" errors="0" timestamp="2021-07-11T02:09:23" hostname="runner-kggansxr-project-47-concurrent-0" time="1.78">
  <properties/>
  <testcase name="[1] entry=Entry{object=com.cedarsoft.serialization.stax.test.Role@7}" classname="com.cedarsoft.serialization.stax.test.RoleSerializerTest" time="1.78"/>
  <system-out><![CDATA[]]></system-out>
  <system-err><![CDATA[]]></system-err>
</testsuite>
