<?xml version="1.0" encoding="UTF-8"?>
<testsuite name="com.cedarsoft.serialization.stax.test.EmailSerializerTest" tests="1" skipped="0" failures="0" errors="0" timestamp="2021-05-17T02:08:54" hostname="runner-kggansxr-project-47-concurrent-0" time="0.08">
  <properties/>
  <testcase name="[1] entry=Entry{object=com.cedarsoft.serialization.stax.test.Email@ca3b1daf}" classname="com.cedarsoft.serialization.stax.test.EmailSerializerTest" time="0.08"/>
  <system-out><![CDATA[]]></system-out>
  <system-err><![CDATA[]]></system-err>
</testsuite>
