<?xml version="1.0" encoding="UTF-8"?>
<testsuite name="com.cedarsoft.serialization.stax.StaxSupportTest" tests="1" skipped="0" failures="0" errors="0" timestamp="2021-02-06T03:22:32" hostname="runner-pgnkb89--project-47-concurrent-0" time="0.021">
  <properties/>
  <testcase name="testEventNames()" classname="com.cedarsoft.serialization.stax.StaxSupportTest" time="0.021"/>
  <system-out><![CDATA[]]></system-out>
  <system-err><![CDATA[]]></system-err>
</testsuite>
