<?xml version="1.0" encoding="UTF-8"?>
<testsuite name="com.cedarsoft.serialization.stax.StaxSupportTest" tests="1" skipped="0" failures="0" errors="0" timestamp="2022-02-10T17:16:34" hostname="runner-ioxloixu-project-47-concurrent-1" time="0.099">
  <properties/>
  <testcase name="testEventNames()" classname="com.cedarsoft.serialization.stax.StaxSupportTest" time="0.099"/>
  <system-out><![CDATA[]]></system-out>
  <system-err><![CDATA[]]></system-err>
</testsuite>
