<?xml version="1.0" encoding="UTF-8"?>
<testsuite name="com.cedarsoft.serialization.stax.StaxSupportTest" tests="1" skipped="0" failures="0" errors="0" timestamp="2022-01-30T03:10:09" hostname="runner-cs1zem-v-project-47-concurrent-0" time="0.139">
  <properties/>
  <testcase name="testEventNames()" classname="com.cedarsoft.serialization.stax.StaxSupportTest" time="0.139"/>
  <system-out><![CDATA[]]></system-out>
  <system-err><![CDATA[]]></system-err>
</testsuite>
