<?xml version="1.0" encoding="UTF-8"?>
<testsuite name="com.cedarsoft.serialization.stax.test.UserSerializerTest" tests="1" skipped="0" failures="0" errors="0" timestamp="2021-10-14T02:06:02" hostname="runner-cs1zem-v-project-47-concurrent-0" time="0.143">
  <properties/>
  <testcase name="[1] entry=Entry{object=com.cedarsoft.serialization.stax.test.User@629e139c}" classname="com.cedarsoft.serialization.stax.test.UserSerializerTest" time="0.143"/>
  <system-out><![CDATA[]]></system-out>
  <system-err><![CDATA[]]></system-err>
</testsuite>
