<?xml version="1.0" encoding="UTF-8"?>
<testsuite name="com.cedarsoft.serialization.stax.StaxTest" tests="6" skipped="0" failures="0" errors="0" timestamp="2021-04-01T02:05:39" hostname="runner-cs1zem-v-project-47-concurrent-0" time="1.047">
  <properties/>
  <testcase name="testBug()" classname="com.cedarsoft.serialization.stax.StaxTest" time="0.318"/>
  <testcase name="testWrite()" classname="com.cedarsoft.serialization.stax.StaxTest" time="0.386"/>
  <testcase name="testStax()" classname="com.cedarsoft.serialization.stax.StaxTest" time="0.179"/>
  <testcase name="testCurrentNamespace()" classname="com.cedarsoft.serialization.stax.StaxTest" time="0.049"/>
  <testcase name="testNameSpace()" classname="com.cedarsoft.serialization.stax.StaxTest" time="0.071"/>
  <testcase name="testIterator()" classname="com.cedarsoft.serialization.stax.StaxTest" time="0.018"/>
  <system-out><![CDATA[]]></system-out>
  <system-err><![CDATA[]]></system-err>
</testsuite>
