<?xml version="1.0" encoding="UTF-8"?>
<testsuite name="com.cedarsoft.serialization.stax.StaxTest" tests="6" skipped="0" failures="0" errors="0" timestamp="2021-01-20T03:21:03" hostname="runner-cs1zem-v-project-47-concurrent-0" time="1.113">
  <properties/>
  <testcase name="testBug()" classname="com.cedarsoft.serialization.stax.StaxTest" time="0.301"/>
  <testcase name="testWrite()" classname="com.cedarsoft.serialization.stax.StaxTest" time="0.409"/>
  <testcase name="testStax()" classname="com.cedarsoft.serialization.stax.StaxTest" time="0.171"/>
  <testcase name="testCurrentNamespace()" classname="com.cedarsoft.serialization.stax.StaxTest" time="0.107"/>
  <testcase name="testNameSpace()" classname="com.cedarsoft.serialization.stax.StaxTest" time="0.075"/>
  <testcase name="testIterator()" classname="com.cedarsoft.serialization.stax.StaxTest" time="0.017"/>
  <system-out><![CDATA[]]></system-out>
  <system-err><![CDATA[]]></system-err>
</testsuite>
