<?xml version="1.0" encoding="UTF-8"?>
<testsuite name="com.cedarsoft.serialization.stax.test.EmailSerializerTest" tests="1" skipped="0" failures="0" errors="0" timestamp="2021-12-11T03:09:54" hostname="runner-ioxloixu-project-47-concurrent-0" time="0.17">
  <properties/>
  <testcase name="[1] entry=Entry{object=com.cedarsoft.serialization.stax.test.Email@ca3b1daf}" classname="com.cedarsoft.serialization.stax.test.EmailSerializerTest" time="0.17"/>
  <system-out><![CDATA[]]></system-out>
  <system-err><![CDATA[]]></system-err>
</testsuite>
