<?xml version="1.0" encoding="UTF-8"?>
<testsuite name="com.cedarsoft.serialization.stax.test.EmailSerializerTest" tests="1" skipped="0" failures="0" errors="0" timestamp="2021-02-07T03:23:52" hostname="runner-kggansxr-project-47-concurrent-0" time="0.111">
  <properties/>
  <testcase name="[1] entry=Entry{object=com.cedarsoft.serialization.stax.test.Email@ca3b1daf}" classname="com.cedarsoft.serialization.stax.test.EmailSerializerTest" time="0.111"/>
  <system-out><![CDATA[]]></system-out>
  <system-err><![CDATA[]]></system-err>
</testsuite>
