<?xml version="1.0" encoding="UTF-8"?>
<testsuite name="com.cedarsoft.serialization.stax.test.DaBallSerializerTest" tests="5" skipped="0" failures="0" errors="0" timestamp="2021-02-06T03:22:29" hostname="runner-pgnkb89--project-47-concurrent-0" time="1.562">
  <properties/>
  <testcase name="testNs2()" classname="com.cedarsoft.serialization.stax.test.DaBallSerializerTest" time="0.504"/>
  <testcase name="testInvalidNamespaceVersion()" classname="com.cedarsoft.serialization.stax.test.DaBallSerializerTest" time="0.827"/>
  <testcase name="testIt()" classname="com.cedarsoft.serialization.stax.test.DaBallSerializerTest" time="0.196"/>
  <testcase name="testInvalidNamespace()" classname="com.cedarsoft.serialization.stax.test.DaBallSerializerTest" time="0.021"/>
  <testcase name="testMissing()" classname="com.cedarsoft.serialization.stax.test.DaBallSerializerTest" time="0.002"/>
  <system-out><![CDATA[]]></system-out>
  <system-err><![CDATA[]]></system-err>
</testsuite>
