<?xml version="1.0" encoding="UTF-8"?>
<testsuite name="com.cedarsoft.serialization.stax.StaxTest" tests="6" skipped="0" failures="0" errors="0" timestamp="2021-05-13T02:06:56" hostname="runner-cs1zem-v-project-47-concurrent-0" time="1.149">
  <properties/>
  <testcase name="testBug()" classname="com.cedarsoft.serialization.stax.StaxTest" time="0.248"/>
  <testcase name="testWrite()" classname="com.cedarsoft.serialization.stax.StaxTest" time="0.508"/>
  <testcase name="testStax()" classname="com.cedarsoft.serialization.stax.StaxTest" time="0.202"/>
  <testcase name="testCurrentNamespace()" classname="com.cedarsoft.serialization.stax.StaxTest" time="0.072"/>
  <testcase name="testNameSpace()" classname="com.cedarsoft.serialization.stax.StaxTest" time="0.062"/>
  <testcase name="testIterator()" classname="com.cedarsoft.serialization.stax.StaxTest" time="0.049"/>
  <system-out><![CDATA[]]></system-out>
  <system-err><![CDATA[]]></system-err>
</testsuite>
