<?xml version="1.0" encoding="UTF-8"?>
<testsuite name="com.cedarsoft.serialization.stax.test.DaBallSerializerTest" tests="5" skipped="0" failures="0" errors="0" timestamp="2021-12-24T03:09:52" hostname="runner-ioxloixu-project-47-concurrent-0" time="0.39">
  <properties/>
  <testcase name="testNs2()" classname="com.cedarsoft.serialization.stax.test.DaBallSerializerTest" time="0.181"/>
  <testcase name="testInvalidNamespaceVersion()" classname="com.cedarsoft.serialization.stax.test.DaBallSerializerTest" time="0.138"/>
  <testcase name="testIt()" classname="com.cedarsoft.serialization.stax.test.DaBallSerializerTest" time="0.054"/>
  <testcase name="testInvalidNamespace()" classname="com.cedarsoft.serialization.stax.test.DaBallSerializerTest" time="0.003"/>
  <testcase name="testMissing()" classname="com.cedarsoft.serialization.stax.test.DaBallSerializerTest" time="0.001"/>
  <system-out><![CDATA[]]></system-out>
  <system-err><![CDATA[]]></system-err>
</testsuite>
