<?xml version="1.0" encoding="UTF-8"?>
<testsuite name="com.cedarsoft.serialization.stax.StaxTest" tests="6" skipped="0" failures="0" errors="0" timestamp="2021-09-02T02:06:17" hostname="runner-cs1zem-v-project-47-concurrent-0" time="1.088">
  <properties/>
  <testcase name="testBug()" classname="com.cedarsoft.serialization.stax.StaxTest" time="0.299"/>
  <testcase name="testWrite()" classname="com.cedarsoft.serialization.stax.StaxTest" time="0.369"/>
  <testcase name="testStax()" classname="com.cedarsoft.serialization.stax.StaxTest" time="0.2"/>
  <testcase name="testCurrentNamespace()" classname="com.cedarsoft.serialization.stax.StaxTest" time="0.068"/>
  <testcase name="testNameSpace()" classname="com.cedarsoft.serialization.stax.StaxTest" time="0.09"/>
  <testcase name="testIterator()" classname="com.cedarsoft.serialization.stax.StaxTest" time="0.035"/>
  <system-out><![CDATA[]]></system-out>
  <system-err><![CDATA[]]></system-err>
</testsuite>
