<?xml version="1.0" encoding="UTF-8"?>
<testsuite name="com.cedarsoft.commons.kotlin.serializers.JavaDateTimeSerializerTest" tests="4" skipped="0" failures="0" errors="0" timestamp="2021-05-03T02:06:08" hostname="runner-cs1zem-v-project-47-concurrent-0" time="0.167">
  <properties/>
  <testcase name="testLocalTime$kotlinx_serializers()" classname="com.cedarsoft.commons.kotlin.serializers.JavaDateTimeSerializerTest" time="0.134"/>
  <testcase name="testPeriod$kotlinx_serializers()" classname="com.cedarsoft.commons.kotlin.serializers.JavaDateTimeSerializerTest" time="0.011"/>
  <testcase name="testDuration$kotlinx_serializers()" classname="com.cedarsoft.commons.kotlin.serializers.JavaDateTimeSerializerTest" time="0.004"/>
  <testcase name="testLocalDate$kotlinx_serializers()" classname="com.cedarsoft.commons.kotlin.serializers.JavaDateTimeSerializerTest" time="0.007"/>
  <system-out><![CDATA[json: "02:06:08.192"
json: "P44D"
json: "PT1H17M"
json: "2021-05-03"
]]></system-out>
  <system-err><![CDATA[]]></system-err>
</testsuite>
