<?xml version="1.0" encoding="UTF-8"?>
<testsuite name="com.cedarsoft.commons.kotlin.serializers.GuavaSerializationTest" tests="3" skipped="0" failures="0" errors="0" timestamp="2021-04-16T02:05:51" hostname="runner-cs1zem-v-project-47-concurrent-0" time="0.8">
  <properties/>
  <testcase name="testEmptyList$kotlinx_serializers()" classname="com.cedarsoft.commons.kotlin.serializers.GuavaSerializationTest" time="0.496"/>
  <testcase name="testImmutableList$kotlinx_serializers()" classname="com.cedarsoft.commons.kotlin.serializers.GuavaSerializationTest" time="0.298"/>
  <testcase name="testMeptyMyInnerSmall$kotlinx_serializers()" classname="com.cedarsoft.commons.kotlin.serializers.GuavaSerializationTest" time="0.003"/>
  <system-out><![CDATA[]]></system-out>
  <system-err><![CDATA[]]></system-err>
</testsuite>
