<?xml version="1.0" encoding="UTF-8"?>
<testsuite name="com.cedarsoft.commons.kotlin.serializers.ImmutableListSerializationTest" tests="1" skipped="0" failures="0" errors="0" timestamp="2021-01-19T03:21:38" hostname="runner-pgnkb89--project-47-concurrent-0" time="0.235">
  <properties/>
  <testcase name="testJson$kotlinx_serializers()" classname="com.cedarsoft.commons.kotlin.serializers.ImmutableListSerializationTest" time="0.235"/>
  <system-out><![CDATA[]]></system-out>
  <system-err><![CDATA[]]></system-err>
</testsuite>
