<?xml version="1.0" encoding="UTF-8"?>
<testsuite name="com.cedarsoft.commons.kotlin.serializers.JavaDateTimeSerializerTest" tests="4" skipped="0" failures="0" errors="0" timestamp="2021-02-09T03:22:22" hostname="runner-pgnkb89--project-47-concurrent-0" time="0.252">
  <properties/>
  <testcase name="testLocalTime$kotlinx_serializers()" classname="com.cedarsoft.commons.kotlin.serializers.JavaDateTimeSerializerTest" time="0.172"/>
  <testcase name="testPeriod$kotlinx_serializers()" classname="com.cedarsoft.commons.kotlin.serializers.JavaDateTimeSerializerTest" time="0.027"/>
  <testcase name="testDuration$kotlinx_serializers()" classname="com.cedarsoft.commons.kotlin.serializers.JavaDateTimeSerializerTest" time="0.011"/>
  <testcase name="testLocalDate$kotlinx_serializers()" classname="com.cedarsoft.commons.kotlin.serializers.JavaDateTimeSerializerTest" time="0.018"/>
  <system-out><![CDATA[json: "03:22:22.441"
json: "P44D"
json: "PT1H17M"
json: "2021-02-09"
]]></system-out>
  <system-err><![CDATA[]]></system-err>
</testsuite>
