<?xml version="1.0" encoding="UTF-8"?>
<testsuite name="com.cedarsoft.commons.kotlin.serializers.UuidSerializationTest" tests="1" skipped="0" failures="0" errors="0" timestamp="2021-05-15T02:08:15" hostname="runner-kggansxr-project-47-concurrent-0" time="0.466">
  <properties/>
  <testcase name="testJson$kotlinx_serializers()" classname="com.cedarsoft.commons.kotlin.serializers.UuidSerializationTest" time="0.466"/>
  <system-out><![CDATA[]]></system-out>
  <system-err><![CDATA[]]></system-err>
</testsuite>
