<?xml version="1.0" encoding="UTF-8"?>
<testsuite name="com.cedarsoft.commons.kotlin.serializers.ImmutableListSerializationTest" tests="1" skipped="0" failures="0" errors="0" timestamp="2021-01-14T03:23:16" hostname="runner-kggansxr-project-47-concurrent-0" time="0.099">
  <properties/>
  <testcase name="testJson$kotlinx_serializers()" classname="com.cedarsoft.commons.kotlin.serializers.ImmutableListSerializationTest" time="0.099"/>
  <system-out><![CDATA[]]></system-out>
  <system-err><![CDATA[]]></system-err>
</testsuite>
