<?xml version="1.0" encoding="UTF-8"?>
<testsuite name="com.cedarsoft.commons.kotlin.serializers.JavaDateTimeSerializerTest" tests="4" skipped="0" failures="0" errors="0" timestamp="2021-03-26T03:06:07" hostname="runner-pgnkb89--project-47-concurrent-0" time="0.131">
  <properties/>
  <testcase name="testLocalTime$kotlinx_serializers()" classname="com.cedarsoft.commons.kotlin.serializers.JavaDateTimeSerializerTest" time="0.085"/>
  <testcase name="testPeriod$kotlinx_serializers()" classname="com.cedarsoft.commons.kotlin.serializers.JavaDateTimeSerializerTest" time="0.011"/>
  <testcase name="testDuration$kotlinx_serializers()" classname="com.cedarsoft.commons.kotlin.serializers.JavaDateTimeSerializerTest" time="0.006"/>
  <testcase name="testLocalDate$kotlinx_serializers()" classname="com.cedarsoft.commons.kotlin.serializers.JavaDateTimeSerializerTest" time="0.008"/>
  <system-out><![CDATA[json: "03:06:07.474"
json: "P44D"
json: "PT1H17M"
json: "2021-03-26"
]]></system-out>
  <system-err><![CDATA[]]></system-err>
</testsuite>
