<?xml version="1.0" encoding="UTF-8"?>
<testsuite name="com.cedarsoft.commons.kotlin.serializers.JavaDateTimeSerializerTest" tests="4" skipped="0" failures="0" errors="0" timestamp="2021-02-01T03:21:12" hostname="runner-cs1zem-v-project-47-concurrent-0" time="0.068">
  <properties/>
  <testcase name="testLocalTime$kotlinx_serializers()" classname="com.cedarsoft.commons.kotlin.serializers.JavaDateTimeSerializerTest" time="0.05"/>
  <testcase name="testPeriod$kotlinx_serializers()" classname="com.cedarsoft.commons.kotlin.serializers.JavaDateTimeSerializerTest" time="0.005"/>
  <testcase name="testDuration$kotlinx_serializers()" classname="com.cedarsoft.commons.kotlin.serializers.JavaDateTimeSerializerTest" time="0.003"/>
  <testcase name="testLocalDate$kotlinx_serializers()" classname="com.cedarsoft.commons.kotlin.serializers.JavaDateTimeSerializerTest" time="0.006"/>
  <system-out><![CDATA[json: "03:21:12.731"
json: "P44D"
json: "PT1H17M"
json: "2021-02-01"
]]></system-out>
  <system-err><![CDATA[]]></system-err>
</testsuite>
