<?xml version="1.0" encoding="UTF-8"?>
<testsuite name="com.cedarsoft.commons.kotlin.serializers.JavaDateTimeSerializerTest" tests="4" skipped="0" failures="0" errors="0" timestamp="2021-04-02T02:06:55" hostname="runner-kggansxr-project-47-concurrent-0" time="2.288">
  <properties/>
  <testcase name="testLocalTime$kotlinx_serializers()" classname="com.cedarsoft.commons.kotlin.serializers.JavaDateTimeSerializerTest" time="2.191"/>
  <testcase name="testPeriod$kotlinx_serializers()" classname="com.cedarsoft.commons.kotlin.serializers.JavaDateTimeSerializerTest" time="0.015"/>
  <testcase name="testDuration$kotlinx_serializers()" classname="com.cedarsoft.commons.kotlin.serializers.JavaDateTimeSerializerTest" time="0.009"/>
  <testcase name="testLocalDate$kotlinx_serializers()" classname="com.cedarsoft.commons.kotlin.serializers.JavaDateTimeSerializerTest" time="0.037"/>
  <system-out><![CDATA[json: "02:06:55.598"
json: "P44D"
json: "PT1H17M"
json: "2021-04-02"
]]></system-out>
  <system-err><![CDATA[]]></system-err>
</testsuite>
