<?xml version="1.0" encoding="UTF-8"?>
<testsuite name="com.cedarsoft.commons.kotlin.serializers.GuavaSerializationTest" tests="3" skipped="0" failures="0" errors="0" timestamp="2021-02-04T03:21:46" hostname="runner-pgnkb89--project-47-concurrent-0" time="0.089">
  <properties/>
  <testcase name="testEmptyList$kotlinx_serializers()" classname="com.cedarsoft.commons.kotlin.serializers.GuavaSerializationTest" time="0.032"/>
  <testcase name="testImmutableList$kotlinx_serializers()" classname="com.cedarsoft.commons.kotlin.serializers.GuavaSerializationTest" time="0.053"/>
  <testcase name="testMeptyMyInnerSmall$kotlinx_serializers()" classname="com.cedarsoft.commons.kotlin.serializers.GuavaSerializationTest" time="0.001"/>
  <system-out><![CDATA[]]></system-out>
  <system-err><![CDATA[]]></system-err>
</testsuite>
