<?xml version="1.0" encoding="UTF-8"?>
<testsuite name="com.cedarsoft.commons.kotlin.serializers.GuavaSerializationTest" tests="3" skipped="0" failures="0" errors="0" timestamp="2021-03-08T03:05:35" hostname="runner-cs1zem-v-project-47-concurrent-0" time="1.911">
  <properties/>
  <testcase name="testEmptyList$kotlinx_serializers()" classname="com.cedarsoft.commons.kotlin.serializers.GuavaSerializationTest" time="1.196"/>
  <testcase name="testImmutableList$kotlinx_serializers()" classname="com.cedarsoft.commons.kotlin.serializers.GuavaSerializationTest" time="0.709"/>
  <testcase name="testMeptyMyInnerSmall$kotlinx_serializers()" classname="com.cedarsoft.commons.kotlin.serializers.GuavaSerializationTest" time="0.003"/>
  <system-out><![CDATA[]]></system-out>
  <system-err><![CDATA[]]></system-err>
</testsuite>
