<?xml version="1.0" encoding="UTF-8"?>
<testsuite name="com.cedarsoft.commons.kotlin.serializers.UuidSerializationTest" tests="1" skipped="0" failures="0" errors="0" timestamp="2021-05-16T02:06:17" hostname="runner-cs1zem-v-project-47-concurrent-0" time="0.596">
  <properties/>
  <testcase name="testJson$kotlinx_serializers()" classname="com.cedarsoft.commons.kotlin.serializers.UuidSerializationTest" time="0.596"/>
  <system-out><![CDATA[]]></system-out>
  <system-err><![CDATA[]]></system-err>
</testsuite>
