<?xml version="1.0" encoding="UTF-8"?>
<testsuite name="com.cedarsoft.commons.time.DateUtilsGermanLocaleTest" tests="1" skipped="0" failures="0" errors="0" timestamp="2021-08-13T02:09:00" hostname="runner-kggansxr-project-47-concurrent-0" time="0.004">
  <properties/>
  <testcase name="words()" classname="com.cedarsoft.commons.time.DateUtilsGermanLocaleTest" time="0.004"/>
  <system-out><![CDATA[]]></system-out>
  <system-err><![CDATA[]]></system-err>
</testsuite>
