<?xml version="1.0" encoding="UTF-8"?>
<testsuite name="com.cedarsoft.commons.time.DateUtilsTest" tests="5" skipped="0" failures="0" errors="0" timestamp="2021-08-01T02:09:07" hostname="runner-kggansxr-project-47-concurrent-0" time="0.575">
  <properties/>
  <testcase name="duration()" classname="com.cedarsoft.commons.time.DateUtilsTest" time="0.477"/>
  <testcase name="format()" classname="com.cedarsoft.commons.time.DateUtilsTest" time="0.024"/>
  <testcase name="formatHourMinute()" classname="com.cedarsoft.commons.time.DateUtilsTest" time="0.041"/>
  <testcase name="durationWorldsNotFollowing()" classname="com.cedarsoft.commons.time.DateUtilsTest" time="0.006"/>
  <testcase name="humanReadableDuration()" classname="com.cedarsoft.commons.time.DateUtilsTest" time="0.002"/>
  <system-out><![CDATA[]]></system-out>
  <system-err><![CDATA[]]></system-err>
</testsuite>
