<?xml version="1.0" encoding="UTF-8"?>
<testsuite name="com.cedarsoft.commons.time.DateUtilsTest" tests="5" skipped="0" failures="0" errors="0" timestamp="2021-02-06T03:22:10" hostname="runner-pgnkb89--project-47-concurrent-0" time="1.065">
  <properties/>
  <testcase name="duration()" classname="com.cedarsoft.commons.time.DateUtilsTest" time="0.93"/>
  <testcase name="format()" classname="com.cedarsoft.commons.time.DateUtilsTest" time="0.022"/>
  <testcase name="formatHourMinute()" classname="com.cedarsoft.commons.time.DateUtilsTest" time="0.017"/>
  <testcase name="durationWorldsNotFollowing()" classname="com.cedarsoft.commons.time.DateUtilsTest" time="0.009"/>
  <testcase name="humanReadableDuration()" classname="com.cedarsoft.commons.time.DateUtilsTest" time="0.05"/>
  <system-out><![CDATA[]]></system-out>
  <system-err><![CDATA[]]></system-err>
</testsuite>
