<?xml version="1.0" encoding="UTF-8"?>
<testsuite name="com.cedarsoft.commons.time.DateUtilsGermanLocaleTest" tests="1" skipped="0" failures="0" errors="0" timestamp="2021-11-25T03:09:38" hostname="runner-ioxloixu-project-47-concurrent-0" time="0.599">
  <properties/>
  <testcase name="words()" classname="com.cedarsoft.commons.time.DateUtilsGermanLocaleTest" time="0.599"/>
  <system-out><![CDATA[]]></system-out>
  <system-err><![CDATA[]]></system-err>
</testsuite>
