<?xml version="1.0" encoding="UTF-8"?>
<testsuite name="com.cedarsoft.commons.time.DateUtilsTest" tests="5" skipped="0" failures="0" errors="0" timestamp="2021-11-16T03:09:28" hostname="runner-ioxloixu-project-47-concurrent-0" time="0.709">
  <properties/>
  <testcase name="duration()" classname="com.cedarsoft.commons.time.DateUtilsTest" time="0.654"/>
  <testcase name="format()" classname="com.cedarsoft.commons.time.DateUtilsTest" time="0.009"/>
  <testcase name="formatHourMinute()" classname="com.cedarsoft.commons.time.DateUtilsTest" time="0.005"/>
  <testcase name="durationWorldsNotFollowing()" classname="com.cedarsoft.commons.time.DateUtilsTest" time="0.012"/>
  <testcase name="humanReadableDuration()" classname="com.cedarsoft.commons.time.DateUtilsTest" time="0.006"/>
  <system-out><![CDATA[]]></system-out>
  <system-err><![CDATA[]]></system-err>
</testsuite>
