<?xml version="1.0" encoding="UTF-8"?>
<testsuite name="com.cedarsoft.commons.time.DateUtilsTest" tests="5" skipped="0" failures="0" errors="0" timestamp="2021-02-07T03:23:24" hostname="runner-kggansxr-project-47-concurrent-0" time="1.219">
  <properties/>
  <testcase name="duration()" classname="com.cedarsoft.commons.time.DateUtilsTest" time="1.077"/>
  <testcase name="format()" classname="com.cedarsoft.commons.time.DateUtilsTest" time="0.039"/>
  <testcase name="formatHourMinute()" classname="com.cedarsoft.commons.time.DateUtilsTest" time="0.02"/>
  <testcase name="durationWorldsNotFollowing()" classname="com.cedarsoft.commons.time.DateUtilsTest" time="0.032"/>
  <testcase name="humanReadableDuration()" classname="com.cedarsoft.commons.time.DateUtilsTest" time="0.013"/>
  <system-out><![CDATA[]]></system-out>
  <system-err><![CDATA[]]></system-err>
</testsuite>
