<?xml version="1.0" encoding="UTF-8"?>
<testsuite name="com.cedarsoft.commons.time.DateUtilsTest" tests="5" skipped="0" failures="0" errors="0" timestamp="2021-09-01T02:06:07" hostname="runner-cs1zem-v-project-47-concurrent-0" time="0.062">
  <properties/>
  <testcase name="duration()" classname="com.cedarsoft.commons.time.DateUtilsTest" time="0.01"/>
  <testcase name="format()" classname="com.cedarsoft.commons.time.DateUtilsTest" time="0.001"/>
  <testcase name="formatHourMinute()" classname="com.cedarsoft.commons.time.DateUtilsTest" time="0.002"/>
  <testcase name="durationWorldsNotFollowing()" classname="com.cedarsoft.commons.time.DateUtilsTest" time="0.005"/>
  <testcase name="humanReadableDuration()" classname="com.cedarsoft.commons.time.DateUtilsTest" time="0.001"/>
  <system-out><![CDATA[]]></system-out>
  <system-err><![CDATA[]]></system-err>
</testsuite>
