<?xml version="1.0" encoding="UTF-8"?>
<testsuite name="com.cedarsoft.image.ImageConverterTest" tests="2" skipped="0" failures="0" errors="0" timestamp="2021-12-25T03:09:56" hostname="runner-ioxloixu-project-47-concurrent-0" time="0.127">
  <properties/>
  <testcase name="testSizes()" classname="com.cedarsoft.image.ImageConverterTest" time="0.09"/>
  <testcase name="testResize()" classname="com.cedarsoft.image.ImageConverterTest" time="0.035"/>
  <system-out><![CDATA[]]></system-out>
  <system-err><![CDATA[]]></system-err>
</testsuite>
