<?xml version="1.0" encoding="UTF-8"?>
<testsuite name="com.cedarsoft.image.ResolutionsTest" tests="5" skipped="0" failures="0" errors="0" timestamp="2021-07-11T02:08:00" hostname="runner-kggansxr-project-47-concurrent-0" time="0.747">
  <properties/>
  <testcase name="testSizes()" classname="com.cedarsoft.image.ResolutionsTest" time="0.217"/>
  <testcase name="testNone()" classname="com.cedarsoft.image.ResolutionsTest" time="0.482"/>
  <testcase name="testScreenResolutions()" classname="com.cedarsoft.image.ResolutionsTest" time="0.022"/>
  <testcase name="testSorting()" classname="com.cedarsoft.image.ResolutionsTest" time="0.007"/>
  <testcase name="testConstructor()" classname="com.cedarsoft.image.ResolutionsTest" time="0.004"/>
  <system-out><![CDATA[]]></system-out>
  <system-err><![CDATA[]]></system-err>
</testsuite>
