<?xml version="1.0" encoding="UTF-8"?>
<testsuite name="com.cedarsoft.image.ResolutionsTest" tests="5" skipped="0" failures="0" errors="0" timestamp="2021-03-30T02:06:35" hostname="runner-kggansxr-project-47-concurrent-0" time="0.909">
  <properties/>
  <testcase name="testSizes()" classname="com.cedarsoft.image.ResolutionsTest" time="0.227"/>
  <testcase name="testNone()" classname="com.cedarsoft.image.ResolutionsTest" time="0.625"/>
  <testcase name="testScreenResolutions()" classname="com.cedarsoft.image.ResolutionsTest" time="0.021"/>
  <testcase name="testSorting()" classname="com.cedarsoft.image.ResolutionsTest" time="0.021"/>
  <testcase name="testConstructor()" classname="com.cedarsoft.image.ResolutionsTest" time="0.006"/>
  <system-out><![CDATA[]]></system-out>
  <system-err><![CDATA[]]></system-err>
</testsuite>
