<?xml version="1.0" encoding="UTF-8"?>
<testsuite name="com.cedarsoft.image.ImageConverterTest" tests="2" skipped="0" failures="0" errors="0" timestamp="2021-06-20T02:07:48" hostname="runner-kggansxr-project-47-concurrent-0" time="0.399">
  <properties/>
  <testcase name="testSizes()" classname="com.cedarsoft.image.ImageConverterTest" time="0.243"/>
  <testcase name="testResize()" classname="com.cedarsoft.image.ImageConverterTest" time="0.155"/>
  <system-out><![CDATA[]]></system-out>
  <system-err><![CDATA[]]></system-err>
</testsuite>
