<?xml version="1.0" encoding="UTF-8"?>
<testsuite name="com.cedarsoft.image.ResolutionsTest" tests="5" skipped="0" failures="0" errors="0" timestamp="2021-05-07T02:07:33" hostname="runner-kggansxr-project-47-concurrent-0" time="0.888">
  <properties/>
  <testcase name="testSizes()" classname="com.cedarsoft.image.ResolutionsTest" time="0.187"/>
  <testcase name="testNone()" classname="com.cedarsoft.image.ResolutionsTest" time="0.644"/>
  <testcase name="testScreenResolutions()" classname="com.cedarsoft.image.ResolutionsTest" time="0.014"/>
  <testcase name="testSorting()" classname="com.cedarsoft.image.ResolutionsTest" time="0.008"/>
  <testcase name="testConstructor()" classname="com.cedarsoft.image.ResolutionsTest" time="0.005"/>
  <system-out><![CDATA[]]></system-out>
  <system-err><![CDATA[]]></system-err>
</testsuite>
