<?xml version="1.0" encoding="UTF-8"?>
<testsuite name="com.cedarsoft.image.ResolutionTest" tests="6" skipped="0" failures="0" errors="0" timestamp="2021-02-09T03:21:30" hostname="runner-pgnkb89--project-47-concurrent-0" time="0.084">
  <properties/>
  <testcase name="testComparable()" classname="com.cedarsoft.image.ResolutionTest" time="0.016"/>
  <testcase name="testNikon()" classname="com.cedarsoft.image.ResolutionTest" time="0.004"/>
  <testcase name="testIt()" classname="com.cedarsoft.image.ResolutionTest" time="0.004"/>
  <testcase name="testAspectRatio()" classname="com.cedarsoft.image.ResolutionTest" time="0.013"/>
  <testcase name="testCanonRes()" classname="com.cedarsoft.image.ResolutionTest" time="0.009"/>
  <testcase name="testSelect()" classname="com.cedarsoft.image.ResolutionTest" time="0.01"/>
  <system-out><![CDATA[]]></system-out>
  <system-err><![CDATA[]]></system-err>
</testsuite>
