<?xml version="1.0" encoding="UTF-8"?>
<testsuite name="com.cedarsoft.image.AspectRatioTest" tests="1" skipped="0" failures="0" errors="0" timestamp="2022-02-10T17:15:43" hostname="runner-ioxloixu-project-47-concurrent-1" time="0.164">
  <properties/>
  <testcase name="testPaperFormats()" classname="com.cedarsoft.image.AspectRatioTest" time="0.164"/>
  <system-out><![CDATA[]]></system-out>
  <system-err><![CDATA[]]></system-err>
</testsuite>
