<?xml version="1.0" encoding="UTF-8"?>
<testsuite name="com.cedarsoft.image.ImageConverterTest" tests="2" skipped="0" failures="0" errors="0" timestamp="2021-03-26T03:05:55" hostname="runner-pgnkb89--project-47-concurrent-0" time="0.223">
  <properties/>
  <testcase name="testSizes()" classname="com.cedarsoft.image.ImageConverterTest" time="0.096"/>
  <testcase name="testResize()" classname="com.cedarsoft.image.ImageConverterTest" time="0.126"/>
  <system-out><![CDATA[]]></system-out>
  <system-err><![CDATA[]]></system-err>
</testsuite>
