<?xml version="1.0" encoding="UTF-8"?>
<testsuite name="com.cedarsoft.image.ImageConverterTest" tests="2" skipped="0" failures="0" errors="0" timestamp="2021-02-17T03:21:10" hostname="runner-pgnkb89--project-47-concurrent-0" time="0.459">
  <properties/>
  <testcase name="testSizes()" classname="com.cedarsoft.image.ImageConverterTest" time="0.284"/>
  <testcase name="testResize()" classname="com.cedarsoft.image.ImageConverterTest" time="0.167"/>
  <system-out><![CDATA[]]></system-out>
  <system-err><![CDATA[]]></system-err>
</testsuite>
