<?xml version="1.0" encoding="UTF-8"?>
<testsuite name="com.cedarsoft.image.ResolutionsTest" tests="5" skipped="0" failures="0" errors="0" timestamp="2021-12-31T03:09:22" hostname="runner-ioxloixu-project-47-concurrent-0" time="0.214">
  <properties/>
  <testcase name="testSizes()" classname="com.cedarsoft.image.ResolutionsTest" time="0.002"/>
  <testcase name="testNone()" classname="com.cedarsoft.image.ResolutionsTest" time="0.197"/>
  <testcase name="testScreenResolutions()" classname="com.cedarsoft.image.ResolutionsTest" time="0.003"/>
  <testcase name="testSorting()" classname="com.cedarsoft.image.ResolutionsTest" time="0.004"/>
  <testcase name="testConstructor()" classname="com.cedarsoft.image.ResolutionsTest" time="0.003"/>
  <system-out><![CDATA[]]></system-out>
  <system-err><![CDATA[]]></system-err>
</testsuite>
