<?xml version="1.0" encoding="UTF-8"?>
<testsuite name="com.cedarsoft.image.ResolutionsTest" tests="5" skipped="0" failures="0" errors="0" timestamp="2022-01-28T03:09:33" hostname="runner-ioxloixu-project-47-concurrent-0" time="0.291">
  <properties/>
  <testcase name="testSizes()" classname="com.cedarsoft.image.ResolutionsTest" time="0.001"/>
  <testcase name="testNone()" classname="com.cedarsoft.image.ResolutionsTest" time="0.258"/>
  <testcase name="testScreenResolutions()" classname="com.cedarsoft.image.ResolutionsTest" time="0.004"/>
  <testcase name="testSorting()" classname="com.cedarsoft.image.ResolutionsTest" time="0.002"/>
  <testcase name="testConstructor()" classname="com.cedarsoft.image.ResolutionsTest" time="0.001"/>
  <system-out><![CDATA[]]></system-out>
  <system-err><![CDATA[]]></system-err>
</testsuite>
