<?xml version="1.0" encoding="UTF-8"?>
<testsuite name="com.cedarsoft.image.ImageConverterTest" tests="2" skipped="0" failures="0" errors="0" timestamp="2021-05-12T02:06:24" hostname="runner-cs1zem-v-project-47-concurrent-0" time="0.142">
  <properties/>
  <testcase name="testSizes()" classname="com.cedarsoft.image.ImageConverterTest" time="0.105"/>
  <testcase name="testResize()" classname="com.cedarsoft.image.ImageConverterTest" time="0.036"/>
  <system-out><![CDATA[]]></system-out>
  <system-err><![CDATA[]]></system-err>
</testsuite>
