<?xml version="1.0" encoding="UTF-8"?>
<testsuite name="com.cedarsoft.image.AspectRatioTest" tests="1" skipped="0" failures="0" errors="0" timestamp="2021-12-22T03:10:05" hostname="runner-cs1zem-v-project-47-concurrent-0" time="0.177">
  <properties/>
  <testcase name="testPaperFormats()" classname="com.cedarsoft.image.AspectRatioTest" time="0.177"/>
  <system-out><![CDATA[]]></system-out>
  <system-err><![CDATA[]]></system-err>
</testsuite>
