<?xml version="1.0" encoding="UTF-8"?>
<testsuite name="com.cedarsoft.image.ResolutionsTest" tests="5" skipped="0" failures="0" errors="0" timestamp="2021-02-04T03:20:46" hostname="runner-pgnkb89--project-47-concurrent-0" time="1.029">
  <properties/>
  <testcase name="testSizes()" classname="com.cedarsoft.image.ResolutionsTest" time="0.024"/>
  <testcase name="testNone()" classname="com.cedarsoft.image.ResolutionsTest" time="0.939"/>
  <testcase name="testScreenResolutions()" classname="com.cedarsoft.image.ResolutionsTest" time="0.031"/>
  <testcase name="testSorting()" classname="com.cedarsoft.image.ResolutionsTest" time="0.006"/>
  <testcase name="testConstructor()" classname="com.cedarsoft.image.ResolutionsTest" time="0.009"/>
  <system-out><![CDATA[]]></system-out>
  <system-err><![CDATA[]]></system-err>
</testsuite>
