<?xml version="1.0" encoding="UTF-8"?>
<testsuite name="com.cedarsoft.image.ResolutionsTest" tests="5" skipped="0" failures="0" errors="0" timestamp="2021-04-02T02:06:38" hostname="runner-kggansxr-project-47-concurrent-0" time="1.028">
  <properties/>
  <testcase name="testSizes()" classname="com.cedarsoft.image.ResolutionsTest" time="0.23"/>
  <testcase name="testNone()" classname="com.cedarsoft.image.ResolutionsTest" time="0.735"/>
  <testcase name="testScreenResolutions()" classname="com.cedarsoft.image.ResolutionsTest" time="0.014"/>
  <testcase name="testSorting()" classname="com.cedarsoft.image.ResolutionsTest" time="0.024"/>
  <testcase name="testConstructor()" classname="com.cedarsoft.image.ResolutionsTest" time="0.003"/>
  <system-out><![CDATA[]]></system-out>
  <system-err><![CDATA[]]></system-err>
</testsuite>
