<?xml version="1.0" encoding="UTF-8"?>
<testsuite name="com.cedarsoft.image.ImageConverterTest" tests="2" skipped="0" failures="0" errors="0" timestamp="2021-11-28T03:10:07" hostname="runner-cs1zem-v-project-47-concurrent-0" time="0.121">
  <properties/>
  <testcase name="testSizes()" classname="com.cedarsoft.image.ImageConverterTest" time="0.074"/>
  <testcase name="testResize()" classname="com.cedarsoft.image.ImageConverterTest" time="0.036"/>
  <system-out><![CDATA[]]></system-out>
  <system-err><![CDATA[]]></system-err>
</testsuite>
