<?xml version="1.0" encoding="UTF-8"?>
<testsuite name="com.cedarsoft.image.ResolutionsTest" tests="5" skipped="0" failures="0" errors="0" timestamp="2021-08-29T02:06:00" hostname="runner-cs1zem-v-project-47-concurrent-0" time="0.357">
  <properties/>
  <testcase name="testSizes()" classname="com.cedarsoft.image.ResolutionsTest" time="0.013"/>
  <testcase name="testNone()" classname="com.cedarsoft.image.ResolutionsTest" time="0.327"/>
  <testcase name="testScreenResolutions()" classname="com.cedarsoft.image.ResolutionsTest" time="0.002"/>
  <testcase name="testSorting()" classname="com.cedarsoft.image.ResolutionsTest" time="0.006"/>
  <testcase name="testConstructor()" classname="com.cedarsoft.image.ResolutionsTest" time="0.005"/>
  <system-out><![CDATA[]]></system-out>
  <system-err><![CDATA[]]></system-err>
</testsuite>
