<?xml version="1.0" encoding="UTF-8"?>
<testsuite name="com.cedarsoft.image.ResolutionsTest" tests="5" skipped="0" failures="0" errors="0" timestamp="2021-08-22T02:07:34" hostname="runner-kggansxr-project-47-concurrent-0" time="1.076">
  <properties/>
  <testcase name="testSizes()" classname="com.cedarsoft.image.ResolutionsTest" time="0.167"/>
  <testcase name="testNone()" classname="com.cedarsoft.image.ResolutionsTest" time="0.82"/>
  <testcase name="testScreenResolutions()" classname="com.cedarsoft.image.ResolutionsTest" time="0.02"/>
  <testcase name="testSorting()" classname="com.cedarsoft.image.ResolutionsTest" time="0.009"/>
  <testcase name="testConstructor()" classname="com.cedarsoft.image.ResolutionsTest" time="0.001"/>
  <system-out><![CDATA[]]></system-out>
  <system-err><![CDATA[]]></system-err>
</testsuite>
