<?xml version="1.0" encoding="UTF-8"?>
<testsuite name="com.cedarsoft.image.ImageConverterTest" tests="2" skipped="0" failures="0" errors="0" timestamp="2021-04-19T02:07:07" hostname="runner-kggansxr-project-47-concurrent-0" time="0.337">
  <properties/>
  <testcase name="testSizes()" classname="com.cedarsoft.image.ImageConverterTest" time="0.17"/>
  <testcase name="testResize()" classname="com.cedarsoft.image.ImageConverterTest" time="0.157"/>
  <system-out><![CDATA[]]></system-out>
  <system-err><![CDATA[]]></system-err>
</testsuite>
