<?xml version="1.0" encoding="UTF-8"?>
<testsuite name="com.cedarsoft.image.ImageConverterTest" tests="2" skipped="0" failures="0" errors="0" timestamp="2021-05-13T02:06:34" hostname="runner-cs1zem-v-project-47-concurrent-0" time="0.198">
  <properties/>
  <testcase name="testSizes()" classname="com.cedarsoft.image.ImageConverterTest" time="0.114"/>
  <testcase name="testResize()" classname="com.cedarsoft.image.ImageConverterTest" time="0.054"/>
  <system-out><![CDATA[]]></system-out>
  <system-err><![CDATA[]]></system-err>
</testsuite>
