<?xml version="1.0" encoding="UTF-8"?>
<testsuite name="com.cedarsoft.image.ImageConverterTest" tests="2" skipped="0" failures="0" errors="0" timestamp="2021-03-12T03:05:08" hostname="runner-cs1zem-v-project-47-concurrent-0" time="0.128">
  <properties/>
  <testcase name="testSizes()" classname="com.cedarsoft.image.ImageConverterTest" time="0.101"/>
  <testcase name="testResize()" classname="com.cedarsoft.image.ImageConverterTest" time="0.026"/>
  <system-out><![CDATA[]]></system-out>
  <system-err><![CDATA[]]></system-err>
</testsuite>
