<?xml version="1.0" encoding="UTF-8"?>
<testsuite name="com.cedarsoft.image.ImageConverterTest" tests="2" skipped="0" failures="0" errors="0" timestamp="2022-01-30T03:09:52" hostname="runner-cs1zem-v-project-47-concurrent-0" time="0.107">
  <properties/>
  <testcase name="testSizes()" classname="com.cedarsoft.image.ImageConverterTest" time="0.062"/>
  <testcase name="testResize()" classname="com.cedarsoft.image.ImageConverterTest" time="0.043"/>
  <system-out><![CDATA[]]></system-out>
  <system-err><![CDATA[]]></system-err>
</testsuite>
