<?xml version="1.0" encoding="UTF-8"?>
<testsuite name="com.cedarsoft.image.ResolutionsTest" tests="5" skipped="0" failures="0" errors="0" timestamp="2021-06-24T02:05:58" hostname="runner-cs1zem-v-project-47-concurrent-0" time="0.592">
  <properties/>
  <testcase name="testSizes()" classname="com.cedarsoft.image.ResolutionsTest" time="0.011"/>
  <testcase name="testNone()" classname="com.cedarsoft.image.ResolutionsTest" time="0.512"/>
  <testcase name="testScreenResolutions()" classname="com.cedarsoft.image.ResolutionsTest" time="0.006"/>
  <testcase name="testSorting()" classname="com.cedarsoft.image.ResolutionsTest" time="0.037"/>
  <testcase name="testConstructor()" classname="com.cedarsoft.image.ResolutionsTest" time="0.009"/>
  <system-out><![CDATA[]]></system-out>
  <system-err><![CDATA[]]></system-err>
</testsuite>
