<?xml version="1.0" encoding="UTF-8"?>
<testsuite name="com.cedarsoft.image.ImageConverterTest" tests="2" skipped="0" failures="0" errors="0" timestamp="2021-02-23T03:20:47" hostname="runner-cs1zem-v-project-47-concurrent-0" time="0.364">
  <properties/>
  <testcase name="testSizes()" classname="com.cedarsoft.image.ImageConverterTest" time="0.178"/>
  <testcase name="testResize()" classname="com.cedarsoft.image.ImageConverterTest" time="0.185"/>
  <system-out><![CDATA[]]></system-out>
  <system-err><![CDATA[]]></system-err>
</testsuite>
