<?xml version="1.0" encoding="UTF-8"?>
<testsuite name="com.cedarsoft.image.ResolutionsTest" tests="5" skipped="0" failures="0" errors="0" timestamp="2021-11-09T03:05:43" hostname="runner-cs1zem-v-project-47-concurrent-0" time="0.478">
  <properties/>
  <testcase name="testSizes()" classname="com.cedarsoft.image.ResolutionsTest" time="0.004"/>
  <testcase name="testNone()" classname="com.cedarsoft.image.ResolutionsTest" time="0.436"/>
  <testcase name="testScreenResolutions()" classname="com.cedarsoft.image.ResolutionsTest" time="0.001"/>
  <testcase name="testSorting()" classname="com.cedarsoft.image.ResolutionsTest" time="0.02"/>
  <testcase name="testConstructor()" classname="com.cedarsoft.image.ResolutionsTest" time="0.001"/>
  <system-out><![CDATA[]]></system-out>
  <system-err><![CDATA[]]></system-err>
</testsuite>
