<?xml version="1.0" encoding="UTF-8"?>
<testsuite name="com.cedarsoft.image.ImageConverterTest" tests="2" skipped="0" failures="0" errors="0" timestamp="2021-03-08T03:05:28" hostname="runner-cs1zem-v-project-47-concurrent-0" time="0.133">
  <properties/>
  <testcase name="testSizes()" classname="com.cedarsoft.image.ImageConverterTest" time="0.085"/>
  <testcase name="testResize()" classname="com.cedarsoft.image.ImageConverterTest" time="0.047"/>
  <system-out><![CDATA[]]></system-out>
  <system-err><![CDATA[]]></system-err>
</testsuite>
