<?xml version="1.0" encoding="UTF-8"?>
<testsuite name="com.cedarsoft.image.ResolutionsTest" tests="5" skipped="0" failures="0" errors="0" timestamp="2021-05-15T02:07:51" hostname="runner-kggansxr-project-47-concurrent-0" time="0.794">
  <properties/>
  <testcase name="testSizes()" classname="com.cedarsoft.image.ResolutionsTest" time="0.234"/>
  <testcase name="testNone()" classname="com.cedarsoft.image.ResolutionsTest" time="0.499"/>
  <testcase name="testScreenResolutions()" classname="com.cedarsoft.image.ResolutionsTest" time="0.007"/>
  <testcase name="testSorting()" classname="com.cedarsoft.image.ResolutionsTest" time="0.019"/>
  <testcase name="testConstructor()" classname="com.cedarsoft.image.ResolutionsTest" time="0.005"/>
  <system-out><![CDATA[]]></system-out>
  <system-err><![CDATA[]]></system-err>
</testsuite>
