<?xml version="1.0" encoding="UTF-8"?>
<testsuite name="com.cedarsoft.image.ResolutionsTest" tests="5" skipped="0" failures="0" errors="0" timestamp="2021-02-16T03:21:45" hostname="runner-kggansxr-project-47-concurrent-0" time="0.867">
  <properties/>
  <testcase name="testSizes()" classname="com.cedarsoft.image.ResolutionsTest" time="0.2"/>
  <testcase name="testNone()" classname="com.cedarsoft.image.ResolutionsTest" time="0.585"/>
  <testcase name="testScreenResolutions()" classname="com.cedarsoft.image.ResolutionsTest" time="0.007"/>
  <testcase name="testSorting()" classname="com.cedarsoft.image.ResolutionsTest" time="0.02"/>
  <testcase name="testConstructor()" classname="com.cedarsoft.image.ResolutionsTest" time="0.015"/>
  <system-out><![CDATA[]]></system-out>
  <system-err><![CDATA[]]></system-err>
</testsuite>
