<?xml version="1.0" encoding="UTF-8"?>
<testsuite name="com.cedarsoft.image.ResolutionTest" tests="6" skipped="0" failures="0" errors="0" timestamp="2021-01-19T03:20:45" hostname="runner-pgnkb89--project-47-concurrent-0" time="0.093">
  <properties/>
  <testcase name="testComparable()" classname="com.cedarsoft.image.ResolutionTest" time="0.01"/>
  <testcase name="testNikon()" classname="com.cedarsoft.image.ResolutionTest" time="0.009"/>
  <testcase name="testIt()" classname="com.cedarsoft.image.ResolutionTest" time="0.009"/>
  <testcase name="testAspectRatio()" classname="com.cedarsoft.image.ResolutionTest" time="0.001"/>
  <testcase name="testCanonRes()" classname="com.cedarsoft.image.ResolutionTest" time="0.022"/>
  <testcase name="testSelect()" classname="com.cedarsoft.image.ResolutionTest" time="0.002"/>
  <system-out><![CDATA[]]></system-out>
  <system-err><![CDATA[]]></system-err>
</testsuite>
