<?xml version="1.0" encoding="UTF-8"?>
<testsuite name="com.cedarsoft.image.ImageConverterTest" tests="2" skipped="0" failures="0" errors="0" timestamp="2021-08-09T02:09:07" hostname="runner-kggansxr-project-47-concurrent-0" time="0.266">
  <properties/>
  <testcase name="testSizes()" classname="com.cedarsoft.image.ImageConverterTest" time="0.177"/>
  <testcase name="testResize()" classname="com.cedarsoft.image.ImageConverterTest" time="0.085"/>
  <system-out><![CDATA[]]></system-out>
  <system-err><![CDATA[]]></system-err>
</testsuite>
