<?xml version="1.0" encoding="UTF-8"?>
<testsuite name="com.cedarsoft.image.AspectRatioTest" tests="1" skipped="0" failures="0" errors="0" timestamp="2021-06-13T02:07:42" hostname="runner-kggansxr-project-47-concurrent-0" time="0.004">
  <properties/>
  <testcase name="testPaperFormats()" classname="com.cedarsoft.image.AspectRatioTest" time="0.004"/>
  <system-out><![CDATA[]]></system-out>
  <system-err><![CDATA[]]></system-err>
</testsuite>
