<?xml version="1.0" encoding="UTF-8"?>
<testsuite name="com.cedarsoft.image.ResolutionTest" tests="6" skipped="0" failures="0" errors="0" timestamp="2021-01-26T03:20:47" hostname="runner-cs1zem-v-project-47-concurrent-0" time="0.155">
  <properties/>
  <testcase name="testComparable()" classname="com.cedarsoft.image.ResolutionTest" time="0.046"/>
  <testcase name="testNikon()" classname="com.cedarsoft.image.ResolutionTest" time="0.023"/>
  <testcase name="testIt()" classname="com.cedarsoft.image.ResolutionTest" time="0.03"/>
  <testcase name="testAspectRatio()" classname="com.cedarsoft.image.ResolutionTest" time="0.004"/>
  <testcase name="testCanonRes()" classname="com.cedarsoft.image.ResolutionTest" time="0.017"/>
  <testcase name="testSelect()" classname="com.cedarsoft.image.ResolutionTest" time="0.004"/>
  <system-out><![CDATA[]]></system-out>
  <system-err><![CDATA[]]></system-err>
</testsuite>
