<?xml version="1.0" encoding="UTF-8"?>
<testsuite name="com.cedarsoft.image.DPITest" tests="1" skipped="0" failures="0" errors="0" timestamp="2021-06-30T02:07:28" hostname="runner-kggansxr-project-47-concurrent-0" time="0.004">
  <properties/>
  <testcase name="testIt()" classname="com.cedarsoft.image.DPITest" time="0.004"/>
  <system-out><![CDATA[]]></system-out>
  <system-err><![CDATA[]]></system-err>
</testsuite>
