<?xml version="1.0" encoding="UTF-8"?>
<testsuite name="com.cedarsoft.image.ResolutionsTest" tests="5" skipped="0" failures="0" errors="0" timestamp="2021-02-13T03:21:26" hostname="runner-pgnkb89--project-47-concurrent-0" time="0.831">
  <properties/>
  <testcase name="testSizes()" classname="com.cedarsoft.image.ResolutionsTest" time="0.01"/>
  <testcase name="testNone()" classname="com.cedarsoft.image.ResolutionsTest" time="0.738"/>
  <testcase name="testScreenResolutions()" classname="com.cedarsoft.image.ResolutionsTest" time="0.036"/>
  <testcase name="testSorting()" classname="com.cedarsoft.image.ResolutionsTest" time="0.016"/>
  <testcase name="testConstructor()" classname="com.cedarsoft.image.ResolutionsTest" time="0.01"/>
  <system-out><![CDATA[]]></system-out>
  <system-err><![CDATA[]]></system-err>
</testsuite>
