<?xml version="1.0" encoding="UTF-8"?>
<testsuite name="com.cedarsoft.image.DPITest" tests="1" skipped="0" failures="0" errors="0" timestamp="2021-05-20T02:06:21" hostname="runner-cs1zem-v-project-47-concurrent-0" time="0.243">
  <properties/>
  <testcase name="testIt()" classname="com.cedarsoft.image.DPITest" time="0.243"/>
  <system-out><![CDATA[]]></system-out>
  <system-err><![CDATA[]]></system-err>
</testsuite>
