<?xml version="1.0" encoding="UTF-8"?>
<testsuite name="com.cedarsoft.image.ImageConverterTest" tests="2" skipped="0" failures="0" errors="0" timestamp="2021-11-17T03:10:02" hostname="runner-cs1zem-v-project-47-concurrent-0" time="0.303">
  <properties/>
  <testcase name="testSizes()" classname="com.cedarsoft.image.ImageConverterTest" time="0.181"/>
  <testcase name="testResize()" classname="com.cedarsoft.image.ImageConverterTest" time="0.119"/>
  <system-out><![CDATA[]]></system-out>
  <system-err><![CDATA[]]></system-err>
</testsuite>
