<?xml version="1.0" encoding="UTF-8"?>
<testsuite name="com.cedarsoft.image.ResolutionsTest" tests="5" skipped="0" failures="0" errors="0" timestamp="2021-01-16T03:21:36" hostname="runner-kggansxr-project-47-concurrent-0" time="0.611">
  <properties/>
  <testcase name="testSizes()" classname="com.cedarsoft.image.ResolutionsTest" time="0.181"/>
  <testcase name="testNone()" classname="com.cedarsoft.image.ResolutionsTest" time="0.364"/>
  <testcase name="testScreenResolutions()" classname="com.cedarsoft.image.ResolutionsTest" time="0.009"/>
  <testcase name="testSorting()" classname="com.cedarsoft.image.ResolutionsTest" time="0.026"/>
  <testcase name="testConstructor()" classname="com.cedarsoft.image.ResolutionsTest" time="0.01"/>
  <system-out><![CDATA[]]></system-out>
  <system-err><![CDATA[]]></system-err>
</testsuite>
