<?xml version="1.0" encoding="UTF-8"?>
<testsuite name="com.cedarsoft.image.ResolutionTest" tests="6" skipped="0" failures="0" errors="0" timestamp="2021-11-23T03:09:41" hostname="runner-cs1zem-v-project-47-concurrent-0" time="0.091">
  <properties/>
  <testcase name="testComparable()" classname="com.cedarsoft.image.ResolutionTest" time="0.036"/>
  <testcase name="testNikon()" classname="com.cedarsoft.image.ResolutionTest" time="0.011"/>
  <testcase name="testIt()" classname="com.cedarsoft.image.ResolutionTest" time="0.002"/>
  <testcase name="testAspectRatio()" classname="com.cedarsoft.image.ResolutionTest" time="0.002"/>
  <testcase name="testCanonRes()" classname="com.cedarsoft.image.ResolutionTest" time="0.013"/>
  <testcase name="testSelect()" classname="com.cedarsoft.image.ResolutionTest" time="0.006"/>
  <system-out><![CDATA[]]></system-out>
  <system-err><![CDATA[]]></system-err>
</testsuite>
