<?xml version="1.0" encoding="UTF-8"?>
<testsuite name="com.cedarsoft.image.ImageConverterTest" tests="2" skipped="0" failures="0" errors="0" timestamp="2021-08-19T02:07:57" hostname="runner-kggansxr-project-47-concurrent-0" time="0.376">
  <properties/>
  <testcase name="testSizes()" classname="com.cedarsoft.image.ImageConverterTest" time="0.176"/>
  <testcase name="testResize()" classname="com.cedarsoft.image.ImageConverterTest" time="0.179"/>
  <system-out><![CDATA[]]></system-out>
  <system-err><![CDATA[]]></system-err>
</testsuite>
