<?xml version="1.0" encoding="UTF-8"?>
<testsuite name="com.cedarsoft.photos.ImportReportTest" tests="3" skipped="0" failures="0" errors="0" timestamp="2021-02-14T03:21:19" hostname="runner-pgnkb89--project-47-concurrent-0" time="1.115">
  <properties/>
  <testcase name="log()" classname="com.cedarsoft.photos.ImportReportTest" time="0.165"/>
  <testcase name="basic()" classname="com.cedarsoft.photos.ImportReportTest" time="0.845"/>
  <testcase name="builder()" classname="com.cedarsoft.photos.ImportReportTest" time="0.096"/>
  <system-out><![CDATA[]]></system-out>
  <system-err><![CDATA[Feb 14, 2021 3:21:19 AM com.cedarsoft.photos.ImportReportTest log
WARNING: asdf
]]></system-err>
</testsuite>
