<?xml version="1.0" encoding="UTF-8"?>
<testsuite name="com.cedarsoft.photos.tools.imagemagick.ConvertTest" tests="1" skipped="0" failures="0" errors="0" timestamp="2021-07-21T02:06:29" hostname="runner-kggansxr-project-47-concurrent-0" time="1.593">
  <properties/>
  <testcase name="basic(TemporaryFolder)" classname="com.cedarsoft.photos.tools.imagemagick.ConvertTest" time="1.593"/>
  <system-out><![CDATA[]]></system-out>
  <system-err><![CDATA[]]></system-err>
</testsuite>
