<?xml version="1.0" encoding="UTF-8"?>
<testsuite name="com.cedarsoft.photos.ImportReportTest" tests="3" skipped="0" failures="0" errors="0" timestamp="2022-01-15T03:09:58" hostname="runner-cs1zem-v-project-47-concurrent-0" time="0.083">
  <properties/>
  <testcase name="log()" classname="com.cedarsoft.photos.ImportReportTest" time="0.003"/>
  <testcase name="basic()" classname="com.cedarsoft.photos.ImportReportTest" time="0.047"/>
  <testcase name="builder()" classname="com.cedarsoft.photos.ImportReportTest" time="0.004"/>
  <system-out><![CDATA[]]></system-out>
  <system-err><![CDATA[Jan 15, 2022 3:09:58 AM com.cedarsoft.photos.ImportReportTest log
WARNING: asdf
]]></system-err>
</testsuite>
