<?xml version="1.0" encoding="UTF-8"?>
<testsuite name="com.cedarsoft.photos.tools.exif.ExifInfoTest" tests="8" skipped="0" failures="0" errors="0" timestamp="2021-09-24T02:05:47" hostname="runner-cs1zem-v-project-47-concurrent-0" time="0.477">
  <properties/>
  <testcase name="testIso()" classname="com.cedarsoft.photos.tools.exif.ExifInfoTest" time="0.229"/>
  <testcase name="testExposure()" classname="com.cedarsoft.photos.tools.exif.ExifInfoTest" time="0.02"/>
  <testcase name="testCrop()" classname="com.cedarsoft.photos.tools.exif.ExifInfoTest" time="0.036"/>
  <testcase name="testDate()" classname="com.cedarsoft.photos.tools.exif.ExifInfoTest" time="0.076"/>
  <testcase name="testImNu()" classname="com.cedarsoft.photos.tools.exif.ExifInfoTest" time="0.002"/>
  <testcase name="testLens()" classname="com.cedarsoft.photos.tools.exif.ExifInfoTest" time="0.003"/>
  <testcase name="testCamera()" classname="com.cedarsoft.photos.tools.exif.ExifInfoTest" time="0.034"/>
  <testcase name="testAperture()" classname="com.cedarsoft.photos.tools.exif.ExifInfoTest" time="0.007"/>
  <system-out><![CDATA[]]></system-out>
  <system-err><![CDATA[]]></system-err>
</testsuite>
