<?xml version="1.0" encoding="UTF-8"?>
<testsuite name="com.cedarsoft.photos.ImportReportTest" tests="3" skipped="0" failures="0" errors="0" timestamp="2022-02-01T03:09:29" hostname="runner-ioxloixu-project-47-concurrent-0" time="0.086">
  <properties/>
  <testcase name="log()" classname="com.cedarsoft.photos.ImportReportTest" time="0.009"/>
  <testcase name="basic()" classname="com.cedarsoft.photos.ImportReportTest" time="0.067"/>
  <testcase name="builder()" classname="com.cedarsoft.photos.ImportReportTest" time="0.006"/>
  <system-out><![CDATA[]]></system-out>
  <system-err><![CDATA[Feb 01, 2022 3:09:29 AM com.cedarsoft.photos.ImportReportTest log
WARNING: asdf
]]></system-err>
</testsuite>
