<?xml version="1.0" encoding="UTF-8"?>
<testsuite name="com.cedarsoft.photos.ImportReportTest" tests="3" skipped="0" failures="0" errors="0" timestamp="2022-01-04T03:09:54" hostname="runner-cs1zem-v-project-47-concurrent-0" time="0.085">
  <properties/>
  <testcase name="log()" classname="com.cedarsoft.photos.ImportReportTest" time="0.017"/>
  <testcase name="basic()" classname="com.cedarsoft.photos.ImportReportTest" time="0.038"/>
  <testcase name="builder()" classname="com.cedarsoft.photos.ImportReportTest" time="0.02"/>
  <system-out><![CDATA[]]></system-out>
  <system-err><![CDATA[Jan 04, 2022 3:09:54 AM com.cedarsoft.photos.ImportReportTest log
WARNING: asdf
]]></system-err>
</testsuite>
