<?xml version="1.0" encoding="UTF-8"?>
<testsuite name="com.cedarsoft.photos.tools.exif.ExifInfo3Test" tests="7" skipped="0" failures="0" errors="0" timestamp="2021-01-22T03:21:23" hostname="runner-kggansxr-project-47-concurrent-0" time="0.068">
  <properties/>
  <testcase name="testIso()" classname="com.cedarsoft.photos.tools.exif.ExifInfo3Test" time="0.007"/>
  <testcase name="testExposure()" classname="com.cedarsoft.photos.tools.exif.ExifInfo3Test" time="0.004"/>
  <testcase name="testCrop()" classname="com.cedarsoft.photos.tools.exif.ExifInfo3Test" time="0.003"/>
  <testcase name="testDate()" classname="com.cedarsoft.photos.tools.exif.ExifInfo3Test" time="0.008"/>
  <testcase name="testLens()" classname="com.cedarsoft.photos.tools.exif.ExifInfo3Test" time="0.013"/>
  <testcase name="testCamera()" classname="com.cedarsoft.photos.tools.exif.ExifInfo3Test" time="0.005"/>
  <testcase name="testAperture()" classname="com.cedarsoft.photos.tools.exif.ExifInfo3Test" time="0.004"/>
  <system-out><![CDATA[]]></system-out>
  <system-err><![CDATA[]]></system-err>
</testsuite>
