<?xml version="1.0" encoding="UTF-8"?>
<testsuite name="com.cedarsoft.photos.ImportReportTest" tests="3" skipped="0" failures="0" errors="0" timestamp="2021-10-25T02:06:02" hostname="runner-cs1zem-v-project-47-concurrent-0" time="0.1">
  <properties/>
  <testcase name="log()" classname="com.cedarsoft.photos.ImportReportTest" time="0.011"/>
  <testcase name="basic()" classname="com.cedarsoft.photos.ImportReportTest" time="0.08"/>
  <testcase name="builder()" classname="com.cedarsoft.photos.ImportReportTest" time="0.004"/>
  <system-out><![CDATA[]]></system-out>
  <system-err><![CDATA[Oct 25, 2021 2:06:02 AM com.cedarsoft.photos.ImportReportTest log
WARNING: asdf
]]></system-err>
</testsuite>
