<?xml version="1.0" encoding="UTF-8"?>
<testsuite name="com.cedarsoft.photos.ImportReportTest" tests="3" skipped="0" failures="0" errors="0" timestamp="2021-02-15T03:21:32" hostname="runner-kggansxr-project-47-concurrent-0" time="0.125">
  <properties/>
  <testcase name="log()" classname="com.cedarsoft.photos.ImportReportTest" time="0.011"/>
  <testcase name="basic()" classname="com.cedarsoft.photos.ImportReportTest" time="0.082"/>
  <testcase name="builder()" classname="com.cedarsoft.photos.ImportReportTest" time="0.017"/>
  <system-out><![CDATA[]]></system-out>
  <system-err><![CDATA[Feb 15, 2021 3:21:32 AM com.cedarsoft.photos.ImportReportTest log
WARNING: asdf
]]></system-err>
</testsuite>
