<?xml version="1.0" encoding="UTF-8"?>
<testsuite name="com.cedarsoft.photos.ImportReportTest" tests="3" skipped="0" failures="0" errors="0" timestamp="2022-02-03T03:09:39" hostname="runner-ioxloixu-project-47-concurrent-0" time="0.041">
  <properties/>
  <testcase name="log()" classname="com.cedarsoft.photos.ImportReportTest" time="0.004"/>
  <testcase name="basic()" classname="com.cedarsoft.photos.ImportReportTest" time="0.025"/>
  <testcase name="builder()" classname="com.cedarsoft.photos.ImportReportTest" time="0.01"/>
  <system-out><![CDATA[]]></system-out>
  <system-err><![CDATA[Feb 03, 2022 3:09:39 AM com.cedarsoft.photos.ImportReportTest log
WARNING: asdf
]]></system-err>
</testsuite>
