<?xml version="1.0" encoding="UTF-8"?>
<testsuite name="com.cedarsoft.photos.ImportReportTest" tests="3" skipped="0" failures="0" errors="0" timestamp="2021-01-16T03:22:01" hostname="runner-kggansxr-project-47-concurrent-0" time="0.104">
  <properties/>
  <testcase name="log()" classname="com.cedarsoft.photos.ImportReportTest" time="0.015"/>
  <testcase name="basic()" classname="com.cedarsoft.photos.ImportReportTest" time="0.06"/>
  <testcase name="builder()" classname="com.cedarsoft.photos.ImportReportTest" time="0.017"/>
  <system-out><![CDATA[]]></system-out>
  <system-err><![CDATA[Jan 16, 2021 3:22:01 AM com.cedarsoft.photos.ImportReportTest log
WARNING: asdf
]]></system-err>
</testsuite>
