<?xml version="1.0" encoding="UTF-8"?>
<testsuite name="com.cedarsoft.photos.ImportReportTest" tests="3" skipped="0" failures="0" errors="0" timestamp="2021-08-05T02:06:39" hostname="runner-kggansxr-project-47-concurrent-0" time="0.107">
  <properties/>
  <testcase name="log()" classname="com.cedarsoft.photos.ImportReportTest" time="0.013"/>
  <testcase name="basic()" classname="com.cedarsoft.photos.ImportReportTest" time="0.063"/>
  <testcase name="builder()" classname="com.cedarsoft.photos.ImportReportTest" time="0.025"/>
  <system-out><![CDATA[]]></system-out>
  <system-err><![CDATA[Aug 05, 2021 2:06:39 AM com.cedarsoft.photos.ImportReportTest log
WARNING: asdf
]]></system-err>
</testsuite>
