<?xml version="1.0" encoding="UTF-8"?>
<testsuite name="com.cedarsoft.photos.ImageStorageTest" tests="3" skipped="0" failures="0" errors="0" timestamp="2021-06-13T02:06:30" hostname="runner-kggansxr-project-47-concurrent-0" time="1.043">
  <properties/>
  <testcase name="delete()" classname="com.cedarsoft.photos.ImageStorageTest" time="1.021"/>
  <testcase name="basic()" classname="com.cedarsoft.photos.ImageStorageTest" time="0.004"/>
  <testcase name="dataFile()" classname="com.cedarsoft.photos.ImageStorageTest" time="0.016"/>
  <system-out><![CDATA[]]></system-out>
  <system-err><![CDATA[]]></system-err>
</testsuite>
