<?xml version="1.0" encoding="UTF-8"?>
<testsuite name="com.cedarsoft.photos.ImportReportTest" tests="3" skipped="0" failures="0" errors="0" timestamp="2021-02-28T03:21:46" hostname="runner-pgnkb89--project-47-concurrent-0" time="0.535">
  <properties/>
  <testcase name="log()" classname="com.cedarsoft.photos.ImportReportTest" time="0.09"/>
  <testcase name="basic()" classname="com.cedarsoft.photos.ImportReportTest" time="0.404"/>
  <testcase name="builder()" classname="com.cedarsoft.photos.ImportReportTest" time="0.036"/>
  <system-out><![CDATA[]]></system-out>
  <system-err><![CDATA[Feb 28, 2021 3:21:46 AM com.cedarsoft.photos.ImportReportTest log
WARNING: asdf
]]></system-err>
</testsuite>
