<?xml version="1.0" encoding="UTF-8"?>
<testsuite name="com.cedarsoft.photos.tools.exif.ExifExtracterTest" tests="1" skipped="1" failures="0" errors="0" timestamp="2021-03-30T02:05:35" hostname="runner-kggansxr-project-47-concurrent-0" time="0.01">
  <properties/>
  <testcase name="testIt()" classname="com.cedarsoft.photos.tools.exif.ExifExtracterTest" time="0.01">
    <skipped/>
  </testcase>
  <system-out><![CDATA[]]></system-out>
  <system-err><![CDATA[]]></system-err>
</testsuite>
