<?xml version="1.0" encoding="UTF-8"?>
<testsuite name="com.cedarsoft.photos.tools.exif.ExifInfoTest" tests="8" skipped="0" failures="0" errors="0" timestamp="2021-10-17T02:05:56" hostname="runner-cs1zem-v-project-47-concurrent-0" time="0.464">
  <properties/>
  <testcase name="testIso()" classname="com.cedarsoft.photos.tools.exif.ExifInfoTest" time="0.264"/>
  <testcase name="testExposure()" classname="com.cedarsoft.photos.tools.exif.ExifInfoTest" time="0.046"/>
  <testcase name="testCrop()" classname="com.cedarsoft.photos.tools.exif.ExifInfoTest" time="0.004"/>
  <testcase name="testDate()" classname="com.cedarsoft.photos.tools.exif.ExifInfoTest" time="0.111"/>
  <testcase name="testImNu()" classname="com.cedarsoft.photos.tools.exif.ExifInfoTest" time="0.012"/>
  <testcase name="testLens()" classname="com.cedarsoft.photos.tools.exif.ExifInfoTest" time="0.005"/>
  <testcase name="testCamera()" classname="com.cedarsoft.photos.tools.exif.ExifInfoTest" time="0.004"/>
  <testcase name="testAperture()" classname="com.cedarsoft.photos.tools.exif.ExifInfoTest" time="0.002"/>
  <system-out><![CDATA[]]></system-out>
  <system-err><![CDATA[]]></system-err>
</testsuite>
