<?xml version="1.0" encoding="UTF-8"?>
<testsuite name="com.cedarsoft.photos.SplitHashTest" tests="1" skipped="0" failures="0" errors="0" timestamp="2021-04-02T02:05:33" hostname="runner-kggansxr-project-47-concurrent-0" time="0.006">
  <properties/>
  <testcase name="basic()" classname="com.cedarsoft.photos.SplitHashTest" time="0.006"/>
  <system-out><![CDATA[]]></system-out>
  <system-err><![CDATA[]]></system-err>
</testsuite>
