<?xml version="1.0" encoding="UTF-8"?>
<testsuite name="com.cedarsoft.photos.ImportReportTest" tests="3" skipped="0" failures="0" errors="0" timestamp="2021-02-19T03:21:24" hostname="runner-pgnkb89--project-47-concurrent-0" time="0.988">
  <properties/>
  <testcase name="log()" classname="com.cedarsoft.photos.ImportReportTest" time="0.162"/>
  <testcase name="basic()" classname="com.cedarsoft.photos.ImportReportTest" time="0.738"/>
  <testcase name="builder()" classname="com.cedarsoft.photos.ImportReportTest" time="0.077"/>
  <system-out><![CDATA[]]></system-out>
  <system-err><![CDATA[Feb 19, 2021 3:21:24 AM com.cedarsoft.photos.ImportReportTest log
WARNING: asdf
]]></system-err>
</testsuite>
