<?xml version="1.0" encoding="UTF-8"?>
<testsuite name="com.cedarsoft.photos.tools.exif.ExifInfoTest" tests="8" skipped="0" failures="0" errors="0" timestamp="2021-11-15T03:09:15" hostname="runner-ioxloixu-project-47-concurrent-0" time="0.189">
  <properties/>
  <testcase name="testIso()" classname="com.cedarsoft.photos.tools.exif.ExifInfoTest" time="0.098"/>
  <testcase name="testExposure()" classname="com.cedarsoft.photos.tools.exif.ExifInfoTest" time="0.008"/>
  <testcase name="testCrop()" classname="com.cedarsoft.photos.tools.exif.ExifInfoTest" time="0.005"/>
  <testcase name="testDate()" classname="com.cedarsoft.photos.tools.exif.ExifInfoTest" time="0.027"/>
  <testcase name="testImNu()" classname="com.cedarsoft.photos.tools.exif.ExifInfoTest" time="0.008"/>
  <testcase name="testLens()" classname="com.cedarsoft.photos.tools.exif.ExifInfoTest" time="0.017"/>
  <testcase name="testCamera()" classname="com.cedarsoft.photos.tools.exif.ExifInfoTest" time="0.006"/>
  <testcase name="testAperture()" classname="com.cedarsoft.photos.tools.exif.ExifInfoTest" time="0.003"/>
  <system-out><![CDATA[]]></system-out>
  <system-err><![CDATA[]]></system-err>
</testsuite>
