<?xml version="1.0" encoding="UTF-8"?>
<testsuite name="com.cedarsoft.photos.ImportReportTest" tests="3" skipped="0" failures="0" errors="0" timestamp="2022-01-14T03:09:30" hostname="runner-ioxloixu-project-47-concurrent-0" time="0.112">
  <properties/>
  <testcase name="log()" classname="com.cedarsoft.photos.ImportReportTest" time="0.012"/>
  <testcase name="basic()" classname="com.cedarsoft.photos.ImportReportTest" time="0.057"/>
  <testcase name="builder()" classname="com.cedarsoft.photos.ImportReportTest" time="0.017"/>
  <system-out><![CDATA[]]></system-out>
  <system-err><![CDATA[Jan 14, 2022 3:09:30 AM com.cedarsoft.photos.ImportReportTest log
WARNING: asdf
]]></system-err>
</testsuite>
