<?xml version="1.0" encoding="UTF-8"?>
<testsuite name="com.cedarsoft.photos.ImportReportTest" tests="3" skipped="0" failures="0" errors="0" timestamp="2021-03-13T03:05:12" hostname="runner-cs1zem-v-project-47-concurrent-0" time="0.054">
  <properties/>
  <testcase name="log()" classname="com.cedarsoft.photos.ImportReportTest" time="0.002"/>
  <testcase name="basic()" classname="com.cedarsoft.photos.ImportReportTest" time="0.045"/>
  <testcase name="builder()" classname="com.cedarsoft.photos.ImportReportTest" time="0.005"/>
  <system-out><![CDATA[]]></system-out>
  <system-err><![CDATA[Mar 13, 2021 3:05:12 AM com.cedarsoft.photos.ImportReportTest log
WARNING: asdf
]]></system-err>
</testsuite>
