<?xml version="1.0" encoding="UTF-8"?>
<testsuite name="com.cedarsoft.photos.ImportReportTest" tests="3" skipped="0" failures="0" errors="0" timestamp="2021-11-10T11:19:46" hostname="runner-ioxloixu-project-47-concurrent-0" time="0.063">
  <properties/>
  <testcase name="log()" classname="com.cedarsoft.photos.ImportReportTest" time="0.001"/>
  <testcase name="basic()" classname="com.cedarsoft.photos.ImportReportTest" time="0.051"/>
  <testcase name="builder()" classname="com.cedarsoft.photos.ImportReportTest" time="0.006"/>
  <system-out><![CDATA[]]></system-out>
  <system-err><![CDATA[Nov 10, 2021 11:19:46 AM com.cedarsoft.photos.ImportReportTest log
WARNING: asdf
]]></system-err>
</testsuite>
