<?xml version="1.0" encoding="UTF-8"?>
<testsuite name="com.cedarsoft.photos.ImportReportTest" tests="3" skipped="0" failures="0" errors="0" timestamp="2021-03-03T03:05:36" hostname="runner-pgnkb89--project-47-concurrent-0" time="0.695">
  <properties/>
  <testcase name="log()" classname="com.cedarsoft.photos.ImportReportTest" time="0.049"/>
  <testcase name="basic()" classname="com.cedarsoft.photos.ImportReportTest" time="0.541"/>
  <testcase name="builder()" classname="com.cedarsoft.photos.ImportReportTest" time="0.093"/>
  <system-out><![CDATA[]]></system-out>
  <system-err><![CDATA[Mar 03, 2021 3:05:36 AM com.cedarsoft.photos.ImportReportTest log
WARNING: asdf
]]></system-err>
</testsuite>
