<?xml version="1.0" encoding="UTF-8"?>
<testsuite name="com.cedarsoft.photos.ImportReportTest" tests="3" skipped="0" failures="0" errors="0" timestamp="2022-01-20T03:09:25" hostname="runner-ioxloixu-project-47-concurrent-0" time="0.11">
  <properties/>
  <testcase name="log()" classname="com.cedarsoft.photos.ImportReportTest" time="0.009"/>
  <testcase name="basic()" classname="com.cedarsoft.photos.ImportReportTest" time="0.074"/>
  <testcase name="builder()" classname="com.cedarsoft.photos.ImportReportTest" time="0.018"/>
  <system-out><![CDATA[]]></system-out>
  <system-err><![CDATA[Jan 20, 2022 3:09:25 AM com.cedarsoft.photos.ImportReportTest log
WARNING: asdf
]]></system-err>
</testsuite>
