<?xml version="1.0" encoding="UTF-8"?>
<testsuite name="com.cedarsoft.photos.SplitHashTest" tests="1" skipped="0" failures="0" errors="0" timestamp="2021-11-23T03:09:44" hostname="runner-cs1zem-v-project-47-concurrent-0" time="1.156">
  <properties/>
  <testcase name="basic()" classname="com.cedarsoft.photos.SplitHashTest" time="1.156"/>
  <system-out><![CDATA[]]></system-out>
  <system-err><![CDATA[]]></system-err>
</testsuite>
