<?xml version="1.0" encoding="UTF-8"?>
<testsuite name="com.cedarsoft.photos.ImportReportTest" tests="3" skipped="0" failures="0" errors="0" timestamp="2021-10-16T02:05:55" hostname="runner-cs1zem-v-project-47-concurrent-0" time="0.065">
  <properties/>
  <testcase name="log()" classname="com.cedarsoft.photos.ImportReportTest" time="0.014"/>
  <testcase name="basic()" classname="com.cedarsoft.photos.ImportReportTest" time="0.033"/>
  <testcase name="builder()" classname="com.cedarsoft.photos.ImportReportTest" time="0.004"/>
  <system-out><![CDATA[]]></system-out>
  <system-err><![CDATA[Oct 16, 2021 2:05:55 AM com.cedarsoft.photos.ImportReportTest log
WARNING: asdf
]]></system-err>
</testsuite>
