<?xml version="1.0" encoding="UTF-8"?>
<testsuite name="com.cedarsoft.photos.tools.exif.ExifInfo2Test" tests="8" skipped="0" failures="0" errors="0" timestamp="2022-02-11T03:10:28" hostname="runner-cs1zem-v-project-47-concurrent-0" time="0.734">
  <properties/>
  <testcase name="testIso()" classname="com.cedarsoft.photos.tools.exif.ExifInfo2Test" time="0.41"/>
  <testcase name="testExposure()" classname="com.cedarsoft.photos.tools.exif.ExifInfo2Test" time="0.015"/>
  <testcase name="testCrop()" classname="com.cedarsoft.photos.tools.exif.ExifInfo2Test" time="0.031"/>
  <testcase name="testDate()" classname="com.cedarsoft.photos.tools.exif.ExifInfo2Test" time="0.139"/>
  <testcase name="testImNu()" classname="com.cedarsoft.photos.tools.exif.ExifInfo2Test" time="0.018"/>
  <testcase name="testLens()" classname="com.cedarsoft.photos.tools.exif.ExifInfo2Test" time="0.016"/>
  <testcase name="testCamera()" classname="com.cedarsoft.photos.tools.exif.ExifInfo2Test" time="0.005"/>
  <testcase name="testAperture()" classname="com.cedarsoft.photos.tools.exif.ExifInfo2Test" time="0.007"/>
  <system-out><![CDATA[]]></system-out>
  <system-err><![CDATA[]]></system-err>
</testsuite>
