<?xml version="1.0" encoding="UTF-8"?>
<testsuite name="com.cedarsoft.photos.tools.exif.ExifInfo3Test" tests="7" skipped="0" failures="0" errors="0" timestamp="2022-02-10T17:15:25" hostname="runner-ioxloixu-project-47-concurrent-1" time="0.059">
  <properties/>
  <testcase name="testIso()" classname="com.cedarsoft.photos.tools.exif.ExifInfo3Test" time="0.005"/>
  <testcase name="testExposure()" classname="com.cedarsoft.photos.tools.exif.ExifInfo3Test" time="0.011"/>
  <testcase name="testCrop()" classname="com.cedarsoft.photos.tools.exif.ExifInfo3Test" time="0.003"/>
  <testcase name="testDate()" classname="com.cedarsoft.photos.tools.exif.ExifInfo3Test" time="0.003"/>
  <testcase name="testLens()" classname="com.cedarsoft.photos.tools.exif.ExifInfo3Test" time="0.003"/>
  <testcase name="testCamera()" classname="com.cedarsoft.photos.tools.exif.ExifInfo3Test" time="0.003"/>
  <testcase name="testAperture()" classname="com.cedarsoft.photos.tools.exif.ExifInfo3Test" time="0.014"/>
  <system-out><![CDATA[]]></system-out>
  <system-err><![CDATA[]]></system-err>
</testsuite>
