<?xml version="1.0" encoding="UTF-8"?>
<testsuite name="com.cedarsoft.photos.ImportReportTest" tests="3" skipped="0" failures="0" errors="0" timestamp="2021-01-18T03:20:56" hostname="runner-cs1zem-v-project-47-concurrent-0" time="0.05">
  <properties/>
  <testcase name="log()" classname="com.cedarsoft.photos.ImportReportTest" time="0.008"/>
  <testcase name="basic()" classname="com.cedarsoft.photos.ImportReportTest" time="0.023"/>
  <testcase name="builder()" classname="com.cedarsoft.photos.ImportReportTest" time="0.01"/>
  <system-out><![CDATA[]]></system-out>
  <system-err><![CDATA[Jan 18, 2021 3:20:56 AM com.cedarsoft.photos.ImportReportTest log
WARNING: asdf
]]></system-err>
</testsuite>
