<?xml version="1.0" encoding="UTF-8"?>
<testsuite name="com.cedarsoft.photos.LinkByDateCreatorTest" tests="1" skipped="0" failures="0" errors="0" timestamp="2021-06-30T02:06:15" hostname="runner-kggansxr-project-47-concurrent-0" time="0.016">
  <properties/>
  <testcase name="suffx()" classname="com.cedarsoft.photos.LinkByDateCreatorTest" time="0.016"/>
  <system-out><![CDATA[]]></system-out>
  <system-err><![CDATA[]]></system-err>
</testsuite>
