<?xml version="1.0" encoding="UTF-8"?>
<testsuite name="com.cedarsoft.photos.ImportReportTest" tests="3" skipped="0" failures="0" errors="0" timestamp="2021-07-09T02:06:06" hostname="runner-cs1zem-v-project-47-concurrent-0" time="0.076">
  <properties/>
  <testcase name="log()" classname="com.cedarsoft.photos.ImportReportTest" time="0.029"/>
  <testcase name="basic()" classname="com.cedarsoft.photos.ImportReportTest" time="0.03"/>
  <testcase name="builder()" classname="com.cedarsoft.photos.ImportReportTest" time="0.015"/>
  <system-out><![CDATA[]]></system-out>
  <system-err><![CDATA[Jul 09, 2021 2:06:06 AM com.cedarsoft.photos.ImportReportTest log
WARNING: asdf
]]></system-err>
</testsuite>
