<?xml version="1.0" encoding="UTF-8"?>
<testsuite name="com.cedarsoft.photos.ImportReportTest" tests="3" skipped="0" failures="0" errors="0" timestamp="2021-12-30T03:09:33" hostname="runner-cs1zem-v-project-47-concurrent-0" time="0.116">
  <properties/>
  <testcase name="log()" classname="com.cedarsoft.photos.ImportReportTest" time="0.01"/>
  <testcase name="basic()" classname="com.cedarsoft.photos.ImportReportTest" time="0.077"/>
  <testcase name="builder()" classname="com.cedarsoft.photos.ImportReportTest" time="0.025"/>
  <system-out><![CDATA[]]></system-out>
  <system-err><![CDATA[Dec 30, 2021 3:09:33 AM com.cedarsoft.photos.ImportReportTest log
WARNING: asdf
]]></system-err>
</testsuite>
