<?xml version="1.0" encoding="UTF-8"?>
<testsuite name="com.cedarsoft.photos.ImportReportTest" tests="3" skipped="0" failures="0" errors="0" timestamp="2021-06-13T02:06:31" hostname="runner-kggansxr-project-47-concurrent-0" time="0.116">
  <properties/>
  <testcase name="log()" classname="com.cedarsoft.photos.ImportReportTest" time="0.015"/>
  <testcase name="basic()" classname="com.cedarsoft.photos.ImportReportTest" time="0.071"/>
  <testcase name="builder()" classname="com.cedarsoft.photos.ImportReportTest" time="0.023"/>
  <system-out><![CDATA[]]></system-out>
  <system-err><![CDATA[Jun 13, 2021 2:06:31 AM com.cedarsoft.photos.ImportReportTest log
WARNING: asdf
]]></system-err>
</testsuite>
