<?xml version="1.0" encoding="UTF-8"?>
<testsuite name="com.cedarsoft.photos.tools.exif.ExifInfo2Test" tests="8" skipped="0" failures="0" errors="0" timestamp="2022-01-03T03:09:44" hostname="runner-cs1zem-v-project-47-concurrent-0" time="0.688">
  <properties/>
  <testcase name="testIso()" classname="com.cedarsoft.photos.tools.exif.ExifInfo2Test" time="0.442"/>
  <testcase name="testExposure()" classname="com.cedarsoft.photos.tools.exif.ExifInfo2Test" time="0.013"/>
  <testcase name="testCrop()" classname="com.cedarsoft.photos.tools.exif.ExifInfo2Test" time="0.015"/>
  <testcase name="testDate()" classname="com.cedarsoft.photos.tools.exif.ExifInfo2Test" time="0.102"/>
  <testcase name="testImNu()" classname="com.cedarsoft.photos.tools.exif.ExifInfo2Test" time="0.017"/>
  <testcase name="testLens()" classname="com.cedarsoft.photos.tools.exif.ExifInfo2Test" time="0.009"/>
  <testcase name="testCamera()" classname="com.cedarsoft.photos.tools.exif.ExifInfo2Test" time="0.025"/>
  <testcase name="testAperture()" classname="com.cedarsoft.photos.tools.exif.ExifInfo2Test" time="0.016"/>
  <system-out><![CDATA[]]></system-out>
  <system-err><![CDATA[]]></system-err>
</testsuite>
