<?xml version="1.0" encoding="UTF-8"?>
<testsuite name="com.cedarsoft.photos.ImportReportTest" tests="3" skipped="0" failures="0" errors="0" timestamp="2021-03-04T03:05:38" hostname="runner-pgnkb89--project-47-concurrent-0" time="0.837">
  <properties/>
  <testcase name="log()" classname="com.cedarsoft.photos.ImportReportTest" time="0.103"/>
  <testcase name="basic()" classname="com.cedarsoft.photos.ImportReportTest" time="0.637"/>
  <testcase name="builder()" classname="com.cedarsoft.photos.ImportReportTest" time="0.086"/>
  <system-out><![CDATA[]]></system-out>
  <system-err><![CDATA[Mar 04, 2021 3:05:38 AM com.cedarsoft.photos.ImportReportTest log
WARNING: asdf
]]></system-err>
</testsuite>
