<?xml version="1.0" encoding="UTF-8"?>
<testsuite name="com.cedarsoft.photos.ImportReportTest" tests="3" skipped="0" failures="0" errors="0" timestamp="2021-04-26T02:05:32" hostname="runner-cs1zem-v-project-47-concurrent-0" time="0.107">
  <properties/>
  <testcase name="log()" classname="com.cedarsoft.photos.ImportReportTest" time="0.013"/>
  <testcase name="basic()" classname="com.cedarsoft.photos.ImportReportTest" time="0.066"/>
  <testcase name="builder()" classname="com.cedarsoft.photos.ImportReportTest" time="0.021"/>
  <system-out><![CDATA[]]></system-out>
  <system-err><![CDATA[Apr 26, 2021 2:05:32 AM com.cedarsoft.photos.ImportReportTest log
WARNING: asdf
]]></system-err>
</testsuite>
