<?xml version="1.0" encoding="UTF-8"?>
<testsuite name="com.cedarsoft.photos.ImportReportTest" tests="3" skipped="0" failures="0" errors="0" timestamp="2021-12-18T03:10:15" hostname="runner-cs1zem-v-project-47-concurrent-0" time="0.106">
  <properties/>
  <testcase name="log()" classname="com.cedarsoft.photos.ImportReportTest" time="0.017"/>
  <testcase name="basic()" classname="com.cedarsoft.photos.ImportReportTest" time="0.067"/>
  <testcase name="builder()" classname="com.cedarsoft.photos.ImportReportTest" time="0.007"/>
  <system-out><![CDATA[]]></system-out>
  <system-err><![CDATA[Dec 18, 2021 3:10:15 AM com.cedarsoft.photos.ImportReportTest log
WARNING: asdf
]]></system-err>
</testsuite>
