<?xml version="1.0" encoding="UTF-8"?>
<testsuite name="com.cedarsoft.photos.ImageStorageTest" tests="3" skipped="0" failures="0" errors="0" timestamp="2021-12-17T03:09:29" hostname="runner-cs1zem-v-project-47-concurrent-0" time="1.051">
  <properties/>
  <testcase name="delete()" classname="com.cedarsoft.photos.ImageStorageTest" time="1.025"/>
  <testcase name="basic()" classname="com.cedarsoft.photos.ImageStorageTest" time="0.016"/>
  <testcase name="dataFile()" classname="com.cedarsoft.photos.ImageStorageTest" time="0.005"/>
  <system-out><![CDATA[]]></system-out>
  <system-err><![CDATA[]]></system-err>
</testsuite>
