<?xml version="1.0" encoding="UTF-8"?>
<testsuite name="com.cedarsoft.photos.ImportReportTest" tests="3" skipped="0" failures="0" errors="0" timestamp="2021-05-06T02:05:50" hostname="runner-cs1zem-v-project-47-concurrent-0" time="0.109">
  <properties/>
  <testcase name="log()" classname="com.cedarsoft.photos.ImportReportTest" time="0.002"/>
  <testcase name="basic()" classname="com.cedarsoft.photos.ImportReportTest" time="0.053"/>
  <testcase name="builder()" classname="com.cedarsoft.photos.ImportReportTest" time="0.026"/>
  <system-out><![CDATA[]]></system-out>
  <system-err><![CDATA[May 06, 2021 2:05:50 AM com.cedarsoft.photos.ImportReportTest log
WARNING: asdf
]]></system-err>
</testsuite>
