<?xml version="1.0" encoding="UTF-8"?>
<testsuite name="com.cedarsoft.photos.tools.exif.ExifToolTest" tests="1" skipped="1" failures="0" errors="0" timestamp="2022-02-10T17:15:26" hostname="runner-ioxloixu-project-47-concurrent-1" time="0.004">
  <properties/>
  <testcase name="testClearRotation(TemporaryFolder)" classname="com.cedarsoft.photos.tools.exif.ExifToolTest" time="0.004">
    <skipped/>
  </testcase>
  <system-out><![CDATA[]]></system-out>
  <system-err><![CDATA[]]></system-err>
</testsuite>
