<?xml version="1.0" encoding="UTF-8"?>
<testsuite name="com.cedarsoft.photos.tools.exif.ExifExtracterTest" tests="1" skipped="1" failures="0" errors="0" timestamp="2021-03-05T03:05:31" hostname="runner-pgnkb89--project-47-concurrent-0" time="0.001">
  <properties/>
  <testcase name="testIt()" classname="com.cedarsoft.photos.tools.exif.ExifExtracterTest" time="0.001">
    <skipped/>
  </testcase>
  <system-out><![CDATA[]]></system-out>
  <system-err><![CDATA[]]></system-err>
</testsuite>
