<?xml version="1.0" encoding="UTF-8"?>
<testsuite name="com.cedarsoft.photos.LinkByDateCreatorTest" tests="1" skipped="0" failures="0" errors="0" timestamp="2021-10-17T02:05:54" hostname="runner-cs1zem-v-project-47-concurrent-0" time="0.011">
  <properties/>
  <testcase name="suffx()" classname="com.cedarsoft.photos.LinkByDateCreatorTest" time="0.011"/>
  <system-out><![CDATA[]]></system-out>
  <system-err><![CDATA[]]></system-err>
</testsuite>
