<?xml version="1.0" encoding="UTF-8"?>
<testsuite name="com.cedarsoft.photos.tools.exif.ExifInfo2Test" tests="8" skipped="0" failures="0" errors="0" timestamp="2021-04-23T02:05:26" hostname="runner-cs1zem-v-project-47-concurrent-0" time="0.182">
  <properties/>
  <testcase name="testIso()" classname="com.cedarsoft.photos.tools.exif.ExifInfo2Test" time="0.007"/>
  <testcase name="testExposure()" classname="com.cedarsoft.photos.tools.exif.ExifInfo2Test" time="0.013"/>
  <testcase name="testCrop()" classname="com.cedarsoft.photos.tools.exif.ExifInfo2Test" time="0.019"/>
  <testcase name="testDate()" classname="com.cedarsoft.photos.tools.exif.ExifInfo2Test" time="0.03"/>
  <testcase name="testImNu()" classname="com.cedarsoft.photos.tools.exif.ExifInfo2Test" time="0.013"/>
  <testcase name="testLens()" classname="com.cedarsoft.photos.tools.exif.ExifInfo2Test" time="0.009"/>
  <testcase name="testCamera()" classname="com.cedarsoft.photos.tools.exif.ExifInfo2Test" time="0.016"/>
  <testcase name="testAperture()" classname="com.cedarsoft.photos.tools.exif.ExifInfo2Test" time="0.042"/>
  <system-out><![CDATA[]]></system-out>
  <system-err><![CDATA[]]></system-err>
</testsuite>
