<?xml version="1.0" encoding="UTF-8"?>
<testsuite name="com.cedarsoft.photos.ImportReportTest" tests="3" skipped="0" failures="0" errors="0" timestamp="2021-08-09T02:07:39" hostname="runner-kggansxr-project-47-concurrent-0" time="0.175">
  <properties/>
  <testcase name="log()" classname="com.cedarsoft.photos.ImportReportTest" time="0.024"/>
  <testcase name="basic()" classname="com.cedarsoft.photos.ImportReportTest" time="0.109"/>
  <testcase name="builder()" classname="com.cedarsoft.photos.ImportReportTest" time="0.036"/>
  <system-out><![CDATA[]]></system-out>
  <system-err><![CDATA[Aug 09, 2021 2:07:39 AM com.cedarsoft.photos.ImportReportTest log
WARNING: asdf
]]></system-err>
</testsuite>
