<?xml version="1.0" encoding="UTF-8"?>
<testsuite name="com.cedarsoft.photos.ImportReportTest" tests="3" skipped="0" failures="0" errors="0" timestamp="2021-11-06T03:06:02" hostname="runner-cs1zem-v-project-47-concurrent-0" time="0.038">
  <properties/>
  <testcase name="log()" classname="com.cedarsoft.photos.ImportReportTest" time="0.003"/>
  <testcase name="basic()" classname="com.cedarsoft.photos.ImportReportTest" time="0.019"/>
  <testcase name="builder()" classname="com.cedarsoft.photos.ImportReportTest" time="0.014"/>
  <system-out><![CDATA[]]></system-out>
  <system-err><![CDATA[Nov 06, 2021 3:06:02 AM com.cedarsoft.photos.ImportReportTest log
WARNING: asdf
]]></system-err>
</testsuite>
