<?xml version="1.0" encoding="UTF-8"?>
<testsuite name="com.cedarsoft.photos.tools.exif.ExifInfo3Test" tests="7" skipped="0" failures="0" errors="0" timestamp="2021-01-12T17:32:42" hostname="runner-cs1zem-v-project-47-concurrent-0" time="0.047">
  <properties/>
  <testcase name="testIso()" classname="com.cedarsoft.photos.tools.exif.ExifInfo3Test" time="0.005"/>
  <testcase name="testExposure()" classname="com.cedarsoft.photos.tools.exif.ExifInfo3Test" time="0.004"/>
  <testcase name="testCrop()" classname="com.cedarsoft.photos.tools.exif.ExifInfo3Test" time="0.002"/>
  <testcase name="testDate()" classname="com.cedarsoft.photos.tools.exif.ExifInfo3Test" time="0.002"/>
  <testcase name="testLens()" classname="com.cedarsoft.photos.tools.exif.ExifInfo3Test" time="0.028"/>
  <testcase name="testCamera()" classname="com.cedarsoft.photos.tools.exif.ExifInfo3Test" time="0.002"/>
  <testcase name="testAperture()" classname="com.cedarsoft.photos.tools.exif.ExifInfo3Test" time="0.002"/>
  <system-out><![CDATA[]]></system-out>
  <system-err><![CDATA[]]></system-err>
</testsuite>
