<?xml version="1.0" encoding="UTF-8"?>
<testsuite name="com.cedarsoft.photos.tools.imagemagick.ConvertTest" tests="1" skipped="0" failures="0" errors="0" timestamp="2022-02-10T17:15:26" hostname="runner-ioxloixu-project-47-concurrent-1" time="0.966">
  <properties/>
  <testcase name="basic(TemporaryFolder)" classname="com.cedarsoft.photos.tools.imagemagick.ConvertTest" time="0.966"/>
  <system-out><![CDATA[]]></system-out>
  <system-err><![CDATA[]]></system-err>
</testsuite>
