<?xml version="1.0" encoding="UTF-8"?>
<testsuite name="com.cedarsoft.photos.ImportReportTest" tests="3" skipped="0" failures="0" errors="0" timestamp="2021-06-20T02:06:32" hostname="runner-kggansxr-project-47-concurrent-0" time="0.119">
  <properties/>
  <testcase name="log()" classname="com.cedarsoft.photos.ImportReportTest" time="0.006"/>
  <testcase name="basic()" classname="com.cedarsoft.photos.ImportReportTest" time="0.077"/>
  <testcase name="builder()" classname="com.cedarsoft.photos.ImportReportTest" time="0.023"/>
  <system-out><![CDATA[]]></system-out>
  <system-err><![CDATA[Jun 20, 2021 2:06:32 AM com.cedarsoft.photos.ImportReportTest log
WARNING: asdf
]]></system-err>
</testsuite>
