<?xml version="1.0" encoding="UTF-8"?>
<testsuite name="com.cedarsoft.photos.ImportReportTest" tests="3" skipped="0" failures="0" errors="0" timestamp="2021-06-10T02:05:29" hostname="runner-cs1zem-v-project-47-concurrent-0" time="0.136">
  <properties/>
  <testcase name="log()" classname="com.cedarsoft.photos.ImportReportTest" time="0.005"/>
  <testcase name="basic()" classname="com.cedarsoft.photos.ImportReportTest" time="0.121"/>
  <testcase name="builder()" classname="com.cedarsoft.photos.ImportReportTest" time="0.008"/>
  <system-out><![CDATA[]]></system-out>
  <system-err><![CDATA[Jun 10, 2021 2:05:29 AM com.cedarsoft.photos.ImportReportTest log
WARNING: asdf
]]></system-err>
</testsuite>
