<?xml version="1.0" encoding="UTF-8"?>
<testsuite name="com.cedarsoft.photos.ImageStorageTest" tests="3" skipped="0" failures="0" errors="0" timestamp="2021-09-27T02:05:54" hostname="runner-cs1zem-v-project-47-concurrent-0" time="0.307">
  <properties/>
  <testcase name="delete()" classname="com.cedarsoft.photos.ImageStorageTest" time="0.269"/>
  <testcase name="basic()" classname="com.cedarsoft.photos.ImageStorageTest" time="0.013"/>
  <testcase name="dataFile()" classname="com.cedarsoft.photos.ImageStorageTest" time="0.017"/>
  <system-out><![CDATA[]]></system-out>
  <system-err><![CDATA[]]></system-err>
</testsuite>
