<?xml version="1.0" encoding="UTF-8"?>
<testsuite name="com.cedarsoft.photos.tools.exif.ExifInfoTest" tests="8" skipped="0" failures="0" errors="0" timestamp="2021-08-12T02:05:53" hostname="runner-cs1zem-v-project-47-concurrent-0" time="0.386">
  <properties/>
  <testcase name="testIso()" classname="com.cedarsoft.photos.tools.exif.ExifInfoTest" time="0.21"/>
  <testcase name="testExposure()" classname="com.cedarsoft.photos.tools.exif.ExifInfoTest" time="0.04"/>
  <testcase name="testCrop()" classname="com.cedarsoft.photos.tools.exif.ExifInfoTest" time="0.003"/>
  <testcase name="testDate()" classname="com.cedarsoft.photos.tools.exif.ExifInfoTest" time="0.069"/>
  <testcase name="testImNu()" classname="com.cedarsoft.photos.tools.exif.ExifInfoTest" time="0.003"/>
  <testcase name="testLens()" classname="com.cedarsoft.photos.tools.exif.ExifInfoTest" time="0.003"/>
  <testcase name="testCamera()" classname="com.cedarsoft.photos.tools.exif.ExifInfoTest" time="0.004"/>
  <testcase name="testAperture()" classname="com.cedarsoft.photos.tools.exif.ExifInfoTest" time="0.008"/>
  <system-out><![CDATA[]]></system-out>
  <system-err><![CDATA[]]></system-err>
</testsuite>
