<?xml version="1.0" encoding="UTF-8"?>
<testsuite name="com.cedarsoft.photos.ImportReportTest" tests="3" skipped="0" failures="0" errors="0" timestamp="2021-11-13T03:09:33" hostname="runner-ioxloixu-project-47-concurrent-0" time="0.063">
  <properties/>
  <testcase name="log()" classname="com.cedarsoft.photos.ImportReportTest" time="0.001"/>
  <testcase name="basic()" classname="com.cedarsoft.photos.ImportReportTest" time="0.058"/>
  <testcase name="builder()" classname="com.cedarsoft.photos.ImportReportTest" time="0.003"/>
  <system-out><![CDATA[]]></system-out>
  <system-err><![CDATA[Nov 13, 2021 3:09:33 AM com.cedarsoft.photos.ImportReportTest log
WARNING: asdf
]]></system-err>
</testsuite>
