<?xml version="1.0" encoding="UTF-8"?>
<testsuite name="com.cedarsoft.photos.ImportReportTest" tests="3" skipped="0" failures="0" errors="0" timestamp="2021-03-01T03:21:47" hostname="runner-pgnkb89--project-47-concurrent-0" time="1.094">
  <properties/>
  <testcase name="log()" classname="com.cedarsoft.photos.ImportReportTest" time="0.118"/>
  <testcase name="basic()" classname="com.cedarsoft.photos.ImportReportTest" time="0.879"/>
  <testcase name="builder()" classname="com.cedarsoft.photos.ImportReportTest" time="0.076"/>
  <system-out><![CDATA[]]></system-out>
  <system-err><![CDATA[Mar 01, 2021 3:21:47 AM com.cedarsoft.photos.ImportReportTest log
WARNING: asdf
]]></system-err>
</testsuite>
