<?xml version="1.0" encoding="UTF-8"?>
<testsuite name="com.cedarsoft.photos.ImportReportTest" tests="3" skipped="0" failures="0" errors="0" timestamp="2021-04-02T02:05:33" hostname="runner-kggansxr-project-47-concurrent-0" time="0.104">
  <properties/>
  <testcase name="log()" classname="com.cedarsoft.photos.ImportReportTest" time="0.026"/>
  <testcase name="basic()" classname="com.cedarsoft.photos.ImportReportTest" time="0.049"/>
  <testcase name="builder()" classname="com.cedarsoft.photos.ImportReportTest" time="0.017"/>
  <system-out><![CDATA[]]></system-out>
  <system-err><![CDATA[Apr 02, 2021 2:05:33 AM com.cedarsoft.photos.ImportReportTest log
WARNING: asdf
]]></system-err>
</testsuite>
