<?xml version="1.0" encoding="UTF-8"?>
<testsuite name="com.cedarsoft.photos.ImportReportTest" tests="3" skipped="0" failures="0" errors="0" timestamp="2021-12-11T03:09:22" hostname="runner-ioxloixu-project-47-concurrent-0" time="0.046">
  <properties/>
  <testcase name="log()" classname="com.cedarsoft.photos.ImportReportTest" time="0.007"/>
  <testcase name="basic()" classname="com.cedarsoft.photos.ImportReportTest" time="0.022"/>
  <testcase name="builder()" classname="com.cedarsoft.photos.ImportReportTest" time="0.006"/>
  <system-out><![CDATA[]]></system-out>
  <system-err><![CDATA[Dec 11, 2021 3:09:22 AM com.cedarsoft.photos.ImportReportTest log
WARNING: asdf
]]></system-err>
</testsuite>
