<?xml version="1.0" encoding="UTF-8"?>
<testsuite name="com.cedarsoft.photos.tools.imagemagick.ConvertTest" tests="1" skipped="0" failures="0" errors="0" timestamp="2022-01-26T03:09:27" hostname="runner-ioxloixu-project-47-concurrent-0" time="0.796">
  <properties/>
  <testcase name="basic(TemporaryFolder)" classname="com.cedarsoft.photos.tools.imagemagick.ConvertTest" time="0.796"/>
  <system-out><![CDATA[]]></system-out>
  <system-err><![CDATA[]]></system-err>
</testsuite>
