<?xml version="1.0" encoding="UTF-8"?>
<testsuite name="com.cedarsoft.photos.ImportReportTest" tests="3" skipped="0" failures="0" errors="0" timestamp="2021-04-09T02:04:56" hostname="runner-cs1zem-v-project-47-concurrent-0" time="0.052">
  <properties/>
  <testcase name="log()" classname="com.cedarsoft.photos.ImportReportTest" time="0.011"/>
  <testcase name="basic()" classname="com.cedarsoft.photos.ImportReportTest" time="0.025"/>
  <testcase name="builder()" classname="com.cedarsoft.photos.ImportReportTest" time="0.013"/>
  <system-out><![CDATA[]]></system-out>
  <system-err><![CDATA[Apr 09, 2021 2:04:56 AM com.cedarsoft.photos.ImportReportTest log
WARNING: asdf
]]></system-err>
</testsuite>
