<?xml version="1.0" encoding="UTF-8"?>
<testsuite name="com.cedarsoft.photos.ImportReportTest" tests="3" skipped="0" failures="0" errors="0" timestamp="2021-08-19T02:06:35" hostname="runner-kggansxr-project-47-concurrent-0" time="0.142">
  <properties/>
  <testcase name="log()" classname="com.cedarsoft.photos.ImportReportTest" time="0.033"/>
  <testcase name="basic()" classname="com.cedarsoft.photos.ImportReportTest" time="0.054"/>
  <testcase name="builder()" classname="com.cedarsoft.photos.ImportReportTest" time="0.028"/>
  <system-out><![CDATA[]]></system-out>
  <system-err><![CDATA[Aug 19, 2021 2:06:35 AM com.cedarsoft.photos.ImportReportTest log
WARNING: asdf
]]></system-err>
</testsuite>
