<?xml version="1.0" encoding="UTF-8"?>
<testsuite name="com.cedarsoft.photos.tools.exif.ExifInfo2Test" tests="8" skipped="0" failures="0" errors="0" timestamp="2021-08-08T02:06:25" hostname="runner-kggansxr-project-47-concurrent-0" time="0.598">
  <properties/>
  <testcase name="testIso()" classname="com.cedarsoft.photos.tools.exif.ExifInfo2Test" time="0.354"/>
  <testcase name="testExposure()" classname="com.cedarsoft.photos.tools.exif.ExifInfo2Test" time="0.051"/>
  <testcase name="testCrop()" classname="com.cedarsoft.photos.tools.exif.ExifInfo2Test" time="0.009"/>
  <testcase name="testDate()" classname="com.cedarsoft.photos.tools.exif.ExifInfo2Test" time="0.109"/>
  <testcase name="testImNu()" classname="com.cedarsoft.photos.tools.exif.ExifInfo2Test" time="0.019"/>
  <testcase name="testLens()" classname="com.cedarsoft.photos.tools.exif.ExifInfo2Test" time="0.008"/>
  <testcase name="testCamera()" classname="com.cedarsoft.photos.tools.exif.ExifInfo2Test" time="0.008"/>
  <testcase name="testAperture()" classname="com.cedarsoft.photos.tools.exif.ExifInfo2Test" time="0.007"/>
  <system-out><![CDATA[]]></system-out>
  <system-err><![CDATA[]]></system-err>
</testsuite>
