<?xml version="1.0" encoding="UTF-8"?>
<testsuite name="com.cedarsoft.photos.ImportReportTest" tests="3" skipped="0" failures="0" errors="0" timestamp="2021-10-18T02:06:12" hostname="runner-cs1zem-v-project-47-concurrent-0" time="0.061">
  <properties/>
  <testcase name="log()" classname="com.cedarsoft.photos.ImportReportTest" time="0.005"/>
  <testcase name="basic()" classname="com.cedarsoft.photos.ImportReportTest" time="0.047"/>
  <testcase name="builder()" classname="com.cedarsoft.photos.ImportReportTest" time="0.005"/>
  <system-out><![CDATA[]]></system-out>
  <system-err><![CDATA[Oct 18, 2021 2:06:12 AM com.cedarsoft.photos.ImportReportTest log
WARNING: asdf
]]></system-err>
</testsuite>
