<?xml version="1.0" encoding="UTF-8"?>
<testsuite name="com.cedarsoft.photos.ImportReportTest" tests="3" skipped="0" failures="0" errors="0" timestamp="2021-01-27T03:20:50" hostname="runner-pgnkb89--project-47-concurrent-0" time="0.728">
  <properties/>
  <testcase name="log()" classname="com.cedarsoft.photos.ImportReportTest" time="0.091"/>
  <testcase name="basic()" classname="com.cedarsoft.photos.ImportReportTest" time="0.549"/>
  <testcase name="builder()" classname="com.cedarsoft.photos.ImportReportTest" time="0.079"/>
  <system-out><![CDATA[]]></system-out>
  <system-err><![CDATA[Jan 27, 2021 3:20:50 AM com.cedarsoft.photos.ImportReportTest log
WARNING: asdf
]]></system-err>
</testsuite>
