<?xml version="1.0" encoding="UTF-8"?>
<testsuite name="com.cedarsoft.photos.ImageStorageTest" tests="3" skipped="0" failures="0" errors="0" timestamp="2021-03-10T03:04:52" hostname="runner-cs1zem-v-project-47-concurrent-0" time="0.247">
  <properties/>
  <testcase name="delete()" classname="com.cedarsoft.photos.ImageStorageTest" time="0.234"/>
  <testcase name="basic()" classname="com.cedarsoft.photos.ImageStorageTest" time="0.007"/>
  <testcase name="dataFile()" classname="com.cedarsoft.photos.ImageStorageTest" time="0.003"/>
  <system-out><![CDATA[]]></system-out>
  <system-err><![CDATA[]]></system-err>
</testsuite>
